# Time          4.0000E+01
# Units: Mol/g solid
    Distance        Kaol-Na          Kaol-K           Kaol-Ca          Kaol-Mg         
       5.0000E-03       3.9214E-12       2.9584E-13       7.9839E-11       3.9562E-11
       1.5000E-02       3.9207E-12       2.9565E-13       7.9888E-11       3.9514E-11
       2.5000E-02       3.9200E-12       2.9545E-13       7.9933E-11       3.9468E-11
       3.5000E-02       3.9193E-12       2.9526E-13       7.9976E-11       3.9426E-11
       4.5000E-02       3.9187E-12       2.9508E-13       8.0015E-11       3.9388E-11
       5.5000E-02       3.9181E-12       2.9489E-13       8.0050E-11       3.9354E-11
       6.5000E-02       3.9175E-12       2.9471E-13       8.0081E-11       3.9323E-11
       7.5000E-02       3.9170E-12       2.9453E-13       8.0107E-11       3.9297E-11
       8.5000E-02       3.9165E-12       2.9435E-13       8.0130E-11       3.9275E-11
       9.5000E-02       3.9160E-12       2.9417E-13       8.0148E-11       3.9257E-11
       1.0500E-01       3.9155E-12       2.9399E-13       8.0163E-11       3.9243E-11
       1.1500E-01       3.9150E-12       2.9382E-13       8.0174E-11       3.9232E-11
       1.2500E-01       3.9146E-12       2.9365E-13       8.0183E-11       3.9223E-11
       1.3500E-01       3.9142E-12       2.9348E-13       8.0190E-11       3.9217E-11
       1.4500E-01       3.9138E-12       2.9331E-13       8.0194E-11       3.9212E-11
       1.5500E-01       3.9134E-12       2.9315E-13       8.0198E-11       3.9209E-11
       1.6500E-01       3.9130E-12       2.9299E-13       8.0200E-11       3.9207E-11
       1.7500E-01       3.9127E-12       2.9283E-13       8.0201E-11       3.9206E-11
       1.8500E-01       3.9123E-12       2.9268E-13       8.0202E-11       3.9206E-11
       1.9500E-01       3.9120E-12       2.9253E-13       8.0202E-11       3.9206E-11
       2.0500E-01       3.9117E-12       2.9239E-13       8.0201E-11       3.9207E-11
       2.1500E-01       3.9115E-12       2.9226E-13       8.0198E-11       3.9210E-11
       2.2500E-01       3.9113E-12       2.9216E-13       8.0194E-11       3.9214E-11
       2.3500E-01       3.9111E-12       2.9207E-13       8.0187E-11       3.9221E-11
       2.4500E-01       3.9111E-12       2.9203E-13       8.0176E-11       3.9233E-11
       2.5500E-01       1.8432E-06       1.3763E-07       3.7777E-05       1.8498E-05
       2.6500E-01       1.8433E-06       1.3763E-07       3.7768E-05       1.8506E-05
       2.7500E-01       1.8433E-06       1.3763E-07       3.7760E-05       1.8514E-05
       2.8500E-01       1.8434E-06       1.3764E-07       3.7753E-05       1.8522E-05
       2.9500E-01       1.8434E-06       1.3764E-07       3.7745E-05       1.8529E-05
       3.0500E-01       1.8434E-06       1.3764E-07       3.7738E-05       1.8536E-05
       3.1500E-01       1.8435E-06       1.3764E-07       3.7731E-05       1.8543E-05
       3.2500E-01       1.8435E-06       1.3765E-07       3.7725E-05       1.8550E-05
       3.3500E-01       1.8435E-06       1.3765E-07       3.7719E-05       1.8556E-05
       3.4500E-01       1.8436E-06       1.3765E-07       3.7713E-05       1.8561E-05
       3.5500E-01       1.8436E-06       1.3765E-07       3.7708E-05       1.8567E-05
       3.6500E-01       1.8436E-06       1.3765E-07       3.7703E-05       1.8572E-05
       3.7500E-01       1.8436E-06       1.3766E-07       3.7698E-05       1.8576E-05
       3.8500E-01       1.8437E-06       1.3766E-07       3.7694E-05       1.8580E-05
       3.9500E-01       1.8437E-06       1.3766E-07       3.7691E-05       1.8584E-05
       4.0500E-01       1.8437E-06       1.3766E-07       3.7687E-05       1.8587E-05
       4.1500E-01       1.8437E-06       1.3766E-07       3.7684E-05       1.8590E-05
       4.2500E-01       1.8437E-06       1.3766E-07       3.7682E-05       1.8592E-05
       4.3500E-01       1.8437E-06       1.3766E-07       3.7680E-05       1.8595E-05
       4.4500E-01       1.8437E-06       1.3766E-07       3.7678E-05       1.8597E-05
       4.5500E-01       1.8437E-06       1.3766E-07       3.7676E-05       1.8598E-05
       4.6500E-01       1.8438E-06       1.3766E-07       3.7675E-05       1.8600E-05
       4.7500E-01       1.8438E-06       1.3766E-07       3.7673E-05       1.8601E-05
       4.8500E-01       1.8438E-06       1.3766E-07       3.7673E-05       1.8602E-05
       4.9500E-01       1.8438E-06       1.3766E-07       3.7672E-05       1.8603E-05
       5.0500E-01       1.8438E-06       1.3766E-07       3.7671E-05       1.8603E-05
       5.1500E-01       1.8438E-06       1.3766E-07       3.7670E-05       1.8604E-05
       5.2500E-01       1.8438E-06       1.3766E-07       3.7670E-05       1.8604E-05
       5.3500E-01       1.8438E-06       1.3766E-07       3.7670E-05       1.8605E-05
       5.4500E-01       1.8438E-06       1.3766E-07       3.7669E-05       1.8605E-05
       5.5500E-01       1.8438E-06       1.3766E-07       3.7669E-05       1.8605E-05
       5.6500E-01       1.8438E-06       1.3766E-07       3.7669E-05       1.8605E-05
       5.7500E-01       1.8438E-06       1.3766E-07       3.7669E-05       1.8605E-05
       5.8500E-01       1.8438E-06       1.3766E-07       3.7669E-05       1.8605E-05
       5.9500E-01       1.8438E-06       1.3766E-07       3.7669E-05       1.8606E-05
       6.0500E-01       1.8438E-06       1.3765E-07       3.7669E-05       1.8606E-05
       6.1500E-01       1.8438E-06       1.3765E-07       3.7669E-05       1.8606E-05
       6.2500E-01       1.8438E-06       1.3765E-07       3.7669E-05       1.8606E-05
       6.3500E-01       1.8438E-06       1.3765E-07       3.7669E-05       1.8606E-05
       6.4500E-01       1.8438E-06       1.3765E-07       3.7669E-05       1.8606E-05
       6.5500E-01       1.8438E-06       1.3765E-07       3.7669E-05       1.8606E-05
       6.6500E-01       1.8438E-06       1.3765E-07       3.7669E-05       1.8606E-05
       6.7500E-01       1.8438E-06       1.3765E-07       3.7669E-05       1.8606E-05
       6.8500E-01       1.8438E-06       1.3765E-07       3.7669E-05       1.8606E-05
       6.9500E-01       1.8438E-06       1.3764E-07       3.7669E-05       1.8606E-05
       7.0500E-01       1.8438E-06       1.3764E-07       3.7669E-05       1.8606E-05
       7.1500E-01       1.8438E-06       1.3764E-07       3.7669E-05       1.8606E-05
       7.2500E-01       1.8438E-06       1.3764E-07       3.7669E-05       1.8606E-05
       7.3500E-01       1.8438E-06       1.3764E-07       3.7669E-05       1.8606E-05
       7.4500E-01       1.8438E-06       1.3764E-07       3.7669E-05       1.8606E-05
       7.5500E-01       1.8438E-06       1.3763E-07       3.7669E-05       1.8606E-05
       7.6500E-01       1.8438E-06       1.3763E-07       3.7669E-05       1.8606E-05
       7.7500E-01       1.8438E-06       1.3763E-07       3.7669E-05       1.8606E-05
       7.8500E-01       1.8438E-06       1.3763E-07       3.7669E-05       1.8606E-05
       7.9500E-01       1.8438E-06       1.3763E-07       3.7669E-05       1.8606E-05
       8.0500E-01       1.8438E-06       1.3762E-07       3.7669E-05       1.8606E-05
       8.1500E-01       1.8438E-06       1.3762E-07       3.7669E-05       1.8606E-05
       8.2500E-01       1.8438E-06       1.3762E-07       3.7669E-05       1.8606E-05
       8.3500E-01       1.8438E-06       1.3761E-07       3.7669E-05       1.8606E-05
       8.4500E-01       1.8438E-06       1.3761E-07       3.7669E-05       1.8606E-05
       8.5500E-01       1.8438E-06       1.3761E-07       3.7669E-05       1.8606E-05
       8.6500E-01       1.8438E-06       1.3761E-07       3.7669E-05       1.8606E-05
       8.7500E-01       1.8438E-06       1.3760E-07       3.7669E-05       1.8606E-05
       8.8500E-01       1.8438E-06       1.3760E-07       3.7669E-05       1.8606E-05
       8.9500E-01       1.8438E-06       1.3759E-07       3.7669E-05       1.8606E-05
       9.0500E-01       1.8437E-06       1.3759E-07       3.7669E-05       1.8606E-05
       9.1500E-01       1.8437E-06       1.3759E-07       3.7669E-05       1.8606E-05
       9.2500E-01       1.8437E-06       1.3758E-07       3.7669E-05       1.8606E-05
       9.3500E-01       1.8437E-06       1.3758E-07       3.7669E-05       1.8606E-05
       9.4500E-01       1.8437E-06       1.3757E-07       3.7669E-05       1.8606E-05
       9.5500E-01       1.8437E-06       1.3757E-07       3.7669E-05       1.8606E-05
       9.6500E-01       1.8437E-06       1.3756E-07       3.7669E-05       1.8606E-05
       9.7500E-01       1.8437E-06       1.3755E-07       3.7669E-05       1.8606E-05
       9.8500E-01       1.8437E-06       1.3755E-07       3.7669E-05       1.8606E-05
       9.9500E-01       1.8437E-06       1.3754E-07       3.7669E-05       1.8606E-05
       1.0050E+00       1.8437E-06       1.3754E-07       3.7669E-05       1.8606E-05
       1.0150E+00       1.8437E-06       1.3753E-07       3.7669E-05       1.8606E-05
       1.0250E+00       1.8437E-06       1.3752E-07       3.7669E-05       1.8606E-05
       1.0350E+00       1.8437E-06       1.3751E-07       3.7669E-05       1.8606E-05
       1.0450E+00       1.8437E-06       1.3750E-07       3.7669E-05       1.8606E-05
       1.0550E+00       1.8437E-06       1.3750E-07       3.7669E-05       1.8606E-05
       1.0650E+00       1.8437E-06       1.3749E-07       3.7669E-05       1.8606E-05
       1.0750E+00       1.8437E-06       1.3748E-07       3.7669E-05       1.8606E-05
       1.0850E+00       1.8437E-06       1.3747E-07       3.7669E-05       1.8606E-05
       1.0950E+00       1.8437E-06       1.3746E-07       3.7669E-05       1.8606E-05
       1.1050E+00       1.8437E-06       1.3744E-07       3.7669E-05       1.8606E-05
       1.1150E+00       1.8437E-06       1.3743E-07       3.7669E-05       1.8606E-05
       1.1250E+00       1.8437E-06       1.3742E-07       3.7669E-05       1.8606E-05
       1.1350E+00       1.8437E-06       1.3741E-07       3.7669E-05       1.8606E-05
       1.1450E+00       1.8437E-06       1.3739E-07       3.7669E-05       1.8606E-05
       1.1550E+00       1.8437E-06       1.3738E-07       3.7669E-05       1.8606E-05
       1.1650E+00       1.8436E-06       1.3736E-07       3.7669E-05       1.8606E-05
       1.1750E+00       1.8436E-06       1.3735E-07       3.7669E-05       1.8606E-05
       1.1850E+00       1.8436E-06       1.3733E-07       3.7669E-05       1.8606E-05
       1.1950E+00       1.8436E-06       1.3731E-07       3.7669E-05       1.8606E-05
       1.2050E+00       1.8436E-06       1.3729E-07       3.7669E-05       1.8606E-05
       1.2150E+00       1.8436E-06       1.3728E-07       3.7669E-05       1.8606E-05
       1.2250E+00       1.8436E-06       1.3726E-07       3.7669E-05       1.8606E-05
       1.2350E+00       1.8436E-06       1.3723E-07       3.7669E-05       1.8606E-05
       1.2450E+00       1.8436E-06       1.3721E-07       3.7669E-05       1.8606E-05
       1.2550E+00       1.8436E-06       1.3719E-07       3.7669E-05       1.8606E-05
       1.2650E+00       1.8436E-06       1.3717E-07       3.7669E-05       1.8606E-05
       1.2750E+00       1.8436E-06       1.3714E-07       3.7669E-05       1.8606E-05
       1.2850E+00       1.8435E-06       1.3711E-07       3.7669E-05       1.8606E-05
       1.2950E+00       1.8435E-06       1.3709E-07       3.7669E-05       1.8606E-05
       1.3050E+00       1.8435E-06       1.3706E-07       3.7669E-05       1.8606E-05
       1.3150E+00       1.8435E-06       1.3703E-07       3.7669E-05       1.8606E-05
       1.3250E+00       1.8435E-06       1.3700E-07       3.7669E-05       1.8606E-05
       1.3350E+00       1.8435E-06       1.3696E-07       3.7669E-05       1.8606E-05
       1.3450E+00       1.8435E-06       1.3693E-07       3.7669E-05       1.8606E-05
       1.3550E+00       1.8434E-06       1.3689E-07       3.7669E-05       1.8606E-05
       1.3650E+00       1.8434E-06       1.3686E-07       3.7669E-05       1.8606E-05
       1.3750E+00       1.8434E-06       1.3682E-07       3.7669E-05       1.8606E-05
       1.3850E+00       1.8434E-06       1.3678E-07       3.7669E-05       1.8606E-05
       1.3950E+00       1.8434E-06       1.3674E-07       3.7669E-05       1.8606E-05
       1.4050E+00       1.8434E-06       1.3669E-07       3.7669E-05       1.8606E-05
       1.4150E+00       1.8433E-06       1.3665E-07       3.7669E-05       1.8606E-05
       1.4250E+00       1.8433E-06       1.3660E-07       3.7669E-05       1.8606E-05
       1.4350E+00       1.8433E-06       1.3655E-07       3.7669E-05       1.8606E-05
       1.4450E+00       1.8433E-06       1.3650E-07       3.7669E-05       1.8606E-05
       1.4550E+00       1.8432E-06       1.3644E-07       3.7669E-05       1.8606E-05
       1.4650E+00       1.8432E-06       1.3639E-07       3.7669E-05       1.8606E-05
       1.4750E+00       1.8432E-06       1.3633E-07       3.7669E-05       1.8606E-05
       1.4850E+00       1.8432E-06       1.3627E-07       3.7669E-05       1.8606E-05
       1.4950E+00       1.8431E-06       1.3621E-07       3.7669E-05       1.8606E-05
       1.5050E+00       1.8431E-06       1.3614E-07       3.7669E-05       1.8606E-05
       1.5150E+00       1.8431E-06       1.3607E-07       3.7669E-05       1.8606E-05
       1.5250E+00       1.8431E-06       1.3600E-07       3.7669E-05       1.8606E-05
       1.5350E+00       1.8430E-06       1.3593E-07       3.7669E-05       1.8606E-05
       1.5450E+00       1.8430E-06       1.3586E-07       3.7669E-05       1.8606E-05
       1.5550E+00       1.8430E-06       1.3578E-07       3.7669E-05       1.8606E-05
       1.5650E+00       1.8429E-06       1.3570E-07       3.7669E-05       1.8606E-05
       1.5750E+00       1.8429E-06       1.3561E-07       3.7669E-05       1.8606E-05
       1.5850E+00       1.8428E-06       1.3553E-07       3.7669E-05       1.8606E-05
       1.5950E+00       1.8428E-06       1.3544E-07       3.7669E-05       1.8606E-05
       1.6050E+00       1.8428E-06       1.3534E-07       3.7669E-05       1.8606E-05
       1.6150E+00       1.8427E-06       1.3525E-07       3.7670E-05       1.8606E-05
       1.6250E+00       1.8427E-06       1.3515E-07       3.7670E-05       1.8607E-05
       1.6350E+00       1.8426E-06       1.3505E-07       3.7670E-05       1.8607E-05
       1.6450E+00       1.8426E-06       1.3494E-07       3.7670E-05       1.8607E-05
       1.6550E+00       1.8425E-06       1.3483E-07       3.7670E-05       1.8607E-05
       1.6650E+00       1.8425E-06       1.3472E-07       3.7670E-05       1.8607E-05
       1.6750E+00       1.8424E-06       1.3460E-07       3.7670E-05       1.8607E-05
       1.6850E+00       1.8424E-06       1.3448E-07       3.7670E-05       1.8607E-05
       1.6950E+00       1.8423E-06       1.3436E-07       3.7670E-05       1.8607E-05
       1.7050E+00       1.8423E-06       1.3423E-07       3.7670E-05       1.8607E-05
       1.7150E+00       1.8422E-06       1.3410E-07       3.7670E-05       1.8607E-05
       1.7250E+00       1.8422E-06       1.3396E-07       3.7670E-05       1.8607E-05
       1.7350E+00       1.8421E-06       1.3382E-07       3.7670E-05       1.8607E-05
       1.7450E+00       1.8420E-06       1.3368E-07       3.7670E-05       1.8607E-05
       1.7550E+00       1.8420E-06       1.3353E-07       3.7670E-05       1.8607E-05
       1.7650E+00       1.8419E-06       1.3338E-07       3.7670E-05       1.8607E-05
       1.7750E+00       1.8418E-06       1.3323E-07       3.7670E-05       1.8607E-05
       1.7850E+00       1.8418E-06       1.3307E-07       3.7670E-05       1.8607E-05
       1.7950E+00       1.8417E-06       1.3290E-07       3.7671E-05       1.8607E-05
       1.8050E+00       1.8416E-06       1.3273E-07       3.7671E-05       1.8607E-05
       1.8150E+00       1.8415E-06       1.3256E-07       3.7671E-05       1.8607E-05
       1.8250E+00       1.8415E-06       1.3238E-07       3.7671E-05       1.8607E-05
       1.8350E+00       1.8414E-06       1.3220E-07       3.7671E-05       1.8607E-05
       1.8450E+00       1.8413E-06       1.3202E-07       3.7671E-05       1.8607E-05
       1.8550E+00       1.8412E-06       1.3182E-07       3.7671E-05       1.8607E-05
       1.8650E+00       1.8411E-06       1.3163E-07       3.7671E-05       1.8608E-05
       1.8750E+00       1.8410E-06       1.3143E-07       3.7671E-05       1.8608E-05
       1.8850E+00       1.8410E-06       1.3122E-07       3.7671E-05       1.8608E-05
       1.8950E+00       1.8409E-06       1.3101E-07       3.7671E-05       1.8608E-05
       1.9050E+00       1.8408E-06       1.3080E-07       3.7671E-05       1.8608E-05
       1.9150E+00       1.8407E-06       1.3058E-07       3.7672E-05       1.8608E-05
       1.9250E+00       1.8406E-06       1.3036E-07       3.7672E-05       1.8608E-05
       1.9350E+00       1.8405E-06       1.3013E-07       3.7672E-05       1.8608E-05
       1.9450E+00       1.8404E-06       1.2990E-07       3.7672E-05       1.8608E-05
       1.9550E+00       1.8403E-06       1.2966E-07       3.7672E-05       1.8608E-05
       1.9650E+00       1.8402E-06       1.2941E-07       3.7672E-05       1.8608E-05
       1.9750E+00       1.8400E-06       1.2917E-07       3.7672E-05       1.8608E-05
       1.9850E+00       1.8399E-06       1.2891E-07       3.7672E-05       1.8608E-05
       1.9950E+00       1.8398E-06       1.2866E-07       3.7672E-05       1.8608E-05
       2.0050E+00       1.8397E-06       1.2840E-07       3.7672E-05       1.8608E-05
       2.0150E+00       1.8396E-06       1.2813E-07       3.7673E-05       1.8609E-05
       2.0250E+00       1.8395E-06       1.2786E-07       3.7673E-05       1.8609E-05
       2.0350E+00       1.8393E-06       1.2758E-07       3.7673E-05       1.8609E-05
       2.0450E+00       1.8392E-06       1.2730E-07       3.7673E-05       1.8609E-05
       2.0550E+00       1.8391E-06       1.2702E-07       3.7673E-05       1.8609E-05
       2.0650E+00       1.8389E-06       1.2673E-07       3.7673E-05       1.8609E-05
       2.0750E+00       1.8388E-06       1.2643E-07       3.7673E-05       1.8609E-05
       2.0850E+00       1.8387E-06       1.2613E-07       3.7673E-05       1.8609E-05
       2.0950E+00       1.8385E-06       1.2583E-07       3.7674E-05       1.8609E-05
       2.1050E+00       1.8384E-06       1.2552E-07       3.7674E-05       1.8609E-05
       2.1150E+00       1.8383E-06       1.2521E-07       3.7674E-05       1.8609E-05
       2.1250E+00       1.8381E-06       1.2490E-07       3.7674E-05       1.8609E-05
       2.1350E+00       1.8380E-06       1.2458E-07       3.7674E-05       1.8610E-05
       2.1450E+00       1.8378E-06       1.2425E-07       3.7674E-05       1.8610E-05
       2.1550E+00       1.8377E-06       1.2392E-07       3.7674E-05       1.8610E-05
       2.1650E+00       1.8375E-06       1.2359E-07       3.7675E-05       1.8610E-05
       2.1750E+00       1.8374E-06       1.2325E-07       3.7675E-05       1.8610E-05
       2.1850E+00       1.8372E-06       1.2291E-07       3.7675E-05       1.8610E-05
       2.1950E+00       1.8370E-06       1.2257E-07       3.7675E-05       1.8610E-05
       2.2050E+00       1.8369E-06       1.2222E-07       3.7675E-05       1.8610E-05
       2.2150E+00       1.8367E-06       1.2187E-07       3.7675E-05       1.8610E-05
       2.2250E+00       1.8365E-06       1.2152E-07       3.7675E-05       1.8610E-05
       2.2350E+00       1.8364E-06       1.2116E-07       3.7676E-05       1.8611E-05
       2.2450E+00       1.8362E-06       1.2080E-07       3.7676E-05       1.8611E-05
       2.2550E+00       1.8360E-06       1.2043E-07       3.7676E-05       1.8611E-05
       2.2650E+00       1.8359E-06       1.2007E-07       3.7676E-05       1.8611E-05
       2.2750E+00       1.8357E-06       1.1970E-07       3.7676E-05       1.8611E-05
       2.2850E+00       1.8355E-06       1.1932E-07       3.7676E-05       1.8611E-05
       2.2950E+00       1.8353E-06       1.1895E-07       3.7677E-05       1.8611E-05
       2.3050E+00       1.8351E-06       1.1857E-07       3.7677E-05       1.8611E-05
       2.3150E+00       1.8349E-06       1.1819E-07       3.7677E-05       1.8611E-05
       2.3250E+00       1.8348E-06       1.1781E-07       3.7677E-05       1.8612E-05
       2.3350E+00       1.8346E-06       1.1742E-07       3.7677E-05       1.8612E-05
       2.3450E+00       1.8344E-06       1.1704E-07       3.7677E-05       1.8612E-05
       2.3550E+00       1.8342E-06       1.1665E-07       3.7678E-05       1.8612E-05
       2.3650E+00       1.8340E-06       1.1626E-07       3.7678E-05       1.8612E-05
       2.3750E+00       1.8338E-06       1.1587E-07       3.7678E-05       1.8612E-05
       2.3850E+00       1.8336E-06       1.1547E-07       3.7678E-05       1.8612E-05
       2.3950E+00       1.8334E-06       1.1508E-07       3.7678E-05       1.8612E-05
       2.4050E+00       1.8332E-06       1.1468E-07       3.7679E-05       1.8613E-05
       2.4150E+00       1.8330E-06       1.1428E-07       3.7679E-05       1.8613E-05
       2.4250E+00       1.8328E-06       1.1389E-07       3.7679E-05       1.8613E-05
       2.4350E+00       1.8326E-06       1.1349E-07       3.7679E-05       1.8613E-05
       2.4450E+00       1.8324E-06       1.1309E-07       3.7679E-05       1.8613E-05
       2.4550E+00       1.8321E-06       1.1269E-07       3.7679E-05       1.8613E-05
       2.4650E+00       1.8319E-06       1.1229E-07       3.7680E-05       1.8613E-05
       2.4750E+00       1.8317E-06       1.1189E-07       3.7680E-05       1.8613E-05
       2.4850E+00       1.8315E-06       1.1149E-07       3.7680E-05       1.8614E-05
       2.4950E+00       1.8313E-06       1.1109E-07       3.7680E-05       1.8614E-05
       2.5050E+00       1.8310E-06       1.1069E-07       3.7680E-05       1.8614E-05
       2.5150E+00       1.8308E-06       1.1029E-07       3.7681E-05       1.8614E-05
       2.5250E+00       1.8306E-06       1.0989E-07       3.7681E-05       1.8614E-05
       2.5350E+00       1.8304E-06       1.0949E-07       3.7681E-05       1.8614E-05
       2.5450E+00       1.8301E-06       1.0909E-07       3.7681E-05       1.8614E-05
       2.5550E+00       1.8299E-06       1.0869E-07       3.7681E-05       1.8614E-05
       2.5650E+00       1.8297E-06       1.0830E-07       3.7681E-05       1.8615E-05
       2.5750E+00       1.8294E-06       1.0790E-07       3.7682E-05       1.8615E-05
       2.5850E+00       1.8292E-06       1.0751E-07       3.7682E-05       1.8615E-05
       2.5950E+00       1.8289E-06       1.0712E-07       3.7682E-05       1.8615E-05
       2.6050E+00       1.8287E-06       1.0673E-07       3.7682E-05       1.8615E-05
       2.6150E+00       1.8285E-06       1.0634E-07       3.7682E-05       1.8615E-05
       2.6250E+00       1.8282E-06       1.0595E-07       3.7683E-05       1.8615E-05
       2.6350E+00       1.8280E-06       1.0557E-07       3.7683E-05       1.8615E-05
       2.6450E+00       1.8277E-06       1.0519E-07       3.7683E-05       1.8616E-05
       2.6550E+00       1.8275E-06       1.0481E-07       3.7683E-05       1.8616E-05
       2.6650E+00       1.8272E-06       1.0443E-07       3.7683E-05       1.8616E-05
       2.6750E+00       1.8269E-06       1.0405E-07       3.7684E-05       1.8616E-05
       2.6850E+00       1.8267E-06       1.0368E-07       3.7684E-05       1.8616E-05
       2.6950E+00       1.8264E-06       1.0331E-07       3.7684E-05       1.8616E-05
       2.7050E+00       1.8261E-06       1.0294E-07       3.7684E-05       1.8616E-05
       2.7150E+00       1.8259E-06       1.0258E-07       3.7684E-05       1.8616E-05
       2.7250E+00       1.8256E-06       1.0222E-07       3.7685E-05       1.8617E-05
       2.7350E+00       1.8253E-06       1.0186E-07       3.7685E-05       1.8617E-05
       2.7450E+00       1.8250E-06       1.0150E-07       3.7685E-05       1.8617E-05
       2.7550E+00       1.8248E-06       1.0115E-07       3.7685E-05       1.8617E-05
       2.7650E+00       1.8245E-06       1.0080E-07       3.7685E-05       1.8617E-05
       2.7750E+00       1.8242E-06       1.0046E-07       3.7685E-05       1.8617E-05
       2.7850E+00       1.8239E-06       1.0012E-07       3.7686E-05       1.8617E-05
       2.7950E+00       1.8236E-06       9.9780E-08       3.7686E-05       1.8617E-05
       2.8050E+00       1.8233E-06       9.9446E-08       3.7686E-05       1.8618E-05
       2.8150E+00       1.8230E-06       9.9116E-08       3.7686E-05       1.8618E-05
       2.8250E+00       1.8227E-06       9.8790E-08       3.7686E-05       1.8618E-05
       2.8350E+00       1.8224E-06       9.8468E-08       3.7687E-05       1.8618E-05
       2.8450E+00       1.8221E-06       9.8149E-08       3.7687E-05       1.8618E-05
       2.8550E+00       1.8217E-06       9.7836E-08       3.7687E-05       1.8618E-05
       2.8650E+00       1.8214E-06       9.7526E-08       3.7687E-05       1.8618E-05
       2.8750E+00       1.8211E-06       9.7221E-08       3.7687E-05       1.8618E-05
       2.8850E+00       1.8208E-06       9.6922E-08       3.7688E-05       1.8619E-05
       2.8950E+00       1.8205E-06       9.6627E-08       3.7688E-05       1.8619E-05
       2.9050E+00       1.8201E-06       9.6339E-08       3.7688E-05       1.8619E-05
       2.9150E+00       1.8198E-06       9.6057E-08       3.7688E-05       1.8619E-05
       2.9250E+00       1.8195E-06       9.5783E-08       3.7688E-05       1.8619E-05
       2.9350E+00       1.8191E-06       9.5519E-08       3.7688E-05       1.8619E-05
       2.9450E+00       1.8188E-06       9.5267E-08       3.7689E-05       1.8619E-05
       2.9550E+00       1.8185E-06       9.5032E-08       3.7689E-05       1.8619E-05
       2.9650E+00       1.8183E-06       9.4817E-08       3.7689E-05       1.8620E-05
       2.9750E+00       1.8180E-06       9.4633E-08       3.7689E-05       1.8620E-05
       2.9850E+00       1.8178E-06       9.4490E-08       3.7689E-05       1.8620E-05
       2.9950E+00       1.8177E-06       9.4405E-08       3.7689E-05       1.8620E-05
