# Time          1.0000E+00
# Units: Bars
    Distance        CO2(g)          
       5.0000E-03       4.5669E-04
       1.5000E-02       4.6938E-04
       2.5000E-02       4.8154E-04
       3.5000E-02       4.9317E-04
       4.5000E-02       5.0427E-04
       5.5000E-02       5.1485E-04
       6.5000E-02       5.2490E-04
       7.5000E-02       5.3442E-04
       8.5000E-02       5.4341E-04
       9.5000E-02       5.5188E-04
       1.0500E-01       5.5982E-04
       1.1500E-01       5.6723E-04
       1.2500E-01       5.7411E-04
       1.3500E-01       5.8046E-04
       1.4500E-01       5.8629E-04
       1.5500E-01       5.9159E-04
       1.6500E-01       5.9637E-04
       1.7500E-01       6.0061E-04
       1.8500E-01       6.0433E-04
       1.9500E-01       6.0753E-04
       2.0500E-01       6.1020E-04
       2.1500E-01       6.1234E-04
       2.2500E-01       6.1395E-04
       2.3500E-01       6.1504E-04
       2.4500E-01       6.1561E-04
       2.5500E-01       6.1564E-04
       2.6500E-01       6.1568E-04
       2.7500E-01       6.1572E-04
       2.8500E-01       6.1575E-04
       2.9500E-01       6.1579E-04
       3.0500E-01       6.1582E-04
       3.1500E-01       6.1586E-04
       3.2500E-01       6.1590E-04
       3.3500E-01       6.1593E-04
       3.4500E-01       6.1597E-04
       3.5500E-01       6.1600E-04
       3.6500E-01       6.1604E-04
       3.7500E-01       6.1608E-04
       3.8500E-01       6.1611E-04
       3.9500E-01       6.1615E-04
       4.0500E-01       6.1618E-04
       4.1500E-01       6.1622E-04
       4.2500E-01       6.1625E-04
       4.3500E-01       6.1629E-04
       4.4500E-01       6.1633E-04
       4.5500E-01       6.1636E-04
       4.6500E-01       6.1640E-04
       4.7500E-01       6.1643E-04
       4.8500E-01       6.1647E-04
       4.9500E-01       6.1650E-04
       5.0500E-01       6.1654E-04
       5.1500E-01       6.1657E-04
       5.2500E-01       6.1661E-04
       5.3500E-01       6.1664E-04
       5.4500E-01       6.1668E-04
       5.5500E-01       6.1671E-04
       5.6500E-01       6.1675E-04
       5.7500E-01       6.1678E-04
       5.8500E-01       6.1681E-04
       5.9500E-01       6.1685E-04
       6.0500E-01       6.1688E-04
       6.1500E-01       6.1692E-04
       6.2500E-01       6.1695E-04
       6.3500E-01       6.1698E-04
       6.4500E-01       6.1702E-04
       6.5500E-01       6.1705E-04
       6.6500E-01       6.1709E-04
       6.7500E-01       6.1712E-04
       6.8500E-01       6.1715E-04
       6.9500E-01       6.1718E-04
       7.0500E-01       6.1722E-04
       7.1500E-01       6.1725E-04
       7.2500E-01       6.1728E-04
       7.3500E-01       6.1732E-04
       7.4500E-01       6.1735E-04
       7.5500E-01       6.1738E-04
       7.6500E-01       6.1741E-04
       7.7500E-01       6.1745E-04
       7.8500E-01       6.1748E-04
       7.9500E-01       6.1751E-04
       8.0500E-01       6.1754E-04
       8.1500E-01       6.1758E-04
       8.2500E-01       6.1761E-04
       8.3500E-01       6.1764E-04
       8.4500E-01       6.1767E-04
       8.5500E-01       6.1770E-04
       8.6500E-01       6.1774E-04
       8.7500E-01       6.1777E-04
       8.8500E-01       6.1780E-04
       8.9500E-01       6.1783E-04
       9.0500E-01       6.1786E-04
       9.1500E-01       6.1789E-04
       9.2500E-01       6.1792E-04
       9.3500E-01       6.1795E-04
       9.4500E-01       6.1799E-04
       9.5500E-01       6.1802E-04
       9.6500E-01       6.1805E-04
       9.7500E-01       6.1808E-04
       9.8500E-01       6.1811E-04
       9.9500E-01       6.1814E-04
       1.0050E+00       6.1817E-04
       1.0150E+00       6.1820E-04
       1.0250E+00       6.1823E-04
       1.0350E+00       6.1826E-04
       1.0450E+00       6.1829E-04
       1.0550E+00       6.1832E-04
       1.0650E+00       6.1835E-04
       1.0750E+00       6.1838E-04
       1.0850E+00       6.1841E-04
       1.0950E+00       6.1844E-04
       1.1050E+00       6.1847E-04
       1.1150E+00       6.1850E-04
       1.1250E+00       6.1853E-04
       1.1350E+00       6.1856E-04
       1.1450E+00       6.1858E-04
       1.1550E+00       6.1861E-04
       1.1650E+00       6.1864E-04
       1.1750E+00       6.1867E-04
       1.1850E+00       6.1870E-04
       1.1950E+00       6.1873E-04
       1.2050E+00       6.1876E-04
       1.2150E+00       6.1878E-04
       1.2250E+00       6.1881E-04
       1.2350E+00       6.1884E-04
       1.2450E+00       6.1887E-04
       1.2550E+00       6.1890E-04
       1.2650E+00       6.1892E-04
       1.2750E+00       6.1895E-04
       1.2850E+00       6.1898E-04
       1.2950E+00       6.1901E-04
       1.3050E+00       6.1903E-04
       1.3150E+00       6.1906E-04
       1.3250E+00       6.1909E-04
       1.3350E+00       6.1911E-04
       1.3450E+00       6.1914E-04
       1.3550E+00       6.1917E-04
       1.3650E+00       6.1919E-04
       1.3750E+00       6.1922E-04
       1.3850E+00       6.1925E-04
       1.3950E+00       6.1927E-04
       1.4050E+00       6.1930E-04
       1.4150E+00       6.1933E-04
       1.4250E+00       6.1935E-04
       1.4350E+00       6.1938E-04
       1.4450E+00       6.1940E-04
       1.4550E+00       6.1943E-04
       1.4650E+00       6.1945E-04
       1.4750E+00       6.1948E-04
       1.4850E+00       6.1950E-04
       1.4950E+00       6.1953E-04
       1.5050E+00       6.1955E-04
       1.5150E+00       6.1958E-04
       1.5250E+00       6.1960E-04
       1.5350E+00       6.1963E-04
       1.5450E+00       6.1965E-04
       1.5550E+00       6.1967E-04
       1.5650E+00       6.1970E-04
       1.5750E+00       6.1972E-04
       1.5850E+00       6.1975E-04
       1.5950E+00       6.1977E-04
       1.6050E+00       6.1979E-04
       1.6150E+00       6.1982E-04
       1.6250E+00       6.1984E-04
       1.6350E+00       6.1986E-04
       1.6450E+00       6.1989E-04
       1.6550E+00       6.1991E-04
       1.6650E+00       6.1993E-04
       1.6750E+00       6.1995E-04
       1.6850E+00       6.1998E-04
       1.6950E+00       6.2000E-04
       1.7050E+00       6.2002E-04
       1.7150E+00       6.2004E-04
       1.7250E+00       6.2006E-04
       1.7350E+00       6.2009E-04
       1.7450E+00       6.2011E-04
       1.7550E+00       6.2013E-04
       1.7650E+00       6.2015E-04
       1.7750E+00       6.2017E-04
       1.7850E+00       6.2019E-04
       1.7950E+00       6.2021E-04
       1.8050E+00       6.2023E-04
       1.8150E+00       6.2025E-04
       1.8250E+00       6.2027E-04
       1.8350E+00       6.2029E-04
       1.8450E+00       6.2031E-04
       1.8550E+00       6.2033E-04
       1.8650E+00       6.2035E-04
       1.8750E+00       6.2037E-04
       1.8850E+00       6.2039E-04
       1.8950E+00       6.2041E-04
       1.9050E+00       6.2043E-04
       1.9150E+00       6.2045E-04
       1.9250E+00       6.2047E-04
       1.9350E+00       6.2049E-04
       1.9450E+00       6.2050E-04
       1.9550E+00       6.2052E-04
       1.9650E+00       6.2054E-04
       1.9750E+00       6.2056E-04
       1.9850E+00       6.2058E-04
       1.9950E+00       6.2059E-04
       2.0050E+00       6.2061E-04
       2.0150E+00       6.2063E-04
       2.0250E+00       6.2065E-04
       2.0350E+00       6.2066E-04
       2.0450E+00       6.2068E-04
       2.0550E+00       6.2070E-04
       2.0650E+00       6.2071E-04
       2.0750E+00       6.2073E-04
       2.0850E+00       6.2075E-04
       2.0950E+00       6.2076E-04
       2.1050E+00       6.2078E-04
       2.1150E+00       6.2079E-04
       2.1250E+00       6.2081E-04
       2.1350E+00       6.2083E-04
       2.1450E+00       6.2084E-04
       2.1550E+00       6.2086E-04
       2.1650E+00       6.2087E-04
       2.1750E+00       6.2089E-04
       2.1850E+00       6.2090E-04
       2.1950E+00       6.2091E-04
       2.2050E+00       6.2093E-04
       2.2150E+00       6.2094E-04
       2.2250E+00       6.2096E-04
       2.2350E+00       6.2097E-04
       2.2450E+00       6.2098E-04
       2.2550E+00       6.2100E-04
       2.2650E+00       6.2101E-04
       2.2750E+00       6.2102E-04
       2.2850E+00       6.2104E-04
       2.2950E+00       6.2105E-04
       2.3050E+00       6.2106E-04
       2.3150E+00       6.2107E-04
       2.3250E+00       6.2109E-04
       2.3350E+00       6.2110E-04
       2.3450E+00       6.2111E-04
       2.3550E+00       6.2112E-04
       2.3650E+00       6.2113E-04
       2.3750E+00       6.2114E-04
       2.3850E+00       6.2116E-04
       2.3950E+00       6.2117E-04
       2.4050E+00       6.2118E-04
       2.4150E+00       6.2119E-04
       2.4250E+00       6.2120E-04
       2.4350E+00       6.2121E-04
       2.4450E+00       6.2122E-04
       2.4550E+00       6.2123E-04
       2.4650E+00       6.2124E-04
       2.4750E+00       6.2125E-04
       2.4850E+00       6.2126E-04
       2.4950E+00       6.2127E-04
       2.5050E+00       6.2128E-04
       2.5150E+00       6.2129E-04
       2.5250E+00       6.2129E-04
       2.5350E+00       6.2130E-04
       2.5450E+00       6.2131E-04
       2.5550E+00       6.2132E-04
       2.5650E+00       6.2133E-04
       2.5750E+00       6.2133E-04
       2.5850E+00       6.2134E-04
       2.5950E+00       6.2135E-04
       2.6050E+00       6.2136E-04
       2.6150E+00       6.2136E-04
       2.6250E+00       6.2137E-04
       2.6350E+00       6.2138E-04
       2.6450E+00       6.2138E-04
       2.6550E+00       6.2139E-04
       2.6650E+00       6.2140E-04
       2.6750E+00       6.2140E-04
       2.6850E+00       6.2141E-04
       2.6950E+00       6.2141E-04
       2.7050E+00       6.2142E-04
       2.7150E+00       6.2143E-04
       2.7250E+00       6.2143E-04
       2.7350E+00       6.2144E-04
       2.7450E+00       6.2144E-04
       2.7550E+00       6.2144E-04
       2.7650E+00       6.2145E-04
       2.7750E+00       6.2145E-04
       2.7850E+00       6.2146E-04
       2.7950E+00       6.2146E-04
       2.8050E+00       6.2146E-04
       2.8150E+00       6.2147E-04
       2.8250E+00       6.2147E-04
       2.8350E+00       6.2147E-04
       2.8450E+00       6.2148E-04
       2.8550E+00       6.2148E-04
       2.8650E+00       6.2148E-04
       2.8750E+00       6.2149E-04
       2.8850E+00       6.2149E-04
       2.8950E+00       6.2149E-04
       2.9050E+00       6.2149E-04
       2.9150E+00       6.2149E-04
       2.9250E+00       6.2149E-04
       2.9350E+00       6.2150E-04
       2.9450E+00       6.2150E-04
       2.9550E+00       6.2150E-04
       2.9650E+00       6.2150E-04
       2.9750E+00       6.2150E-04
       2.9850E+00       6.2150E-04
       2.9950E+00       6.2150E-04
