# Time          1.0000E+00
# Units: mol/m3
    Distance        CO2(g)          
       0.0000E+00       1.8154E-02
       5.0000E-03       1.8424E-02
       1.5000E-02       1.8936E-02
       2.5000E-02       1.9426E-02
       3.5000E-02       1.9895E-02
       4.5000E-02       2.0343E-02
       5.5000E-02       2.0770E-02
       6.5000E-02       2.1175E-02
       7.5000E-02       2.1559E-02
       8.5000E-02       2.1922E-02
       9.5000E-02       2.2264E-02
       1.0500E-01       2.2584E-02
       1.1500E-01       2.2883E-02
       1.2500E-01       2.3161E-02
       1.3500E-01       2.3417E-02
       1.4500E-01       2.3652E-02
       1.5500E-01       2.3866E-02
       1.6500E-01       2.4058E-02
       1.7500E-01       2.4230E-02
       1.8500E-01       2.4380E-02
       1.9500E-01       2.4509E-02
       2.0500E-01       2.4616E-02
       2.1500E-01       2.4703E-02
       2.2500E-01       2.4768E-02
       2.3500E-01       2.4812E-02
       2.4500E-01       2.4835E-02
       2.5500E-01       2.4836E-02
       2.6500E-01       2.4838E-02
       2.7500E-01       2.4839E-02
       2.8500E-01       2.4841E-02
       2.9500E-01       2.4842E-02
       3.0500E-01       2.4843E-02
       3.1500E-01       2.4845E-02
       3.2500E-01       2.4846E-02
       3.3500E-01       2.4848E-02
       3.4500E-01       2.4849E-02
       3.5500E-01       2.4851E-02
       3.6500E-01       2.4852E-02
       3.7500E-01       2.4854E-02
       3.8500E-01       2.4855E-02
       3.9500E-01       2.4856E-02
       4.0500E-01       2.4858E-02
       4.1500E-01       2.4859E-02
       4.2500E-01       2.4861E-02
       4.3500E-01       2.4862E-02
       4.4500E-01       2.4864E-02
       4.5500E-01       2.4865E-02
       4.6500E-01       2.4867E-02
       4.7500E-01       2.4868E-02
       4.8500E-01       2.4869E-02
       4.9500E-01       2.4871E-02
       5.0500E-01       2.4872E-02
       5.1500E-01       2.4874E-02
       5.2500E-01       2.4875E-02
       5.3500E-01       2.4876E-02
       5.4500E-01       2.4878E-02
       5.5500E-01       2.4879E-02
       5.6500E-01       2.4881E-02
       5.7500E-01       2.4882E-02
       5.8500E-01       2.4883E-02
       5.9500E-01       2.4885E-02
       6.0500E-01       2.4886E-02
       6.1500E-01       2.4888E-02
       6.2500E-01       2.4889E-02
       6.3500E-01       2.4890E-02
       6.4500E-01       2.4892E-02
       6.5500E-01       2.4893E-02
       6.6500E-01       2.4894E-02
       6.7500E-01       2.4896E-02
       6.8500E-01       2.4897E-02
       6.9500E-01       2.4898E-02
       7.0500E-01       2.4900E-02
       7.1500E-01       2.4901E-02
       7.2500E-01       2.4902E-02
       7.3500E-01       2.4904E-02
       7.4500E-01       2.4905E-02
       7.5500E-01       2.4906E-02
       7.6500E-01       2.4908E-02
       7.7500E-01       2.4909E-02
       7.8500E-01       2.4910E-02
       7.9500E-01       2.4912E-02
       8.0500E-01       2.4913E-02
       8.1500E-01       2.4914E-02
       8.2500E-01       2.4915E-02
       8.3500E-01       2.4917E-02
       8.4500E-01       2.4918E-02
       8.5500E-01       2.4919E-02
       8.6500E-01       2.4921E-02
       8.7500E-01       2.4922E-02
       8.8500E-01       2.4923E-02
       8.9500E-01       2.4924E-02
       9.0500E-01       2.4926E-02
       9.1500E-01       2.4927E-02
       9.2500E-01       2.4928E-02
       9.3500E-01       2.4929E-02
       9.4500E-01       2.4931E-02
       9.5500E-01       2.4932E-02
       9.6500E-01       2.4933E-02
       9.7500E-01       2.4934E-02
       9.8500E-01       2.4936E-02
       9.9500E-01       2.4937E-02
       1.0050E+00       2.4938E-02
       1.0150E+00       2.4939E-02
       1.0250E+00       2.4940E-02
       1.0350E+00       2.4942E-02
       1.0450E+00       2.4943E-02
       1.0550E+00       2.4944E-02
       1.0650E+00       2.4945E-02
       1.0750E+00       2.4947E-02
       1.0850E+00       2.4948E-02
       1.0950E+00       2.4949E-02
       1.1050E+00       2.4950E-02
       1.1150E+00       2.4951E-02
       1.1250E+00       2.4952E-02
       1.1350E+00       2.4954E-02
       1.1450E+00       2.4955E-02
       1.1550E+00       2.4956E-02
       1.1650E+00       2.4957E-02
       1.1750E+00       2.4958E-02
       1.1850E+00       2.4959E-02
       1.1950E+00       2.4961E-02
       1.2050E+00       2.4962E-02
       1.2150E+00       2.4963E-02
       1.2250E+00       2.4964E-02
       1.2350E+00       2.4965E-02
       1.2450E+00       2.4966E-02
       1.2550E+00       2.4967E-02
       1.2650E+00       2.4969E-02
       1.2750E+00       2.4970E-02
       1.2850E+00       2.4971E-02
       1.2950E+00       2.4972E-02
       1.3050E+00       2.4973E-02
       1.3150E+00       2.4974E-02
       1.3250E+00       2.4975E-02
       1.3350E+00       2.4976E-02
       1.3450E+00       2.4977E-02
       1.3550E+00       2.4978E-02
       1.3650E+00       2.4979E-02
       1.3750E+00       2.4980E-02
       1.3850E+00       2.4982E-02
       1.3950E+00       2.4983E-02
       1.4050E+00       2.4984E-02
       1.4150E+00       2.4985E-02
       1.4250E+00       2.4986E-02
       1.4350E+00       2.4987E-02
       1.4450E+00       2.4988E-02
       1.4550E+00       2.4989E-02
       1.4650E+00       2.4990E-02
       1.4750E+00       2.4991E-02
       1.4850E+00       2.4992E-02
       1.4950E+00       2.4993E-02
       1.5050E+00       2.4994E-02
       1.5150E+00       2.4995E-02
       1.5250E+00       2.4996E-02
       1.5350E+00       2.4997E-02
       1.5450E+00       2.4998E-02
       1.5550E+00       2.4999E-02
       1.5650E+00       2.5000E-02
       1.5750E+00       2.5001E-02
       1.5850E+00       2.5002E-02
       1.5950E+00       2.5003E-02
       1.6050E+00       2.5004E-02
       1.6150E+00       2.5005E-02
       1.6250E+00       2.5005E-02
       1.6350E+00       2.5006E-02
       1.6450E+00       2.5007E-02
       1.6550E+00       2.5008E-02
       1.6650E+00       2.5009E-02
       1.6750E+00       2.5010E-02
       1.6850E+00       2.5011E-02
       1.6950E+00       2.5012E-02
       1.7050E+00       2.5013E-02
       1.7150E+00       2.5014E-02
       1.7250E+00       2.5014E-02
       1.7350E+00       2.5015E-02
       1.7450E+00       2.5016E-02
       1.7550E+00       2.5017E-02
       1.7650E+00       2.5018E-02
       1.7750E+00       2.5019E-02
       1.7850E+00       2.5020E-02
       1.7950E+00       2.5020E-02
       1.8050E+00       2.5021E-02
       1.8150E+00       2.5022E-02
       1.8250E+00       2.5023E-02
       1.8350E+00       2.5024E-02
       1.8450E+00       2.5025E-02
       1.8550E+00       2.5025E-02
       1.8650E+00       2.5026E-02
       1.8750E+00       2.5027E-02
       1.8850E+00       2.5028E-02
       1.8950E+00       2.5028E-02
       1.9050E+00       2.5029E-02
       1.9150E+00       2.5030E-02
       1.9250E+00       2.5031E-02
       1.9350E+00       2.5032E-02
       1.9450E+00       2.5032E-02
       1.9550E+00       2.5033E-02
       1.9650E+00       2.5034E-02
       1.9750E+00       2.5034E-02
       1.9850E+00       2.5035E-02
       1.9950E+00       2.5036E-02
       2.0050E+00       2.5037E-02
       2.0150E+00       2.5037E-02
       2.0250E+00       2.5038E-02
       2.0350E+00       2.5039E-02
       2.0450E+00       2.5039E-02
       2.0550E+00       2.5040E-02
       2.0650E+00       2.5041E-02
       2.0750E+00       2.5041E-02
       2.0850E+00       2.5042E-02
       2.0950E+00       2.5043E-02
       2.1050E+00       2.5043E-02
       2.1150E+00       2.5044E-02
       2.1250E+00       2.5045E-02
       2.1350E+00       2.5045E-02
       2.1450E+00       2.5046E-02
       2.1550E+00       2.5046E-02
       2.1650E+00       2.5047E-02
       2.1750E+00       2.5048E-02
       2.1850E+00       2.5048E-02
       2.1950E+00       2.5049E-02
       2.2050E+00       2.5049E-02
       2.2150E+00       2.5050E-02
       2.2250E+00       2.5050E-02
       2.2350E+00       2.5051E-02
       2.2450E+00       2.5052E-02
       2.2550E+00       2.5052E-02
       2.2650E+00       2.5053E-02
       2.2750E+00       2.5053E-02
       2.2850E+00       2.5054E-02
       2.2950E+00       2.5054E-02
       2.3050E+00       2.5055E-02
       2.3150E+00       2.5055E-02
       2.3250E+00       2.5056E-02
       2.3350E+00       2.5056E-02
       2.3450E+00       2.5057E-02
       2.3550E+00       2.5057E-02
       2.3650E+00       2.5058E-02
       2.3750E+00       2.5058E-02
       2.3850E+00       2.5059E-02
       2.3950E+00       2.5059E-02
       2.4050E+00       2.5059E-02
       2.4150E+00       2.5060E-02
       2.4250E+00       2.5060E-02
       2.4350E+00       2.5061E-02
       2.4450E+00       2.5061E-02
       2.4550E+00       2.5061E-02
       2.4650E+00       2.5062E-02
       2.4750E+00       2.5062E-02
       2.4850E+00       2.5063E-02
       2.4950E+00       2.5063E-02
       2.5050E+00       2.5063E-02
       2.5150E+00       2.5064E-02
       2.5250E+00       2.5064E-02
       2.5350E+00       2.5064E-02
       2.5450E+00       2.5065E-02
       2.5550E+00       2.5065E-02
       2.5650E+00       2.5065E-02
       2.5750E+00       2.5066E-02
       2.5850E+00       2.5066E-02
       2.5950E+00       2.5066E-02
       2.6050E+00       2.5067E-02
       2.6150E+00       2.5067E-02
       2.6250E+00       2.5067E-02
       2.6350E+00       2.5067E-02
       2.6450E+00       2.5068E-02
       2.6550E+00       2.5068E-02
       2.6650E+00       2.5068E-02
       2.6750E+00       2.5069E-02
       2.6850E+00       2.5069E-02
       2.6950E+00       2.5069E-02
       2.7050E+00       2.5069E-02
       2.7150E+00       2.5069E-02
       2.7250E+00       2.5070E-02
       2.7350E+00       2.5070E-02
       2.7450E+00       2.5070E-02
       2.7550E+00       2.5070E-02
       2.7650E+00       2.5070E-02
       2.7750E+00       2.5071E-02
       2.7850E+00       2.5071E-02
       2.7950E+00       2.5071E-02
       2.8050E+00       2.5071E-02
       2.8150E+00       2.5071E-02
       2.8250E+00       2.5071E-02
       2.8350E+00       2.5071E-02
       2.8450E+00       2.5072E-02
       2.8550E+00       2.5072E-02
       2.8650E+00       2.5072E-02
       2.8750E+00       2.5072E-02
       2.8850E+00       2.5072E-02
       2.8950E+00       2.5072E-02
       2.9050E+00       2.5072E-02
       2.9150E+00       2.5072E-02
       2.9250E+00       2.5072E-02
       2.9350E+00       2.5072E-02
       2.9450E+00       2.5072E-02
       2.9550E+00       2.5072E-02
       2.9650E+00       2.5072E-02
       2.9750E+00       2.5072E-02
       2.9850E+00       2.5072E-02
       2.9950E+00       2.5072E-02
