# Time          5.0000E+00
    Distance         pH
  5.0000E-03    4.9398E+00
  1.5000E-02    5.0315E+00
  2.5000E-02    5.1036E+00
  3.5000E-02    5.1521E+00
  4.5000E-02    5.1860E+00
  5.5000E-02    5.2154E+00
  6.5000E-02    5.2467E+00
  7.5000E-02    5.2829E+00
  8.5000E-02    5.3258E+00
  9.5000E-02    5.3763E+00
  1.0500E-01    5.4345E+00
  1.1500E-01    5.4991E+00
  1.2500E-01    5.5678E+00
  1.3500E-01    5.6376E+00
  1.4500E-01    5.7055E+00
  1.5500E-01    5.7694E+00
  1.6500E-01    5.8282E+00
  1.7500E-01    5.8816E+00
  1.8500E-01    5.9296E+00
  1.9500E-01    5.9723E+00
  2.0500E-01    6.0098E+00
  2.1500E-01    6.0419E+00
  2.2500E-01    6.0683E+00
  2.3500E-01    6.0880E+00
  2.4500E-01    6.0994E+00
  2.5500E-01    6.0992E+00
  2.6500E-01    6.0992E+00
  2.7500E-01    6.0992E+00
  2.8500E-01    6.0992E+00
  2.9500E-01    6.0992E+00
  3.0500E-01    6.0992E+00
  3.1500E-01    6.0992E+00
  3.2500E-01    6.0992E+00
  3.3500E-01    6.0992E+00
  3.4500E-01    6.0992E+00
  3.5500E-01    6.0992E+00
  3.6500E-01    6.0992E+00
  3.7500E-01    6.0992E+00
  3.8500E-01    6.0992E+00
  3.9500E-01    6.0992E+00
  4.0500E-01    6.0992E+00
  4.1500E-01    6.0992E+00
  4.2500E-01    6.0992E+00
  4.3500E-01    6.0992E+00
  4.4500E-01    6.0992E+00
  4.5500E-01    6.0992E+00
  4.6500E-01    6.0992E+00
  4.7500E-01    6.0992E+00
  4.8500E-01    6.0992E+00
  4.9500E-01    6.0992E+00
  5.0500E-01    6.0992E+00
  5.1500E-01    6.0992E+00
  5.2500E-01    6.0992E+00
  5.3500E-01    6.0992E+00
  5.4500E-01    6.0992E+00
  5.5500E-01    6.0992E+00
  5.6500E-01    6.0992E+00
  5.7500E-01    6.0991E+00
  5.8500E-01    6.0991E+00
  5.9500E-01    6.0991E+00
  6.0500E-01    6.0991E+00
  6.1500E-01    6.0991E+00
  6.2500E-01    6.0991E+00
  6.3500E-01    6.0991E+00
  6.4500E-01    6.0991E+00
  6.5500E-01    6.0991E+00
  6.6500E-01    6.0990E+00
  6.7500E-01    6.0990E+00
  6.8500E-01    6.0990E+00
  6.9500E-01    6.0990E+00
  7.0500E-01    6.0990E+00
  7.1500E-01    6.0989E+00
  7.2500E-01    6.0989E+00
  7.3500E-01    6.0989E+00
  7.4500E-01    6.0989E+00
  7.5500E-01    6.0988E+00
  7.6500E-01    6.0988E+00
  7.7500E-01    6.0987E+00
  7.8500E-01    6.0987E+00
  7.9500E-01    6.0987E+00
  8.0500E-01    6.0986E+00
  8.1500E-01    6.0985E+00
  8.2500E-01    6.0985E+00
  8.3500E-01    6.0984E+00
  8.4500E-01    6.0983E+00
  8.5500E-01    6.0983E+00
  8.6500E-01    6.0982E+00
  8.7500E-01    6.0981E+00
  8.8500E-01    6.0980E+00
  8.9500E-01    6.0979E+00
  9.0500E-01    6.0978E+00
  9.1500E-01    6.0977E+00
  9.2500E-01    6.0975E+00
  9.3500E-01    6.0974E+00
  9.4500E-01    6.0973E+00
  9.5500E-01    6.0971E+00
  9.6500E-01    6.0969E+00
  9.7500E-01    6.0968E+00
  9.8500E-01    6.0966E+00
  9.9500E-01    6.0964E+00
  1.0050E+00    6.0962E+00
  1.0150E+00    6.0960E+00
  1.0250E+00    6.0957E+00
  1.0350E+00    6.0955E+00
  1.0450E+00    6.0952E+00
  1.0550E+00    6.0949E+00
  1.0650E+00    6.0946E+00
  1.0750E+00    6.0943E+00
  1.0850E+00    6.0940E+00
  1.0950E+00    6.0936E+00
  1.1050E+00    6.0933E+00
  1.1150E+00    6.0929E+00
  1.1250E+00    6.0925E+00
  1.1350E+00    6.0921E+00
  1.1450E+00    6.0916E+00
  1.1550E+00    6.0912E+00
  1.1650E+00    6.0907E+00
  1.1750E+00    6.0902E+00
  1.1850E+00    6.0896E+00
  1.1950E+00    6.0891E+00
  1.2050E+00    6.0885E+00
  1.2150E+00    6.0879E+00
  1.2250E+00    6.0872E+00
  1.2350E+00    6.0865E+00
  1.2450E+00    6.0858E+00
  1.2550E+00    6.0851E+00
  1.2650E+00    6.0844E+00
  1.2750E+00    6.0836E+00
  1.2850E+00    6.0828E+00
  1.2950E+00    6.0819E+00
  1.3050E+00    6.0810E+00
  1.3150E+00    6.0801E+00
  1.3250E+00    6.0792E+00
  1.3350E+00    6.0782E+00
  1.3450E+00    6.0771E+00
  1.3550E+00    6.0761E+00
  1.3650E+00    6.0750E+00
  1.3750E+00    6.0738E+00
  1.3850E+00    6.0727E+00
  1.3950E+00    6.0714E+00
  1.4050E+00    6.0702E+00
  1.4150E+00    6.0689E+00
  1.4250E+00    6.0675E+00
  1.4350E+00    6.0662E+00
  1.4450E+00    6.0647E+00
  1.4550E+00    6.0632E+00
  1.4650E+00    6.0617E+00
  1.4750E+00    6.0602E+00
  1.4850E+00    6.0585E+00
  1.4950E+00    6.0569E+00
  1.5050E+00    6.0552E+00
  1.5150E+00    6.0534E+00
  1.5250E+00    6.0516E+00
  1.5350E+00    6.0497E+00
  1.5450E+00    6.0478E+00
  1.5550E+00    6.0459E+00
  1.5650E+00    6.0438E+00
  1.5750E+00    6.0418E+00
  1.5850E+00    6.0396E+00
  1.5950E+00    6.0375E+00
  1.6050E+00    6.0352E+00
  1.6150E+00    6.0330E+00
  1.6250E+00    6.0306E+00
  1.6350E+00    6.0282E+00
  1.6450E+00    6.0257E+00
  1.6550E+00    6.0232E+00
  1.6650E+00    6.0207E+00
  1.6750E+00    6.0180E+00
  1.6850E+00    6.0153E+00
  1.6950E+00    6.0126E+00
  1.7050E+00    6.0098E+00
  1.7150E+00    6.0069E+00
  1.7250E+00    6.0040E+00
  1.7350E+00    6.0010E+00
  1.7450E+00    5.9979E+00
  1.7550E+00    5.9948E+00
  1.7650E+00    5.9916E+00
  1.7750E+00    5.9883E+00
  1.7850E+00    5.9850E+00
  1.7950E+00    5.9816E+00
  1.8050E+00    5.9782E+00
  1.8150E+00    5.9747E+00
  1.8250E+00    5.9711E+00
  1.8350E+00    5.9675E+00
  1.8450E+00    5.9638E+00
  1.8550E+00    5.9600E+00
  1.8650E+00    5.9562E+00
  1.8750E+00    5.9523E+00
  1.8850E+00    5.9483E+00
  1.8950E+00    5.9443E+00
  1.9050E+00    5.9402E+00
  1.9150E+00    5.9360E+00
  1.9250E+00    5.9318E+00
  1.9350E+00    5.9275E+00
  1.9450E+00    5.9231E+00
  1.9550E+00    5.9187E+00
  1.9650E+00    5.9142E+00
  1.9750E+00    5.9097E+00
  1.9850E+00    5.9050E+00
  1.9950E+00    5.9003E+00
  2.0050E+00    5.8956E+00
  2.0150E+00    5.8908E+00
  2.0250E+00    5.8859E+00
  2.0350E+00    5.8809E+00
  2.0450E+00    5.8759E+00
  2.0550E+00    5.8708E+00
  2.0650E+00    5.8657E+00
  2.0750E+00    5.8605E+00
  2.0850E+00    5.8552E+00
  2.0950E+00    5.8499E+00
  2.1050E+00    5.8445E+00
  2.1150E+00    5.8391E+00
  2.1250E+00    5.8336E+00
  2.1350E+00    5.8280E+00
  2.1450E+00    5.8224E+00
  2.1550E+00    5.8168E+00
  2.1650E+00    5.8110E+00
  2.1750E+00    5.8053E+00
  2.1850E+00    5.7995E+00
  2.1950E+00    5.7936E+00
  2.2050E+00    5.7877E+00
  2.2150E+00    5.7817E+00
  2.2250E+00    5.7757E+00
  2.2350E+00    5.7696E+00
  2.2450E+00    5.7636E+00
  2.2550E+00    5.7574E+00
  2.2650E+00    5.7513E+00
  2.2750E+00    5.7451E+00
  2.2850E+00    5.7388E+00
  2.2950E+00    5.7326E+00
  2.3050E+00    5.7263E+00
  2.3150E+00    5.7200E+00
  2.3250E+00    5.7136E+00
  2.3350E+00    5.7073E+00
  2.3450E+00    5.7009E+00
  2.3550E+00    5.6945E+00
  2.3650E+00    5.6881E+00
  2.3750E+00    5.6817E+00
  2.3850E+00    5.6753E+00
  2.3950E+00    5.6688E+00
  2.4050E+00    5.6624E+00
  2.4150E+00    5.6560E+00
  2.4250E+00    5.6496E+00
  2.4350E+00    5.6432E+00
  2.4450E+00    5.6368E+00
  2.4550E+00    5.6304E+00
  2.4650E+00    5.6240E+00
  2.4750E+00    5.6177E+00
  2.4850E+00    5.6114E+00
  2.4950E+00    5.6051E+00
  2.5050E+00    5.5988E+00
  2.5150E+00    5.5926E+00
  2.5250E+00    5.5864E+00
  2.5350E+00    5.5803E+00
  2.5450E+00    5.5742E+00
  2.5550E+00    5.5681E+00
  2.5650E+00    5.5621E+00
  2.5750E+00    5.5561E+00
  2.5850E+00    5.5502E+00
  2.5950E+00    5.5444E+00
  2.6050E+00    5.5386E+00
  2.6150E+00    5.5328E+00
  2.6250E+00    5.5272E+00
  2.6350E+00    5.5216E+00
  2.6450E+00    5.5160E+00
  2.6550E+00    5.5105E+00
  2.6650E+00    5.5051E+00
  2.6750E+00    5.4998E+00
  2.6850E+00    5.4945E+00
  2.6950E+00    5.4894E+00
  2.7050E+00    5.4843E+00
  2.7150E+00    5.4792E+00
  2.7250E+00    5.4743E+00
  2.7350E+00    5.4694E+00
  2.7450E+00    5.4646E+00
  2.7550E+00    5.4599E+00
  2.7650E+00    5.4553E+00
  2.7750E+00    5.4508E+00
  2.7850E+00    5.4463E+00
  2.7950E+00    5.4419E+00
  2.8050E+00    5.4377E+00
  2.8150E+00    5.4335E+00
  2.8250E+00    5.4293E+00
  2.8350E+00    5.4253E+00
  2.8450E+00    5.4214E+00
  2.8550E+00    5.4175E+00
  2.8650E+00    5.4137E+00
  2.8750E+00    5.4101E+00
  2.8850E+00    5.4065E+00
  2.8950E+00    5.4030E+00
  2.9050E+00    5.3996E+00
  2.9150E+00    5.3963E+00
  2.9250E+00    5.3932E+00
  2.9350E+00    5.3902E+00
  2.9450E+00    5.3873E+00
  2.9550E+00    5.3847E+00
  2.9650E+00    5.3823E+00
  2.9750E+00    5.3802E+00
  2.9850E+00    5.3787E+00
  2.9950E+00    5.3777E+00
