# Time          2.5000E+01
# Units: Mol/m**3 Porous Medium/s
    Distance           An50Ab50AS       Kaolinite        CO2_pump     
       5.0000E-03      -4.8717E-10      -6.6397E-11      -1.7485E-07
       1.5000E-02      -4.8717E-10      -4.5575E-11      -1.7485E-07
       2.5000E-02      -4.8717E-10       6.3530E-11      -1.7485E-07
       3.5000E-02      -4.8717E-10       2.4303E-10      -1.7485E-07
       4.5000E-02      -4.8717E-10       3.7817E-10      -1.7485E-07
       5.5000E-02      -4.8717E-10       4.4185E-10      -1.7485E-07
       6.5000E-02      -4.8717E-10       4.6243E-10      -1.7485E-07
       7.5000E-02      -4.8717E-10       4.6336E-10      -1.7485E-07
       8.5000E-02      -4.8717E-10       4.5581E-10      -1.7485E-07
       9.5000E-02      -4.8717E-10       4.4421E-10      -1.7485E-07
       1.0500E-01      -4.8717E-10       4.3043E-10      -1.7485E-07
       1.1500E-01      -4.8717E-10       4.1587E-10      -1.7485E-07
       1.2500E-01      -4.8717E-10       4.0211E-10      -1.7485E-07
       1.3500E-01      -4.8717E-10       3.9062E-10      -1.7485E-07
       1.4500E-01      -4.8717E-10       3.8209E-10      -1.7485E-07
       1.5500E-01      -4.8717E-10       3.7632E-10      -1.7485E-07
       1.6500E-01      -4.8717E-10       3.7260E-10      -1.7485E-07
       1.7500E-01      -4.8717E-10       3.7026E-10      -1.7485E-07
       1.8500E-01      -4.8717E-10       3.6877E-10      -1.7485E-07
       1.9500E-01      -4.8717E-10       3.6781E-10      -1.7485E-07
       2.0500E-01      -4.8717E-10       3.6717E-10      -1.7485E-07
       2.1500E-01      -4.8717E-10       3.6673E-10      -1.7485E-07
       2.2500E-01      -4.8717E-10       3.6642E-10      -1.7485E-07
       2.3500E-01      -4.8717E-10       3.6592E-10      -1.7485E-07
       2.4500E-01      -4.8717E-10       3.5406E-10      -1.7485E-07
       2.5500E-01       0.0000E+00       1.7074E-11       0.0000E+00
       2.6500E-01       0.0000E+00       1.3463E-12       0.0000E+00
       2.7500E-01       0.0000E+00       1.1188E-13       0.0000E+00
       2.8500E-01       0.0000E+00       9.3389E-15       0.0000E+00
       2.9500E-01       0.0000E+00       7.7983E-16       0.0000E+00
       3.0500E-01       0.0000E+00       6.5103E-17       0.0000E+00
       3.1500E-01       0.0000E+00       5.4130E-18       0.0000E+00
       3.2500E-01       0.0000E+00       4.2215E-19       0.0000E+00
       3.3500E-01       0.0000E+00      -1.3303E-21       0.0000E+00
       3.4500E-01       0.0000E+00      -4.3684E-20       0.0000E+00
       3.5500E-01       0.0000E+00      -5.4460E-20       0.0000E+00
       3.6500E-01       0.0000E+00      -6.2829E-20       0.0000E+00
       3.7500E-01       0.0000E+00      -7.1213E-20       0.0000E+00
       3.8500E-01       0.0000E+00      -7.9810E-20       0.0000E+00
       3.9500E-01       0.0000E+00      -8.8635E-20       0.0000E+00
       4.0500E-01       0.0000E+00      -9.7703E-20       0.0000E+00
       4.1500E-01       0.0000E+00      -1.0703E-19       0.0000E+00
       4.2500E-01       0.0000E+00      -1.1663E-19       0.0000E+00
       4.3500E-01       0.0000E+00      -1.2653E-19       0.0000E+00
       4.4500E-01       0.0000E+00      -1.3677E-19       0.0000E+00
       4.5500E-01       0.0000E+00      -1.4738E-19       0.0000E+00
       4.6500E-01       0.0000E+00      -1.5839E-19       0.0000E+00
       4.7500E-01       0.0000E+00      -1.6984E-19       0.0000E+00
       4.8500E-01       0.0000E+00      -1.8175E-19       0.0000E+00
       4.9500E-01       0.0000E+00      -1.9417E-19       0.0000E+00
       5.0500E-01       0.0000E+00      -2.0711E-19       0.0000E+00
       5.1500E-01       0.0000E+00      -2.2062E-19       0.0000E+00
       5.2500E-01       0.0000E+00      -2.3473E-19       0.0000E+00
       5.3500E-01       0.0000E+00      -2.4945E-19       0.0000E+00
       5.4500E-01       0.0000E+00      -2.6481E-19       0.0000E+00
       5.5500E-01       0.0000E+00      -2.8085E-19       0.0000E+00
       5.6500E-01       0.0000E+00      -2.9758E-19       0.0000E+00
       5.7500E-01       0.0000E+00      -3.1502E-19       0.0000E+00
       5.8500E-01       0.0000E+00      -3.3320E-19       0.0000E+00
       5.9500E-01       0.0000E+00      -3.5215E-19       0.0000E+00
       6.0500E-01       0.0000E+00      -3.7188E-19       0.0000E+00
       6.1500E-01       0.0000E+00      -3.9241E-19       0.0000E+00
       6.2500E-01       0.0000E+00      -4.1376E-19       0.0000E+00
       6.3500E-01       0.0000E+00      -4.3596E-19       0.0000E+00
       6.4500E-01       0.0000E+00      -4.5903E-19       0.0000E+00
       6.5500E-01       0.0000E+00      -4.8297E-19       0.0000E+00
       6.6500E-01       0.0000E+00      -5.0781E-19       0.0000E+00
       6.7500E-01       0.0000E+00      -5.3357E-19       0.0000E+00
       6.8500E-01       0.0000E+00      -5.6027E-19       0.0000E+00
       6.9500E-01       0.0000E+00      -5.8791E-19       0.0000E+00
       7.0500E-01       0.0000E+00      -6.1652E-19       0.0000E+00
       7.1500E-01       0.0000E+00      -6.4611E-19       0.0000E+00
       7.2500E-01       0.0000E+00      -6.7668E-19       0.0000E+00
       7.3500E-01       0.0000E+00      -7.0826E-19       0.0000E+00
       7.4500E-01       0.0000E+00      -7.4086E-19       0.0000E+00
       7.5500E-01       0.0000E+00      -7.7448E-19       0.0000E+00
       7.6500E-01       0.0000E+00      -8.0913E-19       0.0000E+00
       7.7500E-01       0.0000E+00      -8.4481E-19       0.0000E+00
       7.8500E-01       0.0000E+00      -8.8155E-19       0.0000E+00
       7.9500E-01       0.0000E+00      -9.1933E-19       0.0000E+00
       8.0500E-01       0.0000E+00      -9.5816E-19       0.0000E+00
       8.1500E-01       0.0000E+00      -9.9805E-19       0.0000E+00
       8.2500E-01       0.0000E+00      -1.0390E-18       0.0000E+00
       8.3500E-01       0.0000E+00      -1.0810E-18       0.0000E+00
       8.4500E-01       0.0000E+00      -1.1240E-18       0.0000E+00
       8.5500E-01       0.0000E+00      -1.1681E-18       0.0000E+00
       8.6500E-01       0.0000E+00      -1.2132E-18       0.0000E+00
       8.7500E-01       0.0000E+00      -1.2593E-18       0.0000E+00
       8.8500E-01       0.0000E+00      -1.3065E-18       0.0000E+00
       8.9500E-01       0.0000E+00      -1.3547E-18       0.0000E+00
       9.0500E-01       0.0000E+00      -1.4038E-18       0.0000E+00
       9.1500E-01       0.0000E+00      -1.4540E-18       0.0000E+00
       9.2500E-01       0.0000E+00      -1.5051E-18       0.0000E+00
       9.3500E-01       0.0000E+00      -1.5571E-18       0.0000E+00
       9.4500E-01       0.0000E+00      -1.6101E-18       0.0000E+00
       9.5500E-01       0.0000E+00      -1.6639E-18       0.0000E+00
       9.6500E-01       0.0000E+00      -1.7187E-18       0.0000E+00
       9.7500E-01       0.0000E+00      -1.7743E-18       0.0000E+00
       9.8500E-01       0.0000E+00      -1.8307E-18       0.0000E+00
       9.9500E-01       0.0000E+00      -1.8880E-18       0.0000E+00
       1.0050E+00       0.0000E+00      -1.9460E-18       0.0000E+00
       1.0150E+00       0.0000E+00      -2.0048E-18       0.0000E+00
       1.0250E+00       0.0000E+00      -2.0644E-18       0.0000E+00
       1.0350E+00       0.0000E+00      -2.1246E-18       0.0000E+00
       1.0450E+00       0.0000E+00      -2.1855E-18       0.0000E+00
       1.0550E+00       0.0000E+00      -2.2471E-18       0.0000E+00
       1.0650E+00       0.0000E+00      -2.3092E-18       0.0000E+00
       1.0750E+00       0.0000E+00      -2.3720E-18       0.0000E+00
       1.0850E+00       0.0000E+00      -2.4353E-18       0.0000E+00
       1.0950E+00       0.0000E+00      -2.4991E-18       0.0000E+00
       1.1050E+00       0.0000E+00      -2.5635E-18       0.0000E+00
       1.1150E+00       0.0000E+00      -2.6283E-18       0.0000E+00
       1.1250E+00       0.0000E+00      -2.6935E-18       0.0000E+00
       1.1350E+00       0.0000E+00      -2.7592E-18       0.0000E+00
       1.1450E+00       0.0000E+00      -2.8253E-18       0.0000E+00
       1.1550E+00       0.0000E+00      -2.8917E-18       0.0000E+00
       1.1650E+00       0.0000E+00      -2.9585E-18       0.0000E+00
       1.1750E+00       0.0000E+00      -3.0255E-18       0.0000E+00
       1.1850E+00       0.0000E+00      -3.0929E-18       0.0000E+00
       1.1950E+00       0.0000E+00      -3.1606E-18       0.0000E+00
       1.2050E+00       0.0000E+00      -3.2285E-18       0.0000E+00
       1.2150E+00       0.0000E+00      -3.2967E-18       0.0000E+00
       1.2250E+00       0.0000E+00      -3.3652E-18       0.0000E+00
       1.2350E+00       0.0000E+00      -3.4338E-18       0.0000E+00
       1.2450E+00       0.0000E+00      -3.5027E-18       0.0000E+00
       1.2550E+00       0.0000E+00      -3.5718E-18       0.0000E+00
       1.2650E+00       0.0000E+00      -3.6411E-18       0.0000E+00
       1.2750E+00       0.0000E+00      -3.7106E-18       0.0000E+00
       1.2850E+00       0.0000E+00      -3.7803E-18       0.0000E+00
       1.2950E+00       0.0000E+00      -3.8503E-18       0.0000E+00
       1.3050E+00       0.0000E+00      -3.9204E-18       0.0000E+00
       1.3150E+00       0.0000E+00      -3.9908E-18       0.0000E+00
       1.3250E+00       0.0000E+00      -4.0614E-18       0.0000E+00
       1.3350E+00       0.0000E+00      -4.1323E-18       0.0000E+00
       1.3450E+00       0.0000E+00      -4.2035E-18       0.0000E+00
       1.3550E+00       0.0000E+00      -4.2749E-18       0.0000E+00
       1.3650E+00       0.0000E+00      -4.3467E-18       0.0000E+00
       1.3750E+00       0.0000E+00      -4.4189E-18       0.0000E+00
       1.3850E+00       0.0000E+00      -4.4914E-18       0.0000E+00
       1.3950E+00       0.0000E+00      -4.5643E-18       0.0000E+00
       1.4050E+00       0.0000E+00      -4.6376E-18       0.0000E+00
       1.4150E+00       0.0000E+00      -4.7115E-18       0.0000E+00
       1.4250E+00       0.0000E+00      -4.7858E-18       0.0000E+00
       1.4350E+00       0.0000E+00      -4.8607E-18       0.0000E+00
       1.4450E+00       0.0000E+00      -4.9362E-18       0.0000E+00
       1.4550E+00       0.0000E+00      -5.0123E-18       0.0000E+00
       1.4650E+00       0.0000E+00      -5.0891E-18       0.0000E+00
       1.4750E+00       0.0000E+00      -5.1667E-18       0.0000E+00
       1.4850E+00       0.0000E+00      -5.2450E-18       0.0000E+00
       1.4950E+00       0.0000E+00      -5.3242E-18       0.0000E+00
       1.5050E+00       0.0000E+00      -5.4042E-18       0.0000E+00
       1.5150E+00       0.0000E+00      -5.4852E-18       0.0000E+00
       1.5250E+00       0.0000E+00      -5.5672E-18       0.0000E+00
       1.5350E+00       0.0000E+00      -5.6502E-18       0.0000E+00
       1.5450E+00       0.0000E+00      -5.7344E-18       0.0000E+00
       1.5550E+00       0.0000E+00      -5.8197E-18       0.0000E+00
       1.5650E+00       0.0000E+00      -5.9061E-18       0.0000E+00
       1.5750E+00       0.0000E+00      -5.9939E-18       0.0000E+00
       1.5850E+00       0.0000E+00      -6.0830E-18       0.0000E+00
       1.5950E+00       0.0000E+00      -6.1735E-18       0.0000E+00
       1.6050E+00       0.0000E+00      -6.2653E-18       0.0000E+00
       1.6150E+00       0.0000E+00      -6.3587E-18       0.0000E+00
       1.6250E+00       0.0000E+00      -6.4536E-18       0.0000E+00
       1.6350E+00       0.0000E+00      -6.5501E-18       0.0000E+00
       1.6450E+00       0.0000E+00      -6.6482E-18       0.0000E+00
       1.6550E+00       0.0000E+00      -6.7480E-18       0.0000E+00
       1.6650E+00       0.0000E+00      -6.8495E-18       0.0000E+00
       1.6750E+00       0.0000E+00      -6.9527E-18       0.0000E+00
       1.6850E+00       0.0000E+00      -7.0578E-18       0.0000E+00
       1.6950E+00       0.0000E+00      -7.1647E-18       0.0000E+00
       1.7050E+00       0.0000E+00      -7.2735E-18       0.0000E+00
       1.7150E+00       0.0000E+00      -7.3842E-18       0.0000E+00
       1.7250E+00       0.0000E+00      -7.4968E-18       0.0000E+00
       1.7350E+00       0.0000E+00      -7.6114E-18       0.0000E+00
       1.7450E+00       0.0000E+00      -7.7280E-18       0.0000E+00
       1.7550E+00       0.0000E+00      -7.8466E-18       0.0000E+00
       1.7650E+00       0.0000E+00      -7.9673E-18       0.0000E+00
       1.7750E+00       0.0000E+00      -8.0900E-18       0.0000E+00
       1.7850E+00       0.0000E+00      -8.2147E-18       0.0000E+00
       1.7950E+00       0.0000E+00      -8.3415E-18       0.0000E+00
       1.8050E+00       0.0000E+00      -8.4704E-18       0.0000E+00
       1.8150E+00       0.0000E+00      -8.6014E-18       0.0000E+00
       1.8250E+00       0.0000E+00      -8.7344E-18       0.0000E+00
       1.8350E+00       0.0000E+00      -8.8695E-18       0.0000E+00
       1.8450E+00       0.0000E+00      -9.0066E-18       0.0000E+00
       1.8550E+00       0.0000E+00      -9.1458E-18       0.0000E+00
       1.8650E+00       0.0000E+00      -9.2869E-18       0.0000E+00
       1.8750E+00       0.0000E+00      -9.4301E-18       0.0000E+00
       1.8850E+00       0.0000E+00      -9.5753E-18       0.0000E+00
       1.8950E+00       0.0000E+00      -9.7224E-18       0.0000E+00
       1.9050E+00       0.0000E+00      -9.8714E-18       0.0000E+00
       1.9150E+00       0.0000E+00      -1.0022E-17       0.0000E+00
       1.9250E+00       0.0000E+00      -1.0175E-17       0.0000E+00
       1.9350E+00       0.0000E+00      -1.0330E-17       0.0000E+00
       1.9450E+00       0.0000E+00      -1.0486E-17       0.0000E+00
       1.9550E+00       0.0000E+00      -1.0644E-17       0.0000E+00
       1.9650E+00       0.0000E+00      -1.0803E-17       0.0000E+00
       1.9750E+00       0.0000E+00      -1.0965E-17       0.0000E+00
       1.9850E+00       0.0000E+00      -1.1127E-17       0.0000E+00
       1.9950E+00       0.0000E+00      -1.1292E-17       0.0000E+00
       2.0050E+00       0.0000E+00      -1.1457E-17       0.0000E+00
       2.0150E+00       0.0000E+00      -1.1624E-17       0.0000E+00
       2.0250E+00       0.0000E+00      -1.1792E-17       0.0000E+00
       2.0350E+00       0.0000E+00      -1.1962E-17       0.0000E+00
       2.0450E+00       0.0000E+00      -1.2132E-17       0.0000E+00
       2.0550E+00       0.0000E+00      -1.2304E-17       0.0000E+00
       2.0650E+00       0.0000E+00      -1.2477E-17       0.0000E+00
       2.0750E+00       0.0000E+00      -1.2650E-17       0.0000E+00
       2.0850E+00       0.0000E+00      -1.2824E-17       0.0000E+00
       2.0950E+00       0.0000E+00      -1.3000E-17       0.0000E+00
       2.1050E+00       0.0000E+00      -1.3175E-17       0.0000E+00
       2.1150E+00       0.0000E+00      -1.3351E-17       0.0000E+00
       2.1250E+00       0.0000E+00      -1.3528E-17       0.0000E+00
       2.1350E+00       0.0000E+00      -1.3705E-17       0.0000E+00
       2.1450E+00       0.0000E+00      -1.3883E-17       0.0000E+00
       2.1550E+00       0.0000E+00      -1.4060E-17       0.0000E+00
       2.1650E+00       0.0000E+00      -1.4238E-17       0.0000E+00
       2.1750E+00       0.0000E+00      -1.4416E-17       0.0000E+00
       2.1850E+00       0.0000E+00      -1.4594E-17       0.0000E+00
       2.1950E+00       0.0000E+00      -1.4771E-17       0.0000E+00
       2.2050E+00       0.0000E+00      -1.4949E-17       0.0000E+00
       2.2150E+00       0.0000E+00      -1.5126E-17       0.0000E+00
       2.2250E+00       0.0000E+00      -1.5303E-17       0.0000E+00
       2.2350E+00       0.0000E+00      -1.5479E-17       0.0000E+00
       2.2450E+00       0.0000E+00      -1.5654E-17       0.0000E+00
       2.2550E+00       0.0000E+00      -1.5829E-17       0.0000E+00
       2.2650E+00       0.0000E+00      -1.6003E-17       0.0000E+00
       2.2750E+00       0.0000E+00      -1.6176E-17       0.0000E+00
       2.2850E+00       0.0000E+00      -1.6349E-17       0.0000E+00
       2.2950E+00       0.0000E+00      -1.6520E-17       0.0000E+00
       2.3050E+00       0.0000E+00      -1.6690E-17       0.0000E+00
       2.3150E+00       0.0000E+00      -1.6859E-17       0.0000E+00
       2.3250E+00       0.0000E+00      -1.7027E-17       0.0000E+00
       2.3350E+00       0.0000E+00      -1.7193E-17       0.0000E+00
       2.3450E+00       0.0000E+00      -1.7358E-17       0.0000E+00
       2.3550E+00       0.0000E+00      -1.7521E-17       0.0000E+00
       2.3650E+00       0.0000E+00      -1.7683E-17       0.0000E+00
       2.3750E+00       0.0000E+00      -1.7843E-17       0.0000E+00
       2.3850E+00       0.0000E+00      -1.8001E-17       0.0000E+00
       2.3950E+00       0.0000E+00      -1.8158E-17       0.0000E+00
       2.4050E+00       0.0000E+00      -1.8312E-17       0.0000E+00
       2.4150E+00       0.0000E+00      -1.8465E-17       0.0000E+00
       2.4250E+00       0.0000E+00      -1.8616E-17       0.0000E+00
       2.4350E+00       0.0000E+00      -1.8764E-17       0.0000E+00
       2.4450E+00       0.0000E+00      -1.8910E-17       0.0000E+00
       2.4550E+00       0.0000E+00      -1.9055E-17       0.0000E+00
       2.4650E+00       0.0000E+00      -1.9196E-17       0.0000E+00
       2.4750E+00       0.0000E+00      -1.9336E-17       0.0000E+00
       2.4850E+00       0.0000E+00      -1.9473E-17       0.0000E+00
       2.4950E+00       0.0000E+00      -1.9608E-17       0.0000E+00
       2.5050E+00       0.0000E+00      -1.9740E-17       0.0000E+00
       2.5150E+00       0.0000E+00      -1.9870E-17       0.0000E+00
       2.5250E+00       0.0000E+00      -1.9997E-17       0.0000E+00
       2.5350E+00       0.0000E+00      -2.0121E-17       0.0000E+00
       2.5450E+00       0.0000E+00      -2.0243E-17       0.0000E+00
       2.5550E+00       0.0000E+00      -2.0362E-17       0.0000E+00
       2.5650E+00       0.0000E+00      -2.0478E-17       0.0000E+00
       2.5750E+00       0.0000E+00      -2.0591E-17       0.0000E+00
       2.5850E+00       0.0000E+00      -2.0702E-17       0.0000E+00
       2.5950E+00       0.0000E+00      -2.0809E-17       0.0000E+00
       2.6050E+00       0.0000E+00      -2.0914E-17       0.0000E+00
       2.6150E+00       0.0000E+00      -2.1016E-17       0.0000E+00
       2.6250E+00       0.0000E+00      -2.1114E-17       0.0000E+00
       2.6350E+00       0.0000E+00      -2.1210E-17       0.0000E+00
       2.6450E+00       0.0000E+00      -2.1303E-17       0.0000E+00
       2.6550E+00       0.0000E+00      -2.1392E-17       0.0000E+00
       2.6650E+00       0.0000E+00      -2.1479E-17       0.0000E+00
       2.6750E+00       0.0000E+00      -2.1562E-17       0.0000E+00
       2.6850E+00       0.0000E+00      -2.1642E-17       0.0000E+00
       2.6950E+00       0.0000E+00      -2.1720E-17       0.0000E+00
       2.7050E+00       0.0000E+00      -2.1793E-17       0.0000E+00
       2.7150E+00       0.0000E+00      -2.1864E-17       0.0000E+00
       2.7250E+00       0.0000E+00      -2.1932E-17       0.0000E+00
       2.7350E+00       0.0000E+00      -2.1996E-17       0.0000E+00
       2.7450E+00       0.0000E+00      -2.2057E-17       0.0000E+00
       2.7550E+00       0.0000E+00      -2.2115E-17       0.0000E+00
       2.7650E+00       0.0000E+00      -2.2170E-17       0.0000E+00
       2.7750E+00       0.0000E+00      -2.2221E-17       0.0000E+00
       2.7850E+00       0.0000E+00      -2.2269E-17       0.0000E+00
       2.7950E+00       0.0000E+00      -2.2314E-17       0.0000E+00
       2.8050E+00       0.0000E+00      -2.2356E-17       0.0000E+00
       2.8150E+00       0.0000E+00      -2.2394E-17       0.0000E+00
       2.8250E+00       0.0000E+00      -2.2430E-17       0.0000E+00
       2.8350E+00       0.0000E+00      -2.2462E-17       0.0000E+00
       2.8450E+00       0.0000E+00      -2.2490E-17       0.0000E+00
       2.8550E+00       0.0000E+00      -2.2516E-17       0.0000E+00
       2.8650E+00       0.0000E+00      -2.2539E-17       0.0000E+00
       2.8750E+00       0.0000E+00      -2.2558E-17       0.0000E+00
       2.8850E+00       0.0000E+00      -2.2574E-17       0.0000E+00
       2.8950E+00       0.0000E+00      -2.2588E-17       0.0000E+00
       2.9050E+00       0.0000E+00      -2.2598E-17       0.0000E+00
       2.9150E+00       0.0000E+00      -2.2606E-17       0.0000E+00
       2.9250E+00       0.0000E+00      -2.2611E-17       0.0000E+00
       2.9350E+00       0.0000E+00      -2.2614E-17       0.0000E+00
       2.9450E+00       0.0000E+00      -2.2614E-17       0.0000E+00
       2.9550E+00       0.0000E+00      -2.2613E-17       0.0000E+00
       2.9650E+00       0.0000E+00      -2.2610E-17       0.0000E+00
       2.9750E+00       0.0000E+00      -2.2606E-17       0.0000E+00
       2.9850E+00       0.0000E+00      -2.2603E-17       0.0000E+00
       2.9950E+00       0.0000E+00      -2.2600E-17       0.0000E+00
