# Time          4.0000E+01
# Units: Mol/m**3 Porous Medium/s
    Distance           An50Ab50AS       Kaolinite        CO2_pump     
       5.0000E-03      -4.8326E-10      -6.6406E-11      -1.7485E-07
       1.5000E-02      -4.8326E-10      -4.6041E-11      -1.7485E-07
       2.5000E-02      -4.8326E-10       6.0971E-11      -1.7485E-07
       3.5000E-02      -4.8326E-10       2.3842E-10      -1.7485E-07
       4.5000E-02      -4.8326E-10       3.7326E-10      -1.7485E-07
       5.5000E-02      -4.8326E-10       4.3739E-10      -1.7485E-07
       6.5000E-02      -4.8326E-10       4.5843E-10      -1.7485E-07
       7.5000E-02      -4.8326E-10       4.5974E-10      -1.7485E-07
       8.5000E-02      -4.8326E-10       4.5253E-10      -1.7485E-07
       9.5000E-02      -4.8326E-10       4.4126E-10      -1.7485E-07
       1.0500E-01      -4.8326E-10       4.2783E-10      -1.7485E-07
       1.1500E-01      -4.8326E-10       4.1355E-10      -1.7485E-07
       1.2500E-01      -4.8326E-10       3.9992E-10      -1.7485E-07
       1.3500E-01      -4.8326E-10       3.8840E-10      -1.7485E-07
       1.4500E-01      -4.8326E-10       3.7974E-10      -1.7485E-07
       1.5500E-01      -4.8326E-10       3.7381E-10      -1.7485E-07
       1.6500E-01      -4.8326E-10       3.6996E-10      -1.7485E-07
       1.7500E-01      -4.8326E-10       3.6753E-10      -1.7485E-07
       1.8500E-01      -4.8326E-10       3.6598E-10      -1.7485E-07
       1.9500E-01      -4.8326E-10       3.6497E-10      -1.7485E-07
       2.0500E-01      -4.8326E-10       3.6430E-10      -1.7485E-07
       2.1500E-01      -4.8326E-10       3.6385E-10      -1.7485E-07
       2.2500E-01      -4.8326E-10       3.6353E-10      -1.7485E-07
       2.3500E-01      -4.8326E-10       3.6301E-10      -1.7485E-07
       2.4500E-01      -4.8326E-10       3.5109E-10      -1.7485E-07
       2.5500E-01       0.0000E+00       1.7161E-11       0.0000E+00
       2.6500E-01       0.0000E+00       1.3677E-12       0.0000E+00
       2.7500E-01       0.0000E+00       1.1490E-13       0.0000E+00
       2.8500E-01       0.0000E+00       9.6970E-15       0.0000E+00
       2.9500E-01       0.0000E+00       8.1875E-16       0.0000E+00
       3.0500E-01       0.0000E+00       6.9193E-17       0.0000E+00
       3.1500E-01       0.0000E+00       5.9097E-18       0.0000E+00
       3.2500E-01       0.0000E+00       5.6600E-19       0.0000E+00
       3.3500E-01       0.0000E+00       1.1377E-19       0.0000E+00
       3.4500E-01       0.0000E+00       7.4421E-20       0.0000E+00
       3.5500E-01       0.0000E+00       6.9852E-20       0.0000E+00
       3.6500E-01       0.0000E+00       6.8160E-20       0.0000E+00
       3.7500E-01       0.0000E+00       6.6667E-20       0.0000E+00
       3.8500E-01       0.0000E+00       6.5164E-20       0.0000E+00
       3.9500E-01       0.0000E+00       6.3652E-20       0.0000E+00
       4.0500E-01       0.0000E+00       6.2148E-20       0.0000E+00
       4.1500E-01       0.0000E+00       6.0672E-20       0.0000E+00
       4.2500E-01       0.0000E+00       5.9239E-20       0.0000E+00
       4.3500E-01       0.0000E+00       5.7865E-20       0.0000E+00
       4.4500E-01       0.0000E+00       5.6560E-20       0.0000E+00
       4.5500E-01       0.0000E+00       5.5334E-20       0.0000E+00
       4.6500E-01       0.0000E+00       5.4196E-20       0.0000E+00
       4.7500E-01       0.0000E+00       5.3146E-20       0.0000E+00
       4.8500E-01       0.0000E+00       5.2186E-20       0.0000E+00
       4.9500E-01       0.0000E+00       5.1314E-20       0.0000E+00
       5.0500E-01       0.0000E+00       5.0526E-20       0.0000E+00
       5.1500E-01       0.0000E+00       4.9814E-20       0.0000E+00
       5.2500E-01       0.0000E+00       4.9174E-20       0.0000E+00
       5.3500E-01       0.0000E+00       4.8598E-20       0.0000E+00
       5.4500E-01       0.0000E+00       4.8077E-20       0.0000E+00
       5.5500E-01       0.0000E+00       4.7602E-20       0.0000E+00
       5.6500E-01       0.0000E+00       4.7167E-20       0.0000E+00
       5.7500E-01       0.0000E+00       4.6764E-20       0.0000E+00
       5.8500E-01       0.0000E+00       4.6382E-20       0.0000E+00
       5.9500E-01       0.0000E+00       4.6019E-20       0.0000E+00
       6.0500E-01       0.0000E+00       4.5667E-20       0.0000E+00
       6.1500E-01       0.0000E+00       4.5319E-20       0.0000E+00
       6.2500E-01       0.0000E+00       4.4974E-20       0.0000E+00
       6.3500E-01       0.0000E+00       4.4625E-20       0.0000E+00
       6.4500E-01       0.0000E+00       4.4269E-20       0.0000E+00
       6.5500E-01       0.0000E+00       4.3902E-20       0.0000E+00
       6.6500E-01       0.0000E+00       4.3523E-20       0.0000E+00
       6.7500E-01       0.0000E+00       4.3129E-20       0.0000E+00
       6.8500E-01       0.0000E+00       4.2716E-20       0.0000E+00
       6.9500E-01       0.0000E+00       4.2284E-20       0.0000E+00
       7.0500E-01       0.0000E+00       4.1832E-20       0.0000E+00
       7.1500E-01       0.0000E+00       4.1355E-20       0.0000E+00
       7.2500E-01       0.0000E+00       4.0852E-20       0.0000E+00
       7.3500E-01       0.0000E+00       4.0324E-20       0.0000E+00
       7.4500E-01       0.0000E+00       3.9767E-20       0.0000E+00
       7.5500E-01       0.0000E+00       3.9181E-20       0.0000E+00
       7.6500E-01       0.0000E+00       3.8562E-20       0.0000E+00
       7.7500E-01       0.0000E+00       3.7910E-20       0.0000E+00
       7.8500E-01       0.0000E+00       3.7222E-20       0.0000E+00
       7.9500E-01       0.0000E+00       3.6497E-20       0.0000E+00
       8.0500E-01       0.0000E+00       3.5732E-20       0.0000E+00
       8.1500E-01       0.0000E+00       3.4927E-20       0.0000E+00
       8.2500E-01       0.0000E+00       3.4078E-20       0.0000E+00
       8.3500E-01       0.0000E+00       3.3184E-20       0.0000E+00
       8.4500E-01       0.0000E+00       3.2241E-20       0.0000E+00
       8.5500E-01       0.0000E+00       3.1249E-20       0.0000E+00
       8.6500E-01       0.0000E+00       3.0203E-20       0.0000E+00
       8.7500E-01       0.0000E+00       2.9102E-20       0.0000E+00
       8.8500E-01       0.0000E+00       2.7943E-20       0.0000E+00
       8.9500E-01       0.0000E+00       2.6722E-20       0.0000E+00
       9.0500E-01       0.0000E+00       2.5440E-20       0.0000E+00
       9.1500E-01       0.0000E+00       2.4090E-20       0.0000E+00
       9.2500E-01       0.0000E+00       2.2669E-20       0.0000E+00
       9.3500E-01       0.0000E+00       2.1177E-20       0.0000E+00
       9.4500E-01       0.0000E+00       1.9607E-20       0.0000E+00
       9.5500E-01       0.0000E+00       1.7957E-20       0.0000E+00
       9.6500E-01       0.0000E+00       1.6223E-20       0.0000E+00
       9.7500E-01       0.0000E+00       1.4401E-20       0.0000E+00
       9.8500E-01       0.0000E+00       1.2487E-20       0.0000E+00
       9.9500E-01       0.0000E+00       1.0478E-20       0.0000E+00
       1.0050E+00       0.0000E+00       8.3688E-21       0.0000E+00
       1.0150E+00       0.0000E+00       6.1557E-21       0.0000E+00
       1.0250E+00       0.0000E+00       3.8333E-21       0.0000E+00
       1.0350E+00       0.0000E+00       1.3984E-21       0.0000E+00
       1.0450E+00       0.0000E+00      -1.1554E-21       0.0000E+00
       1.0550E+00       0.0000E+00      -3.8324E-21       0.0000E+00
       1.0650E+00       0.0000E+00      -6.6383E-21       0.0000E+00
       1.0750E+00       0.0000E+00      -9.5759E-21       0.0000E+00
       1.0850E+00       0.0000E+00      -1.2654E-20       0.0000E+00
       1.0950E+00       0.0000E+00      -1.5875E-20       0.0000E+00
       1.1050E+00       0.0000E+00      -1.9248E-20       0.0000E+00
       1.1150E+00       0.0000E+00      -2.2774E-20       0.0000E+00
       1.1250E+00       0.0000E+00      -2.6464E-20       0.0000E+00
       1.1350E+00       0.0000E+00      -3.0321E-20       0.0000E+00
       1.1450E+00       0.0000E+00      -3.4352E-20       0.0000E+00
       1.1550E+00       0.0000E+00      -3.8564E-20       0.0000E+00
       1.1650E+00       0.0000E+00      -4.2964E-20       0.0000E+00
       1.1750E+00       0.0000E+00      -4.7556E-20       0.0000E+00
       1.1850E+00       0.0000E+00      -5.2350E-20       0.0000E+00
       1.1950E+00       0.0000E+00      -5.7350E-20       0.0000E+00
       1.2050E+00       0.0000E+00      -6.2564E-20       0.0000E+00
       1.2150E+00       0.0000E+00      -6.8000E-20       0.0000E+00
       1.2250E+00       0.0000E+00      -7.3666E-20       0.0000E+00
       1.2350E+00       0.0000E+00      -7.9564E-20       0.0000E+00
       1.2450E+00       0.0000E+00      -8.5707E-20       0.0000E+00
       1.2550E+00       0.0000E+00      -9.2102E-20       0.0000E+00
       1.2650E+00       0.0000E+00      -9.8754E-20       0.0000E+00
       1.2750E+00       0.0000E+00      -1.0567E-19       0.0000E+00
       1.2850E+00       0.0000E+00      -1.1286E-19       0.0000E+00
       1.2950E+00       0.0000E+00      -1.2034E-19       0.0000E+00
       1.3050E+00       0.0000E+00      -1.2810E-19       0.0000E+00
       1.3150E+00       0.0000E+00      -1.3616E-19       0.0000E+00
       1.3250E+00       0.0000E+00      -1.4452E-19       0.0000E+00
       1.3350E+00       0.0000E+00      -1.5319E-19       0.0000E+00
       1.3450E+00       0.0000E+00      -1.6218E-19       0.0000E+00
       1.3550E+00       0.0000E+00      -1.7150E-19       0.0000E+00
       1.3650E+00       0.0000E+00      -1.8116E-19       0.0000E+00
       1.3750E+00       0.0000E+00      -1.9116E-19       0.0000E+00
       1.3850E+00       0.0000E+00      -2.0150E-19       0.0000E+00
       1.3950E+00       0.0000E+00      -2.1220E-19       0.0000E+00
       1.4050E+00       0.0000E+00      -2.2327E-19       0.0000E+00
       1.4150E+00       0.0000E+00      -2.3471E-19       0.0000E+00
       1.4250E+00       0.0000E+00      -2.4653E-19       0.0000E+00
       1.4350E+00       0.0000E+00      -2.5873E-19       0.0000E+00
       1.4450E+00       0.0000E+00      -2.7132E-19       0.0000E+00
       1.4550E+00       0.0000E+00      -2.8431E-19       0.0000E+00
       1.4650E+00       0.0000E+00      -2.9770E-19       0.0000E+00
       1.4750E+00       0.0000E+00      -3.1151E-19       0.0000E+00
       1.4850E+00       0.0000E+00      -3.2572E-19       0.0000E+00
       1.4950E+00       0.0000E+00      -3.4036E-19       0.0000E+00
       1.5050E+00       0.0000E+00      -3.5542E-19       0.0000E+00
       1.5150E+00       0.0000E+00      -3.7092E-19       0.0000E+00
       1.5250E+00       0.0000E+00      -3.8684E-19       0.0000E+00
       1.5350E+00       0.0000E+00      -4.0321E-19       0.0000E+00
       1.5450E+00       0.0000E+00      -4.2001E-19       0.0000E+00
       1.5550E+00       0.0000E+00      -4.3726E-19       0.0000E+00
       1.5650E+00       0.0000E+00      -4.5495E-19       0.0000E+00
       1.5750E+00       0.0000E+00      -4.7310E-19       0.0000E+00
       1.5850E+00       0.0000E+00      -4.9169E-19       0.0000E+00
       1.5950E+00       0.0000E+00      -5.1074E-19       0.0000E+00
       1.6050E+00       0.0000E+00      -5.3024E-19       0.0000E+00
       1.6150E+00       0.0000E+00      -5.5019E-19       0.0000E+00
       1.6250E+00       0.0000E+00      -5.7059E-19       0.0000E+00
       1.6350E+00       0.0000E+00      -5.9145E-19       0.0000E+00
       1.6450E+00       0.0000E+00      -6.1275E-19       0.0000E+00
       1.6550E+00       0.0000E+00      -6.3450E-19       0.0000E+00
       1.6650E+00       0.0000E+00      -6.5670E-19       0.0000E+00
       1.6750E+00       0.0000E+00      -6.7934E-19       0.0000E+00
       1.6850E+00       0.0000E+00      -7.0241E-19       0.0000E+00
       1.6950E+00       0.0000E+00      -7.2592E-19       0.0000E+00
       1.7050E+00       0.0000E+00      -7.4986E-19       0.0000E+00
       1.7150E+00       0.0000E+00      -7.7422E-19       0.0000E+00
       1.7250E+00       0.0000E+00      -7.9899E-19       0.0000E+00
       1.7350E+00       0.0000E+00      -8.2417E-19       0.0000E+00
       1.7450E+00       0.0000E+00      -8.4975E-19       0.0000E+00
       1.7550E+00       0.0000E+00      -8.7573E-19       0.0000E+00
       1.7650E+00       0.0000E+00      -9.0208E-19       0.0000E+00
       1.7750E+00       0.0000E+00      -9.2881E-19       0.0000E+00
       1.7850E+00       0.0000E+00      -9.5591E-19       0.0000E+00
       1.7950E+00       0.0000E+00      -9.8335E-19       0.0000E+00
       1.8050E+00       0.0000E+00      -1.0111E-18       0.0000E+00
       1.8150E+00       0.0000E+00      -1.0392E-18       0.0000E+00
       1.8250E+00       0.0000E+00      -1.0677E-18       0.0000E+00
       1.8350E+00       0.0000E+00      -1.0964E-18       0.0000E+00
       1.8450E+00       0.0000E+00      -1.1254E-18       0.0000E+00
       1.8550E+00       0.0000E+00      -1.1547E-18       0.0000E+00
       1.8650E+00       0.0000E+00      -1.1842E-18       0.0000E+00
       1.8750E+00       0.0000E+00      -1.2140E-18       0.0000E+00
       1.8850E+00       0.0000E+00      -1.2440E-18       0.0000E+00
       1.8950E+00       0.0000E+00      -1.2742E-18       0.0000E+00
       1.9050E+00       0.0000E+00      -1.3046E-18       0.0000E+00
       1.9150E+00       0.0000E+00      -1.3352E-18       0.0000E+00
       1.9250E+00       0.0000E+00      -1.3660E-18       0.0000E+00
       1.9350E+00       0.0000E+00      -1.3968E-18       0.0000E+00
       1.9450E+00       0.0000E+00      -1.4278E-18       0.0000E+00
       1.9550E+00       0.0000E+00      -1.4589E-18       0.0000E+00
       1.9650E+00       0.0000E+00      -1.4900E-18       0.0000E+00
       1.9750E+00       0.0000E+00      -1.5212E-18       0.0000E+00
       1.9850E+00       0.0000E+00      -1.5525E-18       0.0000E+00
       1.9950E+00       0.0000E+00      -1.5838E-18       0.0000E+00
       2.0050E+00       0.0000E+00      -1.6150E-18       0.0000E+00
       2.0150E+00       0.0000E+00      -1.6463E-18       0.0000E+00
       2.0250E+00       0.0000E+00      -1.6775E-18       0.0000E+00
       2.0350E+00       0.0000E+00      -1.7086E-18       0.0000E+00
       2.0450E+00       0.0000E+00      -1.7396E-18       0.0000E+00
       2.0550E+00       0.0000E+00      -1.7706E-18       0.0000E+00
       2.0650E+00       0.0000E+00      -1.8014E-18       0.0000E+00
       2.0750E+00       0.0000E+00      -1.8320E-18       0.0000E+00
       2.0850E+00       0.0000E+00      -1.8625E-18       0.0000E+00
       2.0950E+00       0.0000E+00      -1.8928E-18       0.0000E+00
       2.1050E+00       0.0000E+00      -1.9229E-18       0.0000E+00
       2.1150E+00       0.0000E+00      -1.9528E-18       0.0000E+00
       2.1250E+00       0.0000E+00      -1.9824E-18       0.0000E+00
       2.1350E+00       0.0000E+00      -2.0117E-18       0.0000E+00
       2.1450E+00       0.0000E+00      -2.0408E-18       0.0000E+00
       2.1550E+00       0.0000E+00      -2.0695E-18       0.0000E+00
       2.1650E+00       0.0000E+00      -2.0980E-18       0.0000E+00
       2.1750E+00       0.0000E+00      -2.1261E-18       0.0000E+00
       2.1850E+00       0.0000E+00      -2.1538E-18       0.0000E+00
       2.1950E+00       0.0000E+00      -2.1812E-18       0.0000E+00
       2.2050E+00       0.0000E+00      -2.2082E-18       0.0000E+00
       2.2150E+00       0.0000E+00      -2.2348E-18       0.0000E+00
       2.2250E+00       0.0000E+00      -2.2610E-18       0.0000E+00
       2.2350E+00       0.0000E+00      -2.2868E-18       0.0000E+00
       2.2450E+00       0.0000E+00      -2.3121E-18       0.0000E+00
       2.2550E+00       0.0000E+00      -2.3370E-18       0.0000E+00
       2.2650E+00       0.0000E+00      -2.3615E-18       0.0000E+00
       2.2750E+00       0.0000E+00      -2.3854E-18       0.0000E+00
       2.2850E+00       0.0000E+00      -2.4089E-18       0.0000E+00
       2.2950E+00       0.0000E+00      -2.4320E-18       0.0000E+00
       2.3050E+00       0.0000E+00      -2.4545E-18       0.0000E+00
       2.3150E+00       0.0000E+00      -2.4765E-18       0.0000E+00
       2.3250E+00       0.0000E+00      -2.4981E-18       0.0000E+00
       2.3350E+00       0.0000E+00      -2.5191E-18       0.0000E+00
       2.3450E+00       0.0000E+00      -2.5397E-18       0.0000E+00
       2.3550E+00       0.0000E+00      -2.5597E-18       0.0000E+00
       2.3650E+00       0.0000E+00      -2.5793E-18       0.0000E+00
       2.3750E+00       0.0000E+00      -2.5983E-18       0.0000E+00
       2.3850E+00       0.0000E+00      -2.6169E-18       0.0000E+00
       2.3950E+00       0.0000E+00      -2.6350E-18       0.0000E+00
       2.4050E+00       0.0000E+00      -2.6526E-18       0.0000E+00
       2.4150E+00       0.0000E+00      -2.6697E-18       0.0000E+00
       2.4250E+00       0.0000E+00      -2.6863E-18       0.0000E+00
       2.4350E+00       0.0000E+00      -2.7025E-18       0.0000E+00
       2.4450E+00       0.0000E+00      -2.7182E-18       0.0000E+00
       2.4550E+00       0.0000E+00      -2.7335E-18       0.0000E+00
       2.4650E+00       0.0000E+00      -2.7483E-18       0.0000E+00
       2.4750E+00       0.0000E+00      -2.7627E-18       0.0000E+00
       2.4850E+00       0.0000E+00      -2.7768E-18       0.0000E+00
       2.4950E+00       0.0000E+00      -2.7904E-18       0.0000E+00
       2.5050E+00       0.0000E+00      -2.8037E-18       0.0000E+00
       2.5150E+00       0.0000E+00      -2.8166E-18       0.0000E+00
       2.5250E+00       0.0000E+00      -2.8292E-18       0.0000E+00
       2.5350E+00       0.0000E+00      -2.8415E-18       0.0000E+00
       2.5450E+00       0.0000E+00      -2.8535E-18       0.0000E+00
       2.5550E+00       0.0000E+00      -2.8652E-18       0.0000E+00
       2.5650E+00       0.0000E+00      -2.8766E-18       0.0000E+00
       2.5750E+00       0.0000E+00      -2.8879E-18       0.0000E+00
       2.5850E+00       0.0000E+00      -2.8990E-18       0.0000E+00
       2.5950E+00       0.0000E+00      -2.9098E-18       0.0000E+00
       2.6050E+00       0.0000E+00      -2.9206E-18       0.0000E+00
       2.6150E+00       0.0000E+00      -2.9312E-18       0.0000E+00
       2.6250E+00       0.0000E+00      -2.9417E-18       0.0000E+00
       2.6350E+00       0.0000E+00      -2.9522E-18       0.0000E+00
       2.6450E+00       0.0000E+00      -2.9626E-18       0.0000E+00
       2.6550E+00       0.0000E+00      -2.9731E-18       0.0000E+00
       2.6650E+00       0.0000E+00      -2.9836E-18       0.0000E+00
       2.6750E+00       0.0000E+00      -2.9941E-18       0.0000E+00
       2.6850E+00       0.0000E+00      -3.0047E-18       0.0000E+00
       2.6950E+00       0.0000E+00      -3.0155E-18       0.0000E+00
       2.7050E+00       0.0000E+00      -3.0264E-18       0.0000E+00
       2.7150E+00       0.0000E+00      -3.0376E-18       0.0000E+00
       2.7250E+00       0.0000E+00      -3.0489E-18       0.0000E+00
       2.7350E+00       0.0000E+00      -3.0605E-18       0.0000E+00
       2.7450E+00       0.0000E+00      -3.0724E-18       0.0000E+00
       2.7550E+00       0.0000E+00      -3.0847E-18       0.0000E+00
       2.7650E+00       0.0000E+00      -3.0973E-18       0.0000E+00
       2.7750E+00       0.0000E+00      -3.1103E-18       0.0000E+00
       2.7850E+00       0.0000E+00      -3.1237E-18       0.0000E+00
       2.7950E+00       0.0000E+00      -3.1377E-18       0.0000E+00
       2.8050E+00       0.0000E+00      -3.1521E-18       0.0000E+00
       2.8150E+00       0.0000E+00      -3.1670E-18       0.0000E+00
       2.8250E+00       0.0000E+00      -3.1825E-18       0.0000E+00
       2.8350E+00       0.0000E+00      -3.1986E-18       0.0000E+00
       2.8450E+00       0.0000E+00      -3.2153E-18       0.0000E+00
       2.8550E+00       0.0000E+00      -3.2326E-18       0.0000E+00
       2.8650E+00       0.0000E+00      -3.2506E-18       0.0000E+00
       2.8750E+00       0.0000E+00      -3.2692E-18       0.0000E+00
       2.8850E+00       0.0000E+00      -3.2884E-18       0.0000E+00
       2.8950E+00       0.0000E+00      -3.3083E-18       0.0000E+00
       2.9050E+00       0.0000E+00      -3.3288E-18       0.0000E+00
       2.9150E+00       0.0000E+00      -3.3497E-18       0.0000E+00
       2.9250E+00       0.0000E+00      -3.3711E-18       0.0000E+00
       2.9350E+00       0.0000E+00      -3.3927E-18       0.0000E+00
       2.9450E+00       0.0000E+00      -3.4142E-18       0.0000E+00
       2.9550E+00       0.0000E+00      -3.4353E-18       0.0000E+00
       2.9650E+00       0.0000E+00      -3.4553E-18       0.0000E+00
       2.9750E+00       0.0000E+00      -3.4735E-18       0.0000E+00
       2.9850E+00       0.0000E+00      -3.4882E-18       0.0000E+00
       2.9950E+00       0.0000E+00      -3.4974E-18       0.0000E+00
