# Time          1.0000E+01
# Units: Dimensionless (Log10(Q/Keq)
    Distance           An50Ab50AS       Kaolinite        CO2_pump     
       5.0000E-03      -1.2623E+01      -2.0466E+00      -1.0033E+03
       1.5000E-02      -1.0974E+01      -4.8592E-01      -1.0033E+03
       2.5000E-02      -1.0125E+01       2.9810E-01      -1.0033E+03
       3.5000E-02      -9.6886E+00       6.7172E-01      -1.0033E+03
       4.5000E-02      -9.4662E+00       8.2718E-01      -1.0033E+03
       5.5000E-02      -9.3354E+00       8.8426E-01      -1.0033E+03
       6.5000E-02      -9.2367E+00       9.0095E-01      -1.0033E+03
       7.5000E-02      -9.1444E+00       9.0140E-01      -1.0033E+03
       8.5000E-02      -9.0484E+00       8.9493E-01      -1.0033E+03
       9.5000E-02      -8.9444E+00       8.8495E-01      -1.0033E+03
       1.0500E-01      -8.8314E+00       8.7286E-01      -1.0033E+03
       1.1500E-01      -8.7104E+00       8.5978E-01      -1.0032E+03
       1.2500E-01      -8.5841E+00       8.4717E-01      -1.0032E+03
       1.3500E-01      -8.4561E+00       8.3648E-01      -1.0032E+03
       1.4500E-01      -8.3305E+00       8.2849E-01      -1.0032E+03
       1.5500E-01      -8.2105E+00       8.2305E-01      -1.0032E+03
       1.6500E-01      -8.0984E+00       8.1954E-01      -1.0032E+03
       1.7500E-01      -7.9952E+00       8.1733E-01      -1.0032E+03
       1.8500E-01      -7.9013E+00       8.1592E-01      -1.0032E+03
       1.9500E-01      -7.8167E+00       8.1500E-01      -1.0032E+03
       2.0500E-01      -7.7418E+00       8.1439E-01      -1.0032E+03
       2.1500E-01      -7.6769E+00       8.1397E-01      -1.0032E+03
       2.2500E-01      -7.6233E+00       8.1368E-01      -1.0032E+03
       2.3500E-01      -7.5833E+00       8.1319E-01      -1.0032E+03
       2.4500E-01      -7.5690E+00       8.0126E-01      -1.0032E+03
       2.5500E-01      -8.0973E+00       9.7564E-02      -1.0032E+03
       2.6500E-01      -8.1640E+00       8.4535E-03      -1.0032E+03
       2.7500E-01      -8.1698E+00       7.0174E-04      -1.0032E+03
       2.8500E-01      -8.1702E+00       5.8446E-05      -1.0032E+03
       2.9500E-01      -8.1702E+00       5.2977E-06      -1.0032E+03
       3.0500E-01      -8.1701E+00       9.2715E-07      -1.0032E+03
       3.1500E-01      -8.1700E+00       5.8727E-07      -1.0032E+03
       3.2500E-01      -8.1700E+00       5.8100E-07      -1.0032E+03
       3.3500E-01      -8.1699E+00       6.0290E-07      -1.0032E+03
       3.4500E-01      -8.1698E+00       6.2771E-07      -1.0032E+03
       3.5500E-01      -8.1697E+00       6.5336E-07      -1.0032E+03
       3.6500E-01      -8.1697E+00       6.7967E-07      -1.0032E+03
       3.7500E-01      -8.1696E+00       7.0662E-07      -1.0032E+03
       3.8500E-01      -8.1695E+00       7.3418E-07      -1.0032E+03
       3.9500E-01      -8.1694E+00       7.6237E-07      -1.0032E+03
       4.0500E-01      -8.1693E+00       7.9115E-07      -1.0032E+03
       4.1500E-01      -8.1692E+00       8.2053E-07      -1.0032E+03
       4.2500E-01      -8.1692E+00       8.5049E-07      -1.0032E+03
       4.3500E-01      -8.1691E+00       8.8101E-07      -1.0032E+03
       4.4500E-01      -8.1690E+00       9.1208E-07      -1.0032E+03
       4.5500E-01      -8.1689E+00       9.4368E-07      -1.0032E+03
       4.6500E-01      -8.1688E+00       9.7580E-07      -1.0032E+03
       4.7500E-01      -8.1687E+00       1.0084E-06      -1.0032E+03
       4.8500E-01      -8.1686E+00       1.0415E-06      -1.0032E+03
       4.9500E-01      -8.1685E+00       1.0750E-06      -1.0032E+03
       5.0500E-01      -8.1684E+00       1.1090E-06      -1.0032E+03
       5.1500E-01      -8.1684E+00       1.1433E-06      -1.0032E+03
       5.2500E-01      -8.1683E+00       1.1781E-06      -1.0032E+03
       5.3500E-01      -8.1682E+00       1.2131E-06      -1.0032E+03
       5.4500E-01      -8.1681E+00       1.2485E-06      -1.0032E+03
       5.5500E-01      -8.1680E+00       1.2842E-06      -1.0032E+03
       5.6500E-01      -8.1679E+00       1.3202E-06      -1.0032E+03
       5.7500E-01      -8.1678E+00       1.3563E-06      -1.0032E+03
       5.8500E-01      -8.1677E+00       1.3927E-06      -1.0032E+03
       5.9500E-01      -8.1677E+00       1.4292E-06      -1.0032E+03
       6.0500E-01      -8.1676E+00       1.4658E-06      -1.0032E+03
       6.1500E-01      -8.1675E+00       1.5026E-06      -1.0032E+03
       6.2500E-01      -8.1674E+00       1.5394E-06      -1.0032E+03
       6.3500E-01      -8.1673E+00       1.5762E-06      -1.0032E+03
       6.4500E-01      -8.1672E+00       1.6129E-06      -1.0032E+03
       6.5500E-01      -8.1672E+00       1.6497E-06      -1.0032E+03
       6.6500E-01      -8.1671E+00       1.6863E-06      -1.0032E+03
       6.7500E-01      -8.1670E+00       1.7227E-06      -1.0032E+03
       6.8500E-01      -8.1669E+00       1.7590E-06      -1.0032E+03
       6.9500E-01      -8.1669E+00       1.7951E-06      -1.0032E+03
       7.0500E-01      -8.1668E+00       1.8309E-06      -1.0032E+03
       7.1500E-01      -8.1667E+00       1.8664E-06      -1.0032E+03
       7.2500E-01      -8.1666E+00       1.9016E-06      -1.0032E+03
       7.3500E-01      -8.1666E+00       1.9364E-06      -1.0032E+03
       7.4500E-01      -8.1665E+00       1.9708E-06      -1.0032E+03
       7.5500E-01      -8.1664E+00       2.0047E-06      -1.0032E+03
       7.6500E-01      -8.1664E+00       2.0381E-06      -1.0032E+03
       7.7500E-01      -8.1663E+00       2.0710E-06      -1.0032E+03
       7.8500E-01      -8.1663E+00       2.1034E-06      -1.0032E+03
       7.9500E-01      -8.1662E+00       2.1351E-06      -1.0032E+03
       8.0500E-01      -8.1661E+00       2.1661E-06      -1.0032E+03
       8.1500E-01      -8.1661E+00       2.1965E-06      -1.0032E+03
       8.2500E-01      -8.1660E+00       2.2262E-06      -1.0032E+03
       8.3500E-01      -8.1660E+00       2.2551E-06      -1.0032E+03
       8.4500E-01      -8.1660E+00       2.2832E-06      -1.0032E+03
       8.5500E-01      -8.1659E+00       2.3105E-06      -1.0032E+03
       8.6500E-01      -8.1659E+00       2.3370E-06      -1.0032E+03
       8.7500E-01      -8.1658E+00       2.3625E-06      -1.0032E+03
       8.8500E-01      -8.1658E+00       2.3872E-06      -1.0032E+03
       8.9500E-01      -8.1658E+00       2.4110E-06      -1.0032E+03
       9.0500E-01      -8.1657E+00       2.4337E-06      -1.0032E+03
       9.1500E-01      -8.1657E+00       2.4555E-06      -1.0032E+03
       9.2500E-01      -8.1657E+00       2.4763E-06      -1.0032E+03
       9.3500E-01      -8.1657E+00       2.4961E-06      -1.0032E+03
       9.4500E-01      -8.1656E+00       2.5148E-06      -1.0032E+03
       9.5500E-01      -8.1656E+00       2.5324E-06      -1.0032E+03
       9.6500E-01      -8.1656E+00       2.5489E-06      -1.0032E+03
       9.7500E-01      -8.1656E+00       2.5644E-06      -1.0032E+03
       9.8500E-01      -8.1656E+00       2.5787E-06      -1.0032E+03
       9.9500E-01      -8.1656E+00       2.5918E-06      -1.0032E+03
       1.0050E+00      -8.1656E+00       2.6039E-06      -1.0032E+03
       1.0150E+00      -8.1656E+00       2.6147E-06      -1.0032E+03
       1.0250E+00      -8.1656E+00       2.6245E-06      -1.0032E+03
       1.0350E+00      -8.1656E+00       2.6330E-06      -1.0032E+03
       1.0450E+00      -8.1656E+00       2.6403E-06      -1.0032E+03
       1.0550E+00      -8.1656E+00       2.6465E-06      -1.0032E+03
       1.0650E+00      -8.1656E+00       2.6515E-06      -1.0032E+03
       1.0750E+00      -8.1656E+00       2.6553E-06      -1.0032E+03
       1.0850E+00      -8.1657E+00       2.6579E-06      -1.0032E+03
       1.0950E+00      -8.1657E+00       2.6594E-06      -1.0032E+03
       1.1050E+00      -8.1657E+00       2.6596E-06      -1.0032E+03
       1.1150E+00      -8.1657E+00       2.6587E-06      -1.0032E+03
       1.1250E+00      -8.1658E+00       2.6566E-06      -1.0032E+03
       1.1350E+00      -8.1658E+00       2.6534E-06      -1.0032E+03
       1.1450E+00      -8.1658E+00       2.6490E-06      -1.0032E+03
       1.1550E+00      -8.1659E+00       2.6434E-06      -1.0032E+03
       1.1650E+00      -8.1659E+00       2.6367E-06      -1.0032E+03
       1.1750E+00      -8.1659E+00       2.6289E-06      -1.0032E+03
       1.1850E+00      -8.1660E+00       2.6200E-06      -1.0032E+03
       1.1950E+00      -8.1660E+00       2.6100E-06      -1.0032E+03
       1.2050E+00      -8.1661E+00       2.5990E-06      -1.0032E+03
       1.2150E+00      -8.1661E+00       2.5868E-06      -1.0032E+03
       1.2250E+00      -8.1662E+00       2.5737E-06      -1.0032E+03
       1.2350E+00      -8.1662E+00       2.5595E-06      -1.0032E+03
       1.2450E+00      -8.1663E+00       2.5443E-06      -1.0032E+03
       1.2550E+00      -8.1663E+00       2.5282E-06      -1.0032E+03
       1.2650E+00      -8.1664E+00       2.5110E-06      -1.0032E+03
       1.2750E+00      -8.1664E+00       2.4930E-06      -1.0032E+03
       1.2850E+00      -8.1665E+00       2.4740E-06      -1.0032E+03
       1.2950E+00      -8.1666E+00       2.4542E-06      -1.0032E+03
       1.3050E+00      -8.1666E+00       2.4335E-06      -1.0032E+03
       1.3150E+00      -8.1667E+00       2.4119E-06      -1.0032E+03
       1.3250E+00      -8.1667E+00       2.3896E-06      -1.0032E+03
       1.3350E+00      -8.1668E+00       2.3665E-06      -1.0032E+03
       1.3450E+00      -8.1669E+00       2.3426E-06      -1.0032E+03
       1.3550E+00      -8.1669E+00       2.3180E-06      -1.0032E+03
       1.3650E+00      -8.1670E+00       2.2927E-06      -1.0032E+03
       1.3750E+00      -8.1671E+00       2.2667E-06      -1.0032E+03
       1.3850E+00      -8.1671E+00       2.2401E-06      -1.0032E+03
       1.3950E+00      -8.1672E+00       2.2129E-06      -1.0032E+03
       1.4050E+00      -8.1673E+00       2.1851E-06      -1.0032E+03
       1.4150E+00      -8.1673E+00       2.1568E-06      -1.0032E+03
       1.4250E+00      -8.1674E+00       2.1279E-06      -1.0032E+03
       1.4350E+00      -8.1675E+00       2.0985E-06      -1.0032E+03
       1.4450E+00      -8.1675E+00       2.0687E-06      -1.0032E+03
       1.4550E+00      -8.1676E+00       2.0384E-06      -1.0032E+03
       1.4650E+00      -8.1677E+00       2.0077E-06      -1.0032E+03
       1.4750E+00      -8.1677E+00       1.9766E-06      -1.0032E+03
       1.4850E+00      -8.1678E+00       1.9452E-06      -1.0032E+03
       1.4950E+00      -8.1679E+00       1.9134E-06      -1.0032E+03
       1.5050E+00      -8.1679E+00       1.8814E-06      -1.0032E+03
       1.5150E+00      -8.1680E+00       1.8490E-06      -1.0032E+03
       1.5250E+00      -8.1681E+00       1.8165E-06      -1.0032E+03
       1.5350E+00      -8.1681E+00       1.7837E-06      -1.0032E+03
       1.5450E+00      -8.1682E+00       1.7507E-06      -1.0032E+03
       1.5550E+00      -8.1683E+00       1.7175E-06      -1.0032E+03
       1.5650E+00      -8.1683E+00       1.6842E-06      -1.0032E+03
       1.5750E+00      -8.1684E+00       1.6508E-06      -1.0032E+03
       1.5850E+00      -8.1685E+00       1.6173E-06      -1.0032E+03
       1.5950E+00      -8.1685E+00       1.5837E-06      -1.0032E+03
       1.6050E+00      -8.1686E+00       1.5500E-06      -1.0032E+03
       1.6150E+00      -8.1686E+00       1.5163E-06      -1.0032E+03
       1.6250E+00      -8.1687E+00       1.4826E-06      -1.0032E+03
       1.6350E+00      -8.1688E+00       1.4489E-06      -1.0032E+03
       1.6450E+00      -8.1688E+00       1.4152E-06      -1.0032E+03
       1.6550E+00      -8.1689E+00       1.3815E-06      -1.0032E+03
       1.6650E+00      -8.1689E+00       1.3479E-06      -1.0032E+03
       1.6750E+00      -8.1690E+00       1.3144E-06      -1.0032E+03
       1.6850E+00      -8.1691E+00       1.2809E-06      -1.0032E+03
       1.6950E+00      -8.1691E+00       1.2475E-06      -1.0032E+03
       1.7050E+00      -8.1692E+00       1.2142E-06      -1.0032E+03
       1.7150E+00      -8.1692E+00       1.1811E-06      -1.0032E+03
       1.7250E+00      -8.1693E+00       1.1480E-06      -1.0032E+03
       1.7350E+00      -8.1693E+00       1.1151E-06      -1.0032E+03
       1.7450E+00      -8.1694E+00       1.0823E-06      -1.0032E+03
       1.7550E+00      -8.1694E+00       1.0497E-06      -1.0032E+03
       1.7650E+00      -8.1695E+00       1.0172E-06      -1.0032E+03
       1.7750E+00      -8.1695E+00       9.8486E-07      -1.0032E+03
       1.7850E+00      -8.1696E+00       9.5268E-07      -1.0032E+03
       1.7950E+00      -8.1696E+00       9.2066E-07      -1.0032E+03
       1.8050E+00      -8.1697E+00       8.8880E-07      -1.0032E+03
       1.8150E+00      -8.1697E+00       8.5709E-07      -1.0032E+03
       1.8250E+00      -8.1698E+00       8.2555E-07      -1.0032E+03
       1.8350E+00      -8.1699E+00       7.9415E-07      -1.0032E+03
       1.8450E+00      -8.1699E+00       7.6291E-07      -1.0032E+03
       1.8550E+00      -8.1700E+00       7.3181E-07      -1.0032E+03
       1.8650E+00      -8.1700E+00       7.0086E-07      -1.0032E+03
       1.8750E+00      -8.1701E+00       6.7004E-07      -1.0032E+03
       1.8850E+00      -8.1701E+00       6.3934E-07      -1.0032E+03
       1.8950E+00      -8.1702E+00       6.0876E-07      -1.0032E+03
       1.9050E+00      -8.1702E+00       5.7829E-07      -1.0032E+03
       1.9150E+00      -8.1703E+00       5.4791E-07      -1.0032E+03
       1.9250E+00      -8.1703E+00       5.1762E-07      -1.0032E+03
       1.9350E+00      -8.1704E+00       4.8741E-07      -1.0032E+03
       1.9450E+00      -8.1704E+00       4.5725E-07      -1.0032E+03
       1.9550E+00      -8.1705E+00       4.2713E-07      -1.0032E+03
       1.9650E+00      -8.1705E+00       3.9705E-07      -1.0032E+03
       1.9750E+00      -8.1706E+00       3.6698E-07      -1.0032E+03
       1.9850E+00      -8.1706E+00       3.3691E-07      -1.0032E+03
       1.9950E+00      -8.1707E+00       3.0681E-07      -1.0032E+03
       2.0050E+00      -8.1708E+00       2.7668E-07      -1.0032E+03
       2.0150E+00      -8.1708E+00       2.4648E-07      -1.0032E+03
       2.0250E+00      -8.1709E+00       2.1621E-07      -1.0032E+03
       2.0350E+00      -8.1709E+00       1.8583E-07      -1.0032E+03
       2.0450E+00      -8.1710E+00       1.5534E-07      -1.0032E+03
       2.0550E+00      -8.1711E+00       1.2469E-07      -1.0032E+03
       2.0650E+00      -8.1711E+00       9.3885E-08      -1.0032E+03
       2.0750E+00      -8.1712E+00       6.2886E-08      -1.0032E+03
       2.0850E+00      -8.1713E+00       3.1671E-08      -1.0032E+03
       2.0950E+00      -8.1714E+00       2.1625E-10      -1.0032E+03
       2.1050E+00      -8.1715E+00      -3.1504E-08      -1.0032E+03
       2.1150E+00      -8.1715E+00      -6.3515E-08      -1.0032E+03
       2.1250E+00      -8.1716E+00      -9.5845E-08      -1.0032E+03
       2.1350E+00      -8.1717E+00      -1.2852E-07      -1.0032E+03
       2.1450E+00      -8.1718E+00      -1.6157E-07      -1.0032E+03
       2.1550E+00      -8.1719E+00      -1.9501E-07      -1.0032E+03
       2.1650E+00      -8.1720E+00      -2.2889E-07      -1.0032E+03
       2.1750E+00      -8.1721E+00      -2.6322E-07      -1.0032E+03
       2.1850E+00      -8.1722E+00      -2.9804E-07      -1.0032E+03
       2.1950E+00      -8.1723E+00      -3.3338E-07      -1.0032E+03
       2.2050E+00      -8.1724E+00      -3.6926E-07      -1.0032E+03
       2.2150E+00      -8.1726E+00      -4.0572E-07      -1.0032E+03
       2.2250E+00      -8.1727E+00      -4.4279E-07      -1.0032E+03
       2.2350E+00      -8.1728E+00      -4.8050E-07      -1.0032E+03
       2.2450E+00      -8.1729E+00      -5.1887E-07      -1.0032E+03
       2.2550E+00      -8.1731E+00      -5.5795E-07      -1.0032E+03
       2.2650E+00      -8.1732E+00      -5.9776E-07      -1.0032E+03
       2.2750E+00      -8.1734E+00      -6.3834E-07      -1.0032E+03
       2.2850E+00      -8.1735E+00      -6.7971E-07      -1.0032E+03
       2.2950E+00      -8.1737E+00      -7.2191E-07      -1.0032E+03
       2.3050E+00      -8.1739E+00      -7.6498E-07      -1.0032E+03
       2.3150E+00      -8.1741E+00      -8.0894E-07      -1.0032E+03
       2.3250E+00      -8.1742E+00      -8.5383E-07      -1.0032E+03
       2.3350E+00      -8.1744E+00      -8.9968E-07      -1.0032E+03
       2.3450E+00      -8.1746E+00      -9.4652E-07      -1.0032E+03
       2.3550E+00      -8.1748E+00      -9.9440E-07      -1.0032E+03
       2.3650E+00      -8.1750E+00      -1.0433E-06      -1.0032E+03
       2.3750E+00      -8.1753E+00      -1.0934E-06      -1.0032E+03
       2.3850E+00      -8.1755E+00      -1.1445E-06      -1.0032E+03
       2.3950E+00      -8.1757E+00      -1.1968E-06      -1.0032E+03
       2.4050E+00      -8.1760E+00      -1.2504E-06      -1.0032E+03
       2.4150E+00      -8.1762E+00      -1.3051E-06      -1.0032E+03
       2.4250E+00      -8.1765E+00      -1.3611E-06      -1.0032E+03
       2.4350E+00      -8.1768E+00      -1.4184E-06      -1.0032E+03
       2.4450E+00      -8.1771E+00      -1.4771E-06      -1.0032E+03
       2.4550E+00      -8.1774E+00      -1.5371E-06      -1.0032E+03
       2.4650E+00      -8.1777E+00      -1.5985E-06      -1.0032E+03
       2.4750E+00      -8.1780E+00      -1.6613E-06      -1.0032E+03
       2.4850E+00      -8.1783E+00      -1.7256E-06      -1.0032E+03
       2.4950E+00      -8.1787E+00      -1.7914E-06      -1.0032E+03
       2.5050E+00      -8.1790E+00      -1.8588E-06      -1.0032E+03
       2.5150E+00      -8.1794E+00      -1.9277E-06      -1.0032E+03
       2.5250E+00      -8.1798E+00      -1.9982E-06      -1.0032E+03
       2.5350E+00      -8.1801E+00      -2.0703E-06      -1.0032E+03
       2.5450E+00      -8.1806E+00      -2.1441E-06      -1.0032E+03
       2.5550E+00      -8.1810E+00      -2.2197E-06      -1.0032E+03
       2.5650E+00      -8.1814E+00      -2.2969E-06      -1.0032E+03
       2.5750E+00      -8.1818E+00      -2.3759E-06      -1.0032E+03
       2.5850E+00      -8.1823E+00      -2.4568E-06      -1.0032E+03
       2.5950E+00      -8.1828E+00      -2.5394E-06      -1.0032E+03
       2.6050E+00      -8.1833E+00      -2.6240E-06      -1.0032E+03
       2.6150E+00      -8.1838E+00      -2.7104E-06      -1.0032E+03
       2.6250E+00      -8.1843E+00      -2.7988E-06      -1.0032E+03
       2.6350E+00      -8.1848E+00      -2.8892E-06      -1.0032E+03
       2.6450E+00      -8.1854E+00      -2.9815E-06      -1.0032E+03
       2.6550E+00      -8.1859E+00      -3.0759E-06      -1.0032E+03
       2.6650E+00      -8.1865E+00      -3.1724E-06      -1.0032E+03
       2.6750E+00      -8.1871E+00      -3.2709E-06      -1.0032E+03
       2.6850E+00      -8.1877E+00      -3.3717E-06      -1.0032E+03
       2.6950E+00      -8.1884E+00      -3.4745E-06      -1.0032E+03
       2.7050E+00      -8.1890E+00      -3.5796E-06      -1.0032E+03
       2.7150E+00      -8.1897E+00      -3.6869E-06      -1.0032E+03
       2.7250E+00      -8.1904E+00      -3.7965E-06      -1.0032E+03
       2.7350E+00      -8.1911E+00      -3.9084E-06      -1.0032E+03
       2.7450E+00      -8.1919E+00      -4.0226E-06      -1.0032E+03
       2.7550E+00      -8.1926E+00      -4.1392E-06      -1.0032E+03
       2.7650E+00      -8.1934E+00      -4.2581E-06      -1.0032E+03
       2.7750E+00      -8.1942E+00      -4.3795E-06      -1.0032E+03
       2.7850E+00      -8.1950E+00      -4.5034E-06      -1.0032E+03
       2.7950E+00      -8.1959E+00      -4.6298E-06      -1.0032E+03
       2.8050E+00      -8.1967E+00      -4.7587E-06      -1.0032E+03
       2.8150E+00      -8.1976E+00      -4.8902E-06      -1.0032E+03
       2.8250E+00      -8.1986E+00      -5.0243E-06      -1.0032E+03
       2.8350E+00      -8.1995E+00      -5.1611E-06      -1.0032E+03
       2.8450E+00      -8.2004E+00      -5.3005E-06      -1.0032E+03
       2.8550E+00      -8.2014E+00      -5.4427E-06      -1.0032E+03
       2.8650E+00      -8.2024E+00      -5.5876E-06      -1.0032E+03
       2.8750E+00      -8.2035E+00      -5.7354E-06      -1.0032E+03
       2.8850E+00      -8.2045E+00      -5.8862E-06      -1.0032E+03
       2.8950E+00      -8.2056E+00      -6.0400E-06      -1.0032E+03
       2.9050E+00      -8.2066E+00      -6.1969E-06      -1.0032E+03
       2.9150E+00      -8.2077E+00      -6.3571E-06      -1.0032E+03
       2.9250E+00      -8.2088E+00      -6.5206E-06      -1.0032E+03
       2.9350E+00      -8.2099E+00      -6.6875E-06      -1.0032E+03
       2.9450E+00      -8.2109E+00      -6.8574E-06      -1.0032E+03
       2.9550E+00      -8.2120E+00      -7.0294E-06      -1.0032E+03
       2.9650E+00      -8.2129E+00      -7.2008E-06      -1.0032E+03
       2.9750E+00      -8.2137E+00      -7.3656E-06      -1.0032E+03
       2.9850E+00      -8.2144E+00      -7.5103E-06      -1.0032E+03
       2.9950E+00      -8.2147E+00      -7.6071E-06      -1.0032E+03
