# Time series at grid cell: 200   1   1
  Time(yrs)                  pH                     H+                     CO2(aq)                Mg++                   Ca++                  
  1.00000E-14                4.99986353362570E+00   5.38830890044946E-06   1.06986865538426E-04   9.77451317326649E-05   1.46713129625155E-04
  2.00000E-14                5.00044110830213E+00   5.38830890044917E-06   1.06997690247342E-04   9.78896575875472E-05   1.47014984045291E-04
  3.00000E-14                5.00044222627044E+00   5.38830890044887E-06   1.06997711091272E-04   9.78899352624055E-05   1.47015576567077E-04
  4.00000E-14                5.00044222845018E+00   5.38830890044858E-06   1.06997711131912E-04   9.78899358037831E-05   1.47015577722358E-04
  5.00000E-14                5.00044222845444E+00   5.38830890044829E-06   1.06997711131991E-04   9.78899358048354E-05   1.47015577724606E-04
  7.00000E-14                5.00044222845446E+00   5.38830890044770E-06   1.06997711131991E-04   9.78899358048209E-05   1.47015577724585E-04
  1.10000E-13                5.00044222845449E+00   5.38830890044651E-06   1.06997711131991E-04   9.78899358048228E-05   1.47015577724588E-04
  1.90000E-13                5.00044222845454E+00   5.38830890044419E-06   1.06997711131992E-04   9.78899358048213E-05   1.47015577724585E-04
  3.50000E-13                5.00044222845464E+00   5.38830890043949E-06   1.06997711131992E-04   9.78899358048213E-05   1.47015577724585E-04
  6.70000E-13                5.00044222845485E+00   5.38830890043009E-06   1.06997711131993E-04   9.78899358048214E-05   1.47015577724585E-04
  1.31000E-12                5.00044222845527E+00   5.38830890041132E-06   1.06997711131996E-04   9.78899358048256E-05   1.47015577724592E-04
  2.59000E-12                5.00044222845611E+00   5.38830890037376E-06   1.06997711132001E-04   9.78899358048329E-05   1.47015577724603E-04
  5.15000E-12                5.00044222845779E+00   5.38830890029866E-06   1.06997711132011E-04   9.78899358048377E-05   1.47015577724611E-04
  1.02700E-11                5.00044222846114E+00   5.38830890014846E-06   1.06997711132031E-04   9.78899358048325E-05   1.47015577724603E-04
  2.05100E-11                5.00044222846784E+00   5.38830889984806E-06   1.06997711132070E-04   9.78899358048270E-05   1.47015577724595E-04
  4.09900E-11                5.00044222848125E+00   5.38830889924725E-06   1.06997711132150E-04   9.78899358048332E-05   1.47015577724604E-04
  8.19500E-11                5.00044222850807E+00   5.38830889804560E-06   1.06997711132308E-04   9.78899358048395E-05   1.47015577724614E-04
  1.63870E-10                5.00044222856170E+00   5.38830889564229E-06   1.06997711132626E-04   9.78899358048340E-05   1.47015577724606E-04
  3.27710E-10                5.00044222866897E+00   5.38830889083567E-06   1.06997711133262E-04   9.78899358048465E-05   1.47015577724625E-04
  6.55390E-10                5.00044222888350E+00   5.38830888122249E-06   1.06997711134533E-04   9.78899358048591E-05   1.47015577724646E-04
  1.31075E-09                5.00044222931256E+00   5.38830886199609E-06   1.06997711137074E-04   9.78899358048620E-05   1.47015577724653E-04
  2.62147E-09                5.00044223017069E+00   5.38830882354330E-06   1.06997711142158E-04   9.78899358048893E-05   1.47015577724701E-04
  5.24291E-09                5.00044223188695E+00   5.38830874663769E-06   1.06997711152325E-04   9.78899358049346E-05   1.47015577724781E-04
  1.04858E-08                5.00044223531947E+00   5.38830859282649E-06   1.06997711172660E-04   9.78899358050368E-05   1.47015577724960E-04
  2.09715E-08                5.00044224218450E+00   5.38830828520408E-06   1.06997711213329E-04   9.78899358052467E-05   1.47015577725326E-04
  4.19431E-08                5.00044225591457E+00   5.38830766995929E-06   1.06997711294667E-04   9.78899358056536E-05   1.47015577726038E-04
  8.38861E-08                5.00044228337470E+00   5.38830643946969E-06   1.06997711457344E-04   9.78899358064742E-05   1.47015577727472E-04
  1.67772E-07                5.00044233829497E+00   5.38830397849048E-06   1.06997711782697E-04   9.78899358081091E-05   1.47015577730331E-04
  3.35544E-07                5.00044244813550E+00   5.38829905653208E-06   1.06997712433403E-04   9.78899358113645E-05   1.47015577736029E-04
  6.71089E-07                5.00044266781657E+00   5.38828921261529E-06   1.06997713734817E-04   9.78899358178649E-05   1.47015577747407E-04
  1.34218E-06                5.00044310717868E+00   5.38826952478172E-06   1.06997716337645E-04   9.78899358308757E-05   1.47015577770178E-04
  2.68435E-06                5.00044398590287E+00   5.38823014911472E-06   1.06997721543308E-04   9.78899358568800E-05   1.47015577815694E-04
  5.36871E-06                5.00044574335103E+00   5.38815139778114E-06   1.06997731954665E-04   9.78899359088784E-05   1.47015577906712E-04
  1.07374E-05                5.00044925824657E+00   5.38799389511585E-06   1.06997752777494E-04   9.78899360129117E-05   1.47015578088801E-04
  2.14748E-05                5.00045628803448E+00   5.38767888979271E-06   1.06997794423617E-04   9.78899362209560E-05   1.47015578452947E-04
  4.29497E-05                5.00047034759758E+00   5.38704887917625E-06   1.06997877717726E-04   9.78899366370757E-05   1.47015579181285E-04
  8.58993E-05                5.00049846667284E+00   5.38578885806347E-06   1.06998044313389E-04   9.78899374693090E-05   1.47015580637950E-04
  1.71799E-04                5.00055470461888E+00   5.38326881632540E-06   1.06998377534493E-04   9.78899391337603E-05   1.47015583551254E-04
  3.43597E-04                5.00066717969934E+00   5.37822873485462E-06   1.06999044086632E-04   9.78899424626609E-05   1.47015589377839E-04
  6.87195E-04                5.00089213822722E+00   5.36814858039188E-06   1.07000368696698E-04   9.78899491203861E-05   1.47015601030812E-04
  1.37439E-03                5.00134356039764E+00   5.34798830925778E-06   1.07001857399808E-04   9.78899624298022E-05   1.47015624326226E-04
  2.74878E-03                5.00229171641823E+00   5.30766795306295E-06   1.06970213636681E-04   9.78899888550825E-05   1.47015670579856E-04
  5.49756E-03                5.00462960480279E+00   5.22702833828386E-06   1.06572377638311E-04   9.78900393968287E-05   1.47015758901457E-04
  1.09951E-02                5.01102444291391E+00   5.06575783722711E-06   1.04513592150229E-04   9.78901278305886E-05   1.47015911403395E-04
  2.13234E-02                5.02575341779231E+00   4.76286816263855E-06   9.89180267905591E-05   9.78902715052527E-05   1.47016149589943E-04
  3.71789E-02                5.04993244130052E+00   4.29868807578775E-06   9.01063401450748E-05   9.78905065333110E-05   1.47016521595022E-04
  6.88900E-02                5.09722192563696E+00   3.38916325867481E-06   7.57130720753303E-05   9.78908432155364E-05   1.47017043785085E-04
  1.14852E-01                5.15782162580734E+00   2.28721437890896E-06   6.07510814276791E-05   9.78915512959147E-05   1.47018152162293E-04
  2.06777E-01                5.22391406026168E+00   1.55931583623660E-06   4.40564540658044E-05   9.78923385020637E-05   1.47019359758780E-04
  2.90627E-01                5.25461767013850E+00   1.53818283790053E-06   3.51825094661743E-05   9.78925497750674E-05   1.47019501884947E-04
  4.06816E-01                5.27401414593444E+00   1.67483460520373E-06   2.90292301961214E-05   9.78921793178201E-05   1.47018731222298E-04
  5.19770E-01                5.28348051511399E+00   1.77301900656530E-06   2.59972301149228E-05   9.78917512824103E-05   1.47017897159494E-04
  6.48382E-01                5.28862402555443E+00   1.83301821792042E-06   2.43611350965321E-05   9.78915131824352E-05   1.47017434945795E-04
  8.02596E-01                5.29129300801868E+00   1.86540105591249E-06   2.35201850133031E-05   9.78915805571421E-05   1.47017477381714E-04
  9.76803E-01                5.29250139808138E+00   1.88040816532422E-06   2.31412947174223E-05   9.78934067771820E-05   1.47020189756655E-04
  1.00000E+00                5.29263773154041E+00   1.88209245723278E-06   2.30987745674879E-05   9.78936680253963E-05   1.47020573173126E-04
  1.04639E+00                5.29283194949364E+00   1.88453796681104E-06   2.30380459650536E-05   9.78944090747386E-05   1.47021685089952E-04
  1.13841E+00                5.29304270209808E+00   1.88737186516725E-06   2.29714476590289E-05   9.78970562893114E-05   1.47025660131869E-04
  1.27074E+00                5.29317463964314E+00   1.88982115225290E-06   2.29273885424451E-05   9.79064716815113E-05   1.47039803928775E-04
  1.45841E+00                5.29320800211236E+00   1.89443604973660E-06   2.29044414558626E-05   9.79541148669508E-05   1.47111373497953E-04
  1.68165E+00                5.29311552611983E+00   1.91029829422208E-06   2.28954490883845E-05   9.81429314071230E-05   1.47395042919879E-04
  1.95215E+00                5.29292029549933E+00   1.96732076919522E-06   2.28925924367504E-05   9.88151828479347E-05   1.48405047666267E-04
  2.25499E+00                5.29363102609361E+00   2.09866383943788E-06   2.28961933355860E-05   1.00536484172617E-04   1.50991717802632E-04
  2.60276E+00                5.30142369976865E+00   2.25454556688626E-06   2.29333052849555E-05   1.04232380510276E-04   1.56546736122932E-04
  2.98850E+00                5.33579521647817E+00   2.05940130340365E-06   2.30996557956092E-05   1.10471293190004E-04   1.65927539210535E-04
  3.42324E+00                5.43000741880382E+00   9.00130763829969E-07   2.36256155514408E-05   1.19383920113180E-04   1.79334857352027E-04
  3.90493E+00                5.59004893840883E+00  -1.33522996232574E-06   2.48259162561028E-05   1.29890973778529E-04   1.95152742255866E-04
  4.40493E+00                5.75529129360161E+00  -3.93156494498575E-06   2.66309506496430E-05   1.39858866747595E-04   2.10176314713816E-04
  4.90493E+00                5.87992217925522E+00  -6.27073351951148E-06   2.85308085342151E-05   1.47952272855881E-04   2.22389697901514E-04
  5.00000E+00                5.90034045061436E+00  -6.70427218501665E-06   2.88995406559153E-05   1.49455435430765E-04   2.24697508669536E-04
  5.19013E+00                5.93665945781926E+00  -7.50282036824003E-06   2.95938243437397E-05   1.52055922446873E-04   2.28614026103831E-04
  5.52094E+00                5.98511271664419E+00  -8.65394835345363E-06   3.06205692718408E-05   1.55610155494244E-04   2.33971234658706E-04
  5.98554E+00                6.02999595385570E+00  -9.81904640837415E-06   3.16810002066990E-05   1.58987173166132E-04   2.39069826313299E-04
  6.48554E+00                6.05958494459118E+00  -1.06455925907165E-05   3.24420361253824E-05   1.61236416603597E-04   2.42474399776959E-04
  6.98554E+00                6.07711589912146E+00  -1.11590664517336E-05   3.29178976770284E-05   1.62538922744469E-04   2.44449342274168E-04
  7.48554E+00                6.08714958789593E+00  -1.14613898567052E-05   3.31992614009563E-05   1.63230790323248E-04   2.45500236141038E-04
  7.98554E+00                6.09266839356808E+00  -1.16304356647892E-05   3.33570203546155E-05   1.63536714718910E-04   2.45967004606096E-04
  8.48554E+00                6.09556206330176E+00  -1.17198761343585E-05   3.34406326295818E-05   1.63589646794254E-04   2.46051220877173E-04
  8.98554E+00                6.09698263823961E+00  -1.17639638379508E-05   3.34818886368971E-05   1.63458168900653E-04   2.45857216588371E-04
  9.48554E+00                6.09760493752884E+00  -1.17832538254448E-05   3.34999462079182E-05   1.63170712219737E-04   2.45428567189904E-04
  9.98554E+00                6.09780897561630E+00  -1.17894637057398E-05   3.35057526884645E-05   1.62733826794063E-04   2.44775660286565E-04
  1.00000E+01                6.09781782164102E+00  -1.17896323231054E-05   3.35058989786235E-05   1.62720758408273E-04   2.44755729617788E-04
  1.00289E+01                6.09782779024552E+00  -1.17899296885216E-05   3.35061745256245E-05   1.62694737174388E-04   2.44716824258596E-04
  1.00868E+01                6.09784290173679E+00  -1.17903778695046E-05   3.35065931030064E-05   1.62640720649129E-04   2.44636060221508E-04
  1.02025E+01                6.09785759838405E+00  -1.17907929177227E-05   3.35069807314174E-05   1.62524774756246E-04   2.44462690375225E-04
  1.04339E+01                6.09784446599632E+00  -1.17902984852038E-05   3.35065139410393E-05   1.62260718635855E-04   2.44067826676916E-04
  1.08968E+01                6.09773163741493E+00  -1.17865908118946E-05   3.35030268455813E-05   1.61598414787069E-04   2.43077368129270E-04
  1.13968E+01                6.09756491576469E+00  -1.17810309294702E-05   3.34977890158750E-05   1.60722701491217E-04   2.41767237635987E-04
  1.18968E+01                6.09737680593673E+00  -1.17746965372022E-05   3.34918165809596E-05   1.59689162358527E-04   2.40220771490303E-04
  1.23968E+01                6.09717872280351E+00  -1.17679650929116E-05   3.34854651660857E-05   1.58506332820534E-04   2.38450814654850E-04
  1.28968E+01                6.09697687765466E+00  -1.17610364810477E-05   3.34789226947794E-05   1.57188378340076E-04   2.36478557086296E-04
  1.33968E+01                6.09677489719334E+00  -1.17540327088557E-05   3.34723042545016E-05   1.55753732719716E-04   2.34331573298305E-04
  1.38968E+01                6.09657491308689E+00  -1.17470310754947E-05   3.34656831629143E-05   1.54223522550160E-04   2.32041465864077E-04
  1.43968E+01                6.09637784301052E+00  -1.17400721842569E-05   3.34590984165009E-05   1.52620238575334E-04   2.29641879080068E-04
  1.48968E+01                6.09618359239984E+00  -1.17331657085254E-05   3.34525600558917E-05   1.50966709211904E-04   2.27166966041383E-04
  1.50000E+01                6.09615912107520E+00  -1.17317401095129E-05   3.34511750538834E-05   1.50622806115473E-04   2.26650434358321E-04
  1.52065E+01                6.09607568769345E+00  -1.17289014401605E-05   3.34484923544394E-05   1.49932228650998E-04   2.25617224007645E-04
  1.56195E+01                6.09590943706445E+00  -1.17232459158894E-05   3.34431557133443E-05   1.48536334662176E-04   2.23528694549764E-04
  1.61195E+01                6.09571464459093E+00  -1.17163969191327E-05   3.34366780982803E-05   1.46846425132119E-04   2.20999402963691E-04
  1.66195E+01                6.09552203814433E+00  -1.17095133301957E-05   3.34301593496639E-05   1.45176693473505E-04   2.18499793036251E-04
  1.71195E+01                6.09532716229551E+00  -1.17025765972887E-05   3.34235917628086E-05   1.43543823891517E-04   2.16055246574610E-04
  1.76195E+01                6.09512988163443E+00  -1.16955921758153E-05   3.34169815597021E-05   1.41961790631193E-04   2.13686701200588E-04
  1.81195E+01                6.09493080700909E+00  -1.16885867956692E-05   3.34103544698004E-05   1.40442015701051E-04   2.11411275744364E-04
  1.86195E+01                6.09473082570761E+00  -1.16815940588178E-05   3.34037424912607E-05   1.38993266606068E-04   2.09242114114693E-04
  1.91195E+01                6.09453059767950E+00  -1.16746388507216E-05   3.33971693152191E-05   1.37621814705892E-04   2.07188620573163E-04
  1.96195E+01                6.09433028942158E+00  -1.16677293358403E-05   3.33906428449277E-05   1.36331794863202E-04   2.05256998660741E-04
  2.00000E+01                6.09418118002083E+00  -1.16624945189839E-05   3.33856920524921E-05   1.35398642426938E-04   2.03859341291548E-04
  2.05000E+01                6.09397633373436E+00  -1.16556420897835E-05   3.33792343172732E-05   1.34257215519704E-04   2.02150495668161E-04
  2.10000E+01                6.09377340794489E+00  -1.16487924569825E-05   3.33727756558220E-05   1.33200111163998E-04   2.00567525622939E-04
  2.15000E+01                6.09356835462435E+00  -1.16419282750173E-05   3.33663072814456E-05   1.32226718245948E-04   1.99109887336462E-04
  2.20000E+01                6.09336093051873E+00  -1.16350418234901E-05   3.33598221762199E-05   1.31335079371761E-04   1.97774664568728E-04
  2.25000E+01                6.09315128101717E+00  -1.16281365047932E-05   3.33533234845089E-05   1.30522408313493E-04   1.96557698370137E-04
  2.30000E+01                6.09293979661295E+00  -1.16212227173467E-05   3.33468208292589E-05   1.29785156384657E-04   1.95453685925469E-04
  2.35000E+01                6.09272690729373E+00  -1.16143115583918E-05   3.33403244420045E-05   1.29119127458443E-04   1.94456352078392E-04
  2.40000E+01                6.09251292450072E+00  -1.16074100575241E-05   3.33338407086845E-05   1.28519653003455E-04   1.93558711577375E-04
  2.45000E+01                6.09229798941211E+00  -1.16005197399455E-05   3.33273708366357E-05   1.27981789099930E-04   1.92753364796012E-04
  2.50000E+01                6.09208211165824E+00  -1.15936379745741E-05   3.33209121307224E-05   1.27500489910721E-04   1.92032758240266E-04
  2.55000E+01                6.09186524512814E+00  -1.15867604208396E-05   3.33144602945002E-05   1.27070735725212E-04   1.91389376737882E-04
  2.60000E+01                6.09164735341284E+00  -1.15798831044512E-05   3.33080113795839E-05   1.26687619636227E-04   1.90815873352356E-04
  2.65000E+01                6.09142844352797E+00  -1.15730034826131E-05   3.33015627855432E-05   1.26346408374915E-04   1.90305160415693E-04
  2.70000E+01                6.09120856982264E+00  -1.15661205789203E-05   3.32951133871522E-05   1.26042590643017E-04   1.89850481819485E-04
  2.75000E+01                6.09098782062354E+00  -1.15592345886331E-05   3.32886631659772E-05   1.25771918890260E-04   1.89445475562552E-04
  2.80000E+01                6.09076630018023E+00  -1.15523463436545E-05   3.32822127108647E-05   1.25530444579974E-04   1.89084226633532E-04
  2.85000E+01                6.09054411359547E+00  -1.15454568704437E-05   3.32757628058216E-05   1.25314544691037E-04   1.88761306827374E-04
  2.90000E+01                6.09032135741690E+00  -1.15385671184253E-05   3.32693141771802E-05   1.25120937612639E-04   1.88471798698664E-04
  2.95000E+01                6.09009811541659E+00  -1.15316778413163E-05   3.32628673835789E-05   1.24946688037981E-04   1.88211303035884E-04
  3.00000E+01                6.08987445788837E+00  -1.15247895789153E-05   3.32564227993085E-05   1.24789201799143E-04   1.87975931255342E-04
  3.05000E+01                6.08965044279306E+00  -1.15179026887889E-05   3.32499806438363E-05   1.24646212374469E-04   1.87762285304952E-04
  3.10000E+01                6.08942611757454E+00  -1.15110173932023E-05   3.32435410251479E-05   1.24515761068302E-04   1.87567428074694E-04
  3.15000E+01                6.08920152100125E+00  -1.15041338229607E-05   3.32371039797634E-05   1.24396172797128E-04   1.87388847213139E-04
  3.20000E+01                6.08897668476813E+00  -1.14972520513051E-05   3.32306695034214E-05   1.24286029190607E-04   1.87224414911050E-04
  3.25000E+01                6.08875163479059E+00  -1.14903721172933E-05   3.32242375715237E-05   1.24184140440086E-04   1.87072345798951E-04
  3.30000E+01                6.08852639224090E+00  -1.14834940406726E-05   3.32178081518190E-05   1.24089517053220E-04   1.86931154694572E-04
  3.35000E+01                6.08830097437720E+00  -1.14766178307616E-05   3.32113812113303E-05   1.24001342420304E-04   1.86799615556846E-04
  3.40000E+01                6.08807539522967E+00  -1.14697434914858E-05   3.32049567198422E-05   1.23918946870967E-04   1.86676722663086E-04
  3.45000E+01                6.08784966617423E+00  -1.14628710241054E-05   3.31985346511311E-05   1.23841783699278E-04   1.86561654725691E-04
  3.50000E+01                6.08762379641675E+00  -1.14560004286328E-05   3.31921149833499E-05   1.23769407461956E-04   1.86453742405206E-04
  3.55000E+01                6.08739779341981E+00  -1.14491317045399E-05   3.31856976985043E-05   1.23701454707900E-04   1.86352439457312E-04
  3.60000E+01                6.08717166325682E+00  -1.14422648510941E-05   3.31792827820029E-05   1.23637627177842E-04   1.86257297572629E-04
  3.65000E+01                6.08694541092585E+00  -1.14353998675089E-05   3.31728702218971E-05   1.23577677419419E-04   1.86167944828206E-04
  3.70000E+01                6.08671904060034E+00  -1.14285367530049E-05   3.31664600084556E-05   1.23521396693218E-04   1.86084067565181E-04
  3.75000E+01                6.08649255584470E+00  -1.14216755068292E-05   3.31600521334674E-05   1.23468604997026E-04   1.86005395434721E-04
  3.80000E+01                6.08626595978773E+00  -1.14148161282580E-05   3.31536465898672E-05   1.23419143005104E-04   1.85931689308786E-04
  3.85000E+01                6.08603925526018E+00  -1.14079586165912E-05   3.31472433713724E-05   1.23372865703968E-04   1.85862731729225E-04
  3.90000E+01                6.08581244490004E+00  -1.14011029711466E-05   3.31408424721271E-05   1.23329637502412E-04   1.85798319563089E-04
  3.95000E+01                6.08558553123384E+00  -1.13942491912533E-05   3.31344438865140E-05   1.23289328598749E-04   1.85738258539787E-04
  4.00000E+01                6.08535851673184E+00  -1.13873972762473E-05   3.31280476091346E-05   1.23251812399879E-04   1.85682359363060E-04
  4.05000E+01                6.08513140384609E+00  -1.13805472254676E-05   3.31216536344763E-05   1.23216963802685E-04   1.85630435114502E-04
  4.10000E+01                6.08490419503661E+00  -1.13736990382537E-05   3.31152619568578E-05   1.23184658166695E-04   1.85582299692856E-04
  4.15000E+01                6.08467689277951E+00  -1.13668527139444E-05   3.31088725706608E-05   1.23154770826763E-04   1.85537767062943E-04
  4.20000E+01                6.08444949957067E+00  -1.13600082518773E-05   3.31024854699807E-05   1.23127177014387E-04   1.85496651117714E-04
  4.25000E+01                6.08422201792195E+00  -1.13531656513884E-05   3.30961006489025E-05   1.23101752075659E-04   1.85458765985932E-04
  4.30000E+01                6.08399445035097E+00  -1.13463249118130E-05   3.30897181013577E-05   1.23078371892173E-04   1.85423926645318E-04
  4.35000E+01                6.08376679936828E+00  -1.13394860324860E-05   3.30833378212182E-05   1.23056913428026E-04   1.85391949726153E-04
  4.40000E+01                6.08353906746402E+00  -1.13326490127438E-05   3.30769598023297E-05   1.23037255341295E-04   1.85362654413106E-04
  4.45000E+01                6.08331125709641E+00  -1.13258138519244E-05   3.30705840385942E-05   1.23019278611789E-04   1.85335863373089E-04
  4.50000E+01                6.08308337067337E+00  -1.13189805493688E-05   3.30642105239671E-05   1.23002867148704E-04   1.85311403654664E-04
  4.55000E+01                6.08285541054032E+00  -1.13121491044227E-05   3.30578392524046E-05   1.22987908351649E-04   1.85289107519172E-04
  4.60000E+01                6.08262737897141E+00  -1.13053195164366E-05   3.30514702181535E-05   1.22974293607111E-04   1.85268813176675E-04
  4.65000E+01                6.08239927815560E+00  -1.12984917847671E-05   3.30451034155118E-05   1.22961918709176E-04   1.85250365409861E-04
  4.70000E+01                6.08217111018930E+00  -1.12916659087777E-05   3.30387388390365E-05   1.22950684199051E-04   1.85233616077607E-04
  4.75000E+01                6.08194287706979E+00  -1.12848418878393E-05   3.30323764835249E-05   1.22940495622187E-04   1.85218424496328E-04
  4.80000E+01                6.08171458069203E+00  -1.12780197213307E-05   3.30260163439156E-05   1.22931263705229E-04   1.85204657702279E-04
  4.85000E+01                6.08148622284184E+00  -1.12711994086388E-05   3.30196584154944E-05   1.22922904457437E-04   1.85192190601672E-04
  4.90000E+01                6.08125780519772E+00  -1.12643809491592E-05   3.30133026937166E-05   1.22915339202902E-04   1.85180906017968E-04
  4.95000E+01                6.08102932932773E+00  -1.12575643422959E-05   3.30069491744010E-05   1.22908494550978E-04   1.85170694647309E-04
  5.00000E+01                6.08080079669105E+00  -1.12507495874614E-05   3.30005978535433E-05   1.22902302312874E-04   1.85161454933910E-04
