# Time          5.0000E+00
# Units: Mol/kgw
    Distance           H+               CO2(aq)          Mg++             Ca++             K+               SiO2(aq)         Na+              Al+++            Cl-              NO3-             Tracer       
       5.0000E-03       1.0876E-05       1.6197E-05       1.2003E-04       1.8028E-04       1.9972E-05       1.1534E-06       8.0009E-04       8.9464E-07       1.0343E-03       2.0000E-04       2.0000E-04
       1.5000E-02       7.9182E-06       1.6802E-05       1.2011E-04       1.8075E-04       1.9904E-05       2.5276E-06       8.0015E-04       1.4925E-06       1.0343E-03       2.0000E-04       2.0000E-04
       2.5000E-02       5.9061E-06       1.7389E-05       1.2026E-04       1.8120E-04       1.9815E-05       3.5865E-06       8.0009E-04       1.7751E-06       1.0343E-03       2.0000E-04       2.0000E-04
       3.5000E-02       4.7898E-06       1.7928E-05       1.2047E-04       1.8165E-04       1.9702E-05       4.3467E-06       7.9989E-04       1.7591E-06       1.0343E-03       2.0000E-04       2.0000E-04
       4.5000E-02       4.2008E-06       1.8425E-05       1.2075E-04       1.8211E-04       1.9563E-05       4.9310E-06       7.9954E-04       1.5674E-06       1.0343E-03       2.0000E-04       2.0000E-04
       5.5000E-02       3.8031E-06       1.8901E-05       1.2108E-04       1.8263E-04       1.9397E-05       5.4516E-06       7.9902E-04       1.3120E-06       1.0343E-03       2.0000E-04       2.0000E-04
       6.5000E-02       3.4162E-06       1.9373E-05       1.2145E-04       1.8320E-04       1.9206E-05       5.9685E-06       7.9832E-04       1.0531E-06       1.0343E-03       2.0000E-04       2.0000E-04
       7.5000E-02       2.9608E-06       1.9857E-05       1.2188E-04       1.8385E-04       1.8990E-05       6.5080E-06       7.9742E-04       8.1712E-07       1.0343E-03       2.0000E-04       2.0000E-04
       8.5000E-02       2.4047E-06       2.0367E-05       1.2236E-04       1.8456E-04       1.8751E-05       7.0809E-06       7.9631E-04       6.1496E-07       1.0343E-03       2.0000E-04       2.0000E-04
       9.5000E-02       1.7368E-06       2.0918E-05       1.2289E-04       1.8536E-04       1.8491E-05       7.6907E-06       7.9497E-04       4.5040E-07       1.0343E-03       2.0000E-04       2.0000E-04
       1.0500E-01       9.5812E-07       2.1528E-05       1.2347E-04       1.8624E-04       1.8216E-05       8.3370E-06       7.9339E-04       3.2325E-07       1.0343E-03       2.0000E-04       2.0000E-04
       1.1500E-01       7.9250E-08       2.2215E-05       1.2411E-04       1.8720E-04       1.7928E-05       9.0160E-06       7.9157E-04       2.3017E-07       1.0343E-03       2.0000E-04       2.0000E-04
       1.2500E-01      -8.8152E-07       2.2990E-05       1.2480E-04       1.8823E-04       1.7633E-05       9.7213E-06       7.8950E-04       1.6538E-07       1.0343E-03       2.0000E-04       2.0000E-04
       1.3500E-01      -1.9020E-06       2.3852E-05       1.2554E-04       1.8934E-04       1.7334E-05       1.0445E-05       7.8718E-04       1.2193E-07       1.0343E-03       2.0000E-04       2.0000E-04
       1.4500E-01      -2.9607E-06       2.4792E-05       1.2633E-04       1.9053E-04       1.7038E-05       1.1179E-05       7.8462E-04       9.3276E-08       1.0343E-03       2.0000E-04       2.0000E-04
       1.5500E-01      -4.0393E-06       2.5791E-05       1.2716E-04       1.9178E-04       1.6748E-05       1.1918E-05       7.8183E-04       7.4292E-08       1.0343E-03       2.0000E-04       2.0000E-04
       1.6500E-01      -5.1234E-06       2.6826E-05       1.2804E-04       1.9309E-04       1.6468E-05       1.2653E-05       7.7882E-04       6.1467E-08       1.0343E-03       2.0000E-04       2.0000E-04
       1.7500E-01      -6.2004E-06       2.7878E-05       1.2894E-04       1.9445E-04       1.6201E-05       1.3380E-05       7.7561E-04       5.2567E-08       1.0343E-03       2.0000E-04       2.0000E-04
       1.8500E-01      -7.2578E-06       2.8925E-05       1.2987E-04       1.9584E-04       1.5952E-05       1.4091E-05       7.7223E-04       4.6223E-08       1.0343E-03       2.0000E-04       2.0000E-04
       1.9500E-01      -8.2811E-06       2.9946E-05       1.3082E-04       1.9726E-04       1.5722E-05       1.4778E-05       7.6873E-04       4.1593E-08       1.0343E-03       2.0000E-04       2.0000E-04
       2.0500E-01      -9.2510E-06       3.0917E-05       1.3177E-04       1.9868E-04       1.5513E-05       1.5428E-05       7.6516E-04       3.8161E-08       1.0343E-03       2.0000E-04       2.0000E-04
       2.1500E-01      -1.0141E-05       3.1809E-05       1.3269E-04       2.0007E-04       1.5328E-05       1.6024E-05       7.6159E-04       3.5610E-08       1.0343E-03       2.0000E-04       2.0000E-04
       2.2500E-01      -1.0915E-05       3.2582E-05       1.3357E-04       2.0139E-04       1.5168E-05       1.6542E-05       7.5812E-04       3.3749E-08       1.0343E-03       2.0000E-04       2.0000E-04
       2.3500E-01      -1.1518E-05       3.3183E-05       1.3438E-04       2.0259E-04       1.5037E-05       1.6945E-05       7.5487E-04       3.2471E-08       1.0343E-03       2.0000E-04       2.0000E-04
       2.4500E-01      -1.1874E-05       3.3537E-05       1.3506E-04       2.0358E-04       1.4938E-05       1.7184E-05       7.5202E-04       3.1359E-08       1.0343E-03       2.0000E-04       2.0000E-04
       2.5500E-01      -1.1822E-05       3.3533E-05       1.3556E-04       2.0427E-04       1.4880E-05       1.7167E-05       7.4981E-04       1.3945E-08       1.0343E-03       2.0000E-04       2.0000E-04
       2.6500E-01      -1.1819E-05       3.3533E-05       1.3606E-04       2.0496E-04       1.4826E-05       1.7166E-05       7.4757E-04       1.2587E-08       1.0343E-03       2.0000E-04       2.0000E-04
       2.7500E-01      -1.1819E-05       3.3533E-05       1.3656E-04       2.0567E-04       1.4777E-05       1.7166E-05       7.4529E-04       1.2476E-08       1.0343E-03       2.0000E-04       2.0000E-04
       2.8500E-01      -1.1819E-05       3.3534E-05       1.3706E-04       2.0639E-04       1.4733E-05       1.7166E-05       7.4297E-04       1.2467E-08       1.0343E-03       2.0000E-04       2.0000E-04
       2.9500E-01      -1.1819E-05       3.3534E-05       1.3755E-04       2.0712E-04       1.4693E-05       1.7166E-05       7.4061E-04       1.2466E-08       1.0343E-03       2.0000E-04       2.0000E-04
       3.0500E-01      -1.1820E-05       3.3535E-05       1.3805E-04       2.0785E-04       1.4658E-05       1.7166E-05       7.3823E-04       1.2466E-08       1.0343E-03       2.0000E-04       2.0000E-04
       3.1500E-01      -1.1820E-05       3.3535E-05       1.3855E-04       2.0860E-04       1.4628E-05       1.7167E-05       7.3582E-04       1.2466E-08       1.0343E-03       2.0000E-04       2.0000E-04
       3.2500E-01      -1.1820E-05       3.3535E-05       1.3906E-04       2.0934E-04       1.4601E-05       1.7167E-05       7.3338E-04       1.2466E-08       1.0343E-03       2.0000E-04       2.0000E-04
       3.3500E-01      -1.1821E-05       3.3536E-05       1.3956E-04       2.1010E-04       1.4579E-05       1.7167E-05       7.3092E-04       1.2466E-08       1.0343E-03       2.0000E-04       2.0000E-04
       3.4500E-01      -1.1821E-05       3.3536E-05       1.4007E-04       2.1086E-04       1.4561E-05       1.7167E-05       7.2843E-04       1.2466E-08       1.0343E-03       2.0000E-04       2.0000E-04
       3.5500E-01      -1.1821E-05       3.3536E-05       1.4058E-04       2.1162E-04       1.4547E-05       1.7167E-05       7.2593E-04       1.2466E-08       1.0343E-03       2.0000E-04       2.0000E-04
       3.6500E-01      -1.1822E-05       3.3537E-05       1.4109E-04       2.1238E-04       1.4537E-05       1.7168E-05       7.2342E-04       1.2466E-08       1.0343E-03       2.0000E-04       2.0000E-04
       3.7500E-01      -1.1822E-05       3.3537E-05       1.4160E-04       2.1314E-04       1.4530E-05       1.7168E-05       7.2090E-04       1.2466E-08       1.0343E-03       2.0000E-04       2.0000E-04
       3.8500E-01      -1.1822E-05       3.3537E-05       1.4211E-04       2.1391E-04       1.4526E-05       1.7168E-05       7.1836E-04       1.2466E-08       1.0343E-03       2.0000E-04       2.0000E-04
       3.9500E-01      -1.1823E-05       3.3538E-05       1.4262E-04       2.1467E-04       1.4526E-05       1.7168E-05       7.1582E-04       1.2466E-08       1.0343E-03       2.0000E-04       2.0000E-04
       4.0500E-01      -1.1823E-05       3.3538E-05       1.4313E-04       2.1544E-04       1.4529E-05       1.7168E-05       7.1328E-04       1.2466E-08       1.0343E-03       2.0000E-04       1.9999E-04
       4.1500E-01      -1.1823E-05       3.3538E-05       1.4364E-04       2.1620E-04       1.4535E-05       1.7168E-05       7.1074E-04       1.2466E-08       1.0343E-03       2.0000E-04       1.9999E-04
       4.2500E-01      -1.1823E-05       3.3539E-05       1.4415E-04       2.1696E-04       1.4543E-05       1.7169E-05       7.0820E-04       1.2466E-08       1.0343E-03       2.0000E-04       1.9999E-04
       4.3500E-01      -1.1824E-05       3.3539E-05       1.4466E-04       2.1772E-04       1.4553E-05       1.7169E-05       7.0566E-04       1.2467E-08       1.0343E-03       2.0000E-04       1.9999E-04
       4.4500E-01      -1.1824E-05       3.3539E-05       1.4516E-04       2.1848E-04       1.4566E-05       1.7169E-05       7.0314E-04       1.2467E-08       1.0343E-03       2.0000E-04       1.9999E-04
       4.5500E-01      -1.1824E-05       3.3540E-05       1.4566E-04       2.1923E-04       1.4581E-05       1.7169E-05       7.0062E-04       1.2467E-08       1.0343E-03       1.9999E-04       1.9999E-04
       4.6500E-01      -1.1824E-05       3.3540E-05       1.4616E-04       2.1997E-04       1.4598E-05       1.7169E-05       6.9812E-04       1.2467E-08       1.0343E-03       1.9999E-04       1.9999E-04
       4.7500E-01      -1.1825E-05       3.3540E-05       1.4666E-04       2.2072E-04       1.4617E-05       1.7169E-05       6.9563E-04       1.2467E-08       1.0343E-03       1.9999E-04       1.9999E-04
       4.8500E-01      -1.1825E-05       3.3540E-05       1.4715E-04       2.2145E-04       1.4637E-05       1.7169E-05       6.9316E-04       1.2467E-08       1.0343E-03       1.9999E-04       1.9998E-04
       4.9500E-01      -1.1825E-05       3.3541E-05       1.4763E-04       2.2218E-04       1.4659E-05       1.7170E-05       6.9072E-04       1.2467E-08       1.0343E-03       1.9999E-04       1.9998E-04
       5.0500E-01      -1.1825E-05       3.3541E-05       1.4812E-04       2.2290E-04       1.4682E-05       1.7170E-05       6.8829E-04       1.2467E-08       1.0343E-03       1.9999E-04       1.9998E-04
       5.1500E-01      -1.1825E-05       3.3541E-05       1.4859E-04       2.2361E-04       1.4706E-05       1.7170E-05       6.8589E-04       1.2467E-08       1.0343E-03       1.9999E-04       1.9998E-04
       5.2500E-01      -1.1825E-05       3.3541E-05       1.4906E-04       2.2432E-04       1.4730E-05       1.7170E-05       6.8351E-04       1.2468E-08       1.0343E-03       1.9999E-04       1.9997E-04
       5.3500E-01      -1.1826E-05       3.3542E-05       1.4953E-04       2.2502E-04       1.4756E-05       1.7170E-05       6.8116E-04       1.2468E-08       1.0343E-03       1.9999E-04       1.9997E-04
       5.4500E-01      -1.1826E-05       3.3542E-05       1.4999E-04       2.2570E-04       1.4783E-05       1.7170E-05       6.7885E-04       1.2468E-08       1.0343E-03       1.9998E-04       1.9997E-04
       5.5500E-01      -1.1826E-05       3.3542E-05       1.5044E-04       2.2638E-04       1.4810E-05       1.7170E-05       6.7656E-04       1.2468E-08       1.0342E-03       1.9998E-04       1.9996E-04
       5.6500E-01      -1.1826E-05       3.3542E-05       1.5089E-04       2.2705E-04       1.4837E-05       1.7170E-05       6.7431E-04       1.2468E-08       1.0342E-03       1.9998E-04       1.9996E-04
       5.7500E-01      -1.1826E-05       3.3542E-05       1.5133E-04       2.2770E-04       1.4865E-05       1.7170E-05       6.7209E-04       1.2468E-08       1.0342E-03       1.9998E-04       1.9996E-04
       5.8500E-01      -1.1826E-05       3.3542E-05       1.5176E-04       2.2835E-04       1.4893E-05       1.7170E-05       6.6991E-04       1.2469E-08       1.0342E-03       1.9997E-04       1.9995E-04
       5.9500E-01      -1.1826E-05       3.3542E-05       1.5218E-04       2.2898E-04       1.4921E-05       1.7170E-05       6.6777E-04       1.2469E-08       1.0342E-03       1.9997E-04       1.9994E-04
       6.0500E-01      -1.1826E-05       3.3543E-05       1.5260E-04       2.2961E-04       1.4949E-05       1.7170E-05       6.6567E-04       1.2469E-08       1.0342E-03       1.9997E-04       1.9994E-04
       6.1500E-01      -1.1826E-05       3.3543E-05       1.5300E-04       2.3022E-04       1.4977E-05       1.7170E-05       6.6360E-04       1.2470E-08       1.0342E-03       1.9997E-04       1.9993E-04
       6.2500E-01      -1.1826E-05       3.3543E-05       1.5340E-04       2.3081E-04       1.5005E-05       1.7169E-05       6.6158E-04       1.2470E-08       1.0341E-03       1.9996E-04       1.9992E-04
       6.3500E-01      -1.1826E-05       3.3543E-05       1.5379E-04       2.3140E-04       1.5033E-05       1.7169E-05       6.5960E-04       1.2470E-08       1.0341E-03       1.9996E-04       1.9991E-04
       6.4500E-01      -1.1826E-05       3.3542E-05       1.5418E-04       2.3197E-04       1.5061E-05       1.7169E-05       6.5766E-04       1.2471E-08       1.0341E-03       1.9995E-04       1.9990E-04
       6.5500E-01      -1.1826E-05       3.3542E-05       1.5455E-04       2.3253E-04       1.5089E-05       1.7169E-05       6.5576E-04       1.2471E-08       1.0341E-03       1.9995E-04       1.9989E-04
       6.6500E-01      -1.1825E-05       3.3542E-05       1.5492E-04       2.3308E-04       1.5116E-05       1.7168E-05       6.5391E-04       1.2472E-08       1.0340E-03       1.9994E-04       1.9988E-04
       6.7500E-01      -1.1825E-05       3.3542E-05       1.5527E-04       2.3361E-04       1.5143E-05       1.7168E-05       6.5211E-04       1.2472E-08       1.0340E-03       1.9994E-04       1.9987E-04
       6.8500E-01      -1.1825E-05       3.3542E-05       1.5562E-04       2.3413E-04       1.5169E-05       1.7168E-05       6.5034E-04       1.2473E-08       1.0340E-03       1.9993E-04       1.9986E-04
       6.9500E-01      -1.1824E-05       3.3541E-05       1.5596E-04       2.3464E-04       1.5195E-05       1.7167E-05       6.4862E-04       1.2473E-08       1.0339E-03       1.9992E-04       1.9984E-04
       7.0500E-01      -1.1824E-05       3.3541E-05       1.5629E-04       2.3513E-04       1.5221E-05       1.7166E-05       6.4695E-04       1.2474E-08       1.0339E-03       1.9991E-04       1.9983E-04
       7.1500E-01      -1.1823E-05       3.3540E-05       1.5661E-04       2.3561E-04       1.5246E-05       1.7166E-05       6.4532E-04       1.2475E-08       1.0339E-03       1.9991E-04       1.9981E-04
       7.2500E-01      -1.1823E-05       3.3540E-05       1.5692E-04       2.3607E-04       1.5270E-05       1.7165E-05       6.4374E-04       1.2476E-08       1.0338E-03       1.9990E-04       1.9979E-04
       7.3500E-01      -1.1822E-05       3.3539E-05       1.5722E-04       2.3653E-04       1.5294E-05       1.7164E-05       6.4220E-04       1.2476E-08       1.0338E-03       1.9989E-04       1.9977E-04
       7.4500E-01      -1.1821E-05       3.3539E-05       1.5751E-04       2.3696E-04       1.5318E-05       1.7163E-05       6.4071E-04       1.2477E-08       1.0337E-03       1.9988E-04       1.9975E-04
       7.5500E-01      -1.1820E-05       3.3538E-05       1.5780E-04       2.3739E-04       1.5341E-05       1.7163E-05       6.3926E-04       1.2478E-08       1.0336E-03       1.9986E-04       1.9973E-04
       7.6500E-01      -1.1819E-05       3.3537E-05       1.5807E-04       2.3780E-04       1.5363E-05       1.7161E-05       6.3786E-04       1.2480E-08       1.0336E-03       1.9985E-04       1.9970E-04
       7.7500E-01      -1.1818E-05       3.3536E-05       1.5834E-04       2.3820E-04       1.5385E-05       1.7160E-05       6.3650E-04       1.2481E-08       1.0335E-03       1.9984E-04       1.9968E-04
       7.8500E-01      -1.1817E-05       3.3535E-05       1.5860E-04       2.3858E-04       1.5406E-05       1.7159E-05       6.3518E-04       1.2482E-08       1.0334E-03       1.9982E-04       1.9965E-04
       7.9500E-01      -1.1816E-05       3.3534E-05       1.5884E-04       2.3896E-04       1.5426E-05       1.7158E-05       6.3391E-04       1.2484E-08       1.0334E-03       1.9981E-04       1.9962E-04
       8.0500E-01      -1.1814E-05       3.3532E-05       1.5908E-04       2.3931E-04       1.5446E-05       1.7156E-05       6.3268E-04       1.2485E-08       1.0333E-03       1.9979E-04       1.9958E-04
       8.1500E-01      -1.1812E-05       3.3531E-05       1.5932E-04       2.3966E-04       1.5465E-05       1.7155E-05       6.3149E-04       1.2487E-08       1.0332E-03       1.9977E-04       1.9955E-04
       8.2500E-01      -1.1811E-05       3.3529E-05       1.5954E-04       2.3999E-04       1.5484E-05       1.7153E-05       6.3034E-04       1.2489E-08       1.0331E-03       1.9975E-04       1.9951E-04
       8.3500E-01      -1.1809E-05       3.3528E-05       1.5975E-04       2.4032E-04       1.5502E-05       1.7151E-05       6.2923E-04       1.2491E-08       1.0330E-03       1.9973E-04       1.9947E-04
       8.4500E-01      -1.1807E-05       3.3526E-05       1.5996E-04       2.4062E-04       1.5519E-05       1.7149E-05       6.2817E-04       1.2493E-08       1.0329E-03       1.9971E-04       1.9942E-04
       8.5500E-01      -1.1804E-05       3.3524E-05       1.6016E-04       2.4092E-04       1.5536E-05       1.7146E-05       6.2714E-04       1.2495E-08       1.0327E-03       1.9969E-04       1.9937E-04
       8.6500E-01      -1.1802E-05       3.3521E-05       1.6035E-04       2.4121E-04       1.5552E-05       1.7144E-05       6.2615E-04       1.2498E-08       1.0326E-03       1.9966E-04       1.9932E-04
       8.7500E-01      -1.1799E-05       3.3519E-05       1.6053E-04       2.4148E-04       1.5568E-05       1.7141E-05       6.2519E-04       1.2500E-08       1.0325E-03       1.9964E-04       1.9927E-04
       8.8500E-01      -1.1796E-05       3.3516E-05       1.6071E-04       2.4174E-04       1.5583E-05       1.7139E-05       6.2428E-04       1.2503E-08       1.0323E-03       1.9961E-04       1.9921E-04
       8.9500E-01      -1.1793E-05       3.3514E-05       1.6087E-04       2.4199E-04       1.5597E-05       1.7135E-05       6.2340E-04       1.2506E-08       1.0322E-03       1.9958E-04       1.9915E-04
       9.0500E-01      -1.1790E-05       3.3510E-05       1.6103E-04       2.4223E-04       1.5611E-05       1.7132E-05       6.2255E-04       1.2509E-08       1.0320E-03       1.9954E-04       1.9909E-04
       9.1500E-01      -1.1787E-05       3.3507E-05       1.6119E-04       2.4246E-04       1.5624E-05       1.7129E-05       6.2174E-04       1.2513E-08       1.0318E-03       1.9951E-04       1.9902E-04
       9.2500E-01      -1.1783E-05       3.3504E-05       1.6133E-04       2.4268E-04       1.5637E-05       1.7125E-05       6.2096E-04       1.2517E-08       1.0316E-03       1.9947E-04       1.9895E-04
       9.3500E-01      -1.1779E-05       3.3500E-05       1.6147E-04       2.4288E-04       1.5649E-05       1.7121E-05       6.2022E-04       1.2521E-08       1.0314E-03       1.9943E-04       1.9887E-04
       9.4500E-01      -1.1774E-05       3.3496E-05       1.6160E-04       2.4308E-04       1.5660E-05       1.7117E-05       6.1950E-04       1.2525E-08       1.0312E-03       1.9939E-04       1.9879E-04
       9.5500E-01      -1.1770E-05       3.3491E-05       1.6173E-04       2.4327E-04       1.5671E-05       1.7112E-05       6.1881E-04       1.2529E-08       1.0310E-03       1.9935E-04       1.9870E-04
       9.6500E-01      -1.1765E-05       3.3487E-05       1.6185E-04       2.4345E-04       1.5682E-05       1.7107E-05       6.1816E-04       1.2534E-08       1.0308E-03       1.9930E-04       1.9861E-04
       9.7500E-01      -1.1759E-05       3.3482E-05       1.6196E-04       2.4362E-04       1.5692E-05       1.7102E-05       6.1753E-04       1.2540E-08       1.0305E-03       1.9925E-04       1.9851E-04
       9.8500E-01      -1.1754E-05       3.3477E-05       1.6207E-04       2.4377E-04       1.5701E-05       1.7096E-05       6.1693E-04       1.2545E-08       1.0302E-03       1.9920E-04       1.9841E-04
       9.9500E-01      -1.1747E-05       3.3471E-05       1.6217E-04       2.4392E-04       1.5710E-05       1.7091E-05       6.1635E-04       1.2551E-08       1.0300E-03       1.9915E-04       1.9830E-04
       1.0050E+00      -1.1741E-05       3.3465E-05       1.6226E-04       2.4407E-04       1.5719E-05       1.7084E-05       6.1580E-04       1.2557E-08       1.0297E-03       1.9909E-04       1.9819E-04
       1.0150E+00      -1.1734E-05       3.3459E-05       1.6235E-04       2.4420E-04       1.5727E-05       1.7078E-05       6.1527E-04       1.2564E-08       1.0294E-03       1.9903E-04       1.9807E-04
       1.0250E+00      -1.1727E-05       3.3452E-05       1.6243E-04       2.4432E-04       1.5735E-05       1.7071E-05       6.1477E-04       1.2571E-08       1.0290E-03       1.9897E-04       1.9794E-04
       1.0350E+00      -1.1719E-05       3.3445E-05       1.6251E-04       2.4444E-04       1.5742E-05       1.7063E-05       6.1429E-04       1.2578E-08       1.0287E-03       1.9890E-04       1.9781E-04
       1.0450E+00      -1.1711E-05       3.3437E-05       1.6258E-04       2.4454E-04       1.5749E-05       1.7056E-05       6.1382E-04       1.2586E-08       1.0283E-03       1.9883E-04       1.9767E-04
       1.0550E+00      -1.1703E-05       3.3429E-05       1.6265E-04       2.4464E-04       1.5755E-05       1.7047E-05       6.1338E-04       1.2594E-08       1.0280E-03       1.9876E-04       1.9752E-04
       1.0650E+00      -1.1694E-05       3.3421E-05       1.6271E-04       2.4474E-04       1.5761E-05       1.7039E-05       6.1296E-04       1.2603E-08       1.0276E-03       1.9868E-04       1.9737E-04
       1.0750E+00      -1.1684E-05       3.3412E-05       1.6277E-04       2.4482E-04       1.5767E-05       1.7029E-05       6.1256E-04       1.2612E-08       1.0271E-03       1.9860E-04       1.9721E-04
       1.0850E+00      -1.1674E-05       3.3402E-05       1.6282E-04       2.4490E-04       1.5772E-05       1.7020E-05       6.1217E-04       1.2622E-08       1.0267E-03       1.9852E-04       1.9704E-04
       1.0950E+00      -1.1663E-05       3.3392E-05       1.6286E-04       2.4497E-04       1.5777E-05       1.7009E-05       6.1181E-04       1.2632E-08       1.0263E-03       1.9843E-04       1.9686E-04
       1.1050E+00      -1.1652E-05       3.3382E-05       1.6291E-04       2.4503E-04       1.5782E-05       1.6999E-05       6.1145E-04       1.2643E-08       1.0258E-03       1.9834E-04       1.9668E-04
       1.1150E+00      -1.1640E-05       3.3371E-05       1.6294E-04       2.4508E-04       1.5786E-05       1.6987E-05       6.1111E-04       1.2655E-08       1.0253E-03       1.9824E-04       1.9648E-04
       1.1250E+00      -1.1628E-05       3.3360E-05       1.6298E-04       2.4513E-04       1.5790E-05       1.6976E-05       6.1079E-04       1.2667E-08       1.0248E-03       1.9814E-04       1.9628E-04
       1.1350E+00      -1.1615E-05       3.3347E-05       1.6301E-04       2.4518E-04       1.5793E-05       1.6963E-05       6.1048E-04       1.2679E-08       1.0242E-03       1.9804E-04       1.9607E-04
       1.1450E+00      -1.1601E-05       3.3335E-05       1.6303E-04       2.4521E-04       1.5796E-05       1.6950E-05       6.1018E-04       1.2693E-08       1.0237E-03       1.9793E-04       1.9585E-04
       1.1550E+00      -1.1587E-05       3.3321E-05       1.6305E-04       2.4524E-04       1.5799E-05       1.6936E-05       6.0989E-04       1.2707E-08       1.0231E-03       1.9781E-04       1.9562E-04
       1.1650E+00      -1.1572E-05       3.3307E-05       1.6306E-04       2.4526E-04       1.5802E-05       1.6922E-05       6.0962E-04       1.2722E-08       1.0225E-03       1.9769E-04       1.9539E-04
       1.1750E+00      -1.1557E-05       3.3293E-05       1.6308E-04       2.4528E-04       1.5804E-05       1.6907E-05       6.0935E-04       1.2737E-08       1.0218E-03       1.9757E-04       1.9514E-04
       1.1850E+00      -1.1540E-05       3.3278E-05       1.6308E-04       2.4529E-04       1.5806E-05       1.6892E-05       6.0909E-04       1.2753E-08       1.0212E-03       1.9744E-04       1.9488E-04
       1.1950E+00      -1.1523E-05       3.3262E-05       1.6309E-04       2.4529E-04       1.5808E-05       1.6875E-05       6.0884E-04       1.2770E-08       1.0205E-03       1.9731E-04       1.9461E-04
       1.2050E+00      -1.1505E-05       3.3245E-05       1.6308E-04       2.4529E-04       1.5809E-05       1.6858E-05       6.0860E-04       1.2788E-08       1.0198E-03       1.9717E-04       1.9434E-04
       1.2150E+00      -1.1486E-05       3.3227E-05       1.6308E-04       2.4528E-04       1.5810E-05       1.6840E-05       6.0837E-04       1.2807E-08       1.0190E-03       1.9702E-04       1.9405E-04
       1.2250E+00      -1.1467E-05       3.3209E-05       1.6307E-04       2.4527E-04       1.5811E-05       1.6822E-05       6.0814E-04       1.2826E-08       1.0182E-03       1.9687E-04       1.9375E-04
       1.2350E+00      -1.1447E-05       3.3190E-05       1.6306E-04       2.4525E-04       1.5812E-05       1.6802E-05       6.0792E-04       1.2846E-08       1.0174E-03       1.9672E-04       1.9344E-04
       1.2450E+00      -1.1426E-05       3.3171E-05       1.6304E-04       2.4522E-04       1.5812E-05       1.6782E-05       6.0771E-04       1.2868E-08       1.0166E-03       1.9656E-04       1.9312E-04
       1.2550E+00      -1.1404E-05       3.3150E-05       1.6302E-04       2.4519E-04       1.5812E-05       1.6761E-05       6.0749E-04       1.2890E-08       1.0158E-03       1.9639E-04       1.9278E-04
       1.2650E+00      -1.1381E-05       3.3129E-05       1.6299E-04       2.4515E-04       1.5812E-05       1.6740E-05       6.0729E-04       1.2913E-08       1.0149E-03       1.9622E-04       1.9244E-04
       1.2750E+00      -1.1357E-05       3.3107E-05       1.6296E-04       2.4510E-04       1.5812E-05       1.6717E-05       6.0708E-04       1.2938E-08       1.0139E-03       1.9604E-04       1.9208E-04
       1.2850E+00      -1.1332E-05       3.3084E-05       1.6293E-04       2.4505E-04       1.5811E-05       1.6693E-05       6.0688E-04       1.2963E-08       1.0130E-03       1.9586E-04       1.9172E-04
       1.2950E+00      -1.1307E-05       3.3060E-05       1.6289E-04       2.4500E-04       1.5811E-05       1.6669E-05       6.0669E-04       1.2989E-08       1.0120E-03       1.9567E-04       1.9134E-04
       1.3050E+00      -1.1280E-05       3.3035E-05       1.6285E-04       2.4494E-04       1.5809E-05       1.6644E-05       6.0649E-04       1.3017E-08       1.0110E-03       1.9547E-04       1.9094E-04
       1.3150E+00      -1.1253E-05       3.3009E-05       1.6281E-04       2.4487E-04       1.5808E-05       1.6618E-05       6.0629E-04       1.3046E-08       1.0100E-03       1.9527E-04       1.9054E-04
       1.3250E+00      -1.1224E-05       3.2983E-05       1.6276E-04       2.4479E-04       1.5807E-05       1.6590E-05       6.0610E-04       1.3076E-08       1.0089E-03       1.9506E-04       1.9012E-04
       1.3350E+00      -1.1195E-05       3.2955E-05       1.6271E-04       2.4472E-04       1.5805E-05       1.6562E-05       6.0591E-04       1.3107E-08       1.0078E-03       1.9484E-04       1.8969E-04
       1.3450E+00      -1.1164E-05       3.2927E-05       1.6265E-04       2.4463E-04       1.5803E-05       1.6533E-05       6.0571E-04       1.3139E-08       1.0066E-03       1.9462E-04       1.8925E-04
       1.3550E+00      -1.1133E-05       3.2897E-05       1.6259E-04       2.4454E-04       1.5801E-05       1.6503E-05       6.0552E-04       1.3173E-08       1.0055E-03       1.9439E-04       1.8879E-04
       1.3650E+00      -1.1100E-05       3.2867E-05       1.6253E-04       2.4444E-04       1.5798E-05       1.6472E-05       6.0532E-04       1.3208E-08       1.0042E-03       1.9416E-04       1.8832E-04
       1.3750E+00      -1.1066E-05       3.2835E-05       1.6246E-04       2.4434E-04       1.5796E-05       1.6440E-05       6.0513E-04       1.3245E-08       1.0030E-03       1.9392E-04       1.8784E-04
       1.3850E+00      -1.1031E-05       3.2803E-05       1.6239E-04       2.4423E-04       1.5793E-05       1.6407E-05       6.0493E-04       1.3283E-08       1.0017E-03       1.9367E-04       1.8734E-04
       1.3950E+00      -1.0995E-05       3.2770E-05       1.6231E-04       2.4411E-04       1.5790E-05       1.6373E-05       6.0473E-04       1.3322E-08       1.0004E-03       1.9341E-04       1.8683E-04
       1.4050E+00      -1.0958E-05       3.2735E-05       1.6223E-04       2.4399E-04       1.5787E-05       1.6337E-05       6.0453E-04       1.3363E-08       9.9905E-04       1.9315E-04       1.8631E-04
       1.4150E+00      -1.0920E-05       3.2700E-05       1.6215E-04       2.4386E-04       1.5783E-05       1.6301E-05       6.0432E-04       1.3406E-08       9.9766E-04       1.9288E-04       1.8577E-04
       1.4250E+00      -1.0881E-05       3.2663E-05       1.6206E-04       2.4373E-04       1.5780E-05       1.6264E-05       6.0411E-04       1.3450E-08       9.9624E-04       1.9261E-04       1.8522E-04
       1.4350E+00      -1.0840E-05       3.2626E-05       1.6196E-04       2.4359E-04       1.5776E-05       1.6225E-05       6.0390E-04       1.3496E-08       9.9478E-04       1.9233E-04       1.8465E-04
       1.4450E+00      -1.0799E-05       3.2587E-05       1.6187E-04       2.4344E-04       1.5771E-05       1.6185E-05       6.0369E-04       1.3544E-08       9.9329E-04       1.9204E-04       1.8407E-04
       1.4550E+00      -1.0756E-05       3.2547E-05       1.6177E-04       2.4329E-04       1.5767E-05       1.6145E-05       6.0347E-04       1.3593E-08       9.9176E-04       1.9174E-04       1.8348E-04
       1.4650E+00      -1.0712E-05       3.2506E-05       1.6166E-04       2.4313E-04       1.5763E-05       1.6103E-05       6.0324E-04       1.3645E-08       9.9019E-04       1.9143E-04       1.8287E-04
       1.4750E+00      -1.0667E-05       3.2464E-05       1.6155E-04       2.4296E-04       1.5758E-05       1.6060E-05       6.0301E-04       1.3698E-08       9.8859E-04       1.9112E-04       1.8225E-04
       1.4850E+00      -1.0620E-05       3.2421E-05       1.6144E-04       2.4279E-04       1.5753E-05       1.6015E-05       6.0278E-04       1.3753E-08       9.8695E-04       1.9081E-04       1.8161E-04
       1.4950E+00      -1.0573E-05       3.2377E-05       1.6132E-04       2.4261E-04       1.5748E-05       1.5970E-05       6.0254E-04       1.3810E-08       9.8527E-04       1.9048E-04       1.8096E-04
       1.5050E+00      -1.0524E-05       3.2332E-05       1.6119E-04       2.4242E-04       1.5742E-05       1.5924E-05       6.0229E-04       1.3870E-08       9.8356E-04       1.9015E-04       1.8030E-04
       1.5150E+00      -1.0474E-05       3.2286E-05       1.6107E-04       2.4223E-04       1.5736E-05       1.5876E-05       6.0204E-04       1.3931E-08       9.8181E-04       1.8981E-04       1.7962E-04
       1.5250E+00      -1.0422E-05       3.2238E-05       1.6093E-04       2.4203E-04       1.5730E-05       1.5827E-05       6.0179E-04       1.3995E-08       9.8002E-04       1.8946E-04       1.7893E-04
       1.5350E+00      -1.0370E-05       3.2190E-05       1.6080E-04       2.4182E-04       1.5724E-05       1.5777E-05       6.0153E-04       1.4061E-08       9.7820E-04       1.8911E-04       1.7822E-04
       1.5450E+00      -1.0316E-05       3.2140E-05       1.6066E-04       2.4161E-04       1.5718E-05       1.5726E-05       6.0126E-04       1.4129E-08       9.7634E-04       1.8875E-04       1.7750E-04
       1.5550E+00      -1.0261E-05       3.2089E-05       1.6051E-04       2.4139E-04       1.5711E-05       1.5673E-05       6.0098E-04       1.4200E-08       9.7444E-04       1.8838E-04       1.7676E-04
       1.5650E+00      -1.0205E-05       3.2037E-05       1.6036E-04       2.4116E-04       1.5705E-05       1.5620E-05       6.0070E-04       1.4273E-08       9.7251E-04       1.8801E-04       1.7602E-04
       1.5750E+00      -1.0147E-05       3.1984E-05       1.6020E-04       2.4093E-04       1.5698E-05       1.5565E-05       6.0041E-04       1.4349E-08       9.7054E-04       1.8763E-04       1.7525E-04
       1.5850E+00      -1.0088E-05       3.1930E-05       1.6005E-04       2.4069E-04       1.5690E-05       1.5509E-05       6.0012E-04       1.4428E-08       9.6853E-04       1.8724E-04       1.7448E-04
       1.5950E+00      -1.0028E-05       3.1875E-05       1.5988E-04       2.4044E-04       1.5683E-05       1.5451E-05       5.9981E-04       1.4509E-08       9.6649E-04       1.8684E-04       1.7368E-04
       1.6050E+00      -9.9668E-06       3.1818E-05       1.5971E-04       2.4018E-04       1.5675E-05       1.5393E-05       5.9950E-04       1.4593E-08       9.6442E-04       1.8644E-04       1.7288E-04
       1.6150E+00      -9.9043E-06       3.1761E-05       1.5954E-04       2.3992E-04       1.5667E-05       1.5333E-05       5.9918E-04       1.4680E-08       9.6230E-04       1.8603E-04       1.7206E-04
       1.6250E+00      -9.8405E-06       3.1702E-05       1.5936E-04       2.3965E-04       1.5659E-05       1.5272E-05       5.9886E-04       1.4771E-08       9.6016E-04       1.8561E-04       1.7123E-04
       1.6350E+00      -9.7754E-06       3.1642E-05       1.5918E-04       2.3937E-04       1.5650E-05       1.5210E-05       5.9852E-04       1.4864E-08       9.5798E-04       1.8519E-04       1.7038E-04
       1.6450E+00      -9.7091E-06       3.1582E-05       1.5899E-04       2.3909E-04       1.5642E-05       1.5147E-05       5.9818E-04       1.4960E-08       9.5576E-04       1.8476E-04       1.6952E-04
       1.6550E+00      -9.6416E-06       3.1520E-05       1.5879E-04       2.3880E-04       1.5633E-05       1.5083E-05       5.9783E-04       1.5060E-08       9.5351E-04       1.8433E-04       1.6865E-04
       1.6650E+00      -9.5729E-06       3.1457E-05       1.5860E-04       2.3850E-04       1.5624E-05       1.5017E-05       5.9748E-04       1.5164E-08       9.5122E-04       1.8388E-04       1.6777E-04
       1.6750E+00      -9.5029E-06       3.1393E-05       1.5839E-04       2.3819E-04       1.5614E-05       1.4950E-05       5.9711E-04       1.5271E-08       9.4891E-04       1.8343E-04       1.6687E-04
       1.6850E+00      -9.4317E-06       3.1328E-05       1.5819E-04       2.3788E-04       1.5605E-05       1.4882E-05       5.9674E-04       1.5381E-08       9.4656E-04       1.8298E-04       1.6596E-04
       1.6950E+00      -9.3593E-06       3.1262E-05       1.5797E-04       2.3756E-04       1.5595E-05       1.4813E-05       5.9635E-04       1.5496E-08       9.4417E-04       1.8252E-04       1.6504E-04
       1.7050E+00      -9.2858E-06       3.1195E-05       1.5776E-04       2.3723E-04       1.5584E-05       1.4743E-05       5.9596E-04       1.5614E-08       9.4176E-04       1.8205E-04       1.6410E-04
       1.7150E+00      -9.2110E-06       3.1127E-05       1.5753E-04       2.3689E-04       1.5574E-05       1.4671E-05       5.9556E-04       1.5737E-08       9.3931E-04       1.8157E-04       1.6315E-04
       1.7250E+00      -9.1351E-06       3.1058E-05       1.5731E-04       2.3655E-04       1.5564E-05       1.4599E-05       5.9515E-04       1.5864E-08       9.3683E-04       1.8109E-04       1.6219E-04
       1.7350E+00      -9.0580E-06       3.0988E-05       1.5708E-04       2.3620E-04       1.5553E-05       1.4525E-05       5.9474E-04       1.5995E-08       9.3432E-04       1.8061E-04       1.6122E-04
       1.7450E+00      -8.9798E-06       3.0917E-05       1.5684E-04       2.3584E-04       1.5542E-05       1.4450E-05       5.9431E-04       1.6131E-08       9.3178E-04       1.8012E-04       1.6024E-04
       1.7550E+00      -8.9004E-06       3.0845E-05       1.5660E-04       2.3548E-04       1.5530E-05       1.4374E-05       5.9388E-04       1.6271E-08       9.2921E-04       1.7962E-04       1.5924E-04
       1.7650E+00      -8.8199E-06       3.0772E-05       1.5635E-04       2.3511E-04       1.5519E-05       1.4297E-05       5.9344E-04       1.6417E-08       9.2662E-04       1.7912E-04       1.5824E-04
       1.7750E+00      -8.7384E-06       3.0698E-05       1.5610E-04       2.3473E-04       1.5507E-05       1.4219E-05       5.9298E-04       1.6567E-08       9.2399E-04       1.7861E-04       1.5722E-04
       1.7850E+00      -8.6557E-06       3.0624E-05       1.5584E-04       2.3434E-04       1.5495E-05       1.4140E-05       5.9252E-04       1.6723E-08       9.2134E-04       1.7809E-04       1.5619E-04
       1.7950E+00      -8.5719E-06       3.0548E-05       1.5558E-04       2.3395E-04       1.5483E-05       1.4059E-05       5.9206E-04       1.6884E-08       9.1866E-04       1.7757E-04       1.5515E-04
       1.8050E+00      -8.4872E-06       3.0472E-05       1.5532E-04       2.3355E-04       1.5470E-05       1.3978E-05       5.9158E-04       1.7050E-08       9.1595E-04       1.7705E-04       1.5410E-04
       1.8150E+00      -8.4013E-06       3.0395E-05       1.5505E-04       2.3314E-04       1.5457E-05       1.3896E-05       5.9109E-04       1.7223E-08       9.1321E-04       1.7652E-04       1.5304E-04
       1.8250E+00      -8.3145E-06       3.0317E-05       1.5478E-04       2.3273E-04       1.5444E-05       1.3813E-05       5.9060E-04       1.7401E-08       9.1046E-04       1.7599E-04       1.5198E-04
       1.8350E+00      -8.2267E-06       3.0238E-05       1.5450E-04       2.3231E-04       1.5431E-05       1.3728E-05       5.9009E-04       1.7586E-08       9.0767E-04       1.7545E-04       1.5090E-04
       1.8450E+00      -8.1379E-06       3.0159E-05       1.5421E-04       2.3188E-04       1.5417E-05       1.3643E-05       5.8958E-04       1.7778E-08       9.0487E-04       1.7490E-04       1.4981E-04
       1.8550E+00      -8.0481E-06       3.0079E-05       1.5393E-04       2.3144E-04       1.5404E-05       1.3557E-05       5.8906E-04       1.7976E-08       9.0203E-04       1.7436E-04       1.4872E-04
       1.8650E+00      -7.9574E-06       2.9998E-05       1.5363E-04       2.3100E-04       1.5390E-05       1.3470E-05       5.8853E-04       1.8181E-08       8.9918E-04       1.7380E-04       1.4761E-04
       1.8750E+00      -7.8658E-06       2.9917E-05       1.5334E-04       2.3055E-04       1.5376E-05       1.3382E-05       5.8799E-04       1.8394E-08       8.9631E-04       1.7325E-04       1.4650E-04
       1.8850E+00      -7.7733E-06       2.9835E-05       1.5304E-04       2.3010E-04       1.5361E-05       1.3293E-05       5.8745E-04       1.8614E-08       8.9341E-04       1.7269E-04       1.4538E-04
       1.8950E+00      -7.6799E-06       2.9752E-05       1.5273E-04       2.2964E-04       1.5347E-05       1.3203E-05       5.8689E-04       1.8842E-08       8.9050E-04       1.7212E-04       1.4425E-04
       1.9050E+00      -7.5857E-06       2.9669E-05       1.5242E-04       2.2917E-04       1.5332E-05       1.3113E-05       5.8633E-04       1.9078E-08       8.8756E-04       1.7155E-04       1.4311E-04
       1.9150E+00      -7.4907E-06       2.9585E-05       1.5211E-04       2.2870E-04       1.5317E-05       1.3021E-05       5.8576E-04       1.9323E-08       8.8461E-04       1.7098E-04       1.4197E-04
       1.9250E+00      -7.3949E-06       2.9501E-05       1.5179E-04       2.2822E-04       1.5302E-05       1.2929E-05       5.8518E-04       1.9577E-08       8.8163E-04       1.7041E-04       1.4082E-04
       1.9350E+00      -7.2983E-06       2.9416E-05       1.5147E-04       2.2773E-04       1.5286E-05       1.2836E-05       5.8459E-04       1.9840E-08       8.7864E-04       1.6983E-04       1.3966E-04
       1.9450E+00      -7.2010E-06       2.9331E-05       1.5114E-04       2.2724E-04       1.5270E-05       1.2742E-05       5.8400E-04       2.0112E-08       8.7564E-04       1.6925E-04       1.3850E-04
       1.9550E+00      -7.1030E-06       2.9245E-05       1.5081E-04       2.2674E-04       1.5254E-05       1.2648E-05       5.8339E-04       2.0395E-08       8.7262E-04       1.6866E-04       1.3733E-04
       1.9650E+00      -7.0043E-06       2.9159E-05       1.5048E-04       2.2624E-04       1.5238E-05       1.2552E-05       5.8278E-04       2.0688E-08       8.6958E-04       1.6807E-04       1.3615E-04
       1.9750E+00      -6.9049E-06       2.9073E-05       1.5014E-04       2.2573E-04       1.5222E-05       1.2457E-05       5.8216E-04       2.0992E-08       8.6653E-04       1.6748E-04       1.3497E-04
       1.9850E+00      -6.8049E-06       2.8986E-05       1.4980E-04       2.2522E-04       1.5205E-05       1.2360E-05       5.8154E-04       2.1307E-08       8.6347E-04       1.6689E-04       1.3379E-04
       1.9950E+00      -6.7043E-06       2.8900E-05       1.4946E-04       2.2470E-04       1.5189E-05       1.2263E-05       5.8090E-04       2.1634E-08       8.6039E-04       1.6630E-04       1.3260E-04
       2.0050E+00      -6.6031E-06       2.8812E-05       1.4911E-04       2.2417E-04       1.5172E-05       1.2165E-05       5.8026E-04       2.1973E-08       8.5731E-04       1.6570E-04       1.3140E-04
       2.0150E+00      -6.5013E-06       2.8725E-05       1.4876E-04       2.2364E-04       1.5155E-05       1.2067E-05       5.7961E-04       2.2325E-08       8.5421E-04       1.6510E-04       1.3020E-04
       2.0250E+00      -6.3991E-06       2.8637E-05       1.4840E-04       2.2311E-04       1.5137E-05       1.1968E-05       5.7896E-04       2.2691E-08       8.5110E-04       1.6450E-04       1.2900E-04
       2.0350E+00      -6.2963E-06       2.8550E-05       1.4804E-04       2.2257E-04       1.5120E-05       1.1869E-05       5.7830E-04       2.3070E-08       8.4798E-04       1.6389E-04       1.2779E-04
       2.0450E+00      -6.1931E-06       2.8462E-05       1.4768E-04       2.2202E-04       1.5102E-05       1.1769E-05       5.7763E-04       2.3464E-08       8.4486E-04       1.6329E-04       1.2658E-04
       2.0550E+00      -6.0894E-06       2.8374E-05       1.4732E-04       2.2147E-04       1.5084E-05       1.1668E-05       5.7695E-04       2.3873E-08       8.4172E-04       1.6268E-04       1.2537E-04
       2.0650E+00      -5.9854E-06       2.8286E-05       1.4695E-04       2.2092E-04       1.5066E-05       1.1568E-05       5.7627E-04       2.4298E-08       8.3858E-04       1.6208E-04       1.2416E-04
       2.0750E+00      -5.8809E-06       2.8198E-05       1.4658E-04       2.2036E-04       1.5048E-05       1.1466E-05       5.7558E-04       2.4740E-08       8.3544E-04       1.6147E-04       1.2294E-04
       2.0850E+00      -5.7761E-06       2.8111E-05       1.4621E-04       2.1980E-04       1.5030E-05       1.1365E-05       5.7489E-04       2.5198E-08       8.3229E-04       1.6086E-04       1.2172E-04
       2.0950E+00      -5.6711E-06       2.8023E-05       1.4583E-04       2.1923E-04       1.5011E-05       1.1263E-05       5.7418E-04       2.5675E-08       8.2913E-04       1.6025E-04       1.2050E-04
       2.1050E+00      -5.5657E-06       2.7935E-05       1.4546E-04       2.1866E-04       1.4993E-05       1.1160E-05       5.7348E-04       2.6170E-08       8.2597E-04       1.5964E-04       1.1928E-04
       2.1150E+00      -5.4600E-06       2.7848E-05       1.4508E-04       2.1809E-04       1.4974E-05       1.1058E-05       5.7277E-04       2.6685E-08       8.2281E-04       1.5903E-04       1.1805E-04
       2.1250E+00      -5.3542E-06       2.7760E-05       1.4469E-04       2.1751E-04       1.4955E-05       1.0955E-05       5.7205E-04       2.7220E-08       8.1965E-04       1.5841E-04       1.1683E-04
       2.1350E+00      -5.2481E-06       2.7673E-05       1.4431E-04       2.1693E-04       1.4936E-05       1.0852E-05       5.7132E-04       2.7777E-08       8.1649E-04       1.5780E-04       1.1561E-04
       2.1450E+00      -5.1419E-06       2.7586E-05       1.4392E-04       2.1635E-04       1.4917E-05       1.0748E-05       5.7060E-04       2.8356E-08       8.1332E-04       1.5719E-04       1.1438E-04
       2.1550E+00      -5.0356E-06       2.7500E-05       1.4353E-04       2.1576E-04       1.4897E-05       1.0645E-05       5.6986E-04       2.8959E-08       8.1016E-04       1.5658E-04       1.1316E-04
       2.1650E+00      -4.9291E-06       2.7414E-05       1.4314E-04       2.1517E-04       1.4878E-05       1.0541E-05       5.6912E-04       2.9585E-08       8.0699E-04       1.5597E-04       1.1193E-04
       2.1750E+00      -4.8226E-06       2.7328E-05       1.4275E-04       2.1458E-04       1.4858E-05       1.0437E-05       5.6838E-04       3.0237E-08       8.0383E-04       1.5535E-04       1.1071E-04
       2.1850E+00      -4.7161E-06       2.7242E-05       1.4235E-04       2.1398E-04       1.4838E-05       1.0333E-05       5.6763E-04       3.0916E-08       8.0067E-04       1.5474E-04       1.0949E-04
       2.1950E+00      -4.6095E-06       2.7158E-05       1.4196E-04       2.1338E-04       1.4819E-05       1.0229E-05       5.6688E-04       3.1622E-08       7.9752E-04       1.5413E-04       1.0827E-04
       2.2050E+00      -4.5030E-06       2.7073E-05       1.4156E-04       2.1278E-04       1.4799E-05       1.0125E-05       5.6612E-04       3.2358E-08       7.9437E-04       1.5352E-04       1.0705E-04
       2.2150E+00      -4.3965E-06       2.6989E-05       1.4116E-04       2.1218E-04       1.4779E-05       1.0020E-05       5.6536E-04       3.3123E-08       7.9122E-04       1.5291E-04       1.0583E-04
       2.2250E+00      -4.2901E-06       2.6906E-05       1.4076E-04       2.1158E-04       1.4758E-05       9.9160E-06       5.6460E-04       3.3920E-08       7.8808E-04       1.5231E-04       1.0462E-04
       2.2350E+00      -4.1838E-06       2.6823E-05       1.4036E-04       2.1097E-04       1.4738E-05       9.8118E-06       5.6383E-04       3.4750E-08       7.8494E-04       1.5170E-04       1.0341E-04
       2.2450E+00      -4.0776E-06       2.6740E-05       1.3995E-04       2.1037E-04       1.4718E-05       9.7076E-06       5.6306E-04       3.5614E-08       7.8182E-04       1.5110E-04       1.0220E-04
       2.2550E+00      -3.9717E-06       2.6659E-05       1.3955E-04       2.0976E-04       1.4697E-05       9.6035E-06       5.6229E-04       3.6514E-08       7.7870E-04       1.5049E-04       1.0099E-04
       2.2650E+00      -3.8659E-06       2.6578E-05       1.3915E-04       2.0915E-04       1.4677E-05       9.4995E-06       5.6151E-04       3.7452E-08       7.7558E-04       1.4989E-04       9.9788E-05
       2.2750E+00      -3.7604E-06       2.6498E-05       1.3874E-04       2.0853E-04       1.4656E-05       9.3956E-06       5.6073E-04       3.8429E-08       7.7248E-04       1.4929E-04       9.8588E-05
       2.2850E+00      -3.6551E-06       2.6418E-05       1.3833E-04       2.0792E-04       1.4636E-05       9.2919E-06       5.5995E-04       3.9446E-08       7.6939E-04       1.4869E-04       9.7392E-05
       2.2950E+00      -3.5501E-06       2.6339E-05       1.3793E-04       2.0731E-04       1.4615E-05       9.1884E-06       5.5916E-04       4.0506E-08       7.6631E-04       1.4810E-04       9.6200E-05
       2.3050E+00      -3.4455E-06       2.6261E-05       1.3752E-04       2.0670E-04       1.4594E-05       9.0850E-06       5.5837E-04       4.1610E-08       7.6323E-04       1.4750E-04       9.5012E-05
       2.3150E+00      -3.3412E-06       2.6184E-05       1.3711E-04       2.0608E-04       1.4573E-05       8.9819E-06       5.5758E-04       4.2761E-08       7.6017E-04       1.4691E-04       9.3829E-05
       2.3250E+00      -3.2373E-06       2.6108E-05       1.3670E-04       2.0547E-04       1.4552E-05       8.8790E-06       5.5679E-04       4.3959E-08       7.5712E-04       1.4632E-04       9.2650E-05
       2.3350E+00      -3.1338E-06       2.6032E-05       1.3630E-04       2.0485E-04       1.4532E-05       8.7764E-06       5.5600E-04       4.5208E-08       7.5409E-04       1.4574E-04       9.1476E-05
       2.3450E+00      -3.0307E-06       2.5958E-05       1.3589E-04       2.0424E-04       1.4511E-05       8.6741E-06       5.5521E-04       4.6509E-08       7.5106E-04       1.4515E-04       9.0307E-05
       2.3550E+00      -2.9281E-06       2.5884E-05       1.3548E-04       2.0362E-04       1.4490E-05       8.5721E-06       5.5441E-04       4.7864E-08       7.4805E-04       1.4457E-04       8.9144E-05
       2.3650E+00      -2.8260E-06       2.5812E-05       1.3507E-04       2.0301E-04       1.4469E-05       8.4704E-06       5.5361E-04       4.9275E-08       7.4506E-04       1.4399E-04       8.7986E-05
       2.3750E+00      -2.7245E-06       2.5740E-05       1.3466E-04       2.0239E-04       1.4448E-05       8.3692E-06       5.5282E-04       5.0746E-08       7.4208E-04       1.4341E-04       8.6834E-05
       2.3850E+00      -2.6235E-06       2.5669E-05       1.3426E-04       2.0178E-04       1.4426E-05       8.2683E-06       5.5202E-04       5.2277E-08       7.3911E-04       1.4284E-04       8.5688E-05
       2.3950E+00      -2.5230E-06       2.5600E-05       1.3385E-04       2.0117E-04       1.4405E-05       8.1678E-06       5.5122E-04       5.3872E-08       7.3616E-04       1.4227E-04       8.4548E-05
       2.4050E+00      -2.4232E-06       2.5531E-05       1.3344E-04       2.0055E-04       1.4384E-05       8.0678E-06       5.5042E-04       5.5533E-08       7.3323E-04       1.4170E-04       8.3414E-05
       2.4150E+00      -2.3240E-06       2.5463E-05       1.3304E-04       1.9994E-04       1.4363E-05       7.9683E-06       5.4962E-04       5.7262E-08       7.3031E-04       1.4114E-04       8.2287E-05
       2.4250E+00      -2.2255E-06       2.5397E-05       1.3263E-04       1.9933E-04       1.4342E-05       7.8692E-06       5.4882E-04       5.9062E-08       7.2742E-04       1.4058E-04       8.1166E-05
       2.4350E+00      -2.1277E-06       2.5331E-05       1.3223E-04       1.9872E-04       1.4321E-05       7.7706E-06       5.4802E-04       6.0935E-08       7.2453E-04       1.4002E-04       8.0053E-05
       2.4450E+00      -2.0306E-06       2.5267E-05       1.3183E-04       1.9812E-04       1.4300E-05       7.6726E-06       5.4722E-04       6.2885E-08       7.2167E-04       1.3947E-04       7.8946E-05
       2.4550E+00      -1.9343E-06       2.5204E-05       1.3143E-04       1.9751E-04       1.4279E-05       7.5751E-06       5.4642E-04       6.4914E-08       7.1883E-04       1.3892E-04       7.7847E-05
       2.4650E+00      -1.8387E-06       2.5141E-05       1.3102E-04       1.9691E-04       1.4258E-05       7.4782E-06       5.4562E-04       6.7024E-08       7.1600E-04       1.3837E-04       7.6755E-05
       2.4750E+00      -1.7439E-06       2.5080E-05       1.3062E-04       1.9630E-04       1.4237E-05       7.3818E-06       5.4483E-04       6.9218E-08       7.1319E-04       1.3783E-04       7.5670E-05
       2.4850E+00      -1.6500E-06       2.5020E-05       1.3023E-04       1.9570E-04       1.4216E-05       7.2861E-06       5.4403E-04       7.1499E-08       7.1041E-04       1.3729E-04       7.4593E-05
       2.4950E+00      -1.5568E-06       2.4961E-05       1.2983E-04       1.9510E-04       1.4195E-05       7.1910E-06       5.4324E-04       7.3871E-08       7.0764E-04       1.3676E-04       7.3524E-05
       2.5050E+00      -1.4646E-06       2.4904E-05       1.2943E-04       1.9451E-04       1.4174E-05       7.0965E-06       5.4244E-04       7.6335E-08       7.0489E-04       1.3623E-04       7.2463E-05
       2.5150E+00      -1.3733E-06       2.4847E-05       1.2904E-04       1.9391E-04       1.4153E-05       7.0027E-06       5.4165E-04       7.8895E-08       7.0217E-04       1.3570E-04       7.1409E-05
       2.5250E+00      -1.2828E-06       2.4792E-05       1.2865E-04       1.9332E-04       1.4132E-05       6.9095E-06       5.4086E-04       8.1553E-08       6.9946E-04       1.3518E-04       7.0364E-05
       2.5350E+00      -1.1933E-06       2.4737E-05       1.2826E-04       1.9273E-04       1.4112E-05       6.8171E-06       5.4008E-04       8.4313E-08       6.9678E-04       1.3466E-04       6.9328E-05
       2.5450E+00      -1.1048E-06       2.4684E-05       1.2787E-04       1.9215E-04       1.4091E-05       6.7254E-06       5.3929E-04       8.7176E-08       6.9412E-04       1.3415E-04       6.8299E-05
       2.5550E+00      -1.0173E-06       2.4632E-05       1.2748E-04       1.9156E-04       1.4070E-05       6.6344E-06       5.3851E-04       9.0147E-08       6.9148E-04       1.3364E-04       6.7279E-05
       2.5650E+00      -9.3074E-07       2.4581E-05       1.2709E-04       1.9098E-04       1.4050E-05       6.5442E-06       5.3773E-04       9.3228E-08       6.8886E-04       1.3313E-04       6.6268E-05
       2.5750E+00      -8.4524E-07       2.4531E-05       1.2671E-04       1.9040E-04       1.4029E-05       6.4547E-06       5.3695E-04       9.6421E-08       6.8627E-04       1.3263E-04       6.5266E-05
       2.5850E+00      -7.6078E-07       2.4482E-05       1.2633E-04       1.8983E-04       1.4009E-05       6.3660E-06       5.3617E-04       9.9730E-08       6.8370E-04       1.3213E-04       6.4272E-05
       2.5950E+00      -6.7740E-07       2.4435E-05       1.2595E-04       1.8926E-04       1.3988E-05       6.2780E-06       5.3540E-04       1.0316E-07       6.8115E-04       1.3164E-04       6.3287E-05
       2.6050E+00      -5.9510E-07       2.4388E-05       1.2557E-04       1.8869E-04       1.3968E-05       6.1909E-06       5.3463E-04       1.0671E-07       6.7862E-04       1.3115E-04       6.2311E-05
       2.6150E+00      -5.1390E-07       2.4343E-05       1.2519E-04       1.8812E-04       1.3948E-05       6.1046E-06       5.3386E-04       1.1038E-07       6.7612E-04       1.3067E-04       6.1344E-05
       2.6250E+00      -4.3383E-07       2.4299E-05       1.2482E-04       1.8756E-04       1.3928E-05       6.0191E-06       5.3310E-04       1.1417E-07       6.7364E-04       1.3019E-04       6.0387E-05
       2.6350E+00      -3.5490E-07       2.4255E-05       1.2445E-04       1.8700E-04       1.3908E-05       5.9345E-06       5.3234E-04       1.1810E-07       6.7118E-04       1.2972E-04       5.9438E-05
       2.6450E+00      -2.7712E-07       2.4213E-05       1.2408E-04       1.8645E-04       1.3888E-05       5.8507E-06       5.3158E-04       1.2216E-07       6.6875E-04       1.2925E-04       5.8499E-05
       2.6550E+00      -2.0052E-07       2.4172E-05       1.2372E-04       1.8590E-04       1.3868E-05       5.7678E-06       5.3083E-04       1.2635E-07       6.6634E-04       1.2878E-04       5.7569E-05
       2.6650E+00      -1.2510E-07       2.4132E-05       1.2335E-04       1.8535E-04       1.3848E-05       5.6858E-06       5.3008E-04       1.3067E-07       6.6396E-04       1.2832E-04       5.6648E-05
       2.6750E+00      -5.0883E-08       2.4093E-05       1.2299E-04       1.8480E-04       1.3829E-05       5.6046E-06       5.2933E-04       1.3513E-07       6.6160E-04       1.2786E-04       5.5737E-05
       2.6850E+00       2.2120E-08       2.4055E-05       1.2263E-04       1.8426E-04       1.3809E-05       5.5244E-06       5.2859E-04       1.3974E-07       6.5927E-04       1.2741E-04       5.4835E-05
       2.6950E+00       9.3896E-08       2.4018E-05       1.2228E-04       1.8373E-04       1.3790E-05       5.4450E-06       5.2786E-04       1.4448E-07       6.5695E-04       1.2697E-04       5.3943E-05
       2.7050E+00       1.6443E-07       2.3982E-05       1.2193E-04       1.8320E-04       1.3771E-05       5.3666E-06       5.2712E-04       1.4936E-07       6.5467E-04       1.2653E-04       5.3060E-05
       2.7150E+00       2.3372E-07       2.3947E-05       1.2158E-04       1.8267E-04       1.3751E-05       5.2891E-06       5.2640E-04       1.5439E-07       6.5241E-04       1.2609E-04       5.2187E-05
       2.7250E+00       3.0175E-07       2.3912E-05       1.2123E-04       1.8215E-04       1.3732E-05       5.2125E-06       5.2567E-04       1.5957E-07       6.5017E-04       1.2566E-04       5.1323E-05
       2.7350E+00       3.6852E-07       2.3879E-05       1.2088E-04       1.8163E-04       1.3713E-05       5.1368E-06       5.2495E-04       1.6490E-07       6.4796E-04       1.2523E-04       5.0469E-05
       2.7450E+00       4.3400E-07       2.3847E-05       1.2054E-04       1.8111E-04       1.3695E-05       5.0621E-06       5.2424E-04       1.7037E-07       6.4577E-04       1.2481E-04       4.9625E-05
       2.7550E+00       4.9820E-07       2.3815E-05       1.2020E-04       1.8060E-04       1.3676E-05       4.9884E-06       5.2353E-04       1.7599E-07       6.4361E-04       1.2439E-04       4.8790E-05
       2.7650E+00       5.6111E-07       2.3785E-05       1.1987E-04       1.8009E-04       1.3657E-05       4.9156E-06       5.2282E-04       1.8176E-07       6.4148E-04       1.2398E-04       4.7965E-05
       2.7750E+00       6.2273E-07       2.3755E-05       1.1953E-04       1.7959E-04       1.3639E-05       4.8437E-06       5.2212E-04       1.8768E-07       6.3936E-04       1.2357E-04       4.7150E-05
       2.7850E+00       6.8304E-07       2.3726E-05       1.1920E-04       1.7910E-04       1.3621E-05       4.7728E-06       5.2143E-04       1.9375E-07       6.3728E-04       1.2317E-04       4.6344E-05
       2.7950E+00       7.4205E-07       2.3698E-05       1.1888E-04       1.7860E-04       1.3603E-05       4.7029E-06       5.2074E-04       1.9998E-07       6.3522E-04       1.2277E-04       4.5548E-05
       2.8050E+00       7.9974E-07       2.3671E-05       1.1855E-04       1.7811E-04       1.3585E-05       4.6340E-06       5.2006E-04       2.0635E-07       6.3318E-04       1.2238E-04       4.4762E-05
       2.8150E+00       8.5612E-07       2.3645E-05       1.1823E-04       1.7763E-04       1.3567E-05       4.5660E-06       5.1938E-04       2.1287E-07       6.3117E-04       1.2199E-04       4.3985E-05
       2.8250E+00       9.1118E-07       2.3619E-05       1.1791E-04       1.7715E-04       1.3549E-05       4.4990E-06       5.1870E-04       2.1955E-07       6.2918E-04       1.2161E-04       4.3219E-05
       2.8350E+00       9.6491E-07       2.3594E-05       1.1760E-04       1.7668E-04       1.3532E-05       4.4330E-06       5.1804E-04       2.2636E-07       6.2722E-04       1.2123E-04       4.2462E-05
       2.8450E+00       1.0173E-06       2.3570E-05       1.1729E-04       1.7621E-04       1.3514E-05       4.3681E-06       5.1738E-04       2.3333E-07       6.2529E-04       1.2085E-04       4.1715E-05
       2.8550E+00       1.0684E-06       2.3547E-05       1.1698E-04       1.7575E-04       1.3497E-05       4.3041E-06       5.1672E-04       2.4043E-07       6.2338E-04       1.2049E-04       4.0979E-05
       2.8650E+00       1.1181E-06       2.3524E-05       1.1667E-04       1.7529E-04       1.3480E-05       4.2413E-06       5.1607E-04       2.4768E-07       6.2150E-04       1.2012E-04       4.0252E-05
       2.8750E+00       1.1664E-06       2.3502E-05       1.1637E-04       1.7483E-04       1.3463E-05       4.1794E-06       5.1543E-04       2.5505E-07       6.1965E-04       1.1976E-04       3.9537E-05
       2.8850E+00       1.2133E-06       2.3481E-05       1.1608E-04       1.7439E-04       1.3446E-05       4.1188E-06       5.1480E-04       2.6254E-07       6.1782E-04       1.1941E-04       3.8833E-05
       2.8950E+00       1.2587E-06       2.3461E-05       1.1578E-04       1.7395E-04       1.3430E-05       4.0593E-06       5.1417E-04       2.7014E-07       6.1603E-04       1.1907E-04       3.8142E-05
       2.9050E+00       1.3027E-06       2.3441E-05       1.1550E-04       1.7351E-04       1.3414E-05       4.0012E-06       5.1356E-04       2.7782E-07       6.1428E-04       1.1873E-04       3.7464E-05
       2.9150E+00       1.3450E-06       2.3422E-05       1.1522E-04       1.7309E-04       1.3398E-05       3.9445E-06       5.1295E-04       2.8555E-07       6.1256E-04       1.1840E-04       3.6801E-05
       2.9250E+00       1.3855E-06       2.3404E-05       1.1494E-04       1.7268E-04       1.3382E-05       3.8896E-06       5.1236E-04       2.9330E-07       6.1089E-04       1.1807E-04       3.6157E-05
       2.9350E+00       1.4240E-06       2.3387E-05       1.1468E-04       1.7228E-04       1.3367E-05       3.8367E-06       5.1179E-04       3.0098E-07       6.0928E-04       1.1776E-04       3.5535E-05
       2.9450E+00       1.4603E-06       2.3371E-05       1.1442E-04       1.7190E-04       1.3353E-05       3.7864E-06       5.1125E-04       3.0851E-07       6.0774E-04       1.1747E-04       3.4942E-05
       2.9550E+00       1.4937E-06       2.3356E-05       1.1418E-04       1.7154E-04       1.3340E-05       3.7394E-06       5.1073E-04       3.1574E-07       6.0630E-04       1.1719E-04       3.4386E-05
       2.9650E+00       1.5238E-06       2.3343E-05       1.1397E-04       1.7121E-04       1.3327E-05       3.6967E-06       5.1027E-04       3.2246E-07       6.0499E-04       1.1694E-04       3.3880E-05
       2.9750E+00       1.5494E-06       2.3331E-05       1.1378E-04       1.7093E-04       1.3317E-05       3.6600E-06       5.0986E-04       3.2836E-07       6.0386E-04       1.1672E-04       3.3444E-05
       2.9850E+00       1.5690E-06       2.3323E-05       1.1364E-04       1.7071E-04       1.3308E-05       3.6316E-06       5.0955E-04       3.3300E-07       6.0298E-04       1.1655E-04       3.3105E-05
       2.9950E+00       1.5806E-06       2.3318E-05       1.1355E-04       1.7058E-04       1.3304E-05       3.6149E-06       5.0936E-04       3.3577E-07       6.0247E-04       1.1645E-04       3.2906E-05
