# Time          4.5000E+01
# Units: Mol/kgw
    Distance           H+               CO2(aq)          Mg++             Ca++             K+               SiO2(aq)         Na+              Al+++            Cl-              NO3-             Tracer       
       5.0000E-03       1.0906E-05       1.6196E-05       1.2001E-04       1.8021E-04       2.0000E-05       1.1386E-06       8.0022E-04       8.8947E-07       1.0343E-03       2.0000E-04       2.0000E-04
       1.5000E-02       7.9781E-06       1.6798E-05       1.2002E-04       1.8057E-04       2.0000E-05       2.4946E-06       8.0060E-04       1.4856E-06       1.0343E-03       2.0000E-04       2.0000E-04
       2.5000E-02       5.9706E-06       1.7383E-05       1.2004E-04       1.8091E-04       2.0000E-05       3.5437E-06       8.0098E-04       1.7749E-06       1.0343E-03       2.0000E-04       2.0000E-04
       3.5000E-02       4.8462E-06       1.7920E-05       1.2006E-04       1.8125E-04       2.0000E-05       4.2984E-06       8.0136E-04       1.7698E-06       1.0343E-03       2.0000E-04       2.0000E-04
       4.5000E-02       4.2532E-06       1.8415E-05       1.2009E-04       1.8157E-04       2.0000E-05       4.8759E-06       8.0174E-04       1.5876E-06       1.0343E-03       2.0000E-04       2.0000E-04
       5.5000E-02       3.8611E-06       1.8888E-05       1.2013E-04       1.8188E-04       2.0000E-05       5.3864E-06       8.0212E-04       1.3385E-06       1.0343E-03       2.0000E-04       2.0000E-04
       6.5000E-02       3.4885E-06       1.9355E-05       1.2018E-04       1.8218E-04       2.0000E-05       5.8903E-06       8.0250E-04       1.0831E-06       1.0343E-03       2.0000E-04       2.0000E-04
       7.5000E-02       3.0547E-06       1.9830E-05       1.2024E-04       1.8247E-04       2.0000E-05       6.4144E-06       8.0288E-04       8.4814E-07       1.0343E-03       2.0000E-04       2.0000E-04
       8.5000E-02       2.5265E-06       2.0327E-05       1.2032E-04       1.8275E-04       2.0000E-05       6.9698E-06       8.0326E-04       6.4490E-07       1.0343E-03       2.0000E-04       2.0000E-04
       9.5000E-02       1.8917E-06       2.0860E-05       1.2040E-04       1.8302E-04       2.0000E-05       7.5604E-06       8.0364E-04       4.7749E-07       1.0343E-03       2.0000E-04       2.0000E-04
       1.0500E-01       1.1500E-06       2.1446E-05       1.2049E-04       1.8329E-04       1.9999E-05       8.1861E-06       8.0401E-04       3.4619E-07       1.0343E-03       2.0000E-04       2.0000E-04
       1.1500E-01       3.0991E-07       2.2101E-05       1.2059E-04       1.8354E-04       1.9999E-05       8.8440E-06       8.0439E-04       2.4838E-07       1.0343E-03       2.0000E-04       2.0000E-04
       1.2500E-01      -6.1272E-07       2.2837E-05       1.2070E-04       1.8378E-04       1.9999E-05       9.5284E-06       8.0477E-04       1.7904E-07       1.0343E-03       2.0000E-04       2.0000E-04
       1.3500E-01      -1.5974E-06       2.3657E-05       1.2082E-04       1.8402E-04       1.9999E-05       1.0232E-05       8.0514E-04       1.3178E-07       1.0343E-03       2.0000E-04       2.0000E-04
       1.4500E-01      -2.6232E-06       2.4553E-05       1.2094E-04       1.8425E-04       1.9999E-05       1.0948E-05       8.0552E-04       1.0027E-07       1.0343E-03       2.0000E-04       2.0000E-04
       1.5500E-01      -3.6717E-06       2.5509E-05       1.2106E-04       1.8447E-04       1.9999E-05       1.1668E-05       8.0589E-04       7.9268E-08       1.0343E-03       2.0000E-04       2.0000E-04
       1.6500E-01      -4.7278E-06       2.6506E-05       1.2119E-04       1.8468E-04       1.9999E-05       1.2386E-05       8.0625E-04       6.5070E-08       1.0343E-03       2.0000E-04       2.0000E-04
       1.7500E-01      -5.7786E-06       2.7521E-05       1.2132E-04       1.8489E-04       1.9999E-05       1.3096E-05       8.0661E-04       5.5242E-08       1.0343E-03       2.0000E-04       2.0000E-04
       1.8500E-01      -6.8113E-06       2.8535E-05       1.2144E-04       1.8510E-04       1.9999E-05       1.3792E-05       8.0696E-04       4.8261E-08       1.0343E-03       2.0000E-04       2.0000E-04
       1.9500E-01      -7.8112E-06       2.9526E-05       1.2157E-04       1.8529E-04       1.9999E-05       1.4463E-05       8.0730E-04       4.3191E-08       1.0343E-03       2.0000E-04       2.0000E-04
       2.0500E-01      -8.7594E-06       3.0470E-05       1.2169E-04       1.8547E-04       1.9999E-05       1.5099E-05       8.0762E-04       3.9450E-08       1.0343E-03       2.0000E-04       2.0000E-04
       2.1500E-01      -9.6300E-06       3.1338E-05       1.2181E-04       1.8563E-04       1.9999E-05       1.5682E-05       8.0792E-04       3.6680E-08       1.0343E-03       2.0000E-04       2.0000E-04
       2.2500E-01      -1.0386E-05       3.2091E-05       1.2191E-04       1.8576E-04       1.9999E-05       1.6189E-05       8.0817E-04       3.4667E-08       1.0343E-03       2.0000E-04       2.0000E-04
       2.3500E-01      -1.0977E-05       3.2677E-05       1.2201E-04       1.8585E-04       1.9999E-05       1.6584E-05       8.0837E-04       3.3288E-08       1.0343E-03       2.0000E-04       2.0000E-04
       2.4500E-01      -1.1325E-05       3.3021E-05       1.2208E-04       1.8588E-04       1.9999E-05       1.6817E-05       8.0849E-04       3.2100E-08       1.0343E-03       2.0000E-04       2.0000E-04
       2.5500E-01      -1.1272E-05       3.3016E-05       1.2213E-04       1.8583E-04       1.9999E-05       1.6799E-05       8.0849E-04       1.4430E-08       1.0343E-03       2.0000E-04       2.0000E-04
       2.6500E-01      -1.1268E-05       3.3016E-05       1.2218E-04       1.8578E-04       1.9999E-05       1.6798E-05       8.0849E-04       1.3013E-08       1.0343E-03       2.0000E-04       2.0000E-04
       2.7500E-01      -1.1268E-05       3.3017E-05       1.2223E-04       1.8574E-04       1.9999E-05       1.6798E-05       8.0849E-04       1.2893E-08       1.0343E-03       2.0000E-04       2.0000E-04
       2.8500E-01      -1.1268E-05       3.3017E-05       1.2228E-04       1.8569E-04       1.9999E-05       1.6798E-05       8.0849E-04       1.2883E-08       1.0343E-03       2.0000E-04       2.0000E-04
       2.9500E-01      -1.1268E-05       3.3017E-05       1.2233E-04       1.8564E-04       1.9999E-05       1.6798E-05       8.0849E-04       1.2882E-08       1.0343E-03       2.0000E-04       2.0000E-04
       3.0500E-01      -1.1269E-05       3.3017E-05       1.2237E-04       1.8560E-04       1.9999E-05       1.6799E-05       8.0849E-04       1.2882E-08       1.0343E-03       2.0000E-04       2.0000E-04
       3.1500E-01      -1.1269E-05       3.3018E-05       1.2241E-04       1.8555E-04       1.9999E-05       1.6799E-05       8.0849E-04       1.2881E-08       1.0343E-03       2.0000E-04       2.0000E-04
       3.2500E-01      -1.1269E-05       3.3018E-05       1.2245E-04       1.8551E-04       1.9999E-05       1.6799E-05       8.0849E-04       1.2881E-08       1.0343E-03       2.0000E-04       2.0000E-04
       3.3500E-01      -1.1270E-05       3.3018E-05       1.2249E-04       1.8547E-04       1.9999E-05       1.6799E-05       8.0849E-04       1.2881E-08       1.0343E-03       2.0000E-04       2.0000E-04
       3.4500E-01      -1.1270E-05       3.3018E-05       1.2253E-04       1.8544E-04       1.9999E-05       1.6799E-05       8.0849E-04       1.2881E-08       1.0343E-03       2.0000E-04       2.0000E-04
       3.5500E-01      -1.1270E-05       3.3019E-05       1.2257E-04       1.8540E-04       1.9999E-05       1.6800E-05       8.0849E-04       1.2880E-08       1.0343E-03       2.0000E-04       2.0000E-04
       3.6500E-01      -1.1271E-05       3.3019E-05       1.2260E-04       1.8537E-04       1.9999E-05       1.6800E-05       8.0849E-04       1.2880E-08       1.0343E-03       2.0000E-04       2.0000E-04
       3.7500E-01      -1.1271E-05       3.3019E-05       1.2263E-04       1.8534E-04       1.9999E-05       1.6800E-05       8.0849E-04       1.2880E-08       1.0343E-03       2.0000E-04       2.0000E-04
       3.8500E-01      -1.1271E-05       3.3020E-05       1.2266E-04       1.8531E-04       1.9999E-05       1.6800E-05       8.0849E-04       1.2880E-08       1.0343E-03       2.0000E-04       2.0000E-04
       3.9500E-01      -1.1271E-05       3.3020E-05       1.2268E-04       1.8528E-04       1.9999E-05       1.6800E-05       8.0849E-04       1.2879E-08       1.0343E-03       2.0000E-04       2.0000E-04
       4.0500E-01      -1.1272E-05       3.3020E-05       1.2271E-04       1.8526E-04       1.9999E-05       1.6801E-05       8.0849E-04       1.2879E-08       1.0343E-03       2.0000E-04       2.0000E-04
       4.1500E-01      -1.1272E-05       3.3020E-05       1.2273E-04       1.8524E-04       1.9999E-05       1.6801E-05       8.0849E-04       1.2879E-08       1.0343E-03       2.0000E-04       2.0000E-04
       4.2500E-01      -1.1272E-05       3.3021E-05       1.2275E-04       1.8522E-04       1.9999E-05       1.6801E-05       8.0849E-04       1.2879E-08       1.0343E-03       2.0000E-04       2.0000E-04
       4.3500E-01      -1.1273E-05       3.3021E-05       1.2276E-04       1.8520E-04       1.9999E-05       1.6801E-05       8.0849E-04       1.2878E-08       1.0343E-03       2.0000E-04       2.0000E-04
       4.4500E-01      -1.1273E-05       3.3021E-05       1.2278E-04       1.8519E-04       1.9999E-05       1.6801E-05       8.0849E-04       1.2878E-08       1.0343E-03       2.0000E-04       2.0000E-04
       4.5500E-01      -1.1273E-05       3.3022E-05       1.2279E-04       1.8518E-04       1.9999E-05       1.6802E-05       8.0849E-04       1.2878E-08       1.0343E-03       2.0000E-04       2.0000E-04
       4.6500E-01      -1.1274E-05       3.3022E-05       1.2280E-04       1.8516E-04       1.9999E-05       1.6802E-05       8.0849E-04       1.2878E-08       1.0343E-03       2.0000E-04       2.0000E-04
       4.7500E-01      -1.1274E-05       3.3022E-05       1.2281E-04       1.8515E-04       1.9999E-05       1.6802E-05       8.0849E-04       1.2877E-08       1.0343E-03       2.0000E-04       2.0000E-04
       4.8500E-01      -1.1274E-05       3.3022E-05       1.2282E-04       1.8515E-04       1.9999E-05       1.6802E-05       8.0849E-04       1.2877E-08       1.0343E-03       2.0000E-04       2.0000E-04
       4.9500E-01      -1.1274E-05       3.3023E-05       1.2283E-04       1.8514E-04       1.9999E-05       1.6802E-05       8.0849E-04       1.2877E-08       1.0343E-03       2.0000E-04       2.0000E-04
       5.0500E-01      -1.1275E-05       3.3023E-05       1.2284E-04       1.8513E-04       1.9999E-05       1.6803E-05       8.0849E-04       1.2877E-08       1.0343E-03       2.0000E-04       2.0000E-04
       5.1500E-01      -1.1275E-05       3.3023E-05       1.2284E-04       1.8513E-04       1.9999E-05       1.6803E-05       8.0849E-04       1.2877E-08       1.0343E-03       2.0000E-04       2.0000E-04
       5.2500E-01      -1.1275E-05       3.3023E-05       1.2285E-04       1.8512E-04       1.9999E-05       1.6803E-05       8.0849E-04       1.2876E-08       1.0343E-03       2.0000E-04       2.0000E-04
       5.3500E-01      -1.1276E-05       3.3024E-05       1.2285E-04       1.8512E-04       1.9999E-05       1.6803E-05       8.0849E-04       1.2876E-08       1.0343E-03       2.0000E-04       2.0000E-04
       5.4500E-01      -1.1276E-05       3.3024E-05       1.2285E-04       1.8512E-04       1.9999E-05       1.6803E-05       8.0849E-04       1.2876E-08       1.0343E-03       2.0000E-04       2.0000E-04
       5.5500E-01      -1.1276E-05       3.3024E-05       1.2286E-04       1.8511E-04       1.9998E-05       1.6804E-05       8.0849E-04       1.2876E-08       1.0343E-03       2.0000E-04       2.0000E-04
       5.6500E-01      -1.1277E-05       3.3025E-05       1.2286E-04       1.8511E-04       1.9998E-05       1.6804E-05       8.0849E-04       1.2875E-08       1.0343E-03       2.0000E-04       2.0000E-04
       5.7500E-01      -1.1277E-05       3.3025E-05       1.2286E-04       1.8511E-04       1.9998E-05       1.6804E-05       8.0849E-04       1.2875E-08       1.0343E-03       2.0000E-04       2.0000E-04
       5.8500E-01      -1.1277E-05       3.3025E-05       1.2286E-04       1.8511E-04       1.9998E-05       1.6804E-05       8.0849E-04       1.2875E-08       1.0343E-03       2.0000E-04       2.0000E-04
       5.9500E-01      -1.1277E-05       3.3025E-05       1.2286E-04       1.8511E-04       1.9998E-05       1.6804E-05       8.0849E-04       1.2875E-08       1.0343E-03       2.0000E-04       2.0000E-04
       6.0500E-01      -1.1278E-05       3.3026E-05       1.2286E-04       1.8511E-04       1.9998E-05       1.6805E-05       8.0849E-04       1.2874E-08       1.0343E-03       2.0000E-04       2.0000E-04
       6.1500E-01      -1.1278E-05       3.3026E-05       1.2286E-04       1.8511E-04       1.9998E-05       1.6805E-05       8.0849E-04       1.2874E-08       1.0343E-03       2.0000E-04       2.0000E-04
       6.2500E-01      -1.1278E-05       3.3026E-05       1.2286E-04       1.8511E-04       1.9998E-05       1.6805E-05       8.0849E-04       1.2874E-08       1.0343E-03       2.0000E-04       2.0000E-04
       6.3500E-01      -1.1279E-05       3.3027E-05       1.2286E-04       1.8511E-04       1.9998E-05       1.6805E-05       8.0849E-04       1.2874E-08       1.0343E-03       2.0000E-04       2.0000E-04
       6.4500E-01      -1.1279E-05       3.3027E-05       1.2286E-04       1.8511E-04       1.9998E-05       1.6805E-05       8.0849E-04       1.2873E-08       1.0343E-03       2.0000E-04       2.0000E-04
       6.5500E-01      -1.1279E-05       3.3027E-05       1.2286E-04       1.8511E-04       1.9998E-05       1.6806E-05       8.0849E-04       1.2873E-08       1.0343E-03       2.0000E-04       2.0000E-04
       6.6500E-01      -1.1279E-05       3.3027E-05       1.2286E-04       1.8511E-04       1.9998E-05       1.6806E-05       8.0849E-04       1.2873E-08       1.0343E-03       2.0000E-04       2.0000E-04
       6.7500E-01      -1.1280E-05       3.3028E-05       1.2286E-04       1.8511E-04       1.9998E-05       1.6806E-05       8.0849E-04       1.2873E-08       1.0343E-03       2.0000E-04       2.0000E-04
       6.8500E-01      -1.1280E-05       3.3028E-05       1.2286E-04       1.8511E-04       1.9998E-05       1.6806E-05       8.0849E-04       1.2872E-08       1.0343E-03       2.0000E-04       2.0000E-04
       6.9500E-01      -1.1280E-05       3.3028E-05       1.2286E-04       1.8511E-04       1.9998E-05       1.6806E-05       8.0849E-04       1.2872E-08       1.0343E-03       2.0000E-04       2.0000E-04
       7.0500E-01      -1.1281E-05       3.3028E-05       1.2287E-04       1.8511E-04       1.9998E-05       1.6807E-05       8.0849E-04       1.2872E-08       1.0343E-03       2.0000E-04       2.0000E-04
       7.1500E-01      -1.1281E-05       3.3029E-05       1.2287E-04       1.8511E-04       1.9998E-05       1.6807E-05       8.0849E-04       1.2872E-08       1.0343E-03       2.0000E-04       2.0000E-04
       7.2500E-01      -1.1281E-05       3.3029E-05       1.2287E-04       1.8511E-04       1.9998E-05       1.6807E-05       8.0849E-04       1.2871E-08       1.0343E-03       2.0000E-04       2.0000E-04
       7.3500E-01      -1.1282E-05       3.3029E-05       1.2287E-04       1.8511E-04       1.9998E-05       1.6807E-05       8.0849E-04       1.2871E-08       1.0343E-03       2.0000E-04       2.0000E-04
       7.4500E-01      -1.1282E-05       3.3030E-05       1.2287E-04       1.8511E-04       1.9998E-05       1.6807E-05       8.0849E-04       1.2871E-08       1.0343E-03       2.0000E-04       2.0000E-04
       7.5500E-01      -1.1282E-05       3.3030E-05       1.2287E-04       1.8511E-04       1.9998E-05       1.6808E-05       8.0849E-04       1.2871E-08       1.0343E-03       2.0000E-04       2.0000E-04
       7.6500E-01      -1.1282E-05       3.3030E-05       1.2287E-04       1.8511E-04       1.9997E-05       1.6808E-05       8.0849E-04       1.2871E-08       1.0343E-03       2.0000E-04       2.0000E-04
       7.7500E-01      -1.1283E-05       3.3030E-05       1.2287E-04       1.8511E-04       1.9997E-05       1.6808E-05       8.0849E-04       1.2870E-08       1.0343E-03       2.0000E-04       2.0000E-04
       7.8500E-01      -1.1283E-05       3.3031E-05       1.2287E-04       1.8511E-04       1.9997E-05       1.6808E-05       8.0849E-04       1.2870E-08       1.0343E-03       2.0000E-04       2.0000E-04
       7.9500E-01      -1.1283E-05       3.3031E-05       1.2287E-04       1.8511E-04       1.9997E-05       1.6808E-05       8.0849E-04       1.2870E-08       1.0343E-03       2.0000E-04       2.0000E-04
       8.0500E-01      -1.1284E-05       3.3031E-05       1.2287E-04       1.8511E-04       1.9997E-05       1.6809E-05       8.0849E-04       1.2870E-08       1.0343E-03       2.0000E-04       2.0000E-04
       8.1500E-01      -1.1284E-05       3.3031E-05       1.2287E-04       1.8511E-04       1.9997E-05       1.6809E-05       8.0849E-04       1.2869E-08       1.0343E-03       2.0000E-04       2.0000E-04
       8.2500E-01      -1.1284E-05       3.3032E-05       1.2287E-04       1.8511E-04       1.9997E-05       1.6809E-05       8.0849E-04       1.2869E-08       1.0343E-03       2.0000E-04       2.0000E-04
       8.3500E-01      -1.1285E-05       3.3032E-05       1.2287E-04       1.8511E-04       1.9997E-05       1.6809E-05       8.0849E-04       1.2869E-08       1.0343E-03       2.0000E-04       2.0000E-04
       8.4500E-01      -1.1285E-05       3.3032E-05       1.2287E-04       1.8511E-04       1.9997E-05       1.6809E-05       8.0849E-04       1.2869E-08       1.0343E-03       2.0000E-04       2.0000E-04
       8.5500E-01      -1.1285E-05       3.3033E-05       1.2287E-04       1.8511E-04       1.9997E-05       1.6810E-05       8.0849E-04       1.2868E-08       1.0343E-03       2.0000E-04       2.0000E-04
       8.6500E-01      -1.1285E-05       3.3033E-05       1.2287E-04       1.8511E-04       1.9997E-05       1.6810E-05       8.0849E-04       1.2868E-08       1.0343E-03       2.0000E-04       2.0000E-04
       8.7500E-01      -1.1286E-05       3.3033E-05       1.2287E-04       1.8511E-04       1.9996E-05       1.6810E-05       8.0849E-04       1.2868E-08       1.0343E-03       2.0000E-04       2.0000E-04
       8.8500E-01      -1.1286E-05       3.3033E-05       1.2287E-04       1.8511E-04       1.9996E-05       1.6810E-05       8.0849E-04       1.2868E-08       1.0343E-03       2.0000E-04       2.0000E-04
       8.9500E-01      -1.1286E-05       3.3034E-05       1.2287E-04       1.8511E-04       1.9996E-05       1.6810E-05       8.0849E-04       1.2867E-08       1.0343E-03       2.0000E-04       2.0000E-04
       9.0500E-01      -1.1287E-05       3.3034E-05       1.2287E-04       1.8511E-04       1.9996E-05       1.6811E-05       8.0849E-04       1.2867E-08       1.0343E-03       2.0000E-04       2.0000E-04
       9.1500E-01      -1.1287E-05       3.3034E-05       1.2287E-04       1.8511E-04       1.9996E-05       1.6811E-05       8.0849E-04       1.2867E-08       1.0343E-03       2.0000E-04       2.0000E-04
       9.2500E-01      -1.1287E-05       3.3035E-05       1.2287E-04       1.8511E-04       1.9996E-05       1.6811E-05       8.0849E-04       1.2867E-08       1.0343E-03       2.0000E-04       2.0000E-04
       9.3500E-01      -1.1287E-05       3.3035E-05       1.2287E-04       1.8511E-04       1.9996E-05       1.6811E-05       8.0849E-04       1.2866E-08       1.0343E-03       2.0000E-04       2.0000E-04
       9.4500E-01      -1.1288E-05       3.3035E-05       1.2287E-04       1.8511E-04       1.9995E-05       1.6811E-05       8.0849E-04       1.2866E-08       1.0343E-03       2.0000E-04       2.0000E-04
       9.5500E-01      -1.1288E-05       3.3035E-05       1.2287E-04       1.8511E-04       1.9995E-05       1.6812E-05       8.0849E-04       1.2866E-08       1.0343E-03       2.0000E-04       2.0000E-04
       9.6500E-01      -1.1288E-05       3.3036E-05       1.2287E-04       1.8511E-04       1.9995E-05       1.6812E-05       8.0849E-04       1.2866E-08       1.0343E-03       2.0000E-04       2.0000E-04
       9.7500E-01      -1.1289E-05       3.3036E-05       1.2287E-04       1.8511E-04       1.9995E-05       1.6812E-05       8.0849E-04       1.2865E-08       1.0343E-03       2.0000E-04       2.0000E-04
       9.8500E-01      -1.1289E-05       3.3036E-05       1.2287E-04       1.8511E-04       1.9995E-05       1.6812E-05       8.0849E-04       1.2865E-08       1.0343E-03       2.0000E-04       2.0000E-04
       9.9500E-01      -1.1289E-05       3.3036E-05       1.2287E-04       1.8511E-04       1.9994E-05       1.6812E-05       8.0849E-04       1.2865E-08       1.0343E-03       2.0000E-04       2.0000E-04
       1.0050E+00      -1.1290E-05       3.3037E-05       1.2287E-04       1.8511E-04       1.9994E-05       1.6813E-05       8.0849E-04       1.2865E-08       1.0343E-03       2.0000E-04       2.0000E-04
       1.0150E+00      -1.1290E-05       3.3037E-05       1.2287E-04       1.8511E-04       1.9994E-05       1.6813E-05       8.0849E-04       1.2865E-08       1.0343E-03       2.0000E-04       2.0000E-04
       1.0250E+00      -1.1290E-05       3.3037E-05       1.2287E-04       1.8511E-04       1.9994E-05       1.6813E-05       8.0849E-04       1.2864E-08       1.0343E-03       2.0000E-04       2.0000E-04
       1.0350E+00      -1.1290E-05       3.3038E-05       1.2287E-04       1.8511E-04       1.9993E-05       1.6813E-05       8.0849E-04       1.2864E-08       1.0343E-03       2.0000E-04       2.0000E-04
       1.0450E+00      -1.1291E-05       3.3038E-05       1.2287E-04       1.8511E-04       1.9993E-05       1.6813E-05       8.0849E-04       1.2864E-08       1.0343E-03       2.0000E-04       2.0000E-04
       1.0550E+00      -1.1291E-05       3.3038E-05       1.2287E-04       1.8511E-04       1.9993E-05       1.6814E-05       8.0849E-04       1.2864E-08       1.0343E-03       2.0000E-04       2.0000E-04
       1.0650E+00      -1.1291E-05       3.3038E-05       1.2287E-04       1.8511E-04       1.9992E-05       1.6814E-05       8.0849E-04       1.2863E-08       1.0343E-03       2.0000E-04       2.0000E-04
       1.0750E+00      -1.1292E-05       3.3039E-05       1.2287E-04       1.8511E-04       1.9992E-05       1.6814E-05       8.0849E-04       1.2863E-08       1.0343E-03       2.0000E-04       2.0000E-04
       1.0850E+00      -1.1292E-05       3.3039E-05       1.2287E-04       1.8511E-04       1.9992E-05       1.6814E-05       8.0849E-04       1.2863E-08       1.0343E-03       2.0000E-04       2.0000E-04
       1.0950E+00      -1.1292E-05       3.3039E-05       1.2287E-04       1.8511E-04       1.9991E-05       1.6814E-05       8.0849E-04       1.2863E-08       1.0343E-03       2.0000E-04       2.0000E-04
       1.1050E+00      -1.1293E-05       3.3040E-05       1.2287E-04       1.8511E-04       1.9991E-05       1.6814E-05       8.0849E-04       1.2862E-08       1.0343E-03       2.0000E-04       2.0000E-04
       1.1150E+00      -1.1293E-05       3.3040E-05       1.2287E-04       1.8511E-04       1.9991E-05       1.6815E-05       8.0849E-04       1.2862E-08       1.0343E-03       2.0000E-04       2.0000E-04
       1.1250E+00      -1.1293E-05       3.3040E-05       1.2287E-04       1.8511E-04       1.9990E-05       1.6815E-05       8.0849E-04       1.2862E-08       1.0343E-03       2.0000E-04       2.0000E-04
       1.1350E+00      -1.1293E-05       3.3040E-05       1.2287E-04       1.8511E-04       1.9990E-05       1.6815E-05       8.0849E-04       1.2862E-08       1.0343E-03       2.0000E-04       2.0000E-04
       1.1450E+00      -1.1294E-05       3.3041E-05       1.2287E-04       1.8511E-04       1.9989E-05       1.6815E-05       8.0849E-04       1.2861E-08       1.0343E-03       2.0000E-04       2.0000E-04
       1.1550E+00      -1.1294E-05       3.3041E-05       1.2287E-04       1.8511E-04       1.9989E-05       1.6815E-05       8.0849E-04       1.2861E-08       1.0343E-03       2.0000E-04       2.0000E-04
       1.1650E+00      -1.1294E-05       3.3041E-05       1.2287E-04       1.8511E-04       1.9988E-05       1.6816E-05       8.0849E-04       1.2861E-08       1.0343E-03       2.0000E-04       2.0000E-04
       1.1750E+00      -1.1295E-05       3.3041E-05       1.2287E-04       1.8511E-04       1.9988E-05       1.6816E-05       8.0849E-04       1.2861E-08       1.0343E-03       2.0000E-04       2.0000E-04
       1.1850E+00      -1.1295E-05       3.3042E-05       1.2287E-04       1.8511E-04       1.9987E-05       1.6816E-05       8.0849E-04       1.2860E-08       1.0343E-03       2.0000E-04       2.0000E-04
       1.1950E+00      -1.1295E-05       3.3042E-05       1.2287E-04       1.8511E-04       1.9987E-05       1.6816E-05       8.0849E-04       1.2860E-08       1.0343E-03       2.0000E-04       2.0000E-04
       1.2050E+00      -1.1296E-05       3.3042E-05       1.2287E-04       1.8511E-04       1.9986E-05       1.6816E-05       8.0849E-04       1.2860E-08       1.0343E-03       2.0000E-04       2.0000E-04
       1.2150E+00      -1.1296E-05       3.3043E-05       1.2287E-04       1.8512E-04       1.9985E-05       1.6817E-05       8.0849E-04       1.2860E-08       1.0343E-03       2.0000E-04       2.0000E-04
       1.2250E+00      -1.1296E-05       3.3043E-05       1.2287E-04       1.8512E-04       1.9985E-05       1.6817E-05       8.0849E-04       1.2859E-08       1.0343E-03       2.0000E-04       2.0000E-04
       1.2350E+00      -1.1296E-05       3.3043E-05       1.2287E-04       1.8512E-04       1.9984E-05       1.6817E-05       8.0849E-04       1.2859E-08       1.0343E-03       2.0000E-04       2.0000E-04
       1.2450E+00      -1.1297E-05       3.3043E-05       1.2287E-04       1.8512E-04       1.9983E-05       1.6817E-05       8.0849E-04       1.2859E-08       1.0343E-03       2.0000E-04       2.0000E-04
       1.2550E+00      -1.1297E-05       3.3044E-05       1.2287E-04       1.8512E-04       1.9982E-05       1.6817E-05       8.0849E-04       1.2859E-08       1.0343E-03       2.0000E-04       2.0000E-04
       1.2650E+00      -1.1297E-05       3.3044E-05       1.2287E-04       1.8512E-04       1.9981E-05       1.6818E-05       8.0849E-04       1.2859E-08       1.0343E-03       2.0000E-04       2.0000E-04
       1.2750E+00      -1.1298E-05       3.3044E-05       1.2287E-04       1.8512E-04       1.9980E-05       1.6818E-05       8.0849E-04       1.2858E-08       1.0343E-03       2.0000E-04       2.0000E-04
       1.2850E+00      -1.1298E-05       3.3045E-05       1.2287E-04       1.8512E-04       1.9979E-05       1.6818E-05       8.0849E-04       1.2858E-08       1.0343E-03       2.0000E-04       2.0000E-04
       1.2950E+00      -1.1298E-05       3.3045E-05       1.2287E-04       1.8512E-04       1.9978E-05       1.6818E-05       8.0849E-04       1.2858E-08       1.0343E-03       2.0000E-04       2.0000E-04
       1.3050E+00      -1.1298E-05       3.3045E-05       1.2287E-04       1.8512E-04       1.9977E-05       1.6818E-05       8.0849E-04       1.2858E-08       1.0343E-03       2.0000E-04       2.0000E-04
       1.3150E+00      -1.1299E-05       3.3045E-05       1.2287E-04       1.8512E-04       1.9976E-05       1.6819E-05       8.0849E-04       1.2857E-08       1.0343E-03       2.0000E-04       2.0000E-04
       1.3250E+00      -1.1299E-05       3.3046E-05       1.2287E-04       1.8512E-04       1.9975E-05       1.6819E-05       8.0849E-04       1.2857E-08       1.0343E-03       2.0000E-04       2.0000E-04
       1.3350E+00      -1.1299E-05       3.3046E-05       1.2287E-04       1.8512E-04       1.9974E-05       1.6819E-05       8.0849E-04       1.2857E-08       1.0343E-03       2.0000E-04       2.0000E-04
       1.3450E+00      -1.1300E-05       3.3046E-05       1.2288E-04       1.8512E-04       1.9973E-05       1.6819E-05       8.0849E-04       1.2857E-08       1.0343E-03       2.0000E-04       2.0000E-04
       1.3550E+00      -1.1300E-05       3.3046E-05       1.2288E-04       1.8512E-04       1.9971E-05       1.6819E-05       8.0849E-04       1.2856E-08       1.0343E-03       2.0000E-04       2.0000E-04
       1.3650E+00      -1.1300E-05       3.3047E-05       1.2288E-04       1.8512E-04       1.9970E-05       1.6820E-05       8.0848E-04       1.2856E-08       1.0343E-03       2.0000E-04       2.0000E-04
       1.3750E+00      -1.1301E-05       3.3047E-05       1.2288E-04       1.8512E-04       1.9968E-05       1.6820E-05       8.0848E-04       1.2856E-08       1.0343E-03       2.0000E-04       2.0000E-04
       1.3850E+00      -1.1301E-05       3.3047E-05       1.2288E-04       1.8512E-04       1.9967E-05       1.6820E-05       8.0848E-04       1.2856E-08       1.0343E-03       2.0000E-04       2.0000E-04
       1.3950E+00      -1.1301E-05       3.3048E-05       1.2288E-04       1.8512E-04       1.9965E-05       1.6820E-05       8.0848E-04       1.2855E-08       1.0343E-03       2.0000E-04       2.0000E-04
       1.4050E+00      -1.1301E-05       3.3048E-05       1.2288E-04       1.8513E-04       1.9964E-05       1.6820E-05       8.0848E-04       1.2855E-08       1.0343E-03       2.0000E-04       2.0000E-04
       1.4150E+00      -1.1302E-05       3.3048E-05       1.2288E-04       1.8513E-04       1.9962E-05       1.6821E-05       8.0848E-04       1.2855E-08       1.0343E-03       2.0000E-04       2.0000E-04
       1.4250E+00      -1.1302E-05       3.3048E-05       1.2288E-04       1.8513E-04       1.9960E-05       1.6821E-05       8.0848E-04       1.2855E-08       1.0343E-03       2.0000E-04       2.0000E-04
       1.4350E+00      -1.1302E-05       3.3049E-05       1.2288E-04       1.8513E-04       1.9958E-05       1.6821E-05       8.0848E-04       1.2854E-08       1.0343E-03       2.0000E-04       2.0000E-04
       1.4450E+00      -1.1303E-05       3.3049E-05       1.2288E-04       1.8513E-04       1.9956E-05       1.6821E-05       8.0848E-04       1.2854E-08       1.0343E-03       2.0000E-04       2.0000E-04
       1.4550E+00      -1.1303E-05       3.3049E-05       1.2288E-04       1.8513E-04       1.9954E-05       1.6821E-05       8.0848E-04       1.2854E-08       1.0343E-03       2.0000E-04       2.0000E-04
       1.4650E+00      -1.1303E-05       3.3050E-05       1.2288E-04       1.8513E-04       1.9952E-05       1.6822E-05       8.0848E-04       1.2854E-08       1.0343E-03       2.0000E-04       2.0000E-04
       1.4750E+00      -1.1304E-05       3.3050E-05       1.2288E-04       1.8513E-04       1.9949E-05       1.6822E-05       8.0848E-04       1.2854E-08       1.0343E-03       2.0000E-04       2.0000E-04
       1.4850E+00      -1.1304E-05       3.3050E-05       1.2288E-04       1.8513E-04       1.9947E-05       1.6822E-05       8.0848E-04       1.2853E-08       1.0343E-03       2.0000E-04       2.0000E-04
       1.4950E+00      -1.1304E-05       3.3050E-05       1.2288E-04       1.8513E-04       1.9944E-05       1.6822E-05       8.0847E-04       1.2853E-08       1.0343E-03       2.0000E-04       2.0000E-04
       1.5050E+00      -1.1304E-05       3.3051E-05       1.2288E-04       1.8514E-04       1.9942E-05       1.6822E-05       8.0847E-04       1.2853E-08       1.0343E-03       2.0000E-04       2.0000E-04
       1.5150E+00      -1.1305E-05       3.3051E-05       1.2289E-04       1.8514E-04       1.9939E-05       1.6823E-05       8.0847E-04       1.2853E-08       1.0343E-03       2.0000E-04       2.0000E-04
       1.5250E+00      -1.1305E-05       3.3051E-05       1.2289E-04       1.8514E-04       1.9936E-05       1.6823E-05       8.0847E-04       1.2852E-08       1.0343E-03       2.0000E-04       2.0000E-04
       1.5350E+00      -1.1305E-05       3.3051E-05       1.2289E-04       1.8514E-04       1.9933E-05       1.6823E-05       8.0847E-04       1.2852E-08       1.0343E-03       2.0000E-04       2.0000E-04
       1.5450E+00      -1.1306E-05       3.3052E-05       1.2289E-04       1.8514E-04       1.9930E-05       1.6823E-05       8.0847E-04       1.2852E-08       1.0343E-03       2.0000E-04       2.0000E-04
       1.5550E+00      -1.1306E-05       3.3052E-05       1.2289E-04       1.8514E-04       1.9926E-05       1.6823E-05       8.0847E-04       1.2852E-08       1.0343E-03       2.0000E-04       2.0000E-04
       1.5650E+00      -1.1306E-05       3.3052E-05       1.2289E-04       1.8514E-04       1.9923E-05       1.6824E-05       8.0847E-04       1.2851E-08       1.0343E-03       2.0000E-04       2.0000E-04
       1.5750E+00      -1.1306E-05       3.3053E-05       1.2289E-04       1.8515E-04       1.9919E-05       1.6824E-05       8.0846E-04       1.2851E-08       1.0343E-03       2.0000E-04       2.0000E-04
       1.5850E+00      -1.1307E-05       3.3053E-05       1.2289E-04       1.8515E-04       1.9915E-05       1.6824E-05       8.0846E-04       1.2851E-08       1.0343E-03       2.0000E-04       2.0000E-04
       1.5950E+00      -1.1307E-05       3.3053E-05       1.2289E-04       1.8515E-04       1.9911E-05       1.6824E-05       8.0846E-04       1.2851E-08       1.0343E-03       2.0000E-04       2.0000E-04
       1.6050E+00      -1.1307E-05       3.3053E-05       1.2290E-04       1.8515E-04       1.9907E-05       1.6824E-05       8.0846E-04       1.2850E-08       1.0343E-03       2.0000E-04       2.0000E-04
       1.6150E+00      -1.1308E-05       3.3054E-05       1.2290E-04       1.8515E-04       1.9903E-05       1.6825E-05       8.0846E-04       1.2850E-08       1.0343E-03       2.0000E-04       2.0000E-04
       1.6250E+00      -1.1308E-05       3.3054E-05       1.2290E-04       1.8515E-04       1.9898E-05       1.6825E-05       8.0846E-04       1.2850E-08       1.0343E-03       2.0000E-04       2.0000E-04
       1.6350E+00      -1.1308E-05       3.3054E-05       1.2290E-04       1.8516E-04       1.9894E-05       1.6825E-05       8.0845E-04       1.2850E-08       1.0343E-03       2.0000E-04       2.0000E-04
       1.6450E+00      -1.1309E-05       3.3054E-05       1.2290E-04       1.8516E-04       1.9889E-05       1.6825E-05       8.0845E-04       1.2849E-08       1.0343E-03       2.0000E-04       2.0000E-04
       1.6550E+00      -1.1309E-05       3.3055E-05       1.2290E-04       1.8516E-04       1.9884E-05       1.6825E-05       8.0845E-04       1.2849E-08       1.0343E-03       2.0000E-04       2.0000E-04
       1.6650E+00      -1.1309E-05       3.3055E-05       1.2290E-04       1.8516E-04       1.9879E-05       1.6826E-05       8.0845E-04       1.2849E-08       1.0343E-03       2.0000E-04       2.0000E-04
       1.6750E+00      -1.1309E-05       3.3055E-05       1.2291E-04       1.8517E-04       1.9873E-05       1.6826E-05       8.0845E-04       1.2849E-08       1.0343E-03       2.0000E-04       2.0000E-04
       1.6850E+00      -1.1310E-05       3.3056E-05       1.2291E-04       1.8517E-04       1.9867E-05       1.6826E-05       8.0844E-04       1.2849E-08       1.0343E-03       2.0000E-04       2.0000E-04
       1.6950E+00      -1.1310E-05       3.3056E-05       1.2291E-04       1.8517E-04       1.9861E-05       1.6826E-05       8.0844E-04       1.2848E-08       1.0343E-03       2.0000E-04       2.0000E-04
       1.7050E+00      -1.1310E-05       3.3056E-05       1.2291E-04       1.8517E-04       1.9855E-05       1.6826E-05       8.0844E-04       1.2848E-08       1.0343E-03       2.0000E-04       2.0000E-04
       1.7150E+00      -1.1311E-05       3.3056E-05       1.2291E-04       1.8518E-04       1.9849E-05       1.6827E-05       8.0844E-04       1.2848E-08       1.0343E-03       2.0000E-04       2.0000E-04
       1.7250E+00      -1.1311E-05       3.3057E-05       1.2291E-04       1.8518E-04       1.9842E-05       1.6827E-05       8.0843E-04       1.2848E-08       1.0343E-03       2.0000E-04       2.0000E-04
       1.7350E+00      -1.1311E-05       3.3057E-05       1.2292E-04       1.8518E-04       1.9835E-05       1.6827E-05       8.0843E-04       1.2847E-08       1.0343E-03       2.0000E-04       2.0000E-04
       1.7450E+00      -1.1312E-05       3.3057E-05       1.2292E-04       1.8519E-04       1.9828E-05       1.6827E-05       8.0843E-04       1.2847E-08       1.0343E-03       2.0000E-04       2.0000E-04
       1.7550E+00      -1.1312E-05       3.3058E-05       1.2292E-04       1.8519E-04       1.9821E-05       1.6827E-05       8.0842E-04       1.2847E-08       1.0343E-03       2.0000E-04       2.0000E-04
       1.7650E+00      -1.1312E-05       3.3058E-05       1.2292E-04       1.8519E-04       1.9813E-05       1.6828E-05       8.0842E-04       1.2847E-08       1.0343E-03       2.0000E-04       2.0000E-04
       1.7750E+00      -1.1312E-05       3.3058E-05       1.2293E-04       1.8520E-04       1.9805E-05       1.6828E-05       8.0842E-04       1.2846E-08       1.0343E-03       2.0000E-04       2.0000E-04
       1.7850E+00      -1.1313E-05       3.3058E-05       1.2293E-04       1.8520E-04       1.9796E-05       1.6828E-05       8.0841E-04       1.2846E-08       1.0343E-03       2.0000E-04       2.0000E-04
       1.7950E+00      -1.1313E-05       3.3059E-05       1.2293E-04       1.8520E-04       1.9788E-05       1.6828E-05       8.0841E-04       1.2846E-08       1.0343E-03       2.0000E-04       2.0000E-04
       1.8050E+00      -1.1313E-05       3.3059E-05       1.2293E-04       1.8521E-04       1.9779E-05       1.6828E-05       8.0841E-04       1.2846E-08       1.0343E-03       2.0000E-04       2.0000E-04
       1.8150E+00      -1.1314E-05       3.3059E-05       1.2294E-04       1.8521E-04       1.9770E-05       1.6829E-05       8.0840E-04       1.2845E-08       1.0343E-03       2.0000E-04       2.0000E-04
       1.8250E+00      -1.1314E-05       3.3059E-05       1.2294E-04       1.8522E-04       1.9760E-05       1.6829E-05       8.0840E-04       1.2845E-08       1.0343E-03       2.0000E-04       2.0000E-04
       1.8350E+00      -1.1314E-05       3.3060E-05       1.2294E-04       1.8522E-04       1.9750E-05       1.6829E-05       8.0839E-04       1.2845E-08       1.0343E-03       2.0000E-04       2.0000E-04
       1.8450E+00      -1.1315E-05       3.3060E-05       1.2294E-04       1.8522E-04       1.9740E-05       1.6829E-05       8.0839E-04       1.2845E-08       1.0343E-03       2.0000E-04       2.0000E-04
       1.8550E+00      -1.1315E-05       3.3060E-05       1.2295E-04       1.8523E-04       1.9729E-05       1.6829E-05       8.0838E-04       1.2844E-08       1.0343E-03       2.0000E-04       2.0000E-04
       1.8650E+00      -1.1315E-05       3.3061E-05       1.2295E-04       1.8523E-04       1.9718E-05       1.6830E-05       8.0838E-04       1.2844E-08       1.0343E-03       2.0000E-04       2.0000E-04
       1.8750E+00      -1.1315E-05       3.3061E-05       1.2295E-04       1.8524E-04       1.9707E-05       1.6830E-05       8.0837E-04       1.2844E-08       1.0343E-03       2.0000E-04       2.0000E-04
       1.8850E+00      -1.1316E-05       3.3061E-05       1.2296E-04       1.8524E-04       1.9695E-05       1.6830E-05       8.0837E-04       1.2844E-08       1.0343E-03       2.0000E-04       2.0000E-04
       1.8950E+00      -1.1316E-05       3.3061E-05       1.2296E-04       1.8525E-04       1.9683E-05       1.6830E-05       8.0836E-04       1.2844E-08       1.0343E-03       2.0000E-04       2.0000E-04
       1.9050E+00      -1.1316E-05       3.3062E-05       1.2296E-04       1.8525E-04       1.9671E-05       1.6830E-05       8.0836E-04       1.2843E-08       1.0343E-03       2.0000E-04       2.0000E-04
       1.9150E+00      -1.1317E-05       3.3062E-05       1.2297E-04       1.8526E-04       1.9658E-05       1.6831E-05       8.0835E-04       1.2843E-08       1.0343E-03       2.0000E-04       2.0000E-04
       1.9250E+00      -1.1317E-05       3.3062E-05       1.2297E-04       1.8527E-04       1.9644E-05       1.6831E-05       8.0835E-04       1.2843E-08       1.0343E-03       2.0000E-04       2.0000E-04
       1.9350E+00      -1.1317E-05       3.3063E-05       1.2298E-04       1.8527E-04       1.9631E-05       1.6831E-05       8.0834E-04       1.2843E-08       1.0343E-03       2.0000E-04       2.0000E-04
       1.9450E+00      -1.1317E-05       3.3063E-05       1.2298E-04       1.8528E-04       1.9616E-05       1.6831E-05       8.0834E-04       1.2842E-08       1.0343E-03       2.0000E-04       2.0000E-04
       1.9550E+00      -1.1318E-05       3.3063E-05       1.2298E-04       1.8528E-04       1.9602E-05       1.6831E-05       8.0833E-04       1.2842E-08       1.0343E-03       2.0000E-04       2.0000E-04
       1.9650E+00      -1.1318E-05       3.3063E-05       1.2299E-04       1.8529E-04       1.9587E-05       1.6832E-05       8.0832E-04       1.2842E-08       1.0343E-03       2.0000E-04       2.0000E-04
       1.9750E+00      -1.1318E-05       3.3064E-05       1.2299E-04       1.8530E-04       1.9571E-05       1.6832E-05       8.0832E-04       1.2842E-08       1.0343E-03       2.0000E-04       2.0000E-04
       1.9850E+00      -1.1319E-05       3.3064E-05       1.2300E-04       1.8530E-04       1.9555E-05       1.6832E-05       8.0831E-04       1.2841E-08       1.0343E-03       2.0000E-04       2.0000E-04
       1.9950E+00      -1.1319E-05       3.3064E-05       1.2300E-04       1.8531E-04       1.9539E-05       1.6832E-05       8.0830E-04       1.2841E-08       1.0343E-03       2.0000E-04       2.0000E-04
       2.0050E+00      -1.1319E-05       3.3064E-05       1.2301E-04       1.8532E-04       1.9522E-05       1.6832E-05       8.0830E-04       1.2841E-08       1.0343E-03       2.0000E-04       2.0000E-04
       2.0150E+00      -1.1320E-05       3.3065E-05       1.2301E-04       1.8533E-04       1.9504E-05       1.6833E-05       8.0829E-04       1.2841E-08       1.0343E-03       2.0000E-04       2.0000E-04
       2.0250E+00      -1.1320E-05       3.3065E-05       1.2302E-04       1.8533E-04       1.9486E-05       1.6833E-05       8.0828E-04       1.2840E-08       1.0343E-03       2.0000E-04       2.0000E-04
       2.0350E+00      -1.1320E-05       3.3065E-05       1.2302E-04       1.8534E-04       1.9468E-05       1.6833E-05       8.0827E-04       1.2840E-08       1.0343E-03       2.0000E-04       2.0000E-04
       2.0450E+00      -1.1320E-05       3.3066E-05       1.2303E-04       1.8535E-04       1.9449E-05       1.6833E-05       8.0826E-04       1.2840E-08       1.0343E-03       2.0000E-04       2.0000E-04
       2.0550E+00      -1.1321E-05       3.3066E-05       1.2303E-04       1.8536E-04       1.9430E-05       1.6833E-05       8.0826E-04       1.2840E-08       1.0343E-03       2.0000E-04       2.0000E-04
       2.0650E+00      -1.1321E-05       3.3066E-05       1.2304E-04       1.8537E-04       1.9410E-05       1.6834E-05       8.0825E-04       1.2840E-08       1.0343E-03       2.0000E-04       2.0000E-04
       2.0750E+00      -1.1321E-05       3.3066E-05       1.2305E-04       1.8538E-04       1.9389E-05       1.6834E-05       8.0824E-04       1.2839E-08       1.0343E-03       2.0000E-04       2.0000E-04
       2.0850E+00      -1.1322E-05       3.3067E-05       1.2305E-04       1.8539E-04       1.9368E-05       1.6834E-05       8.0823E-04       1.2839E-08       1.0343E-03       2.0000E-04       2.0000E-04
       2.0950E+00      -1.1322E-05       3.3067E-05       1.2306E-04       1.8539E-04       1.9346E-05       1.6834E-05       8.0822E-04       1.2839E-08       1.0343E-03       2.0000E-04       2.0000E-04
       2.1050E+00      -1.1322E-05       3.3067E-05       1.2307E-04       1.8540E-04       1.9324E-05       1.6834E-05       8.0821E-04       1.2839E-08       1.0343E-03       2.0000E-04       2.0000E-04
       2.1150E+00      -1.1323E-05       3.3068E-05       1.2307E-04       1.8541E-04       1.9302E-05       1.6835E-05       8.0820E-04       1.2838E-08       1.0343E-03       2.0000E-04       2.0000E-04
       2.1250E+00      -1.1323E-05       3.3068E-05       1.2308E-04       1.8542E-04       1.9278E-05       1.6835E-05       8.0819E-04       1.2838E-08       1.0343E-03       2.0000E-04       2.0000E-04
       2.1350E+00      -1.1323E-05       3.3068E-05       1.2309E-04       1.8543E-04       1.9255E-05       1.6835E-05       8.0818E-04       1.2838E-08       1.0343E-03       2.0000E-04       2.0000E-04
       2.1450E+00      -1.1323E-05       3.3068E-05       1.2309E-04       1.8544E-04       1.9230E-05       1.6835E-05       8.0817E-04       1.2838E-08       1.0343E-03       2.0000E-04       2.0000E-04
       2.1550E+00      -1.1324E-05       3.3069E-05       1.2310E-04       1.8546E-04       1.9205E-05       1.6835E-05       8.0816E-04       1.2837E-08       1.0343E-03       2.0000E-04       2.0000E-04
       2.1650E+00      -1.1324E-05       3.3069E-05       1.2311E-04       1.8547E-04       1.9180E-05       1.6836E-05       8.0815E-04       1.2837E-08       1.0343E-03       2.0000E-04       2.0000E-04
       2.1750E+00      -1.1324E-05       3.3069E-05       1.2311E-04       1.8548E-04       1.9154E-05       1.6836E-05       8.0814E-04       1.2837E-08       1.0343E-03       2.0000E-04       2.0000E-04
       2.1850E+00      -1.1325E-05       3.3069E-05       1.2312E-04       1.8549E-04       1.9127E-05       1.6836E-05       8.0812E-04       1.2837E-08       1.0343E-03       2.0000E-04       2.0000E-04
       2.1950E+00      -1.1325E-05       3.3070E-05       1.2313E-04       1.8550E-04       1.9100E-05       1.6836E-05       8.0811E-04       1.2836E-08       1.0343E-03       2.0000E-04       2.0000E-04
       2.2050E+00      -1.1325E-05       3.3070E-05       1.2314E-04       1.8551E-04       1.9072E-05       1.6836E-05       8.0810E-04       1.2836E-08       1.0343E-03       2.0000E-04       2.0000E-04
       2.2150E+00      -1.1326E-05       3.3070E-05       1.2315E-04       1.8553E-04       1.9043E-05       1.6837E-05       8.0809E-04       1.2836E-08       1.0343E-03       2.0000E-04       2.0000E-04
       2.2250E+00      -1.1326E-05       3.3071E-05       1.2316E-04       1.8554E-04       1.9014E-05       1.6837E-05       8.0807E-04       1.2836E-08       1.0343E-03       2.0000E-04       2.0000E-04
       2.2350E+00      -1.1326E-05       3.3071E-05       1.2316E-04       1.8555E-04       1.8984E-05       1.6837E-05       8.0806E-04       1.2836E-08       1.0343E-03       2.0000E-04       2.0000E-04
       2.2450E+00      -1.1326E-05       3.3071E-05       1.2317E-04       1.8556E-04       1.8954E-05       1.6837E-05       8.0805E-04       1.2835E-08       1.0343E-03       2.0000E-04       2.0000E-04
       2.2550E+00      -1.1327E-05       3.3071E-05       1.2318E-04       1.8558E-04       1.8923E-05       1.6837E-05       8.0803E-04       1.2835E-08       1.0343E-03       2.0000E-04       2.0000E-04
       2.2650E+00      -1.1327E-05       3.3072E-05       1.2319E-04       1.8559E-04       1.8892E-05       1.6838E-05       8.0802E-04       1.2835E-08       1.0343E-03       2.0000E-04       2.0000E-04
       2.2750E+00      -1.1327E-05       3.3072E-05       1.2320E-04       1.8561E-04       1.8860E-05       1.6838E-05       8.0801E-04       1.2835E-08       1.0343E-03       2.0000E-04       2.0000E-04
       2.2850E+00      -1.1328E-05       3.3072E-05       1.2321E-04       1.8562E-04       1.8827E-05       1.6838E-05       8.0799E-04       1.2834E-08       1.0343E-03       2.0000E-04       2.0000E-04
       2.2950E+00      -1.1328E-05       3.3073E-05       1.2322E-04       1.8563E-04       1.8793E-05       1.6838E-05       8.0798E-04       1.2834E-08       1.0343E-03       2.0000E-04       2.0000E-04
       2.3050E+00      -1.1328E-05       3.3073E-05       1.2323E-04       1.8565E-04       1.8759E-05       1.6838E-05       8.0796E-04       1.2834E-08       1.0343E-03       2.0000E-04       2.0000E-04
       2.3150E+00      -1.1328E-05       3.3073E-05       1.2324E-04       1.8566E-04       1.8725E-05       1.6838E-05       8.0795E-04       1.2834E-08       1.0343E-03       2.0000E-04       2.0000E-04
       2.3250E+00      -1.1329E-05       3.3073E-05       1.2325E-04       1.8568E-04       1.8690E-05       1.6839E-05       8.0793E-04       1.2833E-08       1.0343E-03       2.0000E-04       2.0000E-04
       2.3350E+00      -1.1329E-05       3.3074E-05       1.2326E-04       1.8570E-04       1.8654E-05       1.6839E-05       8.0791E-04       1.2833E-08       1.0343E-03       2.0000E-04       2.0000E-04
       2.3450E+00      -1.1329E-05       3.3074E-05       1.2327E-04       1.8571E-04       1.8618E-05       1.6839E-05       8.0790E-04       1.2833E-08       1.0343E-03       2.0000E-04       2.0000E-04
       2.3550E+00      -1.1330E-05       3.3074E-05       1.2328E-04       1.8573E-04       1.8581E-05       1.6839E-05       8.0788E-04       1.2833E-08       1.0343E-03       2.0000E-04       2.0000E-04
       2.3650E+00      -1.1330E-05       3.3074E-05       1.2329E-04       1.8574E-04       1.8543E-05       1.6839E-05       8.0786E-04       1.2833E-08       1.0343E-03       2.0000E-04       2.0000E-04
       2.3750E+00      -1.1330E-05       3.3075E-05       1.2330E-04       1.8576E-04       1.8505E-05       1.6840E-05       8.0785E-04       1.2832E-08       1.0343E-03       2.0000E-04       2.0000E-04
       2.3850E+00      -1.1331E-05       3.3075E-05       1.2332E-04       1.8578E-04       1.8466E-05       1.6840E-05       8.0783E-04       1.2832E-08       1.0343E-03       2.0000E-04       2.0000E-04
       2.3950E+00      -1.1331E-05       3.3075E-05       1.2333E-04       1.8579E-04       1.8427E-05       1.6840E-05       8.0781E-04       1.2832E-08       1.0343E-03       2.0000E-04       2.0000E-04
       2.4050E+00      -1.1331E-05       3.3076E-05       1.2334E-04       1.8581E-04       1.8387E-05       1.6840E-05       8.0779E-04       1.2832E-08       1.0343E-03       2.0000E-04       2.0000E-04
       2.4150E+00      -1.1331E-05       3.3076E-05       1.2335E-04       1.8583E-04       1.8346E-05       1.6840E-05       8.0778E-04       1.2831E-08       1.0343E-03       2.0000E-04       2.0000E-04
       2.4250E+00      -1.1332E-05       3.3076E-05       1.2336E-04       1.8585E-04       1.8305E-05       1.6841E-05       8.0776E-04       1.2831E-08       1.0343E-03       2.0000E-04       2.0000E-04
       2.4350E+00      -1.1332E-05       3.3076E-05       1.2337E-04       1.8587E-04       1.8264E-05       1.6841E-05       8.0774E-04       1.2831E-08       1.0343E-03       2.0000E-04       2.0000E-04
       2.4450E+00      -1.1332E-05       3.3077E-05       1.2339E-04       1.8588E-04       1.8222E-05       1.6841E-05       8.0772E-04       1.2831E-08       1.0343E-03       2.0000E-04       2.0000E-04
       2.4550E+00      -1.1333E-05       3.3077E-05       1.2340E-04       1.8590E-04       1.8179E-05       1.6841E-05       8.0770E-04       1.2830E-08       1.0343E-03       2.0000E-04       2.0000E-04
       2.4650E+00      -1.1333E-05       3.3077E-05       1.2341E-04       1.8592E-04       1.8136E-05       1.6841E-05       8.0768E-04       1.2830E-08       1.0343E-03       2.0000E-04       2.0000E-04
       2.4750E+00      -1.1333E-05       3.3078E-05       1.2343E-04       1.8594E-04       1.8092E-05       1.6842E-05       8.0766E-04       1.2830E-08       1.0343E-03       2.0000E-04       2.0000E-04
       2.4850E+00      -1.1334E-05       3.3078E-05       1.2344E-04       1.8596E-04       1.8048E-05       1.6842E-05       8.0764E-04       1.2830E-08       1.0343E-03       2.0000E-04       2.0000E-04
       2.4950E+00      -1.1334E-05       3.3078E-05       1.2345E-04       1.8598E-04       1.8003E-05       1.6842E-05       8.0762E-04       1.2830E-08       1.0343E-03       2.0000E-04       2.0000E-04
       2.5050E+00      -1.1334E-05       3.3078E-05       1.2347E-04       1.8600E-04       1.7958E-05       1.6842E-05       8.0760E-04       1.2829E-08       1.0343E-03       2.0000E-04       2.0000E-04
       2.5150E+00      -1.1334E-05       3.3079E-05       1.2348E-04       1.8602E-04       1.7912E-05       1.6842E-05       8.0758E-04       1.2829E-08       1.0343E-03       2.0000E-04       2.0000E-04
       2.5250E+00      -1.1335E-05       3.3079E-05       1.2349E-04       1.8604E-04       1.7866E-05       1.6843E-05       8.0755E-04       1.2829E-08       1.0343E-03       2.0000E-04       2.0000E-04
       2.5350E+00      -1.1335E-05       3.3079E-05       1.2351E-04       1.8606E-04       1.7819E-05       1.6843E-05       8.0753E-04       1.2829E-08       1.0343E-03       2.0000E-04       2.0000E-04
       2.5450E+00      -1.1335E-05       3.3080E-05       1.2352E-04       1.8608E-04       1.7772E-05       1.6843E-05       8.0751E-04       1.2828E-08       1.0343E-03       2.0000E-04       2.0000E-04
       2.5550E+00      -1.1336E-05       3.3080E-05       1.2353E-04       1.8610E-04       1.7724E-05       1.6843E-05       8.0749E-04       1.2828E-08       1.0343E-03       2.0000E-04       2.0000E-04
       2.5650E+00      -1.1336E-05       3.3080E-05       1.2355E-04       1.8612E-04       1.7676E-05       1.6843E-05       8.0747E-04       1.2828E-08       1.0343E-03       2.0000E-04       2.0000E-04
       2.5750E+00      -1.1336E-05       3.3080E-05       1.2356E-04       1.8615E-04       1.7627E-05       1.6844E-05       8.0744E-04       1.2828E-08       1.0343E-03       2.0000E-04       2.0000E-04
       2.5850E+00      -1.1337E-05       3.3081E-05       1.2358E-04       1.8617E-04       1.7578E-05       1.6844E-05       8.0742E-04       1.2827E-08       1.0343E-03       2.0000E-04       2.0000E-04
       2.5950E+00      -1.1337E-05       3.3081E-05       1.2359E-04       1.8619E-04       1.7529E-05       1.6844E-05       8.0740E-04       1.2827E-08       1.0343E-03       2.0000E-04       2.0000E-04
       2.6050E+00      -1.1337E-05       3.3081E-05       1.2361E-04       1.8621E-04       1.7479E-05       1.6844E-05       8.0737E-04       1.2827E-08       1.0343E-03       2.0000E-04       2.0000E-04
       2.6150E+00      -1.1337E-05       3.3081E-05       1.2362E-04       1.8623E-04       1.7429E-05       1.6844E-05       8.0735E-04       1.2827E-08       1.0343E-03       2.0000E-04       2.0000E-04
       2.6250E+00      -1.1338E-05       3.3082E-05       1.2364E-04       1.8626E-04       1.7379E-05       1.6845E-05       8.0732E-04       1.2827E-08       1.0343E-03       2.0000E-04       2.0000E-04
       2.6350E+00      -1.1338E-05       3.3082E-05       1.2365E-04       1.8628E-04       1.7328E-05       1.6845E-05       8.0730E-04       1.2826E-08       1.0343E-03       2.0000E-04       2.0000E-04
       2.6450E+00      -1.1338E-05       3.3082E-05       1.2367E-04       1.8630E-04       1.7277E-05       1.6845E-05       8.0727E-04       1.2826E-08       1.0343E-03       2.0000E-04       2.0000E-04
       2.6550E+00      -1.1339E-05       3.3083E-05       1.2368E-04       1.8632E-04       1.7226E-05       1.6845E-05       8.0725E-04       1.2826E-08       1.0343E-03       2.0000E-04       2.0000E-04
       2.6650E+00      -1.1339E-05       3.3083E-05       1.2370E-04       1.8635E-04       1.7174E-05       1.6845E-05       8.0722E-04       1.2826E-08       1.0343E-03       2.0000E-04       2.0000E-04
       2.6750E+00      -1.1339E-05       3.3083E-05       1.2371E-04       1.8637E-04       1.7122E-05       1.6846E-05       8.0720E-04       1.2825E-08       1.0343E-03       2.0000E-04       2.0000E-04
       2.6850E+00      -1.1340E-05       3.3083E-05       1.2373E-04       1.8639E-04       1.7070E-05       1.6846E-05       8.0717E-04       1.2825E-08       1.0343E-03       2.0000E-04       2.0000E-04
       2.6950E+00      -1.1340E-05       3.3084E-05       1.2375E-04       1.8642E-04       1.7017E-05       1.6846E-05       8.0714E-04       1.2825E-08       1.0343E-03       2.0000E-04       2.0000E-04
       2.7050E+00      -1.1340E-05       3.3084E-05       1.2376E-04       1.8644E-04       1.6965E-05       1.6846E-05       8.0712E-04       1.2825E-08       1.0343E-03       2.0000E-04       2.0000E-04
       2.7150E+00      -1.1340E-05       3.3084E-05       1.2378E-04       1.8647E-04       1.6912E-05       1.6846E-05       8.0709E-04       1.2824E-08       1.0343E-03       2.0000E-04       2.0000E-04
       2.7250E+00      -1.1341E-05       3.3085E-05       1.2379E-04       1.8649E-04       1.6859E-05       1.6847E-05       8.0706E-04       1.2824E-08       1.0343E-03       2.0000E-04       2.0000E-04
       2.7350E+00      -1.1341E-05       3.3085E-05       1.2381E-04       1.8651E-04       1.6805E-05       1.6847E-05       8.0703E-04       1.2824E-08       1.0343E-03       2.0000E-04       2.0000E-04
       2.7450E+00      -1.1341E-05       3.3085E-05       1.2383E-04       1.8654E-04       1.6752E-05       1.6847E-05       8.0701E-04       1.2824E-08       1.0343E-03       2.0000E-04       2.0000E-04
       2.7550E+00      -1.1342E-05       3.3085E-05       1.2384E-04       1.8656E-04       1.6698E-05       1.6847E-05       8.0698E-04       1.2824E-08       1.0343E-03       2.0000E-04       2.0000E-04
       2.7650E+00      -1.1342E-05       3.3086E-05       1.2386E-04       1.8659E-04       1.6644E-05       1.6847E-05       8.0695E-04       1.2823E-08       1.0343E-03       2.0000E-04       2.0000E-04
       2.7750E+00      -1.1342E-05       3.3086E-05       1.2388E-04       1.8661E-04       1.6590E-05       1.6848E-05       8.0692E-04       1.2823E-08       1.0343E-03       2.0000E-04       2.0000E-04
       2.7850E+00      -1.1342E-05       3.3086E-05       1.2389E-04       1.8664E-04       1.6537E-05       1.6848E-05       8.0689E-04       1.2823E-08       1.0343E-03       2.0000E-04       2.0000E-04
       2.7950E+00      -1.1343E-05       3.3086E-05       1.2391E-04       1.8666E-04       1.6482E-05       1.6848E-05       8.0686E-04       1.2823E-08       1.0343E-03       2.0000E-04       2.0000E-04
       2.8050E+00      -1.1343E-05       3.3087E-05       1.2393E-04       1.8669E-04       1.6428E-05       1.6848E-05       8.0683E-04       1.2822E-08       1.0343E-03       2.0000E-04       2.0000E-04
       2.8150E+00      -1.1343E-05       3.3087E-05       1.2394E-04       1.8671E-04       1.6374E-05       1.6848E-05       8.0680E-04       1.2822E-08       1.0343E-03       2.0000E-04       2.0000E-04
       2.8250E+00      -1.1344E-05       3.3087E-05       1.2396E-04       1.8674E-04       1.6320E-05       1.6849E-05       8.0677E-04       1.2822E-08       1.0343E-03       2.0000E-04       2.0000E-04
       2.8350E+00      -1.1344E-05       3.3088E-05       1.2398E-04       1.8676E-04       1.6266E-05       1.6849E-05       8.0674E-04       1.2822E-08       1.0343E-03       2.0000E-04       2.0000E-04
       2.8450E+00      -1.1344E-05       3.3088E-05       1.2400E-04       1.8679E-04       1.6212E-05       1.6849E-05       8.0671E-04       1.2821E-08       1.0343E-03       2.0000E-04       2.0000E-04
       2.8550E+00      -1.1345E-05       3.3088E-05       1.2401E-04       1.8682E-04       1.6158E-05       1.6849E-05       8.0668E-04       1.2821E-08       1.0343E-03       2.0000E-04       2.0000E-04
       2.8650E+00      -1.1345E-05       3.3088E-05       1.2403E-04       1.8684E-04       1.6104E-05       1.6849E-05       8.0665E-04       1.2821E-08       1.0343E-03       2.0000E-04       2.0000E-04
       2.8750E+00      -1.1345E-05       3.3089E-05       1.2405E-04       1.8687E-04       1.6050E-05       1.6850E-05       8.0662E-04       1.2821E-08       1.0343E-03       2.0000E-04       2.0000E-04
       2.8850E+00      -1.1345E-05       3.3089E-05       1.2406E-04       1.8689E-04       1.5997E-05       1.6850E-05       8.0659E-04       1.2821E-08       1.0343E-03       2.0000E-04       2.0000E-04
       2.8950E+00      -1.1346E-05       3.3089E-05       1.2408E-04       1.8692E-04       1.5944E-05       1.6850E-05       8.0655E-04       1.2820E-08       1.0343E-03       2.0000E-04       2.0000E-04
       2.9050E+00      -1.1346E-05       3.3090E-05       1.2410E-04       1.8694E-04       1.5891E-05       1.6850E-05       8.0652E-04       1.2820E-08       1.0343E-03       2.0000E-04       2.0000E-04
       2.9150E+00      -1.1346E-05       3.3090E-05       1.2411E-04       1.8697E-04       1.5839E-05       1.6850E-05       8.0649E-04       1.2820E-08       1.0343E-03       2.0000E-04       2.0000E-04
       2.9250E+00      -1.1347E-05       3.3090E-05       1.2413E-04       1.8699E-04       1.5788E-05       1.6851E-05       8.0646E-04       1.2820E-08       1.0343E-03       2.0000E-04       2.0000E-04
       2.9350E+00      -1.1347E-05       3.3090E-05       1.2415E-04       1.8702E-04       1.5739E-05       1.6851E-05       8.0643E-04       1.2819E-08       1.0343E-03       2.0000E-04       2.0000E-04
       2.9450E+00      -1.1347E-05       3.3091E-05       1.2416E-04       1.8704E-04       1.5691E-05       1.6851E-05       8.0640E-04       1.2819E-08       1.0343E-03       2.0000E-04       2.0000E-04
       2.9550E+00      -1.1347E-05       3.3091E-05       1.2418E-04       1.8706E-04       1.5646E-05       1.6851E-05       8.0637E-04       1.2819E-08       1.0343E-03       2.0000E-04       2.0000E-04
       2.9650E+00      -1.1348E-05       3.3091E-05       1.2419E-04       1.8708E-04       1.5605E-05       1.6851E-05       8.0634E-04       1.2819E-08       1.0343E-03       2.0000E-04       2.0000E-04
       2.9750E+00      -1.1348E-05       3.3091E-05       1.2420E-04       1.8710E-04       1.5569E-05       1.6851E-05       8.0632E-04       1.2819E-08       1.0343E-03       2.0000E-04       2.0000E-04
       2.9850E+00      -1.1348E-05       3.3091E-05       1.2421E-04       1.8711E-04       1.5541E-05       1.6851E-05       8.0630E-04       1.2819E-08       1.0343E-03       2.0000E-04       2.0000E-04
       2.9950E+00      -1.1348E-05       3.3091E-05       1.2422E-04       1.8712E-04       1.5525E-05       1.6852E-05       8.0629E-04       1.2819E-08       1.0343E-03       2.0000E-04       2.0000E-04
