# Time          1.0000E+01
# Units: Mol/g solid
    Distance           H+               CO2(aq)          Mg++             Ca++             K+               SiO2(aq)         Na+              Al+++            Cl-              NO3-             Tracer       
       5.0000E-03       0.0000E+00       0.0000E+00       3.9548E-11       7.9811E-11       2.9567E-13       0.0000E+00       3.9199E-12       0.0000E+00       0.0000E+00       0.0000E+00       0.0000E+00
       1.5000E-02       0.0000E+00       0.0000E+00       3.9502E-11       7.9857E-11       2.9533E-13       0.0000E+00       3.9190E-12       0.0000E+00       0.0000E+00       0.0000E+00       0.0000E+00
       2.5000E-02       0.0000E+00       0.0000E+00       3.9464E-11       7.9896E-11       2.9494E-13       0.0000E+00       3.9182E-12       0.0000E+00       0.0000E+00       0.0000E+00       0.0000E+00
       3.5000E-02       0.0000E+00       0.0000E+00       3.9436E-11       7.9925E-11       2.9450E-13       0.0000E+00       3.9174E-12       0.0000E+00       0.0000E+00       0.0000E+00       0.0000E+00
       4.5000E-02       0.0000E+00       0.0000E+00       3.9417E-11       7.9944E-11       2.9399E-13       0.0000E+00       3.9166E-12       0.0000E+00       0.0000E+00       0.0000E+00       0.0000E+00
       5.5000E-02       0.0000E+00       0.0000E+00       3.9406E-11       7.9956E-11       2.9340E-13       0.0000E+00       3.9157E-12       0.0000E+00       0.0000E+00       0.0000E+00       0.0000E+00
       6.5000E-02       0.0000E+00       0.0000E+00       3.9400E-11       7.9962E-11       2.9271E-13       0.0000E+00       3.9146E-12       0.0000E+00       0.0000E+00       0.0000E+00       0.0000E+00
       7.5000E-02       0.0000E+00       0.0000E+00       3.9398E-11       7.9966E-11       2.9192E-13       0.0000E+00       3.9134E-12       0.0000E+00       0.0000E+00       0.0000E+00       0.0000E+00
       8.5000E-02       0.0000E+00       0.0000E+00       3.9397E-11       7.9968E-11       2.9100E-13       0.0000E+00       3.9120E-12       0.0000E+00       0.0000E+00       0.0000E+00       0.0000E+00
       9.5000E-02       0.0000E+00       0.0000E+00       3.9396E-11       7.9970E-11       2.8995E-13       0.0000E+00       3.9105E-12       0.0000E+00       0.0000E+00       0.0000E+00       0.0000E+00
       1.0500E-01       0.0000E+00       0.0000E+00       3.9397E-11       7.9971E-11       2.8877E-13       0.0000E+00       3.9087E-12       0.0000E+00       0.0000E+00       0.0000E+00       0.0000E+00
       1.1500E-01       0.0000E+00       0.0000E+00       3.9397E-11       7.9972E-11       2.8743E-13       0.0000E+00       3.9067E-12       0.0000E+00       0.0000E+00       0.0000E+00       0.0000E+00
       1.2500E-01       0.0000E+00       0.0000E+00       3.9398E-11       7.9973E-11       2.8593E-13       0.0000E+00       3.9044E-12       0.0000E+00       0.0000E+00       0.0000E+00       0.0000E+00
       1.3500E-01       0.0000E+00       0.0000E+00       3.9399E-11       7.9974E-11       2.8427E-13       0.0000E+00       3.9019E-12       0.0000E+00       0.0000E+00       0.0000E+00       0.0000E+00
       1.4500E-01       0.0000E+00       0.0000E+00       3.9400E-11       7.9976E-11       2.8245E-13       0.0000E+00       3.8991E-12       0.0000E+00       0.0000E+00       0.0000E+00       0.0000E+00
       1.5500E-01       0.0000E+00       0.0000E+00       3.9401E-11       7.9977E-11       2.8046E-13       0.0000E+00       3.8960E-12       0.0000E+00       0.0000E+00       0.0000E+00       0.0000E+00
       1.6500E-01       0.0000E+00       0.0000E+00       3.9402E-11       7.9979E-11       2.7832E-13       0.0000E+00       3.8926E-12       0.0000E+00       0.0000E+00       0.0000E+00       0.0000E+00
       1.7500E-01       0.0000E+00       0.0000E+00       3.9403E-11       7.9981E-11       2.7605E-13       0.0000E+00       3.8889E-12       0.0000E+00       0.0000E+00       0.0000E+00       0.0000E+00
       1.8500E-01       0.0000E+00       0.0000E+00       3.9404E-11       7.9983E-11       2.7365E-13       0.0000E+00       3.8849E-12       0.0000E+00       0.0000E+00       0.0000E+00       0.0000E+00
       1.9500E-01       0.0000E+00       0.0000E+00       3.9406E-11       7.9984E-11       2.7117E-13       0.0000E+00       3.8807E-12       0.0000E+00       0.0000E+00       0.0000E+00       0.0000E+00
       2.0500E-01       0.0000E+00       0.0000E+00       3.9407E-11       7.9986E-11       2.6864E-13       0.0000E+00       3.8763E-12       0.0000E+00       0.0000E+00       0.0000E+00       0.0000E+00
       2.1500E-01       0.0000E+00       0.0000E+00       3.9409E-11       7.9988E-11       2.6612E-13       0.0000E+00       3.8719E-12       0.0000E+00       0.0000E+00       0.0000E+00       0.0000E+00
       2.2500E-01       0.0000E+00       0.0000E+00       3.9412E-11       7.9989E-11       2.6370E-13       0.0000E+00       3.8675E-12       0.0000E+00       0.0000E+00       0.0000E+00       0.0000E+00
       2.3500E-01       0.0000E+00       0.0000E+00       3.9416E-11       7.9988E-11       2.6148E-13       0.0000E+00       3.8634E-12       0.0000E+00       0.0000E+00       0.0000E+00       0.0000E+00
       2.4500E-01       0.0000E+00       0.0000E+00       3.9423E-11       7.9984E-11       2.5961E-13       0.0000E+00       3.8598E-12       0.0000E+00       0.0000E+00       0.0000E+00       0.0000E+00
       2.5500E-01       0.0000E+00       0.0000E+00       1.8592E-05       3.7703E-05       1.2178E-07       0.0000E+00       1.8184E-06       0.0000E+00       0.0000E+00       0.0000E+00       0.0000E+00
       2.6500E-01       0.0000E+00       0.0000E+00       1.8597E-05       3.7699E-05       1.2115E-07       0.0000E+00       1.8170E-06       0.0000E+00       0.0000E+00       0.0000E+00       0.0000E+00
       2.7500E-01       0.0000E+00       0.0000E+00       1.8602E-05       3.7695E-05       1.2051E-07       0.0000E+00       1.8157E-06       0.0000E+00       0.0000E+00       0.0000E+00       0.0000E+00
       2.8500E-01       0.0000E+00       0.0000E+00       1.8605E-05       3.7693E-05       1.1986E-07       0.0000E+00       1.8142E-06       0.0000E+00       0.0000E+00       0.0000E+00       0.0000E+00
       2.9500E-01       0.0000E+00       0.0000E+00       1.8608E-05       3.7691E-05       1.1920E-07       0.0000E+00       1.8128E-06       0.0000E+00       0.0000E+00       0.0000E+00       0.0000E+00
       3.0500E-01       0.0000E+00       0.0000E+00       1.8611E-05       3.7689E-05       1.1853E-07       0.0000E+00       1.8112E-06       0.0000E+00       0.0000E+00       0.0000E+00       0.0000E+00
       3.1500E-01       0.0000E+00       0.0000E+00       1.8613E-05       3.7688E-05       1.1785E-07       0.0000E+00       1.8096E-06       0.0000E+00       0.0000E+00       0.0000E+00       0.0000E+00
       3.2500E-01       0.0000E+00       0.0000E+00       1.8615E-05       3.7688E-05       1.1717E-07       0.0000E+00       1.8079E-06       0.0000E+00       0.0000E+00       0.0000E+00       0.0000E+00
       3.3500E-01       0.0000E+00       0.0000E+00       1.8616E-05       3.7688E-05       1.1647E-07       0.0000E+00       1.8062E-06       0.0000E+00       0.0000E+00       0.0000E+00       0.0000E+00
       3.4500E-01       0.0000E+00       0.0000E+00       1.8617E-05       3.7688E-05       1.1578E-07       0.0000E+00       1.8044E-06       0.0000E+00       0.0000E+00       0.0000E+00       0.0000E+00
       3.5500E-01       0.0000E+00       0.0000E+00       1.8618E-05       3.7688E-05       1.1507E-07       0.0000E+00       1.8025E-06       0.0000E+00       0.0000E+00       0.0000E+00       0.0000E+00
       3.6500E-01       0.0000E+00       0.0000E+00       1.8619E-05       3.7689E-05       1.1437E-07       0.0000E+00       1.8006E-06       0.0000E+00       0.0000E+00       0.0000E+00       0.0000E+00
       3.7500E-01       0.0000E+00       0.0000E+00       1.8619E-05       3.7690E-05       1.1366E-07       0.0000E+00       1.7985E-06       0.0000E+00       0.0000E+00       0.0000E+00       0.0000E+00
       3.8500E-01       0.0000E+00       0.0000E+00       1.8620E-05       3.7690E-05       1.1295E-07       0.0000E+00       1.7964E-06       0.0000E+00       0.0000E+00       0.0000E+00       0.0000E+00
       3.9500E-01       0.0000E+00       0.0000E+00       1.8621E-05       3.7691E-05       1.1223E-07       0.0000E+00       1.7943E-06       0.0000E+00       0.0000E+00       0.0000E+00       0.0000E+00
       4.0500E-01       0.0000E+00       0.0000E+00       1.8621E-05       3.7692E-05       1.1152E-07       0.0000E+00       1.7920E-06       0.0000E+00       0.0000E+00       0.0000E+00       0.0000E+00
       4.1500E-01       0.0000E+00       0.0000E+00       1.8622E-05       3.7693E-05       1.1081E-07       0.0000E+00       1.7897E-06       0.0000E+00       0.0000E+00       0.0000E+00       0.0000E+00
       4.2500E-01       0.0000E+00       0.0000E+00       1.8623E-05       3.7694E-05       1.1011E-07       0.0000E+00       1.7874E-06       0.0000E+00       0.0000E+00       0.0000E+00       0.0000E+00
       4.3500E-01       0.0000E+00       0.0000E+00       1.8623E-05       3.7695E-05       1.0940E-07       0.0000E+00       1.7849E-06       0.0000E+00       0.0000E+00       0.0000E+00       0.0000E+00
       4.4500E-01       0.0000E+00       0.0000E+00       1.8624E-05       3.7696E-05       1.0871E-07       0.0000E+00       1.7824E-06       0.0000E+00       0.0000E+00       0.0000E+00       0.0000E+00
       4.5500E-01       0.0000E+00       0.0000E+00       1.8625E-05       3.7697E-05       1.0801E-07       0.0000E+00       1.7797E-06       0.0000E+00       0.0000E+00       0.0000E+00       0.0000E+00
       4.6500E-01       0.0000E+00       0.0000E+00       1.8625E-05       3.7698E-05       1.0733E-07       0.0000E+00       1.7771E-06       0.0000E+00       0.0000E+00       0.0000E+00       0.0000E+00
       4.7500E-01       0.0000E+00       0.0000E+00       1.8626E-05       3.7699E-05       1.0665E-07       0.0000E+00       1.7743E-06       0.0000E+00       0.0000E+00       0.0000E+00       0.0000E+00
       4.8500E-01       0.0000E+00       0.0000E+00       1.8627E-05       3.7700E-05       1.0598E-07       0.0000E+00       1.7714E-06       0.0000E+00       0.0000E+00       0.0000E+00       0.0000E+00
       4.9500E-01       0.0000E+00       0.0000E+00       1.8627E-05       3.7701E-05       1.0532E-07       0.0000E+00       1.7685E-06       0.0000E+00       0.0000E+00       0.0000E+00       0.0000E+00
       5.0500E-01       0.0000E+00       0.0000E+00       1.8628E-05       3.7702E-05       1.0467E-07       0.0000E+00       1.7655E-06       0.0000E+00       0.0000E+00       0.0000E+00       0.0000E+00
       5.1500E-01       0.0000E+00       0.0000E+00       1.8629E-05       3.7703E-05       1.0403E-07       0.0000E+00       1.7624E-06       0.0000E+00       0.0000E+00       0.0000E+00       0.0000E+00
       5.2500E-01       0.0000E+00       0.0000E+00       1.8630E-05       3.7704E-05       1.0340E-07       0.0000E+00       1.7593E-06       0.0000E+00       0.0000E+00       0.0000E+00       0.0000E+00
       5.3500E-01       0.0000E+00       0.0000E+00       1.8630E-05       3.7705E-05       1.0279E-07       0.0000E+00       1.7560E-06       0.0000E+00       0.0000E+00       0.0000E+00       0.0000E+00
       5.4500E-01       0.0000E+00       0.0000E+00       1.8631E-05       3.7706E-05       1.0219E-07       0.0000E+00       1.7527E-06       0.0000E+00       0.0000E+00       0.0000E+00       0.0000E+00
       5.5500E-01       0.0000E+00       0.0000E+00       1.8632E-05       3.7708E-05       1.0160E-07       0.0000E+00       1.7493E-06       0.0000E+00       0.0000E+00       0.0000E+00       0.0000E+00
       5.6500E-01       0.0000E+00       0.0000E+00       1.8633E-05       3.7709E-05       1.0102E-07       0.0000E+00       1.7458E-06       0.0000E+00       0.0000E+00       0.0000E+00       0.0000E+00
       5.7500E-01       0.0000E+00       0.0000E+00       1.8634E-05       3.7710E-05       1.0046E-07       0.0000E+00       1.7423E-06       0.0000E+00       0.0000E+00       0.0000E+00       0.0000E+00
       5.8500E-01       0.0000E+00       0.0000E+00       1.8634E-05       3.7711E-05       9.9919E-08       0.0000E+00       1.7386E-06       0.0000E+00       0.0000E+00       0.0000E+00       0.0000E+00
       5.9500E-01       0.0000E+00       0.0000E+00       1.8635E-05       3.7713E-05       9.9390E-08       0.0000E+00       1.7349E-06       0.0000E+00       0.0000E+00       0.0000E+00       0.0000E+00
       6.0500E-01       0.0000E+00       0.0000E+00       1.8636E-05       3.7714E-05       9.8878E-08       0.0000E+00       1.7311E-06       0.0000E+00       0.0000E+00       0.0000E+00       0.0000E+00
       6.1500E-01       0.0000E+00       0.0000E+00       1.8637E-05       3.7715E-05       9.8381E-08       0.0000E+00       1.7273E-06       0.0000E+00       0.0000E+00       0.0000E+00       0.0000E+00
       6.2500E-01       0.0000E+00       0.0000E+00       1.8638E-05       3.7717E-05       9.7901E-08       0.0000E+00       1.7233E-06       0.0000E+00       0.0000E+00       0.0000E+00       0.0000E+00
       6.3500E-01       0.0000E+00       0.0000E+00       1.8639E-05       3.7718E-05       9.7437E-08       0.0000E+00       1.7193E-06       0.0000E+00       0.0000E+00       0.0000E+00       0.0000E+00
       6.4500E-01       0.0000E+00       0.0000E+00       1.8640E-05       3.7719E-05       9.6990E-08       0.0000E+00       1.7152E-06       0.0000E+00       0.0000E+00       0.0000E+00       0.0000E+00
       6.5500E-01       0.0000E+00       0.0000E+00       1.8641E-05       3.7721E-05       9.6560E-08       0.0000E+00       1.7111E-06       0.0000E+00       0.0000E+00       0.0000E+00       0.0000E+00
       6.6500E-01       0.0000E+00       0.0000E+00       1.8642E-05       3.7722E-05       9.6147E-08       0.0000E+00       1.7069E-06       0.0000E+00       0.0000E+00       0.0000E+00       0.0000E+00
       6.7500E-01       0.0000E+00       0.0000E+00       1.8642E-05       3.7723E-05       9.5751E-08       0.0000E+00       1.7026E-06       0.0000E+00       0.0000E+00       0.0000E+00       0.0000E+00
       6.8500E-01       0.0000E+00       0.0000E+00       1.8643E-05       3.7725E-05       9.5372E-08       0.0000E+00       1.6982E-06       0.0000E+00       0.0000E+00       0.0000E+00       0.0000E+00
       6.9500E-01       0.0000E+00       0.0000E+00       1.8644E-05       3.7726E-05       9.5009E-08       0.0000E+00       1.6938E-06       0.0000E+00       0.0000E+00       0.0000E+00       0.0000E+00
       7.0500E-01       0.0000E+00       0.0000E+00       1.8645E-05       3.7728E-05       9.4663E-08       0.0000E+00       1.6893E-06       0.0000E+00       0.0000E+00       0.0000E+00       0.0000E+00
       7.1500E-01       0.0000E+00       0.0000E+00       1.8646E-05       3.7729E-05       9.4333E-08       0.0000E+00       1.6847E-06       0.0000E+00       0.0000E+00       0.0000E+00       0.0000E+00
       7.2500E-01       0.0000E+00       0.0000E+00       1.8647E-05       3.7731E-05       9.4020E-08       0.0000E+00       1.6801E-06       0.0000E+00       0.0000E+00       0.0000E+00       0.0000E+00
       7.3500E-01       0.0000E+00       0.0000E+00       1.8648E-05       3.7732E-05       9.3723E-08       0.0000E+00       1.6754E-06       0.0000E+00       0.0000E+00       0.0000E+00       0.0000E+00
       7.4500E-01       0.0000E+00       0.0000E+00       1.8649E-05       3.7734E-05       9.3441E-08       0.0000E+00       1.6707E-06       0.0000E+00       0.0000E+00       0.0000E+00       0.0000E+00
       7.5500E-01       0.0000E+00       0.0000E+00       1.8650E-05       3.7735E-05       9.3175E-08       0.0000E+00       1.6659E-06       0.0000E+00       0.0000E+00       0.0000E+00       0.0000E+00
       7.6500E-01       0.0000E+00       0.0000E+00       1.8651E-05       3.7737E-05       9.2925E-08       0.0000E+00       1.6611E-06       0.0000E+00       0.0000E+00       0.0000E+00       0.0000E+00
       7.7500E-01       0.0000E+00       0.0000E+00       1.8652E-05       3.7738E-05       9.2689E-08       0.0000E+00       1.6562E-06       0.0000E+00       0.0000E+00       0.0000E+00       0.0000E+00
       7.8500E-01       0.0000E+00       0.0000E+00       1.8653E-05       3.7740E-05       9.2468E-08       0.0000E+00       1.6512E-06       0.0000E+00       0.0000E+00       0.0000E+00       0.0000E+00
       7.9500E-01       0.0000E+00       0.0000E+00       1.8654E-05       3.7741E-05       9.2261E-08       0.0000E+00       1.6463E-06       0.0000E+00       0.0000E+00       0.0000E+00       0.0000E+00
       8.0500E-01       0.0000E+00       0.0000E+00       1.8655E-05       3.7743E-05       9.2068E-08       0.0000E+00       1.6412E-06       0.0000E+00       0.0000E+00       0.0000E+00       0.0000E+00
       8.1500E-01       0.0000E+00       0.0000E+00       1.8657E-05       3.7744E-05       9.1889E-08       0.0000E+00       1.6361E-06       0.0000E+00       0.0000E+00       0.0000E+00       0.0000E+00
       8.2500E-01       0.0000E+00       0.0000E+00       1.8658E-05       3.7746E-05       9.1722E-08       0.0000E+00       1.6310E-06       0.0000E+00       0.0000E+00       0.0000E+00       0.0000E+00
       8.3500E-01       0.0000E+00       0.0000E+00       1.8659E-05       3.7748E-05       9.1569E-08       0.0000E+00       1.6259E-06       0.0000E+00       0.0000E+00       0.0000E+00       0.0000E+00
       8.4500E-01       0.0000E+00       0.0000E+00       1.8660E-05       3.7749E-05       9.1428E-08       0.0000E+00       1.6207E-06       0.0000E+00       0.0000E+00       0.0000E+00       0.0000E+00
       8.5500E-01       0.0000E+00       0.0000E+00       1.8661E-05       3.7751E-05       9.1298E-08       0.0000E+00       1.6155E-06       0.0000E+00       0.0000E+00       0.0000E+00       0.0000E+00
       8.6500E-01       0.0000E+00       0.0000E+00       1.8662E-05       3.7752E-05       9.1180E-08       0.0000E+00       1.6102E-06       0.0000E+00       0.0000E+00       0.0000E+00       0.0000E+00
       8.7500E-01       0.0000E+00       0.0000E+00       1.8663E-05       3.7754E-05       9.1073E-08       0.0000E+00       1.6050E-06       0.0000E+00       0.0000E+00       0.0000E+00       0.0000E+00
       8.8500E-01       0.0000E+00       0.0000E+00       1.8664E-05       3.7756E-05       9.0977E-08       0.0000E+00       1.5997E-06       0.0000E+00       0.0000E+00       0.0000E+00       0.0000E+00
       8.9500E-01       0.0000E+00       0.0000E+00       1.8665E-05       3.7757E-05       9.0891E-08       0.0000E+00       1.5943E-06       0.0000E+00       0.0000E+00       0.0000E+00       0.0000E+00
       9.0500E-01       0.0000E+00       0.0000E+00       1.8666E-05       3.7759E-05       9.0815E-08       0.0000E+00       1.5890E-06       0.0000E+00       0.0000E+00       0.0000E+00       0.0000E+00
       9.1500E-01       0.0000E+00       0.0000E+00       1.8667E-05       3.7761E-05       9.0748E-08       0.0000E+00       1.5836E-06       0.0000E+00       0.0000E+00       0.0000E+00       0.0000E+00
       9.2500E-01       0.0000E+00       0.0000E+00       1.8668E-05       3.7762E-05       9.0691E-08       0.0000E+00       1.5783E-06       0.0000E+00       0.0000E+00       0.0000E+00       0.0000E+00
       9.3500E-01       0.0000E+00       0.0000E+00       1.8669E-05       3.7764E-05       9.0641E-08       0.0000E+00       1.5729E-06       0.0000E+00       0.0000E+00       0.0000E+00       0.0000E+00
       9.4500E-01       0.0000E+00       0.0000E+00       1.8671E-05       3.7765E-05       9.0600E-08       0.0000E+00       1.5675E-06       0.0000E+00       0.0000E+00       0.0000E+00       0.0000E+00
       9.5500E-01       0.0000E+00       0.0000E+00       1.8672E-05       3.7767E-05       9.0567E-08       0.0000E+00       1.5621E-06       0.0000E+00       0.0000E+00       0.0000E+00       0.0000E+00
       9.6500E-01       0.0000E+00       0.0000E+00       1.8673E-05       3.7769E-05       9.0541E-08       0.0000E+00       1.5567E-06       0.0000E+00       0.0000E+00       0.0000E+00       0.0000E+00
       9.7500E-01       0.0000E+00       0.0000E+00       1.8674E-05       3.7770E-05       9.0523E-08       0.0000E+00       1.5513E-06       0.0000E+00       0.0000E+00       0.0000E+00       0.0000E+00
       9.8500E-01       0.0000E+00       0.0000E+00       1.8675E-05       3.7772E-05       9.0511E-08       0.0000E+00       1.5459E-06       0.0000E+00       0.0000E+00       0.0000E+00       0.0000E+00
       9.9500E-01       0.0000E+00       0.0000E+00       1.8676E-05       3.7774E-05       9.0505E-08       0.0000E+00       1.5404E-06       0.0000E+00       0.0000E+00       0.0000E+00       0.0000E+00
       1.0050E+00       0.0000E+00       0.0000E+00       1.8677E-05       3.7775E-05       9.0505E-08       0.0000E+00       1.5350E-06       0.0000E+00       0.0000E+00       0.0000E+00       0.0000E+00
       1.0150E+00       0.0000E+00       0.0000E+00       1.8678E-05       3.7777E-05       9.0511E-08       0.0000E+00       1.5297E-06       0.0000E+00       0.0000E+00       0.0000E+00       0.0000E+00
       1.0250E+00       0.0000E+00       0.0000E+00       1.8679E-05       3.7778E-05       9.0522E-08       0.0000E+00       1.5243E-06       0.0000E+00       0.0000E+00       0.0000E+00       0.0000E+00
       1.0350E+00       0.0000E+00       0.0000E+00       1.8680E-05       3.7780E-05       9.0538E-08       0.0000E+00       1.5189E-06       0.0000E+00       0.0000E+00       0.0000E+00       0.0000E+00
       1.0450E+00       0.0000E+00       0.0000E+00       1.8681E-05       3.7782E-05       9.0559E-08       0.0000E+00       1.5135E-06       0.0000E+00       0.0000E+00       0.0000E+00       0.0000E+00
       1.0550E+00       0.0000E+00       0.0000E+00       1.8682E-05       3.7783E-05       9.0584E-08       0.0000E+00       1.5082E-06       0.0000E+00       0.0000E+00       0.0000E+00       0.0000E+00
       1.0650E+00       0.0000E+00       0.0000E+00       1.8683E-05       3.7785E-05       9.0613E-08       0.0000E+00       1.5029E-06       0.0000E+00       0.0000E+00       0.0000E+00       0.0000E+00
       1.0750E+00       0.0000E+00       0.0000E+00       1.8685E-05       3.7786E-05       9.0646E-08       0.0000E+00       1.4976E-06       0.0000E+00       0.0000E+00       0.0000E+00       0.0000E+00
       1.0850E+00       0.0000E+00       0.0000E+00       1.8686E-05       3.7788E-05       9.0683E-08       0.0000E+00       1.4923E-06       0.0000E+00       0.0000E+00       0.0000E+00       0.0000E+00
       1.0950E+00       0.0000E+00       0.0000E+00       1.8687E-05       3.7789E-05       9.0723E-08       0.0000E+00       1.4870E-06       0.0000E+00       0.0000E+00       0.0000E+00       0.0000E+00
       1.1050E+00       0.0000E+00       0.0000E+00       1.8688E-05       3.7791E-05       9.0766E-08       0.0000E+00       1.4818E-06       0.0000E+00       0.0000E+00       0.0000E+00       0.0000E+00
       1.1150E+00       0.0000E+00       0.0000E+00       1.8689E-05       3.7793E-05       9.0811E-08       0.0000E+00       1.4766E-06       0.0000E+00       0.0000E+00       0.0000E+00       0.0000E+00
       1.1250E+00       0.0000E+00       0.0000E+00       1.8690E-05       3.7794E-05       9.0860E-08       0.0000E+00       1.4714E-06       0.0000E+00       0.0000E+00       0.0000E+00       0.0000E+00
       1.1350E+00       0.0000E+00       0.0000E+00       1.8691E-05       3.7796E-05       9.0910E-08       0.0000E+00       1.4663E-06       0.0000E+00       0.0000E+00       0.0000E+00       0.0000E+00
       1.1450E+00       0.0000E+00       0.0000E+00       1.8692E-05       3.7797E-05       9.0963E-08       0.0000E+00       1.4612E-06       0.0000E+00       0.0000E+00       0.0000E+00       0.0000E+00
       1.1550E+00       0.0000E+00       0.0000E+00       1.8693E-05       3.7799E-05       9.1018E-08       0.0000E+00       1.4561E-06       0.0000E+00       0.0000E+00       0.0000E+00       0.0000E+00
       1.1650E+00       0.0000E+00       0.0000E+00       1.8694E-05       3.7800E-05       9.1074E-08       0.0000E+00       1.4511E-06       0.0000E+00       0.0000E+00       0.0000E+00       0.0000E+00
       1.1750E+00       0.0000E+00       0.0000E+00       1.8695E-05       3.7802E-05       9.1132E-08       0.0000E+00       1.4461E-06       0.0000E+00       0.0000E+00       0.0000E+00       0.0000E+00
       1.1850E+00       0.0000E+00       0.0000E+00       1.8696E-05       3.7803E-05       9.1192E-08       0.0000E+00       1.4412E-06       0.0000E+00       0.0000E+00       0.0000E+00       0.0000E+00
       1.1950E+00       0.0000E+00       0.0000E+00       1.8697E-05       3.7805E-05       9.1252E-08       0.0000E+00       1.4363E-06       0.0000E+00       0.0000E+00       0.0000E+00       0.0000E+00
       1.2050E+00       0.0000E+00       0.0000E+00       1.8698E-05       3.7806E-05       9.1314E-08       0.0000E+00       1.4314E-06       0.0000E+00       0.0000E+00       0.0000E+00       0.0000E+00
       1.2150E+00       0.0000E+00       0.0000E+00       1.8699E-05       3.7807E-05       9.1377E-08       0.0000E+00       1.4266E-06       0.0000E+00       0.0000E+00       0.0000E+00       0.0000E+00
       1.2250E+00       0.0000E+00       0.0000E+00       1.8700E-05       3.7809E-05       9.1440E-08       0.0000E+00       1.4218E-06       0.0000E+00       0.0000E+00       0.0000E+00       0.0000E+00
       1.2350E+00       0.0000E+00       0.0000E+00       1.8700E-05       3.7810E-05       9.1504E-08       0.0000E+00       1.4171E-06       0.0000E+00       0.0000E+00       0.0000E+00       0.0000E+00
       1.2450E+00       0.0000E+00       0.0000E+00       1.8701E-05       3.7812E-05       9.1569E-08       0.0000E+00       1.4124E-06       0.0000E+00       0.0000E+00       0.0000E+00       0.0000E+00
       1.2550E+00       0.0000E+00       0.0000E+00       1.8702E-05       3.7813E-05       9.1634E-08       0.0000E+00       1.4078E-06       0.0000E+00       0.0000E+00       0.0000E+00       0.0000E+00
       1.2650E+00       0.0000E+00       0.0000E+00       1.8703E-05       3.7814E-05       9.1700E-08       0.0000E+00       1.4033E-06       0.0000E+00       0.0000E+00       0.0000E+00       0.0000E+00
       1.2750E+00       0.0000E+00       0.0000E+00       1.8704E-05       3.7816E-05       9.1765E-08       0.0000E+00       1.3987E-06       0.0000E+00       0.0000E+00       0.0000E+00       0.0000E+00
       1.2850E+00       0.0000E+00       0.0000E+00       1.8705E-05       3.7817E-05       9.1831E-08       0.0000E+00       1.3943E-06       0.0000E+00       0.0000E+00       0.0000E+00       0.0000E+00
       1.2950E+00       0.0000E+00       0.0000E+00       1.8706E-05       3.7818E-05       9.1897E-08       0.0000E+00       1.3899E-06       0.0000E+00       0.0000E+00       0.0000E+00       0.0000E+00
       1.3050E+00       0.0000E+00       0.0000E+00       1.8707E-05       3.7820E-05       9.1963E-08       0.0000E+00       1.3855E-06       0.0000E+00       0.0000E+00       0.0000E+00       0.0000E+00
       1.3150E+00       0.0000E+00       0.0000E+00       1.8708E-05       3.7821E-05       9.2028E-08       0.0000E+00       1.3812E-06       0.0000E+00       0.0000E+00       0.0000E+00       0.0000E+00
       1.3250E+00       0.0000E+00       0.0000E+00       1.8708E-05       3.7822E-05       9.2094E-08       0.0000E+00       1.3770E-06       0.0000E+00       0.0000E+00       0.0000E+00       0.0000E+00
       1.3350E+00       0.0000E+00       0.0000E+00       1.8709E-05       3.7823E-05       9.2159E-08       0.0000E+00       1.3728E-06       0.0000E+00       0.0000E+00       0.0000E+00       0.0000E+00
       1.3450E+00       0.0000E+00       0.0000E+00       1.8710E-05       3.7825E-05       9.2223E-08       0.0000E+00       1.3687E-06       0.0000E+00       0.0000E+00       0.0000E+00       0.0000E+00
       1.3550E+00       0.0000E+00       0.0000E+00       1.8711E-05       3.7826E-05       9.2288E-08       0.0000E+00       1.3646E-06       0.0000E+00       0.0000E+00       0.0000E+00       0.0000E+00
       1.3650E+00       0.0000E+00       0.0000E+00       1.8712E-05       3.7827E-05       9.2352E-08       0.0000E+00       1.3606E-06       0.0000E+00       0.0000E+00       0.0000E+00       0.0000E+00
       1.3750E+00       0.0000E+00       0.0000E+00       1.8712E-05       3.7828E-05       9.2415E-08       0.0000E+00       1.3567E-06       0.0000E+00       0.0000E+00       0.0000E+00       0.0000E+00
       1.3850E+00       0.0000E+00       0.0000E+00       1.8713E-05       3.7829E-05       9.2477E-08       0.0000E+00       1.3528E-06       0.0000E+00       0.0000E+00       0.0000E+00       0.0000E+00
       1.3950E+00       0.0000E+00       0.0000E+00       1.8714E-05       3.7830E-05       9.2539E-08       0.0000E+00       1.3490E-06       0.0000E+00       0.0000E+00       0.0000E+00       0.0000E+00
       1.4050E+00       0.0000E+00       0.0000E+00       1.8715E-05       3.7831E-05       9.2601E-08       0.0000E+00       1.3452E-06       0.0000E+00       0.0000E+00       0.0000E+00       0.0000E+00
       1.4150E+00       0.0000E+00       0.0000E+00       1.8715E-05       3.7833E-05       9.2662E-08       0.0000E+00       1.3415E-06       0.0000E+00       0.0000E+00       0.0000E+00       0.0000E+00
       1.4250E+00       0.0000E+00       0.0000E+00       1.8716E-05       3.7834E-05       9.2721E-08       0.0000E+00       1.3379E-06       0.0000E+00       0.0000E+00       0.0000E+00       0.0000E+00
       1.4350E+00       0.0000E+00       0.0000E+00       1.8717E-05       3.7835E-05       9.2781E-08       0.0000E+00       1.3343E-06       0.0000E+00       0.0000E+00       0.0000E+00       0.0000E+00
       1.4450E+00       0.0000E+00       0.0000E+00       1.8717E-05       3.7836E-05       9.2839E-08       0.0000E+00       1.3308E-06       0.0000E+00       0.0000E+00       0.0000E+00       0.0000E+00
       1.4550E+00       0.0000E+00       0.0000E+00       1.8718E-05       3.7837E-05       9.2896E-08       0.0000E+00       1.3274E-06       0.0000E+00       0.0000E+00       0.0000E+00       0.0000E+00
       1.4650E+00       0.0000E+00       0.0000E+00       1.8719E-05       3.7838E-05       9.2953E-08       0.0000E+00       1.3240E-06       0.0000E+00       0.0000E+00       0.0000E+00       0.0000E+00
       1.4750E+00       0.0000E+00       0.0000E+00       1.8719E-05       3.7839E-05       9.3009E-08       0.0000E+00       1.3207E-06       0.0000E+00       0.0000E+00       0.0000E+00       0.0000E+00
       1.4850E+00       0.0000E+00       0.0000E+00       1.8720E-05       3.7840E-05       9.3064E-08       0.0000E+00       1.3174E-06       0.0000E+00       0.0000E+00       0.0000E+00       0.0000E+00
       1.4950E+00       0.0000E+00       0.0000E+00       1.8721E-05       3.7841E-05       9.3118E-08       0.0000E+00       1.3142E-06       0.0000E+00       0.0000E+00       0.0000E+00       0.0000E+00
       1.5050E+00       0.0000E+00       0.0000E+00       1.8721E-05       3.7841E-05       9.3171E-08       0.0000E+00       1.3111E-06       0.0000E+00       0.0000E+00       0.0000E+00       0.0000E+00
       1.5150E+00       0.0000E+00       0.0000E+00       1.8722E-05       3.7842E-05       9.3223E-08       0.0000E+00       1.3080E-06       0.0000E+00       0.0000E+00       0.0000E+00       0.0000E+00
       1.5250E+00       0.0000E+00       0.0000E+00       1.8723E-05       3.7843E-05       9.3274E-08       0.0000E+00       1.3050E-06       0.0000E+00       0.0000E+00       0.0000E+00       0.0000E+00
       1.5350E+00       0.0000E+00       0.0000E+00       1.8723E-05       3.7844E-05       9.3324E-08       0.0000E+00       1.3020E-06       0.0000E+00       0.0000E+00       0.0000E+00       0.0000E+00
       1.5450E+00       0.0000E+00       0.0000E+00       1.8724E-05       3.7845E-05       9.3373E-08       0.0000E+00       1.2991E-06       0.0000E+00       0.0000E+00       0.0000E+00       0.0000E+00
       1.5550E+00       0.0000E+00       0.0000E+00       1.8724E-05       3.7846E-05       9.3422E-08       0.0000E+00       1.2963E-06       0.0000E+00       0.0000E+00       0.0000E+00       0.0000E+00
       1.5650E+00       0.0000E+00       0.0000E+00       1.8725E-05       3.7847E-05       9.3469E-08       0.0000E+00       1.2935E-06       0.0000E+00       0.0000E+00       0.0000E+00       0.0000E+00
       1.5750E+00       0.0000E+00       0.0000E+00       1.8725E-05       3.7847E-05       9.3515E-08       0.0000E+00       1.2908E-06       0.0000E+00       0.0000E+00       0.0000E+00       0.0000E+00
       1.5850E+00       0.0000E+00       0.0000E+00       1.8726E-05       3.7848E-05       9.3561E-08       0.0000E+00       1.2882E-06       0.0000E+00       0.0000E+00       0.0000E+00       0.0000E+00
       1.5950E+00       0.0000E+00       0.0000E+00       1.8726E-05       3.7849E-05       9.3605E-08       0.0000E+00       1.2856E-06       0.0000E+00       0.0000E+00       0.0000E+00       0.0000E+00
       1.6050E+00       0.0000E+00       0.0000E+00       1.8727E-05       3.7850E-05       9.3648E-08       0.0000E+00       1.2830E-06       0.0000E+00       0.0000E+00       0.0000E+00       0.0000E+00
       1.6150E+00       0.0000E+00       0.0000E+00       1.8727E-05       3.7850E-05       9.3691E-08       0.0000E+00       1.2806E-06       0.0000E+00       0.0000E+00       0.0000E+00       0.0000E+00
       1.6250E+00       0.0000E+00       0.0000E+00       1.8728E-05       3.7851E-05       9.3732E-08       0.0000E+00       1.2781E-06       0.0000E+00       0.0000E+00       0.0000E+00       0.0000E+00
       1.6350E+00       0.0000E+00       0.0000E+00       1.8728E-05       3.7852E-05       9.3773E-08       0.0000E+00       1.2758E-06       0.0000E+00       0.0000E+00       0.0000E+00       0.0000E+00
       1.6450E+00       0.0000E+00       0.0000E+00       1.8729E-05       3.7853E-05       9.3813E-08       0.0000E+00       1.2735E-06       0.0000E+00       0.0000E+00       0.0000E+00       0.0000E+00
       1.6550E+00       0.0000E+00       0.0000E+00       1.8729E-05       3.7853E-05       9.3851E-08       0.0000E+00       1.2712E-06       0.0000E+00       0.0000E+00       0.0000E+00       0.0000E+00
       1.6650E+00       0.0000E+00       0.0000E+00       1.8730E-05       3.7854E-05       9.3889E-08       0.0000E+00       1.2690E-06       0.0000E+00       0.0000E+00       0.0000E+00       0.0000E+00
       1.6750E+00       0.0000E+00       0.0000E+00       1.8730E-05       3.7854E-05       9.3926E-08       0.0000E+00       1.2669E-06       0.0000E+00       0.0000E+00       0.0000E+00       0.0000E+00
       1.6850E+00       0.0000E+00       0.0000E+00       1.8731E-05       3.7855E-05       9.3962E-08       0.0000E+00       1.2648E-06       0.0000E+00       0.0000E+00       0.0000E+00       0.0000E+00
       1.6950E+00       0.0000E+00       0.0000E+00       1.8731E-05       3.7856E-05       9.3997E-08       0.0000E+00       1.2628E-06       0.0000E+00       0.0000E+00       0.0000E+00       0.0000E+00
       1.7050E+00       0.0000E+00       0.0000E+00       1.8731E-05       3.7856E-05       9.4031E-08       0.0000E+00       1.2608E-06       0.0000E+00       0.0000E+00       0.0000E+00       0.0000E+00
       1.7150E+00       0.0000E+00       0.0000E+00       1.8732E-05       3.7857E-05       9.4064E-08       0.0000E+00       1.2589E-06       0.0000E+00       0.0000E+00       0.0000E+00       0.0000E+00
       1.7250E+00       0.0000E+00       0.0000E+00       1.8732E-05       3.7857E-05       9.4097E-08       0.0000E+00       1.2570E-06       0.0000E+00       0.0000E+00       0.0000E+00       0.0000E+00
       1.7350E+00       0.0000E+00       0.0000E+00       1.8732E-05       3.7858E-05       9.4128E-08       0.0000E+00       1.2552E-06       0.0000E+00       0.0000E+00       0.0000E+00       0.0000E+00
       1.7450E+00       0.0000E+00       0.0000E+00       1.8733E-05       3.7858E-05       9.4159E-08       0.0000E+00       1.2534E-06       0.0000E+00       0.0000E+00       0.0000E+00       0.0000E+00
       1.7550E+00       0.0000E+00       0.0000E+00       1.8733E-05       3.7859E-05       9.4189E-08       0.0000E+00       1.2516E-06       0.0000E+00       0.0000E+00       0.0000E+00       0.0000E+00
       1.7650E+00       0.0000E+00       0.0000E+00       1.8733E-05       3.7859E-05       9.4218E-08       0.0000E+00       1.2500E-06       0.0000E+00       0.0000E+00       0.0000E+00       0.0000E+00
       1.7750E+00       0.0000E+00       0.0000E+00       1.8734E-05       3.7860E-05       9.4246E-08       0.0000E+00       1.2483E-06       0.0000E+00       0.0000E+00       0.0000E+00       0.0000E+00
       1.7850E+00       0.0000E+00       0.0000E+00       1.8734E-05       3.7860E-05       9.4273E-08       0.0000E+00       1.2467E-06       0.0000E+00       0.0000E+00       0.0000E+00       0.0000E+00
       1.7950E+00       0.0000E+00       0.0000E+00       1.8734E-05       3.7861E-05       9.4300E-08       0.0000E+00       1.2452E-06       0.0000E+00       0.0000E+00       0.0000E+00       0.0000E+00
       1.8050E+00       0.0000E+00       0.0000E+00       1.8735E-05       3.7861E-05       9.4326E-08       0.0000E+00       1.2437E-06       0.0000E+00       0.0000E+00       0.0000E+00       0.0000E+00
       1.8150E+00       0.0000E+00       0.0000E+00       1.8735E-05       3.7862E-05       9.4351E-08       0.0000E+00       1.2422E-06       0.0000E+00       0.0000E+00       0.0000E+00       0.0000E+00
       1.8250E+00       0.0000E+00       0.0000E+00       1.8735E-05       3.7862E-05       9.4375E-08       0.0000E+00       1.2408E-06       0.0000E+00       0.0000E+00       0.0000E+00       0.0000E+00
       1.8350E+00       0.0000E+00       0.0000E+00       1.8735E-05       3.7863E-05       9.4399E-08       0.0000E+00       1.2395E-06       0.0000E+00       0.0000E+00       0.0000E+00       0.0000E+00
       1.8450E+00       0.0000E+00       0.0000E+00       1.8736E-05       3.7863E-05       9.4422E-08       0.0000E+00       1.2381E-06       0.0000E+00       0.0000E+00       0.0000E+00       0.0000E+00
       1.8550E+00       0.0000E+00       0.0000E+00       1.8736E-05       3.7863E-05       9.4444E-08       0.0000E+00       1.2368E-06       0.0000E+00       0.0000E+00       0.0000E+00       0.0000E+00
       1.8650E+00       0.0000E+00       0.0000E+00       1.8736E-05       3.7864E-05       9.4466E-08       0.0000E+00       1.2356E-06       0.0000E+00       0.0000E+00       0.0000E+00       0.0000E+00
       1.8750E+00       0.0000E+00       0.0000E+00       1.8736E-05       3.7864E-05       9.4487E-08       0.0000E+00       1.2344E-06       0.0000E+00       0.0000E+00       0.0000E+00       0.0000E+00
       1.8850E+00       0.0000E+00       0.0000E+00       1.8737E-05       3.7864E-05       9.4507E-08       0.0000E+00       1.2332E-06       0.0000E+00       0.0000E+00       0.0000E+00       0.0000E+00
       1.8950E+00       0.0000E+00       0.0000E+00       1.8737E-05       3.7865E-05       9.4527E-08       0.0000E+00       1.2321E-06       0.0000E+00       0.0000E+00       0.0000E+00       0.0000E+00
       1.9050E+00       0.0000E+00       0.0000E+00       1.8737E-05       3.7865E-05       9.4546E-08       0.0000E+00       1.2310E-06       0.0000E+00       0.0000E+00       0.0000E+00       0.0000E+00
       1.9150E+00       0.0000E+00       0.0000E+00       1.8737E-05       3.7865E-05       9.4564E-08       0.0000E+00       1.2299E-06       0.0000E+00       0.0000E+00       0.0000E+00       0.0000E+00
       1.9250E+00       0.0000E+00       0.0000E+00       1.8738E-05       3.7866E-05       9.4582E-08       0.0000E+00       1.2289E-06       0.0000E+00       0.0000E+00       0.0000E+00       0.0000E+00
       1.9350E+00       0.0000E+00       0.0000E+00       1.8738E-05       3.7866E-05       9.4599E-08       0.0000E+00       1.2279E-06       0.0000E+00       0.0000E+00       0.0000E+00       0.0000E+00
       1.9450E+00       0.0000E+00       0.0000E+00       1.8738E-05       3.7866E-05       9.4616E-08       0.0000E+00       1.2269E-06       0.0000E+00       0.0000E+00       0.0000E+00       0.0000E+00
       1.9550E+00       0.0000E+00       0.0000E+00       1.8738E-05       3.7867E-05       9.4632E-08       0.0000E+00       1.2260E-06       0.0000E+00       0.0000E+00       0.0000E+00       0.0000E+00
       1.9650E+00       0.0000E+00       0.0000E+00       1.8738E-05       3.7867E-05       9.4648E-08       0.0000E+00       1.2251E-06       0.0000E+00       0.0000E+00       0.0000E+00       0.0000E+00
       1.9750E+00       0.0000E+00       0.0000E+00       1.8738E-05       3.7867E-05       9.4663E-08       0.0000E+00       1.2242E-06       0.0000E+00       0.0000E+00       0.0000E+00       0.0000E+00
       1.9850E+00       0.0000E+00       0.0000E+00       1.8739E-05       3.7867E-05       9.4677E-08       0.0000E+00       1.2234E-06       0.0000E+00       0.0000E+00       0.0000E+00       0.0000E+00
       1.9950E+00       0.0000E+00       0.0000E+00       1.8739E-05       3.7868E-05       9.4691E-08       0.0000E+00       1.2226E-06       0.0000E+00       0.0000E+00       0.0000E+00       0.0000E+00
       2.0050E+00       0.0000E+00       0.0000E+00       1.8739E-05       3.7868E-05       9.4705E-08       0.0000E+00       1.2218E-06       0.0000E+00       0.0000E+00       0.0000E+00       0.0000E+00
       2.0150E+00       0.0000E+00       0.0000E+00       1.8739E-05       3.7868E-05       9.4718E-08       0.0000E+00       1.2210E-06       0.0000E+00       0.0000E+00       0.0000E+00       0.0000E+00
       2.0250E+00       0.0000E+00       0.0000E+00       1.8739E-05       3.7868E-05       9.4731E-08       0.0000E+00       1.2203E-06       0.0000E+00       0.0000E+00       0.0000E+00       0.0000E+00
       2.0350E+00       0.0000E+00       0.0000E+00       1.8739E-05       3.7868E-05       9.4743E-08       0.0000E+00       1.2196E-06       0.0000E+00       0.0000E+00       0.0000E+00       0.0000E+00
       2.0450E+00       0.0000E+00       0.0000E+00       1.8740E-05       3.7869E-05       9.4755E-08       0.0000E+00       1.2189E-06       0.0000E+00       0.0000E+00       0.0000E+00       0.0000E+00
       2.0550E+00       0.0000E+00       0.0000E+00       1.8740E-05       3.7869E-05       9.4766E-08       0.0000E+00       1.2183E-06       0.0000E+00       0.0000E+00       0.0000E+00       0.0000E+00
       2.0650E+00       0.0000E+00       0.0000E+00       1.8740E-05       3.7869E-05       9.4777E-08       0.0000E+00       1.2177E-06       0.0000E+00       0.0000E+00       0.0000E+00       0.0000E+00
       2.0750E+00       0.0000E+00       0.0000E+00       1.8740E-05       3.7869E-05       9.4788E-08       0.0000E+00       1.2171E-06       0.0000E+00       0.0000E+00       0.0000E+00       0.0000E+00
       2.0850E+00       0.0000E+00       0.0000E+00       1.8740E-05       3.7869E-05       9.4798E-08       0.0000E+00       1.2165E-06       0.0000E+00       0.0000E+00       0.0000E+00       0.0000E+00
       2.0950E+00       0.0000E+00       0.0000E+00       1.8740E-05       3.7870E-05       9.4808E-08       0.0000E+00       1.2159E-06       0.0000E+00       0.0000E+00       0.0000E+00       0.0000E+00
       2.1050E+00       0.0000E+00       0.0000E+00       1.8740E-05       3.7870E-05       9.4817E-08       0.0000E+00       1.2154E-06       0.0000E+00       0.0000E+00       0.0000E+00       0.0000E+00
       2.1150E+00       0.0000E+00       0.0000E+00       1.8740E-05       3.7870E-05       9.4826E-08       0.0000E+00       1.2149E-06       0.0000E+00       0.0000E+00       0.0000E+00       0.0000E+00
       2.1250E+00       0.0000E+00       0.0000E+00       1.8740E-05       3.7870E-05       9.4835E-08       0.0000E+00       1.2144E-06       0.0000E+00       0.0000E+00       0.0000E+00       0.0000E+00
       2.1350E+00       0.0000E+00       0.0000E+00       1.8741E-05       3.7870E-05       9.4844E-08       0.0000E+00       1.2139E-06       0.0000E+00       0.0000E+00       0.0000E+00       0.0000E+00
       2.1450E+00       0.0000E+00       0.0000E+00       1.8741E-05       3.7870E-05       9.4852E-08       0.0000E+00       1.2134E-06       0.0000E+00       0.0000E+00       0.0000E+00       0.0000E+00
       2.1550E+00       0.0000E+00       0.0000E+00       1.8741E-05       3.7870E-05       9.4860E-08       0.0000E+00       1.2130E-06       0.0000E+00       0.0000E+00       0.0000E+00       0.0000E+00
       2.1650E+00       0.0000E+00       0.0000E+00       1.8741E-05       3.7870E-05       9.4867E-08       0.0000E+00       1.2126E-06       0.0000E+00       0.0000E+00       0.0000E+00       0.0000E+00
       2.1750E+00       0.0000E+00       0.0000E+00       1.8741E-05       3.7871E-05       9.4874E-08       0.0000E+00       1.2122E-06       0.0000E+00       0.0000E+00       0.0000E+00       0.0000E+00
       2.1850E+00       0.0000E+00       0.0000E+00       1.8741E-05       3.7871E-05       9.4881E-08       0.0000E+00       1.2118E-06       0.0000E+00       0.0000E+00       0.0000E+00       0.0000E+00
       2.1950E+00       0.0000E+00       0.0000E+00       1.8741E-05       3.7871E-05       9.4888E-08       0.0000E+00       1.2114E-06       0.0000E+00       0.0000E+00       0.0000E+00       0.0000E+00
       2.2050E+00       0.0000E+00       0.0000E+00       1.8741E-05       3.7871E-05       9.4895E-08       0.0000E+00       1.2110E-06       0.0000E+00       0.0000E+00       0.0000E+00       0.0000E+00
       2.2150E+00       0.0000E+00       0.0000E+00       1.8741E-05       3.7871E-05       9.4901E-08       0.0000E+00       1.2107E-06       0.0000E+00       0.0000E+00       0.0000E+00       0.0000E+00
       2.2250E+00       0.0000E+00       0.0000E+00       1.8741E-05       3.7871E-05       9.4907E-08       0.0000E+00       1.2104E-06       0.0000E+00       0.0000E+00       0.0000E+00       0.0000E+00
       2.2350E+00       0.0000E+00       0.0000E+00       1.8741E-05       3.7871E-05       9.4912E-08       0.0000E+00       1.2100E-06       0.0000E+00       0.0000E+00       0.0000E+00       0.0000E+00
       2.2450E+00       0.0000E+00       0.0000E+00       1.8741E-05       3.7871E-05       9.4918E-08       0.0000E+00       1.2097E-06       0.0000E+00       0.0000E+00       0.0000E+00       0.0000E+00
       2.2550E+00       0.0000E+00       0.0000E+00       1.8741E-05       3.7871E-05       9.4923E-08       0.0000E+00       1.2095E-06       0.0000E+00       0.0000E+00       0.0000E+00       0.0000E+00
       2.2650E+00       0.0000E+00       0.0000E+00       1.8741E-05       3.7871E-05       9.4928E-08       0.0000E+00       1.2092E-06       0.0000E+00       0.0000E+00       0.0000E+00       0.0000E+00
       2.2750E+00       0.0000E+00       0.0000E+00       1.8742E-05       3.7872E-05       9.4933E-08       0.0000E+00       1.2089E-06       0.0000E+00       0.0000E+00       0.0000E+00       0.0000E+00
       2.2850E+00       0.0000E+00       0.0000E+00       1.8742E-05       3.7872E-05       9.4938E-08       0.0000E+00       1.2087E-06       0.0000E+00       0.0000E+00       0.0000E+00       0.0000E+00
       2.2950E+00       0.0000E+00       0.0000E+00       1.8742E-05       3.7872E-05       9.4942E-08       0.0000E+00       1.2084E-06       0.0000E+00       0.0000E+00       0.0000E+00       0.0000E+00
       2.3050E+00       0.0000E+00       0.0000E+00       1.8742E-05       3.7872E-05       9.4947E-08       0.0000E+00       1.2082E-06       0.0000E+00       0.0000E+00       0.0000E+00       0.0000E+00
       2.3150E+00       0.0000E+00       0.0000E+00       1.8742E-05       3.7872E-05       9.4951E-08       0.0000E+00       1.2080E-06       0.0000E+00       0.0000E+00       0.0000E+00       0.0000E+00
       2.3250E+00       0.0000E+00       0.0000E+00       1.8742E-05       3.7872E-05       9.4955E-08       0.0000E+00       1.2078E-06       0.0000E+00       0.0000E+00       0.0000E+00       0.0000E+00
       2.3350E+00       0.0000E+00       0.0000E+00       1.8742E-05       3.7872E-05       9.4959E-08       0.0000E+00       1.2075E-06       0.0000E+00       0.0000E+00       0.0000E+00       0.0000E+00
       2.3450E+00       0.0000E+00       0.0000E+00       1.8742E-05       3.7872E-05       9.4962E-08       0.0000E+00       1.2074E-06       0.0000E+00       0.0000E+00       0.0000E+00       0.0000E+00
       2.3550E+00       0.0000E+00       0.0000E+00       1.8742E-05       3.7872E-05       9.4966E-08       0.0000E+00       1.2072E-06       0.0000E+00       0.0000E+00       0.0000E+00       0.0000E+00
       2.3650E+00       0.0000E+00       0.0000E+00       1.8742E-05       3.7872E-05       9.4969E-08       0.0000E+00       1.2070E-06       0.0000E+00       0.0000E+00       0.0000E+00       0.0000E+00
       2.3750E+00       0.0000E+00       0.0000E+00       1.8742E-05       3.7872E-05       9.4972E-08       0.0000E+00       1.2068E-06       0.0000E+00       0.0000E+00       0.0000E+00       0.0000E+00
       2.3850E+00       0.0000E+00       0.0000E+00       1.8742E-05       3.7872E-05       9.4976E-08       0.0000E+00       1.2067E-06       0.0000E+00       0.0000E+00       0.0000E+00       0.0000E+00
       2.3950E+00       0.0000E+00       0.0000E+00       1.8742E-05       3.7872E-05       9.4979E-08       0.0000E+00       1.2065E-06       0.0000E+00       0.0000E+00       0.0000E+00       0.0000E+00
       2.4050E+00       0.0000E+00       0.0000E+00       1.8742E-05       3.7872E-05       9.4981E-08       0.0000E+00       1.2064E-06       0.0000E+00       0.0000E+00       0.0000E+00       0.0000E+00
       2.4150E+00       0.0000E+00       0.0000E+00       1.8742E-05       3.7872E-05       9.4984E-08       0.0000E+00       1.2062E-06       0.0000E+00       0.0000E+00       0.0000E+00       0.0000E+00
       2.4250E+00       0.0000E+00       0.0000E+00       1.8742E-05       3.7872E-05       9.4987E-08       0.0000E+00       1.2061E-06       0.0000E+00       0.0000E+00       0.0000E+00       0.0000E+00
       2.4350E+00       0.0000E+00       0.0000E+00       1.8742E-05       3.7872E-05       9.4989E-08       0.0000E+00       1.2060E-06       0.0000E+00       0.0000E+00       0.0000E+00       0.0000E+00
       2.4450E+00       0.0000E+00       0.0000E+00       1.8742E-05       3.7872E-05       9.4992E-08       0.0000E+00       1.2059E-06       0.0000E+00       0.0000E+00       0.0000E+00       0.0000E+00
       2.4550E+00       0.0000E+00       0.0000E+00       1.8742E-05       3.7872E-05       9.4994E-08       0.0000E+00       1.2058E-06       0.0000E+00       0.0000E+00       0.0000E+00       0.0000E+00
       2.4650E+00       0.0000E+00       0.0000E+00       1.8742E-05       3.7873E-05       9.4996E-08       0.0000E+00       1.2056E-06       0.0000E+00       0.0000E+00       0.0000E+00       0.0000E+00
       2.4750E+00       0.0000E+00       0.0000E+00       1.8742E-05       3.7873E-05       9.4998E-08       0.0000E+00       1.2055E-06       0.0000E+00       0.0000E+00       0.0000E+00       0.0000E+00
       2.4850E+00       0.0000E+00       0.0000E+00       1.8742E-05       3.7873E-05       9.5000E-08       0.0000E+00       1.2055E-06       0.0000E+00       0.0000E+00       0.0000E+00       0.0000E+00
       2.4950E+00       0.0000E+00       0.0000E+00       1.8742E-05       3.7873E-05       9.5002E-08       0.0000E+00       1.2054E-06       0.0000E+00       0.0000E+00       0.0000E+00       0.0000E+00
       2.5050E+00       0.0000E+00       0.0000E+00       1.8742E-05       3.7873E-05       9.5004E-08       0.0000E+00       1.2053E-06       0.0000E+00       0.0000E+00       0.0000E+00       0.0000E+00
       2.5150E+00       0.0000E+00       0.0000E+00       1.8742E-05       3.7873E-05       9.5006E-08       0.0000E+00       1.2052E-06       0.0000E+00       0.0000E+00       0.0000E+00       0.0000E+00
       2.5250E+00       0.0000E+00       0.0000E+00       1.8742E-05       3.7873E-05       9.5008E-08       0.0000E+00       1.2051E-06       0.0000E+00       0.0000E+00       0.0000E+00       0.0000E+00
       2.5350E+00       0.0000E+00       0.0000E+00       1.8742E-05       3.7873E-05       9.5009E-08       0.0000E+00       1.2050E-06       0.0000E+00       0.0000E+00       0.0000E+00       0.0000E+00
       2.5450E+00       0.0000E+00       0.0000E+00       1.8742E-05       3.7873E-05       9.5011E-08       0.0000E+00       1.2050E-06       0.0000E+00       0.0000E+00       0.0000E+00       0.0000E+00
       2.5550E+00       0.0000E+00       0.0000E+00       1.8742E-05       3.7873E-05       9.5012E-08       0.0000E+00       1.2049E-06       0.0000E+00       0.0000E+00       0.0000E+00       0.0000E+00
       2.5650E+00       0.0000E+00       0.0000E+00       1.8742E-05       3.7873E-05       9.5014E-08       0.0000E+00       1.2048E-06       0.0000E+00       0.0000E+00       0.0000E+00       0.0000E+00
       2.5750E+00       0.0000E+00       0.0000E+00       1.8742E-05       3.7873E-05       9.5015E-08       0.0000E+00       1.2048E-06       0.0000E+00       0.0000E+00       0.0000E+00       0.0000E+00
       2.5850E+00       0.0000E+00       0.0000E+00       1.8742E-05       3.7873E-05       9.5017E-08       0.0000E+00       1.2047E-06       0.0000E+00       0.0000E+00       0.0000E+00       0.0000E+00
       2.5950E+00       0.0000E+00       0.0000E+00       1.8742E-05       3.7873E-05       9.5018E-08       0.0000E+00       1.2047E-06       0.0000E+00       0.0000E+00       0.0000E+00       0.0000E+00
       2.6050E+00       0.0000E+00       0.0000E+00       1.8742E-05       3.7873E-05       9.5019E-08       0.0000E+00       1.2046E-06       0.0000E+00       0.0000E+00       0.0000E+00       0.0000E+00
       2.6150E+00       0.0000E+00       0.0000E+00       1.8742E-05       3.7873E-05       9.5020E-08       0.0000E+00       1.2046E-06       0.0000E+00       0.0000E+00       0.0000E+00       0.0000E+00
       2.6250E+00       0.0000E+00       0.0000E+00       1.8742E-05       3.7873E-05       9.5021E-08       0.0000E+00       1.2046E-06       0.0000E+00       0.0000E+00       0.0000E+00       0.0000E+00
       2.6350E+00       0.0000E+00       0.0000E+00       1.8742E-05       3.7873E-05       9.5022E-08       0.0000E+00       1.2045E-06       0.0000E+00       0.0000E+00       0.0000E+00       0.0000E+00
       2.6450E+00       0.0000E+00       0.0000E+00       1.8742E-05       3.7873E-05       9.5023E-08       0.0000E+00       1.2045E-06       0.0000E+00       0.0000E+00       0.0000E+00       0.0000E+00
       2.6550E+00       0.0000E+00       0.0000E+00       1.8742E-05       3.7873E-05       9.5024E-08       0.0000E+00       1.2044E-06       0.0000E+00       0.0000E+00       0.0000E+00       0.0000E+00
       2.6650E+00       0.0000E+00       0.0000E+00       1.8742E-05       3.7873E-05       9.5025E-08       0.0000E+00       1.2044E-06       0.0000E+00       0.0000E+00       0.0000E+00       0.0000E+00
       2.6750E+00       0.0000E+00       0.0000E+00       1.8742E-05       3.7873E-05       9.5026E-08       0.0000E+00       1.2044E-06       0.0000E+00       0.0000E+00       0.0000E+00       0.0000E+00
       2.6850E+00       0.0000E+00       0.0000E+00       1.8742E-05       3.7873E-05       9.5027E-08       0.0000E+00       1.2043E-06       0.0000E+00       0.0000E+00       0.0000E+00       0.0000E+00
       2.6950E+00       0.0000E+00       0.0000E+00       1.8742E-05       3.7873E-05       9.5028E-08       0.0000E+00       1.2043E-06       0.0000E+00       0.0000E+00       0.0000E+00       0.0000E+00
       2.7050E+00       0.0000E+00       0.0000E+00       1.8742E-05       3.7873E-05       9.5029E-08       0.0000E+00       1.2043E-06       0.0000E+00       0.0000E+00       0.0000E+00       0.0000E+00
       2.7150E+00       0.0000E+00       0.0000E+00       1.8742E-05       3.7873E-05       9.5030E-08       0.0000E+00       1.2043E-06       0.0000E+00       0.0000E+00       0.0000E+00       0.0000E+00
       2.7250E+00       0.0000E+00       0.0000E+00       1.8742E-05       3.7873E-05       9.5030E-08       0.0000E+00       1.2043E-06       0.0000E+00       0.0000E+00       0.0000E+00       0.0000E+00
       2.7350E+00       0.0000E+00       0.0000E+00       1.8742E-05       3.7873E-05       9.5031E-08       0.0000E+00       1.2042E-06       0.0000E+00       0.0000E+00       0.0000E+00       0.0000E+00
       2.7450E+00       0.0000E+00       0.0000E+00       1.8742E-05       3.7873E-05       9.5032E-08       0.0000E+00       1.2042E-06       0.0000E+00       0.0000E+00       0.0000E+00       0.0000E+00
       2.7550E+00       0.0000E+00       0.0000E+00       1.8742E-05       3.7873E-05       9.5032E-08       0.0000E+00       1.2042E-06       0.0000E+00       0.0000E+00       0.0000E+00       0.0000E+00
       2.7650E+00       0.0000E+00       0.0000E+00       1.8742E-05       3.7873E-05       9.5033E-08       0.0000E+00       1.2042E-06       0.0000E+00       0.0000E+00       0.0000E+00       0.0000E+00
       2.7750E+00       0.0000E+00       0.0000E+00       1.8742E-05       3.7873E-05       9.5034E-08       0.0000E+00       1.2042E-06       0.0000E+00       0.0000E+00       0.0000E+00       0.0000E+00
       2.7850E+00       0.0000E+00       0.0000E+00       1.8742E-05       3.7873E-05       9.5034E-08       0.0000E+00       1.2042E-06       0.0000E+00       0.0000E+00       0.0000E+00       0.0000E+00
       2.7950E+00       0.0000E+00       0.0000E+00       1.8742E-05       3.7873E-05       9.5035E-08       0.0000E+00       1.2042E-06       0.0000E+00       0.0000E+00       0.0000E+00       0.0000E+00
       2.8050E+00       0.0000E+00       0.0000E+00       1.8742E-05       3.7873E-05       9.5035E-08       0.0000E+00       1.2041E-06       0.0000E+00       0.0000E+00       0.0000E+00       0.0000E+00
       2.8150E+00       0.0000E+00       0.0000E+00       1.8742E-05       3.7873E-05       9.5036E-08       0.0000E+00       1.2041E-06       0.0000E+00       0.0000E+00       0.0000E+00       0.0000E+00
       2.8250E+00       0.0000E+00       0.0000E+00       1.8742E-05       3.7873E-05       9.5036E-08       0.0000E+00       1.2041E-06       0.0000E+00       0.0000E+00       0.0000E+00       0.0000E+00
       2.8350E+00       0.0000E+00       0.0000E+00       1.8742E-05       3.7873E-05       9.5037E-08       0.0000E+00       1.2041E-06       0.0000E+00       0.0000E+00       0.0000E+00       0.0000E+00
       2.8450E+00       0.0000E+00       0.0000E+00       1.8742E-05       3.7873E-05       9.5037E-08       0.0000E+00       1.2041E-06       0.0000E+00       0.0000E+00       0.0000E+00       0.0000E+00
       2.8550E+00       0.0000E+00       0.0000E+00       1.8742E-05       3.7873E-05       9.5038E-08       0.0000E+00       1.2041E-06       0.0000E+00       0.0000E+00       0.0000E+00       0.0000E+00
       2.8650E+00       0.0000E+00       0.0000E+00       1.8742E-05       3.7873E-05       9.5038E-08       0.0000E+00       1.2041E-06       0.0000E+00       0.0000E+00       0.0000E+00       0.0000E+00
       2.8750E+00       0.0000E+00       0.0000E+00       1.8742E-05       3.7873E-05       9.5039E-08       0.0000E+00       1.2041E-06       0.0000E+00       0.0000E+00       0.0000E+00       0.0000E+00
       2.8850E+00       0.0000E+00       0.0000E+00       1.8742E-05       3.7873E-05       9.5039E-08       0.0000E+00       1.2041E-06       0.0000E+00       0.0000E+00       0.0000E+00       0.0000E+00
       2.8950E+00       0.0000E+00       0.0000E+00       1.8742E-05       3.7873E-05       9.5039E-08       0.0000E+00       1.2041E-06       0.0000E+00       0.0000E+00       0.0000E+00       0.0000E+00
       2.9050E+00       0.0000E+00       0.0000E+00       1.8742E-05       3.7873E-05       9.5040E-08       0.0000E+00       1.2041E-06       0.0000E+00       0.0000E+00       0.0000E+00       0.0000E+00
       2.9150E+00       0.0000E+00       0.0000E+00       1.8742E-05       3.7873E-05       9.5040E-08       0.0000E+00       1.2041E-06       0.0000E+00       0.0000E+00       0.0000E+00       0.0000E+00
       2.9250E+00       0.0000E+00       0.0000E+00       1.8742E-05       3.7873E-05       9.5040E-08       0.0000E+00       1.2041E-06       0.0000E+00       0.0000E+00       0.0000E+00       0.0000E+00
       2.9350E+00       0.0000E+00       0.0000E+00       1.8742E-05       3.7873E-05       9.5041E-08       0.0000E+00       1.2041E-06       0.0000E+00       0.0000E+00       0.0000E+00       0.0000E+00
       2.9450E+00       0.0000E+00       0.0000E+00       1.8742E-05       3.7873E-05       9.5041E-08       0.0000E+00       1.2041E-06       0.0000E+00       0.0000E+00       0.0000E+00       0.0000E+00
       2.9550E+00       0.0000E+00       0.0000E+00       1.8742E-05       3.7873E-05       9.5041E-08       0.0000E+00       1.2041E-06       0.0000E+00       0.0000E+00       0.0000E+00       0.0000E+00
       2.9650E+00       0.0000E+00       0.0000E+00       1.8742E-05       3.7873E-05       9.5042E-08       0.0000E+00       1.2041E-06       0.0000E+00       0.0000E+00       0.0000E+00       0.0000E+00
       2.9750E+00       0.0000E+00       0.0000E+00       1.8742E-05       3.7873E-05       9.5042E-08       0.0000E+00       1.2041E-06       0.0000E+00       0.0000E+00       0.0000E+00       0.0000E+00
       2.9850E+00       0.0000E+00       0.0000E+00       1.8742E-05       3.7873E-05       9.5042E-08       0.0000E+00       1.2041E-06       0.0000E+00       0.0000E+00       0.0000E+00       0.0000E+00
       2.9950E+00       0.0000E+00       0.0000E+00       1.8742E-05       3.7873E-05       9.5042E-08       0.0000E+00       1.2041E-06       0.0000E+00       0.0000E+00       0.0000E+00       0.0000E+00
