# Time          2.5000E+01
# Units: Mol/g solid
    Distance           H+               CO2(aq)          Mg++             Ca++             K+               SiO2(aq)         Na+              Al+++            Cl-              NO3-             Tracer       
       5.0000E-03       0.0000E+00       0.0000E+00       3.9555E-11       7.9824E-11       2.9579E-13       0.0000E+00       3.9207E-12       0.0000E+00       0.0000E+00       0.0000E+00       0.0000E+00
       1.5000E-02       0.0000E+00       0.0000E+00       3.9510E-11       7.9870E-11       2.9559E-13       0.0000E+00       3.9200E-12       0.0000E+00       0.0000E+00       0.0000E+00       0.0000E+00
       2.5000E-02       0.0000E+00       0.0000E+00       3.9468E-11       7.9913E-11       2.9540E-13       0.0000E+00       3.9193E-12       0.0000E+00       0.0000E+00       0.0000E+00       0.0000E+00
       3.5000E-02       0.0000E+00       0.0000E+00       3.9430E-11       7.9951E-11       2.9521E-13       0.0000E+00       3.9187E-12       0.0000E+00       0.0000E+00       0.0000E+00       0.0000E+00
       4.5000E-02       0.0000E+00       0.0000E+00       3.9398E-11       7.9983E-11       2.9502E-13       0.0000E+00       3.9181E-12       0.0000E+00       0.0000E+00       0.0000E+00       0.0000E+00
       5.5000E-02       0.0000E+00       0.0000E+00       3.9371E-11       8.0011E-11       2.9483E-13       0.0000E+00       3.9175E-12       0.0000E+00       0.0000E+00       0.0000E+00       0.0000E+00
       6.5000E-02       0.0000E+00       0.0000E+00       3.9350E-11       8.0032E-11       2.9464E-13       0.0000E+00       3.9170E-12       0.0000E+00       0.0000E+00       0.0000E+00       0.0000E+00
       7.5000E-02       0.0000E+00       0.0000E+00       3.9333E-11       8.0049E-11       2.9446E-13       0.0000E+00       3.9165E-12       0.0000E+00       0.0000E+00       0.0000E+00       0.0000E+00
       8.5000E-02       0.0000E+00       0.0000E+00       3.9321E-11       8.0062E-11       2.9428E-13       0.0000E+00       3.9160E-12       0.0000E+00       0.0000E+00       0.0000E+00       0.0000E+00
       9.5000E-02       0.0000E+00       0.0000E+00       3.9313E-11       8.0070E-11       2.9410E-13       0.0000E+00       3.9155E-12       0.0000E+00       0.0000E+00       0.0000E+00       0.0000E+00
       1.0500E-01       0.0000E+00       0.0000E+00       3.9307E-11       8.0076E-11       2.9391E-13       0.0000E+00       3.9151E-12       0.0000E+00       0.0000E+00       0.0000E+00       0.0000E+00
       1.1500E-01       0.0000E+00       0.0000E+00       3.9303E-11       8.0080E-11       2.9373E-13       0.0000E+00       3.9147E-12       0.0000E+00       0.0000E+00       0.0000E+00       0.0000E+00
       1.2500E-01       0.0000E+00       0.0000E+00       3.9301E-11       8.0083E-11       2.9355E-13       0.0000E+00       3.9142E-12       0.0000E+00       0.0000E+00       0.0000E+00       0.0000E+00
       1.3500E-01       0.0000E+00       0.0000E+00       3.9300E-11       8.0085E-11       2.9336E-13       0.0000E+00       3.9138E-12       0.0000E+00       0.0000E+00       0.0000E+00       0.0000E+00
       1.4500E-01       0.0000E+00       0.0000E+00       3.9299E-11       8.0086E-11       2.9318E-13       0.0000E+00       3.9135E-12       0.0000E+00       0.0000E+00       0.0000E+00       0.0000E+00
       1.5500E-01       0.0000E+00       0.0000E+00       3.9299E-11       8.0086E-11       2.9300E-13       0.0000E+00       3.9131E-12       0.0000E+00       0.0000E+00       0.0000E+00       0.0000E+00
       1.6500E-01       0.0000E+00       0.0000E+00       3.9299E-11       8.0087E-11       2.9281E-13       0.0000E+00       3.9127E-12       0.0000E+00       0.0000E+00       0.0000E+00       0.0000E+00
       1.7500E-01       0.0000E+00       0.0000E+00       3.9299E-11       8.0087E-11       2.9263E-13       0.0000E+00       3.9123E-12       0.0000E+00       0.0000E+00       0.0000E+00       0.0000E+00
       1.8500E-01       0.0000E+00       0.0000E+00       3.9299E-11       8.0087E-11       2.9244E-13       0.0000E+00       3.9120E-12       0.0000E+00       0.0000E+00       0.0000E+00       0.0000E+00
       1.9500E-01       0.0000E+00       0.0000E+00       3.9300E-11       8.0086E-11       2.9226E-13       0.0000E+00       3.9117E-12       0.0000E+00       0.0000E+00       0.0000E+00       0.0000E+00
       2.0500E-01       0.0000E+00       0.0000E+00       3.9301E-11       8.0086E-11       2.9209E-13       0.0000E+00       3.9114E-12       0.0000E+00       0.0000E+00       0.0000E+00       0.0000E+00
       2.1500E-01       0.0000E+00       0.0000E+00       3.9303E-11       8.0084E-11       2.9193E-13       0.0000E+00       3.9111E-12       0.0000E+00       0.0000E+00       0.0000E+00       0.0000E+00
       2.2500E-01       0.0000E+00       0.0000E+00       3.9306E-11       8.0081E-11       2.9178E-13       0.0000E+00       3.9108E-12       0.0000E+00       0.0000E+00       0.0000E+00       0.0000E+00
       2.3500E-01       0.0000E+00       0.0000E+00       3.9312E-11       8.0075E-11       2.9167E-13       0.0000E+00       3.9107E-12       0.0000E+00       0.0000E+00       0.0000E+00       0.0000E+00
       2.4500E-01       0.0000E+00       0.0000E+00       3.9321E-11       8.0066E-11       2.9159E-13       0.0000E+00       3.9106E-12       0.0000E+00       0.0000E+00       0.0000E+00       0.0000E+00
       2.5500E-01       0.0000E+00       0.0000E+00       1.8542E-05       3.7732E-05       1.3744E-07       0.0000E+00       1.8433E-06       0.0000E+00       0.0000E+00       0.0000E+00       0.0000E+00
       2.6500E-01       0.0000E+00       0.0000E+00       1.8550E-05       3.7725E-05       1.3743E-07       0.0000E+00       1.8434E-06       0.0000E+00       0.0000E+00       0.0000E+00       0.0000E+00
       2.7500E-01       0.0000E+00       0.0000E+00       1.8556E-05       3.7718E-05       1.3742E-07       0.0000E+00       1.8434E-06       0.0000E+00       0.0000E+00       0.0000E+00       0.0000E+00
       2.8500E-01       0.0000E+00       0.0000E+00       1.8563E-05       3.7712E-05       1.3741E-07       0.0000E+00       1.8434E-06       0.0000E+00       0.0000E+00       0.0000E+00       0.0000E+00
       2.9500E-01       0.0000E+00       0.0000E+00       1.8569E-05       3.7706E-05       1.3740E-07       0.0000E+00       1.8435E-06       0.0000E+00       0.0000E+00       0.0000E+00       0.0000E+00
       3.0500E-01       0.0000E+00       0.0000E+00       1.8574E-05       3.7701E-05       1.3738E-07       0.0000E+00       1.8435E-06       0.0000E+00       0.0000E+00       0.0000E+00       0.0000E+00
       3.1500E-01       0.0000E+00       0.0000E+00       1.8579E-05       3.7696E-05       1.3737E-07       0.0000E+00       1.8435E-06       0.0000E+00       0.0000E+00       0.0000E+00       0.0000E+00
       3.2500E-01       0.0000E+00       0.0000E+00       1.8583E-05       3.7691E-05       1.3736E-07       0.0000E+00       1.8435E-06       0.0000E+00       0.0000E+00       0.0000E+00       0.0000E+00
       3.3500E-01       0.0000E+00       0.0000E+00       1.8587E-05       3.7687E-05       1.3734E-07       0.0000E+00       1.8435E-06       0.0000E+00       0.0000E+00       0.0000E+00       0.0000E+00
       3.4500E-01       0.0000E+00       0.0000E+00       1.8590E-05       3.7684E-05       1.3732E-07       0.0000E+00       1.8435E-06       0.0000E+00       0.0000E+00       0.0000E+00       0.0000E+00
       3.5500E-01       0.0000E+00       0.0000E+00       1.8593E-05       3.7681E-05       1.3731E-07       0.0000E+00       1.8435E-06       0.0000E+00       0.0000E+00       0.0000E+00       0.0000E+00
       3.6500E-01       0.0000E+00       0.0000E+00       1.8596E-05       3.7679E-05       1.3729E-07       0.0000E+00       1.8435E-06       0.0000E+00       0.0000E+00       0.0000E+00       0.0000E+00
       3.7500E-01       0.0000E+00       0.0000E+00       1.8598E-05       3.7677E-05       1.3727E-07       0.0000E+00       1.8435E-06       0.0000E+00       0.0000E+00       0.0000E+00       0.0000E+00
       3.8500E-01       0.0000E+00       0.0000E+00       1.8600E-05       3.7675E-05       1.3725E-07       0.0000E+00       1.8435E-06       0.0000E+00       0.0000E+00       0.0000E+00       0.0000E+00
       3.9500E-01       0.0000E+00       0.0000E+00       1.8601E-05       3.7674E-05       1.3722E-07       0.0000E+00       1.8435E-06       0.0000E+00       0.0000E+00       0.0000E+00       0.0000E+00
       4.0500E-01       0.0000E+00       0.0000E+00       1.8602E-05       3.7672E-05       1.3720E-07       0.0000E+00       1.8435E-06       0.0000E+00       0.0000E+00       0.0000E+00       0.0000E+00
       4.1500E-01       0.0000E+00       0.0000E+00       1.8603E-05       3.7672E-05       1.3717E-07       0.0000E+00       1.8435E-06       0.0000E+00       0.0000E+00       0.0000E+00       0.0000E+00
       4.2500E-01       0.0000E+00       0.0000E+00       1.8604E-05       3.7671E-05       1.3715E-07       0.0000E+00       1.8435E-06       0.0000E+00       0.0000E+00       0.0000E+00       0.0000E+00
       4.3500E-01       0.0000E+00       0.0000E+00       1.8604E-05       3.7670E-05       1.3712E-07       0.0000E+00       1.8435E-06       0.0000E+00       0.0000E+00       0.0000E+00       0.0000E+00
       4.4500E-01       0.0000E+00       0.0000E+00       1.8605E-05       3.7670E-05       1.3709E-07       0.0000E+00       1.8435E-06       0.0000E+00       0.0000E+00       0.0000E+00       0.0000E+00
       4.5500E-01       0.0000E+00       0.0000E+00       1.8605E-05       3.7670E-05       1.3706E-07       0.0000E+00       1.8435E-06       0.0000E+00       0.0000E+00       0.0000E+00       0.0000E+00
       4.6500E-01       0.0000E+00       0.0000E+00       1.8605E-05       3.7669E-05       1.3702E-07       0.0000E+00       1.8435E-06       0.0000E+00       0.0000E+00       0.0000E+00       0.0000E+00
       4.7500E-01       0.0000E+00       0.0000E+00       1.8606E-05       3.7669E-05       1.3699E-07       0.0000E+00       1.8434E-06       0.0000E+00       0.0000E+00       0.0000E+00       0.0000E+00
       4.8500E-01       0.0000E+00       0.0000E+00       1.8606E-05       3.7669E-05       1.3695E-07       0.0000E+00       1.8434E-06       0.0000E+00       0.0000E+00       0.0000E+00       0.0000E+00
       4.9500E-01       0.0000E+00       0.0000E+00       1.8606E-05       3.7669E-05       1.3691E-07       0.0000E+00       1.8434E-06       0.0000E+00       0.0000E+00       0.0000E+00       0.0000E+00
       5.0500E-01       0.0000E+00       0.0000E+00       1.8606E-05       3.7669E-05       1.3687E-07       0.0000E+00       1.8434E-06       0.0000E+00       0.0000E+00       0.0000E+00       0.0000E+00
       5.1500E-01       0.0000E+00       0.0000E+00       1.8606E-05       3.7669E-05       1.3683E-07       0.0000E+00       1.8434E-06       0.0000E+00       0.0000E+00       0.0000E+00       0.0000E+00
       5.2500E-01       0.0000E+00       0.0000E+00       1.8606E-05       3.7669E-05       1.3678E-07       0.0000E+00       1.8433E-06       0.0000E+00       0.0000E+00       0.0000E+00       0.0000E+00
       5.3500E-01       0.0000E+00       0.0000E+00       1.8606E-05       3.7669E-05       1.3674E-07       0.0000E+00       1.8433E-06       0.0000E+00       0.0000E+00       0.0000E+00       0.0000E+00
       5.4500E-01       0.0000E+00       0.0000E+00       1.8606E-05       3.7669E-05       1.3669E-07       0.0000E+00       1.8433E-06       0.0000E+00       0.0000E+00       0.0000E+00       0.0000E+00
       5.5500E-01       0.0000E+00       0.0000E+00       1.8606E-05       3.7669E-05       1.3663E-07       0.0000E+00       1.8433E-06       0.0000E+00       0.0000E+00       0.0000E+00       0.0000E+00
       5.6500E-01       0.0000E+00       0.0000E+00       1.8606E-05       3.7669E-05       1.3658E-07       0.0000E+00       1.8432E-06       0.0000E+00       0.0000E+00       0.0000E+00       0.0000E+00
       5.7500E-01       0.0000E+00       0.0000E+00       1.8606E-05       3.7669E-05       1.3652E-07       0.0000E+00       1.8432E-06       0.0000E+00       0.0000E+00       0.0000E+00       0.0000E+00
       5.8500E-01       0.0000E+00       0.0000E+00       1.8606E-05       3.7669E-05       1.3646E-07       0.0000E+00       1.8432E-06       0.0000E+00       0.0000E+00       0.0000E+00       0.0000E+00
       5.9500E-01       0.0000E+00       0.0000E+00       1.8606E-05       3.7669E-05       1.3640E-07       0.0000E+00       1.8432E-06       0.0000E+00       0.0000E+00       0.0000E+00       0.0000E+00
       6.0500E-01       0.0000E+00       0.0000E+00       1.8606E-05       3.7669E-05       1.3633E-07       0.0000E+00       1.8431E-06       0.0000E+00       0.0000E+00       0.0000E+00       0.0000E+00
       6.1500E-01       0.0000E+00       0.0000E+00       1.8606E-05       3.7669E-05       1.3626E-07       0.0000E+00       1.8431E-06       0.0000E+00       0.0000E+00       0.0000E+00       0.0000E+00
       6.2500E-01       0.0000E+00       0.0000E+00       1.8606E-05       3.7669E-05       1.3619E-07       0.0000E+00       1.8431E-06       0.0000E+00       0.0000E+00       0.0000E+00       0.0000E+00
       6.3500E-01       0.0000E+00       0.0000E+00       1.8606E-05       3.7669E-05       1.3611E-07       0.0000E+00       1.8430E-06       0.0000E+00       0.0000E+00       0.0000E+00       0.0000E+00
       6.4500E-01       0.0000E+00       0.0000E+00       1.8606E-05       3.7669E-05       1.3603E-07       0.0000E+00       1.8430E-06       0.0000E+00       0.0000E+00       0.0000E+00       0.0000E+00
       6.5500E-01       0.0000E+00       0.0000E+00       1.8606E-05       3.7669E-05       1.3595E-07       0.0000E+00       1.8429E-06       0.0000E+00       0.0000E+00       0.0000E+00       0.0000E+00
       6.6500E-01       0.0000E+00       0.0000E+00       1.8606E-05       3.7669E-05       1.3586E-07       0.0000E+00       1.8429E-06       0.0000E+00       0.0000E+00       0.0000E+00       0.0000E+00
       6.7500E-01       0.0000E+00       0.0000E+00       1.8606E-05       3.7669E-05       1.3577E-07       0.0000E+00       1.8429E-06       0.0000E+00       0.0000E+00       0.0000E+00       0.0000E+00
       6.8500E-01       0.0000E+00       0.0000E+00       1.8606E-05       3.7669E-05       1.3568E-07       0.0000E+00       1.8428E-06       0.0000E+00       0.0000E+00       0.0000E+00       0.0000E+00
       6.9500E-01       0.0000E+00       0.0000E+00       1.8606E-05       3.7669E-05       1.3558E-07       0.0000E+00       1.8428E-06       0.0000E+00       0.0000E+00       0.0000E+00       0.0000E+00
       7.0500E-01       0.0000E+00       0.0000E+00       1.8606E-05       3.7669E-05       1.3547E-07       0.0000E+00       1.8427E-06       0.0000E+00       0.0000E+00       0.0000E+00       0.0000E+00
       7.1500E-01       0.0000E+00       0.0000E+00       1.8606E-05       3.7670E-05       1.3537E-07       0.0000E+00       1.8427E-06       0.0000E+00       0.0000E+00       0.0000E+00       0.0000E+00
       7.2500E-01       0.0000E+00       0.0000E+00       1.8606E-05       3.7670E-05       1.3525E-07       0.0000E+00       1.8426E-06       0.0000E+00       0.0000E+00       0.0000E+00       0.0000E+00
       7.3500E-01       0.0000E+00       0.0000E+00       1.8607E-05       3.7670E-05       1.3514E-07       0.0000E+00       1.8425E-06       0.0000E+00       0.0000E+00       0.0000E+00       0.0000E+00
       7.4500E-01       0.0000E+00       0.0000E+00       1.8607E-05       3.7670E-05       1.3501E-07       0.0000E+00       1.8425E-06       0.0000E+00       0.0000E+00       0.0000E+00       0.0000E+00
       7.5500E-01       0.0000E+00       0.0000E+00       1.8607E-05       3.7670E-05       1.3489E-07       0.0000E+00       1.8424E-06       0.0000E+00       0.0000E+00       0.0000E+00       0.0000E+00
       7.6500E-01       0.0000E+00       0.0000E+00       1.8607E-05       3.7670E-05       1.3476E-07       0.0000E+00       1.8424E-06       0.0000E+00       0.0000E+00       0.0000E+00       0.0000E+00
       7.7500E-01       0.0000E+00       0.0000E+00       1.8607E-05       3.7670E-05       1.3462E-07       0.0000E+00       1.8423E-06       0.0000E+00       0.0000E+00       0.0000E+00       0.0000E+00
       7.8500E-01       0.0000E+00       0.0000E+00       1.8607E-05       3.7670E-05       1.3448E-07       0.0000E+00       1.8422E-06       0.0000E+00       0.0000E+00       0.0000E+00       0.0000E+00
       7.9500E-01       0.0000E+00       0.0000E+00       1.8607E-05       3.7670E-05       1.3433E-07       0.0000E+00       1.8421E-06       0.0000E+00       0.0000E+00       0.0000E+00       0.0000E+00
       8.0500E-01       0.0000E+00       0.0000E+00       1.8607E-05       3.7670E-05       1.3417E-07       0.0000E+00       1.8421E-06       0.0000E+00       0.0000E+00       0.0000E+00       0.0000E+00
       8.1500E-01       0.0000E+00       0.0000E+00       1.8607E-05       3.7670E-05       1.3401E-07       0.0000E+00       1.8420E-06       0.0000E+00       0.0000E+00       0.0000E+00       0.0000E+00
       8.2500E-01       0.0000E+00       0.0000E+00       1.8607E-05       3.7670E-05       1.3385E-07       0.0000E+00       1.8419E-06       0.0000E+00       0.0000E+00       0.0000E+00       0.0000E+00
       8.3500E-01       0.0000E+00       0.0000E+00       1.8607E-05       3.7670E-05       1.3368E-07       0.0000E+00       1.8418E-06       0.0000E+00       0.0000E+00       0.0000E+00       0.0000E+00
       8.4500E-01       0.0000E+00       0.0000E+00       1.8607E-05       3.7670E-05       1.3350E-07       0.0000E+00       1.8417E-06       0.0000E+00       0.0000E+00       0.0000E+00       0.0000E+00
       8.5500E-01       0.0000E+00       0.0000E+00       1.8607E-05       3.7670E-05       1.3332E-07       0.0000E+00       1.8416E-06       0.0000E+00       0.0000E+00       0.0000E+00       0.0000E+00
       8.6500E-01       0.0000E+00       0.0000E+00       1.8607E-05       3.7671E-05       1.3313E-07       0.0000E+00       1.8415E-06       0.0000E+00       0.0000E+00       0.0000E+00       0.0000E+00
       8.7500E-01       0.0000E+00       0.0000E+00       1.8607E-05       3.7671E-05       1.3293E-07       0.0000E+00       1.8414E-06       0.0000E+00       0.0000E+00       0.0000E+00       0.0000E+00
       8.8500E-01       0.0000E+00       0.0000E+00       1.8607E-05       3.7671E-05       1.3273E-07       0.0000E+00       1.8413E-06       0.0000E+00       0.0000E+00       0.0000E+00       0.0000E+00
       8.9500E-01       0.0000E+00       0.0000E+00       1.8607E-05       3.7671E-05       1.3252E-07       0.0000E+00       1.8412E-06       0.0000E+00       0.0000E+00       0.0000E+00       0.0000E+00
       9.0500E-01       0.0000E+00       0.0000E+00       1.8607E-05       3.7671E-05       1.3230E-07       0.0000E+00       1.8411E-06       0.0000E+00       0.0000E+00       0.0000E+00       0.0000E+00
       9.1500E-01       0.0000E+00       0.0000E+00       1.8607E-05       3.7671E-05       1.3208E-07       0.0000E+00       1.8410E-06       0.0000E+00       0.0000E+00       0.0000E+00       0.0000E+00
       9.2500E-01       0.0000E+00       0.0000E+00       1.8608E-05       3.7671E-05       1.3185E-07       0.0000E+00       1.8409E-06       0.0000E+00       0.0000E+00       0.0000E+00       0.0000E+00
       9.3500E-01       0.0000E+00       0.0000E+00       1.8608E-05       3.7671E-05       1.3161E-07       0.0000E+00       1.8407E-06       0.0000E+00       0.0000E+00       0.0000E+00       0.0000E+00
       9.4500E-01       0.0000E+00       0.0000E+00       1.8608E-05       3.7671E-05       1.3137E-07       0.0000E+00       1.8406E-06       0.0000E+00       0.0000E+00       0.0000E+00       0.0000E+00
       9.5500E-01       0.0000E+00       0.0000E+00       1.8608E-05       3.7671E-05       1.3112E-07       0.0000E+00       1.8405E-06       0.0000E+00       0.0000E+00       0.0000E+00       0.0000E+00
       9.6500E-01       0.0000E+00       0.0000E+00       1.8608E-05       3.7672E-05       1.3086E-07       0.0000E+00       1.8403E-06       0.0000E+00       0.0000E+00       0.0000E+00       0.0000E+00
       9.7500E-01       0.0000E+00       0.0000E+00       1.8608E-05       3.7672E-05       1.3059E-07       0.0000E+00       1.8402E-06       0.0000E+00       0.0000E+00       0.0000E+00       0.0000E+00
       9.8500E-01       0.0000E+00       0.0000E+00       1.8608E-05       3.7672E-05       1.3032E-07       0.0000E+00       1.8400E-06       0.0000E+00       0.0000E+00       0.0000E+00       0.0000E+00
       9.9500E-01       0.0000E+00       0.0000E+00       1.8608E-05       3.7672E-05       1.3004E-07       0.0000E+00       1.8399E-06       0.0000E+00       0.0000E+00       0.0000E+00       0.0000E+00
       1.0050E+00       0.0000E+00       0.0000E+00       1.8608E-05       3.7672E-05       1.2975E-07       0.0000E+00       1.8397E-06       0.0000E+00       0.0000E+00       0.0000E+00       0.0000E+00
       1.0150E+00       0.0000E+00       0.0000E+00       1.8608E-05       3.7672E-05       1.2945E-07       0.0000E+00       1.8396E-06       0.0000E+00       0.0000E+00       0.0000E+00       0.0000E+00
       1.0250E+00       0.0000E+00       0.0000E+00       1.8608E-05       3.7672E-05       1.2915E-07       0.0000E+00       1.8394E-06       0.0000E+00       0.0000E+00       0.0000E+00       0.0000E+00
       1.0350E+00       0.0000E+00       0.0000E+00       1.8608E-05       3.7673E-05       1.2884E-07       0.0000E+00       1.8392E-06       0.0000E+00       0.0000E+00       0.0000E+00       0.0000E+00
       1.0450E+00       0.0000E+00       0.0000E+00       1.8609E-05       3.7673E-05       1.2852E-07       0.0000E+00       1.8390E-06       0.0000E+00       0.0000E+00       0.0000E+00       0.0000E+00
       1.0550E+00       0.0000E+00       0.0000E+00       1.8609E-05       3.7673E-05       1.2820E-07       0.0000E+00       1.8389E-06       0.0000E+00       0.0000E+00       0.0000E+00       0.0000E+00
       1.0650E+00       0.0000E+00       0.0000E+00       1.8609E-05       3.7673E-05       1.2787E-07       0.0000E+00       1.8387E-06       0.0000E+00       0.0000E+00       0.0000E+00       0.0000E+00
       1.0750E+00       0.0000E+00       0.0000E+00       1.8609E-05       3.7673E-05       1.2753E-07       0.0000E+00       1.8385E-06       0.0000E+00       0.0000E+00       0.0000E+00       0.0000E+00
       1.0850E+00       0.0000E+00       0.0000E+00       1.8609E-05       3.7673E-05       1.2718E-07       0.0000E+00       1.8383E-06       0.0000E+00       0.0000E+00       0.0000E+00       0.0000E+00
       1.0950E+00       0.0000E+00       0.0000E+00       1.8609E-05       3.7673E-05       1.2683E-07       0.0000E+00       1.8381E-06       0.0000E+00       0.0000E+00       0.0000E+00       0.0000E+00
       1.1050E+00       0.0000E+00       0.0000E+00       1.8609E-05       3.7674E-05       1.2647E-07       0.0000E+00       1.8378E-06       0.0000E+00       0.0000E+00       0.0000E+00       0.0000E+00
       1.1150E+00       0.0000E+00       0.0000E+00       1.8609E-05       3.7674E-05       1.2610E-07       0.0000E+00       1.8376E-06       0.0000E+00       0.0000E+00       0.0000E+00       0.0000E+00
       1.1250E+00       0.0000E+00       0.0000E+00       1.8609E-05       3.7674E-05       1.2572E-07       0.0000E+00       1.8374E-06       0.0000E+00       0.0000E+00       0.0000E+00       0.0000E+00
       1.1350E+00       0.0000E+00       0.0000E+00       1.8610E-05       3.7674E-05       1.2534E-07       0.0000E+00       1.8372E-06       0.0000E+00       0.0000E+00       0.0000E+00       0.0000E+00
       1.1450E+00       0.0000E+00       0.0000E+00       1.8610E-05       3.7674E-05       1.2496E-07       0.0000E+00       1.8369E-06       0.0000E+00       0.0000E+00       0.0000E+00       0.0000E+00
       1.1550E+00       0.0000E+00       0.0000E+00       1.8610E-05       3.7675E-05       1.2456E-07       0.0000E+00       1.8367E-06       0.0000E+00       0.0000E+00       0.0000E+00       0.0000E+00
       1.1650E+00       0.0000E+00       0.0000E+00       1.8610E-05       3.7675E-05       1.2416E-07       0.0000E+00       1.8364E-06       0.0000E+00       0.0000E+00       0.0000E+00       0.0000E+00
       1.1750E+00       0.0000E+00       0.0000E+00       1.8610E-05       3.7675E-05       1.2375E-07       0.0000E+00       1.8362E-06       0.0000E+00       0.0000E+00       0.0000E+00       0.0000E+00
       1.1850E+00       0.0000E+00       0.0000E+00       1.8610E-05       3.7675E-05       1.2334E-07       0.0000E+00       1.8359E-06       0.0000E+00       0.0000E+00       0.0000E+00       0.0000E+00
       1.1950E+00       0.0000E+00       0.0000E+00       1.8610E-05       3.7675E-05       1.2292E-07       0.0000E+00       1.8356E-06       0.0000E+00       0.0000E+00       0.0000E+00       0.0000E+00
       1.2050E+00       0.0000E+00       0.0000E+00       1.8611E-05       3.7676E-05       1.2249E-07       0.0000E+00       1.8353E-06       0.0000E+00       0.0000E+00       0.0000E+00       0.0000E+00
       1.2150E+00       0.0000E+00       0.0000E+00       1.8611E-05       3.7676E-05       1.2206E-07       0.0000E+00       1.8351E-06       0.0000E+00       0.0000E+00       0.0000E+00       0.0000E+00
       1.2250E+00       0.0000E+00       0.0000E+00       1.8611E-05       3.7676E-05       1.2162E-07       0.0000E+00       1.8348E-06       0.0000E+00       0.0000E+00       0.0000E+00       0.0000E+00
       1.2350E+00       0.0000E+00       0.0000E+00       1.8611E-05       3.7676E-05       1.2118E-07       0.0000E+00       1.8345E-06       0.0000E+00       0.0000E+00       0.0000E+00       0.0000E+00
       1.2450E+00       0.0000E+00       0.0000E+00       1.8611E-05       3.7676E-05       1.2074E-07       0.0000E+00       1.8342E-06       0.0000E+00       0.0000E+00       0.0000E+00       0.0000E+00
       1.2550E+00       0.0000E+00       0.0000E+00       1.8611E-05       3.7677E-05       1.2028E-07       0.0000E+00       1.8338E-06       0.0000E+00       0.0000E+00       0.0000E+00       0.0000E+00
       1.2650E+00       0.0000E+00       0.0000E+00       1.8611E-05       3.7677E-05       1.1983E-07       0.0000E+00       1.8335E-06       0.0000E+00       0.0000E+00       0.0000E+00       0.0000E+00
       1.2750E+00       0.0000E+00       0.0000E+00       1.8612E-05       3.7677E-05       1.1937E-07       0.0000E+00       1.8332E-06       0.0000E+00       0.0000E+00       0.0000E+00       0.0000E+00
       1.2850E+00       0.0000E+00       0.0000E+00       1.8612E-05       3.7677E-05       1.1890E-07       0.0000E+00       1.8328E-06       0.0000E+00       0.0000E+00       0.0000E+00       0.0000E+00
       1.2950E+00       0.0000E+00       0.0000E+00       1.8612E-05       3.7678E-05       1.1843E-07       0.0000E+00       1.8325E-06       0.0000E+00       0.0000E+00       0.0000E+00       0.0000E+00
       1.3050E+00       0.0000E+00       0.0000E+00       1.8612E-05       3.7678E-05       1.1796E-07       0.0000E+00       1.8321E-06       0.0000E+00       0.0000E+00       0.0000E+00       0.0000E+00
       1.3150E+00       0.0000E+00       0.0000E+00       1.8612E-05       3.7678E-05       1.1749E-07       0.0000E+00       1.8318E-06       0.0000E+00       0.0000E+00       0.0000E+00       0.0000E+00
       1.3250E+00       0.0000E+00       0.0000E+00       1.8612E-05       3.7678E-05       1.1701E-07       0.0000E+00       1.8314E-06       0.0000E+00       0.0000E+00       0.0000E+00       0.0000E+00
       1.3350E+00       0.0000E+00       0.0000E+00       1.8613E-05       3.7679E-05       1.1652E-07       0.0000E+00       1.8310E-06       0.0000E+00       0.0000E+00       0.0000E+00       0.0000E+00
       1.3450E+00       0.0000E+00       0.0000E+00       1.8613E-05       3.7679E-05       1.1604E-07       0.0000E+00       1.8306E-06       0.0000E+00       0.0000E+00       0.0000E+00       0.0000E+00
       1.3550E+00       0.0000E+00       0.0000E+00       1.8613E-05       3.7679E-05       1.1555E-07       0.0000E+00       1.8302E-06       0.0000E+00       0.0000E+00       0.0000E+00       0.0000E+00
       1.3650E+00       0.0000E+00       0.0000E+00       1.8613E-05       3.7679E-05       1.1506E-07       0.0000E+00       1.8298E-06       0.0000E+00       0.0000E+00       0.0000E+00       0.0000E+00
       1.3750E+00       0.0000E+00       0.0000E+00       1.8613E-05       3.7680E-05       1.1457E-07       0.0000E+00       1.8294E-06       0.0000E+00       0.0000E+00       0.0000E+00       0.0000E+00
       1.3850E+00       0.0000E+00       0.0000E+00       1.8613E-05       3.7680E-05       1.1408E-07       0.0000E+00       1.8290E-06       0.0000E+00       0.0000E+00       0.0000E+00       0.0000E+00
       1.3950E+00       0.0000E+00       0.0000E+00       1.8614E-05       3.7680E-05       1.1359E-07       0.0000E+00       1.8285E-06       0.0000E+00       0.0000E+00       0.0000E+00       0.0000E+00
       1.4050E+00       0.0000E+00       0.0000E+00       1.8614E-05       3.7681E-05       1.1310E-07       0.0000E+00       1.8281E-06       0.0000E+00       0.0000E+00       0.0000E+00       0.0000E+00
       1.4150E+00       0.0000E+00       0.0000E+00       1.8614E-05       3.7681E-05       1.1260E-07       0.0000E+00       1.8276E-06       0.0000E+00       0.0000E+00       0.0000E+00       0.0000E+00
       1.4250E+00       0.0000E+00       0.0000E+00       1.8614E-05       3.7681E-05       1.1211E-07       0.0000E+00       1.8272E-06       0.0000E+00       0.0000E+00       0.0000E+00       0.0000E+00
       1.4350E+00       0.0000E+00       0.0000E+00       1.8614E-05       3.7681E-05       1.1161E-07       0.0000E+00       1.8267E-06       0.0000E+00       0.0000E+00       0.0000E+00       0.0000E+00
       1.4450E+00       0.0000E+00       0.0000E+00       1.8615E-05       3.7682E-05       1.1112E-07       0.0000E+00       1.8262E-06       0.0000E+00       0.0000E+00       0.0000E+00       0.0000E+00
       1.4550E+00       0.0000E+00       0.0000E+00       1.8615E-05       3.7682E-05       1.1062E-07       0.0000E+00       1.8257E-06       0.0000E+00       0.0000E+00       0.0000E+00       0.0000E+00
       1.4650E+00       0.0000E+00       0.0000E+00       1.8615E-05       3.7682E-05       1.1013E-07       0.0000E+00       1.8252E-06       0.0000E+00       0.0000E+00       0.0000E+00       0.0000E+00
       1.4750E+00       0.0000E+00       0.0000E+00       1.8615E-05       3.7683E-05       1.0964E-07       0.0000E+00       1.8247E-06       0.0000E+00       0.0000E+00       0.0000E+00       0.0000E+00
       1.4850E+00       0.0000E+00       0.0000E+00       1.8615E-05       3.7683E-05       1.0915E-07       0.0000E+00       1.8241E-06       0.0000E+00       0.0000E+00       0.0000E+00       0.0000E+00
       1.4950E+00       0.0000E+00       0.0000E+00       1.8616E-05       3.7683E-05       1.0866E-07       0.0000E+00       1.8236E-06       0.0000E+00       0.0000E+00       0.0000E+00       0.0000E+00
       1.5050E+00       0.0000E+00       0.0000E+00       1.8616E-05       3.7684E-05       1.0817E-07       0.0000E+00       1.8230E-06       0.0000E+00       0.0000E+00       0.0000E+00       0.0000E+00
       1.5150E+00       0.0000E+00       0.0000E+00       1.8616E-05       3.7684E-05       1.0768E-07       0.0000E+00       1.8224E-06       0.0000E+00       0.0000E+00       0.0000E+00       0.0000E+00
       1.5250E+00       0.0000E+00       0.0000E+00       1.8616E-05       3.7684E-05       1.0720E-07       0.0000E+00       1.8219E-06       0.0000E+00       0.0000E+00       0.0000E+00       0.0000E+00
       1.5350E+00       0.0000E+00       0.0000E+00       1.8617E-05       3.7684E-05       1.0672E-07       0.0000E+00       1.8213E-06       0.0000E+00       0.0000E+00       0.0000E+00       0.0000E+00
       1.5450E+00       0.0000E+00       0.0000E+00       1.8617E-05       3.7685E-05       1.0625E-07       0.0000E+00       1.8207E-06       0.0000E+00       0.0000E+00       0.0000E+00       0.0000E+00
       1.5550E+00       0.0000E+00       0.0000E+00       1.8617E-05       3.7685E-05       1.0577E-07       0.0000E+00       1.8200E-06       0.0000E+00       0.0000E+00       0.0000E+00       0.0000E+00
       1.5650E+00       0.0000E+00       0.0000E+00       1.8617E-05       3.7685E-05       1.0530E-07       0.0000E+00       1.8194E-06       0.0000E+00       0.0000E+00       0.0000E+00       0.0000E+00
       1.5750E+00       0.0000E+00       0.0000E+00       1.8617E-05       3.7686E-05       1.0484E-07       0.0000E+00       1.8188E-06       0.0000E+00       0.0000E+00       0.0000E+00       0.0000E+00
       1.5850E+00       0.0000E+00       0.0000E+00       1.8618E-05       3.7686E-05       1.0437E-07       0.0000E+00       1.8181E-06       0.0000E+00       0.0000E+00       0.0000E+00       0.0000E+00
       1.5950E+00       0.0000E+00       0.0000E+00       1.8618E-05       3.7686E-05       1.0392E-07       0.0000E+00       1.8174E-06       0.0000E+00       0.0000E+00       0.0000E+00       0.0000E+00
       1.6050E+00       0.0000E+00       0.0000E+00       1.8618E-05       3.7687E-05       1.0346E-07       0.0000E+00       1.8167E-06       0.0000E+00       0.0000E+00       0.0000E+00       0.0000E+00
       1.6150E+00       0.0000E+00       0.0000E+00       1.8618E-05       3.7687E-05       1.0301E-07       0.0000E+00       1.8160E-06       0.0000E+00       0.0000E+00       0.0000E+00       0.0000E+00
       1.6250E+00       0.0000E+00       0.0000E+00       1.8619E-05       3.7688E-05       1.0257E-07       0.0000E+00       1.8153E-06       0.0000E+00       0.0000E+00       0.0000E+00       0.0000E+00
       1.6350E+00       0.0000E+00       0.0000E+00       1.8619E-05       3.7688E-05       1.0213E-07       0.0000E+00       1.8146E-06       0.0000E+00       0.0000E+00       0.0000E+00       0.0000E+00
       1.6450E+00       0.0000E+00       0.0000E+00       1.8619E-05       3.7688E-05       1.0170E-07       0.0000E+00       1.8138E-06       0.0000E+00       0.0000E+00       0.0000E+00       0.0000E+00
       1.6550E+00       0.0000E+00       0.0000E+00       1.8619E-05       3.7689E-05       1.0127E-07       0.0000E+00       1.8130E-06       0.0000E+00       0.0000E+00       0.0000E+00       0.0000E+00
       1.6650E+00       0.0000E+00       0.0000E+00       1.8619E-05       3.7689E-05       1.0085E-07       0.0000E+00       1.8122E-06       0.0000E+00       0.0000E+00       0.0000E+00       0.0000E+00
       1.6750E+00       0.0000E+00       0.0000E+00       1.8620E-05       3.7689E-05       1.0043E-07       0.0000E+00       1.8114E-06       0.0000E+00       0.0000E+00       0.0000E+00       0.0000E+00
       1.6850E+00       0.0000E+00       0.0000E+00       1.8620E-05       3.7690E-05       1.0002E-07       0.0000E+00       1.8106E-06       0.0000E+00       0.0000E+00       0.0000E+00       0.0000E+00
       1.6950E+00       0.0000E+00       0.0000E+00       1.8620E-05       3.7690E-05       9.9612E-08       0.0000E+00       1.8098E-06       0.0000E+00       0.0000E+00       0.0000E+00       0.0000E+00
       1.7050E+00       0.0000E+00       0.0000E+00       1.8620E-05       3.7690E-05       9.9213E-08       0.0000E+00       1.8089E-06       0.0000E+00       0.0000E+00       0.0000E+00       0.0000E+00
       1.7150E+00       0.0000E+00       0.0000E+00       1.8621E-05       3.7691E-05       9.8821E-08       0.0000E+00       1.8081E-06       0.0000E+00       0.0000E+00       0.0000E+00       0.0000E+00
       1.7250E+00       0.0000E+00       0.0000E+00       1.8621E-05       3.7691E-05       9.8435E-08       0.0000E+00       1.8072E-06       0.0000E+00       0.0000E+00       0.0000E+00       0.0000E+00
       1.7350E+00       0.0000E+00       0.0000E+00       1.8621E-05       3.7692E-05       9.8055E-08       0.0000E+00       1.8062E-06       0.0000E+00       0.0000E+00       0.0000E+00       0.0000E+00
       1.7450E+00       0.0000E+00       0.0000E+00       1.8622E-05       3.7692E-05       9.7682E-08       0.0000E+00       1.8053E-06       0.0000E+00       0.0000E+00       0.0000E+00       0.0000E+00
       1.7550E+00       0.0000E+00       0.0000E+00       1.8622E-05       3.7692E-05       9.7316E-08       0.0000E+00       1.8044E-06       0.0000E+00       0.0000E+00       0.0000E+00       0.0000E+00
       1.7650E+00       0.0000E+00       0.0000E+00       1.8622E-05       3.7693E-05       9.6957E-08       0.0000E+00       1.8034E-06       0.0000E+00       0.0000E+00       0.0000E+00       0.0000E+00
       1.7750E+00       0.0000E+00       0.0000E+00       1.8622E-05       3.7693E-05       9.6604E-08       0.0000E+00       1.8024E-06       0.0000E+00       0.0000E+00       0.0000E+00       0.0000E+00
       1.7850E+00       0.0000E+00       0.0000E+00       1.8623E-05       3.7694E-05       9.6259E-08       0.0000E+00       1.8014E-06       0.0000E+00       0.0000E+00       0.0000E+00       0.0000E+00
       1.7950E+00       0.0000E+00       0.0000E+00       1.8623E-05       3.7694E-05       9.5920E-08       0.0000E+00       1.8004E-06       0.0000E+00       0.0000E+00       0.0000E+00       0.0000E+00
       1.8050E+00       0.0000E+00       0.0000E+00       1.8623E-05       3.7694E-05       9.5589E-08       0.0000E+00       1.7993E-06       0.0000E+00       0.0000E+00       0.0000E+00       0.0000E+00
       1.8150E+00       0.0000E+00       0.0000E+00       1.8623E-05       3.7695E-05       9.5265E-08       0.0000E+00       1.7982E-06       0.0000E+00       0.0000E+00       0.0000E+00       0.0000E+00
       1.8250E+00       0.0000E+00       0.0000E+00       1.8624E-05       3.7695E-05       9.4947E-08       0.0000E+00       1.7972E-06       0.0000E+00       0.0000E+00       0.0000E+00       0.0000E+00
       1.8350E+00       0.0000E+00       0.0000E+00       1.8624E-05       3.7696E-05       9.4638E-08       0.0000E+00       1.7960E-06       0.0000E+00       0.0000E+00       0.0000E+00       0.0000E+00
       1.8450E+00       0.0000E+00       0.0000E+00       1.8624E-05       3.7696E-05       9.4335E-08       0.0000E+00       1.7949E-06       0.0000E+00       0.0000E+00       0.0000E+00       0.0000E+00
       1.8550E+00       0.0000E+00       0.0000E+00       1.8625E-05       3.7697E-05       9.4040E-08       0.0000E+00       1.7937E-06       0.0000E+00       0.0000E+00       0.0000E+00       0.0000E+00
       1.8650E+00       0.0000E+00       0.0000E+00       1.8625E-05       3.7697E-05       9.3751E-08       0.0000E+00       1.7926E-06       0.0000E+00       0.0000E+00       0.0000E+00       0.0000E+00
       1.8750E+00       0.0000E+00       0.0000E+00       1.8625E-05       3.7697E-05       9.3471E-08       0.0000E+00       1.7914E-06       0.0000E+00       0.0000E+00       0.0000E+00       0.0000E+00
       1.8850E+00       0.0000E+00       0.0000E+00       1.8625E-05       3.7698E-05       9.3197E-08       0.0000E+00       1.7901E-06       0.0000E+00       0.0000E+00       0.0000E+00       0.0000E+00
       1.8950E+00       0.0000E+00       0.0000E+00       1.8626E-05       3.7698E-05       9.2930E-08       0.0000E+00       1.7889E-06       0.0000E+00       0.0000E+00       0.0000E+00       0.0000E+00
       1.9050E+00       0.0000E+00       0.0000E+00       1.8626E-05       3.7699E-05       9.2671E-08       0.0000E+00       1.7876E-06       0.0000E+00       0.0000E+00       0.0000E+00       0.0000E+00
       1.9150E+00       0.0000E+00       0.0000E+00       1.8626E-05       3.7699E-05       9.2419E-08       0.0000E+00       1.7863E-06       0.0000E+00       0.0000E+00       0.0000E+00       0.0000E+00
       1.9250E+00       0.0000E+00       0.0000E+00       1.8627E-05       3.7700E-05       9.2174E-08       0.0000E+00       1.7850E-06       0.0000E+00       0.0000E+00       0.0000E+00       0.0000E+00
       1.9350E+00       0.0000E+00       0.0000E+00       1.8627E-05       3.7700E-05       9.1936E-08       0.0000E+00       1.7836E-06       0.0000E+00       0.0000E+00       0.0000E+00       0.0000E+00
       1.9450E+00       0.0000E+00       0.0000E+00       1.8627E-05       3.7701E-05       9.1705E-08       0.0000E+00       1.7822E-06       0.0000E+00       0.0000E+00       0.0000E+00       0.0000E+00
       1.9550E+00       0.0000E+00       0.0000E+00       1.8628E-05       3.7701E-05       9.1481E-08       0.0000E+00       1.7808E-06       0.0000E+00       0.0000E+00       0.0000E+00       0.0000E+00
       1.9650E+00       0.0000E+00       0.0000E+00       1.8628E-05       3.7702E-05       9.1264E-08       0.0000E+00       1.7794E-06       0.0000E+00       0.0000E+00       0.0000E+00       0.0000E+00
       1.9750E+00       0.0000E+00       0.0000E+00       1.8628E-05       3.7702E-05       9.1054E-08       0.0000E+00       1.7780E-06       0.0000E+00       0.0000E+00       0.0000E+00       0.0000E+00
       1.9850E+00       0.0000E+00       0.0000E+00       1.8629E-05       3.7703E-05       9.0851E-08       0.0000E+00       1.7765E-06       0.0000E+00       0.0000E+00       0.0000E+00       0.0000E+00
       1.9950E+00       0.0000E+00       0.0000E+00       1.8629E-05       3.7703E-05       9.0655E-08       0.0000E+00       1.7750E-06       0.0000E+00       0.0000E+00       0.0000E+00       0.0000E+00
       2.0050E+00       0.0000E+00       0.0000E+00       1.8629E-05       3.7704E-05       9.0465E-08       0.0000E+00       1.7735E-06       0.0000E+00       0.0000E+00       0.0000E+00       0.0000E+00
       2.0150E+00       0.0000E+00       0.0000E+00       1.8630E-05       3.7704E-05       9.0282E-08       0.0000E+00       1.7719E-06       0.0000E+00       0.0000E+00       0.0000E+00       0.0000E+00
       2.0250E+00       0.0000E+00       0.0000E+00       1.8630E-05       3.7705E-05       9.0105E-08       0.0000E+00       1.7703E-06       0.0000E+00       0.0000E+00       0.0000E+00       0.0000E+00
       2.0350E+00       0.0000E+00       0.0000E+00       1.8630E-05       3.7705E-05       8.9935E-08       0.0000E+00       1.7687E-06       0.0000E+00       0.0000E+00       0.0000E+00       0.0000E+00
       2.0450E+00       0.0000E+00       0.0000E+00       1.8631E-05       3.7706E-05       8.9771E-08       0.0000E+00       1.7671E-06       0.0000E+00       0.0000E+00       0.0000E+00       0.0000E+00
       2.0550E+00       0.0000E+00       0.0000E+00       1.8631E-05       3.7706E-05       8.9613E-08       0.0000E+00       1.7654E-06       0.0000E+00       0.0000E+00       0.0000E+00       0.0000E+00
       2.0650E+00       0.0000E+00       0.0000E+00       1.8632E-05       3.7707E-05       8.9462E-08       0.0000E+00       1.7638E-06       0.0000E+00       0.0000E+00       0.0000E+00       0.0000E+00
       2.0750E+00       0.0000E+00       0.0000E+00       1.8632E-05       3.7707E-05       8.9316E-08       0.0000E+00       1.7621E-06       0.0000E+00       0.0000E+00       0.0000E+00       0.0000E+00
       2.0850E+00       0.0000E+00       0.0000E+00       1.8632E-05       3.7708E-05       8.9177E-08       0.0000E+00       1.7603E-06       0.0000E+00       0.0000E+00       0.0000E+00       0.0000E+00
       2.0950E+00       0.0000E+00       0.0000E+00       1.8633E-05       3.7709E-05       8.9043E-08       0.0000E+00       1.7586E-06       0.0000E+00       0.0000E+00       0.0000E+00       0.0000E+00
       2.1050E+00       0.0000E+00       0.0000E+00       1.8633E-05       3.7709E-05       8.8915E-08       0.0000E+00       1.7568E-06       0.0000E+00       0.0000E+00       0.0000E+00       0.0000E+00
       2.1150E+00       0.0000E+00       0.0000E+00       1.8633E-05       3.7710E-05       8.8793E-08       0.0000E+00       1.7549E-06       0.0000E+00       0.0000E+00       0.0000E+00       0.0000E+00
       2.1250E+00       0.0000E+00       0.0000E+00       1.8634E-05       3.7710E-05       8.8676E-08       0.0000E+00       1.7531E-06       0.0000E+00       0.0000E+00       0.0000E+00       0.0000E+00
       2.1350E+00       0.0000E+00       0.0000E+00       1.8634E-05       3.7711E-05       8.8565E-08       0.0000E+00       1.7512E-06       0.0000E+00       0.0000E+00       0.0000E+00       0.0000E+00
       2.1450E+00       0.0000E+00       0.0000E+00       1.8635E-05       3.7712E-05       8.8459E-08       0.0000E+00       1.7493E-06       0.0000E+00       0.0000E+00       0.0000E+00       0.0000E+00
       2.1550E+00       0.0000E+00       0.0000E+00       1.8635E-05       3.7712E-05       8.8359E-08       0.0000E+00       1.7474E-06       0.0000E+00       0.0000E+00       0.0000E+00       0.0000E+00
       2.1650E+00       0.0000E+00       0.0000E+00       1.8635E-05       3.7713E-05       8.8263E-08       0.0000E+00       1.7455E-06       0.0000E+00       0.0000E+00       0.0000E+00       0.0000E+00
       2.1750E+00       0.0000E+00       0.0000E+00       1.8636E-05       3.7713E-05       8.8173E-08       0.0000E+00       1.7435E-06       0.0000E+00       0.0000E+00       0.0000E+00       0.0000E+00
       2.1850E+00       0.0000E+00       0.0000E+00       1.8636E-05       3.7714E-05       8.8087E-08       0.0000E+00       1.7415E-06       0.0000E+00       0.0000E+00       0.0000E+00       0.0000E+00
       2.1950E+00       0.0000E+00       0.0000E+00       1.8637E-05       3.7715E-05       8.8006E-08       0.0000E+00       1.7394E-06       0.0000E+00       0.0000E+00       0.0000E+00       0.0000E+00
       2.2050E+00       0.0000E+00       0.0000E+00       1.8637E-05       3.7715E-05       8.7930E-08       0.0000E+00       1.7374E-06       0.0000E+00       0.0000E+00       0.0000E+00       0.0000E+00
       2.2150E+00       0.0000E+00       0.0000E+00       1.8638E-05       3.7716E-05       8.7859E-08       0.0000E+00       1.7353E-06       0.0000E+00       0.0000E+00       0.0000E+00       0.0000E+00
       2.2250E+00       0.0000E+00       0.0000E+00       1.8638E-05       3.7717E-05       8.7792E-08       0.0000E+00       1.7332E-06       0.0000E+00       0.0000E+00       0.0000E+00       0.0000E+00
       2.2350E+00       0.0000E+00       0.0000E+00       1.8638E-05       3.7717E-05       8.7729E-08       0.0000E+00       1.7311E-06       0.0000E+00       0.0000E+00       0.0000E+00       0.0000E+00
       2.2450E+00       0.0000E+00       0.0000E+00       1.8639E-05       3.7718E-05       8.7671E-08       0.0000E+00       1.7289E-06       0.0000E+00       0.0000E+00       0.0000E+00       0.0000E+00
       2.2550E+00       0.0000E+00       0.0000E+00       1.8639E-05       3.7719E-05       8.7617E-08       0.0000E+00       1.7267E-06       0.0000E+00       0.0000E+00       0.0000E+00       0.0000E+00
       2.2650E+00       0.0000E+00       0.0000E+00       1.8640E-05       3.7719E-05       8.7567E-08       0.0000E+00       1.7245E-06       0.0000E+00       0.0000E+00       0.0000E+00       0.0000E+00
       2.2750E+00       0.0000E+00       0.0000E+00       1.8640E-05       3.7720E-05       8.7521E-08       0.0000E+00       1.7223E-06       0.0000E+00       0.0000E+00       0.0000E+00       0.0000E+00
       2.2850E+00       0.0000E+00       0.0000E+00       1.8641E-05       3.7721E-05       8.7478E-08       0.0000E+00       1.7200E-06       0.0000E+00       0.0000E+00       0.0000E+00       0.0000E+00
       2.2950E+00       0.0000E+00       0.0000E+00       1.8641E-05       3.7721E-05       8.7440E-08       0.0000E+00       1.7177E-06       0.0000E+00       0.0000E+00       0.0000E+00       0.0000E+00
       2.3050E+00       0.0000E+00       0.0000E+00       1.8642E-05       3.7722E-05       8.7405E-08       0.0000E+00       1.7154E-06       0.0000E+00       0.0000E+00       0.0000E+00       0.0000E+00
       2.3150E+00       0.0000E+00       0.0000E+00       1.8642E-05       3.7723E-05       8.7374E-08       0.0000E+00       1.7131E-06       0.0000E+00       0.0000E+00       0.0000E+00       0.0000E+00
       2.3250E+00       0.0000E+00       0.0000E+00       1.8643E-05       3.7723E-05       8.7346E-08       0.0000E+00       1.7107E-06       0.0000E+00       0.0000E+00       0.0000E+00       0.0000E+00
       2.3350E+00       0.0000E+00       0.0000E+00       1.8643E-05       3.7724E-05       8.7321E-08       0.0000E+00       1.7083E-06       0.0000E+00       0.0000E+00       0.0000E+00       0.0000E+00
       2.3450E+00       0.0000E+00       0.0000E+00       1.8644E-05       3.7725E-05       8.7300E-08       0.0000E+00       1.7059E-06       0.0000E+00       0.0000E+00       0.0000E+00       0.0000E+00
       2.3550E+00       0.0000E+00       0.0000E+00       1.8644E-05       3.7726E-05       8.7281E-08       0.0000E+00       1.7035E-06       0.0000E+00       0.0000E+00       0.0000E+00       0.0000E+00
       2.3650E+00       0.0000E+00       0.0000E+00       1.8645E-05       3.7726E-05       8.7266E-08       0.0000E+00       1.7010E-06       0.0000E+00       0.0000E+00       0.0000E+00       0.0000E+00
       2.3750E+00       0.0000E+00       0.0000E+00       1.8645E-05       3.7727E-05       8.7254E-08       0.0000E+00       1.6985E-06       0.0000E+00       0.0000E+00       0.0000E+00       0.0000E+00
       2.3850E+00       0.0000E+00       0.0000E+00       1.8646E-05       3.7728E-05       8.7245E-08       0.0000E+00       1.6960E-06       0.0000E+00       0.0000E+00       0.0000E+00       0.0000E+00
       2.3950E+00       0.0000E+00       0.0000E+00       1.8646E-05       3.7729E-05       8.7238E-08       0.0000E+00       1.6935E-06       0.0000E+00       0.0000E+00       0.0000E+00       0.0000E+00
       2.4050E+00       0.0000E+00       0.0000E+00       1.8647E-05       3.7729E-05       8.7234E-08       0.0000E+00       1.6910E-06       0.0000E+00       0.0000E+00       0.0000E+00       0.0000E+00
       2.4150E+00       0.0000E+00       0.0000E+00       1.8647E-05       3.7730E-05       8.7233E-08       0.0000E+00       1.6884E-06       0.0000E+00       0.0000E+00       0.0000E+00       0.0000E+00
       2.4250E+00       0.0000E+00       0.0000E+00       1.8648E-05       3.7731E-05       8.7234E-08       0.0000E+00       1.6858E-06       0.0000E+00       0.0000E+00       0.0000E+00       0.0000E+00
       2.4350E+00       0.0000E+00       0.0000E+00       1.8648E-05       3.7732E-05       8.7238E-08       0.0000E+00       1.6832E-06       0.0000E+00       0.0000E+00       0.0000E+00       0.0000E+00
       2.4450E+00       0.0000E+00       0.0000E+00       1.8649E-05       3.7732E-05       8.7244E-08       0.0000E+00       1.6806E-06       0.0000E+00       0.0000E+00       0.0000E+00       0.0000E+00
       2.4550E+00       0.0000E+00       0.0000E+00       1.8649E-05       3.7733E-05       8.7253E-08       0.0000E+00       1.6779E-06       0.0000E+00       0.0000E+00       0.0000E+00       0.0000E+00
       2.4650E+00       0.0000E+00       0.0000E+00       1.8650E-05       3.7734E-05       8.7263E-08       0.0000E+00       1.6753E-06       0.0000E+00       0.0000E+00       0.0000E+00       0.0000E+00
       2.4750E+00       0.0000E+00       0.0000E+00       1.8650E-05       3.7735E-05       8.7276E-08       0.0000E+00       1.6726E-06       0.0000E+00       0.0000E+00       0.0000E+00       0.0000E+00
       2.4850E+00       0.0000E+00       0.0000E+00       1.8651E-05       3.7736E-05       8.7291E-08       0.0000E+00       1.6699E-06       0.0000E+00       0.0000E+00       0.0000E+00       0.0000E+00
       2.4950E+00       0.0000E+00       0.0000E+00       1.8651E-05       3.7736E-05       8.7307E-08       0.0000E+00       1.6672E-06       0.0000E+00       0.0000E+00       0.0000E+00       0.0000E+00
       2.5050E+00       0.0000E+00       0.0000E+00       1.8652E-05       3.7737E-05       8.7326E-08       0.0000E+00       1.6644E-06       0.0000E+00       0.0000E+00       0.0000E+00       0.0000E+00
       2.5150E+00       0.0000E+00       0.0000E+00       1.8652E-05       3.7738E-05       8.7347E-08       0.0000E+00       1.6616E-06       0.0000E+00       0.0000E+00       0.0000E+00       0.0000E+00
       2.5250E+00       0.0000E+00       0.0000E+00       1.8653E-05       3.7739E-05       8.7369E-08       0.0000E+00       1.6589E-06       0.0000E+00       0.0000E+00       0.0000E+00       0.0000E+00
       2.5350E+00       0.0000E+00       0.0000E+00       1.8653E-05       3.7740E-05       8.7393E-08       0.0000E+00       1.6561E-06       0.0000E+00       0.0000E+00       0.0000E+00       0.0000E+00
       2.5450E+00       0.0000E+00       0.0000E+00       1.8654E-05       3.7741E-05       8.7419E-08       0.0000E+00       1.6533E-06       0.0000E+00       0.0000E+00       0.0000E+00       0.0000E+00
       2.5550E+00       0.0000E+00       0.0000E+00       1.8655E-05       3.7741E-05       8.7446E-08       0.0000E+00       1.6504E-06       0.0000E+00       0.0000E+00       0.0000E+00       0.0000E+00
       2.5650E+00       0.0000E+00       0.0000E+00       1.8655E-05       3.7742E-05       8.7474E-08       0.0000E+00       1.6476E-06       0.0000E+00       0.0000E+00       0.0000E+00       0.0000E+00
       2.5750E+00       0.0000E+00       0.0000E+00       1.8656E-05       3.7743E-05       8.7505E-08       0.0000E+00       1.6447E-06       0.0000E+00       0.0000E+00       0.0000E+00       0.0000E+00
       2.5850E+00       0.0000E+00       0.0000E+00       1.8656E-05       3.7744E-05       8.7536E-08       0.0000E+00       1.6419E-06       0.0000E+00       0.0000E+00       0.0000E+00       0.0000E+00
       2.5950E+00       0.0000E+00       0.0000E+00       1.8657E-05       3.7745E-05       8.7569E-08       0.0000E+00       1.6390E-06       0.0000E+00       0.0000E+00       0.0000E+00       0.0000E+00
       2.6050E+00       0.0000E+00       0.0000E+00       1.8657E-05       3.7746E-05       8.7603E-08       0.0000E+00       1.6361E-06       0.0000E+00       0.0000E+00       0.0000E+00       0.0000E+00
       2.6150E+00       0.0000E+00       0.0000E+00       1.8658E-05       3.7747E-05       8.7639E-08       0.0000E+00       1.6332E-06       0.0000E+00       0.0000E+00       0.0000E+00       0.0000E+00
       2.6250E+00       0.0000E+00       0.0000E+00       1.8659E-05       3.7747E-05       8.7675E-08       0.0000E+00       1.6302E-06       0.0000E+00       0.0000E+00       0.0000E+00       0.0000E+00
       2.6350E+00       0.0000E+00       0.0000E+00       1.8659E-05       3.7748E-05       8.7713E-08       0.0000E+00       1.6273E-06       0.0000E+00       0.0000E+00       0.0000E+00       0.0000E+00
       2.6450E+00       0.0000E+00       0.0000E+00       1.8660E-05       3.7749E-05       8.7752E-08       0.0000E+00       1.6243E-06       0.0000E+00       0.0000E+00       0.0000E+00       0.0000E+00
       2.6550E+00       0.0000E+00       0.0000E+00       1.8660E-05       3.7750E-05       8.7792E-08       0.0000E+00       1.6214E-06       0.0000E+00       0.0000E+00       0.0000E+00       0.0000E+00
       2.6650E+00       0.0000E+00       0.0000E+00       1.8661E-05       3.7751E-05       8.7833E-08       0.0000E+00       1.6184E-06       0.0000E+00       0.0000E+00       0.0000E+00       0.0000E+00
       2.6750E+00       0.0000E+00       0.0000E+00       1.8662E-05       3.7752E-05       8.7875E-08       0.0000E+00       1.6154E-06       0.0000E+00       0.0000E+00       0.0000E+00       0.0000E+00
       2.6850E+00       0.0000E+00       0.0000E+00       1.8662E-05       3.7753E-05       8.7917E-08       0.0000E+00       1.6124E-06       0.0000E+00       0.0000E+00       0.0000E+00       0.0000E+00
       2.6950E+00       0.0000E+00       0.0000E+00       1.8663E-05       3.7754E-05       8.7961E-08       0.0000E+00       1.6094E-06       0.0000E+00       0.0000E+00       0.0000E+00       0.0000E+00
       2.7050E+00       0.0000E+00       0.0000E+00       1.8663E-05       3.7754E-05       8.8005E-08       0.0000E+00       1.6064E-06       0.0000E+00       0.0000E+00       0.0000E+00       0.0000E+00
       2.7150E+00       0.0000E+00       0.0000E+00       1.8664E-05       3.7755E-05       8.8051E-08       0.0000E+00       1.6034E-06       0.0000E+00       0.0000E+00       0.0000E+00       0.0000E+00
       2.7250E+00       0.0000E+00       0.0000E+00       1.8664E-05       3.7756E-05       8.8097E-08       0.0000E+00       1.6003E-06       0.0000E+00       0.0000E+00       0.0000E+00       0.0000E+00
       2.7350E+00       0.0000E+00       0.0000E+00       1.8665E-05       3.7757E-05       8.8143E-08       0.0000E+00       1.5973E-06       0.0000E+00       0.0000E+00       0.0000E+00       0.0000E+00
       2.7450E+00       0.0000E+00       0.0000E+00       1.8666E-05       3.7758E-05       8.8191E-08       0.0000E+00       1.5942E-06       0.0000E+00       0.0000E+00       0.0000E+00       0.0000E+00
       2.7550E+00       0.0000E+00       0.0000E+00       1.8666E-05       3.7759E-05       8.8238E-08       0.0000E+00       1.5912E-06       0.0000E+00       0.0000E+00       0.0000E+00       0.0000E+00
       2.7650E+00       0.0000E+00       0.0000E+00       1.8667E-05       3.7760E-05       8.8287E-08       0.0000E+00       1.5881E-06       0.0000E+00       0.0000E+00       0.0000E+00       0.0000E+00
       2.7750E+00       0.0000E+00       0.0000E+00       1.8668E-05       3.7761E-05       8.8336E-08       0.0000E+00       1.5851E-06       0.0000E+00       0.0000E+00       0.0000E+00       0.0000E+00
       2.7850E+00       0.0000E+00       0.0000E+00       1.8668E-05       3.7762E-05       8.8386E-08       0.0000E+00       1.5820E-06       0.0000E+00       0.0000E+00       0.0000E+00       0.0000E+00
       2.7950E+00       0.0000E+00       0.0000E+00       1.8669E-05       3.7763E-05       8.8436E-08       0.0000E+00       1.5789E-06       0.0000E+00       0.0000E+00       0.0000E+00       0.0000E+00
       2.8050E+00       0.0000E+00       0.0000E+00       1.8669E-05       3.7764E-05       8.8486E-08       0.0000E+00       1.5758E-06       0.0000E+00       0.0000E+00       0.0000E+00       0.0000E+00
       2.8150E+00       0.0000E+00       0.0000E+00       1.8670E-05       3.7764E-05       8.8537E-08       0.0000E+00       1.5728E-06       0.0000E+00       0.0000E+00       0.0000E+00       0.0000E+00
       2.8250E+00       0.0000E+00       0.0000E+00       1.8671E-05       3.7765E-05       8.8589E-08       0.0000E+00       1.5697E-06       0.0000E+00       0.0000E+00       0.0000E+00       0.0000E+00
       2.8350E+00       0.0000E+00       0.0000E+00       1.8671E-05       3.7766E-05       8.8640E-08       0.0000E+00       1.5666E-06       0.0000E+00       0.0000E+00       0.0000E+00       0.0000E+00
       2.8450E+00       0.0000E+00       0.0000E+00       1.8672E-05       3.7767E-05       8.8692E-08       0.0000E+00       1.5635E-06       0.0000E+00       0.0000E+00       0.0000E+00       0.0000E+00
       2.8550E+00       0.0000E+00       0.0000E+00       1.8672E-05       3.7768E-05       8.8745E-08       0.0000E+00       1.5604E-06       0.0000E+00       0.0000E+00       0.0000E+00       0.0000E+00
       2.8650E+00       0.0000E+00       0.0000E+00       1.8673E-05       3.7769E-05       8.8797E-08       0.0000E+00       1.5573E-06       0.0000E+00       0.0000E+00       0.0000E+00       0.0000E+00
       2.8750E+00       0.0000E+00       0.0000E+00       1.8674E-05       3.7770E-05       8.8850E-08       0.0000E+00       1.5543E-06       0.0000E+00       0.0000E+00       0.0000E+00       0.0000E+00
       2.8850E+00       0.0000E+00       0.0000E+00       1.8674E-05       3.7771E-05       8.8903E-08       0.0000E+00       1.5512E-06       0.0000E+00       0.0000E+00       0.0000E+00       0.0000E+00
       2.8950E+00       0.0000E+00       0.0000E+00       1.8675E-05       3.7772E-05       8.8955E-08       0.0000E+00       1.5482E-06       0.0000E+00       0.0000E+00       0.0000E+00       0.0000E+00
       2.9050E+00       0.0000E+00       0.0000E+00       1.8675E-05       3.7773E-05       8.9008E-08       0.0000E+00       1.5451E-06       0.0000E+00       0.0000E+00       0.0000E+00       0.0000E+00
       2.9150E+00       0.0000E+00       0.0000E+00       1.8676E-05       3.7773E-05       8.9060E-08       0.0000E+00       1.5421E-06       0.0000E+00       0.0000E+00       0.0000E+00       0.0000E+00
       2.9250E+00       0.0000E+00       0.0000E+00       1.8677E-05       3.7774E-05       8.9111E-08       0.0000E+00       1.5392E-06       0.0000E+00       0.0000E+00       0.0000E+00       0.0000E+00
       2.9350E+00       0.0000E+00       0.0000E+00       1.8677E-05       3.7775E-05       8.9161E-08       0.0000E+00       1.5363E-06       0.0000E+00       0.0000E+00       0.0000E+00       0.0000E+00
       2.9450E+00       0.0000E+00       0.0000E+00       1.8678E-05       3.7776E-05       8.9209E-08       0.0000E+00       1.5336E-06       0.0000E+00       0.0000E+00       0.0000E+00       0.0000E+00
       2.9550E+00       0.0000E+00       0.0000E+00       1.8678E-05       3.7777E-05       8.9255E-08       0.0000E+00       1.5310E-06       0.0000E+00       0.0000E+00       0.0000E+00       0.0000E+00
       2.9650E+00       0.0000E+00       0.0000E+00       1.8679E-05       3.7777E-05       8.9297E-08       0.0000E+00       1.5286E-06       0.0000E+00       0.0000E+00       0.0000E+00       0.0000E+00
       2.9750E+00       0.0000E+00       0.0000E+00       1.8679E-05       3.7778E-05       8.9334E-08       0.0000E+00       1.5265E-06       0.0000E+00       0.0000E+00       0.0000E+00       0.0000E+00
       2.9850E+00       0.0000E+00       0.0000E+00       1.8679E-05       3.7779E-05       8.9362E-08       0.0000E+00       1.5249E-06       0.0000E+00       0.0000E+00       0.0000E+00       0.0000E+00
       2.9950E+00       0.0000E+00       0.0000E+00       1.8680E-05       3.7779E-05       8.9379E-08       0.0000E+00       1.5240E-06       0.0000E+00       0.0000E+00       0.0000E+00       0.0000E+00
