# Time          4.5000E+01
# Units: mol gas/m2/year
    Distance        CO2(g)          
       0.0000E+00      -1.3932E+02
       1.0000E-02      -1.3198E+02
       2.0000E-02      -1.2648E+02
       3.0000E-02      -1.2097E+02
       4.0000E-02      -1.1547E+02
       5.0000E-02      -1.0997E+02
       6.0000E-02      -1.0447E+02
       7.0000E-02      -9.8960E+01
       8.0000E-02      -9.3455E+01
       9.0000E-02      -8.7949E+01
       1.0000E-01      -8.2443E+01
       1.1000E-01      -7.6937E+01
       1.2000E-01      -7.1433E+01
       1.3000E-01      -6.5930E+01
       1.4000E-01      -6.0428E+01
       1.5000E-01      -5.4929E+01
       1.6000E-01      -4.9433E+01
       1.7000E-01      -4.3937E+01
       1.8000E-01      -3.8444E+01
       1.9000E-01      -3.2951E+01
       2.0000E-01      -2.7459E+01
       2.1000E-01      -2.1967E+01
       2.2000E-01      -1.6475E+01
       2.3000E-01      -1.0984E+01
       2.4000E-01      -5.4919E+00
       2.5000E-01      -3.2630E-04
       2.6000E-01      -2.2903E-05
       2.7000E-01       1.3866E-06
       2.8000E-01       3.4267E-06
       2.9000E-01       3.5913E-06
       3.0000E-01       3.5971E-06
       3.1000E-01       3.5894E-06
       3.2000E-01       3.5806E-06
       3.3000E-01       3.5717E-06
       3.4000E-01       3.5628E-06
       3.5000E-01       3.5539E-06
       3.6000E-01       3.5450E-06
       3.7000E-01       3.5361E-06
       3.8000E-01       3.5273E-06
       3.9000E-01       3.5184E-06
       4.0000E-01       3.5096E-06
       4.1000E-01       3.5008E-06
       4.2000E-01       3.4920E-06
       4.3000E-01       3.4832E-06
       4.4000E-01       3.4744E-06
       4.5000E-01       3.4657E-06
       4.6000E-01       3.4569E-06
       4.7000E-01       3.4482E-06
       4.8000E-01       3.4395E-06
       4.9000E-01       3.4308E-06
       5.0000E-01       3.4221E-06
       5.1000E-01       3.4134E-06
       5.2000E-01       3.4047E-06
       5.3000E-01       3.3960E-06
       5.4000E-01       3.3873E-06
       5.5000E-01       3.3786E-06
       5.6000E-01       3.3700E-06
       5.7000E-01       3.3613E-06
       5.8000E-01       3.3526E-06
       5.9000E-01       3.3440E-06
       6.0000E-01       3.3353E-06
       6.1000E-01       3.3267E-06
       6.2000E-01       3.3180E-06
       6.3000E-01       3.3093E-06
       6.4000E-01       3.3007E-06
       6.5000E-01       3.2920E-06
       6.6000E-01       3.2833E-06
       6.7000E-01       3.2747E-06
       6.8000E-01       3.2660E-06
       6.9000E-01       3.2574E-06
       7.0000E-01       3.2487E-06
       7.1000E-01       3.2400E-06
       7.2000E-01       3.2313E-06
       7.3000E-01       3.2227E-06
       7.4000E-01       3.2140E-06
       7.5000E-01       3.2053E-06
       7.6000E-01       3.1967E-06
       7.7000E-01       3.1880E-06
       7.8000E-01       3.1793E-06
       7.9000E-01       3.1706E-06
       8.0000E-01       3.1619E-06
       8.1000E-01       3.1533E-06
       8.2000E-01       3.1446E-06
       8.3000E-01       3.1359E-06
       8.4000E-01       3.1272E-06
       8.5000E-01       3.1185E-06
       8.6000E-01       3.1098E-06
       8.7000E-01       3.1011E-06
       8.8000E-01       3.0924E-06
       8.9000E-01       3.0837E-06
       9.0000E-01       3.0750E-06
       9.1000E-01       3.0663E-06
       9.2000E-01       3.0576E-06
       9.3000E-01       3.0489E-06
       9.4000E-01       3.0402E-06
       9.5000E-01       3.0314E-06
       9.6000E-01       3.0227E-06
       9.7000E-01       3.0140E-06
       9.8000E-01       3.0053E-06
       9.9000E-01       2.9965E-06
       1.0000E+00       2.9878E-06
       1.0100E+00       2.9791E-06
       1.0200E+00       2.9703E-06
       1.0300E+00       2.9616E-06
       1.0400E+00       2.9528E-06
       1.0500E+00       2.9441E-06
       1.0600E+00       2.9353E-06
       1.0700E+00       2.9265E-06
       1.0800E+00       2.9178E-06
       1.0900E+00       2.9090E-06
       1.1000E+00       2.9002E-06
       1.1100E+00       2.8914E-06
       1.1200E+00       2.8826E-06
       1.1300E+00       2.8738E-06
       1.1400E+00       2.8650E-06
       1.1500E+00       2.8562E-06
       1.1600E+00       2.8474E-06
       1.1700E+00       2.8385E-06
       1.1800E+00       2.8297E-06
       1.1900E+00       2.8208E-06
       1.2000E+00       2.8120E-06
       1.2100E+00       2.8031E-06
       1.2200E+00       2.7943E-06
       1.2300E+00       2.7854E-06
       1.2400E+00       2.7765E-06
       1.2500E+00       2.7676E-06
       1.2600E+00       2.7587E-06
       1.2700E+00       2.7497E-06
       1.2800E+00       2.7408E-06
       1.2900E+00       2.7318E-06
       1.3000E+00       2.7229E-06
       1.3100E+00       2.7139E-06
       1.3200E+00       2.7049E-06
       1.3300E+00       2.6959E-06
       1.3400E+00       2.6869E-06
       1.3500E+00       2.6779E-06
       1.3600E+00       2.6688E-06
       1.3700E+00       2.6597E-06
       1.3800E+00       2.6506E-06
       1.3900E+00       2.6415E-06
       1.4000E+00       2.6324E-06
       1.4100E+00       2.6233E-06
       1.4200E+00       2.6141E-06
       1.4300E+00       2.6049E-06
       1.4400E+00       2.5957E-06
       1.4500E+00       2.5864E-06
       1.4600E+00       2.5771E-06
       1.4700E+00       2.5679E-06
       1.4800E+00       2.5585E-06
       1.4900E+00       2.5492E-06
       1.5000E+00       2.5398E-06
       1.5100E+00       2.5304E-06
       1.5200E+00       2.5209E-06
       1.5300E+00       2.5115E-06
       1.5400E+00       2.5020E-06
       1.5500E+00       2.4924E-06
       1.5600E+00       2.4828E-06
       1.5700E+00       2.4732E-06
       1.5800E+00       2.4635E-06
       1.5900E+00       2.4538E-06
       1.6000E+00       2.4441E-06
       1.6100E+00       2.4343E-06
       1.6200E+00       2.4244E-06
       1.6300E+00       2.4145E-06
       1.6400E+00       2.4046E-06
       1.6500E+00       2.3946E-06
       1.6600E+00       2.3846E-06
       1.6700E+00       2.3745E-06
       1.6800E+00       2.3643E-06
       1.6900E+00       2.3541E-06
       1.7000E+00       2.3439E-06
       1.7100E+00       2.3335E-06
       1.7200E+00       2.3231E-06
       1.7300E+00       2.3127E-06
       1.7400E+00       2.3022E-06
       1.7500E+00       2.2916E-06
       1.7600E+00       2.2809E-06
       1.7700E+00       2.2702E-06
       1.7800E+00       2.2594E-06
       1.7900E+00       2.2485E-06
       1.8000E+00       2.2375E-06
       1.8100E+00       2.2264E-06
       1.8200E+00       2.2153E-06
       1.8300E+00       2.2041E-06
       1.8400E+00       2.1928E-06
       1.8500E+00       2.1814E-06
       1.8600E+00       2.1699E-06
       1.8700E+00       2.1583E-06
       1.8800E+00       2.1466E-06
       1.8900E+00       2.1348E-06
       1.9000E+00       2.1229E-06
       1.9100E+00       2.1110E-06
       1.9200E+00       2.0989E-06
       1.9300E+00       2.0867E-06
       1.9400E+00       2.0743E-06
       1.9500E+00       2.0619E-06
       1.9600E+00       2.0494E-06
       1.9700E+00       2.0367E-06
       1.9800E+00       2.0239E-06
       1.9900E+00       2.0110E-06
       2.0000E+00       1.9980E-06
       2.0100E+00       1.9849E-06
       2.0200E+00       1.9716E-06
       2.0300E+00       1.9582E-06
       2.0400E+00       1.9446E-06
       2.0500E+00       1.9310E-06
       2.0600E+00       1.9172E-06
       2.0700E+00       1.9032E-06
       2.0800E+00       1.8892E-06
       2.0900E+00       1.8749E-06
       2.1000E+00       1.8605E-06
       2.1100E+00       1.8460E-06
       2.1200E+00       1.8314E-06
       2.1300E+00       1.8166E-06
       2.1400E+00       1.8016E-06
       2.1500E+00       1.7865E-06
       2.1600E+00       1.7712E-06
       2.1700E+00       1.7558E-06
       2.1800E+00       1.7403E-06
       2.1900E+00       1.7245E-06
       2.2000E+00       1.7086E-06
       2.2100E+00       1.6926E-06
       2.2200E+00       1.6764E-06
       2.2300E+00       1.6600E-06
       2.2400E+00       1.6435E-06
       2.2500E+00       1.6268E-06
       2.2600E+00       1.6100E-06
       2.2700E+00       1.5930E-06
       2.2800E+00       1.5758E-06
       2.2900E+00       1.5585E-06
       2.3000E+00       1.5410E-06
       2.3100E+00       1.5234E-06
       2.3200E+00       1.5055E-06
       2.3300E+00       1.4876E-06
       2.3400E+00       1.4694E-06
       2.3500E+00       1.4511E-06
       2.3600E+00       1.4326E-06
       2.3700E+00       1.4140E-06
       2.3800E+00       1.3952E-06
       2.3900E+00       1.3763E-06
       2.4000E+00       1.3572E-06
       2.4100E+00       1.3379E-06
       2.4200E+00       1.3185E-06
       2.4300E+00       1.2989E-06
       2.4400E+00       1.2792E-06
       2.4500E+00       1.2593E-06
       2.4600E+00       1.2392E-06
       2.4700E+00       1.2191E-06
       2.4800E+00       1.1987E-06
       2.4900E+00       1.1782E-06
       2.5000E+00       1.1576E-06
       2.5100E+00       1.1368E-06
       2.5200E+00       1.1159E-06
       2.5300E+00       1.0949E-06
       2.5400E+00       1.0737E-06
       2.5500E+00       1.0524E-06
       2.5600E+00       1.0309E-06
       2.5700E+00       1.0094E-06
       2.5800E+00       9.8766E-07
       2.5900E+00       9.6585E-07
       2.6000E+00       9.4389E-07
       2.6100E+00       9.2182E-07
       2.6200E+00       8.9964E-07
       2.6300E+00       8.7735E-07
       2.6400E+00       8.5494E-07
       2.6500E+00       8.3243E-07
       2.6600E+00       8.0981E-07
       2.6700E+00       7.8709E-07
       2.6800E+00       7.6427E-07
       2.6900E+00       7.4137E-07
       2.7000E+00       7.1836E-07
       2.7100E+00       6.9527E-07
       2.7200E+00       6.7209E-07
       2.7300E+00       6.4884E-07
       2.7400E+00       6.2549E-07
       2.7500E+00       6.0208E-07
       2.7600E+00       5.7858E-07
       2.7700E+00       5.5502E-07
       2.7800E+00       5.3140E-07
       2.7900E+00       5.0771E-07
       2.8000E+00       4.8395E-07
       2.8100E+00       4.6014E-07
       2.8200E+00       4.3627E-07
       2.8300E+00       4.1236E-07
       2.8400E+00       3.8838E-07
       2.8500E+00       3.6436E-07
       2.8600E+00       3.4031E-07
       2.8700E+00       3.1619E-07
       2.8800E+00       2.9206E-07
       2.8900E+00       2.6788E-07
       2.9000E+00       2.4366E-07
       2.9100E+00       2.1942E-07
       2.9200E+00       1.9514E-07
       2.9300E+00       1.7082E-07
       2.9400E+00       1.4650E-07
       2.9500E+00       1.2214E-07
       2.9600E+00       9.7747E-08
       2.9700E+00       7.3352E-08
       2.9800E+00       4.8902E-08
       2.9900E+00       2.4474E-08
       3.0000E+00      -0.0000E+00
