# Time series at grid cell: 200   1   1
  Time(yrs)                  pH                     H+                     CO2(aq)                Mg++                   Ca++                  
  1.00000E-14                4.99986353362573E+00   5.38830889801239E-06   1.06986865545868E-04   9.77451317326588E-05   1.46713129625146E-04
  2.00000E-14                5.00044110830179E+00   5.38830889801209E-06   1.06997690254788E-04   9.78896575875586E-05   1.47014984045308E-04
  3.00000E-14                5.00044222627010E+00   5.38830889801179E-06   1.06997711098718E-04   9.78899352624091E-05   1.47015576567082E-04
  4.00000E-14                5.00044222844984E+00   5.38830889801151E-06   1.06997711139358E-04   9.78899358037837E-05   1.47015577722359E-04
  5.00000E-14                5.00044222845410E+00   5.38830889801122E-06   1.06997711139437E-04   9.78899358048334E-05   1.47015577724603E-04
  7.00000E-14                5.00044222845412E+00   5.38830889801063E-06   1.06997711139437E-04   9.78899358048483E-05   1.47015577724627E-04
  1.10000E-13                5.00044222845415E+00   5.38830889800945E-06   1.06997711139437E-04   9.78899358048454E-05   1.47015577724622E-04
  1.90000E-13                5.00044222845420E+00   5.38830889800710E-06   1.06997711139438E-04   9.78899358048459E-05   1.47015577724623E-04
  3.50000E-13                5.00044222845430E+00   5.38830889800240E-06   1.06997711139438E-04   9.78899358048459E-05   1.47015577724623E-04
  6.70000E-13                5.00044222845451E+00   5.38830889799300E-06   1.06997711139439E-04   9.78899358048459E-05   1.47015577724623E-04
  1.31000E-12                5.00044222845493E+00   5.38830889797426E-06   1.06997711139442E-04   9.78899358048454E-05   1.47015577724622E-04
  2.59000E-12                5.00044222845577E+00   5.38830889793671E-06   1.06997711139447E-04   9.78899358048591E-05   1.47015577724643E-04
  5.15000E-12                5.00044222845745E+00   5.38830889786160E-06   1.06997711139457E-04   9.78899358048518E-05   1.47015577724632E-04
  1.02700E-11                5.00044222846080E+00   5.38830889771138E-06   1.06997711139477E-04   9.78899358048614E-05   1.47015577724646E-04
  2.05100E-11                5.00044222846750E+00   5.38830889741097E-06   1.06997711139516E-04   9.78899358048570E-05   1.47015577724640E-04
  4.09900E-11                5.00044222848091E+00   5.38830889681015E-06   1.06997711139596E-04   9.78899358048517E-05   1.47015577724632E-04
  8.19500E-11                5.00044222850773E+00   5.38830889560851E-06   1.06997711139754E-04   9.78899358048513E-05   1.47015577724631E-04
  1.63870E-10                5.00044222856136E+00   5.38830889320521E-06   1.06997711140072E-04   9.78899358048489E-05   1.47015577724628E-04
  3.27710E-10                5.00044222866863E+00   5.38830888839859E-06   1.06997711140708E-04   9.78899358048515E-05   1.47015577724633E-04
  6.55390E-10                5.00044222888316E+00   5.38830887878540E-06   1.06997711141979E-04   9.78899358048592E-05   1.47015577724646E-04
  1.31075E-09                5.00044222931222E+00   5.38830885955900E-06   1.06997711144520E-04   9.78899358048720E-05   1.47015577724668E-04
  2.62147E-09                5.00044223017035E+00   5.38830882110619E-06   1.06997711149604E-04   9.78899358048927E-05   1.47015577724706E-04
  5.24291E-09                5.00044223188661E+00   5.38830874420060E-06   1.06997711159771E-04   9.78899358049305E-05   1.47015577724775E-04
  1.04858E-08                5.00044223531913E+00   5.38830859038939E-06   1.06997711180106E-04   9.78899358050438E-05   1.47015577724970E-04
  2.09715E-08                5.00044224218416E+00   5.38830828276698E-06   1.06997711220775E-04   9.78899358052450E-05   1.47015577725323E-04
  4.19431E-08                5.00044225591423E+00   5.38830766752220E-06   1.06997711302113E-04   9.78899358056438E-05   1.47015577726023E-04
  8.38861E-08                5.00044228337436E+00   5.38830643703260E-06   1.06997711464790E-04   9.78899358064600E-05   1.47015577727451E-04
  1.67772E-07                5.00044233829463E+00   5.38830397605339E-06   1.06997711790143E-04   9.78899358080760E-05   1.47015577730281E-04
  3.35544E-07                5.00044244813516E+00   5.38829905409501E-06   1.06997712440849E-04   9.78899358113209E-05   1.47015577735963E-04
  6.71089E-07                5.00044266781623E+00   5.38828921017821E-06   1.06997713742263E-04   9.78899358178228E-05   1.47015577747343E-04
  1.34218E-06                5.00044310717834E+00   5.38826952234463E-06   1.06997716345091E-04   9.78899358308238E-05   1.47015577770099E-04
  2.68435E-06                5.00044398590253E+00   5.38823014667761E-06   1.06997721550754E-04   9.78899358568316E-05   1.47015577815621E-04
  5.36871E-06                5.00044574335069E+00   5.38815139534405E-06   1.06997731962111E-04   9.78899359088504E-05   1.47015577906669E-04
  1.07374E-05                5.00044925824623E+00   5.38799389267875E-06   1.06997752784940E-04   9.78899360128744E-05   1.47015578088745E-04
  2.14748E-05                5.00045628803414E+00   5.38767888735561E-06   1.06997794431064E-04   9.78899362209370E-05   1.47015578452918E-04
  4.29497E-05                5.00047034759724E+00   5.38704887673915E-06   1.06997877725172E-04   9.78899366370414E-05   1.47015579181233E-04
  8.58993E-05                5.00049846667250E+00   5.38578885562637E-06   1.06998044320835E-04   9.78899374692686E-05   1.47015580637889E-04
  1.71799E-04                5.00055470461853E+00   5.38326881388829E-06   1.06998377541939E-04   9.78899391337239E-05   1.47015583551199E-04
  3.43597E-04                5.00066717969897E+00   5.37822873241753E-06   1.06999044094078E-04   9.78899424626344E-05   1.47015589377799E-04
  6.87195E-04                5.00089213822682E+00   5.36814857795478E-06   1.07000368704145E-04   9.78899491203513E-05   1.47015601030759E-04
  1.37439E-03                5.00134356039718E+00   5.34798830682067E-06   1.07001857407255E-04   9.78899624297674E-05   1.47015624326175E-04
  2.74878E-03                5.00229171641765E+00   5.30766795062583E-06   1.06970213644134E-04   9.78899888550559E-05   1.47015670579816E-04
  5.49756E-03                5.00462960480211E+00   5.22702833584672E-06   1.06572377645774E-04   9.78900393968063E-05   1.47015758901424E-04
  1.09951E-02                5.01102444291355E+00   5.06575783478995E-06   1.04513592157688E-04   9.78901278305635E-05   1.47015911403357E-04
  2.13234E-02                5.02575341779362E+00   4.76286816019802E-06   9.89180267978224E-05   9.78902715052268E-05   1.47016149589904E-04
  3.71789E-02                5.04993244130064E+00   4.29868807342609E-06   9.01063401534592E-05   9.78905065332825E-05   1.47016521594980E-04
  6.88900E-02                5.09722192563654E+00   3.38916325641491E-06   7.57130720848434E-05   9.78908432155133E-05   1.47017043785050E-04
  1.14852E-01                5.15782162581508E+00   2.28721437639363E-06   6.07510814386727E-05   9.78915512958879E-05   1.47018152162252E-04
  2.06777E-01                5.22391406031676E+00   1.55931583250485E-06   4.40564540762292E-05   9.78923385020381E-05   1.47019359758741E-04
  2.90627E-01                5.25461767022925E+00   1.53818283386794E-06   3.51825094726084E-05   9.78925497750440E-05   1.47019501884912E-04
  4.06816E-01                5.27401414604128E+00   1.67483460121875E-06   2.90292302014287E-05   9.78921793177929E-05   1.47018731222257E-04
  5.19770E-01                5.28348051523142E+00   1.77301900270138E-06   2.59972301186416E-05   9.78917512823818E-05   1.47017897159451E-04
  6.48382E-01                5.28862402567855E+00   1.83301821415193E-06   2.43611350990769E-05   9.78915131824058E-05   1.47017434945751E-04
  8.02596E-01                5.29129300814436E+00   1.86540105217375E-06   2.35201850158545E-05   9.78915805571153E-05   1.47017477381673E-04
  9.76803E-01                5.29250139820792E+00   1.88040816160259E-06   2.31412947199090E-05   9.78934067771572E-05   1.47020189756617E-04
  1.00000E+00                5.29263773166611E+00   1.88209245350067E-06   2.30987745702731E-05   9.78936680253652E-05   1.47020573173079E-04
  1.04639E+00                5.29283194961854E+00   1.88453796306945E-06   2.30380459681249E-05   9.78944090746981E-05   1.47021685089891E-04
  1.13841E+00                5.29304270222341E+00   1.88737186142982E-06   2.29714476620263E-05   9.78970562892533E-05   1.47025660131781E-04
  1.27074E+00                5.29317463976905E+00   1.88982114851577E-06   2.29273885452780E-05   9.79064716813484E-05   1.47039803928530E-04
  1.45841E+00                5.29320800223907E+00   1.89443604596800E-06   2.29044414585747E-05   9.79541148663138E-05   1.47111373496996E-04
  1.68165E+00                5.29311552624764E+00   1.91029829029654E-06   2.28954490910103E-05   9.81429314045633E-05   1.47395042916033E-04
  1.95215E+00                5.29292029562608E+00   1.96732076488568E-06   2.28925924393436E-05   9.88151828405675E-05   1.48405047655197E-04
  2.25499E+00                5.29363102620171E+00   2.09866383461389E-06   2.28961933381001E-05   1.00536484155087E-04   1.50991717776288E-04
  2.60276E+00                5.30142369978139E+00   2.25454556289910E-06   2.29333052870398E-05   1.04232380478445E-04   1.56546736075081E-04
  2.98850E+00                5.33579521619793E+00   2.05940130407153E-06   2.30996557963234E-05   1.10471293140376E-04   1.65927539135903E-04
  3.42324E+00                5.43000741804992E+00   9.00130772174712E-07   2.36256155491504E-05   1.19383920051361E-04   1.79334857258999E-04
  3.90493E+00                5.59004893730181E+00  -1.33522994827670E-06   2.48259162491838E-05   1.29890973712291E-04   1.95152742156111E-04
  4.40493E+00                5.75529129260020E+00  -3.93156493078206E-06   2.66309506404400E-05   1.39858866690501E-04   2.10176314627723E-04
  4.90493E+00                5.87992217848435E+00  -6.27073350754703E-06   2.85308085255919E-05   1.47952272811684E-04   2.22389697834804E-04
  5.00000E+00                5.90034045052294E+00  -6.70427218712871E-06   2.88995406592593E-05   1.49455435433990E-04   2.24697508674127E-04
  5.19013E+00                5.93665945874730E+00  -7.50282039376023E-06   2.95938243677684E-05   1.52055922523751E-04   2.28614026219382E-04
  5.52094E+00                5.98511271787326E+00  -8.65394838900315E-06   3.06205693054026E-05   1.55610155596685E-04   2.33971234813167E-04
  5.98554E+00                6.02999595502976E+00  -9.81904644572822E-06   3.16810002424311E-05   1.58987173266741E-04   2.39069826465232E-04
  6.48554E+00                6.05958494521758E+00  -1.06455926146943E-05   3.24420361489759E-05   1.61236416663312E-04   2.42474399867498E-04
  6.98554E+00                6.07711589940758E+00  -1.11590664664741E-05   3.29178976921400E-05   1.62538922777287E-04   2.44449342324015E-04
  7.48554E+00                6.08714958797628E+00  -1.14613898655046E-05   3.31992614105835E-05   1.63230790339094E-04   2.45500236165197E-04
  7.98554E+00                6.09266839352783E+00  -1.16304356699851E-05   3.33570203608543E-05   1.63536714723885E-04   2.45967004613809E-04
  8.48554E+00                6.09556206319308E+00  -1.17198761374750E-05   3.34406326339187E-05   1.63589646791654E-04   2.46051220873448E-04
  8.98554E+00                6.09698263809373E+00  -1.17639638399179E-05   3.34818886401475E-05   1.63458168891954E-04   2.45857216575461E-04
  9.48554E+00                6.09760493736308E+00  -1.17832538267998E-05   3.34999462105967E-05   1.63170712205379E-04   2.45428567168496E-04
  9.98554E+00                6.09780897544048E+00  -1.17894637067789E-05   3.35057526908395E-05   1.62733826774002E-04   2.44775660256606E-04
  1.00000E+01                6.09781782145822E+00  -1.17896323239295E-05   3.35058989808038E-05   1.62720758404774E-04   2.44755729612570E-04
  1.00289E+01                6.09782779005186E+00  -1.17899296890180E-05   3.35061745274976E-05   1.62694737205350E-04   2.44716824304902E-04
  1.00868E+01                6.09784290153261E+00  -1.17903778696969E-05   3.35065931045811E-05   1.62640720754127E-04   2.44636060378516E-04
  1.02025E+01                6.09785759819178E+00  -1.17907929183433E-05   3.35069807333919E-05   1.62524775029955E-04   2.44462690784518E-04
  1.04339E+01                6.09784446590145E+00  -1.17902984889641E-05   3.35065139459602E-05   1.62260719332254E-04   2.44067827718340E-04
  1.08968E+01                6.09773163760352E+00  -1.17865908248134E-05   3.35030268591398E-05   1.61598416689315E-04   2.43077370974095E-04
  1.13968E+01                6.09756491601112E+00  -1.17810309446936E-05   3.34977890316403E-05   1.60722703766726E-04   2.41767241040714E-04
  1.18968E+01                6.09737680621293E+00  -1.17746965535672E-05   3.34918165977786E-05   1.59689164991886E-04   2.40220775430724E-04
  1.23968E+01                6.09717872309068E+00  -1.17679651098050E-05   3.34854651834171E-05   1.58506335783022E-04   2.38450819087992E-04
  1.28968E+01                6.09697687794154E+00  -1.17610364980986E-05   3.34789227123183E-05   1.57188381591831E-04   2.36478561952531E-04
  1.33968E+01                6.09677489747297E+00  -1.17540327258340E-05   3.34723042719507E-05   1.55753736213577E-04   2.34331578527092E-04
  1.38968E+01                6.09657491335715E+00  -1.17470310922911E-05   3.34656831801831E-05   1.54223526234872E-04   2.32041471378752E-04
  1.43968E+01                6.09637784327069E+00  -1.17400722008671E-05   3.34590984336300E-05   1.52620242397914E-04   2.29641884801373E-04
  1.48968E+01                6.09618359265503E+00  -1.17331657250151E-05   3.34525600728944E-05   1.50966713119510E-04   2.27166971890261E-04
  1.50000E+01                6.09615912083412E+00  -1.17317401099383E-05   3.34511750557443E-05   1.50622806157949E-04   2.26650434427161E-04
  1.52065E+01                6.09607568651239E+00  -1.17289014086445E-05   3.34484923261798E-05   1.49932220824437E-04   2.25617212303140E-04
  1.56195E+01                6.09590943401291E+00  -1.17232458207196E-05   3.34431556250770E-05   1.48536310958171E-04   2.23528659088437E-04
  1.61195E+01                6.09571464171824E+00  -1.17163968237280E-05   3.34366780093184E-05   1.46846401601938E-04   2.20999367739623E-04
  1.66195E+01                6.09552203525150E+00  -1.17095132343406E-05   3.34301592602444E-05   1.45176670381052E-04   2.18499758465710E-04
  1.71195E+01                6.09532715938344E+00  -1.17025765011633E-05   3.34235916732014E-05   1.43543801448619E-04   2.16055212974978E-04
  1.76195E+01                6.09512987871669E+00  -1.16955920799654E-05   3.34169814704003E-05   1.41961769012952E-04   2.13686668834280E-04
  1.81195E+01                6.09493080410245E+00  -1.16885867007059E-05   3.34103543813483E-05   1.40441995042232E-04   2.11411244813379E-04
  1.86195E+01                6.09473082282126E+00  -1.16815939650879E-05   3.34037424040256E-05   1.38993247002918E-04   2.09242084763312E-04
  1.91195E+01                6.09453059480976E+00  -1.16746387581569E-05   3.33971692291302E-05   1.37621796222669E-04   2.07188592897730E-04
  1.96195E+01                6.09433028655474E+00  -1.16677292440322E-05   3.33906427596113E-05   1.36331777539679E-04   2.05256972720947E-04
  2.00000E+01                6.09418118016040E+00  -1.16624945232714E-05   3.33856920573992E-05   1.35398642257060E-04   2.03859341016169E-04
  2.05000E+01                6.09397633365607E+00  -1.16556420936884E-05   3.33792343222783E-05   1.34257215365265E-04   2.02150495436811E-04
  2.10000E+01                6.09377340784188E+00  -1.16487924601191E-05   3.33727756601335E-05   1.33200111000754E-04   2.00567525378353E-04
  2.15000E+01                6.09356835448085E+00  -1.16419282769220E-05   3.33663072846312E-05   1.32226718074258E-04   1.99109887079114E-04
  2.20000E+01                6.09336093032043E+00  -1.16350418236992E-05   3.33598221778254E-05   1.31335079193769E-04   1.97774664301825E-04
  2.25000E+01                6.09315128075547E+00  -1.16281365030617E-05   3.33533234842440E-05   1.30522408135303E-04   1.96557698102856E-04
  2.30000E+01                6.09293979629279E+00  -1.16212227138175E-05   3.33468208273200E-05   1.29785156215301E-04   1.95453685671414E-04
  2.35000E+01                6.09272690693148E+00  -1.16143115535909E-05   3.33403244388983E-05   1.29119127306503E-04   1.94456351850504E-04
  2.40000E+01                6.09251292411979E+00  -1.16074100521905E-05   3.33338407050704E-05   1.28519652873910E-04   1.93558711383169E-04
  2.45000E+01                6.09229798903665E+00  -1.16005197348049E-05   3.33273708332269E-05   1.27981788993114E-04   1.92753364636003E-04
  2.50000E+01                6.09208211130618E+00  -1.15936379701652E-05   3.33209121280097E-05   1.27500489823387E-04   1.92032758109560E-04
  2.55000E+01                6.09186524480943E+00  -1.15867604174449E-05   3.33144602926976E-05   1.27070735652566E-04   1.91389376629251E-04
  2.60000E+01                6.09164735312775E+00  -1.15798831021207E-05   3.33080113788072E-05   1.26687619573724E-04   1.90815873258944E-04
  2.65000E+01                6.09142844327383E+00  -1.15730034812382E-05   3.33015627856469E-05   1.26346408319234E-04   1.90305160332488E-04
  2.70000E+01                6.09120856959415E+00  -1.15661205783150E-05   3.32951133879827E-05   1.26042590592219E-04   1.89850481743559E-04
  2.75000E+01                6.09098782041393E+00  -1.15592345885980E-05   3.32886631673556E-05   1.25771918843495E-04   1.89445475492629E-04
  2.80000E+01                6.09076629998357E+00  -1.15523463440138E-05   3.32822127125963E-05   1.25530444537008E-04   1.89084226569265E-04
  2.85000E+01                6.09054411340697E+00  -1.15454568710603E-05   3.32757628077888E-05   1.25314544651870E-04   1.88761306768770E-04
  2.90000E+01                6.09032135723387E+00  -1.15385671192018E-05   3.32693141793013E-05   1.25120937577261E-04   1.88471798645719E-04
  2.95000E+01                6.09009811523671E+00  -1.15316778421877E-05   3.32628673857615E-05   1.24946688006271E-04   1.88211302988423E-04
  3.00000E+01                6.08987445771034E+00  -1.15247895798408E-05   3.32564228015478E-05   1.24789201770849E-04   1.87975931212996E-04
  3.05000E+01                6.08965044261633E+00  -1.15179026897443E-05   3.32499806461293E-05   1.24646212349256E-04   1.87762285267223E-04
  3.10000E+01                6.08942611739784E+00  -1.15110173941738E-05   3.32435410274523E-05   1.24515761045789E-04   1.87567428041012E-04
  3.15000E+01                6.08920152082462E+00  -1.15041338239405E-05   3.32371039820863E-05   1.24396172776932E-04   1.87388847182931E-04
  3.20000E+01                6.08897668459251E+00  -1.14972520522890E-05   3.32306695057392E-05   1.24286029172377E-04   1.87224414883794E-04
  3.25000E+01                6.08875163461439E+00  -1.14903721182792E-05   3.32242375738538E-05   1.24184140423520E-04   1.87072345774192E-04
  3.30000E+01                6.08852639206412E+00  -1.14834940416594E-05   3.32178081541345E-05   1.24089517038068E-04   1.86931154671937E-04
  3.35000E+01                6.08830097420129E+00  -1.14766178317490E-05   3.32113812136652E-05   1.24001342406378E-04   1.86799615536052E-04
  3.40000E+01                6.08807539505403E+00  -1.14697434924734E-05   3.32049567221401E-05   1.23918946858120E-04   1.86676722643912E-04
  3.45000E+01                6.08784966599866E+00  -1.14628710250932E-05   3.31985346534603E-05   1.23841783687399E-04   1.86561654707972E-04
  3.50000E+01                6.08762379624052E+00  -1.14560004296207E-05   3.31921149856707E-05   1.23769407450972E-04   1.86453742388830E-04
  3.55000E+01                6.08739779324369E+00  -1.14491317055279E-05   3.31856977008244E-05   1.23701454697746E-04   1.86352439442184E-04
  3.60000E+01                6.08717166308117E+00  -1.14422648520821E-05   3.31792827843286E-05   1.23637627168475E-04   1.86257297558682E-04
  3.65000E+01                6.08694541075008E+00  -1.14353998684969E-05   3.31728702242308E-05   1.23577677410800E-04   1.86167944815381E-04
  3.70000E+01                6.08671904042451E+00  -1.14285367539929E-05   3.31664600108063E-05   1.23521396685307E-04   1.86084067553418E-04
  3.75000E+01                6.08649255566851E+00  -1.14216755078172E-05   3.31600521358025E-05   1.23468604989783E-04   1.86005395423960E-04
  3.80000E+01                6.08626595961198E+00  -1.14148161292460E-05   3.31536465921949E-05   1.23419142998488E-04   1.85931689298966E-04
  3.85000E+01                6.08603925508450E+00  -1.14079586175793E-05   3.31472433736926E-05   1.23372865697939E-04   1.85862731720284E-04
  3.90000E+01                6.08581244472486E+00  -1.14011029721346E-05   3.31408424744054E-05   1.23329637496919E-04   1.85798319554951E-04
  3.95000E+01                6.08558553105811E+00  -1.13942491922414E-05   3.31344438888461E-05   1.23289328593742E-04   1.85738258532376E-04
  4.00000E+01                6.08535851655579E+00  -1.13873972772355E-05   3.31280476114598E-05   1.23251812395313E-04   1.85682359356307E-04
  4.05000E+01                6.08513140367029E+00  -1.13805472264558E-05   3.31216536367897E-05   1.23216963798513E-04   1.85630435108339E-04
  4.10000E+01                6.08490419486073E+00  -1.13736990392418E-05   3.31152619591772E-05   1.23184658162873E-04   1.85582299687217E-04
  4.15000E+01                6.08467689260361E+00  -1.13668527149327E-05   3.31088725729842E-05   1.23154770823253E-04   1.85537767057769E-04
  4.20000E+01                6.08444949939509E+00  -1.13600082528655E-05   3.31024854723030E-05   1.23127177011152E-04   1.85496651112950E-04
  4.25000E+01                6.08422201774676E+00  -1.13531656523767E-05   3.30961006512286E-05   1.23101752072668E-04   1.85458765981533E-04
  4.30000E+01                6.08399445017540E+00  -1.13463249128012E-05   3.30897181036922E-05   1.23078371889401E-04   1.85423926641245E-04
  4.35000E+01                6.08376679919232E+00  -1.13394860334744E-05   3.30833378235528E-05   1.23056913425451E-04   1.85391949722372E-04
  4.40000E+01                6.08353906728842E+00  -1.13326490137322E-05   3.30769598046621E-05   1.23037255338893E-04   1.85362654409582E-04
  4.45000E+01                6.08331125692109E+00  -1.13258138529127E-05   3.30705840409355E-05   1.23019278609547E-04   1.85335863369804E-04
  4.50000E+01                6.08308337049760E+00  -1.13189805503572E-05   3.30642105262774E-05   1.23002867146610E-04   1.85311403651597E-04
  4.55000E+01                6.08285541036469E+00  -1.13121491054112E-05   3.30578392547179E-05   1.22987908349693E-04   1.85289107516310E-04
  4.60000E+01                6.08262737879582E+00  -1.13053195174251E-05   3.30514702204586E-05   1.22974293605282E-04   1.85268813174003E-04
  4.65000E+01                6.08239927797972E+00  -1.12984917857557E-05   3.30451034178305E-05   1.22961918707470E-04   1.85250365407369E-04
  4.70000E+01                6.08217111001344E+00  -1.12916659097663E-05   3.30387388413723E-05   1.22950684197462E-04   1.85233616075290E-04
  4.75000E+01                6.08194287689437E+00  -1.12848418888279E-05   3.30323764858516E-05   1.22940495620711E-04   1.85218424494178E-04
  4.80000E+01                6.08171458051671E+00  -1.12780197223192E-05   3.30260163462391E-05   1.22931263703864E-04   1.85204657700293E-04
  4.85000E+01                6.08148622266744E+00  -1.12711994096274E-05   3.30196584178024E-05   1.22922904456178E-04   1.85192190599845E-04
  4.90000E+01                6.08125780502222E+00  -1.12643809501478E-05   3.30133026960124E-05   1.22915339201745E-04   1.85180906016292E-04
  4.95000E+01                6.08102932915248E+00  -1.12575643432844E-05   3.30069491767166E-05   1.22908494549912E-04   1.85170694645767E-04
  5.00000E+01                6.08080079651579E+00  -1.12507495884500E-05   3.30005978558640E-05   1.22902302311900E-04   1.85161454932503E-04
