# Time          2.0000E+01
# Units: Mol/m**3 Porous Medium/s
    Distance           An50Ab50AS       Kaolinite        CO2_pump     
       5.0000E-03      -4.8845E-10      -6.6394E-11      -1.7485E-07
       1.5000E-02      -4.8845E-10      -4.5422E-11      -1.7485E-07
       2.5000E-02      -4.8845E-10       6.4373E-11      -1.7485E-07
       3.5000E-02      -4.8845E-10       2.4454E-10      -1.7485E-07
       4.5000E-02      -4.8845E-10       3.7978E-10      -1.7485E-07
       5.5000E-02      -4.8845E-10       4.4331E-10      -1.7485E-07
       6.5000E-02      -4.8845E-10       4.6373E-10      -1.7485E-07
       7.5000E-02      -4.8845E-10       4.6454E-10      -1.7485E-07
       8.5000E-02      -4.8845E-10       4.5688E-10      -1.7485E-07
       9.5000E-02      -4.8845E-10       4.4517E-10      -1.7485E-07
       1.0500E-01      -4.8845E-10       4.3128E-10      -1.7485E-07
       1.1500E-01      -4.8845E-10       4.1663E-10      -1.7485E-07
       1.2500E-01      -4.8845E-10       4.0283E-10      -1.7485E-07
       1.3500E-01      -4.8845E-10       3.9135E-10      -1.7485E-07
       1.4500E-01      -4.8845E-10       3.8287E-10      -1.7485E-07
       1.5500E-01      -4.8845E-10       3.7714E-10      -1.7485E-07
       1.6500E-01      -4.8845E-10       3.7347E-10      -1.7485E-07
       1.7500E-01      -4.8845E-10       3.7116E-10      -1.7485E-07
       1.8500E-01      -4.8845E-10       3.6969E-10      -1.7485E-07
       1.9500E-01      -4.8845E-10       3.6874E-10      -1.7485E-07
       2.0500E-01      -4.8845E-10       3.6811E-10      -1.7485E-07
       2.1500E-01      -4.8845E-10       3.6768E-10      -1.7485E-07
       2.2500E-01      -4.8845E-10       3.6737E-10      -1.7485E-07
       2.3500E-01      -4.8845E-10       3.6688E-10      -1.7485E-07
       2.4500E-01      -4.8845E-10       3.5503E-10      -1.7485E-07
       2.5500E-01       0.0000E+00       1.7046E-11       0.0000E+00
       2.6500E-01       0.0000E+00       1.3394E-12       0.0000E+00
       2.7500E-01       0.0000E+00       1.1091E-13       0.0000E+00
       2.8500E-01       0.0000E+00       9.2248E-15       0.0000E+00
       2.9500E-01       0.0000E+00       7.6728E-16       0.0000E+00
       3.0500E-01       0.0000E+00       6.3547E-17       0.0000E+00
       3.1500E-01       0.0000E+00       4.9691E-18       0.0000E+00
       3.2500E-01       0.0000E+00       7.2918E-20       0.0000E+00
       3.3500E-01       0.0000E+00      -3.5754E-19       0.0000E+00
       3.4500E-01       0.0000E+00      -4.1731E-19       0.0000E+00
       3.5500E-01       0.0000E+00      -4.4713E-19       0.0000E+00
       3.6500E-01       0.0000E+00      -4.7534E-19       0.0000E+00
       3.7500E-01       0.0000E+00      -5.0432E-19       0.0000E+00
       3.8500E-01       0.0000E+00      -5.3430E-19       0.0000E+00
       3.9500E-01       0.0000E+00      -5.6533E-19       0.0000E+00
       4.0500E-01       0.0000E+00      -5.9744E-19       0.0000E+00
       4.1500E-01       0.0000E+00      -6.3070E-19       0.0000E+00
       4.2500E-01       0.0000E+00      -6.6515E-19       0.0000E+00
       4.3500E-01       0.0000E+00      -7.0083E-19       0.0000E+00
       4.4500E-01       0.0000E+00      -7.3781E-19       0.0000E+00
       4.5500E-01       0.0000E+00      -7.7613E-19       0.0000E+00
       4.6500E-01       0.0000E+00      -8.1583E-19       0.0000E+00
       4.7500E-01       0.0000E+00      -8.5695E-19       0.0000E+00
       4.8500E-01       0.0000E+00      -8.9954E-19       0.0000E+00
       4.9500E-01       0.0000E+00      -9.4362E-19       0.0000E+00
       5.0500E-01       0.0000E+00      -9.8922E-19       0.0000E+00
       5.1500E-01       0.0000E+00      -1.0364E-18       0.0000E+00
       5.2500E-01       0.0000E+00      -1.0851E-18       0.0000E+00
       5.3500E-01       0.0000E+00      -1.1354E-18       0.0000E+00
       5.4500E-01       0.0000E+00      -1.1873E-18       0.0000E+00
       5.5500E-01       0.0000E+00      -1.2409E-18       0.0000E+00
       5.6500E-01       0.0000E+00      -1.2961E-18       0.0000E+00
       5.7500E-01       0.0000E+00      -1.3529E-18       0.0000E+00
       5.8500E-01       0.0000E+00      -1.4113E-18       0.0000E+00
       5.9500E-01       0.0000E+00      -1.4714E-18       0.0000E+00
       6.0500E-01       0.0000E+00      -1.5332E-18       0.0000E+00
       6.1500E-01       0.0000E+00      -1.5965E-18       0.0000E+00
       6.2500E-01       0.0000E+00      -1.6615E-18       0.0000E+00
       6.3500E-01       0.0000E+00      -1.7282E-18       0.0000E+00
       6.4500E-01       0.0000E+00      -1.7964E-18       0.0000E+00
       6.5500E-01       0.0000E+00      -1.8662E-18       0.0000E+00
       6.6500E-01       0.0000E+00      -1.9377E-18       0.0000E+00
       6.7500E-01       0.0000E+00      -2.0107E-18       0.0000E+00
       6.8500E-01       0.0000E+00      -2.0852E-18       0.0000E+00
       6.9500E-01       0.0000E+00      -2.1613E-18       0.0000E+00
       7.0500E-01       0.0000E+00      -2.2389E-18       0.0000E+00
       7.1500E-01       0.0000E+00      -2.3179E-18       0.0000E+00
       7.2500E-01       0.0000E+00      -2.3984E-18       0.0000E+00
       7.3500E-01       0.0000E+00      -2.4804E-18       0.0000E+00
       7.4500E-01       0.0000E+00      -2.5637E-18       0.0000E+00
       7.5500E-01       0.0000E+00      -2.6484E-18       0.0000E+00
       7.6500E-01       0.0000E+00      -2.7344E-18       0.0000E+00
       7.7500E-01       0.0000E+00      -2.8217E-18       0.0000E+00
       7.8500E-01       0.0000E+00      -2.9104E-18       0.0000E+00
       7.9500E-01       0.0000E+00      -3.0002E-18       0.0000E+00
       8.0500E-01       0.0000E+00      -3.0913E-18       0.0000E+00
       8.1500E-01       0.0000E+00      -3.1835E-18       0.0000E+00
       8.2500E-01       0.0000E+00      -3.2769E-18       0.0000E+00
       8.3500E-01       0.0000E+00      -3.3715E-18       0.0000E+00
       8.4500E-01       0.0000E+00      -3.4671E-18       0.0000E+00
       8.5500E-01       0.0000E+00      -3.5638E-18       0.0000E+00
       8.6500E-01       0.0000E+00      -3.6615E-18       0.0000E+00
       8.7500E-01       0.0000E+00      -3.7603E-18       0.0000E+00
       8.8500E-01       0.0000E+00      -3.8600E-18       0.0000E+00
       8.9500E-01       0.0000E+00      -3.9608E-18       0.0000E+00
       9.0500E-01       0.0000E+00      -4.0625E-18       0.0000E+00
       9.1500E-01       0.0000E+00      -4.1651E-18       0.0000E+00
       9.2500E-01       0.0000E+00      -4.2687E-18       0.0000E+00
       9.3500E-01       0.0000E+00      -4.3733E-18       0.0000E+00
       9.4500E-01       0.0000E+00      -4.4787E-18       0.0000E+00
       9.5500E-01       0.0000E+00      -4.5851E-18       0.0000E+00
       9.6500E-01       0.0000E+00      -4.6924E-18       0.0000E+00
       9.7500E-01       0.0000E+00      -4.8006E-18       0.0000E+00
       9.8500E-01       0.0000E+00      -4.9097E-18       0.0000E+00
       9.9500E-01       0.0000E+00      -5.0198E-18       0.0000E+00
       1.0050E+00       0.0000E+00      -5.1308E-18       0.0000E+00
       1.0150E+00       0.0000E+00      -5.2428E-18       0.0000E+00
       1.0250E+00       0.0000E+00      -5.3558E-18       0.0000E+00
       1.0350E+00       0.0000E+00      -5.4698E-18       0.0000E+00
       1.0450E+00       0.0000E+00      -5.5847E-18       0.0000E+00
       1.0550E+00       0.0000E+00      -5.7008E-18       0.0000E+00
       1.0650E+00       0.0000E+00      -5.8179E-18       0.0000E+00
       1.0750E+00       0.0000E+00      -5.9361E-18       0.0000E+00
       1.0850E+00       0.0000E+00      -6.0555E-18       0.0000E+00
       1.0950E+00       0.0000E+00      -6.1760E-18       0.0000E+00
       1.1050E+00       0.0000E+00      -6.2978E-18       0.0000E+00
       1.1150E+00       0.0000E+00      -6.4208E-18       0.0000E+00
       1.1250E+00       0.0000E+00      -6.5451E-18       0.0000E+00
       1.1350E+00       0.0000E+00      -6.6707E-18       0.0000E+00
       1.1450E+00       0.0000E+00      -6.7977E-18       0.0000E+00
       1.1550E+00       0.0000E+00      -6.9261E-18       0.0000E+00
       1.1650E+00       0.0000E+00      -7.0560E-18       0.0000E+00
       1.1750E+00       0.0000E+00      -7.1874E-18       0.0000E+00
       1.1850E+00       0.0000E+00      -7.3203E-18       0.0000E+00
       1.1950E+00       0.0000E+00      -7.4548E-18       0.0000E+00
       1.2050E+00       0.0000E+00      -7.5909E-18       0.0000E+00
       1.2150E+00       0.0000E+00      -7.7287E-18       0.0000E+00
       1.2250E+00       0.0000E+00      -7.8682E-18       0.0000E+00
       1.2350E+00       0.0000E+00      -8.0094E-18       0.0000E+00
       1.2450E+00       0.0000E+00      -8.1524E-18       0.0000E+00
       1.2550E+00       0.0000E+00      -8.2972E-18       0.0000E+00
       1.2650E+00       0.0000E+00      -8.4438E-18       0.0000E+00
       1.2750E+00       0.0000E+00      -8.5922E-18       0.0000E+00
       1.2850E+00       0.0000E+00      -8.7426E-18       0.0000E+00
       1.2950E+00       0.0000E+00      -8.8948E-18       0.0000E+00
       1.3050E+00       0.0000E+00      -9.0490E-18       0.0000E+00
       1.3150E+00       0.0000E+00      -9.2051E-18       0.0000E+00
       1.3250E+00       0.0000E+00      -9.3631E-18       0.0000E+00
       1.3350E+00       0.0000E+00      -9.5230E-18       0.0000E+00
       1.3450E+00       0.0000E+00      -9.6849E-18       0.0000E+00
       1.3550E+00       0.0000E+00      -9.8487E-18       0.0000E+00
       1.3650E+00       0.0000E+00      -1.0014E-17       0.0000E+00
       1.3750E+00       0.0000E+00      -1.0182E-17       0.0000E+00
       1.3850E+00       0.0000E+00      -1.0352E-17       0.0000E+00
       1.3950E+00       0.0000E+00      -1.0523E-17       0.0000E+00
       1.4050E+00       0.0000E+00      -1.0696E-17       0.0000E+00
       1.4150E+00       0.0000E+00      -1.0871E-17       0.0000E+00
       1.4250E+00       0.0000E+00      -1.1048E-17       0.0000E+00
       1.4350E+00       0.0000E+00      -1.1227E-17       0.0000E+00
       1.4450E+00       0.0000E+00      -1.1407E-17       0.0000E+00
       1.4550E+00       0.0000E+00      -1.1589E-17       0.0000E+00
       1.4650E+00       0.0000E+00      -1.1772E-17       0.0000E+00
       1.4750E+00       0.0000E+00      -1.1957E-17       0.0000E+00
       1.4850E+00       0.0000E+00      -1.2143E-17       0.0000E+00
       1.4950E+00       0.0000E+00      -1.2331E-17       0.0000E+00
       1.5050E+00       0.0000E+00      -1.2520E-17       0.0000E+00
       1.5150E+00       0.0000E+00      -1.2710E-17       0.0000E+00
       1.5250E+00       0.0000E+00      -1.2901E-17       0.0000E+00
       1.5350E+00       0.0000E+00      -1.3093E-17       0.0000E+00
       1.5450E+00       0.0000E+00      -1.3287E-17       0.0000E+00
       1.5550E+00       0.0000E+00      -1.3481E-17       0.0000E+00
       1.5650E+00       0.0000E+00      -1.3675E-17       0.0000E+00
       1.5750E+00       0.0000E+00      -1.3871E-17       0.0000E+00
       1.5850E+00       0.0000E+00      -1.4067E-17       0.0000E+00
       1.5950E+00       0.0000E+00      -1.4263E-17       0.0000E+00
       1.6050E+00       0.0000E+00      -1.4460E-17       0.0000E+00
       1.6150E+00       0.0000E+00      -1.4657E-17       0.0000E+00
       1.6250E+00       0.0000E+00      -1.4854E-17       0.0000E+00
       1.6350E+00       0.0000E+00      -1.5051E-17       0.0000E+00
       1.6450E+00       0.0000E+00      -1.5248E-17       0.0000E+00
       1.6550E+00       0.0000E+00      -1.5444E-17       0.0000E+00
       1.6650E+00       0.0000E+00      -1.5640E-17       0.0000E+00
       1.6750E+00       0.0000E+00      -1.5836E-17       0.0000E+00
       1.6850E+00       0.0000E+00      -1.6031E-17       0.0000E+00
       1.6950E+00       0.0000E+00      -1.6225E-17       0.0000E+00
       1.7050E+00       0.0000E+00      -1.6419E-17       0.0000E+00
       1.7150E+00       0.0000E+00      -1.6611E-17       0.0000E+00
       1.7250E+00       0.0000E+00      -1.6802E-17       0.0000E+00
       1.7350E+00       0.0000E+00      -1.6992E-17       0.0000E+00
       1.7450E+00       0.0000E+00      -1.7181E-17       0.0000E+00
       1.7550E+00       0.0000E+00      -1.7368E-17       0.0000E+00
       1.7650E+00       0.0000E+00      -1.7554E-17       0.0000E+00
       1.7750E+00       0.0000E+00      -1.7737E-17       0.0000E+00
       1.7850E+00       0.0000E+00      -1.7919E-17       0.0000E+00
       1.7950E+00       0.0000E+00      -1.8099E-17       0.0000E+00
       1.8050E+00       0.0000E+00      -1.8277E-17       0.0000E+00
       1.8150E+00       0.0000E+00      -1.8453E-17       0.0000E+00
       1.8250E+00       0.0000E+00      -1.8627E-17       0.0000E+00
       1.8350E+00       0.0000E+00      -1.8798E-17       0.0000E+00
       1.8450E+00       0.0000E+00      -1.8966E-17       0.0000E+00
       1.8550E+00       0.0000E+00      -1.9132E-17       0.0000E+00
       1.8650E+00       0.0000E+00      -1.9296E-17       0.0000E+00
       1.8750E+00       0.0000E+00      -1.9456E-17       0.0000E+00
       1.8850E+00       0.0000E+00      -1.9614E-17       0.0000E+00
       1.8950E+00       0.0000E+00      -1.9768E-17       0.0000E+00
       1.9050E+00       0.0000E+00      -1.9920E-17       0.0000E+00
       1.9150E+00       0.0000E+00      -2.0068E-17       0.0000E+00
       1.9250E+00       0.0000E+00      -2.0213E-17       0.0000E+00
       1.9350E+00       0.0000E+00      -2.0355E-17       0.0000E+00
       1.9450E+00       0.0000E+00      -2.0494E-17       0.0000E+00
       1.9550E+00       0.0000E+00      -2.0628E-17       0.0000E+00
       1.9650E+00       0.0000E+00      -2.0760E-17       0.0000E+00
       1.9750E+00       0.0000E+00      -2.0887E-17       0.0000E+00
       1.9850E+00       0.0000E+00      -2.1012E-17       0.0000E+00
       1.9950E+00       0.0000E+00      -2.1132E-17       0.0000E+00
       2.0050E+00       0.0000E+00      -2.1248E-17       0.0000E+00
       2.0150E+00       0.0000E+00      -2.1361E-17       0.0000E+00
       2.0250E+00       0.0000E+00      -2.1470E-17       0.0000E+00
       2.0350E+00       0.0000E+00      -2.1574E-17       0.0000E+00
       2.0450E+00       0.0000E+00      -2.1675E-17       0.0000E+00
       2.0550E+00       0.0000E+00      -2.1772E-17       0.0000E+00
       2.0650E+00       0.0000E+00      -2.1864E-17       0.0000E+00
       2.0750E+00       0.0000E+00      -2.1953E-17       0.0000E+00
       2.0850E+00       0.0000E+00      -2.2037E-17       0.0000E+00
       2.0950E+00       0.0000E+00      -2.2117E-17       0.0000E+00
       2.1050E+00       0.0000E+00      -2.2193E-17       0.0000E+00
       2.1150E+00       0.0000E+00      -2.2265E-17       0.0000E+00
       2.1250E+00       0.0000E+00      -2.2332E-17       0.0000E+00
       2.1350E+00       0.0000E+00      -2.2395E-17       0.0000E+00
       2.1450E+00       0.0000E+00      -2.2454E-17       0.0000E+00
       2.1550E+00       0.0000E+00      -2.2509E-17       0.0000E+00
       2.1650E+00       0.0000E+00      -2.2559E-17       0.0000E+00
       2.1750E+00       0.0000E+00      -2.2605E-17       0.0000E+00
       2.1850E+00       0.0000E+00      -2.2646E-17       0.0000E+00
       2.1950E+00       0.0000E+00      -2.2683E-17       0.0000E+00
       2.2050E+00       0.0000E+00      -2.2716E-17       0.0000E+00
       2.2150E+00       0.0000E+00      -2.2745E-17       0.0000E+00
       2.2250E+00       0.0000E+00      -2.2769E-17       0.0000E+00
       2.2350E+00       0.0000E+00      -2.2789E-17       0.0000E+00
       2.2450E+00       0.0000E+00      -2.2804E-17       0.0000E+00
       2.2550E+00       0.0000E+00      -2.2816E-17       0.0000E+00
       2.2650E+00       0.0000E+00      -2.2823E-17       0.0000E+00
       2.2750E+00       0.0000E+00      -2.2825E-17       0.0000E+00
       2.2850E+00       0.0000E+00      -2.2824E-17       0.0000E+00
       2.2950E+00       0.0000E+00      -2.2818E-17       0.0000E+00
       2.3050E+00       0.0000E+00      -2.2808E-17       0.0000E+00
       2.3150E+00       0.0000E+00      -2.2794E-17       0.0000E+00
       2.3250E+00       0.0000E+00      -2.2776E-17       0.0000E+00
       2.3350E+00       0.0000E+00      -2.2753E-17       0.0000E+00
       2.3450E+00       0.0000E+00      -2.2727E-17       0.0000E+00
       2.3550E+00       0.0000E+00      -2.2696E-17       0.0000E+00
       2.3650E+00       0.0000E+00      -2.2661E-17       0.0000E+00
       2.3750E+00       0.0000E+00      -2.2623E-17       0.0000E+00
       2.3850E+00       0.0000E+00      -2.2580E-17       0.0000E+00
       2.3950E+00       0.0000E+00      -2.2534E-17       0.0000E+00
       2.4050E+00       0.0000E+00      -2.2483E-17       0.0000E+00
       2.4150E+00       0.0000E+00      -2.2429E-17       0.0000E+00
       2.4250E+00       0.0000E+00      -2.2371E-17       0.0000E+00
       2.4350E+00       0.0000E+00      -2.2309E-17       0.0000E+00
       2.4450E+00       0.0000E+00      -2.2243E-17       0.0000E+00
       2.4550E+00       0.0000E+00      -2.2174E-17       0.0000E+00
       2.4650E+00       0.0000E+00      -2.2101E-17       0.0000E+00
       2.4750E+00       0.0000E+00      -2.2025E-17       0.0000E+00
       2.4850E+00       0.0000E+00      -2.1945E-17       0.0000E+00
       2.4950E+00       0.0000E+00      -2.1862E-17       0.0000E+00
       2.5050E+00       0.0000E+00      -2.1775E-17       0.0000E+00
       2.5150E+00       0.0000E+00      -2.1685E-17       0.0000E+00
       2.5250E+00       0.0000E+00      -2.1591E-17       0.0000E+00
       2.5350E+00       0.0000E+00      -2.1494E-17       0.0000E+00
       2.5450E+00       0.0000E+00      -2.1394E-17       0.0000E+00
       2.5550E+00       0.0000E+00      -2.1291E-17       0.0000E+00
       2.5650E+00       0.0000E+00      -2.1185E-17       0.0000E+00
       2.5750E+00       0.0000E+00      -2.1076E-17       0.0000E+00
       2.5850E+00       0.0000E+00      -2.0963E-17       0.0000E+00
       2.5950E+00       0.0000E+00      -2.0848E-17       0.0000E+00
       2.6050E+00       0.0000E+00      -2.0730E-17       0.0000E+00
       2.6150E+00       0.0000E+00      -2.0609E-17       0.0000E+00
       2.6250E+00       0.0000E+00      -2.0486E-17       0.0000E+00
       2.6350E+00       0.0000E+00      -2.0360E-17       0.0000E+00
       2.6450E+00       0.0000E+00      -2.0231E-17       0.0000E+00
       2.6550E+00       0.0000E+00      -2.0099E-17       0.0000E+00
       2.6650E+00       0.0000E+00      -1.9965E-17       0.0000E+00
       2.6750E+00       0.0000E+00      -1.9829E-17       0.0000E+00
       2.6850E+00       0.0000E+00      -1.9691E-17       0.0000E+00
       2.6950E+00       0.0000E+00      -1.9550E-17       0.0000E+00
       2.7050E+00       0.0000E+00      -1.9406E-17       0.0000E+00
       2.7150E+00       0.0000E+00      -1.9261E-17       0.0000E+00
       2.7250E+00       0.0000E+00      -1.9114E-17       0.0000E+00
       2.7350E+00       0.0000E+00      -1.8964E-17       0.0000E+00
       2.7450E+00       0.0000E+00      -1.8813E-17       0.0000E+00
       2.7550E+00       0.0000E+00      -1.8659E-17       0.0000E+00
       2.7650E+00       0.0000E+00      -1.8504E-17       0.0000E+00
       2.7750E+00       0.0000E+00      -1.8347E-17       0.0000E+00
       2.7850E+00       0.0000E+00      -1.8189E-17       0.0000E+00
       2.7950E+00       0.0000E+00      -1.8029E-17       0.0000E+00
       2.8050E+00       0.0000E+00      -1.7867E-17       0.0000E+00
       2.8150E+00       0.0000E+00      -1.7704E-17       0.0000E+00
       2.8250E+00       0.0000E+00      -1.7539E-17       0.0000E+00
       2.8350E+00       0.0000E+00      -1.7373E-17       0.0000E+00
       2.8450E+00       0.0000E+00      -1.7207E-17       0.0000E+00
       2.8550E+00       0.0000E+00      -1.7039E-17       0.0000E+00
       2.8650E+00       0.0000E+00      -1.6870E-17       0.0000E+00
       2.8750E+00       0.0000E+00      -1.6701E-17       0.0000E+00
       2.8850E+00       0.0000E+00      -1.6531E-17       0.0000E+00
       2.8950E+00       0.0000E+00      -1.6361E-17       0.0000E+00
       2.9050E+00       0.0000E+00      -1.6192E-17       0.0000E+00
       2.9150E+00       0.0000E+00      -1.6024E-17       0.0000E+00
       2.9250E+00       0.0000E+00      -1.5858E-17       0.0000E+00
       2.9350E+00       0.0000E+00      -1.5696E-17       0.0000E+00
       2.9450E+00       0.0000E+00      -1.5539E-17       0.0000E+00
       2.9550E+00       0.0000E+00      -1.5391E-17       0.0000E+00
       2.9650E+00       0.0000E+00      -1.5255E-17       0.0000E+00
       2.9750E+00       0.0000E+00      -1.5136E-17       0.0000E+00
       2.9850E+00       0.0000E+00      -1.5044E-17       0.0000E+00
       2.9950E+00       0.0000E+00      -1.4989E-17       0.0000E+00
