# Time          1.0000E+00
# Units: Mol/m**3 Porous Medium/s
    Distance           An50Ab50AS       Kaolinite        CO2_pump     
       5.0000E-03      -4.9336E-10      -6.6383E-11      -1.7485E-07
       1.5000E-02      -4.9336E-10      -4.4834E-11      -1.7485E-07
       2.5000E-02      -4.9336E-10       6.7562E-11      -1.7485E-07
       3.5000E-02      -4.9336E-10       2.5018E-10      -1.7485E-07
       4.5000E-02      -4.9336E-10       3.8568E-10      -1.7485E-07
       5.5000E-02      -4.9336E-10       4.4860E-10      -1.7485E-07
       6.5000E-02      -4.9336E-10       4.6842E-10      -1.7485E-07
       7.5000E-02      -4.9336E-10       4.6878E-10      -1.7485E-07
       8.5000E-02      -4.9336E-10       4.6077E-10      -1.7485E-07
       9.5000E-02      -4.9336E-10       4.4877E-10      -1.7485E-07
       1.0500E-01      -4.9336E-10       4.3468E-10      -1.7485E-07
       1.1500E-01      -4.9336E-10       4.1996E-10      -1.7485E-07
       1.2500E-01      -4.9336E-10       4.0621E-10      -1.7485E-07
       1.3500E-01      -4.9336E-10       3.9487E-10      -1.7485E-07
       1.4500E-01      -4.9336E-10       3.8651E-10      -1.7485E-07
       1.5500E-01      -4.9336E-10       3.8087E-10      -1.7485E-07
       1.6500E-01      -4.9336E-10       3.7724E-10      -1.7485E-07
       1.7500E-01      -4.9336E-10       3.7494E-10      -1.7485E-07
       1.8500E-01      -4.9336E-10       3.7348E-10      -1.7485E-07
       1.9500E-01      -4.9336E-10       3.7252E-10      -1.7485E-07
       2.0500E-01      -4.9336E-10       3.7188E-10      -1.7485E-07
       2.1500E-01      -4.9336E-10       3.7145E-10      -1.7485E-07
       2.2500E-01      -4.9336E-10       3.7114E-10      -1.7485E-07
       2.3500E-01      -4.9336E-10       3.7061E-10      -1.7485E-07
       2.4500E-01      -4.9336E-10       3.5793E-10      -1.7485E-07
       2.5500E-01       0.0000E+00       1.8088E-11       0.0000E+00
       2.6500E-01       0.0000E+00       1.5107E-12       0.0000E+00
       2.7500E-01       0.0000E+00       1.3863E-13       0.0000E+00
       2.8500E-01       0.0000E+00       1.7907E-14       0.0000E+00
       2.9500E-01       0.0000E+00       8.3650E-15       0.0000E+00
       3.0500E-01       0.0000E+00       9.1215E-15       0.0000E+00
       3.1500E-01       0.0000E+00       1.1140E-14       0.0000E+00
       3.2500E-01       0.0000E+00       1.3655E-14       0.0000E+00
       3.3500E-01       0.0000E+00       1.6661E-14       0.0000E+00
       3.4500E-01       0.0000E+00       2.0240E-14       0.0000E+00
       3.5500E-01       0.0000E+00       2.4493E-14       0.0000E+00
       3.6500E-01       0.0000E+00       2.9543E-14       0.0000E+00
       3.7500E-01       0.0000E+00       3.5538E-14       0.0000E+00
       3.8500E-01       0.0000E+00       4.2652E-14       0.0000E+00
       3.9500E-01       0.0000E+00       5.1094E-14       0.0000E+00
       4.0500E-01       0.0000E+00       6.1113E-14       0.0000E+00
       4.1500E-01       0.0000E+00       7.3006E-14       0.0000E+00
       4.2500E-01       0.0000E+00       8.7125E-14       0.0000E+00
       4.3500E-01       0.0000E+00       1.0389E-13       0.0000E+00
       4.4500E-01       0.0000E+00       1.2378E-13       0.0000E+00
       4.5500E-01       0.0000E+00       1.4737E-13       0.0000E+00
       4.6500E-01       0.0000E+00       1.7532E-13       0.0000E+00
       4.7500E-01       0.0000E+00       2.0838E-13       0.0000E+00
       4.8500E-01       0.0000E+00       2.4740E-13       0.0000E+00
       4.9500E-01       0.0000E+00       2.9332E-13       0.0000E+00
       5.0500E-01       0.0000E+00       3.4713E-13       0.0000E+00
       5.1500E-01       0.0000E+00       4.0990E-13       0.0000E+00
       5.2500E-01       0.0000E+00       4.8268E-13       0.0000E+00
       5.3500E-01       0.0000E+00       5.6650E-13       0.0000E+00
       5.4500E-01       0.0000E+00       6.6224E-13       0.0000E+00
       5.5500E-01       0.0000E+00       7.7060E-13       0.0000E+00
       5.6500E-01       0.0000E+00       8.9201E-13       0.0000E+00
       5.7500E-01       0.0000E+00       1.0265E-12       0.0000E+00
       5.8500E-01       0.0000E+00       1.1737E-12       0.0000E+00
       5.9500E-01       0.0000E+00       1.3325E-12       0.0000E+00
       6.0500E-01       0.0000E+00       1.5017E-12       0.0000E+00
       6.1500E-01       0.0000E+00       1.6790E-12       0.0000E+00
       6.2500E-01       0.0000E+00       1.8619E-12       0.0000E+00
       6.3500E-01       0.0000E+00       2.0475E-12       0.0000E+00
       6.4500E-01       0.0000E+00       2.2324E-12       0.0000E+00
       6.5500E-01       0.0000E+00       2.4131E-12       0.0000E+00
       6.6500E-01       0.0000E+00       2.5861E-12       0.0000E+00
       6.7500E-01       0.0000E+00       2.7479E-12       0.0000E+00
       6.8500E-01       0.0000E+00       2.8954E-12       0.0000E+00
       6.9500E-01       0.0000E+00       3.0259E-12       0.0000E+00
       7.0500E-01       0.0000E+00       3.1369E-12       0.0000E+00
       7.1500E-01       0.0000E+00       3.2268E-12       0.0000E+00
       7.2500E-01       0.0000E+00       3.2943E-12       0.0000E+00
       7.3500E-01       0.0000E+00       3.3388E-12       0.0000E+00
       7.4500E-01       0.0000E+00       3.3603E-12       0.0000E+00
       7.5500E-01       0.0000E+00       3.3591E-12       0.0000E+00
       7.6500E-01       0.0000E+00       3.3363E-12       0.0000E+00
       7.7500E-01       0.0000E+00       3.2931E-12       0.0000E+00
       7.8500E-01       0.0000E+00       3.2310E-12       0.0000E+00
       7.9500E-01       0.0000E+00       3.1520E-12       0.0000E+00
       8.0500E-01       0.0000E+00       3.0581E-12       0.0000E+00
       8.1500E-01       0.0000E+00       2.9513E-12       0.0000E+00
       8.2500E-01       0.0000E+00       2.8339E-12       0.0000E+00
       8.3500E-01       0.0000E+00       2.7080E-12       0.0000E+00
       8.4500E-01       0.0000E+00       2.5757E-12       0.0000E+00
       8.5500E-01       0.0000E+00       2.4390E-12       0.0000E+00
       8.6500E-01       0.0000E+00       2.2998E-12       0.0000E+00
       8.7500E-01       0.0000E+00       2.1598E-12       0.0000E+00
       8.8500E-01       0.0000E+00       2.0204E-12       0.0000E+00
       8.9500E-01       0.0000E+00       1.8832E-12       0.0000E+00
       9.0500E-01       0.0000E+00       1.7491E-12       0.0000E+00
       9.1500E-01       0.0000E+00       1.6193E-12       0.0000E+00
       9.2500E-01       0.0000E+00       1.4945E-12       0.0000E+00
       9.3500E-01       0.0000E+00       1.3754E-12       0.0000E+00
       9.4500E-01       0.0000E+00       1.2624E-12       0.0000E+00
       9.5500E-01       0.0000E+00       1.1559E-12       0.0000E+00
       9.6500E-01       0.0000E+00       1.0560E-12       0.0000E+00
       9.7500E-01       0.0000E+00       9.6283E-13       0.0000E+00
       9.8500E-01       0.0000E+00       8.7639E-13       0.0000E+00
       9.9500E-01       0.0000E+00       7.9655E-13       0.0000E+00
       1.0050E+00       0.0000E+00       7.2314E-13       0.0000E+00
       1.0150E+00       0.0000E+00       6.5594E-13       0.0000E+00
       1.0250E+00       0.0000E+00       5.9466E-13       0.0000E+00
       1.0350E+00       0.0000E+00       5.3900E-13       0.0000E+00
       1.0450E+00       0.0000E+00       4.8864E-13       0.0000E+00
       1.0550E+00       0.0000E+00       4.4324E-13       0.0000E+00
       1.0650E+00       0.0000E+00       4.0244E-13       0.0000E+00
       1.0750E+00       0.0000E+00       3.6592E-13       0.0000E+00
       1.0850E+00       0.0000E+00       3.3332E-13       0.0000E+00
       1.0950E+00       0.0000E+00       3.0433E-13       0.0000E+00
       1.1050E+00       0.0000E+00       2.7862E-13       0.0000E+00
       1.1150E+00       0.0000E+00       2.5591E-13       0.0000E+00
       1.1250E+00       0.0000E+00       2.3590E-13       0.0000E+00
       1.1350E+00       0.0000E+00       2.1834E-13       0.0000E+00
       1.1450E+00       0.0000E+00       2.0297E-13       0.0000E+00
       1.1550E+00       0.0000E+00       1.8958E-13       0.0000E+00
       1.1650E+00       0.0000E+00       1.7795E-13       0.0000E+00
       1.1750E+00       0.0000E+00       1.6789E-13       0.0000E+00
       1.1850E+00       0.0000E+00       1.5923E-13       0.0000E+00
       1.1950E+00       0.0000E+00       1.5181E-13       0.0000E+00
       1.2050E+00       0.0000E+00       1.4548E-13       0.0000E+00
       1.2150E+00       0.0000E+00       1.4012E-13       0.0000E+00
       1.2250E+00       0.0000E+00       1.3561E-13       0.0000E+00
       1.2350E+00       0.0000E+00       1.3184E-13       0.0000E+00
       1.2450E+00       0.0000E+00       1.2873E-13       0.0000E+00
       1.2550E+00       0.0000E+00       1.2618E-13       0.0000E+00
       1.2650E+00       0.0000E+00       1.2414E-13       0.0000E+00
       1.2750E+00       0.0000E+00       1.2252E-13       0.0000E+00
       1.2850E+00       0.0000E+00       1.2128E-13       0.0000E+00
       1.2950E+00       0.0000E+00       1.2036E-13       0.0000E+00
       1.3050E+00       0.0000E+00       1.1972E-13       0.0000E+00
       1.3150E+00       0.0000E+00       1.1933E-13       0.0000E+00
       1.3250E+00       0.0000E+00       1.1913E-13       0.0000E+00
       1.3350E+00       0.0000E+00       1.1911E-13       0.0000E+00
       1.3450E+00       0.0000E+00       1.1925E-13       0.0000E+00
       1.3550E+00       0.0000E+00       1.1950E-13       0.0000E+00
       1.3650E+00       0.0000E+00       1.1987E-13       0.0000E+00
       1.3750E+00       0.0000E+00       1.2032E-13       0.0000E+00
       1.3850E+00       0.0000E+00       1.2085E-13       0.0000E+00
       1.3950E+00       0.0000E+00       1.2144E-13       0.0000E+00
       1.4050E+00       0.0000E+00       1.2208E-13       0.0000E+00
       1.4150E+00       0.0000E+00       1.2276E-13       0.0000E+00
       1.4250E+00       0.0000E+00       1.2347E-13       0.0000E+00
       1.4350E+00       0.0000E+00       1.2421E-13       0.0000E+00
       1.4450E+00       0.0000E+00       1.2497E-13       0.0000E+00
       1.4550E+00       0.0000E+00       1.2575E-13       0.0000E+00
       1.4650E+00       0.0000E+00       1.2654E-13       0.0000E+00
       1.4750E+00       0.0000E+00       1.2734E-13       0.0000E+00
       1.4850E+00       0.0000E+00       1.2814E-13       0.0000E+00
       1.4950E+00       0.0000E+00       1.2894E-13       0.0000E+00
       1.5050E+00       0.0000E+00       1.2974E-13       0.0000E+00
       1.5150E+00       0.0000E+00       1.3055E-13       0.0000E+00
       1.5250E+00       0.0000E+00       1.3135E-13       0.0000E+00
       1.5350E+00       0.0000E+00       1.3214E-13       0.0000E+00
       1.5450E+00       0.0000E+00       1.3293E-13       0.0000E+00
       1.5550E+00       0.0000E+00       1.3372E-13       0.0000E+00
       1.5650E+00       0.0000E+00       1.3450E-13       0.0000E+00
       1.5750E+00       0.0000E+00       1.3527E-13       0.0000E+00
       1.5850E+00       0.0000E+00       1.3604E-13       0.0000E+00
       1.5950E+00       0.0000E+00       1.3680E-13       0.0000E+00
       1.6050E+00       0.0000E+00       1.3755E-13       0.0000E+00
       1.6150E+00       0.0000E+00       1.3830E-13       0.0000E+00
       1.6250E+00       0.0000E+00       1.3904E-13       0.0000E+00
       1.6350E+00       0.0000E+00       1.3977E-13       0.0000E+00
       1.6450E+00       0.0000E+00       1.4049E-13       0.0000E+00
       1.6550E+00       0.0000E+00       1.4121E-13       0.0000E+00
       1.6650E+00       0.0000E+00       1.4192E-13       0.0000E+00
       1.6750E+00       0.0000E+00       1.4262E-13       0.0000E+00
       1.6850E+00       0.0000E+00       1.4332E-13       0.0000E+00
       1.6950E+00       0.0000E+00       1.4401E-13       0.0000E+00
       1.7050E+00       0.0000E+00       1.4469E-13       0.0000E+00
       1.7150E+00       0.0000E+00       1.4537E-13       0.0000E+00
       1.7250E+00       0.0000E+00       1.4604E-13       0.0000E+00
       1.7350E+00       0.0000E+00       1.4670E-13       0.0000E+00
       1.7450E+00       0.0000E+00       1.4736E-13       0.0000E+00
       1.7550E+00       0.0000E+00       1.4802E-13       0.0000E+00
       1.7650E+00       0.0000E+00       1.4866E-13       0.0000E+00
       1.7750E+00       0.0000E+00       1.4930E-13       0.0000E+00
       1.7850E+00       0.0000E+00       1.4994E-13       0.0000E+00
       1.7950E+00       0.0000E+00       1.5057E-13       0.0000E+00
       1.8050E+00       0.0000E+00       1.5119E-13       0.0000E+00
       1.8150E+00       0.0000E+00       1.5181E-13       0.0000E+00
       1.8250E+00       0.0000E+00       1.5243E-13       0.0000E+00
       1.8350E+00       0.0000E+00       1.5303E-13       0.0000E+00
       1.8450E+00       0.0000E+00       1.5364E-13       0.0000E+00
       1.8550E+00       0.0000E+00       1.5424E-13       0.0000E+00
       1.8650E+00       0.0000E+00       1.5483E-13       0.0000E+00
       1.8750E+00       0.0000E+00       1.5542E-13       0.0000E+00
       1.8850E+00       0.0000E+00       1.5600E-13       0.0000E+00
       1.8950E+00       0.0000E+00       1.5658E-13       0.0000E+00
       1.9050E+00       0.0000E+00       1.5715E-13       0.0000E+00
       1.9150E+00       0.0000E+00       1.5772E-13       0.0000E+00
       1.9250E+00       0.0000E+00       1.5829E-13       0.0000E+00
       1.9350E+00       0.0000E+00       1.5885E-13       0.0000E+00
       1.9450E+00       0.0000E+00       1.5940E-13       0.0000E+00
       1.9550E+00       0.0000E+00       1.5995E-13       0.0000E+00
       1.9650E+00       0.0000E+00       1.6050E-13       0.0000E+00
       1.9750E+00       0.0000E+00       1.6104E-13       0.0000E+00
       1.9850E+00       0.0000E+00       1.6157E-13       0.0000E+00
       1.9950E+00       0.0000E+00       1.6211E-13       0.0000E+00
       2.0050E+00       0.0000E+00       1.6263E-13       0.0000E+00
       2.0150E+00       0.0000E+00       1.6315E-13       0.0000E+00
       2.0250E+00       0.0000E+00       1.6367E-13       0.0000E+00
       2.0350E+00       0.0000E+00       1.6418E-13       0.0000E+00
       2.0450E+00       0.0000E+00       1.6469E-13       0.0000E+00
       2.0550E+00       0.0000E+00       1.6520E-13       0.0000E+00
       2.0650E+00       0.0000E+00       1.6570E-13       0.0000E+00
       2.0750E+00       0.0000E+00       1.6619E-13       0.0000E+00
       2.0850E+00       0.0000E+00       1.6668E-13       0.0000E+00
       2.0950E+00       0.0000E+00       1.6717E-13       0.0000E+00
       2.1050E+00       0.0000E+00       1.6765E-13       0.0000E+00
       2.1150E+00       0.0000E+00       1.6812E-13       0.0000E+00
       2.1250E+00       0.0000E+00       1.6859E-13       0.0000E+00
       2.1350E+00       0.0000E+00       1.6906E-13       0.0000E+00
       2.1450E+00       0.0000E+00       1.6952E-13       0.0000E+00
       2.1550E+00       0.0000E+00       1.6998E-13       0.0000E+00
       2.1650E+00       0.0000E+00       1.7043E-13       0.0000E+00
       2.1750E+00       0.0000E+00       1.7088E-13       0.0000E+00
       2.1850E+00       0.0000E+00       1.7133E-13       0.0000E+00
       2.1950E+00       0.0000E+00       1.7177E-13       0.0000E+00
       2.2050E+00       0.0000E+00       1.7220E-13       0.0000E+00
       2.2150E+00       0.0000E+00       1.7263E-13       0.0000E+00
       2.2250E+00       0.0000E+00       1.7305E-13       0.0000E+00
       2.2350E+00       0.0000E+00       1.7348E-13       0.0000E+00
       2.2450E+00       0.0000E+00       1.7389E-13       0.0000E+00
       2.2550E+00       0.0000E+00       1.7430E-13       0.0000E+00
       2.2650E+00       0.0000E+00       1.7471E-13       0.0000E+00
       2.2750E+00       0.0000E+00       1.7511E-13       0.0000E+00
       2.2850E+00       0.0000E+00       1.7551E-13       0.0000E+00
       2.2950E+00       0.0000E+00       1.7590E-13       0.0000E+00
       2.3050E+00       0.0000E+00       1.7629E-13       0.0000E+00
       2.3150E+00       0.0000E+00       1.7667E-13       0.0000E+00
       2.3250E+00       0.0000E+00       1.7705E-13       0.0000E+00
       2.3350E+00       0.0000E+00       1.7742E-13       0.0000E+00
       2.3450E+00       0.0000E+00       1.7779E-13       0.0000E+00
       2.3550E+00       0.0000E+00       1.7815E-13       0.0000E+00
       2.3650E+00       0.0000E+00       1.7851E-13       0.0000E+00
       2.3750E+00       0.0000E+00       1.7886E-13       0.0000E+00
       2.3850E+00       0.0000E+00       1.7921E-13       0.0000E+00
       2.3950E+00       0.0000E+00       1.7956E-13       0.0000E+00
       2.4050E+00       0.0000E+00       1.7990E-13       0.0000E+00
       2.4150E+00       0.0000E+00       1.8023E-13       0.0000E+00
       2.4250E+00       0.0000E+00       1.8056E-13       0.0000E+00
       2.4350E+00       0.0000E+00       1.8088E-13       0.0000E+00
       2.4450E+00       0.0000E+00       1.8120E-13       0.0000E+00
       2.4550E+00       0.0000E+00       1.8152E-13       0.0000E+00
       2.4650E+00       0.0000E+00       1.8183E-13       0.0000E+00
       2.4750E+00       0.0000E+00       1.8213E-13       0.0000E+00
       2.4850E+00       0.0000E+00       1.8244E-13       0.0000E+00
       2.4950E+00       0.0000E+00       1.8273E-13       0.0000E+00
       2.5050E+00       0.0000E+00       1.8302E-13       0.0000E+00
       2.5150E+00       0.0000E+00       1.8331E-13       0.0000E+00
       2.5250E+00       0.0000E+00       1.8359E-13       0.0000E+00
       2.5350E+00       0.0000E+00       1.8386E-13       0.0000E+00
       2.5450E+00       0.0000E+00       1.8413E-13       0.0000E+00
       2.5550E+00       0.0000E+00       1.8440E-13       0.0000E+00
       2.5650E+00       0.0000E+00       1.8466E-13       0.0000E+00
       2.5750E+00       0.0000E+00       1.8491E-13       0.0000E+00
       2.5850E+00       0.0000E+00       1.8517E-13       0.0000E+00
       2.5950E+00       0.0000E+00       1.8541E-13       0.0000E+00
       2.6050E+00       0.0000E+00       1.8565E-13       0.0000E+00
       2.6150E+00       0.0000E+00       1.8589E-13       0.0000E+00
       2.6250E+00       0.0000E+00       1.8612E-13       0.0000E+00
       2.6350E+00       0.0000E+00       1.8634E-13       0.0000E+00
       2.6450E+00       0.0000E+00       1.8656E-13       0.0000E+00
       2.6550E+00       0.0000E+00       1.8678E-13       0.0000E+00
       2.6650E+00       0.0000E+00       1.8699E-13       0.0000E+00
       2.6750E+00       0.0000E+00       1.8719E-13       0.0000E+00
       2.6850E+00       0.0000E+00       1.8740E-13       0.0000E+00
       2.6950E+00       0.0000E+00       1.8759E-13       0.0000E+00
       2.7050E+00       0.0000E+00       1.8778E-13       0.0000E+00
       2.7150E+00       0.0000E+00       1.8797E-13       0.0000E+00
       2.7250E+00       0.0000E+00       1.8815E-13       0.0000E+00
       2.7350E+00       0.0000E+00       1.8832E-13       0.0000E+00
       2.7450E+00       0.0000E+00       1.8849E-13       0.0000E+00
       2.7550E+00       0.0000E+00       1.8866E-13       0.0000E+00
       2.7650E+00       0.0000E+00       1.8881E-13       0.0000E+00
       2.7750E+00       0.0000E+00       1.8897E-13       0.0000E+00
       2.7850E+00       0.0000E+00       1.8912E-13       0.0000E+00
       2.7950E+00       0.0000E+00       1.8926E-13       0.0000E+00
       2.8050E+00       0.0000E+00       1.8940E-13       0.0000E+00
       2.8150E+00       0.0000E+00       1.8954E-13       0.0000E+00
       2.8250E+00       0.0000E+00       1.8966E-13       0.0000E+00
       2.8350E+00       0.0000E+00       1.8979E-13       0.0000E+00
       2.8450E+00       0.0000E+00       1.8991E-13       0.0000E+00
       2.8550E+00       0.0000E+00       1.9002E-13       0.0000E+00
       2.8650E+00       0.0000E+00       1.9013E-13       0.0000E+00
       2.8750E+00       0.0000E+00       1.9023E-13       0.0000E+00
       2.8850E+00       0.0000E+00       1.9033E-13       0.0000E+00
       2.8950E+00       0.0000E+00       1.9042E-13       0.0000E+00
       2.9050E+00       0.0000E+00       1.9051E-13       0.0000E+00
       2.9150E+00       0.0000E+00       1.9059E-13       0.0000E+00
       2.9250E+00       0.0000E+00       1.9067E-13       0.0000E+00
       2.9350E+00       0.0000E+00       1.9074E-13       0.0000E+00
       2.9450E+00       0.0000E+00       1.9081E-13       0.0000E+00
       2.9550E+00       0.0000E+00       1.9087E-13       0.0000E+00
       2.9650E+00       0.0000E+00       1.9092E-13       0.0000E+00
       2.9750E+00       0.0000E+00       1.9097E-13       0.0000E+00
       2.9850E+00       0.0000E+00       1.9101E-13       0.0000E+00
       2.9950E+00       0.0000E+00       1.9103E-13       0.0000E+00
