# Time          1.0000E+00
# Units: Dimensionless (Log10(Q/Keq)
    Distance           An50Ab50AS       Kaolinite        CO2_pump     
       5.0000E-03      -1.2618E+01      -2.0422E+00      -1.0033E+03
       1.5000E-02      -1.0967E+01      -4.8051E-01      -1.0033E+03
       2.5000E-02      -1.0118E+01       3.0288E-01      -1.0033E+03
       3.5000E-02      -9.6811E+00       6.7527E-01      -1.0033E+03
       4.5000E-02      -9.4589E+00       8.2977E-01      -1.0033E+03
       5.5000E-02      -9.3282E+00       8.8629E-01      -1.0033E+03
       6.5000E-02      -9.2296E+00       9.0267E-01      -1.0033E+03
       7.5000E-02      -9.1380E+00       9.0296E-01      -1.0033E+03
       8.5000E-02      -9.0430E+00       8.9642E-01      -1.0033E+03
       9.5000E-02      -8.9406E+00       8.8643E-01      -1.0033E+03
       1.0500E-01      -8.8299E+00       8.7440E-01      -1.0033E+03
       1.1500E-01      -8.7118E+00       8.6147E-01      -1.0032E+03
       1.2500E-01      -8.5889E+00       8.4903E-01      -1.0032E+03
       1.3500E-01      -8.4647E+00       8.3849E-01      -1.0032E+03
       1.4500E-01      -8.3431E+00       8.3056E-01      -1.0032E+03
       1.5500E-01      -8.2272E+00       8.2512E-01      -1.0032E+03
       1.6500E-01      -8.1192E+00       8.2159E-01      -1.0032E+03
       1.7500E-01      -8.0202E+00       8.1934E-01      -1.0032E+03
       1.8500E-01      -7.9305E+00       8.1789E-01      -1.0032E+03
       1.9500E-01      -7.8504E+00       8.1695E-01      -1.0032E+03
       2.0500E-01      -7.7802E+00       8.1632E-01      -1.0032E+03
       2.1500E-01      -7.7204E+00       8.1589E-01      -1.0032E+03
       2.2500E-01      -7.6725E+00       8.1558E-01      -1.0032E+03
       2.3500E-01      -7.6390E+00       8.1506E-01      -1.0032E+03
       2.4500E-01      -7.6332E+00       8.0229E-01      -1.0032E+03
       2.5500E-01      -8.1681E+00       1.0318E-01      -1.0032E+03
       2.6500E-01      -8.2491E+00       9.6201E-03      -1.0032E+03
       2.7500E-01      -8.2675E+00       8.9172E-04      -1.0032E+03
       2.8500E-01      -8.2810E+00       1.1529E-04      -1.0032E+03
       2.9500E-01      -8.2950E+00       5.3861E-05      -1.0032E+03
       3.0500E-01      -8.3102E+00       5.8731E-05      -1.0032E+03
       3.1500E-01      -8.3266E+00       7.1729E-05      -1.0032E+03
       3.2500E-01      -8.3443E+00       8.7917E-05      -1.0032E+03
       3.3500E-01      -8.3633E+00       1.0727E-04      -1.0032E+03
       3.4500E-01      -8.3836E+00       1.3031E-04      -1.0032E+03
       3.5500E-01      -8.4053E+00       1.5768E-04      -1.0032E+03
       3.6500E-01      -8.4284E+00       1.9019E-04      -1.0032E+03
       3.7500E-01      -8.4529E+00       2.2877E-04      -1.0032E+03
       3.8500E-01      -8.4788E+00       2.7456E-04      -1.0032E+03
       3.9500E-01      -8.5063E+00       3.2888E-04      -1.0032E+03
       4.0500E-01      -8.5352E+00       3.9334E-04      -1.0032E+03
       4.1500E-01      -8.5655E+00       4.6985E-04      -1.0032E+03
       4.2500E-01      -8.5974E+00       5.6065E-04      -1.0032E+03
       4.3500E-01      -8.6307E+00       6.6842E-04      -1.0032E+03
       4.4500E-01      -8.6655E+00       7.9628E-04      -1.0032E+03
       4.5500E-01      -8.7017E+00       9.4788E-04      -1.0032E+03
       4.6500E-01      -8.7393E+00       1.1274E-03      -1.0032E+03
       4.7500E-01      -8.7783E+00       1.3397E-03      -1.0032E+03
       4.8500E-01      -8.8185E+00       1.5901E-03      -1.0032E+03
       4.9500E-01      -8.8600E+00       1.8846E-03      -1.0032E+03
       5.0500E-01      -8.9027E+00       2.2295E-03      -1.0032E+03
       5.1500E-01      -8.9464E+00       2.6314E-03      -1.0032E+03
       5.2500E-01      -8.9910E+00       3.0970E-03      -1.0032E+03
       5.3500E-01      -9.0365E+00       3.6326E-03      -1.0032E+03
       5.4500E-01      -9.0828E+00       4.2435E-03      -1.0032E+03
       5.5500E-01      -9.1296E+00       4.9339E-03      -1.0032E+03
       5.6500E-01      -9.1768E+00       5.7062E-03      -1.0032E+03
       5.7500E-01      -9.2243E+00       6.5601E-03      -1.0032E+03
       5.8500E-01      -9.2720E+00       7.4924E-03      -1.0032E+03
       5.9500E-01      -9.3196E+00       8.4968E-03      -1.0032E+03
       6.0500E-01      -9.3671E+00       9.5634E-03      -1.0032E+03
       6.1500E-01      -9.4142E+00       1.0679E-02      -1.0032E+03
       6.2500E-01      -9.4609E+00       1.1827E-02      -1.0032E+03
       6.3500E-01      -9.5071E+00       1.2988E-02      -1.0032E+03
       6.4500E-01      -9.5525E+00       1.4142E-02      -1.0032E+03
       6.5500E-01      -9.5972E+00       1.5267E-02      -1.0032E+03
       6.6500E-01      -9.6411E+00       1.6341E-02      -1.0032E+03
       6.7500E-01      -9.6840E+00       1.7343E-02      -1.0032E+03
       6.8500E-01      -9.7260E+00       1.8255E-02      -1.0032E+03
       6.9500E-01      -9.7669E+00       1.9060E-02      -1.0032E+03
       7.0500E-01      -9.8068E+00       1.9743E-02      -1.0032E+03
       7.1500E-01      -9.8457E+00       2.0296E-02      -1.0032E+03
       7.2500E-01      -9.8834E+00       2.0711E-02      -1.0032E+03
       7.3500E-01      -9.9200E+00       2.0984E-02      -1.0032E+03
       7.4500E-01      -9.9554E+00       2.1116E-02      -1.0032E+03
       7.5500E-01      -9.9898E+00       2.1109E-02      -1.0032E+03
       7.6500E-01      -1.0023E+01       2.0969E-02      -1.0032E+03
       7.7500E-01      -1.0055E+01       2.0703E-02      -1.0032E+03
       7.8500E-01      -1.0086E+01       2.0322E-02      -1.0032E+03
       7.9500E-01      -1.0116E+01       1.9836E-02      -1.0032E+03
       8.0500E-01      -1.0145E+01       1.9258E-02      -1.0032E+03
       8.1500E-01      -1.0172E+01       1.8600E-02      -1.0032E+03
       8.2500E-01      -1.0199E+01       1.7875E-02      -1.0032E+03
       8.3500E-01      -1.0224E+01       1.7096E-02      -1.0032E+03
       8.4500E-01      -1.0249E+01       1.6277E-02      -1.0032E+03
       8.5500E-01      -1.0272E+01       1.5428E-02      -1.0032E+03
       8.6500E-01      -1.0295E+01       1.4562E-02      -1.0032E+03
       8.7500E-01      -1.0316E+01       1.3689E-02      -1.0032E+03
       8.8500E-01      -1.0337E+01       1.2819E-02      -1.0032E+03
       8.9500E-01      -1.0356E+01       1.1960E-02      -1.0032E+03
       9.0500E-01      -1.0374E+01       1.1119E-02      -1.0032E+03
       9.1500E-01      -1.0392E+01       1.0304E-02      -1.0032E+03
       9.2500E-01      -1.0409E+01       9.5185E-03      -1.0032E+03
       9.3500E-01      -1.0425E+01       8.7674E-03      -1.0032E+03
       9.4500E-01      -1.0440E+01       8.0538E-03      -1.0032E+03
       9.5500E-01      -1.0454E+01       7.3798E-03      -1.0032E+03
       9.6500E-01      -1.0467E+01       6.7470E-03      -1.0032E+03
       9.7500E-01      -1.0480E+01       6.1560E-03      -1.0032E+03
       9.8500E-01      -1.0492E+01       5.6069E-03      -1.0032E+03
       9.9500E-01      -1.0503E+01       5.0991E-03      -1.0032E+03
       1.0050E+00      -1.0514E+01       4.6317E-03      -1.0032E+03
       1.0150E+00      -1.0524E+01       4.2033E-03      -1.0032E+03
       1.0250E+00      -1.0533E+01       3.8124E-03      -1.0032E+03
       1.0350E+00      -1.0542E+01       3.4570E-03      -1.0032E+03
       1.0450E+00      -1.0550E+01       3.1351E-03      -1.0032E+03
       1.0550E+00      -1.0558E+01       2.8448E-03      -1.0032E+03
       1.0650E+00      -1.0565E+01       2.5837E-03      -1.0032E+03
       1.0750E+00      -1.0572E+01       2.3498E-03      -1.0032E+03
       1.0850E+00      -1.0579E+01       2.1410E-03      -1.0032E+03
       1.0950E+00      -1.0585E+01       1.9552E-03      -1.0032E+03
       1.1050E+00      -1.0590E+01       1.7904E-03      -1.0032E+03
       1.1150E+00      -1.0595E+01       1.6447E-03      -1.0032E+03
       1.1250E+00      -1.0600E+01       1.5164E-03      -1.0032E+03
       1.1350E+00      -1.0605E+01       1.4037E-03      -1.0032E+03
       1.1450E+00      -1.0609E+01       1.3050E-03      -1.0032E+03
       1.1550E+00      -1.0613E+01       1.2190E-03      -1.0032E+03
       1.1650E+00      -1.0617E+01       1.1444E-03      -1.0032E+03
       1.1750E+00      -1.0620E+01       1.0798E-03      -1.0032E+03
       1.1850E+00      -1.0623E+01       1.0241E-03      -1.0032E+03
       1.1950E+00      -1.0626E+01       9.7643E-04      -1.0032E+03
       1.2050E+00      -1.0629E+01       9.3577E-04      -1.0032E+03
       1.2150E+00      -1.0632E+01       9.0131E-04      -1.0032E+03
       1.2250E+00      -1.0634E+01       8.7232E-04      -1.0032E+03
       1.2350E+00      -1.0637E+01       8.4811E-04      -1.0032E+03
       1.2450E+00      -1.0639E+01       8.2810E-04      -1.0032E+03
       1.2550E+00      -1.0641E+01       8.1175E-04      -1.0032E+03
       1.2650E+00      -1.0642E+01       7.9860E-04      -1.0032E+03
       1.2750E+00      -1.0644E+01       7.8822E-04      -1.0032E+03
       1.2850E+00      -1.0646E+01       7.8024E-04      -1.0032E+03
       1.2950E+00      -1.0647E+01       7.7435E-04      -1.0032E+03
       1.3050E+00      -1.0648E+01       7.7025E-04      -1.0032E+03
       1.3150E+00      -1.0650E+01       7.6768E-04      -1.0032E+03
       1.3250E+00      -1.0651E+01       7.6644E-04      -1.0032E+03
       1.3350E+00      -1.0652E+01       7.6632E-04      -1.0032E+03
       1.3450E+00      -1.0653E+01       7.6717E-04      -1.0032E+03
       1.3550E+00      -1.0654E+01       7.6882E-04      -1.0032E+03
       1.3650E+00      -1.0655E+01       7.7116E-04      -1.0032E+03
       1.3750E+00      -1.0655E+01       7.7407E-04      -1.0032E+03
       1.3850E+00      -1.0656E+01       7.7746E-04      -1.0032E+03
       1.3950E+00      -1.0657E+01       7.8125E-04      -1.0032E+03
       1.4050E+00      -1.0657E+01       7.8536E-04      -1.0032E+03
       1.4150E+00      -1.0658E+01       7.8974E-04      -1.0032E+03
       1.4250E+00      -1.0659E+01       7.9433E-04      -1.0032E+03
       1.4350E+00      -1.0659E+01       7.9910E-04      -1.0032E+03
       1.4450E+00      -1.0659E+01       8.0399E-04      -1.0032E+03
       1.4550E+00      -1.0660E+01       8.0898E-04      -1.0032E+03
       1.4650E+00      -1.0660E+01       8.1405E-04      -1.0032E+03
       1.4750E+00      -1.0661E+01       8.1917E-04      -1.0032E+03
       1.4850E+00      -1.0661E+01       8.2432E-04      -1.0032E+03
       1.4950E+00      -1.0661E+01       8.2948E-04      -1.0032E+03
       1.5050E+00      -1.0662E+01       8.3465E-04      -1.0032E+03
       1.5150E+00      -1.0662E+01       8.3980E-04      -1.0032E+03
       1.5250E+00      -1.0662E+01       8.4494E-04      -1.0032E+03
       1.5350E+00      -1.0662E+01       8.5006E-04      -1.0032E+03
       1.5450E+00      -1.0662E+01       8.5514E-04      -1.0032E+03
       1.5550E+00      -1.0663E+01       8.6019E-04      -1.0032E+03
       1.5650E+00      -1.0663E+01       8.6520E-04      -1.0032E+03
       1.5750E+00      -1.0663E+01       8.7017E-04      -1.0032E+03
       1.5850E+00      -1.0663E+01       8.7510E-04      -1.0032E+03
       1.5950E+00      -1.0663E+01       8.7998E-04      -1.0032E+03
       1.6050E+00      -1.0663E+01       8.8482E-04      -1.0032E+03
       1.6150E+00      -1.0663E+01       8.8961E-04      -1.0032E+03
       1.6250E+00      -1.0664E+01       8.9436E-04      -1.0032E+03
       1.6350E+00      -1.0664E+01       8.9906E-04      -1.0032E+03
       1.6450E+00      -1.0664E+01       9.0371E-04      -1.0032E+03
       1.6550E+00      -1.0664E+01       9.0832E-04      -1.0032E+03
       1.6650E+00      -1.0664E+01       9.1288E-04      -1.0032E+03
       1.6750E+00      -1.0664E+01       9.1740E-04      -1.0032E+03
       1.6850E+00      -1.0664E+01       9.2187E-04      -1.0032E+03
       1.6950E+00      -1.0664E+01       9.2631E-04      -1.0032E+03
       1.7050E+00      -1.0664E+01       9.3070E-04      -1.0032E+03
       1.7150E+00      -1.0664E+01       9.3505E-04      -1.0032E+03
       1.7250E+00      -1.0664E+01       9.3936E-04      -1.0032E+03
       1.7350E+00      -1.0664E+01       9.4363E-04      -1.0032E+03
       1.7450E+00      -1.0664E+01       9.4786E-04      -1.0032E+03
       1.7550E+00      -1.0664E+01       9.5205E-04      -1.0032E+03
       1.7650E+00      -1.0664E+01       9.5621E-04      -1.0032E+03
       1.7750E+00      -1.0664E+01       9.6033E-04      -1.0032E+03
       1.7850E+00      -1.0664E+01       9.6441E-04      -1.0032E+03
       1.7950E+00      -1.0664E+01       9.6846E-04      -1.0032E+03
       1.8050E+00      -1.0664E+01       9.7247E-04      -1.0032E+03
       1.8150E+00      -1.0665E+01       9.7645E-04      -1.0032E+03
       1.8250E+00      -1.0665E+01       9.8039E-04      -1.0032E+03
       1.8350E+00      -1.0665E+01       9.8430E-04      -1.0032E+03
       1.8450E+00      -1.0665E+01       9.8818E-04      -1.0032E+03
       1.8550E+00      -1.0665E+01       9.9203E-04      -1.0032E+03
       1.8650E+00      -1.0665E+01       9.9584E-04      -1.0032E+03
       1.8750E+00      -1.0665E+01       9.9962E-04      -1.0032E+03
       1.8850E+00      -1.0665E+01       1.0034E-03      -1.0032E+03
       1.8950E+00      -1.0665E+01       1.0071E-03      -1.0032E+03
       1.9050E+00      -1.0665E+01       1.0108E-03      -1.0032E+03
       1.9150E+00      -1.0665E+01       1.0144E-03      -1.0032E+03
       1.9250E+00      -1.0665E+01       1.0181E-03      -1.0032E+03
       1.9350E+00      -1.0665E+01       1.0216E-03      -1.0032E+03
       1.9450E+00      -1.0665E+01       1.0252E-03      -1.0032E+03
       1.9550E+00      -1.0665E+01       1.0287E-03      -1.0032E+03
       1.9650E+00      -1.0665E+01       1.0322E-03      -1.0032E+03
       1.9750E+00      -1.0665E+01       1.0357E-03      -1.0032E+03
       1.9850E+00      -1.0665E+01       1.0392E-03      -1.0032E+03
       1.9950E+00      -1.0665E+01       1.0426E-03      -1.0032E+03
       2.0050E+00      -1.0665E+01       1.0460E-03      -1.0032E+03
       2.0150E+00      -1.0665E+01       1.0493E-03      -1.0032E+03
       2.0250E+00      -1.0665E+01       1.0526E-03      -1.0032E+03
       2.0350E+00      -1.0665E+01       1.0559E-03      -1.0032E+03
       2.0450E+00      -1.0665E+01       1.0592E-03      -1.0032E+03
       2.0550E+00      -1.0665E+01       1.0624E-03      -1.0032E+03
       2.0650E+00      -1.0665E+01       1.0656E-03      -1.0032E+03
       2.0750E+00      -1.0665E+01       1.0688E-03      -1.0032E+03
       2.0850E+00      -1.0665E+01       1.0720E-03      -1.0032E+03
       2.0950E+00      -1.0665E+01       1.0751E-03      -1.0032E+03
       2.1050E+00      -1.0665E+01       1.0782E-03      -1.0032E+03
       2.1150E+00      -1.0665E+01       1.0812E-03      -1.0032E+03
       2.1250E+00      -1.0665E+01       1.0843E-03      -1.0032E+03
       2.1350E+00      -1.0665E+01       1.0873E-03      -1.0032E+03
       2.1450E+00      -1.0665E+01       1.0902E-03      -1.0032E+03
       2.1550E+00      -1.0665E+01       1.0932E-03      -1.0032E+03
       2.1650E+00      -1.0665E+01       1.0961E-03      -1.0032E+03
       2.1750E+00      -1.0665E+01       1.0990E-03      -1.0032E+03
       2.1850E+00      -1.0665E+01       1.1018E-03      -1.0032E+03
       2.1950E+00      -1.0665E+01       1.1046E-03      -1.0032E+03
       2.2050E+00      -1.0665E+01       1.1074E-03      -1.0032E+03
       2.2150E+00      -1.0665E+01       1.1102E-03      -1.0032E+03
       2.2250E+00      -1.0665E+01       1.1129E-03      -1.0032E+03
       2.2350E+00      -1.0665E+01       1.1156E-03      -1.0032E+03
       2.2450E+00      -1.0665E+01       1.1183E-03      -1.0032E+03
       2.2550E+00      -1.0665E+01       1.1209E-03      -1.0032E+03
       2.2650E+00      -1.0665E+01       1.1235E-03      -1.0032E+03
       2.2750E+00      -1.0665E+01       1.1261E-03      -1.0032E+03
       2.2850E+00      -1.0665E+01       1.1287E-03      -1.0032E+03
       2.2950E+00      -1.0665E+01       1.1312E-03      -1.0032E+03
       2.3050E+00      -1.0665E+01       1.1337E-03      -1.0032E+03
       2.3150E+00      -1.0665E+01       1.1361E-03      -1.0032E+03
       2.3250E+00      -1.0665E+01       1.1385E-03      -1.0032E+03
       2.3350E+00      -1.0665E+01       1.1409E-03      -1.0032E+03
       2.3450E+00      -1.0665E+01       1.1433E-03      -1.0032E+03
       2.3550E+00      -1.0665E+01       1.1456E-03      -1.0032E+03
       2.3650E+00      -1.0665E+01       1.1479E-03      -1.0032E+03
       2.3750E+00      -1.0665E+01       1.1502E-03      -1.0032E+03
       2.3850E+00      -1.0665E+01       1.1525E-03      -1.0032E+03
       2.3950E+00      -1.0665E+01       1.1547E-03      -1.0032E+03
       2.4050E+00      -1.0665E+01       1.1568E-03      -1.0032E+03
       2.4150E+00      -1.0665E+01       1.1590E-03      -1.0032E+03
       2.4250E+00      -1.0665E+01       1.1611E-03      -1.0032E+03
       2.4350E+00      -1.0665E+01       1.1632E-03      -1.0032E+03
       2.4450E+00      -1.0665E+01       1.1652E-03      -1.0032E+03
       2.4550E+00      -1.0665E+01       1.1673E-03      -1.0032E+03
       2.4650E+00      -1.0665E+01       1.1693E-03      -1.0032E+03
       2.4750E+00      -1.0665E+01       1.1712E-03      -1.0032E+03
       2.4850E+00      -1.0665E+01       1.1731E-03      -1.0032E+03
       2.4950E+00      -1.0665E+01       1.1750E-03      -1.0032E+03
       2.5050E+00      -1.0665E+01       1.1769E-03      -1.0032E+03
       2.5150E+00      -1.0665E+01       1.1787E-03      -1.0032E+03
       2.5250E+00      -1.0665E+01       1.1805E-03      -1.0032E+03
       2.5350E+00      -1.0665E+01       1.1823E-03      -1.0032E+03
       2.5450E+00      -1.0665E+01       1.1841E-03      -1.0032E+03
       2.5550E+00      -1.0665E+01       1.1858E-03      -1.0032E+03
       2.5650E+00      -1.0665E+01       1.1874E-03      -1.0032E+03
       2.5750E+00      -1.0665E+01       1.1891E-03      -1.0032E+03
       2.5850E+00      -1.0665E+01       1.1907E-03      -1.0032E+03
       2.5950E+00      -1.0665E+01       1.1923E-03      -1.0032E+03
       2.6050E+00      -1.0665E+01       1.1938E-03      -1.0032E+03
       2.6150E+00      -1.0665E+01       1.1953E-03      -1.0032E+03
       2.6250E+00      -1.0665E+01       1.1968E-03      -1.0032E+03
       2.6350E+00      -1.0665E+01       1.1982E-03      -1.0032E+03
       2.6450E+00      -1.0665E+01       1.1997E-03      -1.0032E+03
       2.6550E+00      -1.0665E+01       1.2010E-03      -1.0032E+03
       2.6650E+00      -1.0665E+01       1.2024E-03      -1.0032E+03
       2.6750E+00      -1.0665E+01       1.2037E-03      -1.0032E+03
       2.6850E+00      -1.0665E+01       1.2050E-03      -1.0032E+03
       2.6950E+00      -1.0665E+01       1.2063E-03      -1.0032E+03
       2.7050E+00      -1.0665E+01       1.2075E-03      -1.0032E+03
       2.7150E+00      -1.0665E+01       1.2087E-03      -1.0032E+03
       2.7250E+00      -1.0665E+01       1.2098E-03      -1.0032E+03
       2.7350E+00      -1.0665E+01       1.2109E-03      -1.0032E+03
       2.7450E+00      -1.0665E+01       1.2120E-03      -1.0032E+03
       2.7550E+00      -1.0665E+01       1.2131E-03      -1.0032E+03
       2.7650E+00      -1.0665E+01       1.2141E-03      -1.0032E+03
       2.7750E+00      -1.0665E+01       1.2151E-03      -1.0032E+03
       2.7850E+00      -1.0665E+01       1.2161E-03      -1.0032E+03
       2.7950E+00      -1.0665E+01       1.2170E-03      -1.0032E+03
       2.8050E+00      -1.0665E+01       1.2179E-03      -1.0032E+03
       2.8150E+00      -1.0665E+01       1.2187E-03      -1.0032E+03
       2.8250E+00      -1.0665E+01       1.2196E-03      -1.0032E+03
       2.8350E+00      -1.0665E+01       1.2204E-03      -1.0032E+03
       2.8450E+00      -1.0665E+01       1.2211E-03      -1.0032E+03
       2.8550E+00      -1.0665E+01       1.2219E-03      -1.0032E+03
       2.8650E+00      -1.0665E+01       1.2226E-03      -1.0032E+03
       2.8750E+00      -1.0665E+01       1.2232E-03      -1.0032E+03
       2.8850E+00      -1.0665E+01       1.2238E-03      -1.0032E+03
       2.8950E+00      -1.0665E+01       1.2244E-03      -1.0032E+03
       2.9050E+00      -1.0665E+01       1.2250E-03      -1.0032E+03
       2.9150E+00      -1.0665E+01       1.2255E-03      -1.0032E+03
       2.9250E+00      -1.0665E+01       1.2260E-03      -1.0032E+03
       2.9350E+00      -1.0665E+01       1.2265E-03      -1.0032E+03
       2.9450E+00      -1.0665E+01       1.2269E-03      -1.0032E+03
       2.9550E+00      -1.0665E+01       1.2273E-03      -1.0032E+03
       2.9650E+00      -1.0665E+01       1.2277E-03      -1.0032E+03
       2.9750E+00      -1.0665E+01       1.2280E-03      -1.0032E+03
       2.9850E+00      -1.0665E+01       1.2282E-03      -1.0032E+03
       2.9950E+00      -1.0665E+01       1.2284E-03      -1.0032E+03
