# Time          2.0000E+01
# Units: Mol/kgw
    Distance           H+               CO2(aq)          Mg++             Ca++             K+               SiO2(aq)         Na+              Al+++            Cl-              NO3-             Tracer       
       5.0000E-03       1.0888E-05       1.6197E-05       1.2001E-04       1.8021E-04       2.0000E-05       1.1479E-06       8.0023E-04       8.9272E-07       1.0343E-03       2.0000E-04       2.0000E-04
       1.5000E-02       7.9406E-06       1.6801E-05       1.2003E-04       1.8056E-04       1.9999E-05       2.5153E-06       8.0061E-04       1.4900E-06       1.0343E-03       2.0000E-04       2.0000E-04
       2.5000E-02       5.9302E-06       1.7386E-05       1.2007E-04       1.8089E-04       1.9999E-05       3.5704E-06       8.0099E-04       1.7751E-06       1.0343E-03       2.0000E-04       2.0000E-04
       3.5000E-02       4.8109E-06       1.7925E-05       1.2011E-04       1.8120E-04       1.9998E-05       4.3286E-06       8.0137E-04       1.7632E-06       1.0343E-03       2.0000E-04       2.0000E-04
       4.5000E-02       4.2205E-06       1.8421E-05       1.2017E-04       1.8150E-04       1.9997E-05       4.9103E-06       8.0175E-04       1.5750E-06       1.0343E-03       2.0000E-04       2.0000E-04
       5.5000E-02       3.8250E-06       1.8896E-05       1.2025E-04       1.8177E-04       1.9996E-05       5.4270E-06       8.0213E-04       1.3220E-06       1.0343E-03       2.0000E-04       2.0000E-04
       6.5000E-02       3.4436E-06       1.9366E-05       1.2034E-04       1.8203E-04       1.9995E-05       5.9389E-06       8.0251E-04       1.0643E-06       1.0343E-03       2.0000E-04       2.0000E-04
       7.5000E-02       2.9965E-06       1.9847E-05       1.2045E-04       1.8228E-04       1.9993E-05       6.4726E-06       8.0289E-04       8.2871E-07       1.0343E-03       2.0000E-04       2.0000E-04
       8.5000E-02       2.4511E-06       2.0351E-05       1.2057E-04       1.8251E-04       1.9991E-05       7.0388E-06       8.0327E-04       6.2610E-07       1.0343E-03       2.0000E-04       2.0000E-04
       9.5000E-02       1.7958E-06       2.0895E-05       1.2070E-04       1.8274E-04       1.9988E-05       7.6413E-06       8.0365E-04       4.6044E-07       1.0343E-03       2.0000E-04       2.0000E-04
       1.0500E-01       1.0312E-06       2.1496E-05       1.2083E-04       1.8297E-04       1.9985E-05       8.2799E-06       8.0403E-04       3.3170E-07       1.0343E-03       2.0000E-04       2.0000E-04
       1.1500E-01       1.6695E-07       2.2171E-05       1.2097E-04       1.8319E-04       1.9982E-05       8.9509E-06       8.0441E-04       2.3683E-07       1.0343E-03       2.0000E-04       2.0000E-04
       1.2500E-01      -7.7946E-07       2.2930E-05       1.2111E-04       1.8341E-04       1.9977E-05       9.6483E-06       8.0478E-04       1.7034E-07       1.0343E-03       2.0000E-04       2.0000E-04
       1.3500E-01      -1.7865E-06       2.3777E-05       1.2125E-04       1.8362E-04       1.9973E-05       1.0365E-05       8.0516E-04       1.2549E-07       1.0343E-03       2.0000E-04       2.0000E-04
       1.4500E-01      -2.8328E-06       2.4700E-05       1.2139E-04       1.8384E-04       1.9967E-05       1.1092E-05       8.0553E-04       9.5786E-08       1.0343E-03       2.0000E-04       2.0000E-04
       1.5500E-01      -3.9002E-06       2.5683E-05       1.2153E-04       1.8406E-04       1.9961E-05       1.1823E-05       8.0590E-04       7.6073E-08       1.0343E-03       2.0000E-04       2.0000E-04
       1.6500E-01      -4.9738E-06       2.6703E-05       1.2167E-04       1.8427E-04       1.9953E-05       1.2552E-05       8.0626E-04       6.2753E-08       1.0343E-03       2.0000E-04       2.0000E-04
       1.7500E-01      -6.0409E-06       2.7742E-05       1.2181E-04       1.8448E-04       1.9945E-05       1.3273E-05       8.0662E-04       5.3520E-08       1.0343E-03       2.0000E-04       2.0000E-04
       1.8500E-01      -7.0890E-06       2.8776E-05       1.2194E-04       1.8468E-04       1.9936E-05       1.3978E-05       8.0697E-04       4.6948E-08       1.0343E-03       2.0000E-04       2.0000E-04
       1.9500E-01      -8.1034E-06       2.9786E-05       1.2207E-04       1.8488E-04       1.9926E-05       1.4659E-05       8.0730E-04       4.2160E-08       1.0343E-03       2.0000E-04       2.0000E-04
       2.0500E-01      -9.0652E-06       3.0747E-05       1.2220E-04       1.8507E-04       1.9916E-05       1.5304E-05       8.0762E-04       3.8618E-08       1.0343E-03       2.0000E-04       2.0000E-04
       2.1500E-01      -9.9480E-06       3.1630E-05       1.2232E-04       1.8523E-04       1.9905E-05       1.5895E-05       8.0791E-04       3.5989E-08       1.0343E-03       2.0000E-04       2.0000E-04
       2.2500E-01      -1.0715E-05       3.2395E-05       1.2242E-04       1.8538E-04       1.9894E-05       1.6408E-05       8.0816E-04       3.4073E-08       1.0343E-03       2.0000E-04       2.0000E-04
       2.3500E-01      -1.1314E-05       3.2990E-05       1.2252E-04       1.8548E-04       1.9884E-05       1.6809E-05       8.0835E-04       3.2759E-08       1.0343E-03       2.0000E-04       2.0000E-04
       2.4500E-01      -1.1666E-05       3.3340E-05       1.2259E-04       1.8553E-04       1.9874E-05       1.7045E-05       8.0847E-04       3.1620E-08       1.0343E-03       2.0000E-04       2.0000E-04
       2.5500E-01      -1.1614E-05       3.3336E-05       1.2264E-04       1.8549E-04       1.9868E-05       1.7028E-05       8.0846E-04       1.4117E-08       1.0343E-03       2.0000E-04       2.0000E-04
       2.6500E-01      -1.1610E-05       3.3336E-05       1.2268E-04       1.8546E-04       1.9860E-05       1.7027E-05       8.0846E-04       1.2738E-08       1.0343E-03       2.0000E-04       2.0000E-04
       2.7500E-01      -1.1610E-05       3.3336E-05       1.2272E-04       1.8543E-04       1.9853E-05       1.7027E-05       8.0846E-04       1.2624E-08       1.0343E-03       2.0000E-04       2.0000E-04
       2.8500E-01      -1.1611E-05       3.3337E-05       1.2276E-04       1.8540E-04       1.9845E-05       1.7027E-05       8.0846E-04       1.2614E-08       1.0343E-03       2.0000E-04       2.0000E-04
       2.9500E-01      -1.1611E-05       3.3337E-05       1.2279E-04       1.8538E-04       1.9836E-05       1.7027E-05       8.0845E-04       1.2613E-08       1.0343E-03       2.0000E-04       2.0000E-04
       3.0500E-01      -1.1611E-05       3.3337E-05       1.2282E-04       1.8536E-04       1.9827E-05       1.7027E-05       8.0845E-04       1.2613E-08       1.0343E-03       2.0000E-04       2.0000E-04
       3.1500E-01      -1.1612E-05       3.3338E-05       1.2285E-04       1.8534E-04       1.9818E-05       1.7028E-05       8.0844E-04       1.2613E-08       1.0343E-03       2.0000E-04       2.0000E-04
       3.2500E-01      -1.1612E-05       3.3338E-05       1.2287E-04       1.8532E-04       1.9808E-05       1.7028E-05       8.0844E-04       1.2612E-08       1.0343E-03       2.0000E-04       2.0000E-04
       3.3500E-01      -1.1612E-05       3.3338E-05       1.2289E-04       1.8531E-04       1.9798E-05       1.7028E-05       8.0843E-04       1.2612E-08       1.0343E-03       2.0000E-04       2.0000E-04
       3.4500E-01      -1.1613E-05       3.3339E-05       1.2291E-04       1.8531E-04       1.9787E-05       1.7028E-05       8.0843E-04       1.2612E-08       1.0343E-03       2.0000E-04       2.0000E-04
       3.5500E-01      -1.1613E-05       3.3339E-05       1.2293E-04       1.8530E-04       1.9775E-05       1.7028E-05       8.0842E-04       1.2612E-08       1.0343E-03       2.0000E-04       2.0000E-04
       3.6500E-01      -1.1613E-05       3.3339E-05       1.2294E-04       1.8530E-04       1.9763E-05       1.7029E-05       8.0842E-04       1.2611E-08       1.0343E-03       2.0000E-04       2.0000E-04
       3.7500E-01      -1.1614E-05       3.3339E-05       1.2296E-04       1.8530E-04       1.9751E-05       1.7029E-05       8.0841E-04       1.2611E-08       1.0343E-03       2.0000E-04       2.0000E-04
       3.8500E-01      -1.1614E-05       3.3340E-05       1.2297E-04       1.8530E-04       1.9738E-05       1.7029E-05       8.0840E-04       1.2611E-08       1.0343E-03       2.0000E-04       2.0000E-04
       3.9500E-01      -1.1614E-05       3.3340E-05       1.2298E-04       1.8530E-04       1.9724E-05       1.7029E-05       8.0839E-04       1.2611E-08       1.0343E-03       2.0000E-04       2.0000E-04
       4.0500E-01      -1.1615E-05       3.3340E-05       1.2298E-04       1.8531E-04       1.9709E-05       1.7030E-05       8.0838E-04       1.2610E-08       1.0343E-03       2.0000E-04       2.0000E-04
       4.1500E-01      -1.1615E-05       3.3341E-05       1.2299E-04       1.8531E-04       1.9694E-05       1.7030E-05       8.0838E-04       1.2610E-08       1.0343E-03       2.0000E-04       2.0000E-04
       4.2500E-01      -1.1615E-05       3.3341E-05       1.2300E-04       1.8532E-04       1.9678E-05       1.7030E-05       8.0837E-04       1.2610E-08       1.0343E-03       2.0000E-04       2.0000E-04
       4.3500E-01      -1.1616E-05       3.3341E-05       1.2301E-04       1.8533E-04       1.9661E-05       1.7030E-05       8.0835E-04       1.2610E-08       1.0343E-03       2.0000E-04       2.0000E-04
       4.4500E-01      -1.1616E-05       3.3342E-05       1.2302E-04       1.8534E-04       1.9644E-05       1.7030E-05       8.0834E-04       1.2609E-08       1.0343E-03       2.0000E-04       2.0000E-04
       4.5500E-01      -1.1616E-05       3.3342E-05       1.2302E-04       1.8535E-04       1.9626E-05       1.7031E-05       8.0833E-04       1.2609E-08       1.0343E-03       2.0000E-04       2.0000E-04
       4.6500E-01      -1.1617E-05       3.3342E-05       1.2303E-04       1.8536E-04       1.9606E-05       1.7031E-05       8.0832E-04       1.2609E-08       1.0343E-03       2.0000E-04       2.0000E-04
       4.7500E-01      -1.1617E-05       3.3342E-05       1.2304E-04       1.8537E-04       1.9587E-05       1.7031E-05       8.0831E-04       1.2609E-08       1.0343E-03       2.0000E-04       2.0000E-04
       4.8500E-01      -1.1617E-05       3.3343E-05       1.2305E-04       1.8538E-04       1.9566E-05       1.7031E-05       8.0829E-04       1.2608E-08       1.0343E-03       2.0000E-04       2.0000E-04
       4.9500E-01      -1.1618E-05       3.3343E-05       1.2305E-04       1.8539E-04       1.9544E-05       1.7031E-05       8.0828E-04       1.2608E-08       1.0343E-03       2.0000E-04       2.0000E-04
       5.0500E-01      -1.1618E-05       3.3343E-05       1.2306E-04       1.8540E-04       1.9522E-05       1.7032E-05       8.0826E-04       1.2608E-08       1.0343E-03       2.0000E-04       2.0000E-04
       5.1500E-01      -1.1618E-05       3.3344E-05       1.2307E-04       1.8541E-04       1.9498E-05       1.7032E-05       8.0824E-04       1.2608E-08       1.0343E-03       2.0000E-04       2.0000E-04
       5.2500E-01      -1.1618E-05       3.3344E-05       1.2308E-04       1.8543E-04       1.9473E-05       1.7032E-05       8.0823E-04       1.2608E-08       1.0343E-03       2.0000E-04       2.0000E-04
       5.3500E-01      -1.1619E-05       3.3344E-05       1.2309E-04       1.8544E-04       1.9448E-05       1.7032E-05       8.0821E-04       1.2607E-08       1.0343E-03       2.0000E-04       2.0000E-04
       5.4500E-01      -1.1619E-05       3.3344E-05       1.2310E-04       1.8546E-04       1.9421E-05       1.7032E-05       8.0819E-04       1.2607E-08       1.0343E-03       2.0000E-04       2.0000E-04
       5.5500E-01      -1.1619E-05       3.3345E-05       1.2311E-04       1.8547E-04       1.9394E-05       1.7033E-05       8.0817E-04       1.2607E-08       1.0343E-03       2.0000E-04       2.0000E-04
       5.6500E-01      -1.1620E-05       3.3345E-05       1.2312E-04       1.8549E-04       1.9365E-05       1.7033E-05       8.0815E-04       1.2607E-08       1.0343E-03       2.0000E-04       2.0000E-04
       5.7500E-01      -1.1620E-05       3.3345E-05       1.2313E-04       1.8550E-04       1.9336E-05       1.7033E-05       8.0812E-04       1.2606E-08       1.0343E-03       2.0000E-04       2.0000E-04
       5.8500E-01      -1.1620E-05       3.3346E-05       1.2314E-04       1.8552E-04       1.9305E-05       1.7033E-05       8.0810E-04       1.2606E-08       1.0343E-03       2.0000E-04       2.0000E-04
       5.9500E-01      -1.1621E-05       3.3346E-05       1.2315E-04       1.8554E-04       1.9273E-05       1.7033E-05       8.0808E-04       1.2606E-08       1.0343E-03       2.0000E-04       2.0000E-04
       6.0500E-01      -1.1621E-05       3.3346E-05       1.2317E-04       1.8556E-04       1.9240E-05       1.7034E-05       8.0805E-04       1.2606E-08       1.0343E-03       2.0000E-04       2.0000E-04
       6.1500E-01      -1.1621E-05       3.3346E-05       1.2318E-04       1.8557E-04       1.9205E-05       1.7034E-05       8.0802E-04       1.2605E-08       1.0343E-03       2.0000E-04       2.0000E-04
       6.2500E-01      -1.1622E-05       3.3347E-05       1.2319E-04       1.8559E-04       1.9170E-05       1.7034E-05       8.0799E-04       1.2605E-08       1.0343E-03       2.0000E-04       2.0000E-04
       6.3500E-01      -1.1622E-05       3.3347E-05       1.2321E-04       1.8562E-04       1.9133E-05       1.7034E-05       8.0796E-04       1.2605E-08       1.0343E-03       2.0000E-04       2.0000E-04
       6.4500E-01      -1.1622E-05       3.3347E-05       1.2322E-04       1.8564E-04       1.9095E-05       1.7035E-05       8.0793E-04       1.2605E-08       1.0343E-03       2.0000E-04       2.0000E-04
       6.5500E-01      -1.1622E-05       3.3348E-05       1.2323E-04       1.8566E-04       1.9056E-05       1.7035E-05       8.0790E-04       1.2605E-08       1.0343E-03       2.0000E-04       2.0000E-04
       6.6500E-01      -1.1623E-05       3.3348E-05       1.2325E-04       1.8568E-04       1.9016E-05       1.7035E-05       8.0787E-04       1.2604E-08       1.0343E-03       2.0000E-04       2.0000E-04
       6.7500E-01      -1.1623E-05       3.3348E-05       1.2327E-04       1.8570E-04       1.8974E-05       1.7035E-05       8.0783E-04       1.2604E-08       1.0343E-03       2.0000E-04       2.0000E-04
       6.8500E-01      -1.1623E-05       3.3348E-05       1.2328E-04       1.8573E-04       1.8932E-05       1.7035E-05       8.0779E-04       1.2604E-08       1.0343E-03       2.0000E-04       2.0000E-04
       6.9500E-01      -1.1624E-05       3.3349E-05       1.2330E-04       1.8575E-04       1.8887E-05       1.7036E-05       8.0775E-04       1.2604E-08       1.0343E-03       2.0000E-04       2.0000E-04
       7.0500E-01      -1.1624E-05       3.3349E-05       1.2332E-04       1.8578E-04       1.8842E-05       1.7036E-05       8.0771E-04       1.2603E-08       1.0343E-03       2.0000E-04       2.0000E-04
       7.1500E-01      -1.1624E-05       3.3349E-05       1.2334E-04       1.8581E-04       1.8795E-05       1.7036E-05       8.0767E-04       1.2603E-08       1.0343E-03       2.0000E-04       2.0000E-04
       7.2500E-01      -1.1625E-05       3.3350E-05       1.2335E-04       1.8584E-04       1.8747E-05       1.7036E-05       8.0762E-04       1.2603E-08       1.0343E-03       2.0000E-04       2.0000E-04
       7.3500E-01      -1.1625E-05       3.3350E-05       1.2337E-04       1.8586E-04       1.8698E-05       1.7036E-05       8.0758E-04       1.2603E-08       1.0343E-03       2.0000E-04       2.0000E-04
       7.4500E-01      -1.1625E-05       3.3350E-05       1.2339E-04       1.8589E-04       1.8648E-05       1.7037E-05       8.0753E-04       1.2603E-08       1.0343E-03       2.0000E-04       2.0000E-04
       7.5500E-01      -1.1626E-05       3.3350E-05       1.2341E-04       1.8593E-04       1.8596E-05       1.7037E-05       8.0748E-04       1.2602E-08       1.0343E-03       2.0000E-04       2.0000E-04
       7.6500E-01      -1.1626E-05       3.3351E-05       1.2344E-04       1.8596E-04       1.8543E-05       1.7037E-05       8.0743E-04       1.2602E-08       1.0343E-03       2.0000E-04       2.0000E-04
       7.7500E-01      -1.1626E-05       3.3351E-05       1.2346E-04       1.8599E-04       1.8489E-05       1.7037E-05       8.0737E-04       1.2602E-08       1.0343E-03       2.0000E-04       2.0000E-04
       7.8500E-01      -1.1626E-05       3.3351E-05       1.2348E-04       1.8602E-04       1.8433E-05       1.7037E-05       8.0732E-04       1.2602E-08       1.0343E-03       2.0000E-04       2.0000E-04
       7.9500E-01      -1.1627E-05       3.3352E-05       1.2350E-04       1.8606E-04       1.8377E-05       1.7038E-05       8.0726E-04       1.2602E-08       1.0343E-03       2.0000E-04       2.0000E-04
       8.0500E-01      -1.1627E-05       3.3352E-05       1.2353E-04       1.8610E-04       1.8319E-05       1.7038E-05       8.0719E-04       1.2601E-08       1.0343E-03       2.0000E-04       2.0000E-04
       8.1500E-01      -1.1627E-05       3.3352E-05       1.2355E-04       1.8613E-04       1.8260E-05       1.7038E-05       8.0713E-04       1.2601E-08       1.0343E-03       2.0000E-04       2.0000E-04
       8.2500E-01      -1.1628E-05       3.3352E-05       1.2358E-04       1.8617E-04       1.8200E-05       1.7038E-05       8.0706E-04       1.2601E-08       1.0343E-03       2.0000E-04       2.0000E-04
       8.3500E-01      -1.1628E-05       3.3353E-05       1.2360E-04       1.8621E-04       1.8138E-05       1.7038E-05       8.0699E-04       1.2601E-08       1.0343E-03       2.0000E-04       2.0000E-04
       8.4500E-01      -1.1628E-05       3.3353E-05       1.2363E-04       1.8625E-04       1.8076E-05       1.7039E-05       8.0692E-04       1.2600E-08       1.0343E-03       2.0000E-04       2.0000E-04
       8.5500E-01      -1.1629E-05       3.3353E-05       1.2366E-04       1.8629E-04       1.8012E-05       1.7039E-05       8.0685E-04       1.2600E-08       1.0343E-03       2.0000E-04       2.0000E-04
       8.6500E-01      -1.1629E-05       3.3354E-05       1.2369E-04       1.8634E-04       1.7948E-05       1.7039E-05       8.0677E-04       1.2600E-08       1.0343E-03       2.0000E-04       2.0000E-04
       8.7500E-01      -1.1629E-05       3.3354E-05       1.2372E-04       1.8638E-04       1.7882E-05       1.7039E-05       8.0669E-04       1.2600E-08       1.0343E-03       2.0000E-04       2.0000E-04
       8.8500E-01      -1.1629E-05       3.3354E-05       1.2375E-04       1.8642E-04       1.7815E-05       1.7039E-05       8.0661E-04       1.2600E-08       1.0343E-03       2.0000E-04       2.0000E-04
       8.9500E-01      -1.1630E-05       3.3354E-05       1.2378E-04       1.8647E-04       1.7748E-05       1.7040E-05       8.0652E-04       1.2599E-08       1.0343E-03       2.0000E-04       2.0000E-04
       9.0500E-01      -1.1630E-05       3.3355E-05       1.2381E-04       1.8652E-04       1.7679E-05       1.7040E-05       8.0643E-04       1.2599E-08       1.0343E-03       2.0000E-04       2.0000E-04
       9.1500E-01      -1.1630E-05       3.3355E-05       1.2384E-04       1.8657E-04       1.7610E-05       1.7040E-05       8.0634E-04       1.2599E-08       1.0343E-03       2.0000E-04       2.0000E-04
       9.2500E-01      -1.1631E-05       3.3355E-05       1.2388E-04       1.8662E-04       1.7540E-05       1.7040E-05       8.0624E-04       1.2599E-08       1.0343E-03       2.0000E-04       2.0000E-04
       9.3500E-01      -1.1631E-05       3.3356E-05       1.2391E-04       1.8667E-04       1.7469E-05       1.7040E-05       8.0614E-04       1.2599E-08       1.0343E-03       2.0000E-04       2.0000E-04
       9.4500E-01      -1.1631E-05       3.3356E-05       1.2395E-04       1.8672E-04       1.7397E-05       1.7041E-05       8.0604E-04       1.2598E-08       1.0343E-03       2.0000E-04       2.0000E-04
       9.5500E-01      -1.1632E-05       3.3356E-05       1.2398E-04       1.8678E-04       1.7325E-05       1.7041E-05       8.0593E-04       1.2598E-08       1.0343E-03       2.0000E-04       2.0000E-04
       9.6500E-01      -1.1632E-05       3.3356E-05       1.2402E-04       1.8683E-04       1.7252E-05       1.7041E-05       8.0582E-04       1.2598E-08       1.0343E-03       2.0000E-04       2.0000E-04
       9.7500E-01      -1.1632E-05       3.3357E-05       1.2406E-04       1.8689E-04       1.7178E-05       1.7041E-05       8.0570E-04       1.2598E-08       1.0343E-03       2.0000E-04       2.0000E-04
       9.8500E-01      -1.1632E-05       3.3357E-05       1.2410E-04       1.8695E-04       1.7104E-05       1.7041E-05       8.0558E-04       1.2598E-08       1.0343E-03       2.0000E-04       2.0000E-04
       9.9500E-01      -1.1633E-05       3.3357E-05       1.2414E-04       1.8701E-04       1.7029E-05       1.7042E-05       8.0546E-04       1.2597E-08       1.0343E-03       2.0000E-04       2.0000E-04
       1.0050E+00      -1.1633E-05       3.3358E-05       1.2418E-04       1.8707E-04       1.6954E-05       1.7042E-05       8.0533E-04       1.2597E-08       1.0343E-03       2.0000E-04       2.0000E-04
       1.0150E+00      -1.1633E-05       3.3358E-05       1.2422E-04       1.8713E-04       1.6879E-05       1.7042E-05       8.0520E-04       1.2597E-08       1.0343E-03       2.0000E-04       2.0000E-04
       1.0250E+00      -1.1634E-05       3.3358E-05       1.2426E-04       1.8719E-04       1.6803E-05       1.7042E-05       8.0506E-04       1.2597E-08       1.0343E-03       2.0000E-04       2.0000E-04
       1.0350E+00      -1.1634E-05       3.3358E-05       1.2431E-04       1.8726E-04       1.6727E-05       1.7042E-05       8.0492E-04       1.2597E-08       1.0343E-03       2.0000E-04       2.0000E-04
       1.0450E+00      -1.1634E-05       3.3359E-05       1.2435E-04       1.8732E-04       1.6650E-05       1.7043E-05       8.0478E-04       1.2596E-08       1.0343E-03       2.0000E-04       2.0000E-04
       1.0550E+00      -1.1635E-05       3.3359E-05       1.2440E-04       1.8739E-04       1.6574E-05       1.7043E-05       8.0463E-04       1.2596E-08       1.0343E-03       2.0000E-04       2.0000E-04
       1.0650E+00      -1.1635E-05       3.3359E-05       1.2444E-04       1.8746E-04       1.6497E-05       1.7043E-05       8.0447E-04       1.2596E-08       1.0343E-03       2.0000E-04       2.0000E-04
       1.0750E+00      -1.1635E-05       3.3360E-05       1.2449E-04       1.8753E-04       1.6421E-05       1.7043E-05       8.0431E-04       1.2596E-08       1.0343E-03       2.0000E-04       2.0000E-04
       1.0850E+00      -1.1635E-05       3.3360E-05       1.2454E-04       1.8761E-04       1.6344E-05       1.7043E-05       8.0415E-04       1.2596E-08       1.0343E-03       2.0000E-04       2.0000E-04
       1.0950E+00      -1.1636E-05       3.3360E-05       1.2459E-04       1.8768E-04       1.6268E-05       1.7044E-05       8.0397E-04       1.2595E-08       1.0343E-03       2.0000E-04       2.0000E-04
       1.1050E+00      -1.1636E-05       3.3360E-05       1.2464E-04       1.8776E-04       1.6192E-05       1.7044E-05       8.0380E-04       1.2595E-08       1.0343E-03       2.0000E-04       2.0000E-04
       1.1150E+00      -1.1636E-05       3.3361E-05       1.2469E-04       1.8783E-04       1.6115E-05       1.7044E-05       8.0362E-04       1.2595E-08       1.0343E-03       2.0000E-04       2.0000E-04
       1.1250E+00      -1.1637E-05       3.3361E-05       1.2475E-04       1.8791E-04       1.6040E-05       1.7044E-05       8.0343E-04       1.2595E-08       1.0343E-03       2.0000E-04       2.0000E-04
       1.1350E+00      -1.1637E-05       3.3361E-05       1.2480E-04       1.8799E-04       1.5964E-05       1.7044E-05       8.0323E-04       1.2595E-08       1.0343E-03       2.0000E-04       2.0000E-04
       1.1450E+00      -1.1637E-05       3.3362E-05       1.2486E-04       1.8808E-04       1.5889E-05       1.7045E-05       8.0303E-04       1.2594E-08       1.0343E-03       2.0000E-04       2.0000E-04
       1.1550E+00      -1.1638E-05       3.3362E-05       1.2491E-04       1.8816E-04       1.5814E-05       1.7045E-05       8.0283E-04       1.2594E-08       1.0343E-03       2.0000E-04       2.0000E-04
       1.1650E+00      -1.1638E-05       3.3362E-05       1.2497E-04       1.8825E-04       1.5740E-05       1.7045E-05       8.0261E-04       1.2594E-08       1.0343E-03       2.0000E-04       2.0000E-04
       1.1750E+00      -1.1638E-05       3.3362E-05       1.2503E-04       1.8834E-04       1.5666E-05       1.7045E-05       8.0240E-04       1.2594E-08       1.0343E-03       2.0000E-04       2.0000E-04
       1.1850E+00      -1.1638E-05       3.3363E-05       1.2509E-04       1.8843E-04       1.5593E-05       1.7045E-05       8.0217E-04       1.2594E-08       1.0343E-03       2.0000E-04       2.0000E-04
       1.1950E+00      -1.1639E-05       3.3363E-05       1.2515E-04       1.8852E-04       1.5521E-05       1.7046E-05       8.0194E-04       1.2593E-08       1.0343E-03       2.0000E-04       2.0000E-04
       1.2050E+00      -1.1639E-05       3.3363E-05       1.2521E-04       1.8861E-04       1.5449E-05       1.7046E-05       8.0170E-04       1.2593E-08       1.0343E-03       2.0000E-04       2.0000E-04
       1.2150E+00      -1.1639E-05       3.3363E-05       1.2528E-04       1.8871E-04       1.5378E-05       1.7046E-05       8.0145E-04       1.2593E-08       1.0343E-03       2.0000E-04       2.0000E-04
       1.2250E+00      -1.1640E-05       3.3364E-05       1.2534E-04       1.8880E-04       1.5307E-05       1.7046E-05       8.0120E-04       1.2593E-08       1.0343E-03       2.0000E-04       2.0000E-04
       1.2350E+00      -1.1640E-05       3.3364E-05       1.2541E-04       1.8890E-04       1.5238E-05       1.7046E-05       8.0094E-04       1.2593E-08       1.0343E-03       2.0000E-04       2.0000E-04
       1.2450E+00      -1.1640E-05       3.3364E-05       1.2547E-04       1.8900E-04       1.5169E-05       1.7047E-05       8.0067E-04       1.2592E-08       1.0343E-03       2.0000E-04       2.0000E-04
       1.2550E+00      -1.1640E-05       3.3365E-05       1.2554E-04       1.8911E-04       1.5102E-05       1.7047E-05       8.0039E-04       1.2592E-08       1.0343E-03       2.0000E-04       2.0000E-04
       1.2650E+00      -1.1641E-05       3.3365E-05       1.2561E-04       1.8921E-04       1.5035E-05       1.7047E-05       8.0011E-04       1.2592E-08       1.0343E-03       2.0000E-04       2.0000E-04
       1.2750E+00      -1.1641E-05       3.3365E-05       1.2569E-04       1.8932E-04       1.4969E-05       1.7047E-05       7.9982E-04       1.2592E-08       1.0343E-03       2.0000E-04       2.0000E-04
       1.2850E+00      -1.1641E-05       3.3365E-05       1.2576E-04       1.8943E-04       1.4905E-05       1.7047E-05       7.9952E-04       1.2592E-08       1.0343E-03       2.0000E-04       2.0000E-04
       1.2950E+00      -1.1642E-05       3.3366E-05       1.2583E-04       1.8954E-04       1.4841E-05       1.7048E-05       7.9921E-04       1.2592E-08       1.0343E-03       2.0000E-04       2.0000E-04
       1.3050E+00      -1.1642E-05       3.3366E-05       1.2591E-04       1.8965E-04       1.4779E-05       1.7048E-05       7.9889E-04       1.2591E-08       1.0343E-03       2.0000E-04       2.0000E-04
       1.3150E+00      -1.1642E-05       3.3366E-05       1.2599E-04       1.8977E-04       1.4717E-05       1.7048E-05       7.9857E-04       1.2591E-08       1.0343E-03       2.0000E-04       2.0000E-04
       1.3250E+00      -1.1643E-05       3.3367E-05       1.2606E-04       1.8989E-04       1.4657E-05       1.7048E-05       7.9824E-04       1.2591E-08       1.0343E-03       2.0000E-04       2.0000E-04
       1.3350E+00      -1.1643E-05       3.3367E-05       1.2615E-04       1.9001E-04       1.4598E-05       1.7048E-05       7.9790E-04       1.2591E-08       1.0343E-03       2.0000E-04       2.0000E-04
       1.3450E+00      -1.1643E-05       3.3367E-05       1.2623E-04       1.9013E-04       1.4540E-05       1.7049E-05       7.9754E-04       1.2591E-08       1.0343E-03       2.0000E-04       2.0000E-04
       1.3550E+00      -1.1643E-05       3.3367E-05       1.2631E-04       1.9025E-04       1.4484E-05       1.7049E-05       7.9719E-04       1.2590E-08       1.0343E-03       2.0000E-04       2.0000E-04
       1.3650E+00      -1.1644E-05       3.3368E-05       1.2640E-04       1.9038E-04       1.4429E-05       1.7049E-05       7.9682E-04       1.2590E-08       1.0343E-03       2.0000E-04       2.0000E-04
       1.3750E+00      -1.1644E-05       3.3368E-05       1.2648E-04       1.9051E-04       1.4375E-05       1.7049E-05       7.9644E-04       1.2590E-08       1.0343E-03       2.0000E-04       2.0000E-04
       1.3850E+00      -1.1644E-05       3.3368E-05       1.2657E-04       1.9064E-04       1.4322E-05       1.7049E-05       7.9605E-04       1.2590E-08       1.0343E-03       2.0000E-04       2.0000E-04
       1.3950E+00      -1.1645E-05       3.3369E-05       1.2666E-04       1.9078E-04       1.4271E-05       1.7050E-05       7.9565E-04       1.2590E-08       1.0343E-03       2.0000E-04       2.0000E-04
       1.4050E+00      -1.1645E-05       3.3369E-05       1.2675E-04       1.9091E-04       1.4221E-05       1.7050E-05       7.9525E-04       1.2590E-08       1.0343E-03       2.0000E-04       2.0000E-04
       1.4150E+00      -1.1645E-05       3.3369E-05       1.2684E-04       1.9105E-04       1.4172E-05       1.7050E-05       7.9483E-04       1.2589E-08       1.0343E-03       2.0000E-04       2.0000E-04
       1.4250E+00      -1.1646E-05       3.3369E-05       1.2694E-04       1.9119E-04       1.4125E-05       1.7050E-05       7.9441E-04       1.2589E-08       1.0343E-03       2.0000E-04       2.0000E-04
       1.4350E+00      -1.1646E-05       3.3370E-05       1.2704E-04       1.9134E-04       1.4079E-05       1.7050E-05       7.9397E-04       1.2589E-08       1.0343E-03       2.0000E-04       2.0000E-04
       1.4450E+00      -1.1646E-05       3.3370E-05       1.2713E-04       1.9149E-04       1.4035E-05       1.7050E-05       7.9353E-04       1.2589E-08       1.0343E-03       2.0000E-04       2.0000E-04
       1.4550E+00      -1.1646E-05       3.3370E-05       1.2723E-04       1.9164E-04       1.3991E-05       1.7051E-05       7.9307E-04       1.2589E-08       1.0343E-03       2.0000E-04       2.0000E-04
       1.4650E+00      -1.1647E-05       3.3371E-05       1.2734E-04       1.9179E-04       1.3950E-05       1.7051E-05       7.9260E-04       1.2589E-08       1.0343E-03       2.0000E-04       2.0000E-04
       1.4750E+00      -1.1647E-05       3.3371E-05       1.2744E-04       1.9194E-04       1.3909E-05       1.7051E-05       7.9213E-04       1.2588E-08       1.0343E-03       2.0000E-04       2.0000E-04
       1.4850E+00      -1.1647E-05       3.3371E-05       1.2754E-04       1.9210E-04       1.3870E-05       1.7051E-05       7.9164E-04       1.2588E-08       1.0343E-03       2.0000E-04       2.0000E-04
       1.4950E+00      -1.1648E-05       3.3371E-05       1.2765E-04       1.9226E-04       1.3833E-05       1.7051E-05       7.9114E-04       1.2588E-08       1.0343E-03       2.0000E-04       2.0000E-04
       1.5050E+00      -1.1648E-05       3.3372E-05       1.2776E-04       1.9242E-04       1.3796E-05       1.7052E-05       7.9064E-04       1.2588E-08       1.0343E-03       2.0000E-04       2.0000E-04
       1.5150E+00      -1.1648E-05       3.3372E-05       1.2787E-04       1.9259E-04       1.3762E-05       1.7052E-05       7.9012E-04       1.2588E-08       1.0343E-03       2.0000E-04       2.0000E-04
       1.5250E+00      -1.1648E-05       3.3372E-05       1.2798E-04       1.9276E-04       1.3728E-05       1.7052E-05       7.8959E-04       1.2588E-08       1.0343E-03       2.0000E-04       2.0000E-04
       1.5350E+00      -1.1649E-05       3.3373E-05       1.2810E-04       1.9293E-04       1.3696E-05       1.7052E-05       7.8905E-04       1.2587E-08       1.0343E-03       2.0000E-04       2.0000E-04
       1.5450E+00      -1.1649E-05       3.3373E-05       1.2822E-04       1.9310E-04       1.3665E-05       1.7052E-05       7.8850E-04       1.2587E-08       1.0343E-03       2.0000E-04       2.0000E-04
       1.5550E+00      -1.1649E-05       3.3373E-05       1.2833E-04       1.9328E-04       1.3636E-05       1.7053E-05       7.8794E-04       1.2587E-08       1.0343E-03       2.0000E-04       2.0000E-04
       1.5650E+00      -1.1650E-05       3.3373E-05       1.2845E-04       1.9346E-04       1.3608E-05       1.7053E-05       7.8737E-04       1.2587E-08       1.0343E-03       2.0000E-04       2.0000E-04
       1.5750E+00      -1.1650E-05       3.3374E-05       1.2858E-04       1.9364E-04       1.3581E-05       1.7053E-05       7.8679E-04       1.2587E-08       1.0343E-03       2.0000E-04       2.0000E-04
       1.5850E+00      -1.1650E-05       3.3374E-05       1.2870E-04       1.9383E-04       1.3556E-05       1.7053E-05       7.8619E-04       1.2587E-08       1.0343E-03       2.0000E-04       2.0000E-04
       1.5950E+00      -1.1651E-05       3.3374E-05       1.2883E-04       1.9402E-04       1.3532E-05       1.7053E-05       7.8559E-04       1.2587E-08       1.0343E-03       2.0000E-04       2.0000E-04
       1.6050E+00      -1.1651E-05       3.3374E-05       1.2895E-04       1.9421E-04       1.3509E-05       1.7054E-05       7.8497E-04       1.2586E-08       1.0343E-03       2.0000E-04       2.0000E-04
       1.6150E+00      -1.1651E-05       3.3375E-05       1.2908E-04       1.9440E-04       1.3487E-05       1.7054E-05       7.8435E-04       1.2586E-08       1.0343E-03       2.0000E-04       2.0000E-04
       1.6250E+00      -1.1651E-05       3.3375E-05       1.2921E-04       1.9460E-04       1.3467E-05       1.7054E-05       7.8371E-04       1.2586E-08       1.0343E-03       2.0000E-04       2.0000E-04
       1.6350E+00      -1.1652E-05       3.3375E-05       1.2935E-04       1.9480E-04       1.3448E-05       1.7054E-05       7.8306E-04       1.2586E-08       1.0343E-03       2.0000E-04       2.0000E-04
       1.6450E+00      -1.1652E-05       3.3376E-05       1.2948E-04       1.9500E-04       1.3430E-05       1.7054E-05       7.8240E-04       1.2586E-08       1.0343E-03       2.0000E-04       2.0000E-04
       1.6550E+00      -1.1652E-05       3.3376E-05       1.2962E-04       1.9521E-04       1.3413E-05       1.7055E-05       7.8173E-04       1.2586E-08       1.0343E-03       2.0000E-04       2.0000E-04
       1.6650E+00      -1.1653E-05       3.3376E-05       1.2976E-04       1.9542E-04       1.3398E-05       1.7055E-05       7.8105E-04       1.2585E-08       1.0343E-03       2.0000E-04       2.0000E-04
       1.6750E+00      -1.1653E-05       3.3376E-05       1.2990E-04       1.9563E-04       1.3383E-05       1.7055E-05       7.8036E-04       1.2585E-08       1.0343E-03       2.0000E-04       2.0000E-04
       1.6850E+00      -1.1653E-05       3.3377E-05       1.3005E-04       1.9584E-04       1.3370E-05       1.7055E-05       7.7965E-04       1.2585E-08       1.0343E-03       2.0000E-04       2.0000E-04
       1.6950E+00      -1.1654E-05       3.3377E-05       1.3019E-04       1.9606E-04       1.3358E-05       1.7055E-05       7.7894E-04       1.2585E-08       1.0343E-03       2.0000E-04       2.0000E-04
       1.7050E+00      -1.1654E-05       3.3377E-05       1.3034E-04       1.9628E-04       1.3347E-05       1.7056E-05       7.7822E-04       1.2585E-08       1.0343E-03       2.0000E-04       2.0000E-04
       1.7150E+00      -1.1654E-05       3.3378E-05       1.3049E-04       1.9651E-04       1.3337E-05       1.7056E-05       7.7748E-04       1.2585E-08       1.0343E-03       2.0000E-04       2.0000E-04
       1.7250E+00      -1.1654E-05       3.3378E-05       1.3064E-04       1.9673E-04       1.3328E-05       1.7056E-05       7.7674E-04       1.2585E-08       1.0343E-03       2.0000E-04       2.0000E-04
       1.7350E+00      -1.1655E-05       3.3378E-05       1.3079E-04       1.9696E-04       1.3321E-05       1.7056E-05       7.7598E-04       1.2584E-08       1.0343E-03       2.0000E-04       2.0000E-04
       1.7450E+00      -1.1655E-05       3.3378E-05       1.3095E-04       1.9719E-04       1.3314E-05       1.7056E-05       7.7521E-04       1.2584E-08       1.0343E-03       2.0000E-04       2.0000E-04
       1.7550E+00      -1.1655E-05       3.3379E-05       1.3110E-04       1.9743E-04       1.3308E-05       1.7057E-05       7.7443E-04       1.2584E-08       1.0343E-03       2.0000E-04       2.0000E-04
       1.7650E+00      -1.1656E-05       3.3379E-05       1.3126E-04       1.9767E-04       1.3303E-05       1.7057E-05       7.7365E-04       1.2584E-08       1.0343E-03       2.0000E-04       2.0000E-04
       1.7750E+00      -1.1656E-05       3.3379E-05       1.3142E-04       1.9791E-04       1.3299E-05       1.7057E-05       7.7285E-04       1.2584E-08       1.0343E-03       2.0000E-04       2.0000E-04
       1.7850E+00      -1.1656E-05       3.3380E-05       1.3159E-04       1.9815E-04       1.3296E-05       1.7057E-05       7.7204E-04       1.2584E-08       1.0343E-03       2.0000E-04       2.0000E-04
       1.7950E+00      -1.1657E-05       3.3380E-05       1.3175E-04       1.9840E-04       1.3294E-05       1.7057E-05       7.7122E-04       1.2584E-08       1.0343E-03       2.0000E-04       2.0000E-04
       1.8050E+00      -1.1657E-05       3.3380E-05       1.3192E-04       1.9865E-04       1.3293E-05       1.7058E-05       7.7039E-04       1.2584E-08       1.0343E-03       2.0000E-04       2.0000E-04
       1.8150E+00      -1.1657E-05       3.3380E-05       1.3208E-04       1.9890E-04       1.3293E-05       1.7058E-05       7.6955E-04       1.2583E-08       1.0343E-03       2.0000E-04       2.0000E-04
       1.8250E+00      -1.1657E-05       3.3381E-05       1.3225E-04       1.9915E-04       1.3293E-05       1.7058E-05       7.6870E-04       1.2583E-08       1.0343E-03       2.0000E-04       2.0000E-04
       1.8350E+00      -1.1658E-05       3.3381E-05       1.3243E-04       1.9941E-04       1.3294E-05       1.7058E-05       7.6784E-04       1.2583E-08       1.0343E-03       2.0000E-04       2.0000E-04
       1.8450E+00      -1.1658E-05       3.3381E-05       1.3260E-04       1.9967E-04       1.3296E-05       1.7058E-05       7.6698E-04       1.2583E-08       1.0343E-03       2.0000E-04       2.0000E-04
       1.8550E+00      -1.1658E-05       3.3382E-05       1.3277E-04       1.9993E-04       1.3299E-05       1.7059E-05       7.6610E-04       1.2583E-08       1.0343E-03       2.0000E-04       2.0000E-04
       1.8650E+00      -1.1659E-05       3.3382E-05       1.3295E-04       2.0020E-04       1.3303E-05       1.7059E-05       7.6521E-04       1.2583E-08       1.0343E-03       2.0000E-04       2.0000E-04
       1.8750E+00      -1.1659E-05       3.3382E-05       1.3313E-04       2.0046E-04       1.3307E-05       1.7059E-05       7.6431E-04       1.2583E-08       1.0343E-03       2.0000E-04       2.0000E-04
       1.8850E+00      -1.1659E-05       3.3383E-05       1.3331E-04       2.0073E-04       1.3312E-05       1.7059E-05       7.6341E-04       1.2582E-08       1.0343E-03       2.0000E-04       2.0000E-04
       1.8950E+00      -1.1660E-05       3.3383E-05       1.3349E-04       2.0101E-04       1.3318E-05       1.7059E-05       7.6249E-04       1.2582E-08       1.0343E-03       2.0000E-04       2.0000E-04
       1.9050E+00      -1.1660E-05       3.3383E-05       1.3368E-04       2.0128E-04       1.3324E-05       1.7060E-05       7.6157E-04       1.2582E-08       1.0343E-03       2.0000E-04       2.0000E-04
       1.9150E+00      -1.1660E-05       3.3383E-05       1.3386E-04       2.0156E-04       1.3331E-05       1.7060E-05       7.6064E-04       1.2582E-08       1.0343E-03       2.0000E-04       2.0000E-04
       1.9250E+00      -1.1660E-05       3.3384E-05       1.3405E-04       2.0184E-04       1.3339E-05       1.7060E-05       7.5970E-04       1.2582E-08       1.0343E-03       2.0000E-04       2.0000E-04
       1.9350E+00      -1.1661E-05       3.3384E-05       1.3424E-04       2.0212E-04       1.3347E-05       1.7060E-05       7.5875E-04       1.2582E-08       1.0343E-03       2.0000E-04       2.0000E-04
       1.9450E+00      -1.1661E-05       3.3384E-05       1.3443E-04       2.0240E-04       1.3356E-05       1.7060E-05       7.5779E-04       1.2582E-08       1.0343E-03       2.0000E-04       2.0000E-04
       1.9550E+00      -1.1661E-05       3.3385E-05       1.3462E-04       2.0269E-04       1.3365E-05       1.7061E-05       7.5682E-04       1.2582E-08       1.0343E-03       2.0000E-04       2.0000E-04
       1.9650E+00      -1.1662E-05       3.3385E-05       1.3481E-04       2.0298E-04       1.3375E-05       1.7061E-05       7.5585E-04       1.2581E-08       1.0343E-03       2.0000E-04       2.0000E-04
       1.9750E+00      -1.1662E-05       3.3385E-05       1.3501E-04       2.0327E-04       1.3386E-05       1.7061E-05       7.5487E-04       1.2581E-08       1.0343E-03       2.0000E-04       2.0000E-04
       1.9850E+00      -1.1662E-05       3.3385E-05       1.3520E-04       2.0356E-04       1.3397E-05       1.7061E-05       7.5388E-04       1.2581E-08       1.0343E-03       2.0000E-04       2.0000E-04
       1.9950E+00      -1.1662E-05       3.3386E-05       1.3540E-04       2.0386E-04       1.3408E-05       1.7061E-05       7.5288E-04       1.2581E-08       1.0343E-03       2.0000E-04       2.0000E-04
       2.0050E+00      -1.1663E-05       3.3386E-05       1.3560E-04       2.0416E-04       1.3420E-05       1.7062E-05       7.5188E-04       1.2581E-08       1.0343E-03       2.0000E-04       2.0000E-04
       2.0150E+00      -1.1663E-05       3.3386E-05       1.3580E-04       2.0446E-04       1.3432E-05       1.7062E-05       7.5087E-04       1.2581E-08       1.0343E-03       2.0000E-04       2.0000E-04
       2.0250E+00      -1.1663E-05       3.3387E-05       1.3600E-04       2.0476E-04       1.3445E-05       1.7062E-05       7.4985E-04       1.2581E-08       1.0343E-03       2.0000E-04       2.0000E-04
       2.0350E+00      -1.1664E-05       3.3387E-05       1.3620E-04       2.0506E-04       1.3458E-05       1.7062E-05       7.4883E-04       1.2581E-08       1.0343E-03       2.0000E-04       2.0000E-04
       2.0450E+00      -1.1664E-05       3.3387E-05       1.3640E-04       2.0536E-04       1.3472E-05       1.7062E-05       7.4780E-04       1.2581E-08       1.0343E-03       2.0000E-04       2.0000E-04
       2.0550E+00      -1.1664E-05       3.3387E-05       1.3661E-04       2.0567E-04       1.3486E-05       1.7063E-05       7.4676E-04       1.2580E-08       1.0343E-03       2.0000E-04       2.0000E-04
       2.0650E+00      -1.1665E-05       3.3388E-05       1.3681E-04       2.0598E-04       1.3500E-05       1.7063E-05       7.4572E-04       1.2580E-08       1.0343E-03       2.0000E-04       2.0000E-04
       2.0750E+00      -1.1665E-05       3.3388E-05       1.3702E-04       2.0629E-04       1.3515E-05       1.7063E-05       7.4467E-04       1.2580E-08       1.0343E-03       2.0000E-04       2.0000E-04
       2.0850E+00      -1.1665E-05       3.3388E-05       1.3723E-04       2.0660E-04       1.3530E-05       1.7063E-05       7.4361E-04       1.2580E-08       1.0343E-03       2.0000E-04       2.0000E-04
       2.0950E+00      -1.1665E-05       3.3389E-05       1.3744E-04       2.0691E-04       1.3545E-05       1.7063E-05       7.4255E-04       1.2580E-08       1.0343E-03       2.0000E-04       2.0000E-04
       2.1050E+00      -1.1666E-05       3.3389E-05       1.3765E-04       2.0723E-04       1.3561E-05       1.7064E-05       7.4149E-04       1.2580E-08       1.0343E-03       2.0000E-04       2.0000E-04
       2.1150E+00      -1.1666E-05       3.3389E-05       1.3786E-04       2.0755E-04       1.3577E-05       1.7064E-05       7.4042E-04       1.2580E-08       1.0343E-03       2.0000E-04       2.0000E-04
       2.1250E+00      -1.1666E-05       3.3389E-05       1.3807E-04       2.0786E-04       1.3593E-05       1.7064E-05       7.3934E-04       1.2580E-08       1.0343E-03       2.0000E-04       2.0000E-04
       2.1350E+00      -1.1667E-05       3.3390E-05       1.3829E-04       2.0818E-04       1.3610E-05       1.7064E-05       7.3826E-04       1.2579E-08       1.0343E-03       2.0000E-04       2.0000E-04
       2.1450E+00      -1.1667E-05       3.3390E-05       1.3850E-04       2.0850E-04       1.3626E-05       1.7064E-05       7.3718E-04       1.2579E-08       1.0343E-03       2.0000E-04       2.0000E-04
       2.1550E+00      -1.1667E-05       3.3390E-05       1.3871E-04       2.0882E-04       1.3643E-05       1.7065E-05       7.3609E-04       1.2579E-08       1.0343E-03       2.0000E-04       2.0000E-04
       2.1650E+00      -1.1668E-05       3.3391E-05       1.3893E-04       2.0915E-04       1.3661E-05       1.7065E-05       7.3500E-04       1.2579E-08       1.0343E-03       2.0000E-04       2.0000E-04
       2.1750E+00      -1.1668E-05       3.3391E-05       1.3915E-04       2.0947E-04       1.3678E-05       1.7065E-05       7.3390E-04       1.2579E-08       1.0343E-03       2.0000E-04       2.0000E-04
       2.1850E+00      -1.1668E-05       3.3391E-05       1.3936E-04       2.0979E-04       1.3696E-05       1.7065E-05       7.3280E-04       1.2579E-08       1.0343E-03       2.0000E-04       2.0000E-04
       2.1950E+00      -1.1669E-05       3.3392E-05       1.3958E-04       2.1012E-04       1.3714E-05       1.7065E-05       7.3170E-04       1.2579E-08       1.0343E-03       2.0000E-04       2.0000E-04
       2.2050E+00      -1.1669E-05       3.3392E-05       1.3980E-04       2.1045E-04       1.3732E-05       1.7066E-05       7.3059E-04       1.2579E-08       1.0343E-03       2.0000E-04       2.0000E-04
       2.2150E+00      -1.1669E-05       3.3392E-05       1.4002E-04       2.1077E-04       1.3750E-05       1.7066E-05       7.2948E-04       1.2579E-08       1.0343E-03       2.0000E-04       2.0000E-04
       2.2250E+00      -1.1669E-05       3.3392E-05       1.4024E-04       2.1110E-04       1.3769E-05       1.7066E-05       7.2837E-04       1.2578E-08       1.0343E-03       2.0000E-04       2.0000E-04
       2.2350E+00      -1.1670E-05       3.3393E-05       1.4046E-04       2.1143E-04       1.3787E-05       1.7066E-05       7.2725E-04       1.2578E-08       1.0343E-03       2.0000E-04       2.0000E-04
       2.2450E+00      -1.1670E-05       3.3393E-05       1.4068E-04       2.1176E-04       1.3806E-05       1.7066E-05       7.2613E-04       1.2578E-08       1.0343E-03       2.0000E-04       2.0000E-04
       2.2550E+00      -1.1670E-05       3.3393E-05       1.4090E-04       2.1209E-04       1.3825E-05       1.7067E-05       7.2501E-04       1.2578E-08       1.0343E-03       2.0000E-04       2.0000E-04
       2.2650E+00      -1.1671E-05       3.3394E-05       1.4112E-04       2.1242E-04       1.3844E-05       1.7067E-05       7.2389E-04       1.2578E-08       1.0343E-03       2.0000E-04       2.0000E-04
       2.2750E+00      -1.1671E-05       3.3394E-05       1.4134E-04       2.1275E-04       1.3863E-05       1.7067E-05       7.2277E-04       1.2578E-08       1.0343E-03       2.0000E-04       2.0000E-04
       2.2850E+00      -1.1671E-05       3.3394E-05       1.4156E-04       2.1308E-04       1.3882E-05       1.7067E-05       7.2164E-04       1.2578E-08       1.0343E-03       2.0000E-04       2.0000E-04
       2.2950E+00      -1.1672E-05       3.3394E-05       1.4178E-04       2.1342E-04       1.3901E-05       1.7067E-05       7.2051E-04       1.2578E-08       1.0343E-03       2.0000E-04       2.0000E-04
       2.3050E+00      -1.1672E-05       3.3395E-05       1.4200E-04       2.1375E-04       1.3921E-05       1.7068E-05       7.1939E-04       1.2578E-08       1.0343E-03       2.0000E-04       2.0000E-04
       2.3150E+00      -1.1672E-05       3.3395E-05       1.4223E-04       2.1408E-04       1.3940E-05       1.7068E-05       7.1826E-04       1.2577E-08       1.0343E-03       2.0000E-04       2.0000E-04
       2.3250E+00      -1.1672E-05       3.3395E-05       1.4245E-04       2.1441E-04       1.3960E-05       1.7068E-05       7.1713E-04       1.2577E-08       1.0343E-03       2.0000E-04       2.0000E-04
       2.3350E+00      -1.1673E-05       3.3396E-05       1.4267E-04       2.1475E-04       1.3979E-05       1.7068E-05       7.1600E-04       1.2577E-08       1.0343E-03       2.0000E-04       2.0000E-04
       2.3450E+00      -1.1673E-05       3.3396E-05       1.4289E-04       2.1508E-04       1.3999E-05       1.7068E-05       7.1487E-04       1.2577E-08       1.0343E-03       2.0000E-04       2.0000E-04
       2.3550E+00      -1.1673E-05       3.3396E-05       1.4311E-04       2.1541E-04       1.4019E-05       1.7069E-05       7.1374E-04       1.2577E-08       1.0343E-03       2.0000E-04       2.0000E-04
       2.3650E+00      -1.1674E-05       3.3396E-05       1.4334E-04       2.1574E-04       1.4038E-05       1.7069E-05       7.1261E-04       1.2577E-08       1.0343E-03       2.0000E-04       2.0000E-04
       2.3750E+00      -1.1674E-05       3.3397E-05       1.4356E-04       2.1608E-04       1.4058E-05       1.7069E-05       7.1148E-04       1.2577E-08       1.0343E-03       2.0000E-04       2.0000E-04
       2.3850E+00      -1.1674E-05       3.3397E-05       1.4378E-04       2.1641E-04       1.4078E-05       1.7069E-05       7.1035E-04       1.2577E-08       1.0343E-03       2.0000E-04       2.0000E-04
       2.3950E+00      -1.1675E-05       3.3397E-05       1.4400E-04       2.1674E-04       1.4098E-05       1.7069E-05       7.0922E-04       1.2577E-08       1.0343E-03       2.0000E-04       2.0000E-04
       2.4050E+00      -1.1675E-05       3.3398E-05       1.4423E-04       2.1707E-04       1.4118E-05       1.7070E-05       7.0809E-04       1.2576E-08       1.0343E-03       2.0000E-04       2.0000E-04
       2.4150E+00      -1.1675E-05       3.3398E-05       1.4445E-04       2.1741E-04       1.4137E-05       1.7070E-05       7.0697E-04       1.2576E-08       1.0343E-03       2.0000E-04       2.0000E-04
       2.4250E+00      -1.1675E-05       3.3398E-05       1.4467E-04       2.1774E-04       1.4157E-05       1.7070E-05       7.0584E-04       1.2576E-08       1.0343E-03       2.0000E-04       2.0000E-04
       2.4350E+00      -1.1676E-05       3.3399E-05       1.4489E-04       2.1807E-04       1.4177E-05       1.7070E-05       7.0472E-04       1.2576E-08       1.0343E-03       2.0000E-04       2.0000E-04
       2.4450E+00      -1.1676E-05       3.3399E-05       1.4511E-04       2.1840E-04       1.4197E-05       1.7070E-05       7.0360E-04       1.2576E-08       1.0343E-03       2.0000E-04       2.0000E-04
       2.4550E+00      -1.1676E-05       3.3399E-05       1.4533E-04       2.1873E-04       1.4217E-05       1.7071E-05       7.0248E-04       1.2576E-08       1.0343E-03       2.0000E-04       2.0000E-04
       2.4650E+00      -1.1677E-05       3.3399E-05       1.4555E-04       2.1906E-04       1.4236E-05       1.7071E-05       7.0136E-04       1.2576E-08       1.0343E-03       2.0000E-04       2.0000E-04
       2.4750E+00      -1.1677E-05       3.3400E-05       1.4577E-04       2.1939E-04       1.4256E-05       1.7071E-05       7.0025E-04       1.2576E-08       1.0343E-03       2.0000E-04       2.0000E-04
       2.4850E+00      -1.1677E-05       3.3400E-05       1.4599E-04       2.1971E-04       1.4276E-05       1.7071E-05       6.9913E-04       1.2575E-08       1.0343E-03       2.0000E-04       2.0000E-04
       2.4950E+00      -1.1678E-05       3.3400E-05       1.4621E-04       2.2004E-04       1.4296E-05       1.7071E-05       6.9802E-04       1.2575E-08       1.0343E-03       2.0000E-04       2.0000E-04
       2.5050E+00      -1.1678E-05       3.3401E-05       1.4642E-04       2.2037E-04       1.4315E-05       1.7072E-05       6.9692E-04       1.2575E-08       1.0343E-03       2.0000E-04       2.0000E-04
       2.5150E+00      -1.1678E-05       3.3401E-05       1.4664E-04       2.2069E-04       1.4335E-05       1.7072E-05       6.9581E-04       1.2575E-08       1.0343E-03       2.0000E-04       2.0000E-04
       2.5250E+00      -1.1678E-05       3.3401E-05       1.4686E-04       2.2102E-04       1.4354E-05       1.7072E-05       6.9471E-04       1.2575E-08       1.0343E-03       2.0000E-04       2.0000E-04
       2.5350E+00      -1.1679E-05       3.3401E-05       1.4707E-04       2.2134E-04       1.4374E-05       1.7072E-05       6.9362E-04       1.2575E-08       1.0343E-03       2.0000E-04       2.0000E-04
       2.5450E+00      -1.1679E-05       3.3402E-05       1.4729E-04       2.2166E-04       1.4393E-05       1.7072E-05       6.9252E-04       1.2575E-08       1.0343E-03       2.0000E-04       2.0000E-04
       2.5550E+00      -1.1679E-05       3.3402E-05       1.4750E-04       2.2198E-04       1.4413E-05       1.7073E-05       6.9143E-04       1.2575E-08       1.0343E-03       2.0000E-04       2.0000E-04
       2.5650E+00      -1.1680E-05       3.3402E-05       1.4772E-04       2.2230E-04       1.4432E-05       1.7073E-05       6.9035E-04       1.2575E-08       1.0343E-03       2.0000E-04       2.0000E-04
       2.5750E+00      -1.1680E-05       3.3403E-05       1.4793E-04       2.2262E-04       1.4451E-05       1.7073E-05       6.8926E-04       1.2574E-08       1.0343E-03       2.0000E-04       2.0000E-04
       2.5850E+00      -1.1680E-05       3.3403E-05       1.4814E-04       2.2294E-04       1.4471E-05       1.7073E-05       6.8819E-04       1.2574E-08       1.0343E-03       2.0000E-04       2.0000E-04
       2.5950E+00      -1.1681E-05       3.3403E-05       1.4835E-04       2.2325E-04       1.4490E-05       1.7073E-05       6.8712E-04       1.2574E-08       1.0343E-03       2.0000E-04       2.0000E-04
       2.6050E+00      -1.1681E-05       3.3404E-05       1.4856E-04       2.2357E-04       1.4509E-05       1.7074E-05       6.8605E-04       1.2574E-08       1.0343E-03       2.0000E-04       2.0000E-04
       2.6150E+00      -1.1681E-05       3.3404E-05       1.4877E-04       2.2388E-04       1.4527E-05       1.7074E-05       6.8498E-04       1.2574E-08       1.0343E-03       2.0000E-04       2.0000E-04
       2.6250E+00      -1.1681E-05       3.3404E-05       1.4898E-04       2.2419E-04       1.4546E-05       1.7074E-05       6.8393E-04       1.2574E-08       1.0343E-03       2.0000E-04       2.0000E-04
       2.6350E+00      -1.1682E-05       3.3404E-05       1.4919E-04       2.2450E-04       1.4565E-05       1.7074E-05       6.8287E-04       1.2574E-08       1.0343E-03       2.0000E-04       2.0000E-04
       2.6450E+00      -1.1682E-05       3.3405E-05       1.4939E-04       2.2481E-04       1.4584E-05       1.7074E-05       6.8182E-04       1.2574E-08       1.0343E-03       2.0000E-04       2.0000E-04
       2.6550E+00      -1.1682E-05       3.3405E-05       1.4960E-04       2.2512E-04       1.4602E-05       1.7075E-05       6.8078E-04       1.2573E-08       1.0343E-03       2.0000E-04       2.0000E-04
       2.6650E+00      -1.1683E-05       3.3405E-05       1.4980E-04       2.2542E-04       1.4621E-05       1.7075E-05       6.7974E-04       1.2573E-08       1.0343E-03       2.0000E-04       2.0000E-04
       2.6750E+00      -1.1683E-05       3.3406E-05       1.5001E-04       2.2573E-04       1.4639E-05       1.7075E-05       6.7871E-04       1.2573E-08       1.0343E-03       2.0000E-04       2.0000E-04
       2.6850E+00      -1.1683E-05       3.3406E-05       1.5021E-04       2.2603E-04       1.4657E-05       1.7075E-05       6.7769E-04       1.2573E-08       1.0343E-03       2.0000E-04       2.0000E-04
       2.6950E+00      -1.1684E-05       3.3406E-05       1.5041E-04       2.2633E-04       1.4675E-05       1.7076E-05       6.7667E-04       1.2573E-08       1.0343E-03       2.0000E-04       2.0000E-04
       2.7050E+00      -1.1684E-05       3.3406E-05       1.5061E-04       2.2663E-04       1.4693E-05       1.7076E-05       6.7566E-04       1.2573E-08       1.0343E-03       2.0000E-04       2.0000E-04
       2.7150E+00      -1.1684E-05       3.3407E-05       1.5080E-04       2.2692E-04       1.4711E-05       1.7076E-05       6.7465E-04       1.2573E-08       1.0343E-03       2.0000E-04       2.0000E-04
       2.7250E+00      -1.1685E-05       3.3407E-05       1.5100E-04       2.2722E-04       1.4729E-05       1.7076E-05       6.7365E-04       1.2573E-08       1.0343E-03       2.0000E-04       2.0000E-04
       2.7350E+00      -1.1685E-05       3.3407E-05       1.5120E-04       2.2751E-04       1.4746E-05       1.7076E-05       6.7265E-04       1.2572E-08       1.0343E-03       2.0000E-04       2.0000E-04
       2.7450E+00      -1.1685E-05       3.3408E-05       1.5139E-04       2.2780E-04       1.4764E-05       1.7077E-05       6.7167E-04       1.2572E-08       1.0343E-03       2.0000E-04       2.0000E-04
       2.7550E+00      -1.1685E-05       3.3408E-05       1.5158E-04       2.2809E-04       1.4781E-05       1.7077E-05       6.7069E-04       1.2572E-08       1.0343E-03       2.0000E-04       2.0000E-04
       2.7650E+00      -1.1686E-05       3.3408E-05       1.5178E-04       2.2838E-04       1.4798E-05       1.7077E-05       6.6971E-04       1.2572E-08       1.0343E-03       2.0000E-04       2.0000E-04
       2.7750E+00      -1.1686E-05       3.3408E-05       1.5197E-04       2.2866E-04       1.4815E-05       1.7077E-05       6.6875E-04       1.2572E-08       1.0343E-03       2.0000E-04       2.0000E-04
       2.7850E+00      -1.1686E-05       3.3409E-05       1.5216E-04       2.2894E-04       1.4832E-05       1.7077E-05       6.6779E-04       1.2572E-08       1.0343E-03       2.0000E-04       2.0000E-04
       2.7950E+00      -1.1687E-05       3.3409E-05       1.5234E-04       2.2923E-04       1.4849E-05       1.7078E-05       6.6683E-04       1.2572E-08       1.0343E-03       2.0000E-04       2.0000E-04
       2.8050E+00      -1.1687E-05       3.3409E-05       1.5253E-04       2.2950E-04       1.4866E-05       1.7078E-05       6.6589E-04       1.2571E-08       1.0343E-03       2.0000E-04       2.0000E-04
       2.8150E+00      -1.1687E-05       3.3410E-05       1.5271E-04       2.2978E-04       1.4882E-05       1.7078E-05       6.6495E-04       1.2571E-08       1.0343E-03       2.0000E-04       2.0000E-04
       2.8250E+00      -1.1688E-05       3.3410E-05       1.5290E-04       2.3005E-04       1.4899E-05       1.7078E-05       6.6402E-04       1.2571E-08       1.0343E-03       2.0000E-04       2.0000E-04
       2.8350E+00      -1.1688E-05       3.3410E-05       1.5308E-04       2.3032E-04       1.4915E-05       1.7078E-05       6.6310E-04       1.2571E-08       1.0343E-03       2.0000E-04       2.0000E-04
       2.8450E+00      -1.1688E-05       3.3411E-05       1.5326E-04       2.3059E-04       1.4931E-05       1.7079E-05       6.6219E-04       1.2571E-08       1.0343E-03       2.0000E-04       2.0000E-04
       2.8550E+00      -1.1688E-05       3.3411E-05       1.5343E-04       2.3086E-04       1.4947E-05       1.7079E-05       6.6129E-04       1.2571E-08       1.0343E-03       2.0000E-04       2.0000E-04
       2.8650E+00      -1.1689E-05       3.3411E-05       1.5361E-04       2.3112E-04       1.4963E-05       1.7079E-05       6.6039E-04       1.2571E-08       1.0343E-03       2.0000E-04       2.0000E-04
       2.8750E+00      -1.1689E-05       3.3411E-05       1.5378E-04       2.3138E-04       1.4978E-05       1.7079E-05       6.5951E-04       1.2570E-08       1.0343E-03       2.0000E-04       2.0000E-04
       2.8850E+00      -1.1689E-05       3.3412E-05       1.5396E-04       2.3164E-04       1.4993E-05       1.7079E-05       6.5863E-04       1.2570E-08       1.0343E-03       2.0000E-04       2.0000E-04
       2.8950E+00      -1.1690E-05       3.3412E-05       1.5413E-04       2.3190E-04       1.5009E-05       1.7080E-05       6.5777E-04       1.2570E-08       1.0343E-03       2.0000E-04       2.0000E-04
       2.9050E+00      -1.1690E-05       3.3412E-05       1.5429E-04       2.3215E-04       1.5023E-05       1.7080E-05       6.5692E-04       1.2570E-08       1.0343E-03       2.0000E-04       2.0000E-04
       2.9150E+00      -1.1690E-05       3.3413E-05       1.5446E-04       2.3239E-04       1.5038E-05       1.7080E-05       6.5609E-04       1.2570E-08       1.0343E-03       2.0000E-04       2.0000E-04
       2.9250E+00      -1.1691E-05       3.3413E-05       1.5462E-04       2.3263E-04       1.5052E-05       1.7080E-05       6.5527E-04       1.2570E-08       1.0343E-03       2.0000E-04       2.0000E-04
       2.9350E+00      -1.1691E-05       3.3413E-05       1.5477E-04       2.3286E-04       1.5066E-05       1.7080E-05       6.5449E-04       1.2570E-08       1.0343E-03       2.0000E-04       2.0000E-04
       2.9450E+00      -1.1691E-05       3.3413E-05       1.5492E-04       2.3308E-04       1.5079E-05       1.7080E-05       6.5373E-04       1.2570E-08       1.0343E-03       2.0000E-04       2.0000E-04
       2.9550E+00      -1.1691E-05       3.3414E-05       1.5506E-04       2.3329E-04       1.5092E-05       1.7081E-05       6.5303E-04       1.2569E-08       1.0343E-03       2.0000E-04       2.0000E-04
       2.9650E+00      -1.1692E-05       3.3414E-05       1.5519E-04       2.3348E-04       1.5103E-05       1.7081E-05       6.5238E-04       1.2569E-08       1.0343E-03       2.0000E-04       2.0000E-04
       2.9750E+00      -1.1692E-05       3.3414E-05       1.5530E-04       2.3365E-04       1.5113E-05       1.7081E-05       6.5183E-04       1.2569E-08       1.0343E-03       2.0000E-04       2.0000E-04
       2.9850E+00      -1.1692E-05       3.3414E-05       1.5538E-04       2.3377E-04       1.5120E-05       1.7081E-05       6.5139E-04       1.2569E-08       1.0343E-03       2.0000E-04       2.0000E-04
       2.9950E+00      -1.1692E-05       3.3414E-05       1.5543E-04       2.3385E-04       1.5125E-05       1.7081E-05       6.5114E-04       1.2569E-08       1.0343E-03       2.0000E-04       2.0000E-04
