# Time          4.0000E+01
# Units: Mol/kgw
    Distance           H+               CO2(aq)          Mg++             Ca++             K+               SiO2(aq)         Na+              Al+++            Cl-              NO3-             Tracer       
       5.0000E-03       1.0903E-05       1.6196E-05       1.2001E-04       1.8021E-04       2.0000E-05       1.1405E-06       8.0023E-04       8.9012E-07       1.0343E-03       2.0000E-04       2.0000E-04
       1.5000E-02       7.9706E-06       1.6799E-05       1.2002E-04       1.8057E-04       2.0000E-05       2.4988E-06       8.0061E-04       1.4865E-06       1.0343E-03       2.0000E-04       2.0000E-04
       2.5000E-02       5.9625E-06       1.7383E-05       1.2004E-04       1.8091E-04       2.0000E-05       3.5491E-06       8.0099E-04       1.7749E-06       1.0343E-03       2.0000E-04       2.0000E-04
       3.5000E-02       4.8391E-06       1.7921E-05       1.2007E-04       1.8124E-04       2.0000E-05       4.3045E-06       8.0137E-04       1.7685E-06       1.0343E-03       2.0000E-04       2.0000E-04
       4.5000E-02       4.2467E-06       1.8416E-05       1.2011E-04       1.8156E-04       2.0000E-05       4.8828E-06       8.0175E-04       1.5851E-06       1.0343E-03       2.0000E-04       2.0000E-04
       5.5000E-02       3.8539E-06       1.8889E-05       1.2015E-04       1.8187E-04       2.0000E-05       5.3945E-06       8.0213E-04       1.3352E-06       1.0343E-03       2.0000E-04       2.0000E-04
       6.5000E-02       3.4795E-06       1.9357E-05       1.2021E-04       1.8216E-04       2.0000E-05       5.9000E-06       8.0251E-04       1.0793E-06       1.0343E-03       2.0000E-04       2.0000E-04
       7.5000E-02       3.0431E-06       1.9833E-05       1.2028E-04       1.8245E-04       2.0000E-05       6.4260E-06       8.0289E-04       8.4424E-07       1.0343E-03       2.0000E-04       2.0000E-04
       8.5000E-02       2.5115E-06       2.0332E-05       1.2036E-04       1.8272E-04       2.0000E-05       6.9836E-06       8.0327E-04       6.4112E-07       1.0343E-03       2.0000E-04       2.0000E-04
       9.5000E-02       1.8727E-06       2.0867E-05       1.2045E-04       1.8298E-04       2.0000E-05       7.5765E-06       8.0365E-04       4.7405E-07       1.0343E-03       2.0000E-04       2.0000E-04
       1.0500E-01       1.1264E-06       2.1456E-05       1.2055E-04       1.8324E-04       1.9999E-05       8.2048E-06       8.0403E-04       3.4325E-07       1.0343E-03       2.0000E-04       2.0000E-04
       1.1500E-01       2.8152E-07       2.2115E-05       1.2066E-04       1.8348E-04       1.9999E-05       8.8653E-06       8.0440E-04       2.4603E-07       1.0343E-03       2.0000E-04       2.0000E-04
       1.2500E-01      -6.4586E-07       2.2855E-05       1.2077E-04       1.8372E-04       1.9999E-05       9.5523E-06       8.0478E-04       1.7726E-07       1.0343E-03       2.0000E-04       2.0000E-04
       1.3500E-01      -1.6350E-06       2.3680E-05       1.2089E-04       1.8395E-04       1.9999E-05       1.0259E-05       8.0516E-04       1.3049E-07       1.0343E-03       2.0000E-04       2.0000E-04
       1.4500E-01      -2.6649E-06       2.4582E-05       1.2102E-04       1.8418E-04       1.9999E-05       1.0976E-05       8.0553E-04       9.9344E-08       1.0343E-03       2.0000E-04       2.0000E-04
       1.5500E-01      -3.7172E-06       2.5544E-05       1.2115E-04       1.8439E-04       1.9999E-05       1.1699E-05       8.0590E-04       7.8610E-08       1.0343E-03       2.0000E-04       2.0000E-04
       1.6500E-01      -4.7768E-06       2.6545E-05       1.2128E-04       1.8461E-04       1.9999E-05       1.2419E-05       8.0627E-04       6.4593E-08       1.0343E-03       2.0000E-04       2.0000E-04
       1.7500E-01      -5.8309E-06       2.7565E-05       1.2141E-04       1.8482E-04       1.9999E-05       1.3131E-05       8.0663E-04       5.4887E-08       1.0343E-03       2.0000E-04       2.0000E-04
       1.8500E-01      -6.8667E-06       2.8583E-05       1.2154E-04       1.8502E-04       1.9999E-05       1.3829E-05       8.0698E-04       4.7991E-08       1.0343E-03       2.0000E-04       2.0000E-04
       1.9500E-01      -7.8695E-06       2.9578E-05       1.2167E-04       1.8521E-04       1.9999E-05       1.4502E-05       8.0732E-04       4.2979E-08       1.0343E-03       2.0000E-04       2.0000E-04
       2.0500E-01      -8.8203E-06       3.0525E-05       1.2179E-04       1.8539E-04       1.9999E-05       1.5140E-05       8.0764E-04       3.9279E-08       1.0343E-03       2.0000E-04       2.0000E-04
       2.1500E-01      -9.6934E-06       3.1396E-05       1.2191E-04       1.8555E-04       1.9999E-05       1.5725E-05       8.0794E-04       3.6538E-08       1.0343E-03       2.0000E-04       2.0000E-04
       2.2500E-01      -1.0452E-05       3.2152E-05       1.2201E-04       1.8568E-04       1.9999E-05       1.6232E-05       8.0819E-04       3.4545E-08       1.0343E-03       2.0000E-04       2.0000E-04
       2.3500E-01      -1.1044E-05       3.2739E-05       1.2211E-04       1.8577E-04       1.9999E-05       1.6628E-05       8.0839E-04       3.3180E-08       1.0343E-03       2.0000E-04       2.0000E-04
       2.4500E-01      -1.1393E-05       3.3085E-05       1.2218E-04       1.8581E-04       1.9999E-05       1.6862E-05       8.0851E-04       3.2001E-08       1.0343E-03       2.0000E-04       2.0000E-04
       2.5500E-01      -1.1340E-05       3.3080E-05       1.2223E-04       1.8576E-04       1.9999E-05       1.6845E-05       8.0851E-04       1.4366E-08       1.0343E-03       2.0000E-04       2.0000E-04
       2.6500E-01      -1.1336E-05       3.3080E-05       1.2228E-04       1.8571E-04       1.9999E-05       1.6844E-05       8.0851E-04       1.2957E-08       1.0343E-03       2.0000E-04       2.0000E-04
       2.7500E-01      -1.1336E-05       3.3080E-05       1.2233E-04       1.8566E-04       1.9999E-05       1.6844E-05       8.0851E-04       1.2838E-08       1.0343E-03       2.0000E-04       2.0000E-04
       2.8500E-01      -1.1336E-05       3.3080E-05       1.2237E-04       1.8562E-04       1.9999E-05       1.6844E-05       8.0851E-04       1.2828E-08       1.0343E-03       2.0000E-04       2.0000E-04
       2.9500E-01      -1.1337E-05       3.3081E-05       1.2242E-04       1.8557E-04       1.9999E-05       1.6844E-05       8.0851E-04       1.2827E-08       1.0343E-03       2.0000E-04       2.0000E-04
       3.0500E-01      -1.1337E-05       3.3081E-05       1.2246E-04       1.8553E-04       1.9999E-05       1.6844E-05       8.0851E-04       1.2827E-08       1.0343E-03       2.0000E-04       2.0000E-04
       3.1500E-01      -1.1337E-05       3.3081E-05       1.2250E-04       1.8549E-04       1.9999E-05       1.6844E-05       8.0851E-04       1.2826E-08       1.0343E-03       2.0000E-04       2.0000E-04
       3.2500E-01      -1.1338E-05       3.3082E-05       1.2254E-04       1.8545E-04       1.9999E-05       1.6845E-05       8.0851E-04       1.2826E-08       1.0343E-03       2.0000E-04       2.0000E-04
       3.3500E-01      -1.1338E-05       3.3082E-05       1.2257E-04       1.8541E-04       1.9999E-05       1.6845E-05       8.0851E-04       1.2826E-08       1.0343E-03       2.0000E-04       2.0000E-04
       3.4500E-01      -1.1338E-05       3.3082E-05       1.2261E-04       1.8538E-04       1.9999E-05       1.6845E-05       8.0851E-04       1.2826E-08       1.0343E-03       2.0000E-04       2.0000E-04
       3.5500E-01      -1.1339E-05       3.3082E-05       1.2264E-04       1.8535E-04       1.9999E-05       1.6845E-05       8.0851E-04       1.2825E-08       1.0343E-03       2.0000E-04       2.0000E-04
       3.6500E-01      -1.1339E-05       3.3083E-05       1.2267E-04       1.8532E-04       1.9999E-05       1.6845E-05       8.0851E-04       1.2825E-08       1.0343E-03       2.0000E-04       2.0000E-04
       3.7500E-01      -1.1339E-05       3.3083E-05       1.2270E-04       1.8529E-04       1.9999E-05       1.6846E-05       8.0851E-04       1.2825E-08       1.0343E-03       2.0000E-04       2.0000E-04
       3.8500E-01      -1.1339E-05       3.3083E-05       1.2272E-04       1.8527E-04       1.9998E-05       1.6846E-05       8.0851E-04       1.2825E-08       1.0343E-03       2.0000E-04       2.0000E-04
       3.9500E-01      -1.1340E-05       3.3084E-05       1.2274E-04       1.8525E-04       1.9998E-05       1.6846E-05       8.0851E-04       1.2824E-08       1.0343E-03       2.0000E-04       2.0000E-04
       4.0500E-01      -1.1340E-05       3.3084E-05       1.2276E-04       1.8523E-04       1.9998E-05       1.6846E-05       8.0851E-04       1.2824E-08       1.0343E-03       2.0000E-04       2.0000E-04
       4.1500E-01      -1.1340E-05       3.3084E-05       1.2278E-04       1.8521E-04       1.9998E-05       1.6846E-05       8.0851E-04       1.2824E-08       1.0343E-03       2.0000E-04       2.0000E-04
       4.2500E-01      -1.1341E-05       3.3084E-05       1.2279E-04       1.8520E-04       1.9998E-05       1.6847E-05       8.0851E-04       1.2824E-08       1.0343E-03       2.0000E-04       2.0000E-04
       4.3500E-01      -1.1341E-05       3.3085E-05       1.2281E-04       1.8518E-04       1.9998E-05       1.6847E-05       8.0851E-04       1.2823E-08       1.0343E-03       2.0000E-04       2.0000E-04
       4.4500E-01      -1.1341E-05       3.3085E-05       1.2282E-04       1.8517E-04       1.9998E-05       1.6847E-05       8.0851E-04       1.2823E-08       1.0343E-03       2.0000E-04       2.0000E-04
       4.5500E-01      -1.1342E-05       3.3085E-05       1.2283E-04       1.8516E-04       1.9998E-05       1.6847E-05       8.0851E-04       1.2823E-08       1.0343E-03       2.0000E-04       2.0000E-04
       4.6500E-01      -1.1342E-05       3.3085E-05       1.2284E-04       1.8515E-04       1.9998E-05       1.6847E-05       8.0851E-04       1.2823E-08       1.0343E-03       2.0000E-04       2.0000E-04
       4.7500E-01      -1.1342E-05       3.3086E-05       1.2284E-04       1.8515E-04       1.9998E-05       1.6848E-05       8.0851E-04       1.2823E-08       1.0343E-03       2.0000E-04       2.0000E-04
       4.8500E-01      -1.1342E-05       3.3086E-05       1.2285E-04       1.8514E-04       1.9998E-05       1.6848E-05       8.0851E-04       1.2822E-08       1.0343E-03       2.0000E-04       2.0000E-04
       4.9500E-01      -1.1343E-05       3.3086E-05       1.2285E-04       1.8514E-04       1.9998E-05       1.6848E-05       8.0851E-04       1.2822E-08       1.0343E-03       2.0000E-04       2.0000E-04
       5.0500E-01      -1.1343E-05       3.3087E-05       1.2286E-04       1.8513E-04       1.9998E-05       1.6848E-05       8.0851E-04       1.2822E-08       1.0343E-03       2.0000E-04       2.0000E-04
       5.1500E-01      -1.1343E-05       3.3087E-05       1.2286E-04       1.8513E-04       1.9998E-05       1.6848E-05       8.0851E-04       1.2822E-08       1.0343E-03       2.0000E-04       2.0000E-04
       5.2500E-01      -1.1344E-05       3.3087E-05       1.2286E-04       1.8513E-04       1.9998E-05       1.6849E-05       8.0851E-04       1.2821E-08       1.0343E-03       2.0000E-04       2.0000E-04
       5.3500E-01      -1.1344E-05       3.3087E-05       1.2287E-04       1.8513E-04       1.9998E-05       1.6849E-05       8.0851E-04       1.2821E-08       1.0343E-03       2.0000E-04       2.0000E-04
       5.4500E-01      -1.1344E-05       3.3088E-05       1.2287E-04       1.8512E-04       1.9997E-05       1.6849E-05       8.0851E-04       1.2821E-08       1.0343E-03       2.0000E-04       2.0000E-04
       5.5500E-01      -1.1345E-05       3.3088E-05       1.2287E-04       1.8512E-04       1.9997E-05       1.6849E-05       8.0851E-04       1.2821E-08       1.0343E-03       2.0000E-04       2.0000E-04
       5.6500E-01      -1.1345E-05       3.3088E-05       1.2287E-04       1.8512E-04       1.9997E-05       1.6849E-05       8.0851E-04       1.2820E-08       1.0343E-03       2.0000E-04       2.0000E-04
       5.7500E-01      -1.1345E-05       3.3089E-05       1.2287E-04       1.8512E-04       1.9997E-05       1.6850E-05       8.0851E-04       1.2820E-08       1.0343E-03       2.0000E-04       2.0000E-04
       5.8500E-01      -1.1345E-05       3.3089E-05       1.2287E-04       1.8512E-04       1.9997E-05       1.6850E-05       8.0851E-04       1.2820E-08       1.0343E-03       2.0000E-04       2.0000E-04
       5.9500E-01      -1.1346E-05       3.3089E-05       1.2287E-04       1.8512E-04       1.9997E-05       1.6850E-05       8.0851E-04       1.2820E-08       1.0343E-03       2.0000E-04       2.0000E-04
       6.0500E-01      -1.1346E-05       3.3089E-05       1.2287E-04       1.8512E-04       1.9997E-05       1.6850E-05       8.0851E-04       1.2819E-08       1.0343E-03       2.0000E-04       2.0000E-04
       6.1500E-01      -1.1346E-05       3.3090E-05       1.2287E-04       1.8512E-04       1.9997E-05       1.6850E-05       8.0851E-04       1.2819E-08       1.0343E-03       2.0000E-04       2.0000E-04
       6.2500E-01      -1.1347E-05       3.3090E-05       1.2287E-04       1.8512E-04       1.9997E-05       1.6851E-05       8.0851E-04       1.2819E-08       1.0343E-03       2.0000E-04       2.0000E-04
       6.3500E-01      -1.1347E-05       3.3090E-05       1.2287E-04       1.8512E-04       1.9996E-05       1.6851E-05       8.0851E-04       1.2819E-08       1.0343E-03       2.0000E-04       2.0000E-04
       6.4500E-01      -1.1347E-05       3.3090E-05       1.2287E-04       1.8512E-04       1.9996E-05       1.6851E-05       8.0851E-04       1.2818E-08       1.0343E-03       2.0000E-04       2.0000E-04
       6.5500E-01      -1.1347E-05       3.3091E-05       1.2287E-04       1.8512E-04       1.9996E-05       1.6851E-05       8.0851E-04       1.2818E-08       1.0343E-03       2.0000E-04       2.0000E-04
       6.6500E-01      -1.1348E-05       3.3091E-05       1.2287E-04       1.8512E-04       1.9996E-05       1.6851E-05       8.0851E-04       1.2818E-08       1.0343E-03       2.0000E-04       2.0000E-04
       6.7500E-01      -1.1348E-05       3.3091E-05       1.2287E-04       1.8512E-04       1.9996E-05       1.6852E-05       8.0851E-04       1.2818E-08       1.0343E-03       2.0000E-04       2.0000E-04
       6.8500E-01      -1.1348E-05       3.3092E-05       1.2287E-04       1.8512E-04       1.9996E-05       1.6852E-05       8.0851E-04       1.2818E-08       1.0343E-03       2.0000E-04       2.0000E-04
       6.9500E-01      -1.1349E-05       3.3092E-05       1.2287E-04       1.8512E-04       1.9995E-05       1.6852E-05       8.0851E-04       1.2817E-08       1.0343E-03       2.0000E-04       2.0000E-04
       7.0500E-01      -1.1349E-05       3.3092E-05       1.2287E-04       1.8512E-04       1.9995E-05       1.6852E-05       8.0851E-04       1.2817E-08       1.0343E-03       2.0000E-04       2.0000E-04
       7.1500E-01      -1.1349E-05       3.3092E-05       1.2287E-04       1.8512E-04       1.9995E-05       1.6852E-05       8.0851E-04       1.2817E-08       1.0343E-03       2.0000E-04       2.0000E-04
       7.2500E-01      -1.1350E-05       3.3093E-05       1.2287E-04       1.8512E-04       1.9995E-05       1.6853E-05       8.0851E-04       1.2817E-08       1.0343E-03       2.0000E-04       2.0000E-04
       7.3500E-01      -1.1350E-05       3.3093E-05       1.2287E-04       1.8512E-04       1.9994E-05       1.6853E-05       8.0851E-04       1.2816E-08       1.0343E-03       2.0000E-04       2.0000E-04
       7.4500E-01      -1.1350E-05       3.3093E-05       1.2287E-04       1.8512E-04       1.9994E-05       1.6853E-05       8.0851E-04       1.2816E-08       1.0343E-03       2.0000E-04       2.0000E-04
       7.5500E-01      -1.1350E-05       3.3094E-05       1.2287E-04       1.8512E-04       1.9994E-05       1.6853E-05       8.0851E-04       1.2816E-08       1.0343E-03       2.0000E-04       2.0000E-04
       7.6500E-01      -1.1351E-05       3.3094E-05       1.2288E-04       1.8512E-04       1.9994E-05       1.6853E-05       8.0851E-04       1.2816E-08       1.0343E-03       2.0000E-04       2.0000E-04
       7.7500E-01      -1.1351E-05       3.3094E-05       1.2288E-04       1.8512E-04       1.9993E-05       1.6854E-05       8.0851E-04       1.2815E-08       1.0343E-03       2.0000E-04       2.0000E-04
       7.8500E-01      -1.1351E-05       3.3094E-05       1.2288E-04       1.8512E-04       1.9993E-05       1.6854E-05       8.0851E-04       1.2815E-08       1.0343E-03       2.0000E-04       2.0000E-04
       7.9500E-01      -1.1352E-05       3.3095E-05       1.2288E-04       1.8512E-04       1.9993E-05       1.6854E-05       8.0851E-04       1.2815E-08       1.0343E-03       2.0000E-04       2.0000E-04
       8.0500E-01      -1.1352E-05       3.3095E-05       1.2288E-04       1.8512E-04       1.9992E-05       1.6854E-05       8.0851E-04       1.2815E-08       1.0343E-03       2.0000E-04       2.0000E-04
       8.1500E-01      -1.1352E-05       3.3095E-05       1.2288E-04       1.8512E-04       1.9992E-05       1.6854E-05       8.0851E-04       1.2814E-08       1.0343E-03       2.0000E-04       2.0000E-04
       8.2500E-01      -1.1353E-05       3.3095E-05       1.2288E-04       1.8512E-04       1.9992E-05       1.6855E-05       8.0851E-04       1.2814E-08       1.0343E-03       2.0000E-04       2.0000E-04
       8.3500E-01      -1.1353E-05       3.3096E-05       1.2288E-04       1.8512E-04       1.9991E-05       1.6855E-05       8.0851E-04       1.2814E-08       1.0343E-03       2.0000E-04       2.0000E-04
       8.4500E-01      -1.1353E-05       3.3096E-05       1.2288E-04       1.8512E-04       1.9991E-05       1.6855E-05       8.0851E-04       1.2814E-08       1.0343E-03       2.0000E-04       2.0000E-04
       8.5500E-01      -1.1353E-05       3.3096E-05       1.2288E-04       1.8512E-04       1.9990E-05       1.6855E-05       8.0851E-04       1.2813E-08       1.0343E-03       2.0000E-04       2.0000E-04
       8.6500E-01      -1.1354E-05       3.3097E-05       1.2288E-04       1.8512E-04       1.9990E-05       1.6855E-05       8.0851E-04       1.2813E-08       1.0343E-03       2.0000E-04       2.0000E-04
       8.7500E-01      -1.1354E-05       3.3097E-05       1.2288E-04       1.8512E-04       1.9989E-05       1.6856E-05       8.0851E-04       1.2813E-08       1.0343E-03       2.0000E-04       2.0000E-04
       8.8500E-01      -1.1354E-05       3.3097E-05       1.2288E-04       1.8512E-04       1.9989E-05       1.6856E-05       8.0851E-04       1.2813E-08       1.0343E-03       2.0000E-04       2.0000E-04
       8.9500E-01      -1.1355E-05       3.3097E-05       1.2288E-04       1.8512E-04       1.9988E-05       1.6856E-05       8.0851E-04       1.2813E-08       1.0343E-03       2.0000E-04       2.0000E-04
       9.0500E-01      -1.1355E-05       3.3098E-05       1.2288E-04       1.8512E-04       1.9988E-05       1.6856E-05       8.0851E-04       1.2812E-08       1.0343E-03       2.0000E-04       2.0000E-04
       9.1500E-01      -1.1355E-05       3.3098E-05       1.2288E-04       1.8513E-04       1.9987E-05       1.6856E-05       8.0851E-04       1.2812E-08       1.0343E-03       2.0000E-04       2.0000E-04
       9.2500E-01      -1.1356E-05       3.3098E-05       1.2288E-04       1.8513E-04       1.9986E-05       1.6857E-05       8.0851E-04       1.2812E-08       1.0343E-03       2.0000E-04       2.0000E-04
       9.3500E-01      -1.1356E-05       3.3099E-05       1.2288E-04       1.8513E-04       1.9986E-05       1.6857E-05       8.0851E-04       1.2812E-08       1.0343E-03       2.0000E-04       2.0000E-04
       9.4500E-01      -1.1356E-05       3.3099E-05       1.2288E-04       1.8513E-04       1.9985E-05       1.6857E-05       8.0851E-04       1.2811E-08       1.0343E-03       2.0000E-04       2.0000E-04
       9.5500E-01      -1.1356E-05       3.3099E-05       1.2288E-04       1.8513E-04       1.9984E-05       1.6857E-05       8.0851E-04       1.2811E-08       1.0343E-03       2.0000E-04       2.0000E-04
       9.6500E-01      -1.1357E-05       3.3099E-05       1.2288E-04       1.8513E-04       1.9984E-05       1.6857E-05       8.0851E-04       1.2811E-08       1.0343E-03       2.0000E-04       2.0000E-04
       9.7500E-01      -1.1357E-05       3.3100E-05       1.2288E-04       1.8513E-04       1.9983E-05       1.6858E-05       8.0851E-04       1.2811E-08       1.0343E-03       2.0000E-04       2.0000E-04
       9.8500E-01      -1.1357E-05       3.3100E-05       1.2288E-04       1.8513E-04       1.9982E-05       1.6858E-05       8.0851E-04       1.2810E-08       1.0343E-03       2.0000E-04       2.0000E-04
       9.9500E-01      -1.1358E-05       3.3100E-05       1.2288E-04       1.8513E-04       1.9981E-05       1.6858E-05       8.0851E-04       1.2810E-08       1.0343E-03       2.0000E-04       2.0000E-04
       1.0050E+00      -1.1358E-05       3.3100E-05       1.2288E-04       1.8513E-04       1.9980E-05       1.6858E-05       8.0851E-04       1.2810E-08       1.0343E-03       2.0000E-04       2.0000E-04
       1.0150E+00      -1.1358E-05       3.3101E-05       1.2288E-04       1.8513E-04       1.9979E-05       1.6858E-05       8.0851E-04       1.2810E-08       1.0343E-03       2.0000E-04       2.0000E-04
       1.0250E+00      -1.1359E-05       3.3101E-05       1.2288E-04       1.8513E-04       1.9978E-05       1.6859E-05       8.0851E-04       1.2809E-08       1.0343E-03       2.0000E-04       2.0000E-04
       1.0350E+00      -1.1359E-05       3.3101E-05       1.2288E-04       1.8513E-04       1.9977E-05       1.6859E-05       8.0851E-04       1.2809E-08       1.0343E-03       2.0000E-04       2.0000E-04
       1.0450E+00      -1.1359E-05       3.3102E-05       1.2288E-04       1.8513E-04       1.9976E-05       1.6859E-05       8.0851E-04       1.2809E-08       1.0343E-03       2.0000E-04       2.0000E-04
       1.0550E+00      -1.1359E-05       3.3102E-05       1.2288E-04       1.8513E-04       1.9974E-05       1.6859E-05       8.0851E-04       1.2809E-08       1.0343E-03       2.0000E-04       2.0000E-04
       1.0650E+00      -1.1360E-05       3.3102E-05       1.2288E-04       1.8513E-04       1.9973E-05       1.6859E-05       8.0851E-04       1.2809E-08       1.0343E-03       2.0000E-04       2.0000E-04
       1.0750E+00      -1.1360E-05       3.3102E-05       1.2288E-04       1.8513E-04       1.9972E-05       1.6860E-05       8.0851E-04       1.2808E-08       1.0343E-03       2.0000E-04       2.0000E-04
       1.0850E+00      -1.1360E-05       3.3103E-05       1.2288E-04       1.8513E-04       1.9970E-05       1.6860E-05       8.0851E-04       1.2808E-08       1.0343E-03       2.0000E-04       2.0000E-04
       1.0950E+00      -1.1361E-05       3.3103E-05       1.2288E-04       1.8513E-04       1.9969E-05       1.6860E-05       8.0851E-04       1.2808E-08       1.0343E-03       2.0000E-04       2.0000E-04
       1.1050E+00      -1.1361E-05       3.3103E-05       1.2288E-04       1.8514E-04       1.9967E-05       1.6860E-05       8.0850E-04       1.2808E-08       1.0343E-03       2.0000E-04       2.0000E-04
       1.1150E+00      -1.1361E-05       3.3104E-05       1.2288E-04       1.8514E-04       1.9965E-05       1.6860E-05       8.0850E-04       1.2807E-08       1.0343E-03       2.0000E-04       2.0000E-04
       1.1250E+00      -1.1361E-05       3.3104E-05       1.2289E-04       1.8514E-04       1.9964E-05       1.6861E-05       8.0850E-04       1.2807E-08       1.0343E-03       2.0000E-04       2.0000E-04
       1.1350E+00      -1.1362E-05       3.3104E-05       1.2289E-04       1.8514E-04       1.9962E-05       1.6861E-05       8.0850E-04       1.2807E-08       1.0343E-03       2.0000E-04       2.0000E-04
       1.1450E+00      -1.1362E-05       3.3104E-05       1.2289E-04       1.8514E-04       1.9960E-05       1.6861E-05       8.0850E-04       1.2807E-08       1.0343E-03       2.0000E-04       2.0000E-04
       1.1550E+00      -1.1362E-05       3.3105E-05       1.2289E-04       1.8514E-04       1.9958E-05       1.6861E-05       8.0850E-04       1.2806E-08       1.0343E-03       2.0000E-04       2.0000E-04
       1.1650E+00      -1.1363E-05       3.3105E-05       1.2289E-04       1.8514E-04       1.9956E-05       1.6861E-05       8.0850E-04       1.2806E-08       1.0343E-03       2.0000E-04       2.0000E-04
       1.1750E+00      -1.1363E-05       3.3105E-05       1.2289E-04       1.8514E-04       1.9953E-05       1.6862E-05       8.0850E-04       1.2806E-08       1.0343E-03       2.0000E-04       2.0000E-04
       1.1850E+00      -1.1363E-05       3.3105E-05       1.2289E-04       1.8514E-04       1.9951E-05       1.6862E-05       8.0850E-04       1.2806E-08       1.0343E-03       2.0000E-04       2.0000E-04
       1.1950E+00      -1.1364E-05       3.3106E-05       1.2289E-04       1.8514E-04       1.9948E-05       1.6862E-05       8.0850E-04       1.2805E-08       1.0343E-03       2.0000E-04       2.0000E-04
       1.2050E+00      -1.1364E-05       3.3106E-05       1.2289E-04       1.8514E-04       1.9946E-05       1.6862E-05       8.0850E-04       1.2805E-08       1.0343E-03       2.0000E-04       2.0000E-04
       1.2150E+00      -1.1364E-05       3.3106E-05       1.2289E-04       1.8515E-04       1.9943E-05       1.6862E-05       8.0849E-04       1.2805E-08       1.0343E-03       2.0000E-04       2.0000E-04
       1.2250E+00      -1.1364E-05       3.3107E-05       1.2289E-04       1.8515E-04       1.9940E-05       1.6862E-05       8.0849E-04       1.2805E-08       1.0343E-03       2.0000E-04       2.0000E-04
       1.2350E+00      -1.1365E-05       3.3107E-05       1.2289E-04       1.8515E-04       1.9937E-05       1.6863E-05       8.0849E-04       1.2804E-08       1.0343E-03       2.0000E-04       2.0000E-04
       1.2450E+00      -1.1365E-05       3.3107E-05       1.2289E-04       1.8515E-04       1.9934E-05       1.6863E-05       8.0849E-04       1.2804E-08       1.0343E-03       2.0000E-04       2.0000E-04
       1.2550E+00      -1.1365E-05       3.3107E-05       1.2290E-04       1.8515E-04       1.9931E-05       1.6863E-05       8.0849E-04       1.2804E-08       1.0343E-03       2.0000E-04       2.0000E-04
       1.2650E+00      -1.1366E-05       3.3108E-05       1.2290E-04       1.8515E-04       1.9928E-05       1.6863E-05       8.0849E-04       1.2804E-08       1.0343E-03       2.0000E-04       2.0000E-04
       1.2750E+00      -1.1366E-05       3.3108E-05       1.2290E-04       1.8515E-04       1.9924E-05       1.6863E-05       8.0849E-04       1.2804E-08       1.0343E-03       2.0000E-04       2.0000E-04
       1.2850E+00      -1.1366E-05       3.3108E-05       1.2290E-04       1.8516E-04       1.9920E-05       1.6864E-05       8.0849E-04       1.2803E-08       1.0343E-03       2.0000E-04       2.0000E-04
       1.2950E+00      -1.1367E-05       3.3109E-05       1.2290E-04       1.8516E-04       1.9916E-05       1.6864E-05       8.0848E-04       1.2803E-08       1.0343E-03       2.0000E-04       2.0000E-04
       1.3050E+00      -1.1367E-05       3.3109E-05       1.2290E-04       1.8516E-04       1.9912E-05       1.6864E-05       8.0848E-04       1.2803E-08       1.0343E-03       2.0000E-04       2.0000E-04
       1.3150E+00      -1.1367E-05       3.3109E-05       1.2290E-04       1.8516E-04       1.9908E-05       1.6864E-05       8.0848E-04       1.2803E-08       1.0343E-03       2.0000E-04       2.0000E-04
       1.3250E+00      -1.1367E-05       3.3109E-05       1.2290E-04       1.8516E-04       1.9904E-05       1.6864E-05       8.0848E-04       1.2802E-08       1.0343E-03       2.0000E-04       2.0000E-04
       1.3350E+00      -1.1368E-05       3.3110E-05       1.2290E-04       1.8517E-04       1.9899E-05       1.6865E-05       8.0848E-04       1.2802E-08       1.0343E-03       2.0000E-04       2.0000E-04
       1.3450E+00      -1.1368E-05       3.3110E-05       1.2291E-04       1.8517E-04       1.9894E-05       1.6865E-05       8.0847E-04       1.2802E-08       1.0343E-03       2.0000E-04       2.0000E-04
       1.3550E+00      -1.1368E-05       3.3110E-05       1.2291E-04       1.8517E-04       1.9889E-05       1.6865E-05       8.0847E-04       1.2802E-08       1.0343E-03       2.0000E-04       2.0000E-04
       1.3650E+00      -1.1369E-05       3.3111E-05       1.2291E-04       1.8517E-04       1.9884E-05       1.6865E-05       8.0847E-04       1.2801E-08       1.0343E-03       2.0000E-04       2.0000E-04
       1.3750E+00      -1.1369E-05       3.3111E-05       1.2291E-04       1.8517E-04       1.9878E-05       1.6865E-05       8.0847E-04       1.2801E-08       1.0343E-03       2.0000E-04       2.0000E-04
       1.3850E+00      -1.1369E-05       3.3111E-05       1.2291E-04       1.8518E-04       1.9872E-05       1.6866E-05       8.0847E-04       1.2801E-08       1.0343E-03       2.0000E-04       2.0000E-04
       1.3950E+00      -1.1370E-05       3.3111E-05       1.2291E-04       1.8518E-04       1.9866E-05       1.6866E-05       8.0846E-04       1.2801E-08       1.0343E-03       2.0000E-04       2.0000E-04
       1.4050E+00      -1.1370E-05       3.3112E-05       1.2292E-04       1.8518E-04       1.9860E-05       1.6866E-05       8.0846E-04       1.2800E-08       1.0343E-03       2.0000E-04       2.0000E-04
       1.4150E+00      -1.1370E-05       3.3112E-05       1.2292E-04       1.8519E-04       1.9854E-05       1.6866E-05       8.0846E-04       1.2800E-08       1.0343E-03       2.0000E-04       2.0000E-04
       1.4250E+00      -1.1370E-05       3.3112E-05       1.2292E-04       1.8519E-04       1.9847E-05       1.6866E-05       8.0845E-04       1.2800E-08       1.0343E-03       2.0000E-04       2.0000E-04
       1.4350E+00      -1.1371E-05       3.3112E-05       1.2292E-04       1.8519E-04       1.9840E-05       1.6867E-05       8.0845E-04       1.2800E-08       1.0343E-03       2.0000E-04       2.0000E-04
       1.4450E+00      -1.1371E-05       3.3113E-05       1.2292E-04       1.8520E-04       1.9832E-05       1.6867E-05       8.0845E-04       1.2800E-08       1.0343E-03       2.0000E-04       2.0000E-04
       1.4550E+00      -1.1371E-05       3.3113E-05       1.2293E-04       1.8520E-04       1.9825E-05       1.6867E-05       8.0844E-04       1.2799E-08       1.0343E-03       2.0000E-04       2.0000E-04
       1.4650E+00      -1.1372E-05       3.3113E-05       1.2293E-04       1.8520E-04       1.9817E-05       1.6867E-05       8.0844E-04       1.2799E-08       1.0343E-03       2.0000E-04       2.0000E-04
       1.4750E+00      -1.1372E-05       3.3114E-05       1.2293E-04       1.8521E-04       1.9809E-05       1.6867E-05       8.0844E-04       1.2799E-08       1.0343E-03       2.0000E-04       2.0000E-04
       1.4850E+00      -1.1372E-05       3.3114E-05       1.2293E-04       1.8521E-04       1.9800E-05       1.6868E-05       8.0843E-04       1.2799E-08       1.0343E-03       2.0000E-04       2.0000E-04
       1.4950E+00      -1.1372E-05       3.3114E-05       1.2294E-04       1.8521E-04       1.9791E-05       1.6868E-05       8.0843E-04       1.2798E-08       1.0343E-03       2.0000E-04       2.0000E-04
       1.5050E+00      -1.1373E-05       3.3114E-05       1.2294E-04       1.8522E-04       1.9782E-05       1.6868E-05       8.0843E-04       1.2798E-08       1.0343E-03       2.0000E-04       2.0000E-04
       1.5150E+00      -1.1373E-05       3.3115E-05       1.2294E-04       1.8522E-04       1.9772E-05       1.6868E-05       8.0842E-04       1.2798E-08       1.0343E-03       2.0000E-04       2.0000E-04
       1.5250E+00      -1.1373E-05       3.3115E-05       1.2295E-04       1.8523E-04       1.9762E-05       1.6868E-05       8.0842E-04       1.2798E-08       1.0343E-03       2.0000E-04       2.0000E-04
       1.5350E+00      -1.1374E-05       3.3115E-05       1.2295E-04       1.8523E-04       1.9752E-05       1.6869E-05       8.0841E-04       1.2797E-08       1.0343E-03       2.0000E-04       2.0000E-04
       1.5450E+00      -1.1374E-05       3.3116E-05       1.2295E-04       1.8523E-04       1.9741E-05       1.6869E-05       8.0841E-04       1.2797E-08       1.0343E-03       2.0000E-04       2.0000E-04
       1.5550E+00      -1.1374E-05       3.3116E-05       1.2295E-04       1.8524E-04       1.9730E-05       1.6869E-05       8.0840E-04       1.2797E-08       1.0343E-03       2.0000E-04       2.0000E-04
       1.5650E+00      -1.1375E-05       3.3116E-05       1.2296E-04       1.8524E-04       1.9719E-05       1.6869E-05       8.0840E-04       1.2797E-08       1.0343E-03       2.0000E-04       2.0000E-04
       1.5750E+00      -1.1375E-05       3.3116E-05       1.2296E-04       1.8525E-04       1.9707E-05       1.6869E-05       8.0839E-04       1.2796E-08       1.0343E-03       2.0000E-04       2.0000E-04
       1.5850E+00      -1.1375E-05       3.3117E-05       1.2296E-04       1.8526E-04       1.9695E-05       1.6870E-05       8.0839E-04       1.2796E-08       1.0343E-03       2.0000E-04       2.0000E-04
       1.5950E+00      -1.1375E-05       3.3117E-05       1.2297E-04       1.8526E-04       1.9682E-05       1.6870E-05       8.0838E-04       1.2796E-08       1.0343E-03       2.0000E-04       2.0000E-04
       1.6050E+00      -1.1376E-05       3.3117E-05       1.2297E-04       1.8527E-04       1.9669E-05       1.6870E-05       8.0838E-04       1.2796E-08       1.0343E-03       2.0000E-04       2.0000E-04
       1.6150E+00      -1.1376E-05       3.3117E-05       1.2298E-04       1.8527E-04       1.9655E-05       1.6870E-05       8.0837E-04       1.2796E-08       1.0343E-03       2.0000E-04       2.0000E-04
       1.6250E+00      -1.1376E-05       3.3118E-05       1.2298E-04       1.8528E-04       1.9641E-05       1.6870E-05       8.0837E-04       1.2795E-08       1.0343E-03       2.0000E-04       2.0000E-04
       1.6350E+00      -1.1377E-05       3.3118E-05       1.2298E-04       1.8529E-04       1.9626E-05       1.6871E-05       8.0836E-04       1.2795E-08       1.0343E-03       2.0000E-04       2.0000E-04
       1.6450E+00      -1.1377E-05       3.3118E-05       1.2299E-04       1.8529E-04       1.9611E-05       1.6871E-05       8.0835E-04       1.2795E-08       1.0343E-03       2.0000E-04       2.0000E-04
       1.6550E+00      -1.1377E-05       3.3119E-05       1.2299E-04       1.8530E-04       1.9596E-05       1.6871E-05       8.0835E-04       1.2795E-08       1.0343E-03       2.0000E-04       2.0000E-04
       1.6650E+00      -1.1378E-05       3.3119E-05       1.2300E-04       1.8531E-04       1.9580E-05       1.6871E-05       8.0834E-04       1.2794E-08       1.0343E-03       2.0000E-04       2.0000E-04
       1.6750E+00      -1.1378E-05       3.3119E-05       1.2300E-04       1.8531E-04       1.9563E-05       1.6871E-05       8.0833E-04       1.2794E-08       1.0343E-03       2.0000E-04       2.0000E-04
       1.6850E+00      -1.1378E-05       3.3119E-05       1.2301E-04       1.8532E-04       1.9546E-05       1.6872E-05       8.0832E-04       1.2794E-08       1.0343E-03       2.0000E-04       2.0000E-04
       1.6950E+00      -1.1378E-05       3.3120E-05       1.2301E-04       1.8533E-04       1.9528E-05       1.6872E-05       8.0832E-04       1.2794E-08       1.0343E-03       2.0000E-04       2.0000E-04
       1.7050E+00      -1.1379E-05       3.3120E-05       1.2302E-04       1.8534E-04       1.9510E-05       1.6872E-05       8.0831E-04       1.2793E-08       1.0343E-03       2.0000E-04       2.0000E-04
       1.7150E+00      -1.1379E-05       3.3120E-05       1.2302E-04       1.8534E-04       1.9492E-05       1.6872E-05       8.0830E-04       1.2793E-08       1.0343E-03       2.0000E-04       2.0000E-04
       1.7250E+00      -1.1379E-05       3.3121E-05       1.2303E-04       1.8535E-04       1.9472E-05       1.6872E-05       8.0829E-04       1.2793E-08       1.0343E-03       2.0000E-04       2.0000E-04
       1.7350E+00      -1.1380E-05       3.3121E-05       1.2304E-04       1.8536E-04       1.9453E-05       1.6873E-05       8.0828E-04       1.2793E-08       1.0343E-03       2.0000E-04       2.0000E-04
       1.7450E+00      -1.1380E-05       3.3121E-05       1.2304E-04       1.8537E-04       1.9432E-05       1.6873E-05       8.0827E-04       1.2793E-08       1.0343E-03       2.0000E-04       2.0000E-04
       1.7550E+00      -1.1380E-05       3.3121E-05       1.2305E-04       1.8538E-04       1.9411E-05       1.6873E-05       8.0826E-04       1.2792E-08       1.0343E-03       2.0000E-04       2.0000E-04
       1.7650E+00      -1.1381E-05       3.3122E-05       1.2305E-04       1.8539E-04       1.9390E-05       1.6873E-05       8.0825E-04       1.2792E-08       1.0343E-03       2.0000E-04       2.0000E-04
       1.7750E+00      -1.1381E-05       3.3122E-05       1.2306E-04       1.8540E-04       1.9368E-05       1.6873E-05       8.0824E-04       1.2792E-08       1.0343E-03       2.0000E-04       2.0000E-04
       1.7850E+00      -1.1381E-05       3.3122E-05       1.2307E-04       1.8541E-04       1.9345E-05       1.6874E-05       8.0823E-04       1.2792E-08       1.0343E-03       2.0000E-04       2.0000E-04
       1.7950E+00      -1.1381E-05       3.3122E-05       1.2307E-04       1.8542E-04       1.9321E-05       1.6874E-05       8.0822E-04       1.2791E-08       1.0343E-03       2.0000E-04       2.0000E-04
       1.8050E+00      -1.1382E-05       3.3123E-05       1.2308E-04       1.8543E-04       1.9297E-05       1.6874E-05       8.0821E-04       1.2791E-08       1.0343E-03       2.0000E-04       2.0000E-04
       1.8150E+00      -1.1382E-05       3.3123E-05       1.2309E-04       1.8544E-04       1.9273E-05       1.6874E-05       8.0820E-04       1.2791E-08       1.0343E-03       2.0000E-04       2.0000E-04
       1.8250E+00      -1.1382E-05       3.3123E-05       1.2310E-04       1.8545E-04       1.9248E-05       1.6874E-05       8.0819E-04       1.2791E-08       1.0343E-03       2.0000E-04       2.0000E-04
       1.8350E+00      -1.1383E-05       3.3124E-05       1.2310E-04       1.8546E-04       1.9222E-05       1.6875E-05       8.0818E-04       1.2790E-08       1.0343E-03       2.0000E-04       2.0000E-04
       1.8450E+00      -1.1383E-05       3.3124E-05       1.2311E-04       1.8547E-04       1.9195E-05       1.6875E-05       8.0817E-04       1.2790E-08       1.0343E-03       2.0000E-04       2.0000E-04
       1.8550E+00      -1.1383E-05       3.3124E-05       1.2312E-04       1.8548E-04       1.9168E-05       1.6875E-05       8.0816E-04       1.2790E-08       1.0343E-03       2.0000E-04       2.0000E-04
       1.8650E+00      -1.1384E-05       3.3124E-05       1.2313E-04       1.8550E-04       1.9140E-05       1.6875E-05       8.0814E-04       1.2790E-08       1.0343E-03       2.0000E-04       2.0000E-04
       1.8750E+00      -1.1384E-05       3.3125E-05       1.2314E-04       1.8551E-04       1.9112E-05       1.6875E-05       8.0813E-04       1.2789E-08       1.0343E-03       2.0000E-04       2.0000E-04
       1.8850E+00      -1.1384E-05       3.3125E-05       1.2314E-04       1.8552E-04       1.9082E-05       1.6876E-05       8.0812E-04       1.2789E-08       1.0343E-03       2.0000E-04       2.0000E-04
       1.8950E+00      -1.1384E-05       3.3125E-05       1.2315E-04       1.8554E-04       1.9053E-05       1.6876E-05       8.0810E-04       1.2789E-08       1.0343E-03       2.0000E-04       2.0000E-04
       1.9050E+00      -1.1385E-05       3.3126E-05       1.2316E-04       1.8555E-04       1.9022E-05       1.6876E-05       8.0809E-04       1.2789E-08       1.0343E-03       2.0000E-04       2.0000E-04
       1.9150E+00      -1.1385E-05       3.3126E-05       1.2317E-04       1.8556E-04       1.8991E-05       1.6876E-05       8.0808E-04       1.2789E-08       1.0343E-03       2.0000E-04       2.0000E-04
       1.9250E+00      -1.1385E-05       3.3126E-05       1.2318E-04       1.8558E-04       1.8959E-05       1.6876E-05       8.0806E-04       1.2788E-08       1.0343E-03       2.0000E-04       2.0000E-04
       1.9350E+00      -1.1386E-05       3.3126E-05       1.2319E-04       1.8559E-04       1.8927E-05       1.6877E-05       8.0805E-04       1.2788E-08       1.0343E-03       2.0000E-04       2.0000E-04
       1.9450E+00      -1.1386E-05       3.3127E-05       1.2320E-04       1.8560E-04       1.8893E-05       1.6877E-05       8.0803E-04       1.2788E-08       1.0343E-03       2.0000E-04       2.0000E-04
       1.9550E+00      -1.1386E-05       3.3127E-05       1.2321E-04       1.8562E-04       1.8859E-05       1.6877E-05       8.0802E-04       1.2788E-08       1.0343E-03       2.0000E-04       2.0000E-04
       1.9650E+00      -1.1387E-05       3.3127E-05       1.2322E-04       1.8563E-04       1.8825E-05       1.6877E-05       8.0800E-04       1.2787E-08       1.0343E-03       2.0000E-04       2.0000E-04
       1.9750E+00      -1.1387E-05       3.3127E-05       1.2323E-04       1.8565E-04       1.8790E-05       1.6877E-05       8.0798E-04       1.2787E-08       1.0343E-03       2.0000E-04       2.0000E-04
       1.9850E+00      -1.1387E-05       3.3128E-05       1.2324E-04       1.8567E-04       1.8754E-05       1.6878E-05       8.0797E-04       1.2787E-08       1.0343E-03       2.0000E-04       2.0000E-04
       1.9950E+00      -1.1387E-05       3.3128E-05       1.2325E-04       1.8568E-04       1.8717E-05       1.6878E-05       8.0795E-04       1.2787E-08       1.0343E-03       2.0000E-04       2.0000E-04
       2.0050E+00      -1.1388E-05       3.3128E-05       1.2326E-04       1.8570E-04       1.8680E-05       1.6878E-05       8.0793E-04       1.2787E-08       1.0343E-03       2.0000E-04       2.0000E-04
       2.0150E+00      -1.1388E-05       3.3129E-05       1.2327E-04       1.8572E-04       1.8642E-05       1.6878E-05       8.0792E-04       1.2786E-08       1.0343E-03       2.0000E-04       2.0000E-04
       2.0250E+00      -1.1388E-05       3.3129E-05       1.2329E-04       1.8573E-04       1.8603E-05       1.6878E-05       8.0790E-04       1.2786E-08       1.0343E-03       2.0000E-04       2.0000E-04
       2.0350E+00      -1.1389E-05       3.3129E-05       1.2330E-04       1.8575E-04       1.8564E-05       1.6879E-05       8.0788E-04       1.2786E-08       1.0343E-03       2.0000E-04       2.0000E-04
       2.0450E+00      -1.1389E-05       3.3129E-05       1.2331E-04       1.8577E-04       1.8524E-05       1.6879E-05       8.0786E-04       1.2786E-08       1.0343E-03       2.0000E-04       2.0000E-04
       2.0550E+00      -1.1389E-05       3.3130E-05       1.2332E-04       1.8579E-04       1.8483E-05       1.6879E-05       8.0784E-04       1.2785E-08       1.0343E-03       2.0000E-04       2.0000E-04
       2.0650E+00      -1.1389E-05       3.3130E-05       1.2333E-04       1.8580E-04       1.8442E-05       1.6879E-05       8.0782E-04       1.2785E-08       1.0343E-03       2.0000E-04       2.0000E-04
       2.0750E+00      -1.1390E-05       3.3130E-05       1.2335E-04       1.8582E-04       1.8400E-05       1.6879E-05       8.0780E-04       1.2785E-08       1.0343E-03       2.0000E-04       2.0000E-04
       2.0850E+00      -1.1390E-05       3.3131E-05       1.2336E-04       1.8584E-04       1.8357E-05       1.6880E-05       8.0778E-04       1.2785E-08       1.0343E-03       2.0000E-04       2.0000E-04
       2.0950E+00      -1.1390E-05       3.3131E-05       1.2337E-04       1.8586E-04       1.8314E-05       1.6880E-05       8.0776E-04       1.2784E-08       1.0343E-03       2.0000E-04       2.0000E-04
       2.1050E+00      -1.1391E-05       3.3131E-05       1.2338E-04       1.8588E-04       1.8270E-05       1.6880E-05       8.0774E-04       1.2784E-08       1.0343E-03       2.0000E-04       2.0000E-04
       2.1150E+00      -1.1391E-05       3.3131E-05       1.2340E-04       1.8590E-04       1.8226E-05       1.6880E-05       8.0772E-04       1.2784E-08       1.0343E-03       2.0000E-04       2.0000E-04
       2.1250E+00      -1.1391E-05       3.3132E-05       1.2341E-04       1.8592E-04       1.8181E-05       1.6880E-05       8.0770E-04       1.2784E-08       1.0343E-03       2.0000E-04       2.0000E-04
       2.1350E+00      -1.1392E-05       3.3132E-05       1.2342E-04       1.8594E-04       1.8135E-05       1.6881E-05       8.0767E-04       1.2784E-08       1.0343E-03       2.0000E-04       2.0000E-04
       2.1450E+00      -1.1392E-05       3.3132E-05       1.2344E-04       1.8596E-04       1.8089E-05       1.6881E-05       8.0765E-04       1.2783E-08       1.0343E-03       2.0000E-04       2.0000E-04
       2.1550E+00      -1.1392E-05       3.3133E-05       1.2345E-04       1.8598E-04       1.8042E-05       1.6881E-05       8.0763E-04       1.2783E-08       1.0343E-03       2.0000E-04       2.0000E-04
       2.1650E+00      -1.1392E-05       3.3133E-05       1.2347E-04       1.8600E-04       1.7995E-05       1.6881E-05       8.0761E-04       1.2783E-08       1.0343E-03       2.0000E-04       2.0000E-04
       2.1750E+00      -1.1393E-05       3.3133E-05       1.2348E-04       1.8602E-04       1.7947E-05       1.6881E-05       8.0758E-04       1.2783E-08       1.0343E-03       2.0000E-04       2.0000E-04
       2.1850E+00      -1.1393E-05       3.3133E-05       1.2350E-04       1.8605E-04       1.7898E-05       1.6882E-05       8.0756E-04       1.2782E-08       1.0343E-03       2.0000E-04       2.0000E-04
       2.1950E+00      -1.1393E-05       3.3134E-05       1.2351E-04       1.8607E-04       1.7849E-05       1.6882E-05       8.0753E-04       1.2782E-08       1.0343E-03       2.0000E-04       2.0000E-04
       2.2050E+00      -1.1394E-05       3.3134E-05       1.2353E-04       1.8609E-04       1.7800E-05       1.6882E-05       8.0751E-04       1.2782E-08       1.0343E-03       2.0000E-04       2.0000E-04
       2.2150E+00      -1.1394E-05       3.3134E-05       1.2354E-04       1.8611E-04       1.7750E-05       1.6882E-05       8.0748E-04       1.2782E-08       1.0343E-03       2.0000E-04       2.0000E-04
       2.2250E+00      -1.1394E-05       3.3134E-05       1.2356E-04       1.8614E-04       1.7699E-05       1.6882E-05       8.0746E-04       1.2781E-08       1.0343E-03       2.0000E-04       2.0000E-04
       2.2350E+00      -1.1395E-05       3.3135E-05       1.2357E-04       1.8616E-04       1.7648E-05       1.6883E-05       8.0743E-04       1.2781E-08       1.0343E-03       2.0000E-04       2.0000E-04
       2.2450E+00      -1.1395E-05       3.3135E-05       1.2359E-04       1.8618E-04       1.7596E-05       1.6883E-05       8.0740E-04       1.2781E-08       1.0343E-03       2.0000E-04       2.0000E-04
       2.2550E+00      -1.1395E-05       3.3135E-05       1.2360E-04       1.8621E-04       1.7544E-05       1.6883E-05       8.0738E-04       1.2781E-08       1.0343E-03       2.0000E-04       2.0000E-04
       2.2650E+00      -1.1395E-05       3.3136E-05       1.2362E-04       1.8623E-04       1.7492E-05       1.6883E-05       8.0735E-04       1.2781E-08       1.0343E-03       2.0000E-04       2.0000E-04
       2.2750E+00      -1.1396E-05       3.3136E-05       1.2364E-04       1.8625E-04       1.7439E-05       1.6883E-05       8.0732E-04       1.2780E-08       1.0343E-03       2.0000E-04       2.0000E-04
       2.2850E+00      -1.1396E-05       3.3136E-05       1.2365E-04       1.8628E-04       1.7386E-05       1.6884E-05       8.0729E-04       1.2780E-08       1.0343E-03       2.0000E-04       2.0000E-04
       2.2950E+00      -1.1396E-05       3.3136E-05       1.2367E-04       1.8630E-04       1.7332E-05       1.6884E-05       8.0727E-04       1.2780E-08       1.0343E-03       2.0000E-04       2.0000E-04
       2.3050E+00      -1.1397E-05       3.3137E-05       1.2369E-04       1.8633E-04       1.7278E-05       1.6884E-05       8.0724E-04       1.2780E-08       1.0343E-03       2.0000E-04       2.0000E-04
       2.3150E+00      -1.1397E-05       3.3137E-05       1.2370E-04       1.8635E-04       1.7224E-05       1.6884E-05       8.0721E-04       1.2779E-08       1.0343E-03       2.0000E-04       2.0000E-04
       2.3250E+00      -1.1397E-05       3.3137E-05       1.2372E-04       1.8638E-04       1.7170E-05       1.6884E-05       8.0718E-04       1.2779E-08       1.0343E-03       2.0000E-04       2.0000E-04
       2.3350E+00      -1.1398E-05       3.3138E-05       1.2374E-04       1.8641E-04       1.7115E-05       1.6885E-05       8.0715E-04       1.2779E-08       1.0343E-03       2.0000E-04       2.0000E-04
       2.3450E+00      -1.1398E-05       3.3138E-05       1.2375E-04       1.8643E-04       1.7059E-05       1.6885E-05       8.0712E-04       1.2779E-08       1.0343E-03       2.0000E-04       2.0000E-04
       2.3550E+00      -1.1398E-05       3.3138E-05       1.2377E-04       1.8646E-04       1.7004E-05       1.6885E-05       8.0708E-04       1.2779E-08       1.0343E-03       2.0000E-04       2.0000E-04
       2.3650E+00      -1.1398E-05       3.3138E-05       1.2379E-04       1.8648E-04       1.6948E-05       1.6885E-05       8.0705E-04       1.2778E-08       1.0343E-03       2.0000E-04       2.0000E-04
       2.3750E+00      -1.1399E-05       3.3139E-05       1.2381E-04       1.8651E-04       1.6892E-05       1.6885E-05       8.0702E-04       1.2778E-08       1.0343E-03       2.0000E-04       2.0000E-04
       2.3850E+00      -1.1399E-05       3.3139E-05       1.2383E-04       1.8654E-04       1.6836E-05       1.6886E-05       8.0699E-04       1.2778E-08       1.0343E-03       2.0000E-04       2.0000E-04
       2.3950E+00      -1.1399E-05       3.3139E-05       1.2384E-04       1.8656E-04       1.6779E-05       1.6886E-05       8.0696E-04       1.2778E-08       1.0343E-03       2.0000E-04       2.0000E-04
       2.4050E+00      -1.1400E-05       3.3139E-05       1.2386E-04       1.8659E-04       1.6723E-05       1.6886E-05       8.0692E-04       1.2777E-08       1.0343E-03       2.0000E-04       2.0000E-04
       2.4150E+00      -1.1400E-05       3.3140E-05       1.2388E-04       1.8662E-04       1.6666E-05       1.6886E-05       8.0689E-04       1.2777E-08       1.0343E-03       2.0000E-04       2.0000E-04
       2.4250E+00      -1.1400E-05       3.3140E-05       1.2390E-04       1.8664E-04       1.6609E-05       1.6886E-05       8.0685E-04       1.2777E-08       1.0343E-03       2.0000E-04       2.0000E-04
       2.4350E+00      -1.1401E-05       3.3140E-05       1.2392E-04       1.8667E-04       1.6552E-05       1.6887E-05       8.0682E-04       1.2777E-08       1.0343E-03       2.0000E-04       2.0000E-04
       2.4450E+00      -1.1401E-05       3.3141E-05       1.2394E-04       1.8670E-04       1.6495E-05       1.6887E-05       8.0678E-04       1.2777E-08       1.0343E-03       2.0000E-04       2.0000E-04
       2.4550E+00      -1.1401E-05       3.3141E-05       1.2395E-04       1.8673E-04       1.6438E-05       1.6887E-05       8.0675E-04       1.2776E-08       1.0343E-03       2.0000E-04       2.0000E-04
       2.4650E+00      -1.1401E-05       3.3141E-05       1.2397E-04       1.8676E-04       1.6381E-05       1.6887E-05       8.0671E-04       1.2776E-08       1.0343E-03       2.0000E-04       2.0000E-04
       2.4750E+00      -1.1402E-05       3.3141E-05       1.2399E-04       1.8678E-04       1.6324E-05       1.6887E-05       8.0667E-04       1.2776E-08       1.0343E-03       2.0000E-04       2.0000E-04
       2.4850E+00      -1.1402E-05       3.3142E-05       1.2401E-04       1.8681E-04       1.6266E-05       1.6888E-05       8.0664E-04       1.2776E-08       1.0343E-03       2.0000E-04       2.0000E-04
       2.4950E+00      -1.1402E-05       3.3142E-05       1.2403E-04       1.8684E-04       1.6209E-05       1.6888E-05       8.0660E-04       1.2775E-08       1.0343E-03       2.0000E-04       2.0000E-04
       2.5050E+00      -1.1403E-05       3.3142E-05       1.2405E-04       1.8687E-04       1.6152E-05       1.6888E-05       8.0656E-04       1.2775E-08       1.0343E-03       2.0000E-04       2.0000E-04
       2.5150E+00      -1.1403E-05       3.3143E-05       1.2407E-04       1.8690E-04       1.6095E-05       1.6888E-05       8.0652E-04       1.2775E-08       1.0343E-03       2.0000E-04       2.0000E-04
       2.5250E+00      -1.1403E-05       3.3143E-05       1.2409E-04       1.8693E-04       1.6038E-05       1.6888E-05       8.0648E-04       1.2775E-08       1.0343E-03       2.0000E-04       2.0000E-04
       2.5350E+00      -1.1403E-05       3.3143E-05       1.2411E-04       1.8696E-04       1.5981E-05       1.6889E-05       8.0644E-04       1.2774E-08       1.0343E-03       2.0000E-04       2.0000E-04
       2.5450E+00      -1.1404E-05       3.3143E-05       1.2413E-04       1.8699E-04       1.5924E-05       1.6889E-05       8.0640E-04       1.2774E-08       1.0343E-03       2.0000E-04       2.0000E-04
       2.5550E+00      -1.1404E-05       3.3144E-05       1.2415E-04       1.8702E-04       1.5867E-05       1.6889E-05       8.0636E-04       1.2774E-08       1.0343E-03       2.0000E-04       2.0000E-04
       2.5650E+00      -1.1404E-05       3.3144E-05       1.2417E-04       1.8705E-04       1.5811E-05       1.6889E-05       8.0632E-04       1.2774E-08       1.0343E-03       2.0000E-04       2.0000E-04
       2.5750E+00      -1.1405E-05       3.3144E-05       1.2419E-04       1.8708E-04       1.5754E-05       1.6889E-05       8.0627E-04       1.2774E-08       1.0343E-03       2.0000E-04       2.0000E-04
       2.5850E+00      -1.1405E-05       3.3145E-05       1.2421E-04       1.8711E-04       1.5698E-05       1.6890E-05       8.0623E-04       1.2773E-08       1.0343E-03       2.0000E-04       2.0000E-04
       2.5950E+00      -1.1405E-05       3.3145E-05       1.2423E-04       1.8714E-04       1.5642E-05       1.6890E-05       8.0619E-04       1.2773E-08       1.0343E-03       2.0000E-04       2.0000E-04
       2.6050E+00      -1.1406E-05       3.3145E-05       1.2425E-04       1.8717E-04       1.5586E-05       1.6890E-05       8.0614E-04       1.2773E-08       1.0343E-03       2.0000E-04       2.0000E-04
       2.6150E+00      -1.1406E-05       3.3145E-05       1.2427E-04       1.8720E-04       1.5531E-05       1.6890E-05       8.0609E-04       1.2773E-08       1.0343E-03       2.0000E-04       2.0000E-04
       2.6250E+00      -1.1406E-05       3.3146E-05       1.2429E-04       1.8723E-04       1.5476E-05       1.6890E-05       8.0605E-04       1.2772E-08       1.0343E-03       2.0000E-04       2.0000E-04
       2.6350E+00      -1.1406E-05       3.3146E-05       1.2431E-04       1.8726E-04       1.5421E-05       1.6891E-05       8.0600E-04       1.2772E-08       1.0343E-03       2.0000E-04       2.0000E-04
       2.6450E+00      -1.1407E-05       3.3146E-05       1.2433E-04       1.8729E-04       1.5366E-05       1.6891E-05       8.0595E-04       1.2772E-08       1.0343E-03       2.0000E-04       2.0000E-04
       2.6550E+00      -1.1407E-05       3.3146E-05       1.2435E-04       1.8732E-04       1.5312E-05       1.6891E-05       8.0591E-04       1.2772E-08       1.0343E-03       2.0000E-04       2.0000E-04
       2.6650E+00      -1.1407E-05       3.3147E-05       1.2437E-04       1.8735E-04       1.5258E-05       1.6891E-05       8.0586E-04       1.2772E-08       1.0343E-03       2.0000E-04       2.0000E-04
       2.6750E+00      -1.1408E-05       3.3147E-05       1.2439E-04       1.8738E-04       1.5204E-05       1.6891E-05       8.0581E-04       1.2771E-08       1.0343E-03       2.0000E-04       2.0000E-04
       2.6850E+00      -1.1408E-05       3.3147E-05       1.2441E-04       1.8741E-04       1.5151E-05       1.6892E-05       8.0575E-04       1.2771E-08       1.0343E-03       2.0000E-04       2.0000E-04
       2.6950E+00      -1.1408E-05       3.3148E-05       1.2443E-04       1.8744E-04       1.5098E-05       1.6892E-05       8.0570E-04       1.2771E-08       1.0343E-03       2.0000E-04       2.0000E-04
       2.7050E+00      -1.1409E-05       3.3148E-05       1.2445E-04       1.8748E-04       1.5045E-05       1.6892E-05       8.0565E-04       1.2771E-08       1.0343E-03       2.0000E-04       2.0000E-04
       2.7150E+00      -1.1409E-05       3.3148E-05       1.2448E-04       1.8751E-04       1.4993E-05       1.6892E-05       8.0560E-04       1.2770E-08       1.0343E-03       2.0000E-04       2.0000E-04
       2.7250E+00      -1.1409E-05       3.3148E-05       1.2450E-04       1.8754E-04       1.4942E-05       1.6892E-05       8.0554E-04       1.2770E-08       1.0343E-03       2.0000E-04       2.0000E-04
       2.7350E+00      -1.1409E-05       3.3149E-05       1.2452E-04       1.8757E-04       1.4891E-05       1.6893E-05       8.0549E-04       1.2770E-08       1.0343E-03       2.0000E-04       2.0000E-04
       2.7450E+00      -1.1410E-05       3.3149E-05       1.2454E-04       1.8760E-04       1.4840E-05       1.6893E-05       8.0543E-04       1.2770E-08       1.0343E-03       2.0000E-04       2.0000E-04
       2.7550E+00      -1.1410E-05       3.3149E-05       1.2456E-04       1.8764E-04       1.4790E-05       1.6893E-05       8.0537E-04       1.2770E-08       1.0343E-03       2.0000E-04       2.0000E-04
       2.7650E+00      -1.1410E-05       3.3150E-05       1.2458E-04       1.8767E-04       1.4740E-05       1.6893E-05       8.0531E-04       1.2769E-08       1.0343E-03       2.0000E-04       2.0000E-04
       2.7750E+00      -1.1411E-05       3.3150E-05       1.2461E-04       1.8770E-04       1.4691E-05       1.6893E-05       8.0525E-04       1.2769E-08       1.0343E-03       2.0000E-04       2.0000E-04
       2.7850E+00      -1.1411E-05       3.3150E-05       1.2463E-04       1.8773E-04       1.4642E-05       1.6894E-05       8.0519E-04       1.2769E-08       1.0343E-03       2.0000E-04       2.0000E-04
       2.7950E+00      -1.1411E-05       3.3150E-05       1.2465E-04       1.8777E-04       1.4594E-05       1.6894E-05       8.0513E-04       1.2769E-08       1.0343E-03       2.0000E-04       2.0000E-04
       2.8050E+00      -1.1412E-05       3.3151E-05       1.2467E-04       1.8780E-04       1.4546E-05       1.6894E-05       8.0507E-04       1.2768E-08       1.0343E-03       2.0000E-04       2.0000E-04
       2.8150E+00      -1.1412E-05       3.3151E-05       1.2470E-04       1.8783E-04       1.4499E-05       1.6894E-05       8.0500E-04       1.2768E-08       1.0343E-03       2.0000E-04       2.0000E-04
       2.8250E+00      -1.1412E-05       3.3151E-05       1.2472E-04       1.8787E-04       1.4453E-05       1.6894E-05       8.0494E-04       1.2768E-08       1.0343E-03       2.0000E-04       2.0000E-04
       2.8350E+00      -1.1412E-05       3.3152E-05       1.2474E-04       1.8790E-04       1.4407E-05       1.6895E-05       8.0487E-04       1.2768E-08       1.0343E-03       2.0000E-04       2.0000E-04
       2.8450E+00      -1.1413E-05       3.3152E-05       1.2476E-04       1.8793E-04       1.4362E-05       1.6895E-05       8.0480E-04       1.2768E-08       1.0343E-03       2.0000E-04       2.0000E-04
       2.8550E+00      -1.1413E-05       3.3152E-05       1.2479E-04       1.8797E-04       1.4317E-05       1.6895E-05       8.0473E-04       1.2767E-08       1.0343E-03       2.0000E-04       2.0000E-04
       2.8650E+00      -1.1413E-05       3.3152E-05       1.2481E-04       1.8800E-04       1.4273E-05       1.6895E-05       8.0466E-04       1.2767E-08       1.0343E-03       2.0000E-04       2.0000E-04
       2.8750E+00      -1.1414E-05       3.3153E-05       1.2483E-04       1.8804E-04       1.4230E-05       1.6895E-05       8.0459E-04       1.2767E-08       1.0343E-03       2.0000E-04       2.0000E-04
       2.8850E+00      -1.1414E-05       3.3153E-05       1.2486E-04       1.8807E-04       1.4187E-05       1.6896E-05       8.0452E-04       1.2767E-08       1.0343E-03       2.0000E-04       2.0000E-04
       2.8950E+00      -1.1414E-05       3.3153E-05       1.2488E-04       1.8811E-04       1.4145E-05       1.6896E-05       8.0445E-04       1.2766E-08       1.0343E-03       2.0000E-04       2.0000E-04
       2.9050E+00      -1.1415E-05       3.3153E-05       1.2490E-04       1.8814E-04       1.4104E-05       1.6896E-05       8.0437E-04       1.2766E-08       1.0343E-03       2.0000E-04       2.0000E-04
       2.9150E+00      -1.1415E-05       3.3154E-05       1.2492E-04       1.8818E-04       1.4064E-05       1.6896E-05       8.0430E-04       1.2766E-08       1.0343E-03       2.0000E-04       2.0000E-04
       2.9250E+00      -1.1415E-05       3.3154E-05       1.2495E-04       1.8821E-04       1.4025E-05       1.6896E-05       8.0422E-04       1.2766E-08       1.0343E-03       2.0000E-04       2.0000E-04
       2.9350E+00      -1.1415E-05       3.3154E-05       1.2497E-04       1.8824E-04       1.3988E-05       1.6896E-05       8.0415E-04       1.2766E-08       1.0343E-03       2.0000E-04       2.0000E-04
       2.9450E+00      -1.1416E-05       3.3155E-05       1.2499E-04       1.8828E-04       1.3952E-05       1.6897E-05       8.0408E-04       1.2765E-08       1.0343E-03       2.0000E-04       2.0000E-04
       2.9550E+00      -1.1416E-05       3.3155E-05       1.2501E-04       1.8831E-04       1.3919E-05       1.6897E-05       8.0401E-04       1.2765E-08       1.0343E-03       2.0000E-04       2.0000E-04
       2.9650E+00      -1.1416E-05       3.3155E-05       1.2503E-04       1.8833E-04       1.3888E-05       1.6897E-05       8.0395E-04       1.2765E-08       1.0343E-03       2.0000E-04       2.0000E-04
       2.9750E+00      -1.1416E-05       3.3155E-05       1.2505E-04       1.8836E-04       1.3862E-05       1.6897E-05       8.0389E-04       1.2765E-08       1.0343E-03       2.0000E-04       2.0000E-04
       2.9850E+00      -1.1416E-05       3.3155E-05       1.2506E-04       1.8838E-04       1.3842E-05       1.6897E-05       8.0385E-04       1.2765E-08       1.0343E-03       2.0000E-04       2.0000E-04
       2.9950E+00      -1.1417E-05       3.3155E-05       1.2507E-04       1.8839E-04       1.3830E-05       1.6897E-05       8.0382E-04       1.2765E-08       1.0343E-03       2.0000E-04       2.0000E-04
