# Time          1.5000E+01
# Units: Mol/kgw
    Distance           H+               CO2(aq)          Mg++             Ca++             K+               SiO2(aq)         Na+              Al+++            Cl-              NO3-             Tracer       
       5.0000E-03       1.0884E-05       1.6197E-05       1.2001E-04       1.8021E-04       1.9999E-05       1.1497E-06       8.0022E-04       8.9333E-07       1.0343E-03       2.0000E-04       2.0000E-04
       1.5000E-02       7.9334E-06       1.6801E-05       1.2003E-04       1.8055E-04       1.9997E-05       2.5193E-06       8.0059E-04       1.4908E-06       1.0343E-03       2.0000E-04       2.0000E-04
       2.5000E-02       5.9224E-06       1.7387E-05       1.2006E-04       1.8087E-04       1.9994E-05       3.5756E-06       8.0096E-04       1.7751E-06       1.0343E-03       2.0000E-04       2.0000E-04
       3.5000E-02       4.8041E-06       1.7926E-05       1.2010E-04       1.8116E-04       1.9990E-05       4.3344E-06       8.0131E-04       1.7618E-06       1.0343E-03       2.0000E-04       2.0000E-04
       4.5000E-02       4.2142E-06       1.8422E-05       1.2016E-04       1.8142E-04       1.9985E-05       4.9171E-06       8.0166E-04       1.5725E-06       1.0343E-03       2.0000E-04       2.0000E-04
       5.5000E-02       3.8180E-06       1.8897E-05       1.2025E-04       1.8167E-04       1.9979E-05       5.4350E-06       8.0201E-04       1.3186E-06       1.0343E-03       2.0000E-04       2.0000E-04
       6.5000E-02       3.4348E-06       1.9368E-05       1.2035E-04       1.8191E-04       1.9972E-05       5.9486E-06       8.0236E-04       1.0606E-06       1.0343E-03       2.0000E-04       2.0000E-04
       7.5000E-02       2.9849E-06       1.9850E-05       1.2046E-04       1.8213E-04       1.9963E-05       6.4842E-06       8.0271E-04       8.2485E-07       1.0343E-03       2.0000E-04       2.0000E-04
       8.5000E-02       2.4360E-06       2.0356E-05       1.2059E-04       1.8235E-04       1.9953E-05       7.0526E-06       8.0306E-04       6.2238E-07       1.0343E-03       2.0000E-04       2.0000E-04
       9.5000E-02       1.7766E-06       2.0902E-05       1.2072E-04       1.8257E-04       1.9941E-05       7.6575E-06       8.0341E-04       4.5707E-07       1.0343E-03       2.0000E-04       2.0000E-04
       1.0500E-01       1.0073E-06       2.1506E-05       1.2086E-04       1.8280E-04       1.9927E-05       8.2986E-06       8.0377E-04       3.2885E-07       1.0343E-03       2.0000E-04       2.0000E-04
       1.1500E-01       1.3818E-07       2.2185E-05       1.2101E-04       1.8302E-04       1.9910E-05       8.9723E-06       8.0412E-04       2.3458E-07       1.0343E-03       2.0000E-04       2.0000E-04
       1.2500E-01      -8.1301E-07       2.2949E-05       1.2115E-04       1.8324E-04       1.9891E-05       9.6724E-06       8.0448E-04       1.6865E-07       1.0343E-03       2.0000E-04       2.0000E-04
       1.3500E-01      -1.8245E-06       2.3801E-05       1.2130E-04       1.8347E-04       1.9868E-05       1.0391E-05       8.0483E-04       1.2427E-07       1.0343E-03       2.0000E-04       2.0000E-04
       1.4500E-01      -2.8750E-06       2.4730E-05       1.2145E-04       1.8370E-04       1.9843E-05       1.1121E-05       8.0518E-04       9.4924E-08       1.0343E-03       2.0000E-04       2.0000E-04
       1.5500E-01      -3.9461E-06       2.5718E-05       1.2160E-04       1.8393E-04       1.9813E-05       1.1854E-05       8.0552E-04       7.5458E-08       1.0343E-03       2.0000E-04       2.0000E-04
       1.6500E-01      -5.0232E-06       2.6744E-05       1.2176E-04       1.8416E-04       1.9781E-05       1.2585E-05       8.0585E-04       6.2307E-08       1.0343E-03       2.0000E-04       2.0000E-04
       1.7500E-01      -6.0937E-06       2.7786E-05       1.2191E-04       1.8438E-04       1.9745E-05       1.3308E-05       8.0618E-04       5.3188E-08       1.0343E-03       2.0000E-04       2.0000E-04
       1.8500E-01      -7.1449E-06       2.8825E-05       1.2206E-04       1.8461E-04       1.9705E-05       1.4016E-05       8.0649E-04       4.6694E-08       1.0343E-03       2.0000E-04       2.0000E-04
       1.9500E-01      -8.1623E-06       2.9838E-05       1.2220E-04       1.8483E-04       1.9663E-05       1.4699E-05       8.0679E-04       4.1960E-08       1.0343E-03       2.0000E-04       2.0000E-04
       2.0500E-01      -9.1267E-06       3.0803E-05       1.2234E-04       1.8504E-04       1.9618E-05       1.5345E-05       8.0707E-04       3.8456E-08       1.0343E-03       2.0000E-04       2.0000E-04
       2.1500E-01      -1.0012E-05       3.1689E-05       1.2248E-04       1.8524E-04       1.9572E-05       1.5938E-05       8.0732E-04       3.5854E-08       1.0343E-03       2.0000E-04       2.0000E-04
       2.2500E-01      -1.0781E-05       3.2457E-05       1.2260E-04       1.8541E-04       1.9526E-05       1.6453E-05       8.0753E-04       3.3957E-08       1.0343E-03       2.0000E-04       2.0000E-04
       2.3500E-01      -1.1382E-05       3.3054E-05       1.2271E-04       1.8555E-04       1.9483E-05       1.6854E-05       8.0770E-04       3.2655E-08       1.0343E-03       2.0000E-04       2.0000E-04
       2.4500E-01      -1.1735E-05       3.3405E-05       1.2280E-04       1.8563E-04       1.9445E-05       1.7091E-05       8.0779E-04       3.1525E-08       1.0343E-03       2.0000E-04       2.0000E-04
       2.5500E-01      -1.1683E-05       3.3401E-05       1.2287E-04       1.8563E-04       1.9418E-05       1.7074E-05       8.0779E-04       1.4056E-08       1.0343E-03       2.0000E-04       2.0000E-04
       2.6500E-01      -1.1680E-05       3.3401E-05       1.2293E-04       1.8563E-04       1.9389E-05       1.7073E-05       8.0778E-04       1.2685E-08       1.0343E-03       2.0000E-04       2.0000E-04
       2.7500E-01      -1.1680E-05       3.3401E-05       1.2298E-04       1.8564E-04       1.9358E-05       1.7073E-05       8.0776E-04       1.2572E-08       1.0343E-03       2.0000E-04       2.0000E-04
       2.8500E-01      -1.1680E-05       3.3402E-05       1.2303E-04       1.8564E-04       1.9327E-05       1.7073E-05       8.0775E-04       1.2562E-08       1.0343E-03       2.0000E-04       2.0000E-04
       2.9500E-01      -1.1681E-05       3.3402E-05       1.2308E-04       1.8565E-04       1.9294E-05       1.7073E-05       8.0772E-04       1.2561E-08       1.0343E-03       2.0000E-04       2.0000E-04
       3.0500E-01      -1.1681E-05       3.3402E-05       1.2312E-04       1.8567E-04       1.9259E-05       1.7074E-05       8.0770E-04       1.2561E-08       1.0343E-03       2.0000E-04       2.0000E-04
       3.1500E-01      -1.1681E-05       3.3403E-05       1.2316E-04       1.8568E-04       1.9223E-05       1.7074E-05       8.0766E-04       1.2560E-08       1.0343E-03       2.0000E-04       2.0000E-04
       3.2500E-01      -1.1682E-05       3.3403E-05       1.2319E-04       1.8570E-04       1.9185E-05       1.7074E-05       8.0763E-04       1.2560E-08       1.0343E-03       2.0000E-04       2.0000E-04
       3.3500E-01      -1.1682E-05       3.3403E-05       1.2323E-04       1.8572E-04       1.9146E-05       1.7074E-05       8.0759E-04       1.2560E-08       1.0343E-03       2.0000E-04       2.0000E-04
       3.4500E-01      -1.1682E-05       3.3404E-05       1.2326E-04       1.8575E-04       1.9106E-05       1.7075E-05       8.0754E-04       1.2560E-08       1.0343E-03       2.0000E-04       2.0000E-04
       3.5500E-01      -1.1683E-05       3.3404E-05       1.2329E-04       1.8578E-04       1.9064E-05       1.7075E-05       8.0750E-04       1.2559E-08       1.0343E-03       2.0000E-04       2.0000E-04
       3.6500E-01      -1.1683E-05       3.3404E-05       1.2331E-04       1.8581E-04       1.9020E-05       1.7075E-05       8.0744E-04       1.2559E-08       1.0343E-03       2.0000E-04       2.0000E-04
       3.7500E-01      -1.1683E-05       3.3404E-05       1.2334E-04       1.8584E-04       1.8975E-05       1.7075E-05       8.0739E-04       1.2559E-08       1.0343E-03       2.0000E-04       2.0000E-04
       3.8500E-01      -1.1684E-05       3.3405E-05       1.2337E-04       1.8587E-04       1.8928E-05       1.7075E-05       8.0733E-04       1.2559E-08       1.0343E-03       2.0000E-04       2.0000E-04
       3.9500E-01      -1.1684E-05       3.3405E-05       1.2340E-04       1.8591E-04       1.8879E-05       1.7076E-05       8.0726E-04       1.2558E-08       1.0343E-03       2.0000E-04       2.0000E-04
       4.0500E-01      -1.1684E-05       3.3405E-05       1.2342E-04       1.8595E-04       1.8829E-05       1.7076E-05       8.0719E-04       1.2558E-08       1.0343E-03       2.0000E-04       2.0000E-04
       4.1500E-01      -1.1685E-05       3.3406E-05       1.2345E-04       1.8598E-04       1.8777E-05       1.7076E-05       8.0712E-04       1.2558E-08       1.0343E-03       2.0000E-04       2.0000E-04
       4.2500E-01      -1.1685E-05       3.3406E-05       1.2348E-04       1.8603E-04       1.8724E-05       1.7076E-05       8.0704E-04       1.2558E-08       1.0343E-03       2.0000E-04       2.0000E-04
       4.3500E-01      -1.1685E-05       3.3406E-05       1.2351E-04       1.8607E-04       1.8669E-05       1.7077E-05       8.0696E-04       1.2558E-08       1.0343E-03       2.0000E-04       2.0000E-04
       4.4500E-01      -1.1685E-05       3.3407E-05       1.2354E-04       1.8611E-04       1.8612E-05       1.7077E-05       8.0687E-04       1.2557E-08       1.0343E-03       2.0000E-04       2.0000E-04
       4.5500E-01      -1.1686E-05       3.3407E-05       1.2357E-04       1.8616E-04       1.8554E-05       1.7077E-05       8.0678E-04       1.2557E-08       1.0343E-03       2.0000E-04       2.0000E-04
       4.6500E-01      -1.1686E-05       3.3407E-05       1.2360E-04       1.8621E-04       1.8494E-05       1.7077E-05       8.0669E-04       1.2557E-08       1.0343E-03       2.0000E-04       2.0000E-04
       4.7500E-01      -1.1686E-05       3.3407E-05       1.2363E-04       1.8626E-04       1.8433E-05       1.7077E-05       8.0659E-04       1.2557E-08       1.0343E-03       2.0000E-04       2.0000E-04
       4.8500E-01      -1.1687E-05       3.3408E-05       1.2367E-04       1.8631E-04       1.8370E-05       1.7078E-05       8.0648E-04       1.2556E-08       1.0343E-03       2.0000E-04       2.0000E-04
       4.9500E-01      -1.1687E-05       3.3408E-05       1.2370E-04       1.8636E-04       1.8306E-05       1.7078E-05       8.0637E-04       1.2556E-08       1.0343E-03       2.0000E-04       2.0000E-04
       5.0500E-01      -1.1687E-05       3.3408E-05       1.2374E-04       1.8641E-04       1.8240E-05       1.7078E-05       8.0626E-04       1.2556E-08       1.0343E-03       2.0000E-04       2.0000E-04
       5.1500E-01      -1.1688E-05       3.3409E-05       1.2378E-04       1.8647E-04       1.8172E-05       1.7078E-05       8.0614E-04       1.2556E-08       1.0343E-03       2.0000E-04       2.0000E-04
       5.2500E-01      -1.1688E-05       3.3409E-05       1.2382E-04       1.8653E-04       1.8103E-05       1.7078E-05       8.0601E-04       1.2556E-08       1.0343E-03       2.0000E-04       2.0000E-04
       5.3500E-01      -1.1688E-05       3.3409E-05       1.2386E-04       1.8659E-04       1.8033E-05       1.7079E-05       8.0588E-04       1.2555E-08       1.0343E-03       2.0000E-04       2.0000E-04
       5.4500E-01      -1.1688E-05       3.3409E-05       1.2390E-04       1.8665E-04       1.7962E-05       1.7079E-05       8.0575E-04       1.2555E-08       1.0343E-03       2.0000E-04       2.0000E-04
       5.5500E-01      -1.1689E-05       3.3410E-05       1.2394E-04       1.8672E-04       1.7889E-05       1.7079E-05       8.0560E-04       1.2555E-08       1.0343E-03       2.0000E-04       2.0000E-04
       5.6500E-01      -1.1689E-05       3.3410E-05       1.2399E-04       1.8679E-04       1.7815E-05       1.7079E-05       8.0545E-04       1.2555E-08       1.0343E-03       2.0000E-04       2.0000E-04
       5.7500E-01      -1.1689E-05       3.3410E-05       1.2404E-04       1.8686E-04       1.7739E-05       1.7079E-05       8.0530E-04       1.2555E-08       1.0343E-03       2.0000E-04       2.0000E-04
       5.8500E-01      -1.1690E-05       3.3411E-05       1.2408E-04       1.8693E-04       1.7663E-05       1.7080E-05       8.0514E-04       1.2554E-08       1.0343E-03       2.0000E-04       2.0000E-04
       5.9500E-01      -1.1690E-05       3.3411E-05       1.2413E-04       1.8700E-04       1.7585E-05       1.7080E-05       8.0497E-04       1.2554E-08       1.0343E-03       2.0000E-04       2.0000E-04
       6.0500E-01      -1.1690E-05       3.3411E-05       1.2419E-04       1.8708E-04       1.7507E-05       1.7080E-05       8.0479E-04       1.2554E-08       1.0343E-03       2.0000E-04       2.0000E-04
       6.1500E-01      -1.1691E-05       3.3411E-05       1.2424E-04       1.8716E-04       1.7427E-05       1.7080E-05       8.0461E-04       1.2554E-08       1.0343E-03       2.0000E-04       2.0000E-04
       6.2500E-01      -1.1691E-05       3.3412E-05       1.2429E-04       1.8724E-04       1.7347E-05       1.7080E-05       8.0442E-04       1.2554E-08       1.0343E-03       2.0000E-04       2.0000E-04
       6.3500E-01      -1.1691E-05       3.3412E-05       1.2435E-04       1.8732E-04       1.7266E-05       1.7081E-05       8.0422E-04       1.2553E-08       1.0343E-03       2.0000E-04       2.0000E-04
       6.4500E-01      -1.1692E-05       3.3412E-05       1.2441E-04       1.8741E-04       1.7184E-05       1.7081E-05       8.0401E-04       1.2553E-08       1.0343E-03       2.0000E-04       2.0000E-04
       6.5500E-01      -1.1692E-05       3.3413E-05       1.2447E-04       1.8750E-04       1.7101E-05       1.7081E-05       8.0380E-04       1.2553E-08       1.0343E-03       2.0000E-04       2.0000E-04
       6.6500E-01      -1.1692E-05       3.3413E-05       1.2453E-04       1.8759E-04       1.7018E-05       1.7081E-05       8.0357E-04       1.2553E-08       1.0343E-03       2.0000E-04       2.0000E-04
       6.7500E-01      -1.1692E-05       3.3413E-05       1.2459E-04       1.8769E-04       1.6935E-05       1.7081E-05       8.0334E-04       1.2553E-08       1.0343E-03       2.0000E-04       2.0000E-04
       6.8500E-01      -1.1693E-05       3.3413E-05       1.2466E-04       1.8778E-04       1.6851E-05       1.7082E-05       8.0310E-04       1.2553E-08       1.0343E-03       2.0000E-04       2.0000E-04
       6.9500E-01      -1.1693E-05       3.3414E-05       1.2472E-04       1.8788E-04       1.6766E-05       1.7082E-05       8.0285E-04       1.2552E-08       1.0343E-03       2.0000E-04       2.0000E-04
       7.0500E-01      -1.1693E-05       3.3414E-05       1.2479E-04       1.8799E-04       1.6682E-05       1.7082E-05       8.0260E-04       1.2552E-08       1.0343E-03       2.0000E-04       2.0000E-04
       7.1500E-01      -1.1694E-05       3.3414E-05       1.2486E-04       1.8809E-04       1.6597E-05       1.7082E-05       8.0233E-04       1.2552E-08       1.0343E-03       2.0000E-04       2.0000E-04
       7.2500E-01      -1.1694E-05       3.3415E-05       1.2494E-04       1.8820E-04       1.6512E-05       1.7082E-05       8.0205E-04       1.2552E-08       1.0343E-03       2.0000E-04       2.0000E-04
       7.3500E-01      -1.1694E-05       3.3415E-05       1.2501E-04       1.8831E-04       1.6427E-05       1.7083E-05       8.0176E-04       1.2552E-08       1.0343E-03       2.0000E-04       2.0000E-04
       7.4500E-01      -1.1695E-05       3.3415E-05       1.2509E-04       1.8843E-04       1.6343E-05       1.7083E-05       8.0147E-04       1.2551E-08       1.0343E-03       2.0000E-04       2.0000E-04
       7.5500E-01      -1.1695E-05       3.3415E-05       1.2517E-04       1.8854E-04       1.6258E-05       1.7083E-05       8.0116E-04       1.2551E-08       1.0343E-03       2.0000E-04       2.0000E-04
       7.6500E-01      -1.1695E-05       3.3416E-05       1.2525E-04       1.8866E-04       1.6174E-05       1.7083E-05       8.0084E-04       1.2551E-08       1.0343E-03       2.0000E-04       2.0000E-04
       7.7500E-01      -1.1695E-05       3.3416E-05       1.2533E-04       1.8879E-04       1.6090E-05       1.7083E-05       8.0051E-04       1.2551E-08       1.0343E-03       2.0000E-04       2.0000E-04
       7.8500E-01      -1.1696E-05       3.3416E-05       1.2541E-04       1.8892E-04       1.6007E-05       1.7084E-05       8.0017E-04       1.2551E-08       1.0343E-03       2.0000E-04       2.0000E-04
       7.9500E-01      -1.1696E-05       3.3417E-05       1.2550E-04       1.8905E-04       1.5924E-05       1.7084E-05       7.9982E-04       1.2550E-08       1.0343E-03       2.0000E-04       2.0000E-04
       8.0500E-01      -1.1696E-05       3.3417E-05       1.2559E-04       1.8918E-04       1.5842E-05       1.7084E-05       7.9946E-04       1.2550E-08       1.0343E-03       2.0000E-04       2.0000E-04
       8.1500E-01      -1.1697E-05       3.3417E-05       1.2568E-04       1.8932E-04       1.5761E-05       1.7084E-05       7.9908E-04       1.2550E-08       1.0343E-03       2.0000E-04       2.0000E-04
       8.2500E-01      -1.1697E-05       3.3417E-05       1.2578E-04       1.8946E-04       1.5680E-05       1.7084E-05       7.9870E-04       1.2550E-08       1.0343E-03       2.0000E-04       2.0000E-04
       8.3500E-01      -1.1697E-05       3.3418E-05       1.2587E-04       1.8960E-04       1.5600E-05       1.7085E-05       7.9830E-04       1.2550E-08       1.0343E-03       2.0000E-04       2.0000E-04
       8.4500E-01      -1.1698E-05       3.3418E-05       1.2597E-04       1.8975E-04       1.5521E-05       1.7085E-05       7.9789E-04       1.2550E-08       1.0343E-03       2.0000E-04       2.0000E-04
       8.5500E-01      -1.1698E-05       3.3418E-05       1.2607E-04       1.8990E-04       1.5444E-05       1.7085E-05       7.9746E-04       1.2549E-08       1.0343E-03       2.0000E-04       2.0000E-04
       8.6500E-01      -1.1698E-05       3.3419E-05       1.2617E-04       1.9005E-04       1.5367E-05       1.7085E-05       7.9703E-04       1.2549E-08       1.0343E-03       2.0000E-04       2.0000E-04
       8.7500E-01      -1.1698E-05       3.3419E-05       1.2628E-04       1.9021E-04       1.5291E-05       1.7085E-05       7.9658E-04       1.2549E-08       1.0343E-03       2.0000E-04       2.0000E-04
       8.8500E-01      -1.1699E-05       3.3419E-05       1.2639E-04       1.9037E-04       1.5217E-05       1.7086E-05       7.9611E-04       1.2549E-08       1.0343E-03       2.0000E-04       2.0000E-04
       8.9500E-01      -1.1699E-05       3.3419E-05       1.2650E-04       1.9053E-04       1.5144E-05       1.7086E-05       7.9564E-04       1.2549E-08       1.0343E-03       2.0000E-04       2.0000E-04
       9.0500E-01      -1.1699E-05       3.3420E-05       1.2661E-04       1.9070E-04       1.5072E-05       1.7086E-05       7.9515E-04       1.2549E-08       1.0343E-03       2.0000E-04       2.0000E-04
       9.1500E-01      -1.1700E-05       3.3420E-05       1.2672E-04       1.9087E-04       1.5002E-05       1.7086E-05       7.9465E-04       1.2548E-08       1.0343E-03       2.0000E-04       2.0000E-04
       9.2500E-01      -1.1700E-05       3.3420E-05       1.2684E-04       1.9105E-04       1.4933E-05       1.7086E-05       7.9413E-04       1.2548E-08       1.0343E-03       2.0000E-04       2.0000E-04
       9.3500E-01      -1.1700E-05       3.3421E-05       1.2696E-04       1.9123E-04       1.4866E-05       1.7087E-05       7.9360E-04       1.2548E-08       1.0343E-03       2.0000E-04       2.0000E-04
       9.4500E-01      -1.1701E-05       3.3421E-05       1.2708E-04       1.9141E-04       1.4800E-05       1.7087E-05       7.9305E-04       1.2548E-08       1.0343E-03       2.0000E-04       2.0000E-04
       9.5500E-01      -1.1701E-05       3.3421E-05       1.2721E-04       1.9160E-04       1.4736E-05       1.7087E-05       7.9249E-04       1.2548E-08       1.0343E-03       2.0000E-04       2.0000E-04
       9.6500E-01      -1.1701E-05       3.3421E-05       1.2734E-04       1.9179E-04       1.4673E-05       1.7087E-05       7.9192E-04       1.2548E-08       1.0343E-03       2.0000E-04       2.0000E-04
       9.7500E-01      -1.1701E-05       3.3422E-05       1.2747E-04       1.9199E-04       1.4612E-05       1.7087E-05       7.9133E-04       1.2548E-08       1.0343E-03       2.0000E-04       2.0000E-04
       9.8500E-01      -1.1702E-05       3.3422E-05       1.2760E-04       1.9218E-04       1.4553E-05       1.7088E-05       7.9073E-04       1.2547E-08       1.0343E-03       2.0000E-04       2.0000E-04
       9.9500E-01      -1.1702E-05       3.3422E-05       1.2774E-04       1.9239E-04       1.4495E-05       1.7088E-05       7.9011E-04       1.2547E-08       1.0343E-03       2.0000E-04       2.0000E-04
       1.0050E+00      -1.1702E-05       3.3423E-05       1.2787E-04       1.9259E-04       1.4440E-05       1.7088E-05       7.8948E-04       1.2547E-08       1.0343E-03       2.0000E-04       2.0000E-04
       1.0150E+00      -1.1703E-05       3.3423E-05       1.2801E-04       1.9280E-04       1.4385E-05       1.7088E-05       7.8883E-04       1.2547E-08       1.0343E-03       2.0000E-04       2.0000E-04
       1.0250E+00      -1.1703E-05       3.3423E-05       1.2816E-04       1.9302E-04       1.4333E-05       1.7088E-05       7.8817E-04       1.2547E-08       1.0343E-03       2.0000E-04       2.0000E-04
       1.0350E+00      -1.1703E-05       3.3423E-05       1.2830E-04       1.9324E-04       1.4283E-05       1.7089E-05       7.8749E-04       1.2547E-08       1.0343E-03       2.0000E-04       2.0000E-04
       1.0450E+00      -1.1703E-05       3.3424E-05       1.2845E-04       1.9346E-04       1.4234E-05       1.7089E-05       7.8679E-04       1.2546E-08       1.0343E-03       2.0000E-04       2.0000E-04
       1.0550E+00      -1.1704E-05       3.3424E-05       1.2860E-04       1.9369E-04       1.4187E-05       1.7089E-05       7.8608E-04       1.2546E-08       1.0343E-03       2.0000E-04       2.0000E-04
       1.0650E+00      -1.1704E-05       3.3424E-05       1.2876E-04       1.9392E-04       1.4142E-05       1.7089E-05       7.8536E-04       1.2546E-08       1.0343E-03       2.0000E-04       2.0000E-04
       1.0750E+00      -1.1704E-05       3.3425E-05       1.2892E-04       1.9415E-04       1.4099E-05       1.7089E-05       7.8462E-04       1.2546E-08       1.0343E-03       2.0000E-04       2.0000E-04
       1.0850E+00      -1.1705E-05       3.3425E-05       1.2907E-04       1.9439E-04       1.4058E-05       1.7090E-05       7.8387E-04       1.2546E-08       1.0343E-03       2.0000E-04       2.0000E-04
       1.0950E+00      -1.1705E-05       3.3425E-05       1.2924E-04       1.9463E-04       1.4018E-05       1.7090E-05       7.8309E-04       1.2546E-08       1.0343E-03       2.0000E-04       2.0000E-04
       1.1050E+00      -1.1705E-05       3.3425E-05       1.2940E-04       1.9488E-04       1.3981E-05       1.7090E-05       7.8231E-04       1.2546E-08       1.0343E-03       2.0000E-04       2.0000E-04
       1.1150E+00      -1.1706E-05       3.3426E-05       1.2957E-04       1.9513E-04       1.3945E-05       1.7090E-05       7.8151E-04       1.2545E-08       1.0343E-03       2.0000E-04       2.0000E-04
       1.1250E+00      -1.1706E-05       3.3426E-05       1.2974E-04       1.9539E-04       1.3911E-05       1.7090E-05       7.8069E-04       1.2545E-08       1.0343E-03       2.0000E-04       2.0000E-04
       1.1350E+00      -1.1706E-05       3.3426E-05       1.2991E-04       1.9565E-04       1.3878E-05       1.7091E-05       7.7986E-04       1.2545E-08       1.0343E-03       2.0000E-04       2.0000E-04
       1.1450E+00      -1.1706E-05       3.3427E-05       1.3009E-04       1.9591E-04       1.3848E-05       1.7091E-05       7.7901E-04       1.2545E-08       1.0343E-03       2.0000E-04       2.0000E-04
       1.1550E+00      -1.1707E-05       3.3427E-05       1.3027E-04       1.9618E-04       1.3819E-05       1.7091E-05       7.7815E-04       1.2545E-08       1.0343E-03       2.0000E-04       2.0000E-04
       1.1650E+00      -1.1707E-05       3.3427E-05       1.3045E-04       1.9645E-04       1.3792E-05       1.7091E-05       7.7727E-04       1.2545E-08       1.0343E-03       2.0000E-04       2.0000E-04
       1.1750E+00      -1.1707E-05       3.3427E-05       1.3063E-04       1.9672E-04       1.3766E-05       1.7091E-05       7.7638E-04       1.2545E-08       1.0343E-03       2.0000E-04       2.0000E-04
       1.1850E+00      -1.1708E-05       3.3428E-05       1.3082E-04       1.9700E-04       1.3743E-05       1.7092E-05       7.7547E-04       1.2545E-08       1.0343E-03       2.0000E-04       2.0000E-04
       1.1950E+00      -1.1708E-05       3.3428E-05       1.3101E-04       1.9729E-04       1.3721E-05       1.7092E-05       7.7455E-04       1.2544E-08       1.0343E-03       2.0000E-04       2.0000E-04
       1.2050E+00      -1.1708E-05       3.3428E-05       1.3120E-04       1.9757E-04       1.3700E-05       1.7092E-05       7.7361E-04       1.2544E-08       1.0343E-03       2.0000E-04       2.0000E-04
       1.2150E+00      -1.1709E-05       3.3429E-05       1.3140E-04       1.9787E-04       1.3682E-05       1.7092E-05       7.7266E-04       1.2544E-08       1.0343E-03       2.0000E-04       2.0000E-04
       1.2250E+00      -1.1709E-05       3.3429E-05       1.3159E-04       1.9816E-04       1.3665E-05       1.7092E-05       7.7169E-04       1.2544E-08       1.0343E-03       2.0000E-04       2.0000E-04
       1.2350E+00      -1.1709E-05       3.3429E-05       1.3179E-04       1.9846E-04       1.3649E-05       1.7093E-05       7.7071E-04       1.2544E-08       1.0343E-03       2.0000E-04       2.0000E-04
       1.2450E+00      -1.1709E-05       3.3429E-05       1.3199E-04       1.9876E-04       1.3635E-05       1.7093E-05       7.6972E-04       1.2544E-08       1.0343E-03       2.0000E-04       2.0000E-04
       1.2550E+00      -1.1710E-05       3.3430E-05       1.3220E-04       1.9907E-04       1.3622E-05       1.7093E-05       7.6871E-04       1.2544E-08       1.0343E-03       2.0000E-04       2.0000E-04
       1.2650E+00      -1.1710E-05       3.3430E-05       1.3241E-04       1.9938E-04       1.3611E-05       1.7093E-05       7.6768E-04       1.2544E-08       1.0343E-03       2.0000E-04       2.0000E-04
       1.2750E+00      -1.1710E-05       3.3430E-05       1.3262E-04       1.9969E-04       1.3601E-05       1.7093E-05       7.6665E-04       1.2544E-08       1.0343E-03       2.0000E-04       2.0000E-04
       1.2850E+00      -1.1711E-05       3.3431E-05       1.3283E-04       2.0001E-04       1.3593E-05       1.7094E-05       7.6560E-04       1.2543E-08       1.0343E-03       2.0000E-04       2.0000E-04
       1.2950E+00      -1.1711E-05       3.3431E-05       1.3304E-04       2.0033E-04       1.3586E-05       1.7094E-05       7.6453E-04       1.2543E-08       1.0343E-03       2.0000E-04       2.0000E-04
       1.3050E+00      -1.1711E-05       3.3431E-05       1.3326E-04       2.0066E-04       1.3581E-05       1.7094E-05       7.6346E-04       1.2543E-08       1.0343E-03       2.0000E-04       2.0000E-04
       1.3150E+00      -1.1711E-05       3.3431E-05       1.3348E-04       2.0098E-04       1.3576E-05       1.7094E-05       7.6237E-04       1.2543E-08       1.0343E-03       2.0000E-04       2.0000E-04
       1.3250E+00      -1.1712E-05       3.3432E-05       1.3370E-04       2.0132E-04       1.3573E-05       1.7094E-05       7.6127E-04       1.2543E-08       1.0343E-03       2.0000E-04       2.0000E-04
       1.3350E+00      -1.1712E-05       3.3432E-05       1.3392E-04       2.0165E-04       1.3571E-05       1.7095E-05       7.6015E-04       1.2543E-08       1.0343E-03       2.0000E-04       2.0000E-04
       1.3450E+00      -1.1712E-05       3.3432E-05       1.3415E-04       2.0199E-04       1.3571E-05       1.7095E-05       7.5903E-04       1.2543E-08       1.0343E-03       2.0000E-04       2.0000E-04
       1.3550E+00      -1.1713E-05       3.3433E-05       1.3438E-04       2.0233E-04       1.3571E-05       1.7095E-05       7.5789E-04       1.2543E-08       1.0343E-03       2.0000E-04       2.0000E-04
       1.3650E+00      -1.1713E-05       3.3433E-05       1.3461E-04       2.0267E-04       1.3573E-05       1.7095E-05       7.5674E-04       1.2543E-08       1.0343E-03       2.0000E-04       2.0000E-04
       1.3750E+00      -1.1713E-05       3.3433E-05       1.3484E-04       2.0302E-04       1.3575E-05       1.7095E-05       7.5558E-04       1.2542E-08       1.0343E-03       2.0000E-04       2.0000E-04
       1.3850E+00      -1.1714E-05       3.3433E-05       1.3507E-04       2.0337E-04       1.3579E-05       1.7096E-05       7.5441E-04       1.2542E-08       1.0343E-03       2.0000E-04       2.0000E-04
       1.3950E+00      -1.1714E-05       3.3434E-05       1.3531E-04       2.0372E-04       1.3584E-05       1.7096E-05       7.5323E-04       1.2542E-08       1.0343E-03       2.0000E-04       2.0000E-04
       1.4050E+00      -1.1714E-05       3.3434E-05       1.3555E-04       2.0408E-04       1.3590E-05       1.7096E-05       7.5203E-04       1.2542E-08       1.0343E-03       2.0000E-04       2.0000E-04
       1.4150E+00      -1.1714E-05       3.3434E-05       1.3579E-04       2.0444E-04       1.3596E-05       1.7096E-05       7.5083E-04       1.2542E-08       1.0343E-03       2.0000E-04       2.0000E-04
       1.4250E+00      -1.1715E-05       3.3435E-05       1.3603E-04       2.0480E-04       1.3604E-05       1.7096E-05       7.4962E-04       1.2542E-08       1.0343E-03       2.0000E-04       2.0000E-04
       1.4350E+00      -1.1715E-05       3.3435E-05       1.3627E-04       2.0516E-04       1.3612E-05       1.7096E-05       7.4840E-04       1.2542E-08       1.0343E-03       2.0000E-04       2.0000E-04
       1.4450E+00      -1.1715E-05       3.3435E-05       1.3651E-04       2.0553E-04       1.3622E-05       1.7097E-05       7.4716E-04       1.2542E-08       1.0343E-03       2.0000E-04       2.0000E-04
       1.4550E+00      -1.1716E-05       3.3435E-05       1.3676E-04       2.0590E-04       1.3632E-05       1.7097E-05       7.4592E-04       1.2542E-08       1.0343E-03       2.0000E-04       2.0000E-04
       1.4650E+00      -1.1716E-05       3.3436E-05       1.3701E-04       2.0627E-04       1.3643E-05       1.7097E-05       7.4468E-04       1.2542E-08       1.0343E-03       2.0000E-04       2.0000E-04
       1.4750E+00      -1.1716E-05       3.3436E-05       1.3726E-04       2.0664E-04       1.3654E-05       1.7097E-05       7.4342E-04       1.2542E-08       1.0343E-03       2.0000E-04       2.0000E-04
       1.4850E+00      -1.1717E-05       3.3436E-05       1.3751E-04       2.0702E-04       1.3666E-05       1.7097E-05       7.4216E-04       1.2541E-08       1.0343E-03       2.0000E-04       2.0000E-04
       1.4950E+00      -1.1717E-05       3.3437E-05       1.3776E-04       2.0740E-04       1.3679E-05       1.7098E-05       7.4088E-04       1.2541E-08       1.0343E-03       2.0000E-04       2.0000E-04
       1.5050E+00      -1.1717E-05       3.3437E-05       1.3801E-04       2.0777E-04       1.3693E-05       1.7098E-05       7.3960E-04       1.2541E-08       1.0343E-03       2.0000E-04       2.0000E-04
       1.5150E+00      -1.1717E-05       3.3437E-05       1.3827E-04       2.0816E-04       1.3707E-05       1.7098E-05       7.3832E-04       1.2541E-08       1.0343E-03       2.0000E-04       2.0000E-04
       1.5250E+00      -1.1718E-05       3.3437E-05       1.3852E-04       2.0854E-04       1.3722E-05       1.7098E-05       7.3703E-04       1.2541E-08       1.0343E-03       2.0000E-04       2.0000E-04
       1.5350E+00      -1.1718E-05       3.3438E-05       1.3878E-04       2.0892E-04       1.3738E-05       1.7098E-05       7.3573E-04       1.2541E-08       1.0343E-03       2.0000E-04       2.0000E-04
       1.5450E+00      -1.1718E-05       3.3438E-05       1.3904E-04       2.0931E-04       1.3754E-05       1.7099E-05       7.3443E-04       1.2541E-08       1.0343E-03       2.0000E-04       2.0000E-04
       1.5550E+00      -1.1719E-05       3.3438E-05       1.3930E-04       2.0970E-04       1.3770E-05       1.7099E-05       7.3312E-04       1.2541E-08       1.0343E-03       2.0000E-04       2.0000E-04
       1.5650E+00      -1.1719E-05       3.3439E-05       1.3956E-04       2.1009E-04       1.3787E-05       1.7099E-05       7.3180E-04       1.2541E-08       1.0343E-03       2.0000E-04       2.0000E-04
       1.5750E+00      -1.1719E-05       3.3439E-05       1.3982E-04       2.1048E-04       1.3805E-05       1.7099E-05       7.3048E-04       1.2541E-08       1.0343E-03       2.0000E-04       2.0000E-04
       1.5850E+00      -1.1720E-05       3.3439E-05       1.4008E-04       2.1087E-04       1.3822E-05       1.7099E-05       7.2916E-04       1.2541E-08       1.0343E-03       2.0000E-04       2.0000E-04
       1.5950E+00      -1.1720E-05       3.3440E-05       1.4034E-04       2.1126E-04       1.3841E-05       1.7100E-05       7.2783E-04       1.2540E-08       1.0343E-03       2.0000E-04       2.0000E-04
       1.6050E+00      -1.1720E-05       3.3440E-05       1.4060E-04       2.1165E-04       1.3859E-05       1.7100E-05       7.2650E-04       1.2540E-08       1.0343E-03       2.0000E-04       2.0000E-04
       1.6150E+00      -1.1720E-05       3.3440E-05       1.4087E-04       2.1205E-04       1.3878E-05       1.7100E-05       7.2517E-04       1.2540E-08       1.0343E-03       2.0000E-04       2.0000E-04
       1.6250E+00      -1.1721E-05       3.3440E-05       1.4113E-04       2.1244E-04       1.3898E-05       1.7100E-05       7.2384E-04       1.2540E-08       1.0343E-03       2.0000E-04       2.0000E-04
       1.6350E+00      -1.1721E-05       3.3441E-05       1.4139E-04       2.1284E-04       1.3917E-05       1.7100E-05       7.2250E-04       1.2540E-08       1.0343E-03       2.0000E-04       2.0000E-04
       1.6450E+00      -1.1721E-05       3.3441E-05       1.4166E-04       2.1323E-04       1.3937E-05       1.7101E-05       7.2116E-04       1.2540E-08       1.0343E-03       2.0000E-04       2.0000E-04
       1.6550E+00      -1.1722E-05       3.3441E-05       1.4192E-04       2.1363E-04       1.3958E-05       1.7101E-05       7.1981E-04       1.2540E-08       1.0343E-03       2.0000E-04       2.0000E-04
       1.6650E+00      -1.1722E-05       3.3442E-05       1.4219E-04       2.1403E-04       1.3978E-05       1.7101E-05       7.1847E-04       1.2540E-08       1.0343E-03       2.0000E-04       2.0000E-04
       1.6750E+00      -1.1722E-05       3.3442E-05       1.4245E-04       2.1442E-04       1.3999E-05       1.7101E-05       7.1713E-04       1.2540E-08       1.0343E-03       2.0000E-04       2.0000E-04
       1.6850E+00      -1.1722E-05       3.3442E-05       1.4272E-04       2.1482E-04       1.4020E-05       1.7101E-05       7.1578E-04       1.2540E-08       1.0343E-03       2.0000E-04       2.0000E-04
       1.6950E+00      -1.1723E-05       3.3442E-05       1.4298E-04       2.1522E-04       1.4041E-05       1.7102E-05       7.1444E-04       1.2540E-08       1.0343E-03       2.0000E-04       2.0000E-04
       1.7050E+00      -1.1723E-05       3.3443E-05       1.4325E-04       2.1561E-04       1.4062E-05       1.7102E-05       7.1309E-04       1.2539E-08       1.0343E-03       2.0000E-04       2.0000E-04
       1.7150E+00      -1.1723E-05       3.3443E-05       1.4351E-04       2.1601E-04       1.4084E-05       1.7102E-05       7.1175E-04       1.2539E-08       1.0343E-03       2.0000E-04       2.0000E-04
       1.7250E+00      -1.1724E-05       3.3443E-05       1.4378E-04       2.1641E-04       1.4105E-05       1.7102E-05       7.1040E-04       1.2539E-08       1.0343E-03       2.0000E-04       2.0000E-04
       1.7350E+00      -1.1724E-05       3.3444E-05       1.4404E-04       2.1680E-04       1.4127E-05       1.7102E-05       7.0906E-04       1.2539E-08       1.0343E-03       2.0000E-04       2.0000E-04
       1.7450E+00      -1.1724E-05       3.3444E-05       1.4431E-04       2.1720E-04       1.4149E-05       1.7103E-05       7.0772E-04       1.2539E-08       1.0343E-03       2.0000E-04       2.0000E-04
       1.7550E+00      -1.1725E-05       3.3444E-05       1.4457E-04       2.1759E-04       1.4171E-05       1.7103E-05       7.0638E-04       1.2539E-08       1.0343E-03       2.0000E-04       2.0000E-04
       1.7650E+00      -1.1725E-05       3.3444E-05       1.4483E-04       2.1799E-04       1.4193E-05       1.7103E-05       7.0504E-04       1.2539E-08       1.0343E-03       2.0000E-04       2.0000E-04
       1.7750E+00      -1.1725E-05       3.3445E-05       1.4510E-04       2.1838E-04       1.4215E-05       1.7103E-05       7.0371E-04       1.2539E-08       1.0343E-03       2.0000E-04       2.0000E-04
       1.7850E+00      -1.1725E-05       3.3445E-05       1.4536E-04       2.1877E-04       1.4237E-05       1.7103E-05       7.0238E-04       1.2539E-08       1.0343E-03       2.0000E-04       2.0000E-04
       1.7950E+00      -1.1726E-05       3.3445E-05       1.4562E-04       2.1916E-04       1.4260E-05       1.7104E-05       7.0105E-04       1.2539E-08       1.0343E-03       2.0000E-04       2.0000E-04
       1.8050E+00      -1.1726E-05       3.3446E-05       1.4588E-04       2.1955E-04       1.4282E-05       1.7104E-05       6.9972E-04       1.2539E-08       1.0343E-03       2.0000E-04       2.0000E-04
       1.8150E+00      -1.1726E-05       3.3446E-05       1.4614E-04       2.1994E-04       1.4304E-05       1.7104E-05       6.9840E-04       1.2538E-08       1.0343E-03       2.0000E-04       2.0000E-04
       1.8250E+00      -1.1727E-05       3.3446E-05       1.4640E-04       2.2033E-04       1.4327E-05       1.7104E-05       6.9708E-04       1.2538E-08       1.0343E-03       2.0000E-04       2.0000E-04
       1.8350E+00      -1.1727E-05       3.3447E-05       1.4666E-04       2.2072E-04       1.4349E-05       1.7104E-05       6.9577E-04       1.2538E-08       1.0343E-03       2.0000E-04       2.0000E-04
       1.8450E+00      -1.1727E-05       3.3447E-05       1.4692E-04       2.2110E-04       1.4371E-05       1.7105E-05       6.9447E-04       1.2538E-08       1.0343E-03       2.0000E-04       2.0000E-04
       1.8550E+00      -1.1728E-05       3.3447E-05       1.4717E-04       2.2149E-04       1.4393E-05       1.7105E-05       6.9316E-04       1.2538E-08       1.0343E-03       2.0000E-04       2.0000E-04
       1.8650E+00      -1.1728E-05       3.3447E-05       1.4743E-04       2.2187E-04       1.4416E-05       1.7105E-05       6.9187E-04       1.2538E-08       1.0343E-03       2.0000E-04       2.0000E-04
       1.8750E+00      -1.1728E-05       3.3448E-05       1.4768E-04       2.2225E-04       1.4438E-05       1.7105E-05       6.9058E-04       1.2538E-08       1.0343E-03       2.0000E-04       2.0000E-04
       1.8850E+00      -1.1728E-05       3.3448E-05       1.4794E-04       2.2263E-04       1.4460E-05       1.7105E-05       6.8929E-04       1.2538E-08       1.0343E-03       2.0000E-04       2.0000E-04
       1.8950E+00      -1.1729E-05       3.3448E-05       1.4819E-04       2.2300E-04       1.4482E-05       1.7106E-05       6.8801E-04       1.2538E-08       1.0343E-03       2.0000E-04       2.0000E-04
       1.9050E+00      -1.1729E-05       3.3449E-05       1.4844E-04       2.2338E-04       1.4504E-05       1.7106E-05       6.8674E-04       1.2538E-08       1.0343E-03       2.0000E-04       2.0000E-04
       1.9150E+00      -1.1729E-05       3.3449E-05       1.4869E-04       2.2375E-04       1.4526E-05       1.7106E-05       6.8547E-04       1.2538E-08       1.0343E-03       2.0000E-04       2.0000E-04
       1.9250E+00      -1.1730E-05       3.3449E-05       1.4893E-04       2.2412E-04       1.4547E-05       1.7106E-05       6.8422E-04       1.2537E-08       1.0343E-03       2.0000E-04       2.0000E-04
       1.9350E+00      -1.1730E-05       3.3449E-05       1.4918E-04       2.2449E-04       1.4569E-05       1.7106E-05       6.8297E-04       1.2537E-08       1.0343E-03       2.0000E-04       2.0000E-04
       1.9450E+00      -1.1730E-05       3.3450E-05       1.4942E-04       2.2486E-04       1.4591E-05       1.7107E-05       6.8172E-04       1.2537E-08       1.0343E-03       2.0000E-04       2.0000E-04
       1.9550E+00      -1.1731E-05       3.3450E-05       1.4967E-04       2.2522E-04       1.4612E-05       1.7107E-05       6.8049E-04       1.2537E-08       1.0343E-03       2.0000E-04       2.0000E-04
       1.9650E+00      -1.1731E-05       3.3450E-05       1.4991E-04       2.2558E-04       1.4633E-05       1.7107E-05       6.7926E-04       1.2537E-08       1.0343E-03       2.0000E-04       2.0000E-04
       1.9750E+00      -1.1731E-05       3.3451E-05       1.5015E-04       2.2594E-04       1.4655E-05       1.7107E-05       6.7804E-04       1.2537E-08       1.0343E-03       2.0000E-04       2.0000E-04
       1.9850E+00      -1.1731E-05       3.3451E-05       1.5039E-04       2.2630E-04       1.4676E-05       1.7107E-05       6.7683E-04       1.2537E-08       1.0343E-03       2.0000E-04       2.0000E-04
       1.9950E+00      -1.1732E-05       3.3451E-05       1.5062E-04       2.2665E-04       1.4697E-05       1.7108E-05       6.7563E-04       1.2537E-08       1.0343E-03       2.0000E-04       2.0000E-04
       2.0050E+00      -1.1732E-05       3.3451E-05       1.5086E-04       2.2700E-04       1.4717E-05       1.7108E-05       6.7444E-04       1.2537E-08       1.0343E-03       2.0000E-04       2.0000E-04
       2.0150E+00      -1.1732E-05       3.3452E-05       1.5109E-04       2.2735E-04       1.4738E-05       1.7108E-05       6.7326E-04       1.2537E-08       1.0343E-03       2.0000E-04       2.0000E-04
       2.0250E+00      -1.1733E-05       3.3452E-05       1.5132E-04       2.2770E-04       1.4758E-05       1.7108E-05       6.7208E-04       1.2536E-08       1.0343E-03       2.0000E-04       2.0000E-04
       2.0350E+00      -1.1733E-05       3.3452E-05       1.5155E-04       2.2804E-04       1.4779E-05       1.7108E-05       6.7092E-04       1.2536E-08       1.0343E-03       2.0000E-04       2.0000E-04
       2.0450E+00      -1.1733E-05       3.3453E-05       1.5178E-04       2.2838E-04       1.4799E-05       1.7109E-05       6.6977E-04       1.2536E-08       1.0343E-03       2.0000E-04       2.0000E-04
       2.0550E+00      -1.1734E-05       3.3453E-05       1.5200E-04       2.2871E-04       1.4819E-05       1.7109E-05       6.6862E-04       1.2536E-08       1.0343E-03       2.0000E-04       2.0000E-04
       2.0650E+00      -1.1734E-05       3.3453E-05       1.5222E-04       2.2905E-04       1.4839E-05       1.7109E-05       6.6749E-04       1.2536E-08       1.0343E-03       2.0000E-04       2.0000E-04
       2.0750E+00      -1.1734E-05       3.3454E-05       1.5245E-04       2.2938E-04       1.4858E-05       1.7109E-05       6.6637E-04       1.2536E-08       1.0343E-03       2.0000E-04       2.0000E-04
       2.0850E+00      -1.1734E-05       3.3454E-05       1.5266E-04       2.2971E-04       1.4878E-05       1.7109E-05       6.6525E-04       1.2536E-08       1.0343E-03       2.0000E-04       2.0000E-04
       2.0950E+00      -1.1735E-05       3.3454E-05       1.5288E-04       2.3003E-04       1.4897E-05       1.7110E-05       6.6415E-04       1.2536E-08       1.0343E-03       2.0000E-04       2.0000E-04
       2.1050E+00      -1.1735E-05       3.3454E-05       1.5310E-04       2.3035E-04       1.4916E-05       1.7110E-05       6.6306E-04       1.2535E-08       1.0343E-03       2.0000E-04       2.0000E-04
       2.1150E+00      -1.1735E-05       3.3455E-05       1.5331E-04       2.3067E-04       1.4935E-05       1.7110E-05       6.6198E-04       1.2535E-08       1.0343E-03       2.0000E-04       2.0000E-04
       2.1250E+00      -1.1736E-05       3.3455E-05       1.5352E-04       2.3098E-04       1.4953E-05       1.7110E-05       6.6091E-04       1.2535E-08       1.0343E-03       2.0000E-04       2.0000E-04
       2.1350E+00      -1.1736E-05       3.3455E-05       1.5373E-04       2.3130E-04       1.4972E-05       1.7110E-05       6.5986E-04       1.2535E-08       1.0343E-03       2.0000E-04       2.0000E-04
       2.1450E+00      -1.1736E-05       3.3456E-05       1.5393E-04       2.3160E-04       1.4990E-05       1.7111E-05       6.5881E-04       1.2535E-08       1.0343E-03       2.0000E-04       2.0000E-04
       2.1550E+00      -1.1737E-05       3.3456E-05       1.5414E-04       2.3191E-04       1.5008E-05       1.7111E-05       6.5778E-04       1.2535E-08       1.0343E-03       2.0000E-04       2.0000E-04
       2.1650E+00      -1.1737E-05       3.3456E-05       1.5434E-04       2.3221E-04       1.5026E-05       1.7111E-05       6.5676E-04       1.2535E-08       1.0343E-03       2.0000E-04       2.0000E-04
       2.1750E+00      -1.1737E-05       3.3456E-05       1.5454E-04       2.3251E-04       1.5043E-05       1.7111E-05       6.5575E-04       1.2535E-08       1.0343E-03       2.0000E-04       2.0000E-04
       2.1850E+00      -1.1737E-05       3.3457E-05       1.5473E-04       2.3280E-04       1.5061E-05       1.7111E-05       6.5475E-04       1.2535E-08       1.0343E-03       2.0000E-04       2.0000E-04
       2.1950E+00      -1.1738E-05       3.3457E-05       1.5493E-04       2.3309E-04       1.5078E-05       1.7112E-05       6.5376E-04       1.2534E-08       1.0343E-03       2.0000E-04       2.0000E-04
       2.2050E+00      -1.1738E-05       3.3457E-05       1.5512E-04       2.3338E-04       1.5095E-05       1.7112E-05       6.5279E-04       1.2534E-08       1.0343E-03       2.0000E-04       2.0000E-04
       2.2150E+00      -1.1738E-05       3.3458E-05       1.5531E-04       2.3366E-04       1.5112E-05       1.7112E-05       6.5183E-04       1.2534E-08       1.0343E-03       2.0000E-04       2.0000E-04
       2.2250E+00      -1.1739E-05       3.3458E-05       1.5549E-04       2.3394E-04       1.5128E-05       1.7112E-05       6.5088E-04       1.2534E-08       1.0343E-03       2.0000E-04       2.0000E-04
       2.2350E+00      -1.1739E-05       3.3458E-05       1.5568E-04       2.3422E-04       1.5144E-05       1.7112E-05       6.4994E-04       1.2534E-08       1.0343E-03       2.0000E-04       2.0000E-04
       2.2450E+00      -1.1739E-05       3.3458E-05       1.5586E-04       2.3449E-04       1.5160E-05       1.7113E-05       6.4901E-04       1.2534E-08       1.0343E-03       2.0000E-04       2.0000E-04
       2.2550E+00      -1.1740E-05       3.3459E-05       1.5604E-04       2.3476E-04       1.5176E-05       1.7113E-05       6.4810E-04       1.2534E-08       1.0343E-03       2.0000E-04       2.0000E-04
       2.2650E+00      -1.1740E-05       3.3459E-05       1.5622E-04       2.3502E-04       1.5192E-05       1.7113E-05       6.4720E-04       1.2533E-08       1.0343E-03       2.0000E-04       2.0000E-04
       2.2750E+00      -1.1740E-05       3.3459E-05       1.5639E-04       2.3528E-04       1.5207E-05       1.7113E-05       6.4631E-04       1.2533E-08       1.0343E-03       2.0000E-04       2.0000E-04
       2.2850E+00      -1.1740E-05       3.3460E-05       1.5656E-04       2.3554E-04       1.5223E-05       1.7113E-05       6.4544E-04       1.2533E-08       1.0343E-03       2.0000E-04       2.0000E-04
       2.2950E+00      -1.1741E-05       3.3460E-05       1.5673E-04       2.3580E-04       1.5237E-05       1.7114E-05       6.4458E-04       1.2533E-08       1.0343E-03       2.0000E-04       2.0000E-04
       2.3050E+00      -1.1741E-05       3.3460E-05       1.5690E-04       2.3605E-04       1.5252E-05       1.7114E-05       6.4373E-04       1.2533E-08       1.0343E-03       2.0000E-04       2.0000E-04
       2.3150E+00      -1.1741E-05       3.3460E-05       1.5707E-04       2.3629E-04       1.5267E-05       1.7114E-05       6.4289E-04       1.2533E-08       1.0343E-03       2.0000E-04       2.0000E-04
       2.3250E+00      -1.1742E-05       3.3461E-05       1.5723E-04       2.3654E-04       1.5281E-05       1.7114E-05       6.4206E-04       1.2533E-08       1.0343E-03       2.0000E-04       2.0000E-04
       2.3350E+00      -1.1742E-05       3.3461E-05       1.5739E-04       2.3678E-04       1.5295E-05       1.7114E-05       6.4125E-04       1.2532E-08       1.0343E-03       2.0000E-04       2.0000E-04
       2.3450E+00      -1.1742E-05       3.3461E-05       1.5755E-04       2.3701E-04       1.5309E-05       1.7115E-05       6.4045E-04       1.2532E-08       1.0343E-03       2.0000E-04       2.0000E-04
       2.3550E+00      -1.1743E-05       3.3462E-05       1.5770E-04       2.3724E-04       1.5322E-05       1.7115E-05       6.3966E-04       1.2532E-08       1.0343E-03       2.0000E-04       2.0000E-04
       2.3650E+00      -1.1743E-05       3.3462E-05       1.5785E-04       2.3747E-04       1.5336E-05       1.7115E-05       6.3889E-04       1.2532E-08       1.0343E-03       2.0000E-04       2.0000E-04
       2.3750E+00      -1.1743E-05       3.3462E-05       1.5800E-04       2.3770E-04       1.5349E-05       1.7115E-05       6.3813E-04       1.2532E-08       1.0343E-03       2.0000E-04       2.0000E-04
       2.3850E+00      -1.1744E-05       3.3463E-05       1.5815E-04       2.3792E-04       1.5362E-05       1.7115E-05       6.3738E-04       1.2532E-08       1.0343E-03       2.0000E-04       2.0000E-04
       2.3950E+00      -1.1744E-05       3.3463E-05       1.5830E-04       2.3813E-04       1.5375E-05       1.7116E-05       6.3664E-04       1.2532E-08       1.0343E-03       2.0000E-04       2.0000E-04
       2.4050E+00      -1.1744E-05       3.3463E-05       1.5844E-04       2.3835E-04       1.5387E-05       1.7116E-05       6.3592E-04       1.2531E-08       1.0343E-03       2.0000E-04       2.0000E-04
       2.4150E+00      -1.1744E-05       3.3463E-05       1.5858E-04       2.3856E-04       1.5399E-05       1.7116E-05       6.3521E-04       1.2531E-08       1.0343E-03       2.0000E-04       2.0000E-04
       2.4250E+00      -1.1745E-05       3.3464E-05       1.5872E-04       2.3876E-04       1.5411E-05       1.7116E-05       6.3451E-04       1.2531E-08       1.0343E-03       2.0000E-04       2.0000E-04
       2.4350E+00      -1.1745E-05       3.3464E-05       1.5885E-04       2.3896E-04       1.5423E-05       1.7116E-05       6.3382E-04       1.2531E-08       1.0343E-03       2.0000E-04       2.0000E-04
       2.4450E+00      -1.1745E-05       3.3464E-05       1.5898E-04       2.3916E-04       1.5435E-05       1.7117E-05       6.3315E-04       1.2531E-08       1.0343E-03       2.0000E-04       2.0000E-04
       2.4550E+00      -1.1746E-05       3.3465E-05       1.5911E-04       2.3936E-04       1.5446E-05       1.7117E-05       6.3248E-04       1.2531E-08       1.0343E-03       2.0000E-04       2.0000E-04
       2.4650E+00      -1.1746E-05       3.3465E-05       1.5924E-04       2.3955E-04       1.5458E-05       1.7117E-05       6.3183E-04       1.2530E-08       1.0343E-03       2.0000E-04       2.0000E-04
       2.4750E+00      -1.1746E-05       3.3465E-05       1.5937E-04       2.3974E-04       1.5469E-05       1.7117E-05       6.3119E-04       1.2530E-08       1.0343E-03       2.0000E-04       2.0000E-04
       2.4850E+00      -1.1747E-05       3.3465E-05       1.5949E-04       2.3992E-04       1.5479E-05       1.7117E-05       6.3057E-04       1.2530E-08       1.0343E-03       2.0000E-04       2.0000E-04
       2.4950E+00      -1.1747E-05       3.3466E-05       1.5961E-04       2.4010E-04       1.5490E-05       1.7118E-05       6.2995E-04       1.2530E-08       1.0343E-03       2.0000E-04       2.0000E-04
       2.5050E+00      -1.1747E-05       3.3466E-05       1.5973E-04       2.4028E-04       1.5500E-05       1.7118E-05       6.2935E-04       1.2530E-08       1.0343E-03       2.0000E-04       2.0000E-04
       2.5150E+00      -1.1747E-05       3.3466E-05       1.5985E-04       2.4046E-04       1.5510E-05       1.7118E-05       6.2876E-04       1.2530E-08       1.0343E-03       2.0000E-04       2.0000E-04
       2.5250E+00      -1.1748E-05       3.3467E-05       1.5996E-04       2.4063E-04       1.5520E-05       1.7118E-05       6.2818E-04       1.2529E-08       1.0343E-03       2.0000E-04       2.0000E-04
       2.5350E+00      -1.1748E-05       3.3467E-05       1.6007E-04       2.4079E-04       1.5530E-05       1.7118E-05       6.2761E-04       1.2529E-08       1.0343E-03       2.0000E-04       2.0000E-04
       2.5450E+00      -1.1748E-05       3.3467E-05       1.6018E-04       2.4096E-04       1.5540E-05       1.7119E-05       6.2706E-04       1.2529E-08       1.0343E-03       2.0000E-04       2.0000E-04
       2.5550E+00      -1.1749E-05       3.3467E-05       1.6029E-04       2.4112E-04       1.5549E-05       1.7119E-05       6.2651E-04       1.2529E-08       1.0343E-03       2.0000E-04       2.0000E-04
       2.5650E+00      -1.1749E-05       3.3468E-05       1.6039E-04       2.4128E-04       1.5558E-05       1.7119E-05       6.2598E-04       1.2529E-08       1.0343E-03       2.0000E-04       2.0000E-04
       2.5750E+00      -1.1749E-05       3.3468E-05       1.6050E-04       2.4143E-04       1.5567E-05       1.7119E-05       6.2546E-04       1.2529E-08       1.0343E-03       2.0000E-04       2.0000E-04
       2.5850E+00      -1.1749E-05       3.3468E-05       1.6060E-04       2.4158E-04       1.5576E-05       1.7119E-05       6.2494E-04       1.2528E-08       1.0343E-03       2.0000E-04       2.0000E-04
       2.5950E+00      -1.1750E-05       3.3469E-05       1.6070E-04       2.4173E-04       1.5584E-05       1.7120E-05       6.2444E-04       1.2528E-08       1.0343E-03       2.0000E-04       2.0000E-04
       2.6050E+00      -1.1750E-05       3.3469E-05       1.6079E-04       2.4187E-04       1.5593E-05       1.7120E-05       6.2395E-04       1.2528E-08       1.0343E-03       2.0000E-04       2.0000E-04
       2.6150E+00      -1.1750E-05       3.3469E-05       1.6089E-04       2.4201E-04       1.5601E-05       1.7120E-05       6.2347E-04       1.2528E-08       1.0343E-03       2.0000E-04       2.0000E-04
       2.6250E+00      -1.1751E-05       3.3469E-05       1.6098E-04       2.4215E-04       1.5609E-05       1.7120E-05       6.2301E-04       1.2528E-08       1.0343E-03       2.0000E-04       2.0000E-04
       2.6350E+00      -1.1751E-05       3.3470E-05       1.6107E-04       2.4229E-04       1.5617E-05       1.7120E-05       6.2255E-04       1.2528E-08       1.0343E-03       2.0000E-04       2.0000E-04
       2.6450E+00      -1.1751E-05       3.3470E-05       1.6116E-04       2.4242E-04       1.5625E-05       1.7121E-05       6.2210E-04       1.2527E-08       1.0343E-03       2.0000E-04       2.0000E-04
       2.6550E+00      -1.1752E-05       3.3470E-05       1.6124E-04       2.4255E-04       1.5632E-05       1.7121E-05       6.2166E-04       1.2527E-08       1.0343E-03       2.0000E-04       2.0000E-04
       2.6650E+00      -1.1752E-05       3.3470E-05       1.6133E-04       2.4267E-04       1.5639E-05       1.7121E-05       6.2123E-04       1.2527E-08       1.0343E-03       2.0000E-04       2.0000E-04
       2.6750E+00      -1.1752E-05       3.3471E-05       1.6141E-04       2.4280E-04       1.5647E-05       1.7121E-05       6.2082E-04       1.2527E-08       1.0343E-03       2.0000E-04       2.0000E-04
       2.6850E+00      -1.1752E-05       3.3471E-05       1.6149E-04       2.4292E-04       1.5654E-05       1.7121E-05       6.2041E-04       1.2527E-08       1.0343E-03       2.0000E-04       2.0000E-04
       2.6950E+00      -1.1753E-05       3.3471E-05       1.6157E-04       2.4303E-04       1.5660E-05       1.7122E-05       6.2001E-04       1.2527E-08       1.0343E-03       2.0000E-04       2.0000E-04
       2.7050E+00      -1.1753E-05       3.3472E-05       1.6165E-04       2.4315E-04       1.5667E-05       1.7122E-05       6.1962E-04       1.2526E-08       1.0343E-03       2.0000E-04       2.0000E-04
       2.7150E+00      -1.1753E-05       3.3472E-05       1.6172E-04       2.4326E-04       1.5674E-05       1.7122E-05       6.1924E-04       1.2526E-08       1.0343E-03       2.0000E-04       2.0000E-04
       2.7250E+00      -1.1754E-05       3.3472E-05       1.6179E-04       2.4337E-04       1.5680E-05       1.7122E-05       6.1887E-04       1.2526E-08       1.0343E-03       2.0000E-04       2.0000E-04
       2.7350E+00      -1.1754E-05       3.3472E-05       1.6186E-04       2.4348E-04       1.5686E-05       1.7122E-05       6.1851E-04       1.2526E-08       1.0343E-03       2.0000E-04       1.9999E-04
       2.7450E+00      -1.1754E-05       3.3473E-05       1.6193E-04       2.4358E-04       1.5692E-05       1.7122E-05       6.1816E-04       1.2526E-08       1.0343E-03       2.0000E-04       1.9999E-04
       2.7550E+00      -1.1754E-05       3.3473E-05       1.6200E-04       2.4368E-04       1.5698E-05       1.7123E-05       6.1782E-04       1.2525E-08       1.0343E-03       2.0000E-04       1.9999E-04
       2.7650E+00      -1.1755E-05       3.3473E-05       1.6207E-04       2.4378E-04       1.5704E-05       1.7123E-05       6.1748E-04       1.2525E-08       1.0343E-03       2.0000E-04       1.9999E-04
       2.7750E+00      -1.1755E-05       3.3473E-05       1.6213E-04       2.4387E-04       1.5709E-05       1.7123E-05       6.1716E-04       1.2525E-08       1.0343E-03       2.0000E-04       1.9999E-04
       2.7850E+00      -1.1755E-05       3.3474E-05       1.6219E-04       2.4397E-04       1.5715E-05       1.7123E-05       6.1684E-04       1.2525E-08       1.0343E-03       2.0000E-04       1.9999E-04
       2.7950E+00      -1.1756E-05       3.3474E-05       1.6226E-04       2.4406E-04       1.5720E-05       1.7123E-05       6.1653E-04       1.2525E-08       1.0343E-03       2.0000E-04       1.9999E-04
       2.8050E+00      -1.1756E-05       3.3474E-05       1.6231E-04       2.4415E-04       1.5725E-05       1.7124E-05       6.1623E-04       1.2525E-08       1.0343E-03       2.0000E-04       1.9999E-04
       2.8150E+00      -1.1756E-05       3.3475E-05       1.6237E-04       2.4423E-04       1.5730E-05       1.7124E-05       6.1594E-04       1.2524E-08       1.0343E-03       2.0000E-04       1.9999E-04
       2.8250E+00      -1.1756E-05       3.3475E-05       1.6243E-04       2.4432E-04       1.5735E-05       1.7124E-05       6.1565E-04       1.2524E-08       1.0343E-03       2.0000E-04       1.9999E-04
       2.8350E+00      -1.1757E-05       3.3475E-05       1.6248E-04       2.4440E-04       1.5740E-05       1.7124E-05       6.1537E-04       1.2524E-08       1.0343E-03       2.0000E-04       1.9999E-04
       2.8450E+00      -1.1757E-05       3.3475E-05       1.6254E-04       2.4448E-04       1.5744E-05       1.7124E-05       6.1510E-04       1.2524E-08       1.0343E-03       2.0000E-04       1.9999E-04
       2.8550E+00      -1.1757E-05       3.3476E-05       1.6259E-04       2.4456E-04       1.5749E-05       1.7124E-05       6.1484E-04       1.2524E-08       1.0343E-03       2.0000E-04       1.9999E-04
       2.8650E+00      -1.1758E-05       3.3476E-05       1.6264E-04       2.4463E-04       1.5753E-05       1.7125E-05       6.1459E-04       1.2524E-08       1.0343E-03       1.9999E-04       1.9999E-04
       2.8750E+00      -1.1758E-05       3.3476E-05       1.6269E-04       2.4471E-04       1.5758E-05       1.7125E-05       6.1434E-04       1.2523E-08       1.0343E-03       1.9999E-04       1.9999E-04
       2.8850E+00      -1.1758E-05       3.3476E-05       1.6273E-04       2.4478E-04       1.5762E-05       1.7125E-05       6.1410E-04       1.2523E-08       1.0343E-03       1.9999E-04       1.9999E-04
       2.8950E+00      -1.1758E-05       3.3477E-05       1.6278E-04       2.4484E-04       1.5766E-05       1.7125E-05       6.1386E-04       1.2523E-08       1.0343E-03       1.9999E-04       1.9999E-04
       2.9050E+00      -1.1759E-05       3.3477E-05       1.6282E-04       2.4491E-04       1.5769E-05       1.7125E-05       6.1364E-04       1.2523E-08       1.0343E-03       1.9999E-04       1.9999E-04
       2.9150E+00      -1.1759E-05       3.3477E-05       1.6287E-04       2.4497E-04       1.5773E-05       1.7125E-05       6.1342E-04       1.2523E-08       1.0343E-03       1.9999E-04       1.9999E-04
       2.9250E+00      -1.1759E-05       3.3477E-05       1.6291E-04       2.4504E-04       1.5777E-05       1.7126E-05       6.1321E-04       1.2523E-08       1.0343E-03       1.9999E-04       1.9999E-04
       2.9350E+00      -1.1759E-05       3.3478E-05       1.6295E-04       2.4509E-04       1.5780E-05       1.7126E-05       6.1302E-04       1.2522E-08       1.0343E-03       1.9999E-04       1.9999E-04
       2.9450E+00      -1.1760E-05       3.3478E-05       1.6298E-04       2.4515E-04       1.5783E-05       1.7126E-05       6.1283E-04       1.2522E-08       1.0343E-03       1.9999E-04       1.9999E-04
       2.9550E+00      -1.1760E-05       3.3478E-05       1.6302E-04       2.4520E-04       1.5786E-05       1.7126E-05       6.1265E-04       1.2522E-08       1.0343E-03       1.9999E-04       1.9998E-04
       2.9650E+00      -1.1760E-05       3.3478E-05       1.6305E-04       2.4525E-04       1.5789E-05       1.7126E-05       6.1250E-04       1.2522E-08       1.0343E-03       1.9999E-04       1.9998E-04
       2.9750E+00      -1.1760E-05       3.3478E-05       1.6308E-04       2.4529E-04       1.5791E-05       1.7126E-05       6.1236E-04       1.2522E-08       1.0343E-03       1.9999E-04       1.9998E-04
       2.9850E+00      -1.1760E-05       3.3478E-05       1.6310E-04       2.4532E-04       1.5793E-05       1.7126E-05       6.1226E-04       1.2522E-08       1.0343E-03       1.9999E-04       1.9998E-04
       2.9950E+00      -1.1760E-05       3.3479E-05       1.6311E-04       2.4533E-04       1.5794E-05       1.7126E-05       6.1220E-04       1.2522E-08       1.0343E-03       1.9999E-04       1.9998E-04
