# Time          2.5000E+01
# Units: Mol/kgw
    Distance           H+               CO2(aq)          Mg++             Ca++             K+               SiO2(aq)         Na+              Al+++            Cl-              NO3-             Tracer       
       5.0000E-03       1.0891E-05       1.6197E-05       1.2001E-04       1.8021E-04       2.0000E-05       1.1461E-06       8.0023E-04       8.9208E-07       1.0343E-03       2.0000E-04       2.0000E-04
       1.5000E-02       7.9480E-06       1.6800E-05       1.2003E-04       1.8056E-04       2.0000E-05       2.5112E-06       8.0061E-04       1.4891E-06       1.0343E-03       2.0000E-04       2.0000E-04
       2.5000E-02       5.9381E-06       1.7386E-05       1.2006E-04       1.8090E-04       2.0000E-05       3.5652E-06       8.0099E-04       1.7751E-06       1.0343E-03       2.0000E-04       2.0000E-04
       3.5000E-02       4.8178E-06       1.7924E-05       1.2011E-04       1.8122E-04       2.0000E-05       4.3226E-06       8.0138E-04       1.7645E-06       1.0343E-03       2.0000E-04       2.0000E-04
       4.5000E-02       4.2270E-06       1.8420E-05       1.2016E-04       1.8152E-04       1.9999E-05       4.9035E-06       8.0176E-04       1.5775E-06       1.0343E-03       2.0000E-04       2.0000E-04
       5.5000E-02       3.8322E-06       1.8894E-05       1.2023E-04       1.8181E-04       1.9999E-05       5.4190E-06       8.0214E-04       1.3252E-06       1.0343E-03       2.0000E-04       2.0000E-04
       6.5000E-02       3.4525E-06       1.9364E-05       1.2031E-04       1.8208E-04       1.9999E-05       5.9293E-06       8.0253E-04       1.0680E-06       1.0343E-03       2.0000E-04       2.0000E-04
       7.5000E-02       3.0081E-06       1.9843E-05       1.2041E-04       1.8234E-04       1.9998E-05       6.4611E-06       8.0291E-04       8.3254E-07       1.0343E-03       2.0000E-04       2.0000E-04
       8.5000E-02       2.4661E-06       2.0346E-05       1.2051E-04       1.8259E-04       1.9998E-05       7.0251E-06       8.0329E-04       6.2981E-07       1.0343E-03       2.0000E-04       2.0000E-04
       9.5000E-02       1.8150E-06       2.0888E-05       1.2063E-04       1.8283E-04       1.9997E-05       7.6252E-06       8.0368E-04       4.6378E-07       1.0343E-03       2.0000E-04       2.0000E-04
       1.0500E-01       1.0549E-06       2.1486E-05       1.2076E-04       1.8306E-04       1.9997E-05       8.2612E-06       8.0406E-04       3.3453E-07       1.0343E-03       2.0000E-04       2.0000E-04
       1.1500E-01       1.9546E-07       2.2157E-05       1.2089E-04       1.8329E-04       1.9996E-05       8.9296E-06       8.0444E-04       2.3908E-07       1.0343E-03       2.0000E-04       2.0000E-04
       1.2500E-01      -7.4623E-07       2.2911E-05       1.2102E-04       1.8351E-04       1.9995E-05       9.6245E-06       8.0482E-04       1.7203E-07       1.0343E-03       2.0000E-04       2.0000E-04
       1.3500E-01      -1.7488E-06       2.3752E-05       1.2116E-04       1.8373E-04       1.9994E-05       1.0338E-05       8.0520E-04       1.2670E-07       1.0343E-03       2.0000E-04       2.0000E-04
       1.4500E-01      -2.7911E-06       2.4670E-05       1.2130E-04       1.8394E-04       1.9993E-05       1.1063E-05       8.0557E-04       9.6649E-08       1.0343E-03       2.0000E-04       2.0000E-04
       1.5500E-01      -3.8547E-06       2.5648E-05       1.2144E-04       1.8416E-04       1.9992E-05       1.1792E-05       8.0595E-04       7.6688E-08       1.0343E-03       2.0000E-04       2.0000E-04
       1.6500E-01      -4.9248E-06       2.6664E-05       1.2158E-04       1.8437E-04       1.9990E-05       1.2519E-05       8.0632E-04       6.3199E-08       1.0343E-03       2.0000E-04       2.0000E-04
       1.7500E-01      -5.9887E-06       2.7698E-05       1.2171E-04       1.8457E-04       1.9988E-05       1.3238E-05       8.0668E-04       5.3852E-08       1.0343E-03       2.0000E-04       2.0000E-04
       1.8500E-01      -7.0338E-06       2.8728E-05       1.2185E-04       1.8477E-04       1.9986E-05       1.3941E-05       8.0703E-04       4.7201E-08       1.0343E-03       2.0000E-04       2.0000E-04
       1.9500E-01      -8.0453E-06       2.9734E-05       1.2197E-04       1.8497E-04       1.9984E-05       1.4620E-05       8.0738E-04       4.2359E-08       1.0343E-03       2.0000E-04       2.0000E-04
       2.0500E-01      -9.0043E-06       3.0692E-05       1.2210E-04       1.8515E-04       1.9982E-05       1.5263E-05       8.0770E-04       3.8779E-08       1.0343E-03       2.0000E-04       2.0000E-04
       2.1500E-01      -9.8847E-06       3.1572E-05       1.2221E-04       1.8531E-04       1.9979E-05       1.5853E-05       8.0799E-04       3.6123E-08       1.0343E-03       2.0000E-04       2.0000E-04
       2.2500E-01      -1.0650E-05       3.2335E-05       1.2232E-04       1.8545E-04       1.9977E-05       1.6365E-05       8.0825E-04       3.4188E-08       1.0343E-03       2.0000E-04       2.0000E-04
       2.3500E-01      -1.1247E-05       3.2928E-05       1.2241E-04       1.8555E-04       1.9975E-05       1.6764E-05       8.0845E-04       3.2862E-08       1.0343E-03       2.0000E-04       2.0000E-04
       2.4500E-01      -1.1598E-05       3.3277E-05       1.2248E-04       1.8559E-04       1.9973E-05       1.7000E-05       8.0856E-04       3.1713E-08       1.0343E-03       2.0000E-04       2.0000E-04
       2.5500E-01      -1.1546E-05       3.3272E-05       1.2253E-04       1.8555E-04       1.9971E-05       1.6982E-05       8.0856E-04       1.4178E-08       1.0343E-03       2.0000E-04       2.0000E-04
       2.6500E-01      -1.1542E-05       3.3272E-05       1.2257E-04       1.8550E-04       1.9969E-05       1.6981E-05       8.0856E-04       1.2792E-08       1.0343E-03       2.0000E-04       2.0000E-04
       2.7500E-01      -1.1542E-05       3.3272E-05       1.2261E-04       1.8546E-04       1.9968E-05       1.6981E-05       8.0856E-04       1.2676E-08       1.0343E-03       2.0000E-04       2.0000E-04
       2.8500E-01      -1.1542E-05       3.3273E-05       1.2265E-04       1.8543E-04       1.9966E-05       1.6981E-05       8.0856E-04       1.2666E-08       1.0343E-03       2.0000E-04       2.0000E-04
       2.9500E-01      -1.1543E-05       3.3273E-05       1.2269E-04       1.8539E-04       1.9964E-05       1.6981E-05       8.0856E-04       1.2665E-08       1.0343E-03       2.0000E-04       2.0000E-04
       3.0500E-01      -1.1543E-05       3.3273E-05       1.2272E-04       1.8536E-04       1.9962E-05       1.6982E-05       8.0856E-04       1.2665E-08       1.0343E-03       2.0000E-04       2.0000E-04
       3.1500E-01      -1.1543E-05       3.3274E-05       1.2275E-04       1.8533E-04       1.9960E-05       1.6982E-05       8.0856E-04       1.2665E-08       1.0343E-03       2.0000E-04       2.0000E-04
       3.2500E-01      -1.1544E-05       3.3274E-05       1.2278E-04       1.8531E-04       1.9958E-05       1.6982E-05       8.0856E-04       1.2665E-08       1.0343E-03       2.0000E-04       2.0000E-04
       3.3500E-01      -1.1544E-05       3.3274E-05       1.2280E-04       1.8529E-04       1.9955E-05       1.6982E-05       8.0856E-04       1.2664E-08       1.0343E-03       2.0000E-04       2.0000E-04
       3.4500E-01      -1.1544E-05       3.3274E-05       1.2282E-04       1.8527E-04       1.9953E-05       1.6982E-05       8.0856E-04       1.2664E-08       1.0343E-03       2.0000E-04       2.0000E-04
       3.5500E-01      -1.1545E-05       3.3275E-05       1.2284E-04       1.8525E-04       1.9950E-05       1.6983E-05       8.0856E-04       1.2664E-08       1.0343E-03       2.0000E-04       2.0000E-04
       3.6500E-01      -1.1545E-05       3.3275E-05       1.2285E-04       1.8524E-04       1.9947E-05       1.6983E-05       8.0855E-04       1.2664E-08       1.0343E-03       2.0000E-04       2.0000E-04
       3.7500E-01      -1.1545E-05       3.3275E-05       1.2287E-04       1.8523E-04       1.9944E-05       1.6983E-05       8.0855E-04       1.2663E-08       1.0343E-03       2.0000E-04       2.0000E-04
       3.8500E-01      -1.1545E-05       3.3276E-05       1.2288E-04       1.8522E-04       1.9941E-05       1.6983E-05       8.0855E-04       1.2663E-08       1.0343E-03       2.0000E-04       2.0000E-04
       3.9500E-01      -1.1546E-05       3.3276E-05       1.2289E-04       1.8521E-04       1.9938E-05       1.6983E-05       8.0855E-04       1.2663E-08       1.0343E-03       2.0000E-04       2.0000E-04
       4.0500E-01      -1.1546E-05       3.3276E-05       1.2290E-04       1.8521E-04       1.9934E-05       1.6984E-05       8.0855E-04       1.2663E-08       1.0343E-03       2.0000E-04       2.0000E-04
       4.1500E-01      -1.1546E-05       3.3276E-05       1.2290E-04       1.8520E-04       1.9931E-05       1.6984E-05       8.0855E-04       1.2663E-08       1.0343E-03       2.0000E-04       2.0000E-04
       4.2500E-01      -1.1547E-05       3.3277E-05       1.2291E-04       1.8520E-04       1.9927E-05       1.6984E-05       8.0854E-04       1.2662E-08       1.0343E-03       2.0000E-04       2.0000E-04
       4.3500E-01      -1.1547E-05       3.3277E-05       1.2291E-04       1.8520E-04       1.9923E-05       1.6984E-05       8.0854E-04       1.2662E-08       1.0343E-03       2.0000E-04       2.0000E-04
       4.4500E-01      -1.1547E-05       3.3277E-05       1.2292E-04       1.8520E-04       1.9918E-05       1.6984E-05       8.0854E-04       1.2662E-08       1.0343E-03       2.0000E-04       2.0000E-04
       4.5500E-01      -1.1548E-05       3.3278E-05       1.2292E-04       1.8520E-04       1.9914E-05       1.6985E-05       8.0854E-04       1.2662E-08       1.0343E-03       2.0000E-04       2.0000E-04
       4.6500E-01      -1.1548E-05       3.3278E-05       1.2292E-04       1.8520E-04       1.9909E-05       1.6985E-05       8.0854E-04       1.2661E-08       1.0343E-03       2.0000E-04       2.0000E-04
       4.7500E-01      -1.1548E-05       3.3278E-05       1.2292E-04       1.8520E-04       1.9904E-05       1.6985E-05       8.0853E-04       1.2661E-08       1.0343E-03       2.0000E-04       2.0000E-04
       4.8500E-01      -1.1548E-05       3.3278E-05       1.2293E-04       1.8520E-04       1.9899E-05       1.6985E-05       8.0853E-04       1.2661E-08       1.0343E-03       2.0000E-04       2.0000E-04
       4.9500E-01      -1.1549E-05       3.3279E-05       1.2293E-04       1.8521E-04       1.9893E-05       1.6985E-05       8.0853E-04       1.2661E-08       1.0343E-03       2.0000E-04       2.0000E-04
       5.0500E-01      -1.1549E-05       3.3279E-05       1.2293E-04       1.8521E-04       1.9888E-05       1.6986E-05       8.0853E-04       1.2660E-08       1.0343E-03       2.0000E-04       2.0000E-04
       5.1500E-01      -1.1549E-05       3.3279E-05       1.2293E-04       1.8521E-04       1.9881E-05       1.6986E-05       8.0852E-04       1.2660E-08       1.0343E-03       2.0000E-04       2.0000E-04
       5.2500E-01      -1.1550E-05       3.3280E-05       1.2294E-04       1.8521E-04       1.9875E-05       1.6986E-05       8.0852E-04       1.2660E-08       1.0343E-03       2.0000E-04       2.0000E-04
       5.3500E-01      -1.1550E-05       3.3280E-05       1.2294E-04       1.8522E-04       1.9868E-05       1.6986E-05       8.0852E-04       1.2660E-08       1.0343E-03       2.0000E-04       2.0000E-04
       5.4500E-01      -1.1550E-05       3.3280E-05       1.2294E-04       1.8522E-04       1.9861E-05       1.6986E-05       8.0851E-04       1.2660E-08       1.0343E-03       2.0000E-04       2.0000E-04
       5.5500E-01      -1.1551E-05       3.3280E-05       1.2294E-04       1.8522E-04       1.9854E-05       1.6987E-05       8.0851E-04       1.2659E-08       1.0343E-03       2.0000E-04       2.0000E-04
       5.6500E-01      -1.1551E-05       3.3281E-05       1.2295E-04       1.8523E-04       1.9846E-05       1.6987E-05       8.0850E-04       1.2659E-08       1.0343E-03       2.0000E-04       2.0000E-04
       5.7500E-01      -1.1551E-05       3.3281E-05       1.2295E-04       1.8523E-04       1.9838E-05       1.6987E-05       8.0850E-04       1.2659E-08       1.0343E-03       2.0000E-04       2.0000E-04
       5.8500E-01      -1.1551E-05       3.3281E-05       1.2295E-04       1.8523E-04       1.9829E-05       1.6987E-05       8.0850E-04       1.2659E-08       1.0343E-03       2.0000E-04       2.0000E-04
       5.9500E-01      -1.1552E-05       3.3281E-05       1.2295E-04       1.8524E-04       1.9820E-05       1.6987E-05       8.0849E-04       1.2658E-08       1.0343E-03       2.0000E-04       2.0000E-04
       6.0500E-01      -1.1552E-05       3.3282E-05       1.2296E-04       1.8524E-04       1.9811E-05       1.6988E-05       8.0849E-04       1.2658E-08       1.0343E-03       2.0000E-04       2.0000E-04
       6.1500E-01      -1.1552E-05       3.3282E-05       1.2296E-04       1.8525E-04       1.9801E-05       1.6988E-05       8.0848E-04       1.2658E-08       1.0343E-03       2.0000E-04       2.0000E-04
       6.2500E-01      -1.1553E-05       3.3282E-05       1.2296E-04       1.8525E-04       1.9791E-05       1.6988E-05       8.0847E-04       1.2658E-08       1.0343E-03       2.0000E-04       2.0000E-04
       6.3500E-01      -1.1553E-05       3.3283E-05       1.2297E-04       1.8526E-04       1.9780E-05       1.6988E-05       8.0847E-04       1.2657E-08       1.0343E-03       2.0000E-04       2.0000E-04
       6.4500E-01      -1.1553E-05       3.3283E-05       1.2297E-04       1.8526E-04       1.9768E-05       1.6988E-05       8.0846E-04       1.2657E-08       1.0343E-03       2.0000E-04       2.0000E-04
       6.5500E-01      -1.1554E-05       3.3283E-05       1.2297E-04       1.8527E-04       1.9757E-05       1.6989E-05       8.0846E-04       1.2657E-08       1.0343E-03       2.0000E-04       2.0000E-04
       6.6500E-01      -1.1554E-05       3.3283E-05       1.2298E-04       1.8527E-04       1.9744E-05       1.6989E-05       8.0845E-04       1.2657E-08       1.0343E-03       2.0000E-04       2.0000E-04
       6.7500E-01      -1.1554E-05       3.3284E-05       1.2298E-04       1.8528E-04       1.9731E-05       1.6989E-05       8.0844E-04       1.2657E-08       1.0343E-03       2.0000E-04       2.0000E-04
       6.8500E-01      -1.1554E-05       3.3284E-05       1.2299E-04       1.8529E-04       1.9718E-05       1.6989E-05       8.0844E-04       1.2656E-08       1.0343E-03       2.0000E-04       2.0000E-04
       6.9500E-01      -1.1555E-05       3.3284E-05       1.2299E-04       1.8529E-04       1.9704E-05       1.6989E-05       8.0843E-04       1.2656E-08       1.0343E-03       2.0000E-04       2.0000E-04
       7.0500E-01      -1.1555E-05       3.3285E-05       1.2299E-04       1.8530E-04       1.9689E-05       1.6990E-05       8.0842E-04       1.2656E-08       1.0343E-03       2.0000E-04       2.0000E-04
       7.1500E-01      -1.1555E-05       3.3285E-05       1.2300E-04       1.8531E-04       1.9674E-05       1.6990E-05       8.0841E-04       1.2656E-08       1.0343E-03       2.0000E-04       2.0000E-04
       7.2500E-01      -1.1556E-05       3.3285E-05       1.2300E-04       1.8531E-04       1.9658E-05       1.6990E-05       8.0840E-04       1.2655E-08       1.0343E-03       2.0000E-04       2.0000E-04
       7.3500E-01      -1.1556E-05       3.3285E-05       1.2301E-04       1.8532E-04       1.9641E-05       1.6990E-05       8.0839E-04       1.2655E-08       1.0343E-03       2.0000E-04       2.0000E-04
       7.4500E-01      -1.1556E-05       3.3286E-05       1.2301E-04       1.8533E-04       1.9624E-05       1.6990E-05       8.0839E-04       1.2655E-08       1.0343E-03       2.0000E-04       2.0000E-04
       7.5500E-01      -1.1557E-05       3.3286E-05       1.2302E-04       1.8534E-04       1.9606E-05       1.6991E-05       8.0838E-04       1.2655E-08       1.0343E-03       2.0000E-04       2.0000E-04
       7.6500E-01      -1.1557E-05       3.3286E-05       1.2303E-04       1.8535E-04       1.9587E-05       1.6991E-05       8.0836E-04       1.2655E-08       1.0343E-03       2.0000E-04       2.0000E-04
       7.7500E-01      -1.1557E-05       3.3287E-05       1.2303E-04       1.8536E-04       1.9568E-05       1.6991E-05       8.0835E-04       1.2654E-08       1.0343E-03       2.0000E-04       2.0000E-04
       7.8500E-01      -1.1557E-05       3.3287E-05       1.2304E-04       1.8537E-04       1.9548E-05       1.6991E-05       8.0834E-04       1.2654E-08       1.0343E-03       2.0000E-04       2.0000E-04
       7.9500E-01      -1.1558E-05       3.3287E-05       1.2305E-04       1.8538E-04       1.9527E-05       1.6991E-05       8.0833E-04       1.2654E-08       1.0343E-03       2.0000E-04       2.0000E-04
       8.0500E-01      -1.1558E-05       3.3287E-05       1.2305E-04       1.8539E-04       1.9505E-05       1.6992E-05       8.0832E-04       1.2654E-08       1.0343E-03       2.0000E-04       2.0000E-04
       8.1500E-01      -1.1558E-05       3.3288E-05       1.2306E-04       1.8540E-04       1.9482E-05       1.6992E-05       8.0831E-04       1.2653E-08       1.0343E-03       2.0000E-04       2.0000E-04
       8.2500E-01      -1.1559E-05       3.3288E-05       1.2307E-04       1.8541E-04       1.9459E-05       1.6992E-05       8.0829E-04       1.2653E-08       1.0343E-03       2.0000E-04       2.0000E-04
       8.3500E-01      -1.1559E-05       3.3288E-05       1.2307E-04       1.8542E-04       1.9434E-05       1.6992E-05       8.0828E-04       1.2653E-08       1.0343E-03       2.0000E-04       2.0000E-04
       8.4500E-01      -1.1559E-05       3.3288E-05       1.2308E-04       1.8543E-04       1.9409E-05       1.6992E-05       8.0826E-04       1.2653E-08       1.0343E-03       2.0000E-04       2.0000E-04
       8.5500E-01      -1.1560E-05       3.3289E-05       1.2309E-04       1.8544E-04       1.9383E-05       1.6993E-05       8.0825E-04       1.2652E-08       1.0343E-03       2.0000E-04       2.0000E-04
       8.6500E-01      -1.1560E-05       3.3289E-05       1.2310E-04       1.8546E-04       1.9356E-05       1.6993E-05       8.0823E-04       1.2652E-08       1.0343E-03       2.0000E-04       2.0000E-04
       8.7500E-01      -1.1560E-05       3.3289E-05       1.2311E-04       1.8547E-04       1.9328E-05       1.6993E-05       8.0822E-04       1.2652E-08       1.0343E-03       2.0000E-04       2.0000E-04
       8.8500E-01      -1.1560E-05       3.3290E-05       1.2312E-04       1.8548E-04       1.9299E-05       1.6993E-05       8.0820E-04       1.2652E-08       1.0343E-03       2.0000E-04       2.0000E-04
       8.9500E-01      -1.1561E-05       3.3290E-05       1.2313E-04       1.8550E-04       1.9270E-05       1.6993E-05       8.0818E-04       1.2652E-08       1.0343E-03       2.0000E-04       2.0000E-04
       9.0500E-01      -1.1561E-05       3.3290E-05       1.2314E-04       1.8551E-04       1.9239E-05       1.6994E-05       8.0816E-04       1.2651E-08       1.0343E-03       2.0000E-04       2.0000E-04
       9.1500E-01      -1.1561E-05       3.3290E-05       1.2315E-04       1.8553E-04       1.9207E-05       1.6994E-05       8.0814E-04       1.2651E-08       1.0343E-03       2.0000E-04       2.0000E-04
       9.2500E-01      -1.1562E-05       3.3291E-05       1.2316E-04       1.8555E-04       1.9175E-05       1.6994E-05       8.0812E-04       1.2651E-08       1.0343E-03       2.0000E-04       2.0000E-04
       9.3500E-01      -1.1562E-05       3.3291E-05       1.2317E-04       1.8556E-04       1.9141E-05       1.6994E-05       8.0810E-04       1.2651E-08       1.0343E-03       2.0000E-04       2.0000E-04
       9.4500E-01      -1.1562E-05       3.3291E-05       1.2318E-04       1.8558E-04       1.9106E-05       1.6994E-05       8.0808E-04       1.2650E-08       1.0343E-03       2.0000E-04       2.0000E-04
       9.5500E-01      -1.1563E-05       3.3292E-05       1.2319E-04       1.8560E-04       1.9070E-05       1.6995E-05       8.0806E-04       1.2650E-08       1.0343E-03       2.0000E-04       2.0000E-04
       9.6500E-01      -1.1563E-05       3.3292E-05       1.2321E-04       1.8561E-04       1.9034E-05       1.6995E-05       8.0803E-04       1.2650E-08       1.0343E-03       2.0000E-04       2.0000E-04
       9.7500E-01      -1.1563E-05       3.3292E-05       1.2322E-04       1.8563E-04       1.8996E-05       1.6995E-05       8.0801E-04       1.2650E-08       1.0343E-03       2.0000E-04       2.0000E-04
       9.8500E-01      -1.1563E-05       3.3292E-05       1.2323E-04       1.8565E-04       1.8957E-05       1.6995E-05       8.0798E-04       1.2650E-08       1.0343E-03       2.0000E-04       2.0000E-04
       9.9500E-01      -1.1564E-05       3.3293E-05       1.2324E-04       1.8567E-04       1.8917E-05       1.6995E-05       8.0796E-04       1.2649E-08       1.0343E-03       2.0000E-04       2.0000E-04
       1.0050E+00      -1.1564E-05       3.3293E-05       1.2326E-04       1.8569E-04       1.8876E-05       1.6996E-05       8.0793E-04       1.2649E-08       1.0343E-03       2.0000E-04       2.0000E-04
       1.0150E+00      -1.1564E-05       3.3293E-05       1.2327E-04       1.8571E-04       1.8835E-05       1.6996E-05       8.0790E-04       1.2649E-08       1.0343E-03       2.0000E-04       2.0000E-04
       1.0250E+00      -1.1565E-05       3.3294E-05       1.2329E-04       1.8573E-04       1.8792E-05       1.6996E-05       8.0787E-04       1.2649E-08       1.0343E-03       2.0000E-04       2.0000E-04
       1.0350E+00      -1.1565E-05       3.3294E-05       1.2330E-04       1.8576E-04       1.8748E-05       1.6996E-05       8.0784E-04       1.2648E-08       1.0343E-03       2.0000E-04       2.0000E-04
       1.0450E+00      -1.1565E-05       3.3294E-05       1.2332E-04       1.8578E-04       1.8702E-05       1.6996E-05       8.0781E-04       1.2648E-08       1.0343E-03       2.0000E-04       2.0000E-04
       1.0550E+00      -1.1566E-05       3.3294E-05       1.2333E-04       1.8580E-04       1.8656E-05       1.6997E-05       8.0778E-04       1.2648E-08       1.0343E-03       2.0000E-04       2.0000E-04
       1.0650E+00      -1.1566E-05       3.3295E-05       1.2335E-04       1.8583E-04       1.8609E-05       1.6997E-05       8.0775E-04       1.2648E-08       1.0343E-03       2.0000E-04       2.0000E-04
       1.0750E+00      -1.1566E-05       3.3295E-05       1.2337E-04       1.8585E-04       1.8561E-05       1.6997E-05       8.0771E-04       1.2648E-08       1.0343E-03       2.0000E-04       2.0000E-04
       1.0850E+00      -1.1566E-05       3.3295E-05       1.2338E-04       1.8588E-04       1.8512E-05       1.6997E-05       8.0768E-04       1.2647E-08       1.0343E-03       2.0000E-04       2.0000E-04
       1.0950E+00      -1.1567E-05       3.3296E-05       1.2340E-04       1.8590E-04       1.8462E-05       1.6997E-05       8.0764E-04       1.2647E-08       1.0343E-03       2.0000E-04       2.0000E-04
       1.1050E+00      -1.1567E-05       3.3296E-05       1.2342E-04       1.8593E-04       1.8410E-05       1.6998E-05       8.0760E-04       1.2647E-08       1.0343E-03       2.0000E-04       2.0000E-04
       1.1150E+00      -1.1567E-05       3.3296E-05       1.2344E-04       1.8596E-04       1.8358E-05       1.6998E-05       8.0756E-04       1.2647E-08       1.0343E-03       2.0000E-04       2.0000E-04
       1.1250E+00      -1.1568E-05       3.3296E-05       1.2346E-04       1.8599E-04       1.8305E-05       1.6998E-05       8.0752E-04       1.2647E-08       1.0343E-03       2.0000E-04       2.0000E-04
       1.1350E+00      -1.1568E-05       3.3297E-05       1.2347E-04       1.8602E-04       1.8251E-05       1.6998E-05       8.0748E-04       1.2646E-08       1.0343E-03       2.0000E-04       2.0000E-04
       1.1450E+00      -1.1568E-05       3.3297E-05       1.2349E-04       1.8605E-04       1.8196E-05       1.6998E-05       8.0744E-04       1.2646E-08       1.0343E-03       2.0000E-04       2.0000E-04
       1.1550E+00      -1.1569E-05       3.3297E-05       1.2351E-04       1.8608E-04       1.8139E-05       1.6999E-05       8.0739E-04       1.2646E-08       1.0343E-03       2.0000E-04       2.0000E-04
       1.1650E+00      -1.1569E-05       3.3297E-05       1.2354E-04       1.8611E-04       1.8082E-05       1.6999E-05       8.0735E-04       1.2646E-08       1.0343E-03       2.0000E-04       2.0000E-04
       1.1750E+00      -1.1569E-05       3.3298E-05       1.2356E-04       1.8614E-04       1.8025E-05       1.6999E-05       8.0730E-04       1.2645E-08       1.0343E-03       2.0000E-04       2.0000E-04
       1.1850E+00      -1.1569E-05       3.3298E-05       1.2358E-04       1.8617E-04       1.7966E-05       1.6999E-05       8.0725E-04       1.2645E-08       1.0343E-03       2.0000E-04       2.0000E-04
       1.1950E+00      -1.1570E-05       3.3298E-05       1.2360E-04       1.8620E-04       1.7906E-05       1.6999E-05       8.0720E-04       1.2645E-08       1.0343E-03       2.0000E-04       2.0000E-04
       1.2050E+00      -1.1570E-05       3.3299E-05       1.2362E-04       1.8624E-04       1.7846E-05       1.7000E-05       8.0715E-04       1.2645E-08       1.0343E-03       2.0000E-04       2.0000E-04
       1.2150E+00      -1.1570E-05       3.3299E-05       1.2365E-04       1.8627E-04       1.7785E-05       1.7000E-05       8.0709E-04       1.2645E-08       1.0343E-03       2.0000E-04       2.0000E-04
       1.2250E+00      -1.1571E-05       3.3299E-05       1.2367E-04       1.8631E-04       1.7723E-05       1.7000E-05       8.0704E-04       1.2644E-08       1.0343E-03       2.0000E-04       2.0000E-04
       1.2350E+00      -1.1571E-05       3.3299E-05       1.2369E-04       1.8634E-04       1.7660E-05       1.7000E-05       8.0698E-04       1.2644E-08       1.0343E-03       2.0000E-04       2.0000E-04
       1.2450E+00      -1.1571E-05       3.3300E-05       1.2372E-04       1.8638E-04       1.7596E-05       1.7000E-05       8.0692E-04       1.2644E-08       1.0343E-03       2.0000E-04       2.0000E-04
       1.2550E+00      -1.1572E-05       3.3300E-05       1.2374E-04       1.8642E-04       1.7532E-05       1.7001E-05       8.0686E-04       1.2644E-08       1.0343E-03       2.0000E-04       2.0000E-04
       1.2650E+00      -1.1572E-05       3.3300E-05       1.2377E-04       1.8646E-04       1.7467E-05       1.7001E-05       8.0680E-04       1.2643E-08       1.0343E-03       2.0000E-04       2.0000E-04
       1.2750E+00      -1.1572E-05       3.3301E-05       1.2380E-04       1.8650E-04       1.7402E-05       1.7001E-05       8.0673E-04       1.2643E-08       1.0343E-03       2.0000E-04       2.0000E-04
       1.2850E+00      -1.1572E-05       3.3301E-05       1.2382E-04       1.8654E-04       1.7336E-05       1.7001E-05       8.0666E-04       1.2643E-08       1.0343E-03       2.0000E-04       2.0000E-04
       1.2950E+00      -1.1573E-05       3.3301E-05       1.2385E-04       1.8658E-04       1.7269E-05       1.7001E-05       8.0659E-04       1.2643E-08       1.0343E-03       2.0000E-04       2.0000E-04
       1.3050E+00      -1.1573E-05       3.3301E-05       1.2388E-04       1.8662E-04       1.7202E-05       1.7002E-05       8.0652E-04       1.2643E-08       1.0343E-03       2.0000E-04       2.0000E-04
       1.3150E+00      -1.1573E-05       3.3302E-05       1.2391E-04       1.8666E-04       1.7135E-05       1.7002E-05       8.0645E-04       1.2642E-08       1.0343E-03       2.0000E-04       2.0000E-04
       1.3250E+00      -1.1574E-05       3.3302E-05       1.2394E-04       1.8670E-04       1.7067E-05       1.7002E-05       8.0638E-04       1.2642E-08       1.0343E-03       2.0000E-04       2.0000E-04
       1.3350E+00      -1.1574E-05       3.3302E-05       1.2396E-04       1.8675E-04       1.6999E-05       1.7002E-05       8.0630E-04       1.2642E-08       1.0343E-03       2.0000E-04       2.0000E-04
       1.3450E+00      -1.1574E-05       3.3303E-05       1.2399E-04       1.8679E-04       1.6930E-05       1.7002E-05       8.0622E-04       1.2642E-08       1.0343E-03       2.0000E-04       2.0000E-04
       1.3550E+00      -1.1574E-05       3.3303E-05       1.2402E-04       1.8684E-04       1.6861E-05       1.7003E-05       8.0614E-04       1.2642E-08       1.0343E-03       2.0000E-04       2.0000E-04
       1.3650E+00      -1.1575E-05       3.3303E-05       1.2406E-04       1.8688E-04       1.6792E-05       1.7003E-05       8.0605E-04       1.2641E-08       1.0343E-03       2.0000E-04       2.0000E-04
       1.3750E+00      -1.1575E-05       3.3303E-05       1.2409E-04       1.8693E-04       1.6722E-05       1.7003E-05       8.0597E-04       1.2641E-08       1.0343E-03       2.0000E-04       2.0000E-04
       1.3850E+00      -1.1575E-05       3.3304E-05       1.2412E-04       1.8698E-04       1.6652E-05       1.7003E-05       8.0588E-04       1.2641E-08       1.0343E-03       2.0000E-04       2.0000E-04
       1.3950E+00      -1.1576E-05       3.3304E-05       1.2415E-04       1.8703E-04       1.6582E-05       1.7003E-05       8.0578E-04       1.2641E-08       1.0343E-03       2.0000E-04       2.0000E-04
       1.4050E+00      -1.1576E-05       3.3304E-05       1.2418E-04       1.8708E-04       1.6512E-05       1.7004E-05       8.0569E-04       1.2641E-08       1.0343E-03       2.0000E-04       2.0000E-04
       1.4150E+00      -1.1576E-05       3.3305E-05       1.2422E-04       1.8713E-04       1.6442E-05       1.7004E-05       8.0559E-04       1.2640E-08       1.0343E-03       2.0000E-04       2.0000E-04
       1.4250E+00      -1.1577E-05       3.3305E-05       1.2425E-04       1.8718E-04       1.6372E-05       1.7004E-05       8.0549E-04       1.2640E-08       1.0343E-03       2.0000E-04       2.0000E-04
       1.4350E+00      -1.1577E-05       3.3305E-05       1.2429E-04       1.8723E-04       1.6302E-05       1.7004E-05       8.0539E-04       1.2640E-08       1.0343E-03       2.0000E-04       2.0000E-04
       1.4450E+00      -1.1577E-05       3.3305E-05       1.2432E-04       1.8728E-04       1.6232E-05       1.7004E-05       8.0528E-04       1.2640E-08       1.0343E-03       2.0000E-04       2.0000E-04
       1.4550E+00      -1.1577E-05       3.3306E-05       1.2436E-04       1.8734E-04       1.6162E-05       1.7005E-05       8.0517E-04       1.2639E-08       1.0343E-03       2.0000E-04       2.0000E-04
       1.4650E+00      -1.1578E-05       3.3306E-05       1.2440E-04       1.8739E-04       1.6092E-05       1.7005E-05       8.0506E-04       1.2639E-08       1.0343E-03       2.0000E-04       2.0000E-04
       1.4750E+00      -1.1578E-05       3.3306E-05       1.2443E-04       1.8745E-04       1.6023E-05       1.7005E-05       8.0494E-04       1.2639E-08       1.0343E-03       2.0000E-04       2.0000E-04
       1.4850E+00      -1.1578E-05       3.3306E-05       1.2447E-04       1.8750E-04       1.5953E-05       1.7005E-05       8.0483E-04       1.2639E-08       1.0343E-03       2.0000E-04       2.0000E-04
       1.4950E+00      -1.1579E-05       3.3307E-05       1.2451E-04       1.8756E-04       1.5884E-05       1.7005E-05       8.0470E-04       1.2639E-08       1.0343E-03       2.0000E-04       2.0000E-04
       1.5050E+00      -1.1579E-05       3.3307E-05       1.2455E-04       1.8762E-04       1.5815E-05       1.7006E-05       8.0458E-04       1.2638E-08       1.0343E-03       2.0000E-04       2.0000E-04
       1.5150E+00      -1.1579E-05       3.3307E-05       1.2459E-04       1.8768E-04       1.5747E-05       1.7006E-05       8.0445E-04       1.2638E-08       1.0343E-03       2.0000E-04       2.0000E-04
       1.5250E+00      -1.1580E-05       3.3308E-05       1.2463E-04       1.8774E-04       1.5679E-05       1.7006E-05       8.0432E-04       1.2638E-08       1.0343E-03       2.0000E-04       2.0000E-04
       1.5350E+00      -1.1580E-05       3.3308E-05       1.2467E-04       1.8780E-04       1.5611E-05       1.7006E-05       8.0418E-04       1.2638E-08       1.0343E-03       2.0000E-04       2.0000E-04
       1.5450E+00      -1.1580E-05       3.3308E-05       1.2471E-04       1.8786E-04       1.5544E-05       1.7006E-05       8.0404E-04       1.2638E-08       1.0343E-03       2.0000E-04       2.0000E-04
       1.5550E+00      -1.1580E-05       3.3308E-05       1.2475E-04       1.8792E-04       1.5477E-05       1.7007E-05       8.0390E-04       1.2637E-08       1.0343E-03       2.0000E-04       2.0000E-04
       1.5650E+00      -1.1581E-05       3.3309E-05       1.2480E-04       1.8799E-04       1.5411E-05       1.7007E-05       8.0375E-04       1.2637E-08       1.0343E-03       2.0000E-04       2.0000E-04
       1.5750E+00      -1.1581E-05       3.3309E-05       1.2484E-04       1.8805E-04       1.5345E-05       1.7007E-05       8.0360E-04       1.2637E-08       1.0343E-03       2.0000E-04       2.0000E-04
       1.5850E+00      -1.1581E-05       3.3309E-05       1.2488E-04       1.8812E-04       1.5280E-05       1.7007E-05       8.0344E-04       1.2637E-08       1.0343E-03       2.0000E-04       2.0000E-04
       1.5950E+00      -1.1582E-05       3.3310E-05       1.2493E-04       1.8819E-04       1.5216E-05       1.7007E-05       8.0328E-04       1.2637E-08       1.0343E-03       2.0000E-04       2.0000E-04
       1.6050E+00      -1.1582E-05       3.3310E-05       1.2498E-04       1.8826E-04       1.5152E-05       1.7008E-05       8.0312E-04       1.2636E-08       1.0343E-03       2.0000E-04       2.0000E-04
       1.6150E+00      -1.1582E-05       3.3310E-05       1.2502E-04       1.8832E-04       1.5089E-05       1.7008E-05       8.0295E-04       1.2636E-08       1.0343E-03       2.0000E-04       2.0000E-04
       1.6250E+00      -1.1583E-05       3.3310E-05       1.2507E-04       1.8840E-04       1.5026E-05       1.7008E-05       8.0277E-04       1.2636E-08       1.0343E-03       2.0000E-04       2.0000E-04
       1.6350E+00      -1.1583E-05       3.3311E-05       1.2512E-04       1.8847E-04       1.4965E-05       1.7008E-05       8.0259E-04       1.2636E-08       1.0343E-03       2.0000E-04       2.0000E-04
       1.6450E+00      -1.1583E-05       3.3311E-05       1.2517E-04       1.8854E-04       1.4904E-05       1.7008E-05       8.0241E-04       1.2636E-08       1.0343E-03       2.0000E-04       2.0000E-04
       1.6550E+00      -1.1583E-05       3.3311E-05       1.2522E-04       1.8861E-04       1.4844E-05       1.7009E-05       8.0222E-04       1.2635E-08       1.0343E-03       2.0000E-04       2.0000E-04
       1.6650E+00      -1.1584E-05       3.3312E-05       1.2527E-04       1.8869E-04       1.4785E-05       1.7009E-05       8.0203E-04       1.2635E-08       1.0343E-03       2.0000E-04       2.0000E-04
       1.6750E+00      -1.1584E-05       3.3312E-05       1.2532E-04       1.8877E-04       1.4727E-05       1.7009E-05       8.0183E-04       1.2635E-08       1.0343E-03       2.0000E-04       2.0000E-04
       1.6850E+00      -1.1584E-05       3.3312E-05       1.2537E-04       1.8885E-04       1.4670E-05       1.7009E-05       8.0163E-04       1.2635E-08       1.0343E-03       2.0000E-04       2.0000E-04
       1.6950E+00      -1.1585E-05       3.3312E-05       1.2542E-04       1.8892E-04       1.4613E-05       1.7009E-05       8.0142E-04       1.2635E-08       1.0343E-03       2.0000E-04       2.0000E-04
       1.7050E+00      -1.1585E-05       3.3313E-05       1.2548E-04       1.8901E-04       1.4558E-05       1.7010E-05       8.0121E-04       1.2634E-08       1.0343E-03       2.0000E-04       2.0000E-04
       1.7150E+00      -1.1585E-05       3.3313E-05       1.2553E-04       1.8909E-04       1.4503E-05       1.7010E-05       8.0099E-04       1.2634E-08       1.0343E-03       2.0000E-04       2.0000E-04
       1.7250E+00      -1.1586E-05       3.3313E-05       1.2559E-04       1.8917E-04       1.4449E-05       1.7010E-05       8.0077E-04       1.2634E-08       1.0343E-03       2.0000E-04       2.0000E-04
       1.7350E+00      -1.1586E-05       3.3314E-05       1.2564E-04       1.8926E-04       1.4397E-05       1.7010E-05       8.0054E-04       1.2634E-08       1.0343E-03       2.0000E-04       2.0000E-04
       1.7450E+00      -1.1586E-05       3.3314E-05       1.2570E-04       1.8934E-04       1.4345E-05       1.7010E-05       8.0030E-04       1.2634E-08       1.0343E-03       2.0000E-04       2.0000E-04
       1.7550E+00      -1.1586E-05       3.3314E-05       1.2576E-04       1.8943E-04       1.4295E-05       1.7011E-05       8.0006E-04       1.2633E-08       1.0343E-03       2.0000E-04       2.0000E-04
       1.7650E+00      -1.1587E-05       3.3314E-05       1.2582E-04       1.8952E-04       1.4245E-05       1.7011E-05       7.9981E-04       1.2633E-08       1.0343E-03       2.0000E-04       2.0000E-04
       1.7750E+00      -1.1587E-05       3.3315E-05       1.2588E-04       1.8961E-04       1.4197E-05       1.7011E-05       7.9956E-04       1.2633E-08       1.0343E-03       2.0000E-04       2.0000E-04
       1.7850E+00      -1.1587E-05       3.3315E-05       1.2594E-04       1.8970E-04       1.4149E-05       1.7011E-05       7.9930E-04       1.2633E-08       1.0343E-03       2.0000E-04       2.0000E-04
       1.7950E+00      -1.1588E-05       3.3315E-05       1.2600E-04       1.8979E-04       1.4103E-05       1.7011E-05       7.9903E-04       1.2633E-08       1.0343E-03       2.0000E-04       2.0000E-04
       1.8050E+00      -1.1588E-05       3.3316E-05       1.2607E-04       1.8989E-04       1.4057E-05       1.7012E-05       7.9876E-04       1.2632E-08       1.0343E-03       2.0000E-04       2.0000E-04
       1.8150E+00      -1.1588E-05       3.3316E-05       1.2613E-04       1.8999E-04       1.4013E-05       1.7012E-05       7.9848E-04       1.2632E-08       1.0343E-03       2.0000E-04       2.0000E-04
       1.8250E+00      -1.1589E-05       3.3316E-05       1.2620E-04       1.9009E-04       1.3970E-05       1.7012E-05       7.9820E-04       1.2632E-08       1.0343E-03       2.0000E-04       2.0000E-04
       1.8350E+00      -1.1589E-05       3.3316E-05       1.2627E-04       1.9019E-04       1.3928E-05       1.7012E-05       7.9790E-04       1.2632E-08       1.0343E-03       2.0000E-04       2.0000E-04
       1.8450E+00      -1.1589E-05       3.3317E-05       1.2633E-04       1.9029E-04       1.3887E-05       1.7012E-05       7.9761E-04       1.2632E-08       1.0343E-03       2.0000E-04       2.0000E-04
       1.8550E+00      -1.1589E-05       3.3317E-05       1.2640E-04       1.9039E-04       1.3847E-05       1.7013E-05       7.9730E-04       1.2632E-08       1.0343E-03       2.0000E-04       2.0000E-04
       1.8650E+00      -1.1590E-05       3.3317E-05       1.2647E-04       1.9050E-04       1.3809E-05       1.7013E-05       7.9699E-04       1.2631E-08       1.0343E-03       2.0000E-04       2.0000E-04
       1.8750E+00      -1.1590E-05       3.3318E-05       1.2654E-04       1.9060E-04       1.3771E-05       1.7013E-05       7.9667E-04       1.2631E-08       1.0343E-03       2.0000E-04       2.0000E-04
       1.8850E+00      -1.1590E-05       3.3318E-05       1.2662E-04       1.9071E-04       1.3734E-05       1.7013E-05       7.9634E-04       1.2631E-08       1.0343E-03       2.0000E-04       2.0000E-04
       1.8950E+00      -1.1591E-05       3.3318E-05       1.2669E-04       1.9082E-04       1.3699E-05       1.7013E-05       7.9601E-04       1.2631E-08       1.0343E-03       2.0000E-04       2.0000E-04
       1.9050E+00      -1.1591E-05       3.3318E-05       1.2677E-04       1.9093E-04       1.3665E-05       1.7014E-05       7.9567E-04       1.2631E-08       1.0343E-03       2.0000E-04       2.0000E-04
       1.9150E+00      -1.1591E-05       3.3319E-05       1.2684E-04       1.9105E-04       1.3632E-05       1.7014E-05       7.9532E-04       1.2630E-08       1.0343E-03       2.0000E-04       2.0000E-04
       1.9250E+00      -1.1592E-05       3.3319E-05       1.2692E-04       1.9116E-04       1.3599E-05       1.7014E-05       7.9497E-04       1.2630E-08       1.0343E-03       2.0000E-04       2.0000E-04
       1.9350E+00      -1.1592E-05       3.3319E-05       1.2700E-04       1.9128E-04       1.3568E-05       1.7014E-05       7.9460E-04       1.2630E-08       1.0343E-03       2.0000E-04       2.0000E-04
       1.9450E+00      -1.1592E-05       3.3319E-05       1.2708E-04       1.9140E-04       1.3538E-05       1.7014E-05       7.9423E-04       1.2630E-08       1.0343E-03       2.0000E-04       2.0000E-04
       1.9550E+00      -1.1592E-05       3.3320E-05       1.2716E-04       1.9152E-04       1.3510E-05       1.7015E-05       7.9386E-04       1.2630E-08       1.0343E-03       2.0000E-04       2.0000E-04
       1.9650E+00      -1.1593E-05       3.3320E-05       1.2724E-04       1.9165E-04       1.3482E-05       1.7015E-05       7.9347E-04       1.2629E-08       1.0343E-03       2.0000E-04       2.0000E-04
       1.9750E+00      -1.1593E-05       3.3320E-05       1.2733E-04       1.9177E-04       1.3455E-05       1.7015E-05       7.9308E-04       1.2629E-08       1.0343E-03       2.0000E-04       2.0000E-04
       1.9850E+00      -1.1593E-05       3.3321E-05       1.2741E-04       1.9190E-04       1.3429E-05       1.7015E-05       7.9268E-04       1.2629E-08       1.0343E-03       2.0000E-04       2.0000E-04
       1.9950E+00      -1.1594E-05       3.3321E-05       1.2750E-04       1.9203E-04       1.3405E-05       1.7015E-05       7.9227E-04       1.2629E-08       1.0343E-03       2.0000E-04       2.0000E-04
       2.0050E+00      -1.1594E-05       3.3321E-05       1.2759E-04       1.9216E-04       1.3381E-05       1.7016E-05       7.9185E-04       1.2629E-08       1.0343E-03       2.0000E-04       2.0000E-04
       2.0150E+00      -1.1594E-05       3.3321E-05       1.2768E-04       1.9230E-04       1.3359E-05       1.7016E-05       7.9143E-04       1.2629E-08       1.0343E-03       2.0000E-04       2.0000E-04
       2.0250E+00      -1.1595E-05       3.3322E-05       1.2777E-04       1.9244E-04       1.3337E-05       1.7016E-05       7.9099E-04       1.2628E-08       1.0343E-03       2.0000E-04       2.0000E-04
       2.0350E+00      -1.1595E-05       3.3322E-05       1.2786E-04       1.9257E-04       1.3316E-05       1.7016E-05       7.9055E-04       1.2628E-08       1.0343E-03       2.0000E-04       2.0000E-04
       2.0450E+00      -1.1595E-05       3.3322E-05       1.2796E-04       1.9271E-04       1.3297E-05       1.7016E-05       7.9010E-04       1.2628E-08       1.0343E-03       2.0000E-04       2.0000E-04
       2.0550E+00      -1.1595E-05       3.3323E-05       1.2805E-04       1.9286E-04       1.3278E-05       1.7017E-05       7.8965E-04       1.2628E-08       1.0343E-03       2.0000E-04       2.0000E-04
       2.0650E+00      -1.1596E-05       3.3323E-05       1.2815E-04       1.9300E-04       1.3261E-05       1.7017E-05       7.8918E-04       1.2628E-08       1.0343E-03       2.0000E-04       2.0000E-04
       2.0750E+00      -1.1596E-05       3.3323E-05       1.2825E-04       1.9315E-04       1.3244E-05       1.7017E-05       7.8871E-04       1.2628E-08       1.0343E-03       2.0000E-04       2.0000E-04
       2.0850E+00      -1.1596E-05       3.3323E-05       1.2835E-04       1.9330E-04       1.3228E-05       1.7017E-05       7.8823E-04       1.2627E-08       1.0343E-03       2.0000E-04       2.0000E-04
       2.0950E+00      -1.1597E-05       3.3324E-05       1.2845E-04       1.9345E-04       1.3214E-05       1.7017E-05       7.8774E-04       1.2627E-08       1.0343E-03       2.0000E-04       2.0000E-04
       2.1050E+00      -1.1597E-05       3.3324E-05       1.2855E-04       1.9360E-04       1.3200E-05       1.7018E-05       7.8724E-04       1.2627E-08       1.0343E-03       2.0000E-04       2.0000E-04
       2.1150E+00      -1.1597E-05       3.3324E-05       1.2865E-04       1.9376E-04       1.3187E-05       1.7018E-05       7.8673E-04       1.2627E-08       1.0343E-03       2.0000E-04       2.0000E-04
       2.1250E+00      -1.1598E-05       3.3325E-05       1.2876E-04       1.9392E-04       1.3175E-05       1.7018E-05       7.8622E-04       1.2627E-08       1.0343E-03       2.0000E-04       2.0000E-04
       2.1350E+00      -1.1598E-05       3.3325E-05       1.2887E-04       1.9408E-04       1.3163E-05       1.7018E-05       7.8569E-04       1.2627E-08       1.0343E-03       2.0000E-04       2.0000E-04
       2.1450E+00      -1.1598E-05       3.3325E-05       1.2897E-04       1.9424E-04       1.3153E-05       1.7018E-05       7.8516E-04       1.2626E-08       1.0343E-03       2.0000E-04       2.0000E-04
       2.1550E+00      -1.1598E-05       3.3325E-05       1.2908E-04       1.9440E-04       1.3143E-05       1.7019E-05       7.8462E-04       1.2626E-08       1.0343E-03       2.0000E-04       2.0000E-04
       2.1650E+00      -1.1599E-05       3.3326E-05       1.2920E-04       1.9457E-04       1.3135E-05       1.7019E-05       7.8407E-04       1.2626E-08       1.0343E-03       2.0000E-04       2.0000E-04
       2.1750E+00      -1.1599E-05       3.3326E-05       1.2931E-04       1.9474E-04       1.3127E-05       1.7019E-05       7.8352E-04       1.2626E-08       1.0343E-03       2.0000E-04       2.0000E-04
       2.1850E+00      -1.1599E-05       3.3326E-05       1.2942E-04       1.9491E-04       1.3120E-05       1.7019E-05       7.8295E-04       1.2626E-08       1.0343E-03       2.0000E-04       2.0000E-04
       2.1950E+00      -1.1600E-05       3.3327E-05       1.2954E-04       1.9509E-04       1.3113E-05       1.7019E-05       7.8238E-04       1.2626E-08       1.0343E-03       2.0000E-04       2.0000E-04
       2.2050E+00      -1.1600E-05       3.3327E-05       1.2966E-04       1.9526E-04       1.3108E-05       1.7020E-05       7.8180E-04       1.2625E-08       1.0343E-03       2.0000E-04       2.0000E-04
       2.2150E+00      -1.1600E-05       3.3327E-05       1.2978E-04       1.9544E-04       1.3103E-05       1.7020E-05       7.8120E-04       1.2625E-08       1.0343E-03       2.0000E-04       2.0000E-04
       2.2250E+00      -1.1601E-05       3.3327E-05       1.2990E-04       1.9562E-04       1.3099E-05       1.7020E-05       7.8061E-04       1.2625E-08       1.0343E-03       2.0000E-04       2.0000E-04
       2.2350E+00      -1.1601E-05       3.3328E-05       1.3002E-04       1.9580E-04       1.3096E-05       1.7020E-05       7.8000E-04       1.2625E-08       1.0343E-03       2.0000E-04       2.0000E-04
       2.2450E+00      -1.1601E-05       3.3328E-05       1.3014E-04       1.9599E-04       1.3093E-05       1.7020E-05       7.7938E-04       1.2625E-08       1.0343E-03       2.0000E-04       2.0000E-04
       2.2550E+00      -1.1601E-05       3.3328E-05       1.3027E-04       1.9618E-04       1.3091E-05       1.7021E-05       7.7876E-04       1.2625E-08       1.0343E-03       2.0000E-04       2.0000E-04
       2.2650E+00      -1.1602E-05       3.3329E-05       1.3040E-04       1.9637E-04       1.3090E-05       1.7021E-05       7.7813E-04       1.2624E-08       1.0343E-03       2.0000E-04       2.0000E-04
       2.2750E+00      -1.1602E-05       3.3329E-05       1.3052E-04       1.9656E-04       1.3089E-05       1.7021E-05       7.7749E-04       1.2624E-08       1.0343E-03       2.0000E-04       2.0000E-04
       2.2850E+00      -1.1602E-05       3.3329E-05       1.3065E-04       1.9675E-04       1.3089E-05       1.7021E-05       7.7684E-04       1.2624E-08       1.0343E-03       2.0000E-04       2.0000E-04
       2.2950E+00      -1.1603E-05       3.3329E-05       1.3078E-04       1.9695E-04       1.3089E-05       1.7021E-05       7.7619E-04       1.2624E-08       1.0343E-03       2.0000E-04       2.0000E-04
       2.3050E+00      -1.1603E-05       3.3330E-05       1.3092E-04       1.9715E-04       1.3091E-05       1.7022E-05       7.7552E-04       1.2624E-08       1.0343E-03       2.0000E-04       2.0000E-04
       2.3150E+00      -1.1603E-05       3.3330E-05       1.3105E-04       1.9735E-04       1.3092E-05       1.7022E-05       7.7485E-04       1.2624E-08       1.0343E-03       2.0000E-04       2.0000E-04
       2.3250E+00      -1.1604E-05       3.3330E-05       1.3119E-04       1.9755E-04       1.3095E-05       1.7022E-05       7.7417E-04       1.2623E-08       1.0343E-03       2.0000E-04       2.0000E-04
       2.3350E+00      -1.1604E-05       3.3331E-05       1.3132E-04       1.9776E-04       1.3098E-05       1.7022E-05       7.7348E-04       1.2623E-08       1.0343E-03       2.0000E-04       2.0000E-04
       2.3450E+00      -1.1604E-05       3.3331E-05       1.3146E-04       1.9797E-04       1.3101E-05       1.7022E-05       7.7278E-04       1.2623E-08       1.0343E-03       2.0000E-04       2.0000E-04
       2.3550E+00      -1.1604E-05       3.3331E-05       1.3160E-04       1.9818E-04       1.3105E-05       1.7023E-05       7.7208E-04       1.2623E-08       1.0343E-03       2.0000E-04       2.0000E-04
       2.3650E+00      -1.1605E-05       3.3332E-05       1.3175E-04       1.9839E-04       1.3110E-05       1.7023E-05       7.7137E-04       1.2623E-08       1.0343E-03       2.0000E-04       2.0000E-04
       2.3750E+00      -1.1605E-05       3.3332E-05       1.3189E-04       1.9860E-04       1.3115E-05       1.7023E-05       7.7065E-04       1.2623E-08       1.0343E-03       2.0000E-04       2.0000E-04
       2.3850E+00      -1.1605E-05       3.3332E-05       1.3203E-04       1.9882E-04       1.3120E-05       1.7023E-05       7.6992E-04       1.2623E-08       1.0343E-03       2.0000E-04       2.0000E-04
       2.3950E+00      -1.1606E-05       3.3332E-05       1.3218E-04       1.9904E-04       1.3126E-05       1.7023E-05       7.6919E-04       1.2622E-08       1.0343E-03       2.0000E-04       2.0000E-04
       2.4050E+00      -1.1606E-05       3.3333E-05       1.3233E-04       1.9926E-04       1.3133E-05       1.7024E-05       7.6845E-04       1.2622E-08       1.0343E-03       2.0000E-04       2.0000E-04
       2.4150E+00      -1.1606E-05       3.3333E-05       1.3247E-04       1.9948E-04       1.3140E-05       1.7024E-05       7.6770E-04       1.2622E-08       1.0343E-03       2.0000E-04       2.0000E-04
       2.4250E+00      -1.1607E-05       3.3333E-05       1.3262E-04       1.9971E-04       1.3147E-05       1.7024E-05       7.6694E-04       1.2622E-08       1.0343E-03       2.0000E-04       2.0000E-04
       2.4350E+00      -1.1607E-05       3.3334E-05       1.3278E-04       1.9993E-04       1.3155E-05       1.7024E-05       7.6618E-04       1.2622E-08       1.0343E-03       2.0000E-04       2.0000E-04
       2.4450E+00      -1.1607E-05       3.3334E-05       1.3293E-04       2.0016E-04       1.3163E-05       1.7024E-05       7.6541E-04       1.2622E-08       1.0343E-03       2.0000E-04       2.0000E-04
       2.4550E+00      -1.1607E-05       3.3334E-05       1.3308E-04       2.0039E-04       1.3172E-05       1.7025E-05       7.6463E-04       1.2622E-08       1.0343E-03       2.0000E-04       2.0000E-04
       2.4650E+00      -1.1608E-05       3.3334E-05       1.3324E-04       2.0062E-04       1.3181E-05       1.7025E-05       7.6385E-04       1.2621E-08       1.0343E-03       2.0000E-04       2.0000E-04
       2.4750E+00      -1.1608E-05       3.3335E-05       1.3339E-04       2.0086E-04       1.3190E-05       1.7025E-05       7.6305E-04       1.2621E-08       1.0343E-03       2.0000E-04       2.0000E-04
       2.4850E+00      -1.1608E-05       3.3335E-05       1.3355E-04       2.0109E-04       1.3200E-05       1.7025E-05       7.6226E-04       1.2621E-08       1.0343E-03       2.0000E-04       2.0000E-04
       2.4950E+00      -1.1609E-05       3.3335E-05       1.3371E-04       2.0133E-04       1.3210E-05       1.7025E-05       7.6145E-04       1.2621E-08       1.0343E-03       2.0000E-04       2.0000E-04
       2.5050E+00      -1.1609E-05       3.3336E-05       1.3387E-04       2.0157E-04       1.3221E-05       1.7026E-05       7.6064E-04       1.2621E-08       1.0343E-03       2.0000E-04       2.0000E-04
       2.5150E+00      -1.1609E-05       3.3336E-05       1.3403E-04       2.0182E-04       1.3232E-05       1.7026E-05       7.5982E-04       1.2621E-08       1.0343E-03       2.0000E-04       2.0000E-04
       2.5250E+00      -1.1610E-05       3.3336E-05       1.3420E-04       2.0206E-04       1.3243E-05       1.7026E-05       7.5900E-04       1.2621E-08       1.0343E-03       2.0000E-04       2.0000E-04
       2.5350E+00      -1.1610E-05       3.3336E-05       1.3436E-04       2.0231E-04       1.3254E-05       1.7026E-05       7.5817E-04       1.2620E-08       1.0343E-03       2.0000E-04       2.0000E-04
       2.5450E+00      -1.1610E-05       3.3337E-05       1.3453E-04       2.0255E-04       1.3266E-05       1.7026E-05       7.5733E-04       1.2620E-08       1.0343E-03       2.0000E-04       2.0000E-04
       2.5550E+00      -1.1610E-05       3.3337E-05       1.3469E-04       2.0280E-04       1.3278E-05       1.7027E-05       7.5649E-04       1.2620E-08       1.0343E-03       2.0000E-04       2.0000E-04
       2.5650E+00      -1.1611E-05       3.3337E-05       1.3486E-04       2.0305E-04       1.3291E-05       1.7027E-05       7.5564E-04       1.2620E-08       1.0343E-03       2.0000E-04       2.0000E-04
       2.5750E+00      -1.1611E-05       3.3338E-05       1.3503E-04       2.0331E-04       1.3303E-05       1.7027E-05       7.5478E-04       1.2620E-08       1.0343E-03       2.0000E-04       2.0000E-04
       2.5850E+00      -1.1611E-05       3.3338E-05       1.3520E-04       2.0356E-04       1.3316E-05       1.7027E-05       7.5392E-04       1.2620E-08       1.0343E-03       2.0000E-04       2.0000E-04
       2.5950E+00      -1.1612E-05       3.3338E-05       1.3537E-04       2.0381E-04       1.3329E-05       1.7027E-05       7.5306E-04       1.2620E-08       1.0343E-03       2.0000E-04       2.0000E-04
       2.6050E+00      -1.1612E-05       3.3338E-05       1.3554E-04       2.0407E-04       1.3343E-05       1.7028E-05       7.5218E-04       1.2619E-08       1.0343E-03       2.0000E-04       2.0000E-04
       2.6150E+00      -1.1612E-05       3.3339E-05       1.3571E-04       2.0433E-04       1.3356E-05       1.7028E-05       7.5131E-04       1.2619E-08       1.0343E-03       2.0000E-04       2.0000E-04
       2.6250E+00      -1.1613E-05       3.3339E-05       1.3589E-04       2.0459E-04       1.3370E-05       1.7028E-05       7.5043E-04       1.2619E-08       1.0343E-03       2.0000E-04       2.0000E-04
       2.6350E+00      -1.1613E-05       3.3339E-05       1.3606E-04       2.0485E-04       1.3384E-05       1.7028E-05       7.4954E-04       1.2619E-08       1.0343E-03       2.0000E-04       2.0000E-04
       2.6450E+00      -1.1613E-05       3.3340E-05       1.3624E-04       2.0512E-04       1.3399E-05       1.7028E-05       7.4865E-04       1.2619E-08       1.0343E-03       2.0000E-04       2.0000E-04
       2.6550E+00      -1.1613E-05       3.3340E-05       1.3642E-04       2.0538E-04       1.3413E-05       1.7029E-05       7.4775E-04       1.2619E-08       1.0343E-03       2.0000E-04       2.0000E-04
       2.6650E+00      -1.1614E-05       3.3340E-05       1.3659E-04       2.0565E-04       1.3428E-05       1.7029E-05       7.4685E-04       1.2619E-08       1.0343E-03       2.0000E-04       2.0000E-04
       2.6750E+00      -1.1614E-05       3.3340E-05       1.3677E-04       2.0591E-04       1.3443E-05       1.7029E-05       7.4594E-04       1.2619E-08       1.0343E-03       2.0000E-04       2.0000E-04
       2.6850E+00      -1.1614E-05       3.3341E-05       1.3695E-04       2.0618E-04       1.3458E-05       1.7029E-05       7.4503E-04       1.2618E-08       1.0343E-03       2.0000E-04       2.0000E-04
       2.6950E+00      -1.1615E-05       3.3341E-05       1.3713E-04       2.0645E-04       1.3473E-05       1.7029E-05       7.4412E-04       1.2618E-08       1.0343E-03       2.0000E-04       2.0000E-04
       2.7050E+00      -1.1615E-05       3.3341E-05       1.3731E-04       2.0672E-04       1.3488E-05       1.7030E-05       7.4320E-04       1.2618E-08       1.0343E-03       2.0000E-04       2.0000E-04
       2.7150E+00      -1.1615E-05       3.3342E-05       1.3749E-04       2.0700E-04       1.3504E-05       1.7030E-05       7.4227E-04       1.2618E-08       1.0343E-03       2.0000E-04       2.0000E-04
       2.7250E+00      -1.1616E-05       3.3342E-05       1.3768E-04       2.0727E-04       1.3520E-05       1.7030E-05       7.4135E-04       1.2618E-08       1.0343E-03       2.0000E-04       2.0000E-04
       2.7350E+00      -1.1616E-05       3.3342E-05       1.3786E-04       2.0754E-04       1.3536E-05       1.7030E-05       7.4041E-04       1.2618E-08       1.0343E-03       2.0000E-04       2.0000E-04
       2.7450E+00      -1.1616E-05       3.3342E-05       1.3804E-04       2.0782E-04       1.3552E-05       1.7030E-05       7.3948E-04       1.2618E-08       1.0343E-03       2.0000E-04       2.0000E-04
       2.7550E+00      -1.1616E-05       3.3343E-05       1.3823E-04       2.0810E-04       1.3568E-05       1.7031E-05       7.3854E-04       1.2617E-08       1.0343E-03       2.0000E-04       2.0000E-04
       2.7650E+00      -1.1617E-05       3.3343E-05       1.3841E-04       2.0837E-04       1.3584E-05       1.7031E-05       7.3760E-04       1.2617E-08       1.0343E-03       2.0000E-04       2.0000E-04
       2.7750E+00      -1.1617E-05       3.3343E-05       1.3860E-04       2.0865E-04       1.3600E-05       1.7031E-05       7.3665E-04       1.2617E-08       1.0343E-03       2.0000E-04       2.0000E-04
       2.7850E+00      -1.1617E-05       3.3344E-05       1.3879E-04       2.0893E-04       1.3617E-05       1.7031E-05       7.3571E-04       1.2617E-08       1.0343E-03       2.0000E-04       2.0000E-04
       2.7950E+00      -1.1618E-05       3.3344E-05       1.3897E-04       2.0921E-04       1.3634E-05       1.7031E-05       7.3476E-04       1.2617E-08       1.0343E-03       2.0000E-04       2.0000E-04
       2.8050E+00      -1.1618E-05       3.3344E-05       1.3916E-04       2.0949E-04       1.3650E-05       1.7032E-05       7.3380E-04       1.2617E-08       1.0343E-03       2.0000E-04       2.0000E-04
       2.8150E+00      -1.1618E-05       3.3345E-05       1.3935E-04       2.0977E-04       1.3667E-05       1.7032E-05       7.3285E-04       1.2617E-08       1.0343E-03       2.0000E-04       2.0000E-04
       2.8250E+00      -1.1619E-05       3.3345E-05       1.3954E-04       2.1006E-04       1.3684E-05       1.7032E-05       7.3189E-04       1.2617E-08       1.0343E-03       2.0000E-04       2.0000E-04
       2.8350E+00      -1.1619E-05       3.3345E-05       1.3973E-04       2.1034E-04       1.3701E-05       1.7032E-05       7.3093E-04       1.2616E-08       1.0343E-03       2.0000E-04       2.0000E-04
       2.8450E+00      -1.1619E-05       3.3345E-05       1.3992E-04       2.1062E-04       1.3718E-05       1.7032E-05       7.2997E-04       1.2616E-08       1.0343E-03       2.0000E-04       2.0000E-04
       2.8550E+00      -1.1619E-05       3.3346E-05       1.4011E-04       2.1091E-04       1.3735E-05       1.7033E-05       7.2900E-04       1.2616E-08       1.0343E-03       2.0000E-04       2.0000E-04
       2.8650E+00      -1.1620E-05       3.3346E-05       1.4029E-04       2.1119E-04       1.3752E-05       1.7033E-05       7.2804E-04       1.2616E-08       1.0343E-03       2.0000E-04       2.0000E-04
       2.8750E+00      -1.1620E-05       3.3346E-05       1.4048E-04       2.1147E-04       1.3769E-05       1.7033E-05       7.2708E-04       1.2616E-08       1.0343E-03       2.0000E-04       2.0000E-04
       2.8850E+00      -1.1620E-05       3.3347E-05       1.4067E-04       2.1176E-04       1.3786E-05       1.7033E-05       7.2612E-04       1.2616E-08       1.0343E-03       2.0000E-04       2.0000E-04
       2.8950E+00      -1.1621E-05       3.3347E-05       1.4086E-04       2.1204E-04       1.3804E-05       1.7033E-05       7.2516E-04       1.2616E-08       1.0343E-03       2.0000E-04       2.0000E-04
       2.9050E+00      -1.1621E-05       3.3347E-05       1.4105E-04       2.1232E-04       1.3821E-05       1.7034E-05       7.2421E-04       1.2616E-08       1.0343E-03       2.0000E-04       2.0000E-04
       2.9150E+00      -1.1621E-05       3.3347E-05       1.4123E-04       2.1260E-04       1.3837E-05       1.7034E-05       7.2327E-04       1.2615E-08       1.0343E-03       2.0000E-04       2.0000E-04
       2.9250E+00      -1.1621E-05       3.3348E-05       1.4142E-04       2.1287E-04       1.3854E-05       1.7034E-05       7.2234E-04       1.2615E-08       1.0343E-03       2.0000E-04       2.0000E-04
       2.9350E+00      -1.1622E-05       3.3348E-05       1.4159E-04       2.1313E-04       1.3870E-05       1.7034E-05       7.2144E-04       1.2615E-08       1.0343E-03       2.0000E-04       2.0000E-04
       2.9450E+00      -1.1622E-05       3.3348E-05       1.4177E-04       2.1339E-04       1.3886E-05       1.7034E-05       7.2057E-04       1.2615E-08       1.0343E-03       2.0000E-04       2.0000E-04
       2.9550E+00      -1.1622E-05       3.3348E-05       1.4193E-04       2.1363E-04       1.3901E-05       1.7035E-05       7.1974E-04       1.2615E-08       1.0343E-03       2.0000E-04       2.0000E-04
       2.9650E+00      -1.1623E-05       3.3349E-05       1.4208E-04       2.1386E-04       1.3914E-05       1.7035E-05       7.1898E-04       1.2615E-08       1.0343E-03       2.0000E-04       2.0000E-04
       2.9750E+00      -1.1623E-05       3.3349E-05       1.4221E-04       2.1405E-04       1.3926E-05       1.7035E-05       7.1833E-04       1.2615E-08       1.0343E-03       2.0000E-04       2.0000E-04
       2.9850E+00      -1.1623E-05       3.3349E-05       1.4231E-04       2.1420E-04       1.3935E-05       1.7035E-05       7.1782E-04       1.2615E-08       1.0343E-03       2.0000E-04       2.0000E-04
       2.9950E+00      -1.1623E-05       3.3349E-05       1.4237E-04       2.1429E-04       1.3941E-05       1.7035E-05       7.1751E-04       1.2615E-08       1.0343E-03       2.0000E-04       2.0000E-04
