# Time          3.0000E+01
# Units: Mol/g solid
    Distance           H+               CO2(aq)          Mg++             Ca++             K+               SiO2(aq)         Na+              Al+++            Cl-              NO3-             Tracer       
       5.0000E-03       0.0000E+00       0.0000E+00       3.9558E-11       7.9829E-11       2.9581E-13       0.0000E+00       3.9209E-12       0.0000E+00       0.0000E+00       0.0000E+00       0.0000E+00
       1.5000E-02       0.0000E+00       0.0000E+00       3.9511E-11       7.9876E-11       2.9561E-13       0.0000E+00       3.9202E-12       0.0000E+00       0.0000E+00       0.0000E+00       0.0000E+00
       2.5000E-02       0.0000E+00       0.0000E+00       3.9468E-11       7.9920E-11       2.9542E-13       0.0000E+00       3.9195E-12       0.0000E+00       0.0000E+00       0.0000E+00       0.0000E+00
       3.5000E-02       0.0000E+00       0.0000E+00       3.9429E-11       7.9960E-11       2.9523E-13       0.0000E+00       3.9189E-12       0.0000E+00       0.0000E+00       0.0000E+00       0.0000E+00
       4.5000E-02       0.0000E+00       0.0000E+00       3.9394E-11       7.9995E-11       2.9504E-13       0.0000E+00       3.9183E-12       0.0000E+00       0.0000E+00       0.0000E+00       0.0000E+00
       5.5000E-02       0.0000E+00       0.0000E+00       3.9364E-11       8.0025E-11       2.9485E-13       0.0000E+00       3.9177E-12       0.0000E+00       0.0000E+00       0.0000E+00       0.0000E+00
       6.5000E-02       0.0000E+00       0.0000E+00       3.9339E-11       8.0050E-11       2.9467E-13       0.0000E+00       3.9172E-12       0.0000E+00       0.0000E+00       0.0000E+00       0.0000E+00
       7.5000E-02       0.0000E+00       0.0000E+00       3.9319E-11       8.0071E-11       2.9449E-13       0.0000E+00       3.9166E-12       0.0000E+00       0.0000E+00       0.0000E+00       0.0000E+00
       8.5000E-02       0.0000E+00       0.0000E+00       3.9304E-11       8.0087E-11       2.9431E-13       0.0000E+00       3.9161E-12       0.0000E+00       0.0000E+00       0.0000E+00       0.0000E+00
       9.5000E-02       0.0000E+00       0.0000E+00       3.9292E-11       8.0099E-11       2.9413E-13       0.0000E+00       3.9157E-12       0.0000E+00       0.0000E+00       0.0000E+00       0.0000E+00
       1.0500E-01       0.0000E+00       0.0000E+00       3.9283E-11       8.0108E-11       2.9396E-13       0.0000E+00       3.9152E-12       0.0000E+00       0.0000E+00       0.0000E+00       0.0000E+00
       1.1500E-01       0.0000E+00       0.0000E+00       3.9277E-11       8.0114E-11       2.9378E-13       0.0000E+00       3.9148E-12       0.0000E+00       0.0000E+00       0.0000E+00       0.0000E+00
       1.2500E-01       0.0000E+00       0.0000E+00       3.9273E-11       8.0118E-11       2.9361E-13       0.0000E+00       3.9144E-12       0.0000E+00       0.0000E+00       0.0000E+00       0.0000E+00
       1.3500E-01       0.0000E+00       0.0000E+00       3.9270E-11       8.0121E-11       2.9344E-13       0.0000E+00       3.9140E-12       0.0000E+00       0.0000E+00       0.0000E+00       0.0000E+00
       1.4500E-01       0.0000E+00       0.0000E+00       3.9269E-11       8.0123E-11       2.9327E-13       0.0000E+00       3.9136E-12       0.0000E+00       0.0000E+00       0.0000E+00       0.0000E+00
       1.5500E-01       0.0000E+00       0.0000E+00       3.9268E-11       8.0124E-11       2.9310E-13       0.0000E+00       3.9132E-12       0.0000E+00       0.0000E+00       0.0000E+00       0.0000E+00
       1.6500E-01       0.0000E+00       0.0000E+00       3.9267E-11       8.0125E-11       2.9294E-13       0.0000E+00       3.9128E-12       0.0000E+00       0.0000E+00       0.0000E+00       0.0000E+00
       1.7500E-01       0.0000E+00       0.0000E+00       3.9267E-11       8.0125E-11       2.9277E-13       0.0000E+00       3.9125E-12       0.0000E+00       0.0000E+00       0.0000E+00       0.0000E+00
       1.8500E-01       0.0000E+00       0.0000E+00       3.9268E-11       8.0125E-11       2.9261E-13       0.0000E+00       3.9122E-12       0.0000E+00       0.0000E+00       0.0000E+00       0.0000E+00
       1.9500E-01       0.0000E+00       0.0000E+00       3.9268E-11       8.0125E-11       2.9246E-13       0.0000E+00       3.9118E-12       0.0000E+00       0.0000E+00       0.0000E+00       0.0000E+00
       2.0500E-01       0.0000E+00       0.0000E+00       3.9269E-11       8.0124E-11       2.9231E-13       0.0000E+00       3.9115E-12       0.0000E+00       0.0000E+00       0.0000E+00       0.0000E+00
       2.1500E-01       0.0000E+00       0.0000E+00       3.9271E-11       8.0122E-11       2.9218E-13       0.0000E+00       3.9113E-12       0.0000E+00       0.0000E+00       0.0000E+00       0.0000E+00
       2.2500E-01       0.0000E+00       0.0000E+00       3.9275E-11       8.0119E-11       2.9206E-13       0.0000E+00       3.9111E-12       0.0000E+00       0.0000E+00       0.0000E+00       0.0000E+00
       2.3500E-01       0.0000E+00       0.0000E+00       3.9282E-11       8.0112E-11       2.9197E-13       0.0000E+00       3.9109E-12       0.0000E+00       0.0000E+00       0.0000E+00       0.0000E+00
       2.4500E-01       0.0000E+00       0.0000E+00       3.9292E-11       8.0102E-11       2.9192E-13       0.0000E+00       3.9108E-12       0.0000E+00       0.0000E+00       0.0000E+00       0.0000E+00
       2.5500E-01       0.0000E+00       0.0000E+00       1.8528E-05       3.7747E-05       1.3759E-07       0.0000E+00       1.8434E-06       0.0000E+00       0.0000E+00       0.0000E+00       0.0000E+00
       2.6500E-01       0.0000E+00       0.0000E+00       1.8535E-05       3.7739E-05       1.3759E-07       0.0000E+00       1.8434E-06       0.0000E+00       0.0000E+00       0.0000E+00       0.0000E+00
       2.7500E-01       0.0000E+00       0.0000E+00       1.8543E-05       3.7732E-05       1.3759E-07       0.0000E+00       1.8434E-06       0.0000E+00       0.0000E+00       0.0000E+00       0.0000E+00
       2.8500E-01       0.0000E+00       0.0000E+00       1.8550E-05       3.7725E-05       1.3759E-07       0.0000E+00       1.8435E-06       0.0000E+00       0.0000E+00       0.0000E+00       0.0000E+00
       2.9500E-01       0.0000E+00       0.0000E+00       1.8556E-05       3.7718E-05       1.3759E-07       0.0000E+00       1.8435E-06       0.0000E+00       0.0000E+00       0.0000E+00       0.0000E+00
       3.0500E-01       0.0000E+00       0.0000E+00       1.8562E-05       3.7712E-05       1.3759E-07       0.0000E+00       1.8435E-06       0.0000E+00       0.0000E+00       0.0000E+00       0.0000E+00
       3.1500E-01       0.0000E+00       0.0000E+00       1.8568E-05       3.7707E-05       1.3759E-07       0.0000E+00       1.8436E-06       0.0000E+00       0.0000E+00       0.0000E+00       0.0000E+00
       3.2500E-01       0.0000E+00       0.0000E+00       1.8573E-05       3.7701E-05       1.3759E-07       0.0000E+00       1.8436E-06       0.0000E+00       0.0000E+00       0.0000E+00       0.0000E+00
       3.3500E-01       0.0000E+00       0.0000E+00       1.8578E-05       3.7697E-05       1.3759E-07       0.0000E+00       1.8436E-06       0.0000E+00       0.0000E+00       0.0000E+00       0.0000E+00
       3.4500E-01       0.0000E+00       0.0000E+00       1.8582E-05       3.7692E-05       1.3758E-07       0.0000E+00       1.8436E-06       0.0000E+00       0.0000E+00       0.0000E+00       0.0000E+00
       3.5500E-01       0.0000E+00       0.0000E+00       1.8586E-05       3.7689E-05       1.3758E-07       0.0000E+00       1.8436E-06       0.0000E+00       0.0000E+00       0.0000E+00       0.0000E+00
       3.6500E-01       0.0000E+00       0.0000E+00       1.8589E-05       3.7685E-05       1.3758E-07       0.0000E+00       1.8437E-06       0.0000E+00       0.0000E+00       0.0000E+00       0.0000E+00
       3.7500E-01       0.0000E+00       0.0000E+00       1.8592E-05       3.7682E-05       1.3757E-07       0.0000E+00       1.8437E-06       0.0000E+00       0.0000E+00       0.0000E+00       0.0000E+00
       3.8500E-01       0.0000E+00       0.0000E+00       1.8595E-05       3.7680E-05       1.3757E-07       0.0000E+00       1.8437E-06       0.0000E+00       0.0000E+00       0.0000E+00       0.0000E+00
       3.9500E-01       0.0000E+00       0.0000E+00       1.8597E-05       3.7678E-05       1.3757E-07       0.0000E+00       1.8437E-06       0.0000E+00       0.0000E+00       0.0000E+00       0.0000E+00
       4.0500E-01       0.0000E+00       0.0000E+00       1.8598E-05       3.7676E-05       1.3756E-07       0.0000E+00       1.8437E-06       0.0000E+00       0.0000E+00       0.0000E+00       0.0000E+00
       4.1500E-01       0.0000E+00       0.0000E+00       1.8600E-05       3.7674E-05       1.3756E-07       0.0000E+00       1.8437E-06       0.0000E+00       0.0000E+00       0.0000E+00       0.0000E+00
       4.2500E-01       0.0000E+00       0.0000E+00       1.8601E-05       3.7673E-05       1.3755E-07       0.0000E+00       1.8437E-06       0.0000E+00       0.0000E+00       0.0000E+00       0.0000E+00
       4.3500E-01       0.0000E+00       0.0000E+00       1.8602E-05       3.7672E-05       1.3754E-07       0.0000E+00       1.8437E-06       0.0000E+00       0.0000E+00       0.0000E+00       0.0000E+00
       4.4500E-01       0.0000E+00       0.0000E+00       1.8603E-05       3.7671E-05       1.3754E-07       0.0000E+00       1.8437E-06       0.0000E+00       0.0000E+00       0.0000E+00       0.0000E+00
       4.5500E-01       0.0000E+00       0.0000E+00       1.8604E-05       3.7671E-05       1.3753E-07       0.0000E+00       1.8437E-06       0.0000E+00       0.0000E+00       0.0000E+00       0.0000E+00
       4.6500E-01       0.0000E+00       0.0000E+00       1.8604E-05       3.7670E-05       1.3752E-07       0.0000E+00       1.8437E-06       0.0000E+00       0.0000E+00       0.0000E+00       0.0000E+00
       4.7500E-01       0.0000E+00       0.0000E+00       1.8605E-05       3.7670E-05       1.3751E-07       0.0000E+00       1.8437E-06       0.0000E+00       0.0000E+00       0.0000E+00       0.0000E+00
       4.8500E-01       0.0000E+00       0.0000E+00       1.8605E-05       3.7669E-05       1.3751E-07       0.0000E+00       1.8437E-06       0.0000E+00       0.0000E+00       0.0000E+00       0.0000E+00
       4.9500E-01       0.0000E+00       0.0000E+00       1.8605E-05       3.7669E-05       1.3750E-07       0.0000E+00       1.8437E-06       0.0000E+00       0.0000E+00       0.0000E+00       0.0000E+00
       5.0500E-01       0.0000E+00       0.0000E+00       1.8605E-05       3.7669E-05       1.3749E-07       0.0000E+00       1.8437E-06       0.0000E+00       0.0000E+00       0.0000E+00       0.0000E+00
       5.1500E-01       0.0000E+00       0.0000E+00       1.8605E-05       3.7669E-05       1.3748E-07       0.0000E+00       1.8437E-06       0.0000E+00       0.0000E+00       0.0000E+00       0.0000E+00
       5.2500E-01       0.0000E+00       0.0000E+00       1.8606E-05       3.7669E-05       1.3747E-07       0.0000E+00       1.8437E-06       0.0000E+00       0.0000E+00       0.0000E+00       0.0000E+00
       5.3500E-01       0.0000E+00       0.0000E+00       1.8606E-05       3.7669E-05       1.3746E-07       0.0000E+00       1.8437E-06       0.0000E+00       0.0000E+00       0.0000E+00       0.0000E+00
       5.4500E-01       0.0000E+00       0.0000E+00       1.8606E-05       3.7669E-05       1.3744E-07       0.0000E+00       1.8437E-06       0.0000E+00       0.0000E+00       0.0000E+00       0.0000E+00
       5.5500E-01       0.0000E+00       0.0000E+00       1.8606E-05       3.7669E-05       1.3743E-07       0.0000E+00       1.8437E-06       0.0000E+00       0.0000E+00       0.0000E+00       0.0000E+00
       5.6500E-01       0.0000E+00       0.0000E+00       1.8606E-05       3.7669E-05       1.3742E-07       0.0000E+00       1.8437E-06       0.0000E+00       0.0000E+00       0.0000E+00       0.0000E+00
       5.7500E-01       0.0000E+00       0.0000E+00       1.8606E-05       3.7669E-05       1.3741E-07       0.0000E+00       1.8437E-06       0.0000E+00       0.0000E+00       0.0000E+00       0.0000E+00
       5.8500E-01       0.0000E+00       0.0000E+00       1.8606E-05       3.7669E-05       1.3739E-07       0.0000E+00       1.8436E-06       0.0000E+00       0.0000E+00       0.0000E+00       0.0000E+00
       5.9500E-01       0.0000E+00       0.0000E+00       1.8606E-05       3.7669E-05       1.3738E-07       0.0000E+00       1.8436E-06       0.0000E+00       0.0000E+00       0.0000E+00       0.0000E+00
       6.0500E-01       0.0000E+00       0.0000E+00       1.8606E-05       3.7669E-05       1.3736E-07       0.0000E+00       1.8436E-06       0.0000E+00       0.0000E+00       0.0000E+00       0.0000E+00
       6.1500E-01       0.0000E+00       0.0000E+00       1.8606E-05       3.7669E-05       1.3734E-07       0.0000E+00       1.8436E-06       0.0000E+00       0.0000E+00       0.0000E+00       0.0000E+00
       6.2500E-01       0.0000E+00       0.0000E+00       1.8606E-05       3.7669E-05       1.3733E-07       0.0000E+00       1.8436E-06       0.0000E+00       0.0000E+00       0.0000E+00       0.0000E+00
       6.3500E-01       0.0000E+00       0.0000E+00       1.8606E-05       3.7669E-05       1.3731E-07       0.0000E+00       1.8436E-06       0.0000E+00       0.0000E+00       0.0000E+00       0.0000E+00
       6.4500E-01       0.0000E+00       0.0000E+00       1.8606E-05       3.7669E-05       1.3729E-07       0.0000E+00       1.8436E-06       0.0000E+00       0.0000E+00       0.0000E+00       0.0000E+00
       6.5500E-01       0.0000E+00       0.0000E+00       1.8606E-05       3.7669E-05       1.3727E-07       0.0000E+00       1.8436E-06       0.0000E+00       0.0000E+00       0.0000E+00       0.0000E+00
       6.6500E-01       0.0000E+00       0.0000E+00       1.8606E-05       3.7669E-05       1.3725E-07       0.0000E+00       1.8436E-06       0.0000E+00       0.0000E+00       0.0000E+00       0.0000E+00
       6.7500E-01       0.0000E+00       0.0000E+00       1.8606E-05       3.7669E-05       1.3722E-07       0.0000E+00       1.8436E-06       0.0000E+00       0.0000E+00       0.0000E+00       0.0000E+00
       6.8500E-01       0.0000E+00       0.0000E+00       1.8606E-05       3.7669E-05       1.3720E-07       0.0000E+00       1.8436E-06       0.0000E+00       0.0000E+00       0.0000E+00       0.0000E+00
       6.9500E-01       0.0000E+00       0.0000E+00       1.8606E-05       3.7669E-05       1.3717E-07       0.0000E+00       1.8435E-06       0.0000E+00       0.0000E+00       0.0000E+00       0.0000E+00
       7.0500E-01       0.0000E+00       0.0000E+00       1.8606E-05       3.7669E-05       1.3715E-07       0.0000E+00       1.8435E-06       0.0000E+00       0.0000E+00       0.0000E+00       0.0000E+00
       7.1500E-01       0.0000E+00       0.0000E+00       1.8606E-05       3.7669E-05       1.3712E-07       0.0000E+00       1.8435E-06       0.0000E+00       0.0000E+00       0.0000E+00       0.0000E+00
       7.2500E-01       0.0000E+00       0.0000E+00       1.8606E-05       3.7669E-05       1.3709E-07       0.0000E+00       1.8435E-06       0.0000E+00       0.0000E+00       0.0000E+00       0.0000E+00
       7.3500E-01       0.0000E+00       0.0000E+00       1.8606E-05       3.7669E-05       1.3706E-07       0.0000E+00       1.8435E-06       0.0000E+00       0.0000E+00       0.0000E+00       0.0000E+00
       7.4500E-01       0.0000E+00       0.0000E+00       1.8606E-05       3.7669E-05       1.3703E-07       0.0000E+00       1.8435E-06       0.0000E+00       0.0000E+00       0.0000E+00       0.0000E+00
       7.5500E-01       0.0000E+00       0.0000E+00       1.8606E-05       3.7669E-05       1.3699E-07       0.0000E+00       1.8435E-06       0.0000E+00       0.0000E+00       0.0000E+00       0.0000E+00
       7.6500E-01       0.0000E+00       0.0000E+00       1.8606E-05       3.7669E-05       1.3696E-07       0.0000E+00       1.8435E-06       0.0000E+00       0.0000E+00       0.0000E+00       0.0000E+00
       7.7500E-01       0.0000E+00       0.0000E+00       1.8606E-05       3.7669E-05       1.3692E-07       0.0000E+00       1.8434E-06       0.0000E+00       0.0000E+00       0.0000E+00       0.0000E+00
       7.8500E-01       0.0000E+00       0.0000E+00       1.8606E-05       3.7669E-05       1.3688E-07       0.0000E+00       1.8434E-06       0.0000E+00       0.0000E+00       0.0000E+00       0.0000E+00
       7.9500E-01       0.0000E+00       0.0000E+00       1.8606E-05       3.7669E-05       1.3684E-07       0.0000E+00       1.8434E-06       0.0000E+00       0.0000E+00       0.0000E+00       0.0000E+00
       8.0500E-01       0.0000E+00       0.0000E+00       1.8606E-05       3.7669E-05       1.3680E-07       0.0000E+00       1.8434E-06       0.0000E+00       0.0000E+00       0.0000E+00       0.0000E+00
       8.1500E-01       0.0000E+00       0.0000E+00       1.8606E-05       3.7669E-05       1.3675E-07       0.0000E+00       1.8434E-06       0.0000E+00       0.0000E+00       0.0000E+00       0.0000E+00
       8.2500E-01       0.0000E+00       0.0000E+00       1.8606E-05       3.7669E-05       1.3670E-07       0.0000E+00       1.8433E-06       0.0000E+00       0.0000E+00       0.0000E+00       0.0000E+00
       8.3500E-01       0.0000E+00       0.0000E+00       1.8606E-05       3.7669E-05       1.3665E-07       0.0000E+00       1.8433E-06       0.0000E+00       0.0000E+00       0.0000E+00       0.0000E+00
       8.4500E-01       0.0000E+00       0.0000E+00       1.8606E-05       3.7669E-05       1.3660E-07       0.0000E+00       1.8433E-06       0.0000E+00       0.0000E+00       0.0000E+00       0.0000E+00
       8.5500E-01       0.0000E+00       0.0000E+00       1.8606E-05       3.7669E-05       1.3655E-07       0.0000E+00       1.8433E-06       0.0000E+00       0.0000E+00       0.0000E+00       0.0000E+00
       8.6500E-01       0.0000E+00       0.0000E+00       1.8606E-05       3.7669E-05       1.3649E-07       0.0000E+00       1.8432E-06       0.0000E+00       0.0000E+00       0.0000E+00       0.0000E+00
       8.7500E-01       0.0000E+00       0.0000E+00       1.8606E-05       3.7669E-05       1.3643E-07       0.0000E+00       1.8432E-06       0.0000E+00       0.0000E+00       0.0000E+00       0.0000E+00
       8.8500E-01       0.0000E+00       0.0000E+00       1.8606E-05       3.7669E-05       1.3637E-07       0.0000E+00       1.8432E-06       0.0000E+00       0.0000E+00       0.0000E+00       0.0000E+00
       8.9500E-01       0.0000E+00       0.0000E+00       1.8606E-05       3.7669E-05       1.3631E-07       0.0000E+00       1.8432E-06       0.0000E+00       0.0000E+00       0.0000E+00       0.0000E+00
       9.0500E-01       0.0000E+00       0.0000E+00       1.8606E-05       3.7669E-05       1.3624E-07       0.0000E+00       1.8431E-06       0.0000E+00       0.0000E+00       0.0000E+00       0.0000E+00
       9.1500E-01       0.0000E+00       0.0000E+00       1.8606E-05       3.7669E-05       1.3617E-07       0.0000E+00       1.8431E-06       0.0000E+00       0.0000E+00       0.0000E+00       0.0000E+00
       9.2500E-01       0.0000E+00       0.0000E+00       1.8606E-05       3.7669E-05       1.3610E-07       0.0000E+00       1.8431E-06       0.0000E+00       0.0000E+00       0.0000E+00       0.0000E+00
       9.3500E-01       0.0000E+00       0.0000E+00       1.8606E-05       3.7669E-05       1.3602E-07       0.0000E+00       1.8430E-06       0.0000E+00       0.0000E+00       0.0000E+00       0.0000E+00
       9.4500E-01       0.0000E+00       0.0000E+00       1.8606E-05       3.7669E-05       1.3594E-07       0.0000E+00       1.8430E-06       0.0000E+00       0.0000E+00       0.0000E+00       0.0000E+00
       9.5500E-01       0.0000E+00       0.0000E+00       1.8606E-05       3.7669E-05       1.3586E-07       0.0000E+00       1.8430E-06       0.0000E+00       0.0000E+00       0.0000E+00       0.0000E+00
       9.6500E-01       0.0000E+00       0.0000E+00       1.8606E-05       3.7669E-05       1.3577E-07       0.0000E+00       1.8429E-06       0.0000E+00       0.0000E+00       0.0000E+00       0.0000E+00
       9.7500E-01       0.0000E+00       0.0000E+00       1.8606E-05       3.7669E-05       1.3568E-07       0.0000E+00       1.8429E-06       0.0000E+00       0.0000E+00       0.0000E+00       0.0000E+00
       9.8500E-01       0.0000E+00       0.0000E+00       1.8606E-05       3.7669E-05       1.3559E-07       0.0000E+00       1.8428E-06       0.0000E+00       0.0000E+00       0.0000E+00       0.0000E+00
       9.9500E-01       0.0000E+00       0.0000E+00       1.8606E-05       3.7669E-05       1.3549E-07       0.0000E+00       1.8428E-06       0.0000E+00       0.0000E+00       0.0000E+00       0.0000E+00
       1.0050E+00       0.0000E+00       0.0000E+00       1.8606E-05       3.7670E-05       1.3539E-07       0.0000E+00       1.8427E-06       0.0000E+00       0.0000E+00       0.0000E+00       0.0000E+00
       1.0150E+00       0.0000E+00       0.0000E+00       1.8606E-05       3.7670E-05       1.3528E-07       0.0000E+00       1.8427E-06       0.0000E+00       0.0000E+00       0.0000E+00       0.0000E+00
       1.0250E+00       0.0000E+00       0.0000E+00       1.8606E-05       3.7670E-05       1.3518E-07       0.0000E+00       1.8426E-06       0.0000E+00       0.0000E+00       0.0000E+00       0.0000E+00
       1.0350E+00       0.0000E+00       0.0000E+00       1.8607E-05       3.7670E-05       1.3506E-07       0.0000E+00       1.8426E-06       0.0000E+00       0.0000E+00       0.0000E+00       0.0000E+00
       1.0450E+00       0.0000E+00       0.0000E+00       1.8607E-05       3.7670E-05       1.3494E-07       0.0000E+00       1.8425E-06       0.0000E+00       0.0000E+00       0.0000E+00       0.0000E+00
       1.0550E+00       0.0000E+00       0.0000E+00       1.8607E-05       3.7670E-05       1.3482E-07       0.0000E+00       1.8425E-06       0.0000E+00       0.0000E+00       0.0000E+00       0.0000E+00
       1.0650E+00       0.0000E+00       0.0000E+00       1.8607E-05       3.7670E-05       1.3470E-07       0.0000E+00       1.8424E-06       0.0000E+00       0.0000E+00       0.0000E+00       0.0000E+00
       1.0750E+00       0.0000E+00       0.0000E+00       1.8607E-05       3.7670E-05       1.3457E-07       0.0000E+00       1.8424E-06       0.0000E+00       0.0000E+00       0.0000E+00       0.0000E+00
       1.0850E+00       0.0000E+00       0.0000E+00       1.8607E-05       3.7670E-05       1.3443E-07       0.0000E+00       1.8423E-06       0.0000E+00       0.0000E+00       0.0000E+00       0.0000E+00
       1.0950E+00       0.0000E+00       0.0000E+00       1.8607E-05       3.7670E-05       1.3429E-07       0.0000E+00       1.8422E-06       0.0000E+00       0.0000E+00       0.0000E+00       0.0000E+00
       1.1050E+00       0.0000E+00       0.0000E+00       1.8607E-05       3.7670E-05       1.3414E-07       0.0000E+00       1.8422E-06       0.0000E+00       0.0000E+00       0.0000E+00       0.0000E+00
       1.1150E+00       0.0000E+00       0.0000E+00       1.8607E-05       3.7670E-05       1.3399E-07       0.0000E+00       1.8421E-06       0.0000E+00       0.0000E+00       0.0000E+00       0.0000E+00
       1.1250E+00       0.0000E+00       0.0000E+00       1.8607E-05       3.7670E-05       1.3384E-07       0.0000E+00       1.8420E-06       0.0000E+00       0.0000E+00       0.0000E+00       0.0000E+00
       1.1350E+00       0.0000E+00       0.0000E+00       1.8607E-05       3.7670E-05       1.3368E-07       0.0000E+00       1.8419E-06       0.0000E+00       0.0000E+00       0.0000E+00       0.0000E+00
       1.1450E+00       0.0000E+00       0.0000E+00       1.8607E-05       3.7670E-05       1.3351E-07       0.0000E+00       1.8419E-06       0.0000E+00       0.0000E+00       0.0000E+00       0.0000E+00
       1.1550E+00       0.0000E+00       0.0000E+00       1.8607E-05       3.7670E-05       1.3334E-07       0.0000E+00       1.8418E-06       0.0000E+00       0.0000E+00       0.0000E+00       0.0000E+00
       1.1650E+00       0.0000E+00       0.0000E+00       1.8607E-05       3.7670E-05       1.3316E-07       0.0000E+00       1.8417E-06       0.0000E+00       0.0000E+00       0.0000E+00       0.0000E+00
       1.1750E+00       0.0000E+00       0.0000E+00       1.8607E-05       3.7671E-05       1.3298E-07       0.0000E+00       1.8416E-06       0.0000E+00       0.0000E+00       0.0000E+00       0.0000E+00
       1.1850E+00       0.0000E+00       0.0000E+00       1.8607E-05       3.7671E-05       1.3280E-07       0.0000E+00       1.8415E-06       0.0000E+00       0.0000E+00       0.0000E+00       0.0000E+00
       1.1950E+00       0.0000E+00       0.0000E+00       1.8607E-05       3.7671E-05       1.3260E-07       0.0000E+00       1.8414E-06       0.0000E+00       0.0000E+00       0.0000E+00       0.0000E+00
       1.2050E+00       0.0000E+00       0.0000E+00       1.8607E-05       3.7671E-05       1.3240E-07       0.0000E+00       1.8413E-06       0.0000E+00       0.0000E+00       0.0000E+00       0.0000E+00
       1.2150E+00       0.0000E+00       0.0000E+00       1.8607E-05       3.7671E-05       1.3220E-07       0.0000E+00       1.8412E-06       0.0000E+00       0.0000E+00       0.0000E+00       0.0000E+00
       1.2250E+00       0.0000E+00       0.0000E+00       1.8607E-05       3.7671E-05       1.3199E-07       0.0000E+00       1.8411E-06       0.0000E+00       0.0000E+00       0.0000E+00       0.0000E+00
       1.2350E+00       0.0000E+00       0.0000E+00       1.8607E-05       3.7671E-05       1.3177E-07       0.0000E+00       1.8410E-06       0.0000E+00       0.0000E+00       0.0000E+00       0.0000E+00
       1.2450E+00       0.0000E+00       0.0000E+00       1.8608E-05       3.7671E-05       1.3155E-07       0.0000E+00       1.8409E-06       0.0000E+00       0.0000E+00       0.0000E+00       0.0000E+00
       1.2550E+00       0.0000E+00       0.0000E+00       1.8608E-05       3.7671E-05       1.3132E-07       0.0000E+00       1.8408E-06       0.0000E+00       0.0000E+00       0.0000E+00       0.0000E+00
       1.2650E+00       0.0000E+00       0.0000E+00       1.8608E-05       3.7671E-05       1.3108E-07       0.0000E+00       1.8407E-06       0.0000E+00       0.0000E+00       0.0000E+00       0.0000E+00
       1.2750E+00       0.0000E+00       0.0000E+00       1.8608E-05       3.7672E-05       1.3084E-07       0.0000E+00       1.8406E-06       0.0000E+00       0.0000E+00       0.0000E+00       0.0000E+00
       1.2850E+00       0.0000E+00       0.0000E+00       1.8608E-05       3.7672E-05       1.3060E-07       0.0000E+00       1.8405E-06       0.0000E+00       0.0000E+00       0.0000E+00       0.0000E+00
       1.2950E+00       0.0000E+00       0.0000E+00       1.8608E-05       3.7672E-05       1.3034E-07       0.0000E+00       1.8404E-06       0.0000E+00       0.0000E+00       0.0000E+00       0.0000E+00
       1.3050E+00       0.0000E+00       0.0000E+00       1.8608E-05       3.7672E-05       1.3008E-07       0.0000E+00       1.8402E-06       0.0000E+00       0.0000E+00       0.0000E+00       0.0000E+00
       1.3150E+00       0.0000E+00       0.0000E+00       1.8608E-05       3.7672E-05       1.2982E-07       0.0000E+00       1.8401E-06       0.0000E+00       0.0000E+00       0.0000E+00       0.0000E+00
       1.3250E+00       0.0000E+00       0.0000E+00       1.8608E-05       3.7672E-05       1.2954E-07       0.0000E+00       1.8400E-06       0.0000E+00       0.0000E+00       0.0000E+00       0.0000E+00
       1.3350E+00       0.0000E+00       0.0000E+00       1.8608E-05       3.7672E-05       1.2927E-07       0.0000E+00       1.8398E-06       0.0000E+00       0.0000E+00       0.0000E+00       0.0000E+00
       1.3450E+00       0.0000E+00       0.0000E+00       1.8608E-05       3.7672E-05       1.2898E-07       0.0000E+00       1.8397E-06       0.0000E+00       0.0000E+00       0.0000E+00       0.0000E+00
       1.3550E+00       0.0000E+00       0.0000E+00       1.8608E-05       3.7672E-05       1.2869E-07       0.0000E+00       1.8395E-06       0.0000E+00       0.0000E+00       0.0000E+00       0.0000E+00
       1.3650E+00       0.0000E+00       0.0000E+00       1.8609E-05       3.7673E-05       1.2839E-07       0.0000E+00       1.8394E-06       0.0000E+00       0.0000E+00       0.0000E+00       0.0000E+00
       1.3750E+00       0.0000E+00       0.0000E+00       1.8609E-05       3.7673E-05       1.2809E-07       0.0000E+00       1.8392E-06       0.0000E+00       0.0000E+00       0.0000E+00       0.0000E+00
       1.3850E+00       0.0000E+00       0.0000E+00       1.8609E-05       3.7673E-05       1.2778E-07       0.0000E+00       1.8391E-06       0.0000E+00       0.0000E+00       0.0000E+00       0.0000E+00
       1.3950E+00       0.0000E+00       0.0000E+00       1.8609E-05       3.7673E-05       1.2747E-07       0.0000E+00       1.8389E-06       0.0000E+00       0.0000E+00       0.0000E+00       0.0000E+00
       1.4050E+00       0.0000E+00       0.0000E+00       1.8609E-05       3.7673E-05       1.2714E-07       0.0000E+00       1.8388E-06       0.0000E+00       0.0000E+00       0.0000E+00       0.0000E+00
       1.4150E+00       0.0000E+00       0.0000E+00       1.8609E-05       3.7673E-05       1.2682E-07       0.0000E+00       1.8386E-06       0.0000E+00       0.0000E+00       0.0000E+00       0.0000E+00
       1.4250E+00       0.0000E+00       0.0000E+00       1.8609E-05       3.7673E-05       1.2648E-07       0.0000E+00       1.8384E-06       0.0000E+00       0.0000E+00       0.0000E+00       0.0000E+00
       1.4350E+00       0.0000E+00       0.0000E+00       1.8609E-05       3.7674E-05       1.2614E-07       0.0000E+00       1.8382E-06       0.0000E+00       0.0000E+00       0.0000E+00       0.0000E+00
       1.4450E+00       0.0000E+00       0.0000E+00       1.8609E-05       3.7674E-05       1.2580E-07       0.0000E+00       1.8381E-06       0.0000E+00       0.0000E+00       0.0000E+00       0.0000E+00
       1.4550E+00       0.0000E+00       0.0000E+00       1.8609E-05       3.7674E-05       1.2545E-07       0.0000E+00       1.8379E-06       0.0000E+00       0.0000E+00       0.0000E+00       0.0000E+00
       1.4650E+00       0.0000E+00       0.0000E+00       1.8610E-05       3.7674E-05       1.2509E-07       0.0000E+00       1.8377E-06       0.0000E+00       0.0000E+00       0.0000E+00       0.0000E+00
       1.4750E+00       0.0000E+00       0.0000E+00       1.8610E-05       3.7674E-05       1.2473E-07       0.0000E+00       1.8375E-06       0.0000E+00       0.0000E+00       0.0000E+00       0.0000E+00
       1.4850E+00       0.0000E+00       0.0000E+00       1.8610E-05       3.7674E-05       1.2436E-07       0.0000E+00       1.8373E-06       0.0000E+00       0.0000E+00       0.0000E+00       0.0000E+00
       1.4950E+00       0.0000E+00       0.0000E+00       1.8610E-05       3.7675E-05       1.2399E-07       0.0000E+00       1.8371E-06       0.0000E+00       0.0000E+00       0.0000E+00       0.0000E+00
       1.5050E+00       0.0000E+00       0.0000E+00       1.8610E-05       3.7675E-05       1.2361E-07       0.0000E+00       1.8369E-06       0.0000E+00       0.0000E+00       0.0000E+00       0.0000E+00
       1.5150E+00       0.0000E+00       0.0000E+00       1.8610E-05       3.7675E-05       1.2323E-07       0.0000E+00       1.8367E-06       0.0000E+00       0.0000E+00       0.0000E+00       0.0000E+00
       1.5250E+00       0.0000E+00       0.0000E+00       1.8610E-05       3.7675E-05       1.2284E-07       0.0000E+00       1.8365E-06       0.0000E+00       0.0000E+00       0.0000E+00       0.0000E+00
       1.5350E+00       0.0000E+00       0.0000E+00       1.8610E-05       3.7675E-05       1.2244E-07       0.0000E+00       1.8363E-06       0.0000E+00       0.0000E+00       0.0000E+00       0.0000E+00
       1.5450E+00       0.0000E+00       0.0000E+00       1.8610E-05       3.7675E-05       1.2204E-07       0.0000E+00       1.8360E-06       0.0000E+00       0.0000E+00       0.0000E+00       0.0000E+00
       1.5550E+00       0.0000E+00       0.0000E+00       1.8611E-05       3.7676E-05       1.2164E-07       0.0000E+00       1.8358E-06       0.0000E+00       0.0000E+00       0.0000E+00       0.0000E+00
       1.5650E+00       0.0000E+00       0.0000E+00       1.8611E-05       3.7676E-05       1.2123E-07       0.0000E+00       1.8356E-06       0.0000E+00       0.0000E+00       0.0000E+00       0.0000E+00
       1.5750E+00       0.0000E+00       0.0000E+00       1.8611E-05       3.7676E-05       1.2082E-07       0.0000E+00       1.8353E-06       0.0000E+00       0.0000E+00       0.0000E+00       0.0000E+00
       1.5850E+00       0.0000E+00       0.0000E+00       1.8611E-05       3.7676E-05       1.2041E-07       0.0000E+00       1.8351E-06       0.0000E+00       0.0000E+00       0.0000E+00       0.0000E+00
       1.5950E+00       0.0000E+00       0.0000E+00       1.8611E-05       3.7676E-05       1.1999E-07       0.0000E+00       1.8348E-06       0.0000E+00       0.0000E+00       0.0000E+00       0.0000E+00
       1.6050E+00       0.0000E+00       0.0000E+00       1.8611E-05       3.7677E-05       1.1957E-07       0.0000E+00       1.8346E-06       0.0000E+00       0.0000E+00       0.0000E+00       0.0000E+00
       1.6150E+00       0.0000E+00       0.0000E+00       1.8611E-05       3.7677E-05       1.1914E-07       0.0000E+00       1.8343E-06       0.0000E+00       0.0000E+00       0.0000E+00       0.0000E+00
       1.6250E+00       0.0000E+00       0.0000E+00       1.8612E-05       3.7677E-05       1.1871E-07       0.0000E+00       1.8341E-06       0.0000E+00       0.0000E+00       0.0000E+00       0.0000E+00
       1.6350E+00       0.0000E+00       0.0000E+00       1.8612E-05       3.7677E-05       1.1827E-07       0.0000E+00       1.8338E-06       0.0000E+00       0.0000E+00       0.0000E+00       0.0000E+00
       1.6450E+00       0.0000E+00       0.0000E+00       1.8612E-05       3.7677E-05       1.1784E-07       0.0000E+00       1.8336E-06       0.0000E+00       0.0000E+00       0.0000E+00       0.0000E+00
       1.6550E+00       0.0000E+00       0.0000E+00       1.8612E-05       3.7678E-05       1.1740E-07       0.0000E+00       1.8333E-06       0.0000E+00       0.0000E+00       0.0000E+00       0.0000E+00
       1.6650E+00       0.0000E+00       0.0000E+00       1.8612E-05       3.7678E-05       1.1696E-07       0.0000E+00       1.8330E-06       0.0000E+00       0.0000E+00       0.0000E+00       0.0000E+00
       1.6750E+00       0.0000E+00       0.0000E+00       1.8612E-05       3.7678E-05       1.1651E-07       0.0000E+00       1.8327E-06       0.0000E+00       0.0000E+00       0.0000E+00       0.0000E+00
       1.6850E+00       0.0000E+00       0.0000E+00       1.8612E-05       3.7678E-05       1.1607E-07       0.0000E+00       1.8324E-06       0.0000E+00       0.0000E+00       0.0000E+00       0.0000E+00
       1.6950E+00       0.0000E+00       0.0000E+00       1.8613E-05       3.7679E-05       1.1562E-07       0.0000E+00       1.8321E-06       0.0000E+00       0.0000E+00       0.0000E+00       0.0000E+00
       1.7050E+00       0.0000E+00       0.0000E+00       1.8613E-05       3.7679E-05       1.1517E-07       0.0000E+00       1.8318E-06       0.0000E+00       0.0000E+00       0.0000E+00       0.0000E+00
       1.7150E+00       0.0000E+00       0.0000E+00       1.8613E-05       3.7679E-05       1.1472E-07       0.0000E+00       1.8315E-06       0.0000E+00       0.0000E+00       0.0000E+00       0.0000E+00
       1.7250E+00       0.0000E+00       0.0000E+00       1.8613E-05       3.7679E-05       1.1426E-07       0.0000E+00       1.8312E-06       0.0000E+00       0.0000E+00       0.0000E+00       0.0000E+00
       1.7350E+00       0.0000E+00       0.0000E+00       1.8613E-05       3.7679E-05       1.1381E-07       0.0000E+00       1.8309E-06       0.0000E+00       0.0000E+00       0.0000E+00       0.0000E+00
       1.7450E+00       0.0000E+00       0.0000E+00       1.8613E-05       3.7680E-05       1.1335E-07       0.0000E+00       1.8306E-06       0.0000E+00       0.0000E+00       0.0000E+00       0.0000E+00
       1.7550E+00       0.0000E+00       0.0000E+00       1.8613E-05       3.7680E-05       1.1290E-07       0.0000E+00       1.8302E-06       0.0000E+00       0.0000E+00       0.0000E+00       0.0000E+00
       1.7650E+00       0.0000E+00       0.0000E+00       1.8614E-05       3.7680E-05       1.1244E-07       0.0000E+00       1.8299E-06       0.0000E+00       0.0000E+00       0.0000E+00       0.0000E+00
       1.7750E+00       0.0000E+00       0.0000E+00       1.8614E-05       3.7680E-05       1.1198E-07       0.0000E+00       1.8296E-06       0.0000E+00       0.0000E+00       0.0000E+00       0.0000E+00
       1.7850E+00       0.0000E+00       0.0000E+00       1.8614E-05       3.7681E-05       1.1153E-07       0.0000E+00       1.8292E-06       0.0000E+00       0.0000E+00       0.0000E+00       0.0000E+00
       1.7950E+00       0.0000E+00       0.0000E+00       1.8614E-05       3.7681E-05       1.1107E-07       0.0000E+00       1.8289E-06       0.0000E+00       0.0000E+00       0.0000E+00       0.0000E+00
       1.8050E+00       0.0000E+00       0.0000E+00       1.8614E-05       3.7681E-05       1.1061E-07       0.0000E+00       1.8285E-06       0.0000E+00       0.0000E+00       0.0000E+00       0.0000E+00
       1.8150E+00       0.0000E+00       0.0000E+00       1.8614E-05       3.7681E-05       1.1016E-07       0.0000E+00       1.8282E-06       0.0000E+00       0.0000E+00       0.0000E+00       0.0000E+00
       1.8250E+00       0.0000E+00       0.0000E+00       1.8615E-05       3.7682E-05       1.0970E-07       0.0000E+00       1.8278E-06       0.0000E+00       0.0000E+00       0.0000E+00       0.0000E+00
       1.8350E+00       0.0000E+00       0.0000E+00       1.8615E-05       3.7682E-05       1.0925E-07       0.0000E+00       1.8274E-06       0.0000E+00       0.0000E+00       0.0000E+00       0.0000E+00
       1.8450E+00       0.0000E+00       0.0000E+00       1.8615E-05       3.7682E-05       1.0880E-07       0.0000E+00       1.8270E-06       0.0000E+00       0.0000E+00       0.0000E+00       0.0000E+00
       1.8550E+00       0.0000E+00       0.0000E+00       1.8615E-05       3.7682E-05       1.0835E-07       0.0000E+00       1.8266E-06       0.0000E+00       0.0000E+00       0.0000E+00       0.0000E+00
       1.8650E+00       0.0000E+00       0.0000E+00       1.8615E-05       3.7683E-05       1.0790E-07       0.0000E+00       1.8263E-06       0.0000E+00       0.0000E+00       0.0000E+00       0.0000E+00
       1.8750E+00       0.0000E+00       0.0000E+00       1.8615E-05       3.7683E-05       1.0745E-07       0.0000E+00       1.8258E-06       0.0000E+00       0.0000E+00       0.0000E+00       0.0000E+00
       1.8850E+00       0.0000E+00       0.0000E+00       1.8616E-05       3.7683E-05       1.0701E-07       0.0000E+00       1.8254E-06       0.0000E+00       0.0000E+00       0.0000E+00       0.0000E+00
       1.8950E+00       0.0000E+00       0.0000E+00       1.8616E-05       3.7683E-05       1.0656E-07       0.0000E+00       1.8250E-06       0.0000E+00       0.0000E+00       0.0000E+00       0.0000E+00
       1.9050E+00       0.0000E+00       0.0000E+00       1.8616E-05       3.7684E-05       1.0612E-07       0.0000E+00       1.8246E-06       0.0000E+00       0.0000E+00       0.0000E+00       0.0000E+00
       1.9150E+00       0.0000E+00       0.0000E+00       1.8616E-05       3.7684E-05       1.0569E-07       0.0000E+00       1.8242E-06       0.0000E+00       0.0000E+00       0.0000E+00       0.0000E+00
       1.9250E+00       0.0000E+00       0.0000E+00       1.8616E-05       3.7684E-05       1.0525E-07       0.0000E+00       1.8237E-06       0.0000E+00       0.0000E+00       0.0000E+00       0.0000E+00
       1.9350E+00       0.0000E+00       0.0000E+00       1.8616E-05       3.7684E-05       1.0482E-07       0.0000E+00       1.8233E-06       0.0000E+00       0.0000E+00       0.0000E+00       0.0000E+00
       1.9450E+00       0.0000E+00       0.0000E+00       1.8617E-05       3.7685E-05       1.0439E-07       0.0000E+00       1.8228E-06       0.0000E+00       0.0000E+00       0.0000E+00       0.0000E+00
       1.9550E+00       0.0000E+00       0.0000E+00       1.8617E-05       3.7685E-05       1.0397E-07       0.0000E+00       1.8224E-06       0.0000E+00       0.0000E+00       0.0000E+00       0.0000E+00
       1.9650E+00       0.0000E+00       0.0000E+00       1.8617E-05       3.7685E-05       1.0354E-07       0.0000E+00       1.8219E-06       0.0000E+00       0.0000E+00       0.0000E+00       0.0000E+00
       1.9750E+00       0.0000E+00       0.0000E+00       1.8617E-05       3.7686E-05       1.0313E-07       0.0000E+00       1.8214E-06       0.0000E+00       0.0000E+00       0.0000E+00       0.0000E+00
       1.9850E+00       0.0000E+00       0.0000E+00       1.8617E-05       3.7686E-05       1.0271E-07       0.0000E+00       1.8209E-06       0.0000E+00       0.0000E+00       0.0000E+00       0.0000E+00
       1.9950E+00       0.0000E+00       0.0000E+00       1.8618E-05       3.7686E-05       1.0230E-07       0.0000E+00       1.8204E-06       0.0000E+00       0.0000E+00       0.0000E+00       0.0000E+00
       2.0050E+00       0.0000E+00       0.0000E+00       1.8618E-05       3.7686E-05       1.0190E-07       0.0000E+00       1.8199E-06       0.0000E+00       0.0000E+00       0.0000E+00       0.0000E+00
       2.0150E+00       0.0000E+00       0.0000E+00       1.8618E-05       3.7687E-05       1.0150E-07       0.0000E+00       1.8194E-06       0.0000E+00       0.0000E+00       0.0000E+00       0.0000E+00
       2.0250E+00       0.0000E+00       0.0000E+00       1.8618E-05       3.7687E-05       1.0110E-07       0.0000E+00       1.8189E-06       0.0000E+00       0.0000E+00       0.0000E+00       0.0000E+00
       2.0350E+00       0.0000E+00       0.0000E+00       1.8618E-05       3.7687E-05       1.0071E-07       0.0000E+00       1.8183E-06       0.0000E+00       0.0000E+00       0.0000E+00       0.0000E+00
       2.0450E+00       0.0000E+00       0.0000E+00       1.8619E-05       3.7687E-05       1.0032E-07       0.0000E+00       1.8178E-06       0.0000E+00       0.0000E+00       0.0000E+00       0.0000E+00
       2.0550E+00       0.0000E+00       0.0000E+00       1.8619E-05       3.7688E-05       9.9939E-08       0.0000E+00       1.8172E-06       0.0000E+00       0.0000E+00       0.0000E+00       0.0000E+00
       2.0650E+00       0.0000E+00       0.0000E+00       1.8619E-05       3.7688E-05       9.9561E-08       0.0000E+00       1.8167E-06       0.0000E+00       0.0000E+00       0.0000E+00       0.0000E+00
       2.0750E+00       0.0000E+00       0.0000E+00       1.8619E-05       3.7688E-05       9.9189E-08       0.0000E+00       1.8161E-06       0.0000E+00       0.0000E+00       0.0000E+00       0.0000E+00
       2.0850E+00       0.0000E+00       0.0000E+00       1.8619E-05       3.7689E-05       9.8822E-08       0.0000E+00       1.8155E-06       0.0000E+00       0.0000E+00       0.0000E+00       0.0000E+00
       2.0950E+00       0.0000E+00       0.0000E+00       1.8619E-05       3.7689E-05       9.8460E-08       0.0000E+00       1.8149E-06       0.0000E+00       0.0000E+00       0.0000E+00       0.0000E+00
       2.1050E+00       0.0000E+00       0.0000E+00       1.8620E-05       3.7689E-05       9.8104E-08       0.0000E+00       1.8143E-06       0.0000E+00       0.0000E+00       0.0000E+00       0.0000E+00
       2.1150E+00       0.0000E+00       0.0000E+00       1.8620E-05       3.7689E-05       9.7753E-08       0.0000E+00       1.8136E-06       0.0000E+00       0.0000E+00       0.0000E+00       0.0000E+00
       2.1250E+00       0.0000E+00       0.0000E+00       1.8620E-05       3.7690E-05       9.7407E-08       0.0000E+00       1.8130E-06       0.0000E+00       0.0000E+00       0.0000E+00       0.0000E+00
       2.1350E+00       0.0000E+00       0.0000E+00       1.8620E-05       3.7690E-05       9.7068E-08       0.0000E+00       1.8124E-06       0.0000E+00       0.0000E+00       0.0000E+00       0.0000E+00
       2.1450E+00       0.0000E+00       0.0000E+00       1.8620E-05       3.7690E-05       9.6734E-08       0.0000E+00       1.8117E-06       0.0000E+00       0.0000E+00       0.0000E+00       0.0000E+00
       2.1550E+00       0.0000E+00       0.0000E+00       1.8621E-05       3.7691E-05       9.6405E-08       0.0000E+00       1.8110E-06       0.0000E+00       0.0000E+00       0.0000E+00       0.0000E+00
       2.1650E+00       0.0000E+00       0.0000E+00       1.8621E-05       3.7691E-05       9.6083E-08       0.0000E+00       1.8103E-06       0.0000E+00       0.0000E+00       0.0000E+00       0.0000E+00
       2.1750E+00       0.0000E+00       0.0000E+00       1.8621E-05       3.7691E-05       9.5766E-08       0.0000E+00       1.8096E-06       0.0000E+00       0.0000E+00       0.0000E+00       0.0000E+00
       2.1850E+00       0.0000E+00       0.0000E+00       1.8621E-05       3.7692E-05       9.5455E-08       0.0000E+00       1.8089E-06       0.0000E+00       0.0000E+00       0.0000E+00       0.0000E+00
       2.1950E+00       0.0000E+00       0.0000E+00       1.8621E-05       3.7692E-05       9.5151E-08       0.0000E+00       1.8082E-06       0.0000E+00       0.0000E+00       0.0000E+00       0.0000E+00
       2.2050E+00       0.0000E+00       0.0000E+00       1.8622E-05       3.7692E-05       9.4852E-08       0.0000E+00       1.8075E-06       0.0000E+00       0.0000E+00       0.0000E+00       0.0000E+00
       2.2150E+00       0.0000E+00       0.0000E+00       1.8622E-05       3.7692E-05       9.4559E-08       0.0000E+00       1.8067E-06       0.0000E+00       0.0000E+00       0.0000E+00       0.0000E+00
       2.2250E+00       0.0000E+00       0.0000E+00       1.8622E-05       3.7693E-05       9.4272E-08       0.0000E+00       1.8059E-06       0.0000E+00       0.0000E+00       0.0000E+00       0.0000E+00
       2.2350E+00       0.0000E+00       0.0000E+00       1.8622E-05       3.7693E-05       9.3991E-08       0.0000E+00       1.8052E-06       0.0000E+00       0.0000E+00       0.0000E+00       0.0000E+00
       2.2450E+00       0.0000E+00       0.0000E+00       1.8623E-05       3.7693E-05       9.3716E-08       0.0000E+00       1.8044E-06       0.0000E+00       0.0000E+00       0.0000E+00       0.0000E+00
       2.2550E+00       0.0000E+00       0.0000E+00       1.8623E-05       3.7694E-05       9.3448E-08       0.0000E+00       1.8035E-06       0.0000E+00       0.0000E+00       0.0000E+00       0.0000E+00
       2.2650E+00       0.0000E+00       0.0000E+00       1.8623E-05       3.7694E-05       9.3185E-08       0.0000E+00       1.8027E-06       0.0000E+00       0.0000E+00       0.0000E+00       0.0000E+00
       2.2750E+00       0.0000E+00       0.0000E+00       1.8623E-05       3.7694E-05       9.2928E-08       0.0000E+00       1.8019E-06       0.0000E+00       0.0000E+00       0.0000E+00       0.0000E+00
       2.2850E+00       0.0000E+00       0.0000E+00       1.8623E-05       3.7695E-05       9.2677E-08       0.0000E+00       1.8010E-06       0.0000E+00       0.0000E+00       0.0000E+00       0.0000E+00
       2.2950E+00       0.0000E+00       0.0000E+00       1.8624E-05       3.7695E-05       9.2433E-08       0.0000E+00       1.8001E-06       0.0000E+00       0.0000E+00       0.0000E+00       0.0000E+00
       2.3050E+00       0.0000E+00       0.0000E+00       1.8624E-05       3.7695E-05       9.2194E-08       0.0000E+00       1.7992E-06       0.0000E+00       0.0000E+00       0.0000E+00       0.0000E+00
       2.3150E+00       0.0000E+00       0.0000E+00       1.8624E-05       3.7696E-05       9.1961E-08       0.0000E+00       1.7983E-06       0.0000E+00       0.0000E+00       0.0000E+00       0.0000E+00
       2.3250E+00       0.0000E+00       0.0000E+00       1.8624E-05       3.7696E-05       9.1735E-08       0.0000E+00       1.7974E-06       0.0000E+00       0.0000E+00       0.0000E+00       0.0000E+00
       2.3350E+00       0.0000E+00       0.0000E+00       1.8625E-05       3.7696E-05       9.1514E-08       0.0000E+00       1.7964E-06       0.0000E+00       0.0000E+00       0.0000E+00       0.0000E+00
       2.3450E+00       0.0000E+00       0.0000E+00       1.8625E-05       3.7697E-05       9.1299E-08       0.0000E+00       1.7955E-06       0.0000E+00       0.0000E+00       0.0000E+00       0.0000E+00
       2.3550E+00       0.0000E+00       0.0000E+00       1.8625E-05       3.7697E-05       9.1089E-08       0.0000E+00       1.7945E-06       0.0000E+00       0.0000E+00       0.0000E+00       0.0000E+00
       2.3650E+00       0.0000E+00       0.0000E+00       1.8625E-05       3.7698E-05       9.0886E-08       0.0000E+00       1.7935E-06       0.0000E+00       0.0000E+00       0.0000E+00       0.0000E+00
       2.3750E+00       0.0000E+00       0.0000E+00       1.8626E-05       3.7698E-05       9.0688E-08       0.0000E+00       1.7925E-06       0.0000E+00       0.0000E+00       0.0000E+00       0.0000E+00
       2.3850E+00       0.0000E+00       0.0000E+00       1.8626E-05       3.7698E-05       9.0496E-08       0.0000E+00       1.7914E-06       0.0000E+00       0.0000E+00       0.0000E+00       0.0000E+00
       2.3950E+00       0.0000E+00       0.0000E+00       1.8626E-05       3.7699E-05       9.0310E-08       0.0000E+00       1.7904E-06       0.0000E+00       0.0000E+00       0.0000E+00       0.0000E+00
       2.4050E+00       0.0000E+00       0.0000E+00       1.8626E-05       3.7699E-05       9.0129E-08       0.0000E+00       1.7893E-06       0.0000E+00       0.0000E+00       0.0000E+00       0.0000E+00
       2.4150E+00       0.0000E+00       0.0000E+00       1.8627E-05       3.7699E-05       8.9954E-08       0.0000E+00       1.7882E-06       0.0000E+00       0.0000E+00       0.0000E+00       0.0000E+00
       2.4250E+00       0.0000E+00       0.0000E+00       1.8627E-05       3.7700E-05       8.9784E-08       0.0000E+00       1.7871E-06       0.0000E+00       0.0000E+00       0.0000E+00       0.0000E+00
       2.4350E+00       0.0000E+00       0.0000E+00       1.8627E-05       3.7700E-05       8.9620E-08       0.0000E+00       1.7860E-06       0.0000E+00       0.0000E+00       0.0000E+00       0.0000E+00
       2.4450E+00       0.0000E+00       0.0000E+00       1.8627E-05       3.7701E-05       8.9461E-08       0.0000E+00       1.7848E-06       0.0000E+00       0.0000E+00       0.0000E+00       0.0000E+00
       2.4550E+00       0.0000E+00       0.0000E+00       1.8628E-05       3.7701E-05       8.9307E-08       0.0000E+00       1.7837E-06       0.0000E+00       0.0000E+00       0.0000E+00       0.0000E+00
       2.4650E+00       0.0000E+00       0.0000E+00       1.8628E-05       3.7701E-05       8.9159E-08       0.0000E+00       1.7825E-06       0.0000E+00       0.0000E+00       0.0000E+00       0.0000E+00
       2.4750E+00       0.0000E+00       0.0000E+00       1.8628E-05       3.7702E-05       8.9015E-08       0.0000E+00       1.7813E-06       0.0000E+00       0.0000E+00       0.0000E+00       0.0000E+00
       2.4850E+00       0.0000E+00       0.0000E+00       1.8628E-05       3.7702E-05       8.8877E-08       0.0000E+00       1.7800E-06       0.0000E+00       0.0000E+00       0.0000E+00       0.0000E+00
       2.4950E+00       0.0000E+00       0.0000E+00       1.8629E-05       3.7703E-05       8.8744E-08       0.0000E+00       1.7788E-06       0.0000E+00       0.0000E+00       0.0000E+00       0.0000E+00
       2.5050E+00       0.0000E+00       0.0000E+00       1.8629E-05       3.7703E-05       8.8615E-08       0.0000E+00       1.7775E-06       0.0000E+00       0.0000E+00       0.0000E+00       0.0000E+00
       2.5150E+00       0.0000E+00       0.0000E+00       1.8629E-05       3.7703E-05       8.8492E-08       0.0000E+00       1.7762E-06       0.0000E+00       0.0000E+00       0.0000E+00       0.0000E+00
       2.5250E+00       0.0000E+00       0.0000E+00       1.8629E-05       3.7704E-05       8.8373E-08       0.0000E+00       1.7749E-06       0.0000E+00       0.0000E+00       0.0000E+00       0.0000E+00
       2.5350E+00       0.0000E+00       0.0000E+00       1.8630E-05       3.7704E-05       8.8259E-08       0.0000E+00       1.7736E-06       0.0000E+00       0.0000E+00       0.0000E+00       0.0000E+00
       2.5450E+00       0.0000E+00       0.0000E+00       1.8630E-05       3.7705E-05       8.8149E-08       0.0000E+00       1.7722E-06       0.0000E+00       0.0000E+00       0.0000E+00       0.0000E+00
       2.5550E+00       0.0000E+00       0.0000E+00       1.8630E-05       3.7705E-05       8.8044E-08       0.0000E+00       1.7708E-06       0.0000E+00       0.0000E+00       0.0000E+00       0.0000E+00
       2.5650E+00       0.0000E+00       0.0000E+00       1.8631E-05       3.7706E-05       8.7944E-08       0.0000E+00       1.7694E-06       0.0000E+00       0.0000E+00       0.0000E+00       0.0000E+00
       2.5750E+00       0.0000E+00       0.0000E+00       1.8631E-05       3.7706E-05       8.7848E-08       0.0000E+00       1.7680E-06       0.0000E+00       0.0000E+00       0.0000E+00       0.0000E+00
       2.5850E+00       0.0000E+00       0.0000E+00       1.8631E-05       3.7707E-05       8.7756E-08       0.0000E+00       1.7666E-06       0.0000E+00       0.0000E+00       0.0000E+00       0.0000E+00
       2.5950E+00       0.0000E+00       0.0000E+00       1.8632E-05       3.7707E-05       8.7668E-08       0.0000E+00       1.7651E-06       0.0000E+00       0.0000E+00       0.0000E+00       0.0000E+00
       2.6050E+00       0.0000E+00       0.0000E+00       1.8632E-05       3.7707E-05       8.7584E-08       0.0000E+00       1.7636E-06       0.0000E+00       0.0000E+00       0.0000E+00       0.0000E+00
       2.6150E+00       0.0000E+00       0.0000E+00       1.8632E-05       3.7708E-05       8.7505E-08       0.0000E+00       1.7621E-06       0.0000E+00       0.0000E+00       0.0000E+00       0.0000E+00
       2.6250E+00       0.0000E+00       0.0000E+00       1.8633E-05       3.7708E-05       8.7429E-08       0.0000E+00       1.7606E-06       0.0000E+00       0.0000E+00       0.0000E+00       0.0000E+00
       2.6350E+00       0.0000E+00       0.0000E+00       1.8633E-05       3.7709E-05       8.7357E-08       0.0000E+00       1.7590E-06       0.0000E+00       0.0000E+00       0.0000E+00       0.0000E+00
       2.6450E+00       0.0000E+00       0.0000E+00       1.8633E-05       3.7709E-05       8.7289E-08       0.0000E+00       1.7575E-06       0.0000E+00       0.0000E+00       0.0000E+00       0.0000E+00
       2.6550E+00       0.0000E+00       0.0000E+00       1.8634E-05       3.7710E-05       8.7225E-08       0.0000E+00       1.7559E-06       0.0000E+00       0.0000E+00       0.0000E+00       0.0000E+00
       2.6650E+00       0.0000E+00       0.0000E+00       1.8634E-05       3.7710E-05       8.7165E-08       0.0000E+00       1.7543E-06       0.0000E+00       0.0000E+00       0.0000E+00       0.0000E+00
       2.6750E+00       0.0000E+00       0.0000E+00       1.8634E-05       3.7711E-05       8.7108E-08       0.0000E+00       1.7526E-06       0.0000E+00       0.0000E+00       0.0000E+00       0.0000E+00
       2.6850E+00       0.0000E+00       0.0000E+00       1.8635E-05       3.7711E-05       8.7054E-08       0.0000E+00       1.7510E-06       0.0000E+00       0.0000E+00       0.0000E+00       0.0000E+00
       2.6950E+00       0.0000E+00       0.0000E+00       1.8635E-05       3.7712E-05       8.7004E-08       0.0000E+00       1.7493E-06       0.0000E+00       0.0000E+00       0.0000E+00       0.0000E+00
       2.7050E+00       0.0000E+00       0.0000E+00       1.8635E-05       3.7712E-05       8.6957E-08       0.0000E+00       1.7476E-06       0.0000E+00       0.0000E+00       0.0000E+00       0.0000E+00
       2.7150E+00       0.0000E+00       0.0000E+00       1.8636E-05       3.7713E-05       8.6913E-08       0.0000E+00       1.7459E-06       0.0000E+00       0.0000E+00       0.0000E+00       0.0000E+00
       2.7250E+00       0.0000E+00       0.0000E+00       1.8636E-05       3.7714E-05       8.6873E-08       0.0000E+00       1.7441E-06       0.0000E+00       0.0000E+00       0.0000E+00       0.0000E+00
       2.7350E+00       0.0000E+00       0.0000E+00       1.8636E-05       3.7714E-05       8.6835E-08       0.0000E+00       1.7424E-06       0.0000E+00       0.0000E+00       0.0000E+00       0.0000E+00
       2.7450E+00       0.0000E+00       0.0000E+00       1.8637E-05       3.7715E-05       8.6801E-08       0.0000E+00       1.7406E-06       0.0000E+00       0.0000E+00       0.0000E+00       0.0000E+00
       2.7550E+00       0.0000E+00       0.0000E+00       1.8637E-05       3.7715E-05       8.6769E-08       0.0000E+00       1.7388E-06       0.0000E+00       0.0000E+00       0.0000E+00       0.0000E+00
       2.7650E+00       0.0000E+00       0.0000E+00       1.8637E-05       3.7716E-05       8.6740E-08       0.0000E+00       1.7369E-06       0.0000E+00       0.0000E+00       0.0000E+00       0.0000E+00
       2.7750E+00       0.0000E+00       0.0000E+00       1.8638E-05       3.7716E-05       8.6714E-08       0.0000E+00       1.7351E-06       0.0000E+00       0.0000E+00       0.0000E+00       0.0000E+00
       2.7850E+00       0.0000E+00       0.0000E+00       1.8638E-05       3.7717E-05       8.6691E-08       0.0000E+00       1.7332E-06       0.0000E+00       0.0000E+00       0.0000E+00       0.0000E+00
       2.7950E+00       0.0000E+00       0.0000E+00       1.8639E-05       3.7717E-05       8.6670E-08       0.0000E+00       1.7313E-06       0.0000E+00       0.0000E+00       0.0000E+00       0.0000E+00
       2.8050E+00       0.0000E+00       0.0000E+00       1.8639E-05       3.7718E-05       8.6652E-08       0.0000E+00       1.7294E-06       0.0000E+00       0.0000E+00       0.0000E+00       0.0000E+00
       2.8150E+00       0.0000E+00       0.0000E+00       1.8639E-05       3.7719E-05       8.6637E-08       0.0000E+00       1.7275E-06       0.0000E+00       0.0000E+00       0.0000E+00       0.0000E+00
       2.8250E+00       0.0000E+00       0.0000E+00       1.8640E-05       3.7719E-05       8.6624E-08       0.0000E+00       1.7255E-06       0.0000E+00       0.0000E+00       0.0000E+00       0.0000E+00
       2.8350E+00       0.0000E+00       0.0000E+00       1.8640E-05       3.7720E-05       8.6613E-08       0.0000E+00       1.7236E-06       0.0000E+00       0.0000E+00       0.0000E+00       0.0000E+00
       2.8450E+00       0.0000E+00       0.0000E+00       1.8641E-05       3.7720E-05       8.6604E-08       0.0000E+00       1.7216E-06       0.0000E+00       0.0000E+00       0.0000E+00       0.0000E+00
       2.8550E+00       0.0000E+00       0.0000E+00       1.8641E-05       3.7721E-05       8.6598E-08       0.0000E+00       1.7196E-06       0.0000E+00       0.0000E+00       0.0000E+00       0.0000E+00
       2.8650E+00       0.0000E+00       0.0000E+00       1.8641E-05       3.7722E-05       8.6594E-08       0.0000E+00       1.7175E-06       0.0000E+00       0.0000E+00       0.0000E+00       0.0000E+00
       2.8750E+00       0.0000E+00       0.0000E+00       1.8642E-05       3.7722E-05       8.6591E-08       0.0000E+00       1.7155E-06       0.0000E+00       0.0000E+00       0.0000E+00       0.0000E+00
       2.8850E+00       0.0000E+00       0.0000E+00       1.8642E-05       3.7723E-05       8.6591E-08       0.0000E+00       1.7135E-06       0.0000E+00       0.0000E+00       0.0000E+00       0.0000E+00
       2.8950E+00       0.0000E+00       0.0000E+00       1.8643E-05       3.7723E-05       8.6592E-08       0.0000E+00       1.7114E-06       0.0000E+00       0.0000E+00       0.0000E+00       0.0000E+00
       2.9050E+00       0.0000E+00       0.0000E+00       1.8643E-05       3.7724E-05       8.6595E-08       0.0000E+00       1.7094E-06       0.0000E+00       0.0000E+00       0.0000E+00       0.0000E+00
       2.9150E+00       0.0000E+00       0.0000E+00       1.8643E-05       3.7725E-05       8.6600E-08       0.0000E+00       1.7073E-06       0.0000E+00       0.0000E+00       0.0000E+00       0.0000E+00
       2.9250E+00       0.0000E+00       0.0000E+00       1.8644E-05       3.7725E-05       8.6606E-08       0.0000E+00       1.7053E-06       0.0000E+00       0.0000E+00       0.0000E+00       0.0000E+00
       2.9350E+00       0.0000E+00       0.0000E+00       1.8644E-05       3.7726E-05       8.6613E-08       0.0000E+00       1.7033E-06       0.0000E+00       0.0000E+00       0.0000E+00       0.0000E+00
       2.9450E+00       0.0000E+00       0.0000E+00       1.8645E-05       3.7726E-05       8.6621E-08       0.0000E+00       1.7014E-06       0.0000E+00       0.0000E+00       0.0000E+00       0.0000E+00
       2.9550E+00       0.0000E+00       0.0000E+00       1.8645E-05       3.7727E-05       8.6630E-08       0.0000E+00       1.6996E-06       0.0000E+00       0.0000E+00       0.0000E+00       0.0000E+00
       2.9650E+00       0.0000E+00       0.0000E+00       1.8645E-05       3.7727E-05       8.6638E-08       0.0000E+00       1.6979E-06       0.0000E+00       0.0000E+00       0.0000E+00       0.0000E+00
       2.9750E+00       0.0000E+00       0.0000E+00       1.8646E-05       3.7728E-05       8.6646E-08       0.0000E+00       1.6964E-06       0.0000E+00       0.0000E+00       0.0000E+00       0.0000E+00
       2.9850E+00       0.0000E+00       0.0000E+00       1.8646E-05       3.7728E-05       8.6653E-08       0.0000E+00       1.6953E-06       0.0000E+00       0.0000E+00       0.0000E+00       0.0000E+00
       2.9950E+00       0.0000E+00       0.0000E+00       1.8646E-05       3.7728E-05       8.6656E-08       0.0000E+00       1.6946E-06       0.0000E+00       0.0000E+00       0.0000E+00       0.0000E+00
