# Time          2.0000E+01
# Units: Mol/g solid
    Distance           H+               CO2(aq)          Mg++             Ca++             K+               SiO2(aq)         Na+              Al+++            Cl-              NO3-             Tracer       
       5.0000E-03       0.0000E+00       0.0000E+00       3.9553E-11       7.9819E-11       2.9577E-13       0.0000E+00       3.9205E-12       0.0000E+00       0.0000E+00       0.0000E+00       0.0000E+00
       1.5000E-02       0.0000E+00       0.0000E+00       3.9508E-11       7.9865E-11       2.9557E-13       0.0000E+00       3.9197E-12       0.0000E+00       0.0000E+00       0.0000E+00       0.0000E+00
       2.5000E-02       0.0000E+00       0.0000E+00       3.9467E-11       7.9906E-11       2.9537E-13       0.0000E+00       3.9191E-12       0.0000E+00       0.0000E+00       0.0000E+00       0.0000E+00
       3.5000E-02       0.0000E+00       0.0000E+00       3.9432E-11       7.9942E-11       2.9517E-13       0.0000E+00       3.9185E-12       0.0000E+00       0.0000E+00       0.0000E+00       0.0000E+00
       4.5000E-02       0.0000E+00       0.0000E+00       3.9403E-11       7.9971E-11       2.9497E-13       0.0000E+00       3.9179E-12       0.0000E+00       0.0000E+00       0.0000E+00       0.0000E+00
       5.5000E-02       0.0000E+00       0.0000E+00       3.9380E-11       7.9995E-11       2.9478E-13       0.0000E+00       3.9174E-12       0.0000E+00       0.0000E+00       0.0000E+00       0.0000E+00
       6.5000E-02       0.0000E+00       0.0000E+00       3.9363E-11       8.0012E-11       2.9458E-13       0.0000E+00       3.9168E-12       0.0000E+00       0.0000E+00       0.0000E+00       0.0000E+00
       7.5000E-02       0.0000E+00       0.0000E+00       3.9350E-11       8.0025E-11       2.9438E-13       0.0000E+00       3.9164E-12       0.0000E+00       0.0000E+00       0.0000E+00       0.0000E+00
       8.5000E-02       0.0000E+00       0.0000E+00       3.9342E-11       8.0033E-11       2.9417E-13       0.0000E+00       3.9159E-12       0.0000E+00       0.0000E+00       0.0000E+00       0.0000E+00
       9.5000E-02       0.0000E+00       0.0000E+00       3.9337E-11       8.0039E-11       2.9396E-13       0.0000E+00       3.9154E-12       0.0000E+00       0.0000E+00       0.0000E+00       0.0000E+00
       1.0500E-01       0.0000E+00       0.0000E+00       3.9334E-11       8.0042E-11       2.9375E-13       0.0000E+00       3.9150E-12       0.0000E+00       0.0000E+00       0.0000E+00       0.0000E+00
       1.1500E-01       0.0000E+00       0.0000E+00       3.9332E-11       8.0045E-11       2.9352E-13       0.0000E+00       3.9146E-12       0.0000E+00       0.0000E+00       0.0000E+00       0.0000E+00
       1.2500E-01       0.0000E+00       0.0000E+00       3.9331E-11       8.0046E-11       2.9329E-13       0.0000E+00       3.9141E-12       0.0000E+00       0.0000E+00       0.0000E+00       0.0000E+00
       1.3500E-01       0.0000E+00       0.0000E+00       3.9331E-11       8.0047E-11       2.9305E-13       0.0000E+00       3.9137E-12       0.0000E+00       0.0000E+00       0.0000E+00       0.0000E+00
       1.4500E-01       0.0000E+00       0.0000E+00       3.9331E-11       8.0047E-11       2.9280E-13       0.0000E+00       3.9133E-12       0.0000E+00       0.0000E+00       0.0000E+00       0.0000E+00
       1.5500E-01       0.0000E+00       0.0000E+00       3.9331E-11       8.0047E-11       2.9254E-13       0.0000E+00       3.9128E-12       0.0000E+00       0.0000E+00       0.0000E+00       0.0000E+00
       1.6500E-01       0.0000E+00       0.0000E+00       3.9331E-11       8.0048E-11       2.9227E-13       0.0000E+00       3.9124E-12       0.0000E+00       0.0000E+00       0.0000E+00       0.0000E+00
       1.7500E-01       0.0000E+00       0.0000E+00       3.9331E-11       8.0048E-11       2.9199E-13       0.0000E+00       3.9120E-12       0.0000E+00       0.0000E+00       0.0000E+00       0.0000E+00
       1.8500E-01       0.0000E+00       0.0000E+00       3.9331E-11       8.0048E-11       2.9170E-13       0.0000E+00       3.9116E-12       0.0000E+00       0.0000E+00       0.0000E+00       0.0000E+00
       1.9500E-01       0.0000E+00       0.0000E+00       3.9332E-11       8.0048E-11       2.9141E-13       0.0000E+00       3.9112E-12       0.0000E+00       0.0000E+00       0.0000E+00       0.0000E+00
       2.0500E-01       0.0000E+00       0.0000E+00       3.9332E-11       8.0047E-11       2.9111E-13       0.0000E+00       3.9108E-12       0.0000E+00       0.0000E+00       0.0000E+00       0.0000E+00
       2.1500E-01       0.0000E+00       0.0000E+00       3.9334E-11       8.0046E-11       2.9082E-13       0.0000E+00       3.9105E-12       0.0000E+00       0.0000E+00       0.0000E+00       0.0000E+00
       2.2500E-01       0.0000E+00       0.0000E+00       3.9337E-11       8.0044E-11       2.9055E-13       0.0000E+00       3.9102E-12       0.0000E+00       0.0000E+00       0.0000E+00       0.0000E+00
       2.3500E-01       0.0000E+00       0.0000E+00       3.9342E-11       8.0039E-11       2.9031E-13       0.0000E+00       3.9099E-12       0.0000E+00       0.0000E+00       0.0000E+00       0.0000E+00
       2.4500E-01       0.0000E+00       0.0000E+00       3.9351E-11       8.0030E-11       2.9013E-13       0.0000E+00       3.9098E-12       0.0000E+00       0.0000E+00       0.0000E+00       0.0000E+00
       2.5500E-01       0.0000E+00       0.0000E+00       1.8557E-05       3.7718E-05       1.3672E-07       0.0000E+00       1.8430E-06       0.0000E+00       0.0000E+00       0.0000E+00       0.0000E+00
       2.6500E-01       0.0000E+00       0.0000E+00       1.8563E-05       3.7712E-05       1.3667E-07       0.0000E+00       1.8430E-06       0.0000E+00       0.0000E+00       0.0000E+00       0.0000E+00
       2.7500E-01       0.0000E+00       0.0000E+00       1.8570E-05       3.7705E-05       1.3662E-07       0.0000E+00       1.8430E-06       0.0000E+00       0.0000E+00       0.0000E+00       0.0000E+00
       2.8500E-01       0.0000E+00       0.0000E+00       1.8575E-05       3.7700E-05       1.3656E-07       0.0000E+00       1.8430E-06       0.0000E+00       0.0000E+00       0.0000E+00       0.0000E+00
       2.9500E-01       0.0000E+00       0.0000E+00       1.8580E-05       3.7695E-05       1.3650E-07       0.0000E+00       1.8430E-06       0.0000E+00       0.0000E+00       0.0000E+00       0.0000E+00
       3.0500E-01       0.0000E+00       0.0000E+00       1.8585E-05       3.7690E-05       1.3644E-07       0.0000E+00       1.8430E-06       0.0000E+00       0.0000E+00       0.0000E+00       0.0000E+00
       3.1500E-01       0.0000E+00       0.0000E+00       1.8589E-05       3.7686E-05       1.3638E-07       0.0000E+00       1.8430E-06       0.0000E+00       0.0000E+00       0.0000E+00       0.0000E+00
       3.2500E-01       0.0000E+00       0.0000E+00       1.8592E-05       3.7683E-05       1.3631E-07       0.0000E+00       1.8430E-06       0.0000E+00       0.0000E+00       0.0000E+00       0.0000E+00
       3.3500E-01       0.0000E+00       0.0000E+00       1.8595E-05       3.7680E-05       1.3624E-07       0.0000E+00       1.8429E-06       0.0000E+00       0.0000E+00       0.0000E+00       0.0000E+00
       3.4500E-01       0.0000E+00       0.0000E+00       1.8598E-05       3.7678E-05       1.3616E-07       0.0000E+00       1.8429E-06       0.0000E+00       0.0000E+00       0.0000E+00       0.0000E+00
       3.5500E-01       0.0000E+00       0.0000E+00       1.8600E-05       3.7676E-05       1.3608E-07       0.0000E+00       1.8429E-06       0.0000E+00       0.0000E+00       0.0000E+00       0.0000E+00
       3.6500E-01       0.0000E+00       0.0000E+00       1.8601E-05       3.7674E-05       1.3599E-07       0.0000E+00       1.8428E-06       0.0000E+00       0.0000E+00       0.0000E+00       0.0000E+00
       3.7500E-01       0.0000E+00       0.0000E+00       1.8602E-05       3.7673E-05       1.3590E-07       0.0000E+00       1.8428E-06       0.0000E+00       0.0000E+00       0.0000E+00       0.0000E+00
       3.8500E-01       0.0000E+00       0.0000E+00       1.8603E-05       3.7672E-05       1.3581E-07       0.0000E+00       1.8427E-06       0.0000E+00       0.0000E+00       0.0000E+00       0.0000E+00
       3.9500E-01       0.0000E+00       0.0000E+00       1.8604E-05       3.7672E-05       1.3571E-07       0.0000E+00       1.8427E-06       0.0000E+00       0.0000E+00       0.0000E+00       0.0000E+00
       4.0500E-01       0.0000E+00       0.0000E+00       1.8605E-05       3.7671E-05       1.3561E-07       0.0000E+00       1.8426E-06       0.0000E+00       0.0000E+00       0.0000E+00       0.0000E+00
       4.1500E-01       0.0000E+00       0.0000E+00       1.8605E-05       3.7671E-05       1.3550E-07       0.0000E+00       1.8426E-06       0.0000E+00       0.0000E+00       0.0000E+00       0.0000E+00
       4.2500E-01       0.0000E+00       0.0000E+00       1.8606E-05       3.7670E-05       1.3539E-07       0.0000E+00       1.8425E-06       0.0000E+00       0.0000E+00       0.0000E+00       0.0000E+00
       4.3500E-01       0.0000E+00       0.0000E+00       1.8606E-05       3.7670E-05       1.3527E-07       0.0000E+00       1.8424E-06       0.0000E+00       0.0000E+00       0.0000E+00       0.0000E+00
       4.4500E-01       0.0000E+00       0.0000E+00       1.8606E-05       3.7670E-05       1.3515E-07       0.0000E+00       1.8424E-06       0.0000E+00       0.0000E+00       0.0000E+00       0.0000E+00
       4.5500E-01       0.0000E+00       0.0000E+00       1.8606E-05       3.7670E-05       1.3502E-07       0.0000E+00       1.8423E-06       0.0000E+00       0.0000E+00       0.0000E+00       0.0000E+00
       4.6500E-01       0.0000E+00       0.0000E+00       1.8606E-05       3.7670E-05       1.3488E-07       0.0000E+00       1.8422E-06       0.0000E+00       0.0000E+00       0.0000E+00       0.0000E+00
       4.7500E-01       0.0000E+00       0.0000E+00       1.8607E-05       3.7670E-05       1.3474E-07       0.0000E+00       1.8421E-06       0.0000E+00       0.0000E+00       0.0000E+00       0.0000E+00
       4.8500E-01       0.0000E+00       0.0000E+00       1.8607E-05       3.7670E-05       1.3460E-07       0.0000E+00       1.8420E-06       0.0000E+00       0.0000E+00       0.0000E+00       0.0000E+00
       4.9500E-01       0.0000E+00       0.0000E+00       1.8607E-05       3.7670E-05       1.3444E-07       0.0000E+00       1.8420E-06       0.0000E+00       0.0000E+00       0.0000E+00       0.0000E+00
       5.0500E-01       0.0000E+00       0.0000E+00       1.8607E-05       3.7670E-05       1.3428E-07       0.0000E+00       1.8419E-06       0.0000E+00       0.0000E+00       0.0000E+00       0.0000E+00
       5.1500E-01       0.0000E+00       0.0000E+00       1.8607E-05       3.7670E-05       1.3412E-07       0.0000E+00       1.8418E-06       0.0000E+00       0.0000E+00       0.0000E+00       0.0000E+00
       5.2500E-01       0.0000E+00       0.0000E+00       1.8607E-05       3.7670E-05       1.3394E-07       0.0000E+00       1.8417E-06       0.0000E+00       0.0000E+00       0.0000E+00       0.0000E+00
       5.3500E-01       0.0000E+00       0.0000E+00       1.8607E-05       3.7670E-05       1.3376E-07       0.0000E+00       1.8415E-06       0.0000E+00       0.0000E+00       0.0000E+00       0.0000E+00
       5.4500E-01       0.0000E+00       0.0000E+00       1.8607E-05       3.7670E-05       1.3358E-07       0.0000E+00       1.8414E-06       0.0000E+00       0.0000E+00       0.0000E+00       0.0000E+00
       5.5500E-01       0.0000E+00       0.0000E+00       1.8607E-05       3.7671E-05       1.3338E-07       0.0000E+00       1.8413E-06       0.0000E+00       0.0000E+00       0.0000E+00       0.0000E+00
       5.6500E-01       0.0000E+00       0.0000E+00       1.8607E-05       3.7671E-05       1.3318E-07       0.0000E+00       1.8412E-06       0.0000E+00       0.0000E+00       0.0000E+00       0.0000E+00
       5.7500E-01       0.0000E+00       0.0000E+00       1.8607E-05       3.7671E-05       1.3297E-07       0.0000E+00       1.8411E-06       0.0000E+00       0.0000E+00       0.0000E+00       0.0000E+00
       5.8500E-01       0.0000E+00       0.0000E+00       1.8607E-05       3.7671E-05       1.3275E-07       0.0000E+00       1.8409E-06       0.0000E+00       0.0000E+00       0.0000E+00       0.0000E+00
       5.9500E-01       0.0000E+00       0.0000E+00       1.8607E-05       3.7671E-05       1.3253E-07       0.0000E+00       1.8408E-06       0.0000E+00       0.0000E+00       0.0000E+00       0.0000E+00
       6.0500E-01       0.0000E+00       0.0000E+00       1.8607E-05       3.7671E-05       1.3229E-07       0.0000E+00       1.8406E-06       0.0000E+00       0.0000E+00       0.0000E+00       0.0000E+00
       6.1500E-01       0.0000E+00       0.0000E+00       1.8608E-05       3.7671E-05       1.3205E-07       0.0000E+00       1.8405E-06       0.0000E+00       0.0000E+00       0.0000E+00       0.0000E+00
       6.2500E-01       0.0000E+00       0.0000E+00       1.8608E-05       3.7671E-05       1.3180E-07       0.0000E+00       1.8403E-06       0.0000E+00       0.0000E+00       0.0000E+00       0.0000E+00
       6.3500E-01       0.0000E+00       0.0000E+00       1.8608E-05       3.7671E-05       1.3154E-07       0.0000E+00       1.8402E-06       0.0000E+00       0.0000E+00       0.0000E+00       0.0000E+00
       6.4500E-01       0.0000E+00       0.0000E+00       1.8608E-05       3.7672E-05       1.3127E-07       0.0000E+00       1.8400E-06       0.0000E+00       0.0000E+00       0.0000E+00       0.0000E+00
       6.5500E-01       0.0000E+00       0.0000E+00       1.8608E-05       3.7672E-05       1.3100E-07       0.0000E+00       1.8398E-06       0.0000E+00       0.0000E+00       0.0000E+00       0.0000E+00
       6.6500E-01       0.0000E+00       0.0000E+00       1.8608E-05       3.7672E-05       1.3071E-07       0.0000E+00       1.8396E-06       0.0000E+00       0.0000E+00       0.0000E+00       0.0000E+00
       6.7500E-01       0.0000E+00       0.0000E+00       1.8608E-05       3.7672E-05       1.3042E-07       0.0000E+00       1.8394E-06       0.0000E+00       0.0000E+00       0.0000E+00       0.0000E+00
       6.8500E-01       0.0000E+00       0.0000E+00       1.8608E-05       3.7672E-05       1.3012E-07       0.0000E+00       1.8392E-06       0.0000E+00       0.0000E+00       0.0000E+00       0.0000E+00
       6.9500E-01       0.0000E+00       0.0000E+00       1.8608E-05       3.7672E-05       1.2980E-07       0.0000E+00       1.8390E-06       0.0000E+00       0.0000E+00       0.0000E+00       0.0000E+00
       7.0500E-01       0.0000E+00       0.0000E+00       1.8608E-05       3.7672E-05       1.2948E-07       0.0000E+00       1.8388E-06       0.0000E+00       0.0000E+00       0.0000E+00       0.0000E+00
       7.1500E-01       0.0000E+00       0.0000E+00       1.8609E-05       3.7673E-05       1.2915E-07       0.0000E+00       1.8386E-06       0.0000E+00       0.0000E+00       0.0000E+00       0.0000E+00
       7.2500E-01       0.0000E+00       0.0000E+00       1.8609E-05       3.7673E-05       1.2882E-07       0.0000E+00       1.8383E-06       0.0000E+00       0.0000E+00       0.0000E+00       0.0000E+00
       7.3500E-01       0.0000E+00       0.0000E+00       1.8609E-05       3.7673E-05       1.2847E-07       0.0000E+00       1.8381E-06       0.0000E+00       0.0000E+00       0.0000E+00       0.0000E+00
       7.4500E-01       0.0000E+00       0.0000E+00       1.8609E-05       3.7673E-05       1.2811E-07       0.0000E+00       1.8378E-06       0.0000E+00       0.0000E+00       0.0000E+00       0.0000E+00
       7.5500E-01       0.0000E+00       0.0000E+00       1.8609E-05       3.7673E-05       1.2775E-07       0.0000E+00       1.8376E-06       0.0000E+00       0.0000E+00       0.0000E+00       0.0000E+00
       7.6500E-01       0.0000E+00       0.0000E+00       1.8609E-05       3.7674E-05       1.2737E-07       0.0000E+00       1.8373E-06       0.0000E+00       0.0000E+00       0.0000E+00       0.0000E+00
       7.7500E-01       0.0000E+00       0.0000E+00       1.8609E-05       3.7674E-05       1.2699E-07       0.0000E+00       1.8370E-06       0.0000E+00       0.0000E+00       0.0000E+00       0.0000E+00
       7.8500E-01       0.0000E+00       0.0000E+00       1.8609E-05       3.7674E-05       1.2660E-07       0.0000E+00       1.8367E-06       0.0000E+00       0.0000E+00       0.0000E+00       0.0000E+00
       7.9500E-01       0.0000E+00       0.0000E+00       1.8610E-05       3.7674E-05       1.2620E-07       0.0000E+00       1.8364E-06       0.0000E+00       0.0000E+00       0.0000E+00       0.0000E+00
       8.0500E-01       0.0000E+00       0.0000E+00       1.8610E-05       3.7674E-05       1.2579E-07       0.0000E+00       1.8361E-06       0.0000E+00       0.0000E+00       0.0000E+00       0.0000E+00
       8.1500E-01       0.0000E+00       0.0000E+00       1.8610E-05       3.7675E-05       1.2537E-07       0.0000E+00       1.8358E-06       0.0000E+00       0.0000E+00       0.0000E+00       0.0000E+00
       8.2500E-01       0.0000E+00       0.0000E+00       1.8610E-05       3.7675E-05       1.2494E-07       0.0000E+00       1.8355E-06       0.0000E+00       0.0000E+00       0.0000E+00       0.0000E+00
       8.3500E-01       0.0000E+00       0.0000E+00       1.8610E-05       3.7675E-05       1.2451E-07       0.0000E+00       1.8351E-06       0.0000E+00       0.0000E+00       0.0000E+00       0.0000E+00
       8.4500E-01       0.0000E+00       0.0000E+00       1.8610E-05       3.7675E-05       1.2407E-07       0.0000E+00       1.8348E-06       0.0000E+00       0.0000E+00       0.0000E+00       0.0000E+00
       8.5500E-01       0.0000E+00       0.0000E+00       1.8610E-05       3.7676E-05       1.2362E-07       0.0000E+00       1.8344E-06       0.0000E+00       0.0000E+00       0.0000E+00       0.0000E+00
       8.6500E-01       0.0000E+00       0.0000E+00       1.8611E-05       3.7676E-05       1.2316E-07       0.0000E+00       1.8340E-06       0.0000E+00       0.0000E+00       0.0000E+00       0.0000E+00
       8.7500E-01       0.0000E+00       0.0000E+00       1.8611E-05       3.7676E-05       1.2270E-07       0.0000E+00       1.8336E-06       0.0000E+00       0.0000E+00       0.0000E+00       0.0000E+00
       8.8500E-01       0.0000E+00       0.0000E+00       1.8611E-05       3.7676E-05       1.2222E-07       0.0000E+00       1.8332E-06       0.0000E+00       0.0000E+00       0.0000E+00       0.0000E+00
       8.9500E-01       0.0000E+00       0.0000E+00       1.8611E-05       3.7677E-05       1.2175E-07       0.0000E+00       1.8328E-06       0.0000E+00       0.0000E+00       0.0000E+00       0.0000E+00
       9.0500E-01       0.0000E+00       0.0000E+00       1.8611E-05       3.7677E-05       1.2126E-07       0.0000E+00       1.8324E-06       0.0000E+00       0.0000E+00       0.0000E+00       0.0000E+00
       9.1500E-01       0.0000E+00       0.0000E+00       1.8612E-05       3.7677E-05       1.2077E-07       0.0000E+00       1.8319E-06       0.0000E+00       0.0000E+00       0.0000E+00       0.0000E+00
       9.2500E-01       0.0000E+00       0.0000E+00       1.8612E-05       3.7677E-05       1.2027E-07       0.0000E+00       1.8315E-06       0.0000E+00       0.0000E+00       0.0000E+00       0.0000E+00
       9.3500E-01       0.0000E+00       0.0000E+00       1.8612E-05       3.7678E-05       1.1977E-07       0.0000E+00       1.8310E-06       0.0000E+00       0.0000E+00       0.0000E+00       0.0000E+00
       9.4500E-01       0.0000E+00       0.0000E+00       1.8612E-05       3.7678E-05       1.1926E-07       0.0000E+00       1.8305E-06       0.0000E+00       0.0000E+00       0.0000E+00       0.0000E+00
       9.5500E-01       0.0000E+00       0.0000E+00       1.8612E-05       3.7678E-05       1.1875E-07       0.0000E+00       1.8300E-06       0.0000E+00       0.0000E+00       0.0000E+00       0.0000E+00
       9.6500E-01       0.0000E+00       0.0000E+00       1.8613E-05       3.7679E-05       1.1823E-07       0.0000E+00       1.8295E-06       0.0000E+00       0.0000E+00       0.0000E+00       0.0000E+00
       9.7500E-01       0.0000E+00       0.0000E+00       1.8613E-05       3.7679E-05       1.1771E-07       0.0000E+00       1.8290E-06       0.0000E+00       0.0000E+00       0.0000E+00       0.0000E+00
       9.8500E-01       0.0000E+00       0.0000E+00       1.8613E-05       3.7679E-05       1.1718E-07       0.0000E+00       1.8284E-06       0.0000E+00       0.0000E+00       0.0000E+00       0.0000E+00
       9.9500E-01       0.0000E+00       0.0000E+00       1.8613E-05       3.7680E-05       1.1665E-07       0.0000E+00       1.8279E-06       0.0000E+00       0.0000E+00       0.0000E+00       0.0000E+00
       1.0050E+00       0.0000E+00       0.0000E+00       1.8613E-05       3.7680E-05       1.1612E-07       0.0000E+00       1.8273E-06       0.0000E+00       0.0000E+00       0.0000E+00       0.0000E+00
       1.0150E+00       0.0000E+00       0.0000E+00       1.8614E-05       3.7680E-05       1.1559E-07       0.0000E+00       1.8267E-06       0.0000E+00       0.0000E+00       0.0000E+00       0.0000E+00
       1.0250E+00       0.0000E+00       0.0000E+00       1.8614E-05       3.7681E-05       1.1505E-07       0.0000E+00       1.8261E-06       0.0000E+00       0.0000E+00       0.0000E+00       0.0000E+00
       1.0350E+00       0.0000E+00       0.0000E+00       1.8614E-05       3.7681E-05       1.1451E-07       0.0000E+00       1.8255E-06       0.0000E+00       0.0000E+00       0.0000E+00       0.0000E+00
       1.0450E+00       0.0000E+00       0.0000E+00       1.8614E-05       3.7681E-05       1.1397E-07       0.0000E+00       1.8248E-06       0.0000E+00       0.0000E+00       0.0000E+00       0.0000E+00
       1.0550E+00       0.0000E+00       0.0000E+00       1.8615E-05       3.7682E-05       1.1342E-07       0.0000E+00       1.8242E-06       0.0000E+00       0.0000E+00       0.0000E+00       0.0000E+00
       1.0650E+00       0.0000E+00       0.0000E+00       1.8615E-05       3.7682E-05       1.1288E-07       0.0000E+00       1.8235E-06       0.0000E+00       0.0000E+00       0.0000E+00       0.0000E+00
       1.0750E+00       0.0000E+00       0.0000E+00       1.8615E-05       3.7682E-05       1.1234E-07       0.0000E+00       1.8228E-06       0.0000E+00       0.0000E+00       0.0000E+00       0.0000E+00
       1.0850E+00       0.0000E+00       0.0000E+00       1.8615E-05       3.7683E-05       1.1179E-07       0.0000E+00       1.8221E-06       0.0000E+00       0.0000E+00       0.0000E+00       0.0000E+00
       1.0950E+00       0.0000E+00       0.0000E+00       1.8616E-05       3.7683E-05       1.1125E-07       0.0000E+00       1.8213E-06       0.0000E+00       0.0000E+00       0.0000E+00       0.0000E+00
       1.1050E+00       0.0000E+00       0.0000E+00       1.8616E-05       3.7684E-05       1.1070E-07       0.0000E+00       1.8206E-06       0.0000E+00       0.0000E+00       0.0000E+00       0.0000E+00
       1.1150E+00       0.0000E+00       0.0000E+00       1.8616E-05       3.7684E-05       1.1016E-07       0.0000E+00       1.8198E-06       0.0000E+00       0.0000E+00       0.0000E+00       0.0000E+00
       1.1250E+00       0.0000E+00       0.0000E+00       1.8616E-05       3.7684E-05       1.0962E-07       0.0000E+00       1.8190E-06       0.0000E+00       0.0000E+00       0.0000E+00       0.0000E+00
       1.1350E+00       0.0000E+00       0.0000E+00       1.8617E-05       3.7685E-05       1.0908E-07       0.0000E+00       1.8182E-06       0.0000E+00       0.0000E+00       0.0000E+00       0.0000E+00
       1.1450E+00       0.0000E+00       0.0000E+00       1.8617E-05       3.7685E-05       1.0854E-07       0.0000E+00       1.8173E-06       0.0000E+00       0.0000E+00       0.0000E+00       0.0000E+00
       1.1550E+00       0.0000E+00       0.0000E+00       1.8617E-05       3.7686E-05       1.0801E-07       0.0000E+00       1.8165E-06       0.0000E+00       0.0000E+00       0.0000E+00       0.0000E+00
       1.1650E+00       0.0000E+00       0.0000E+00       1.8617E-05       3.7686E-05       1.0748E-07       0.0000E+00       1.8156E-06       0.0000E+00       0.0000E+00       0.0000E+00       0.0000E+00
       1.1750E+00       0.0000E+00       0.0000E+00       1.8618E-05       3.7686E-05       1.0695E-07       0.0000E+00       1.8147E-06       0.0000E+00       0.0000E+00       0.0000E+00       0.0000E+00
       1.1850E+00       0.0000E+00       0.0000E+00       1.8618E-05       3.7687E-05       1.0643E-07       0.0000E+00       1.8138E-06       0.0000E+00       0.0000E+00       0.0000E+00       0.0000E+00
       1.1950E+00       0.0000E+00       0.0000E+00       1.8618E-05       3.7687E-05       1.0591E-07       0.0000E+00       1.8128E-06       0.0000E+00       0.0000E+00       0.0000E+00       0.0000E+00
       1.2050E+00       0.0000E+00       0.0000E+00       1.8619E-05       3.7688E-05       1.0539E-07       0.0000E+00       1.8118E-06       0.0000E+00       0.0000E+00       0.0000E+00       0.0000E+00
       1.2150E+00       0.0000E+00       0.0000E+00       1.8619E-05       3.7688E-05       1.0488E-07       0.0000E+00       1.8108E-06       0.0000E+00       0.0000E+00       0.0000E+00       0.0000E+00
       1.2250E+00       0.0000E+00       0.0000E+00       1.8619E-05       3.7689E-05       1.0438E-07       0.0000E+00       1.8098E-06       0.0000E+00       0.0000E+00       0.0000E+00       0.0000E+00
       1.2350E+00       0.0000E+00       0.0000E+00       1.8620E-05       3.7689E-05       1.0388E-07       0.0000E+00       1.8088E-06       0.0000E+00       0.0000E+00       0.0000E+00       0.0000E+00
       1.2450E+00       0.0000E+00       0.0000E+00       1.8620E-05       3.7690E-05       1.0338E-07       0.0000E+00       1.8077E-06       0.0000E+00       0.0000E+00       0.0000E+00       0.0000E+00
       1.2550E+00       0.0000E+00       0.0000E+00       1.8620E-05       3.7690E-05       1.0289E-07       0.0000E+00       1.8066E-06       0.0000E+00       0.0000E+00       0.0000E+00       0.0000E+00
       1.2650E+00       0.0000E+00       0.0000E+00       1.8621E-05       3.7691E-05       1.0241E-07       0.0000E+00       1.8055E-06       0.0000E+00       0.0000E+00       0.0000E+00       0.0000E+00
       1.2750E+00       0.0000E+00       0.0000E+00       1.8621E-05       3.7691E-05       1.0194E-07       0.0000E+00       1.8043E-06       0.0000E+00       0.0000E+00       0.0000E+00       0.0000E+00
       1.2850E+00       0.0000E+00       0.0000E+00       1.8621E-05       3.7692E-05       1.0147E-07       0.0000E+00       1.8031E-06       0.0000E+00       0.0000E+00       0.0000E+00       0.0000E+00
       1.2950E+00       0.0000E+00       0.0000E+00       1.8622E-05       3.7692E-05       1.0101E-07       0.0000E+00       1.8019E-06       0.0000E+00       0.0000E+00       0.0000E+00       0.0000E+00
       1.3050E+00       0.0000E+00       0.0000E+00       1.8622E-05       3.7693E-05       1.0055E-07       0.0000E+00       1.8007E-06       0.0000E+00       0.0000E+00       0.0000E+00       0.0000E+00
       1.3150E+00       0.0000E+00       0.0000E+00       1.8622E-05       3.7693E-05       1.0011E-07       0.0000E+00       1.7994E-06       0.0000E+00       0.0000E+00       0.0000E+00       0.0000E+00
       1.3250E+00       0.0000E+00       0.0000E+00       1.8623E-05       3.7694E-05       9.9667E-08       0.0000E+00       1.7981E-06       0.0000E+00       0.0000E+00       0.0000E+00       0.0000E+00
       1.3350E+00       0.0000E+00       0.0000E+00       1.8623E-05       3.7694E-05       9.9235E-08       0.0000E+00       1.7968E-06       0.0000E+00       0.0000E+00       0.0000E+00       0.0000E+00
       1.3450E+00       0.0000E+00       0.0000E+00       1.8623E-05       3.7695E-05       9.8812E-08       0.0000E+00       1.7955E-06       0.0000E+00       0.0000E+00       0.0000E+00       0.0000E+00
       1.3550E+00       0.0000E+00       0.0000E+00       1.8624E-05       3.7695E-05       9.8396E-08       0.0000E+00       1.7941E-06       0.0000E+00       0.0000E+00       0.0000E+00       0.0000E+00
       1.3650E+00       0.0000E+00       0.0000E+00       1.8624E-05       3.7696E-05       9.7989E-08       0.0000E+00       1.7927E-06       0.0000E+00       0.0000E+00       0.0000E+00       0.0000E+00
       1.3750E+00       0.0000E+00       0.0000E+00       1.8624E-05       3.7696E-05       9.7591E-08       0.0000E+00       1.7912E-06       0.0000E+00       0.0000E+00       0.0000E+00       0.0000E+00
       1.3850E+00       0.0000E+00       0.0000E+00       1.8625E-05       3.7697E-05       9.7201E-08       0.0000E+00       1.7898E-06       0.0000E+00       0.0000E+00       0.0000E+00       0.0000E+00
       1.3950E+00       0.0000E+00       0.0000E+00       1.8625E-05       3.7697E-05       9.6819E-08       0.0000E+00       1.7883E-06       0.0000E+00       0.0000E+00       0.0000E+00       0.0000E+00
       1.4050E+00       0.0000E+00       0.0000E+00       1.8625E-05       3.7698E-05       9.6447E-08       0.0000E+00       1.7867E-06       0.0000E+00       0.0000E+00       0.0000E+00       0.0000E+00
       1.4150E+00       0.0000E+00       0.0000E+00       1.8626E-05       3.7699E-05       9.6083E-08       0.0000E+00       1.7852E-06       0.0000E+00       0.0000E+00       0.0000E+00       0.0000E+00
       1.4250E+00       0.0000E+00       0.0000E+00       1.8626E-05       3.7699E-05       9.5728E-08       0.0000E+00       1.7836E-06       0.0000E+00       0.0000E+00       0.0000E+00       0.0000E+00
       1.4350E+00       0.0000E+00       0.0000E+00       1.8627E-05       3.7700E-05       9.5382E-08       0.0000E+00       1.7819E-06       0.0000E+00       0.0000E+00       0.0000E+00       0.0000E+00
       1.4450E+00       0.0000E+00       0.0000E+00       1.8627E-05       3.7700E-05       9.5045E-08       0.0000E+00       1.7803E-06       0.0000E+00       0.0000E+00       0.0000E+00       0.0000E+00
       1.4550E+00       0.0000E+00       0.0000E+00       1.8627E-05       3.7701E-05       9.4717E-08       0.0000E+00       1.7786E-06       0.0000E+00       0.0000E+00       0.0000E+00       0.0000E+00
       1.4650E+00       0.0000E+00       0.0000E+00       1.8628E-05       3.7702E-05       9.4397E-08       0.0000E+00       1.7768E-06       0.0000E+00       0.0000E+00       0.0000E+00       0.0000E+00
       1.4750E+00       0.0000E+00       0.0000E+00       1.8628E-05       3.7702E-05       9.4087E-08       0.0000E+00       1.7751E-06       0.0000E+00       0.0000E+00       0.0000E+00       0.0000E+00
       1.4850E+00       0.0000E+00       0.0000E+00       1.8629E-05       3.7703E-05       9.3786E-08       0.0000E+00       1.7733E-06       0.0000E+00       0.0000E+00       0.0000E+00       0.0000E+00
       1.4950E+00       0.0000E+00       0.0000E+00       1.8629E-05       3.7703E-05       9.3494E-08       0.0000E+00       1.7714E-06       0.0000E+00       0.0000E+00       0.0000E+00       0.0000E+00
       1.5050E+00       0.0000E+00       0.0000E+00       1.8630E-05       3.7704E-05       9.3211E-08       0.0000E+00       1.7696E-06       0.0000E+00       0.0000E+00       0.0000E+00       0.0000E+00
       1.5150E+00       0.0000E+00       0.0000E+00       1.8630E-05       3.7705E-05       9.2937E-08       0.0000E+00       1.7677E-06       0.0000E+00       0.0000E+00       0.0000E+00       0.0000E+00
       1.5250E+00       0.0000E+00       0.0000E+00       1.8630E-05       3.7705E-05       9.2671E-08       0.0000E+00       1.7657E-06       0.0000E+00       0.0000E+00       0.0000E+00       0.0000E+00
       1.5350E+00       0.0000E+00       0.0000E+00       1.8631E-05       3.7706E-05       9.2415E-08       0.0000E+00       1.7638E-06       0.0000E+00       0.0000E+00       0.0000E+00       0.0000E+00
       1.5450E+00       0.0000E+00       0.0000E+00       1.8631E-05       3.7707E-05       9.2167E-08       0.0000E+00       1.7618E-06       0.0000E+00       0.0000E+00       0.0000E+00       0.0000E+00
       1.5550E+00       0.0000E+00       0.0000E+00       1.8632E-05       3.7707E-05       9.1928E-08       0.0000E+00       1.7597E-06       0.0000E+00       0.0000E+00       0.0000E+00       0.0000E+00
       1.5650E+00       0.0000E+00       0.0000E+00       1.8632E-05       3.7708E-05       9.1697E-08       0.0000E+00       1.7577E-06       0.0000E+00       0.0000E+00       0.0000E+00       0.0000E+00
       1.5750E+00       0.0000E+00       0.0000E+00       1.8633E-05       3.7709E-05       9.1475E-08       0.0000E+00       1.7556E-06       0.0000E+00       0.0000E+00       0.0000E+00       0.0000E+00
       1.5850E+00       0.0000E+00       0.0000E+00       1.8633E-05       3.7709E-05       9.1261E-08       0.0000E+00       1.7534E-06       0.0000E+00       0.0000E+00       0.0000E+00       0.0000E+00
       1.5950E+00       0.0000E+00       0.0000E+00       1.8634E-05       3.7710E-05       9.1056E-08       0.0000E+00       1.7512E-06       0.0000E+00       0.0000E+00       0.0000E+00       0.0000E+00
       1.6050E+00       0.0000E+00       0.0000E+00       1.8634E-05       3.7711E-05       9.0858E-08       0.0000E+00       1.7490E-06       0.0000E+00       0.0000E+00       0.0000E+00       0.0000E+00
       1.6150E+00       0.0000E+00       0.0000E+00       1.8635E-05       3.7712E-05       9.0669E-08       0.0000E+00       1.7468E-06       0.0000E+00       0.0000E+00       0.0000E+00       0.0000E+00
       1.6250E+00       0.0000E+00       0.0000E+00       1.8635E-05       3.7712E-05       9.0488E-08       0.0000E+00       1.7445E-06       0.0000E+00       0.0000E+00       0.0000E+00       0.0000E+00
       1.6350E+00       0.0000E+00       0.0000E+00       1.8636E-05       3.7713E-05       9.0315E-08       0.0000E+00       1.7422E-06       0.0000E+00       0.0000E+00       0.0000E+00       0.0000E+00
       1.6450E+00       0.0000E+00       0.0000E+00       1.8636E-05       3.7714E-05       9.0149E-08       0.0000E+00       1.7398E-06       0.0000E+00       0.0000E+00       0.0000E+00       0.0000E+00
       1.6550E+00       0.0000E+00       0.0000E+00       1.8637E-05       3.7715E-05       8.9991E-08       0.0000E+00       1.7375E-06       0.0000E+00       0.0000E+00       0.0000E+00       0.0000E+00
       1.6650E+00       0.0000E+00       0.0000E+00       1.8637E-05       3.7715E-05       8.9840E-08       0.0000E+00       1.7350E-06       0.0000E+00       0.0000E+00       0.0000E+00       0.0000E+00
       1.6750E+00       0.0000E+00       0.0000E+00       1.8638E-05       3.7716E-05       8.9697E-08       0.0000E+00       1.7326E-06       0.0000E+00       0.0000E+00       0.0000E+00       0.0000E+00
       1.6850E+00       0.0000E+00       0.0000E+00       1.8638E-05       3.7717E-05       8.9560E-08       0.0000E+00       1.7301E-06       0.0000E+00       0.0000E+00       0.0000E+00       0.0000E+00
       1.6950E+00       0.0000E+00       0.0000E+00       1.8639E-05       3.7718E-05       8.9431E-08       0.0000E+00       1.7276E-06       0.0000E+00       0.0000E+00       0.0000E+00       0.0000E+00
       1.7050E+00       0.0000E+00       0.0000E+00       1.8639E-05       3.7719E-05       8.9309E-08       0.0000E+00       1.7250E-06       0.0000E+00       0.0000E+00       0.0000E+00       0.0000E+00
       1.7150E+00       0.0000E+00       0.0000E+00       1.8640E-05       3.7719E-05       8.9193E-08       0.0000E+00       1.7225E-06       0.0000E+00       0.0000E+00       0.0000E+00       0.0000E+00
       1.7250E+00       0.0000E+00       0.0000E+00       1.8640E-05       3.7720E-05       8.9084E-08       0.0000E+00       1.7198E-06       0.0000E+00       0.0000E+00       0.0000E+00       0.0000E+00
       1.7350E+00       0.0000E+00       0.0000E+00       1.8641E-05       3.7721E-05       8.8982E-08       0.0000E+00       1.7172E-06       0.0000E+00       0.0000E+00       0.0000E+00       0.0000E+00
       1.7450E+00       0.0000E+00       0.0000E+00       1.8641E-05       3.7722E-05       8.8885E-08       0.0000E+00       1.7145E-06       0.0000E+00       0.0000E+00       0.0000E+00       0.0000E+00
       1.7550E+00       0.0000E+00       0.0000E+00       1.8642E-05       3.7723E-05       8.8795E-08       0.0000E+00       1.7118E-06       0.0000E+00       0.0000E+00       0.0000E+00       0.0000E+00
       1.7650E+00       0.0000E+00       0.0000E+00       1.8643E-05       3.7724E-05       8.8711E-08       0.0000E+00       1.7091E-06       0.0000E+00       0.0000E+00       0.0000E+00       0.0000E+00
       1.7750E+00       0.0000E+00       0.0000E+00       1.8643E-05       3.7724E-05       8.8632E-08       0.0000E+00       1.7063E-06       0.0000E+00       0.0000E+00       0.0000E+00       0.0000E+00
       1.7850E+00       0.0000E+00       0.0000E+00       1.8644E-05       3.7725E-05       8.8559E-08       0.0000E+00       1.7035E-06       0.0000E+00       0.0000E+00       0.0000E+00       0.0000E+00
       1.7950E+00       0.0000E+00       0.0000E+00       1.8644E-05       3.7726E-05       8.8492E-08       0.0000E+00       1.7006E-06       0.0000E+00       0.0000E+00       0.0000E+00       0.0000E+00
       1.8050E+00       0.0000E+00       0.0000E+00       1.8645E-05       3.7727E-05       8.8430E-08       0.0000E+00       1.6978E-06       0.0000E+00       0.0000E+00       0.0000E+00       0.0000E+00
       1.8150E+00       0.0000E+00       0.0000E+00       1.8646E-05       3.7728E-05       8.8373E-08       0.0000E+00       1.6949E-06       0.0000E+00       0.0000E+00       0.0000E+00       0.0000E+00
       1.8250E+00       0.0000E+00       0.0000E+00       1.8646E-05       3.7729E-05       8.8321E-08       0.0000E+00       1.6920E-06       0.0000E+00       0.0000E+00       0.0000E+00       0.0000E+00
       1.8350E+00       0.0000E+00       0.0000E+00       1.8647E-05       3.7730E-05       8.8274E-08       0.0000E+00       1.6890E-06       0.0000E+00       0.0000E+00       0.0000E+00       0.0000E+00
       1.8450E+00       0.0000E+00       0.0000E+00       1.8647E-05       3.7731E-05       8.8232E-08       0.0000E+00       1.6860E-06       0.0000E+00       0.0000E+00       0.0000E+00       0.0000E+00
       1.8550E+00       0.0000E+00       0.0000E+00       1.8648E-05       3.7731E-05       8.8195E-08       0.0000E+00       1.6830E-06       0.0000E+00       0.0000E+00       0.0000E+00       0.0000E+00
       1.8650E+00       0.0000E+00       0.0000E+00       1.8649E-05       3.7732E-05       8.8162E-08       0.0000E+00       1.6800E-06       0.0000E+00       0.0000E+00       0.0000E+00       0.0000E+00
       1.8750E+00       0.0000E+00       0.0000E+00       1.8649E-05       3.7733E-05       8.8133E-08       0.0000E+00       1.6769E-06       0.0000E+00       0.0000E+00       0.0000E+00       0.0000E+00
       1.8850E+00       0.0000E+00       0.0000E+00       1.8650E-05       3.7734E-05       8.8108E-08       0.0000E+00       1.6739E-06       0.0000E+00       0.0000E+00       0.0000E+00       0.0000E+00
       1.8950E+00       0.0000E+00       0.0000E+00       1.8650E-05       3.7735E-05       8.8088E-08       0.0000E+00       1.6707E-06       0.0000E+00       0.0000E+00       0.0000E+00       0.0000E+00
       1.9050E+00       0.0000E+00       0.0000E+00       1.8651E-05       3.7736E-05       8.8071E-08       0.0000E+00       1.6676E-06       0.0000E+00       0.0000E+00       0.0000E+00       0.0000E+00
       1.9150E+00       0.0000E+00       0.0000E+00       1.8652E-05       3.7737E-05       8.8059E-08       0.0000E+00       1.6645E-06       0.0000E+00       0.0000E+00       0.0000E+00       0.0000E+00
       1.9250E+00       0.0000E+00       0.0000E+00       1.8652E-05       3.7738E-05       8.8049E-08       0.0000E+00       1.6613E-06       0.0000E+00       0.0000E+00       0.0000E+00       0.0000E+00
       1.9350E+00       0.0000E+00       0.0000E+00       1.8653E-05       3.7739E-05       8.8044E-08       0.0000E+00       1.6581E-06       0.0000E+00       0.0000E+00       0.0000E+00       0.0000E+00
       1.9450E+00       0.0000E+00       0.0000E+00       1.8654E-05       3.7740E-05       8.8041E-08       0.0000E+00       1.6548E-06       0.0000E+00       0.0000E+00       0.0000E+00       0.0000E+00
       1.9550E+00       0.0000E+00       0.0000E+00       1.8654E-05       3.7741E-05       8.8042E-08       0.0000E+00       1.6516E-06       0.0000E+00       0.0000E+00       0.0000E+00       0.0000E+00
       1.9650E+00       0.0000E+00       0.0000E+00       1.8655E-05       3.7742E-05       8.8047E-08       0.0000E+00       1.6483E-06       0.0000E+00       0.0000E+00       0.0000E+00       0.0000E+00
       1.9750E+00       0.0000E+00       0.0000E+00       1.8656E-05       3.7743E-05       8.8054E-08       0.0000E+00       1.6450E-06       0.0000E+00       0.0000E+00       0.0000E+00       0.0000E+00
       1.9850E+00       0.0000E+00       0.0000E+00       1.8656E-05       3.7744E-05       8.8064E-08       0.0000E+00       1.6417E-06       0.0000E+00       0.0000E+00       0.0000E+00       0.0000E+00
       1.9950E+00       0.0000E+00       0.0000E+00       1.8657E-05       3.7745E-05       8.8077E-08       0.0000E+00       1.6384E-06       0.0000E+00       0.0000E+00       0.0000E+00       0.0000E+00
       2.0050E+00       0.0000E+00       0.0000E+00       1.8658E-05       3.7746E-05       8.8092E-08       0.0000E+00       1.6351E-06       0.0000E+00       0.0000E+00       0.0000E+00       0.0000E+00
       2.0150E+00       0.0000E+00       0.0000E+00       1.8658E-05       3.7747E-05       8.8110E-08       0.0000E+00       1.6317E-06       0.0000E+00       0.0000E+00       0.0000E+00       0.0000E+00
       2.0250E+00       0.0000E+00       0.0000E+00       1.8659E-05       3.7748E-05       8.8131E-08       0.0000E+00       1.6283E-06       0.0000E+00       0.0000E+00       0.0000E+00       0.0000E+00
       2.0350E+00       0.0000E+00       0.0000E+00       1.8660E-05       3.7749E-05       8.8154E-08       0.0000E+00       1.6249E-06       0.0000E+00       0.0000E+00       0.0000E+00       0.0000E+00
       2.0450E+00       0.0000E+00       0.0000E+00       1.8660E-05       3.7750E-05       8.8179E-08       0.0000E+00       1.6215E-06       0.0000E+00       0.0000E+00       0.0000E+00       0.0000E+00
       2.0550E+00       0.0000E+00       0.0000E+00       1.8661E-05       3.7751E-05       8.8207E-08       0.0000E+00       1.6181E-06       0.0000E+00       0.0000E+00       0.0000E+00       0.0000E+00
       2.0650E+00       0.0000E+00       0.0000E+00       1.8662E-05       3.7752E-05       8.8236E-08       0.0000E+00       1.6147E-06       0.0000E+00       0.0000E+00       0.0000E+00       0.0000E+00
       2.0750E+00       0.0000E+00       0.0000E+00       1.8662E-05       3.7753E-05       8.8268E-08       0.0000E+00       1.6112E-06       0.0000E+00       0.0000E+00       0.0000E+00       0.0000E+00
       2.0850E+00       0.0000E+00       0.0000E+00       1.8663E-05       3.7754E-05       8.8301E-08       0.0000E+00       1.6077E-06       0.0000E+00       0.0000E+00       0.0000E+00       0.0000E+00
       2.0950E+00       0.0000E+00       0.0000E+00       1.8664E-05       3.7755E-05       8.8336E-08       0.0000E+00       1.6043E-06       0.0000E+00       0.0000E+00       0.0000E+00       0.0000E+00
       2.1050E+00       0.0000E+00       0.0000E+00       1.8664E-05       3.7756E-05       8.8373E-08       0.0000E+00       1.6008E-06       0.0000E+00       0.0000E+00       0.0000E+00       0.0000E+00
       2.1150E+00       0.0000E+00       0.0000E+00       1.8665E-05       3.7757E-05       8.8411E-08       0.0000E+00       1.5973E-06       0.0000E+00       0.0000E+00       0.0000E+00       0.0000E+00
       2.1250E+00       0.0000E+00       0.0000E+00       1.8666E-05       3.7758E-05       8.8451E-08       0.0000E+00       1.5938E-06       0.0000E+00       0.0000E+00       0.0000E+00       0.0000E+00
       2.1350E+00       0.0000E+00       0.0000E+00       1.8666E-05       3.7759E-05       8.8493E-08       0.0000E+00       1.5903E-06       0.0000E+00       0.0000E+00       0.0000E+00       0.0000E+00
       2.1450E+00       0.0000E+00       0.0000E+00       1.8667E-05       3.7760E-05       8.8536E-08       0.0000E+00       1.5867E-06       0.0000E+00       0.0000E+00       0.0000E+00       0.0000E+00
       2.1550E+00       0.0000E+00       0.0000E+00       1.8668E-05       3.7761E-05       8.8580E-08       0.0000E+00       1.5832E-06       0.0000E+00       0.0000E+00       0.0000E+00       0.0000E+00
       2.1650E+00       0.0000E+00       0.0000E+00       1.8669E-05       3.7762E-05       8.8625E-08       0.0000E+00       1.5797E-06       0.0000E+00       0.0000E+00       0.0000E+00       0.0000E+00
       2.1750E+00       0.0000E+00       0.0000E+00       1.8669E-05       3.7763E-05       8.8672E-08       0.0000E+00       1.5761E-06       0.0000E+00       0.0000E+00       0.0000E+00       0.0000E+00
       2.1850E+00       0.0000E+00       0.0000E+00       1.8670E-05       3.7764E-05       8.8720E-08       0.0000E+00       1.5726E-06       0.0000E+00       0.0000E+00       0.0000E+00       0.0000E+00
       2.1950E+00       0.0000E+00       0.0000E+00       1.8671E-05       3.7765E-05       8.8769E-08       0.0000E+00       1.5690E-06       0.0000E+00       0.0000E+00       0.0000E+00       0.0000E+00
       2.2050E+00       0.0000E+00       0.0000E+00       1.8671E-05       3.7767E-05       8.8818E-08       0.0000E+00       1.5655E-06       0.0000E+00       0.0000E+00       0.0000E+00       0.0000E+00
       2.2150E+00       0.0000E+00       0.0000E+00       1.8672E-05       3.7768E-05       8.8869E-08       0.0000E+00       1.5619E-06       0.0000E+00       0.0000E+00       0.0000E+00       0.0000E+00
       2.2250E+00       0.0000E+00       0.0000E+00       1.8673E-05       3.7769E-05       8.8921E-08       0.0000E+00       1.5583E-06       0.0000E+00       0.0000E+00       0.0000E+00       0.0000E+00
       2.2350E+00       0.0000E+00       0.0000E+00       1.8673E-05       3.7770E-05       8.8973E-08       0.0000E+00       1.5548E-06       0.0000E+00       0.0000E+00       0.0000E+00       0.0000E+00
       2.2450E+00       0.0000E+00       0.0000E+00       1.8674E-05       3.7771E-05       8.9027E-08       0.0000E+00       1.5512E-06       0.0000E+00       0.0000E+00       0.0000E+00       0.0000E+00
       2.2550E+00       0.0000E+00       0.0000E+00       1.8675E-05       3.7772E-05       8.9080E-08       0.0000E+00       1.5476E-06       0.0000E+00       0.0000E+00       0.0000E+00       0.0000E+00
       2.2650E+00       0.0000E+00       0.0000E+00       1.8676E-05       3.7773E-05       8.9135E-08       0.0000E+00       1.5441E-06       0.0000E+00       0.0000E+00       0.0000E+00       0.0000E+00
       2.2750E+00       0.0000E+00       0.0000E+00       1.8676E-05       3.7774E-05       8.9190E-08       0.0000E+00       1.5405E-06       0.0000E+00       0.0000E+00       0.0000E+00       0.0000E+00
       2.2850E+00       0.0000E+00       0.0000E+00       1.8677E-05       3.7775E-05       8.9246E-08       0.0000E+00       1.5369E-06       0.0000E+00       0.0000E+00       0.0000E+00       0.0000E+00
       2.2950E+00       0.0000E+00       0.0000E+00       1.8678E-05       3.7776E-05       8.9302E-08       0.0000E+00       1.5334E-06       0.0000E+00       0.0000E+00       0.0000E+00       0.0000E+00
       2.3050E+00       0.0000E+00       0.0000E+00       1.8678E-05       3.7777E-05       8.9359E-08       0.0000E+00       1.5298E-06       0.0000E+00       0.0000E+00       0.0000E+00       0.0000E+00
       2.3150E+00       0.0000E+00       0.0000E+00       1.8679E-05       3.7778E-05       8.9416E-08       0.0000E+00       1.5263E-06       0.0000E+00       0.0000E+00       0.0000E+00       0.0000E+00
       2.3250E+00       0.0000E+00       0.0000E+00       1.8680E-05       3.7779E-05       8.9474E-08       0.0000E+00       1.5227E-06       0.0000E+00       0.0000E+00       0.0000E+00       0.0000E+00
       2.3350E+00       0.0000E+00       0.0000E+00       1.8680E-05       3.7780E-05       8.9532E-08       0.0000E+00       1.5192E-06       0.0000E+00       0.0000E+00       0.0000E+00       0.0000E+00
       2.3450E+00       0.0000E+00       0.0000E+00       1.8681E-05       3.7781E-05       8.9590E-08       0.0000E+00       1.5156E-06       0.0000E+00       0.0000E+00       0.0000E+00       0.0000E+00
       2.3550E+00       0.0000E+00       0.0000E+00       1.8682E-05       3.7782E-05       8.9648E-08       0.0000E+00       1.5121E-06       0.0000E+00       0.0000E+00       0.0000E+00       0.0000E+00
       2.3650E+00       0.0000E+00       0.0000E+00       1.8683E-05       3.7783E-05       8.9707E-08       0.0000E+00       1.5086E-06       0.0000E+00       0.0000E+00       0.0000E+00       0.0000E+00
       2.3750E+00       0.0000E+00       0.0000E+00       1.8683E-05       3.7784E-05       8.9766E-08       0.0000E+00       1.5050E-06       0.0000E+00       0.0000E+00       0.0000E+00       0.0000E+00
       2.3850E+00       0.0000E+00       0.0000E+00       1.8684E-05       3.7785E-05       8.9825E-08       0.0000E+00       1.5015E-06       0.0000E+00       0.0000E+00       0.0000E+00       0.0000E+00
       2.3950E+00       0.0000E+00       0.0000E+00       1.8685E-05       3.7786E-05       8.9885E-08       0.0000E+00       1.4980E-06       0.0000E+00       0.0000E+00       0.0000E+00       0.0000E+00
       2.4050E+00       0.0000E+00       0.0000E+00       1.8685E-05       3.7787E-05       8.9944E-08       0.0000E+00       1.4945E-06       0.0000E+00       0.0000E+00       0.0000E+00       0.0000E+00
       2.4150E+00       0.0000E+00       0.0000E+00       1.8686E-05       3.7788E-05       9.0004E-08       0.0000E+00       1.4910E-06       0.0000E+00       0.0000E+00       0.0000E+00       0.0000E+00
       2.4250E+00       0.0000E+00       0.0000E+00       1.8687E-05       3.7789E-05       9.0063E-08       0.0000E+00       1.4876E-06       0.0000E+00       0.0000E+00       0.0000E+00       0.0000E+00
       2.4350E+00       0.0000E+00       0.0000E+00       1.8687E-05       3.7791E-05       9.0123E-08       0.0000E+00       1.4841E-06       0.0000E+00       0.0000E+00       0.0000E+00       0.0000E+00
       2.4450E+00       0.0000E+00       0.0000E+00       1.8688E-05       3.7792E-05       9.0182E-08       0.0000E+00       1.4807E-06       0.0000E+00       0.0000E+00       0.0000E+00       0.0000E+00
       2.4550E+00       0.0000E+00       0.0000E+00       1.8689E-05       3.7793E-05       9.0242E-08       0.0000E+00       1.4772E-06       0.0000E+00       0.0000E+00       0.0000E+00       0.0000E+00
       2.4650E+00       0.0000E+00       0.0000E+00       1.8689E-05       3.7794E-05       9.0301E-08       0.0000E+00       1.4738E-06       0.0000E+00       0.0000E+00       0.0000E+00       0.0000E+00
       2.4750E+00       0.0000E+00       0.0000E+00       1.8690E-05       3.7795E-05       9.0361E-08       0.0000E+00       1.4704E-06       0.0000E+00       0.0000E+00       0.0000E+00       0.0000E+00
       2.4850E+00       0.0000E+00       0.0000E+00       1.8691E-05       3.7796E-05       9.0420E-08       0.0000E+00       1.4670E-06       0.0000E+00       0.0000E+00       0.0000E+00       0.0000E+00
       2.4950E+00       0.0000E+00       0.0000E+00       1.8691E-05       3.7797E-05       9.0479E-08       0.0000E+00       1.4636E-06       0.0000E+00       0.0000E+00       0.0000E+00       0.0000E+00
       2.5050E+00       0.0000E+00       0.0000E+00       1.8692E-05       3.7798E-05       9.0538E-08       0.0000E+00       1.4602E-06       0.0000E+00       0.0000E+00       0.0000E+00       0.0000E+00
       2.5150E+00       0.0000E+00       0.0000E+00       1.8693E-05       3.7799E-05       9.0597E-08       0.0000E+00       1.4568E-06       0.0000E+00       0.0000E+00       0.0000E+00       0.0000E+00
       2.5250E+00       0.0000E+00       0.0000E+00       1.8693E-05       3.7800E-05       9.0656E-08       0.0000E+00       1.4535E-06       0.0000E+00       0.0000E+00       0.0000E+00       0.0000E+00
       2.5350E+00       0.0000E+00       0.0000E+00       1.8694E-05       3.7801E-05       9.0715E-08       0.0000E+00       1.4502E-06       0.0000E+00       0.0000E+00       0.0000E+00       0.0000E+00
       2.5450E+00       0.0000E+00       0.0000E+00       1.8695E-05       3.7801E-05       9.0773E-08       0.0000E+00       1.4469E-06       0.0000E+00       0.0000E+00       0.0000E+00       0.0000E+00
       2.5550E+00       0.0000E+00       0.0000E+00       1.8695E-05       3.7802E-05       9.0831E-08       0.0000E+00       1.4436E-06       0.0000E+00       0.0000E+00       0.0000E+00       0.0000E+00
       2.5650E+00       0.0000E+00       0.0000E+00       1.8696E-05       3.7803E-05       9.0889E-08       0.0000E+00       1.4403E-06       0.0000E+00       0.0000E+00       0.0000E+00       0.0000E+00
       2.5750E+00       0.0000E+00       0.0000E+00       1.8697E-05       3.7804E-05       9.0947E-08       0.0000E+00       1.4370E-06       0.0000E+00       0.0000E+00       0.0000E+00       0.0000E+00
       2.5850E+00       0.0000E+00       0.0000E+00       1.8697E-05       3.7805E-05       9.1004E-08       0.0000E+00       1.4338E-06       0.0000E+00       0.0000E+00       0.0000E+00       0.0000E+00
       2.5950E+00       0.0000E+00       0.0000E+00       1.8698E-05       3.7806E-05       9.1061E-08       0.0000E+00       1.4306E-06       0.0000E+00       0.0000E+00       0.0000E+00       0.0000E+00
       2.6050E+00       0.0000E+00       0.0000E+00       1.8699E-05       3.7807E-05       9.1118E-08       0.0000E+00       1.4274E-06       0.0000E+00       0.0000E+00       0.0000E+00       0.0000E+00
       2.6150E+00       0.0000E+00       0.0000E+00       1.8699E-05       3.7808E-05       9.1175E-08       0.0000E+00       1.4242E-06       0.0000E+00       0.0000E+00       0.0000E+00       0.0000E+00
       2.6250E+00       0.0000E+00       0.0000E+00       1.8700E-05       3.7809E-05       9.1231E-08       0.0000E+00       1.4210E-06       0.0000E+00       0.0000E+00       0.0000E+00       0.0000E+00
       2.6350E+00       0.0000E+00       0.0000E+00       1.8700E-05       3.7810E-05       9.1287E-08       0.0000E+00       1.4179E-06       0.0000E+00       0.0000E+00       0.0000E+00       0.0000E+00
       2.6450E+00       0.0000E+00       0.0000E+00       1.8701E-05       3.7811E-05       9.1342E-08       0.0000E+00       1.4148E-06       0.0000E+00       0.0000E+00       0.0000E+00       0.0000E+00
       2.6550E+00       0.0000E+00       0.0000E+00       1.8702E-05       3.7812E-05       9.1398E-08       0.0000E+00       1.4117E-06       0.0000E+00       0.0000E+00       0.0000E+00       0.0000E+00
       2.6650E+00       0.0000E+00       0.0000E+00       1.8702E-05       3.7813E-05       9.1452E-08       0.0000E+00       1.4086E-06       0.0000E+00       0.0000E+00       0.0000E+00       0.0000E+00
       2.6750E+00       0.0000E+00       0.0000E+00       1.8703E-05       3.7814E-05       9.1507E-08       0.0000E+00       1.4055E-06       0.0000E+00       0.0000E+00       0.0000E+00       0.0000E+00
       2.6850E+00       0.0000E+00       0.0000E+00       1.8703E-05       3.7815E-05       9.1561E-08       0.0000E+00       1.4025E-06       0.0000E+00       0.0000E+00       0.0000E+00       0.0000E+00
       2.6950E+00       0.0000E+00       0.0000E+00       1.8704E-05       3.7815E-05       9.1615E-08       0.0000E+00       1.3995E-06       0.0000E+00       0.0000E+00       0.0000E+00       0.0000E+00
       2.7050E+00       0.0000E+00       0.0000E+00       1.8705E-05       3.7816E-05       9.1668E-08       0.0000E+00       1.3965E-06       0.0000E+00       0.0000E+00       0.0000E+00       0.0000E+00
       2.7150E+00       0.0000E+00       0.0000E+00       1.8705E-05       3.7817E-05       9.1721E-08       0.0000E+00       1.3935E-06       0.0000E+00       0.0000E+00       0.0000E+00       0.0000E+00
       2.7250E+00       0.0000E+00       0.0000E+00       1.8706E-05       3.7818E-05       9.1773E-08       0.0000E+00       1.3906E-06       0.0000E+00       0.0000E+00       0.0000E+00       0.0000E+00
       2.7350E+00       0.0000E+00       0.0000E+00       1.8706E-05       3.7819E-05       9.1825E-08       0.0000E+00       1.3876E-06       0.0000E+00       0.0000E+00       0.0000E+00       0.0000E+00
       2.7450E+00       0.0000E+00       0.0000E+00       1.8707E-05       3.7820E-05       9.1877E-08       0.0000E+00       1.3847E-06       0.0000E+00       0.0000E+00       0.0000E+00       0.0000E+00
       2.7550E+00       0.0000E+00       0.0000E+00       1.8707E-05       3.7821E-05       9.1928E-08       0.0000E+00       1.3819E-06       0.0000E+00       0.0000E+00       0.0000E+00       0.0000E+00
       2.7650E+00       0.0000E+00       0.0000E+00       1.8708E-05       3.7821E-05       9.1979E-08       0.0000E+00       1.3790E-06       0.0000E+00       0.0000E+00       0.0000E+00       0.0000E+00
       2.7750E+00       0.0000E+00       0.0000E+00       1.8709E-05       3.7822E-05       9.2029E-08       0.0000E+00       1.3762E-06       0.0000E+00       0.0000E+00       0.0000E+00       0.0000E+00
       2.7850E+00       0.0000E+00       0.0000E+00       1.8709E-05       3.7823E-05       9.2079E-08       0.0000E+00       1.3734E-06       0.0000E+00       0.0000E+00       0.0000E+00       0.0000E+00
       2.7950E+00       0.0000E+00       0.0000E+00       1.8710E-05       3.7824E-05       9.2128E-08       0.0000E+00       1.3706E-06       0.0000E+00       0.0000E+00       0.0000E+00       0.0000E+00
       2.8050E+00       0.0000E+00       0.0000E+00       1.8710E-05       3.7825E-05       9.2177E-08       0.0000E+00       1.3679E-06       0.0000E+00       0.0000E+00       0.0000E+00       0.0000E+00
       2.8150E+00       0.0000E+00       0.0000E+00       1.8711E-05       3.7826E-05       9.2225E-08       0.0000E+00       1.3651E-06       0.0000E+00       0.0000E+00       0.0000E+00       0.0000E+00
       2.8250E+00       0.0000E+00       0.0000E+00       1.8711E-05       3.7826E-05       9.2273E-08       0.0000E+00       1.3624E-06       0.0000E+00       0.0000E+00       0.0000E+00       0.0000E+00
       2.8350E+00       0.0000E+00       0.0000E+00       1.8712E-05       3.7827E-05       9.2321E-08       0.0000E+00       1.3598E-06       0.0000E+00       0.0000E+00       0.0000E+00       0.0000E+00
       2.8450E+00       0.0000E+00       0.0000E+00       1.8712E-05       3.7828E-05       9.2368E-08       0.0000E+00       1.3571E-06       0.0000E+00       0.0000E+00       0.0000E+00       0.0000E+00
       2.8550E+00       0.0000E+00       0.0000E+00       1.8713E-05       3.7829E-05       9.2414E-08       0.0000E+00       1.3545E-06       0.0000E+00       0.0000E+00       0.0000E+00       0.0000E+00
       2.8650E+00       0.0000E+00       0.0000E+00       1.8713E-05       3.7829E-05       9.2460E-08       0.0000E+00       1.3519E-06       0.0000E+00       0.0000E+00       0.0000E+00       0.0000E+00
       2.8750E+00       0.0000E+00       0.0000E+00       1.8714E-05       3.7830E-05       9.2505E-08       0.0000E+00       1.3494E-06       0.0000E+00       0.0000E+00       0.0000E+00       0.0000E+00
       2.8850E+00       0.0000E+00       0.0000E+00       1.8714E-05       3.7831E-05       9.2550E-08       0.0000E+00       1.3469E-06       0.0000E+00       0.0000E+00       0.0000E+00       0.0000E+00
       2.8950E+00       0.0000E+00       0.0000E+00       1.8715E-05       3.7832E-05       9.2594E-08       0.0000E+00       1.3444E-06       0.0000E+00       0.0000E+00       0.0000E+00       0.0000E+00
       2.9050E+00       0.0000E+00       0.0000E+00       1.8715E-05       3.7832E-05       9.2637E-08       0.0000E+00       1.3419E-06       0.0000E+00       0.0000E+00       0.0000E+00       0.0000E+00
       2.9150E+00       0.0000E+00       0.0000E+00       1.8716E-05       3.7833E-05       9.2680E-08       0.0000E+00       1.3395E-06       0.0000E+00       0.0000E+00       0.0000E+00       0.0000E+00
       2.9250E+00       0.0000E+00       0.0000E+00       1.8716E-05       3.7834E-05       9.2721E-08       0.0000E+00       1.3372E-06       0.0000E+00       0.0000E+00       0.0000E+00       0.0000E+00
       2.9350E+00       0.0000E+00       0.0000E+00       1.8717E-05       3.7834E-05       9.2761E-08       0.0000E+00       1.3350E-06       0.0000E+00       0.0000E+00       0.0000E+00       0.0000E+00
       2.9450E+00       0.0000E+00       0.0000E+00       1.8717E-05       3.7835E-05       9.2799E-08       0.0000E+00       1.3328E-06       0.0000E+00       0.0000E+00       0.0000E+00       0.0000E+00
       2.9550E+00       0.0000E+00       0.0000E+00       1.8718E-05       3.7836E-05       9.2835E-08       0.0000E+00       1.3308E-06       0.0000E+00       0.0000E+00       0.0000E+00       0.0000E+00
       2.9650E+00       0.0000E+00       0.0000E+00       1.8718E-05       3.7836E-05       9.2867E-08       0.0000E+00       1.3289E-06       0.0000E+00       0.0000E+00       0.0000E+00       0.0000E+00
       2.9750E+00       0.0000E+00       0.0000E+00       1.8718E-05       3.7837E-05       9.2895E-08       0.0000E+00       1.3274E-06       0.0000E+00       0.0000E+00       0.0000E+00       0.0000E+00
       2.9850E+00       0.0000E+00       0.0000E+00       1.8718E-05       3.7837E-05       9.2917E-08       0.0000E+00       1.3261E-06       0.0000E+00       0.0000E+00       0.0000E+00       0.0000E+00
       2.9950E+00       0.0000E+00       0.0000E+00       1.8719E-05       3.7837E-05       9.2930E-08       0.0000E+00       1.3254E-06       0.0000E+00       0.0000E+00       0.0000E+00       0.0000E+00
