# Time          4.5000E+01
# Units: Mol/g solid
    Distance           H+               CO2(aq)          Mg++             Ca++             K+               SiO2(aq)         Na+              Al+++            Cl-              NO3-             Tracer       
       5.0000E-03       0.0000E+00       0.0000E+00       3.9564E-11       7.9844E-11       2.9586E-13       0.0000E+00       3.9216E-12       0.0000E+00       0.0000E+00       0.0000E+00       0.0000E+00
       1.5000E-02       0.0000E+00       0.0000E+00       3.9515E-11       7.9893E-11       2.9566E-13       0.0000E+00       3.9209E-12       0.0000E+00       0.0000E+00       0.0000E+00       0.0000E+00
       2.5000E-02       0.0000E+00       0.0000E+00       3.9469E-11       7.9940E-11       2.9547E-13       0.0000E+00       3.9202E-12       0.0000E+00       0.0000E+00       0.0000E+00       0.0000E+00
       3.5000E-02       0.0000E+00       0.0000E+00       3.9426E-11       7.9984E-11       2.9528E-13       0.0000E+00       3.9196E-12       0.0000E+00       0.0000E+00       0.0000E+00       0.0000E+00
       4.5000E-02       0.0000E+00       0.0000E+00       3.9386E-11       8.0024E-11       2.9510E-13       0.0000E+00       3.9189E-12       0.0000E+00       0.0000E+00       0.0000E+00       0.0000E+00
       5.5000E-02       0.0000E+00       0.0000E+00       3.9350E-11       8.0061E-11       2.9491E-13       0.0000E+00       3.9183E-12       0.0000E+00       0.0000E+00       0.0000E+00       0.0000E+00
       6.5000E-02       0.0000E+00       0.0000E+00       3.9317E-11       8.0094E-11       2.9473E-13       0.0000E+00       3.9177E-12       0.0000E+00       0.0000E+00       0.0000E+00       0.0000E+00
       7.5000E-02       0.0000E+00       0.0000E+00       3.9288E-11       8.0123E-11       2.9454E-13       0.0000E+00       3.9172E-12       0.0000E+00       0.0000E+00       0.0000E+00       0.0000E+00
       8.5000E-02       0.0000E+00       0.0000E+00       3.9264E-11       8.0148E-11       2.9436E-13       0.0000E+00       3.9166E-12       0.0000E+00       0.0000E+00       0.0000E+00       0.0000E+00
       9.5000E-02       0.0000E+00       0.0000E+00       3.9243E-11       8.0169E-11       2.9418E-13       0.0000E+00       3.9161E-12       0.0000E+00       0.0000E+00       0.0000E+00       0.0000E+00
       1.0500E-01       0.0000E+00       0.0000E+00       3.9226E-11       8.0187E-11       2.9401E-13       0.0000E+00       3.9156E-12       0.0000E+00       0.0000E+00       0.0000E+00       0.0000E+00
       1.1500E-01       0.0000E+00       0.0000E+00       3.9212E-11       8.0201E-11       2.9384E-13       0.0000E+00       3.9152E-12       0.0000E+00       0.0000E+00       0.0000E+00       0.0000E+00
       1.2500E-01       0.0000E+00       0.0000E+00       3.9201E-11       8.0212E-11       2.9366E-13       0.0000E+00       3.9147E-12       0.0000E+00       0.0000E+00       0.0000E+00       0.0000E+00
       1.3500E-01       0.0000E+00       0.0000E+00       3.9193E-11       8.0221E-11       2.9349E-13       0.0000E+00       3.9143E-12       0.0000E+00       0.0000E+00       0.0000E+00       0.0000E+00
       1.4500E-01       0.0000E+00       0.0000E+00       3.9186E-11       8.0227E-11       2.9333E-13       0.0000E+00       3.9139E-12       0.0000E+00       0.0000E+00       0.0000E+00       0.0000E+00
       1.5500E-01       0.0000E+00       0.0000E+00       3.9182E-11       8.0232E-11       2.9316E-13       0.0000E+00       3.9135E-12       0.0000E+00       0.0000E+00       0.0000E+00       0.0000E+00
       1.6500E-01       0.0000E+00       0.0000E+00       3.9179E-11       8.0236E-11       2.9300E-13       0.0000E+00       3.9131E-12       0.0000E+00       0.0000E+00       0.0000E+00       0.0000E+00
       1.7500E-01       0.0000E+00       0.0000E+00       3.9177E-11       8.0238E-11       2.9284E-13       0.0000E+00       3.9128E-12       0.0000E+00       0.0000E+00       0.0000E+00       0.0000E+00
       1.8500E-01       0.0000E+00       0.0000E+00       3.9176E-11       8.0239E-11       2.9269E-13       0.0000E+00       3.9124E-12       0.0000E+00       0.0000E+00       0.0000E+00       0.0000E+00
       1.9500E-01       0.0000E+00       0.0000E+00       3.9176E-11       8.0239E-11       2.9254E-13       0.0000E+00       3.9121E-12       0.0000E+00       0.0000E+00       0.0000E+00       0.0000E+00
       2.0500E-01       0.0000E+00       0.0000E+00       3.9177E-11       8.0238E-11       2.9241E-13       0.0000E+00       3.9118E-12       0.0000E+00       0.0000E+00       0.0000E+00       0.0000E+00
       2.1500E-01       0.0000E+00       0.0000E+00       3.9180E-11       8.0236E-11       2.9228E-13       0.0000E+00       3.9116E-12       0.0000E+00       0.0000E+00       0.0000E+00       0.0000E+00
       2.2500E-01       0.0000E+00       0.0000E+00       3.9184E-11       8.0232E-11       2.9217E-13       0.0000E+00       3.9113E-12       0.0000E+00       0.0000E+00       0.0000E+00       0.0000E+00
       2.3500E-01       0.0000E+00       0.0000E+00       3.9191E-11       8.0224E-11       2.9209E-13       0.0000E+00       3.9112E-12       0.0000E+00       0.0000E+00       0.0000E+00       0.0000E+00
       2.4500E-01       0.0000E+00       0.0000E+00       3.9203E-11       8.0213E-11       2.9204E-13       0.0000E+00       3.9112E-12       0.0000E+00       0.0000E+00       0.0000E+00       0.0000E+00
       2.5500E-01       0.0000E+00       0.0000E+00       1.8483E-05       3.7792E-05       1.3763E-07       0.0000E+00       1.8432E-06       0.0000E+00       0.0000E+00       0.0000E+00       0.0000E+00
       2.6500E-01       0.0000E+00       0.0000E+00       1.8491E-05       3.7783E-05       1.3763E-07       0.0000E+00       1.8432E-06       0.0000E+00       0.0000E+00       0.0000E+00       0.0000E+00
       2.7500E-01       0.0000E+00       0.0000E+00       1.8499E-05       3.7775E-05       1.3763E-07       0.0000E+00       1.8433E-06       0.0000E+00       0.0000E+00       0.0000E+00       0.0000E+00
       2.8500E-01       0.0000E+00       0.0000E+00       1.8507E-05       3.7767E-05       1.3764E-07       0.0000E+00       1.8433E-06       0.0000E+00       0.0000E+00       0.0000E+00       0.0000E+00
       2.9500E-01       0.0000E+00       0.0000E+00       1.8515E-05       3.7759E-05       1.3764E-07       0.0000E+00       1.8433E-06       0.0000E+00       0.0000E+00       0.0000E+00       0.0000E+00
       3.0500E-01       0.0000E+00       0.0000E+00       1.8523E-05       3.7752E-05       1.3764E-07       0.0000E+00       1.8434E-06       0.0000E+00       0.0000E+00       0.0000E+00       0.0000E+00
       3.1500E-01       0.0000E+00       0.0000E+00       1.8530E-05       3.7745E-05       1.3765E-07       0.0000E+00       1.8434E-06       0.0000E+00       0.0000E+00       0.0000E+00       0.0000E+00
       3.2500E-01       0.0000E+00       0.0000E+00       1.8537E-05       3.7738E-05       1.3765E-07       0.0000E+00       1.8434E-06       0.0000E+00       0.0000E+00       0.0000E+00       0.0000E+00
       3.3500E-01       0.0000E+00       0.0000E+00       1.8543E-05       3.7731E-05       1.3765E-07       0.0000E+00       1.8435E-06       0.0000E+00       0.0000E+00       0.0000E+00       0.0000E+00
       3.4500E-01       0.0000E+00       0.0000E+00       1.8550E-05       3.7725E-05       1.3765E-07       0.0000E+00       1.8435E-06       0.0000E+00       0.0000E+00       0.0000E+00       0.0000E+00
       3.5500E-01       0.0000E+00       0.0000E+00       1.8556E-05       3.7719E-05       1.3766E-07       0.0000E+00       1.8435E-06       0.0000E+00       0.0000E+00       0.0000E+00       0.0000E+00
       3.6500E-01       0.0000E+00       0.0000E+00       1.8561E-05       3.7713E-05       1.3766E-07       0.0000E+00       1.8436E-06       0.0000E+00       0.0000E+00       0.0000E+00       0.0000E+00
       3.7500E-01       0.0000E+00       0.0000E+00       1.8566E-05       3.7708E-05       1.3766E-07       0.0000E+00       1.8436E-06       0.0000E+00       0.0000E+00       0.0000E+00       0.0000E+00
       3.8500E-01       0.0000E+00       0.0000E+00       1.8571E-05       3.7703E-05       1.3766E-07       0.0000E+00       1.8436E-06       0.0000E+00       0.0000E+00       0.0000E+00       0.0000E+00
       3.9500E-01       0.0000E+00       0.0000E+00       1.8575E-05       3.7699E-05       1.3766E-07       0.0000E+00       1.8436E-06       0.0000E+00       0.0000E+00       0.0000E+00       0.0000E+00
       4.0500E-01       0.0000E+00       0.0000E+00       1.8579E-05       3.7695E-05       1.3766E-07       0.0000E+00       1.8437E-06       0.0000E+00       0.0000E+00       0.0000E+00       0.0000E+00
       4.1500E-01       0.0000E+00       0.0000E+00       1.8583E-05       3.7691E-05       1.3767E-07       0.0000E+00       1.8437E-06       0.0000E+00       0.0000E+00       0.0000E+00       0.0000E+00
       4.2500E-01       0.0000E+00       0.0000E+00       1.8586E-05       3.7688E-05       1.3767E-07       0.0000E+00       1.8437E-06       0.0000E+00       0.0000E+00       0.0000E+00       0.0000E+00
       4.3500E-01       0.0000E+00       0.0000E+00       1.8589E-05       3.7685E-05       1.3767E-07       0.0000E+00       1.8437E-06       0.0000E+00       0.0000E+00       0.0000E+00       0.0000E+00
       4.4500E-01       0.0000E+00       0.0000E+00       1.8592E-05       3.7683E-05       1.3767E-07       0.0000E+00       1.8437E-06       0.0000E+00       0.0000E+00       0.0000E+00       0.0000E+00
       4.5500E-01       0.0000E+00       0.0000E+00       1.8594E-05       3.7680E-05       1.3767E-07       0.0000E+00       1.8437E-06       0.0000E+00       0.0000E+00       0.0000E+00       0.0000E+00
       4.6500E-01       0.0000E+00       0.0000E+00       1.8596E-05       3.7679E-05       1.3767E-07       0.0000E+00       1.8437E-06       0.0000E+00       0.0000E+00       0.0000E+00       0.0000E+00
       4.7500E-01       0.0000E+00       0.0000E+00       1.8597E-05       3.7677E-05       1.3767E-07       0.0000E+00       1.8438E-06       0.0000E+00       0.0000E+00       0.0000E+00       0.0000E+00
       4.8500E-01       0.0000E+00       0.0000E+00       1.8599E-05       3.7675E-05       1.3767E-07       0.0000E+00       1.8438E-06       0.0000E+00       0.0000E+00       0.0000E+00       0.0000E+00
       4.9500E-01       0.0000E+00       0.0000E+00       1.8600E-05       3.7674E-05       1.3767E-07       0.0000E+00       1.8438E-06       0.0000E+00       0.0000E+00       0.0000E+00       0.0000E+00
       5.0500E-01       0.0000E+00       0.0000E+00       1.8601E-05       3.7673E-05       1.3767E-07       0.0000E+00       1.8438E-06       0.0000E+00       0.0000E+00       0.0000E+00       0.0000E+00
       5.1500E-01       0.0000E+00       0.0000E+00       1.8602E-05       3.7672E-05       1.3767E-07       0.0000E+00       1.8438E-06       0.0000E+00       0.0000E+00       0.0000E+00       0.0000E+00
       5.2500E-01       0.0000E+00       0.0000E+00       1.8603E-05       3.7671E-05       1.3767E-07       0.0000E+00       1.8438E-06       0.0000E+00       0.0000E+00       0.0000E+00       0.0000E+00
       5.3500E-01       0.0000E+00       0.0000E+00       1.8603E-05       3.7671E-05       1.3767E-07       0.0000E+00       1.8438E-06       0.0000E+00       0.0000E+00       0.0000E+00       0.0000E+00
       5.4500E-01       0.0000E+00       0.0000E+00       1.8604E-05       3.7670E-05       1.3767E-07       0.0000E+00       1.8438E-06       0.0000E+00       0.0000E+00       0.0000E+00       0.0000E+00
       5.5500E-01       0.0000E+00       0.0000E+00       1.8604E-05       3.7670E-05       1.3767E-07       0.0000E+00       1.8438E-06       0.0000E+00       0.0000E+00       0.0000E+00       0.0000E+00
       5.6500E-01       0.0000E+00       0.0000E+00       1.8605E-05       3.7670E-05       1.3767E-07       0.0000E+00       1.8438E-06       0.0000E+00       0.0000E+00       0.0000E+00       0.0000E+00
       5.7500E-01       0.0000E+00       0.0000E+00       1.8605E-05       3.7669E-05       1.3767E-07       0.0000E+00       1.8438E-06       0.0000E+00       0.0000E+00       0.0000E+00       0.0000E+00
       5.8500E-01       0.0000E+00       0.0000E+00       1.8605E-05       3.7669E-05       1.3767E-07       0.0000E+00       1.8438E-06       0.0000E+00       0.0000E+00       0.0000E+00       0.0000E+00
       5.9500E-01       0.0000E+00       0.0000E+00       1.8605E-05       3.7669E-05       1.3767E-07       0.0000E+00       1.8438E-06       0.0000E+00       0.0000E+00       0.0000E+00       0.0000E+00
       6.0500E-01       0.0000E+00       0.0000E+00       1.8605E-05       3.7669E-05       1.3767E-07       0.0000E+00       1.8438E-06       0.0000E+00       0.0000E+00       0.0000E+00       0.0000E+00
       6.1500E-01       0.0000E+00       0.0000E+00       1.8605E-05       3.7669E-05       1.3767E-07       0.0000E+00       1.8438E-06       0.0000E+00       0.0000E+00       0.0000E+00       0.0000E+00
       6.2500E-01       0.0000E+00       0.0000E+00       1.8606E-05       3.7669E-05       1.3767E-07       0.0000E+00       1.8438E-06       0.0000E+00       0.0000E+00       0.0000E+00       0.0000E+00
       6.3500E-01       0.0000E+00       0.0000E+00       1.8606E-05       3.7669E-05       1.3767E-07       0.0000E+00       1.8438E-06       0.0000E+00       0.0000E+00       0.0000E+00       0.0000E+00
       6.4500E-01       0.0000E+00       0.0000E+00       1.8606E-05       3.7669E-05       1.3767E-07       0.0000E+00       1.8438E-06       0.0000E+00       0.0000E+00       0.0000E+00       0.0000E+00
       6.5500E-01       0.0000E+00       0.0000E+00       1.8606E-05       3.7669E-05       1.3767E-07       0.0000E+00       1.8438E-06       0.0000E+00       0.0000E+00       0.0000E+00       0.0000E+00
       6.6500E-01       0.0000E+00       0.0000E+00       1.8606E-05       3.7669E-05       1.3767E-07       0.0000E+00       1.8438E-06       0.0000E+00       0.0000E+00       0.0000E+00       0.0000E+00
       6.7500E-01       0.0000E+00       0.0000E+00       1.8606E-05       3.7669E-05       1.3767E-07       0.0000E+00       1.8438E-06       0.0000E+00       0.0000E+00       0.0000E+00       0.0000E+00
       6.8500E-01       0.0000E+00       0.0000E+00       1.8606E-05       3.7669E-05       1.3767E-07       0.0000E+00       1.8438E-06       0.0000E+00       0.0000E+00       0.0000E+00       0.0000E+00
       6.9500E-01       0.0000E+00       0.0000E+00       1.8606E-05       3.7669E-05       1.3767E-07       0.0000E+00       1.8438E-06       0.0000E+00       0.0000E+00       0.0000E+00       0.0000E+00
       7.0500E-01       0.0000E+00       0.0000E+00       1.8606E-05       3.7669E-05       1.3767E-07       0.0000E+00       1.8438E-06       0.0000E+00       0.0000E+00       0.0000E+00       0.0000E+00
       7.1500E-01       0.0000E+00       0.0000E+00       1.8606E-05       3.7669E-05       1.3767E-07       0.0000E+00       1.8438E-06       0.0000E+00       0.0000E+00       0.0000E+00       0.0000E+00
       7.2500E-01       0.0000E+00       0.0000E+00       1.8606E-05       3.7669E-05       1.3767E-07       0.0000E+00       1.8438E-06       0.0000E+00       0.0000E+00       0.0000E+00       0.0000E+00
       7.3500E-01       0.0000E+00       0.0000E+00       1.8606E-05       3.7669E-05       1.3766E-07       0.0000E+00       1.8438E-06       0.0000E+00       0.0000E+00       0.0000E+00       0.0000E+00
       7.4500E-01       0.0000E+00       0.0000E+00       1.8606E-05       3.7669E-05       1.3766E-07       0.0000E+00       1.8438E-06       0.0000E+00       0.0000E+00       0.0000E+00       0.0000E+00
       7.5500E-01       0.0000E+00       0.0000E+00       1.8606E-05       3.7669E-05       1.3766E-07       0.0000E+00       1.8438E-06       0.0000E+00       0.0000E+00       0.0000E+00       0.0000E+00
       7.6500E-01       0.0000E+00       0.0000E+00       1.8606E-05       3.7669E-05       1.3766E-07       0.0000E+00       1.8438E-06       0.0000E+00       0.0000E+00       0.0000E+00       0.0000E+00
       7.7500E-01       0.0000E+00       0.0000E+00       1.8606E-05       3.7669E-05       1.3766E-07       0.0000E+00       1.8438E-06       0.0000E+00       0.0000E+00       0.0000E+00       0.0000E+00
       7.8500E-01       0.0000E+00       0.0000E+00       1.8606E-05       3.7669E-05       1.3766E-07       0.0000E+00       1.8438E-06       0.0000E+00       0.0000E+00       0.0000E+00       0.0000E+00
       7.9500E-01       0.0000E+00       0.0000E+00       1.8606E-05       3.7669E-05       1.3766E-07       0.0000E+00       1.8438E-06       0.0000E+00       0.0000E+00       0.0000E+00       0.0000E+00
       8.0500E-01       0.0000E+00       0.0000E+00       1.8606E-05       3.7669E-05       1.3766E-07       0.0000E+00       1.8438E-06       0.0000E+00       0.0000E+00       0.0000E+00       0.0000E+00
       8.1500E-01       0.0000E+00       0.0000E+00       1.8606E-05       3.7669E-05       1.3766E-07       0.0000E+00       1.8438E-06       0.0000E+00       0.0000E+00       0.0000E+00       0.0000E+00
       8.2500E-01       0.0000E+00       0.0000E+00       1.8606E-05       3.7669E-05       1.3766E-07       0.0000E+00       1.8438E-06       0.0000E+00       0.0000E+00       0.0000E+00       0.0000E+00
       8.3500E-01       0.0000E+00       0.0000E+00       1.8606E-05       3.7669E-05       1.3766E-07       0.0000E+00       1.8438E-06       0.0000E+00       0.0000E+00       0.0000E+00       0.0000E+00
       8.4500E-01       0.0000E+00       0.0000E+00       1.8606E-05       3.7669E-05       1.3766E-07       0.0000E+00       1.8438E-06       0.0000E+00       0.0000E+00       0.0000E+00       0.0000E+00
       8.5500E-01       0.0000E+00       0.0000E+00       1.8606E-05       3.7669E-05       1.3766E-07       0.0000E+00       1.8438E-06       0.0000E+00       0.0000E+00       0.0000E+00       0.0000E+00
       8.6500E-01       0.0000E+00       0.0000E+00       1.8606E-05       3.7669E-05       1.3766E-07       0.0000E+00       1.8438E-06       0.0000E+00       0.0000E+00       0.0000E+00       0.0000E+00
       8.7500E-01       0.0000E+00       0.0000E+00       1.8606E-05       3.7669E-05       1.3766E-07       0.0000E+00       1.8438E-06       0.0000E+00       0.0000E+00       0.0000E+00       0.0000E+00
       8.8500E-01       0.0000E+00       0.0000E+00       1.8606E-05       3.7669E-05       1.3765E-07       0.0000E+00       1.8438E-06       0.0000E+00       0.0000E+00       0.0000E+00       0.0000E+00
       8.9500E-01       0.0000E+00       0.0000E+00       1.8606E-05       3.7669E-05       1.3765E-07       0.0000E+00       1.8438E-06       0.0000E+00       0.0000E+00       0.0000E+00       0.0000E+00
       9.0500E-01       0.0000E+00       0.0000E+00       1.8606E-05       3.7669E-05       1.3765E-07       0.0000E+00       1.8438E-06       0.0000E+00       0.0000E+00       0.0000E+00       0.0000E+00
       9.1500E-01       0.0000E+00       0.0000E+00       1.8606E-05       3.7669E-05       1.3765E-07       0.0000E+00       1.8438E-06       0.0000E+00       0.0000E+00       0.0000E+00       0.0000E+00
       9.2500E-01       0.0000E+00       0.0000E+00       1.8606E-05       3.7669E-05       1.3765E-07       0.0000E+00       1.8438E-06       0.0000E+00       0.0000E+00       0.0000E+00       0.0000E+00
       9.3500E-01       0.0000E+00       0.0000E+00       1.8606E-05       3.7669E-05       1.3765E-07       0.0000E+00       1.8438E-06       0.0000E+00       0.0000E+00       0.0000E+00       0.0000E+00
       9.4500E-01       0.0000E+00       0.0000E+00       1.8606E-05       3.7669E-05       1.3765E-07       0.0000E+00       1.8438E-06       0.0000E+00       0.0000E+00       0.0000E+00       0.0000E+00
       9.5500E-01       0.0000E+00       0.0000E+00       1.8606E-05       3.7669E-05       1.3765E-07       0.0000E+00       1.8438E-06       0.0000E+00       0.0000E+00       0.0000E+00       0.0000E+00
       9.6500E-01       0.0000E+00       0.0000E+00       1.8606E-05       3.7669E-05       1.3765E-07       0.0000E+00       1.8438E-06       0.0000E+00       0.0000E+00       0.0000E+00       0.0000E+00
       9.7500E-01       0.0000E+00       0.0000E+00       1.8606E-05       3.7669E-05       1.3764E-07       0.0000E+00       1.8438E-06       0.0000E+00       0.0000E+00       0.0000E+00       0.0000E+00
       9.8500E-01       0.0000E+00       0.0000E+00       1.8606E-05       3.7669E-05       1.3764E-07       0.0000E+00       1.8438E-06       0.0000E+00       0.0000E+00       0.0000E+00       0.0000E+00
       9.9500E-01       0.0000E+00       0.0000E+00       1.8606E-05       3.7669E-05       1.3764E-07       0.0000E+00       1.8438E-06       0.0000E+00       0.0000E+00       0.0000E+00       0.0000E+00
       1.0050E+00       0.0000E+00       0.0000E+00       1.8606E-05       3.7669E-05       1.3764E-07       0.0000E+00       1.8438E-06       0.0000E+00       0.0000E+00       0.0000E+00       0.0000E+00
       1.0150E+00       0.0000E+00       0.0000E+00       1.8606E-05       3.7669E-05       1.3764E-07       0.0000E+00       1.8438E-06       0.0000E+00       0.0000E+00       0.0000E+00       0.0000E+00
       1.0250E+00       0.0000E+00       0.0000E+00       1.8606E-05       3.7669E-05       1.3764E-07       0.0000E+00       1.8438E-06       0.0000E+00       0.0000E+00       0.0000E+00       0.0000E+00
       1.0350E+00       0.0000E+00       0.0000E+00       1.8606E-05       3.7669E-05       1.3763E-07       0.0000E+00       1.8438E-06       0.0000E+00       0.0000E+00       0.0000E+00       0.0000E+00
       1.0450E+00       0.0000E+00       0.0000E+00       1.8606E-05       3.7669E-05       1.3763E-07       0.0000E+00       1.8438E-06       0.0000E+00       0.0000E+00       0.0000E+00       0.0000E+00
       1.0550E+00       0.0000E+00       0.0000E+00       1.8606E-05       3.7669E-05       1.3763E-07       0.0000E+00       1.8438E-06       0.0000E+00       0.0000E+00       0.0000E+00       0.0000E+00
       1.0650E+00       0.0000E+00       0.0000E+00       1.8606E-05       3.7669E-05       1.3763E-07       0.0000E+00       1.8438E-06       0.0000E+00       0.0000E+00       0.0000E+00       0.0000E+00
       1.0750E+00       0.0000E+00       0.0000E+00       1.8606E-05       3.7669E-05       1.3763E-07       0.0000E+00       1.8438E-06       0.0000E+00       0.0000E+00       0.0000E+00       0.0000E+00
       1.0850E+00       0.0000E+00       0.0000E+00       1.8606E-05       3.7669E-05       1.3762E-07       0.0000E+00       1.8438E-06       0.0000E+00       0.0000E+00       0.0000E+00       0.0000E+00
       1.0950E+00       0.0000E+00       0.0000E+00       1.8606E-05       3.7669E-05       1.3762E-07       0.0000E+00       1.8438E-06       0.0000E+00       0.0000E+00       0.0000E+00       0.0000E+00
       1.1050E+00       0.0000E+00       0.0000E+00       1.8606E-05       3.7669E-05       1.3762E-07       0.0000E+00       1.8438E-06       0.0000E+00       0.0000E+00       0.0000E+00       0.0000E+00
       1.1150E+00       0.0000E+00       0.0000E+00       1.8606E-05       3.7669E-05       1.3761E-07       0.0000E+00       1.8438E-06       0.0000E+00       0.0000E+00       0.0000E+00       0.0000E+00
       1.1250E+00       0.0000E+00       0.0000E+00       1.8606E-05       3.7669E-05       1.3761E-07       0.0000E+00       1.8438E-06       0.0000E+00       0.0000E+00       0.0000E+00       0.0000E+00
       1.1350E+00       0.0000E+00       0.0000E+00       1.8606E-05       3.7669E-05       1.3761E-07       0.0000E+00       1.8438E-06       0.0000E+00       0.0000E+00       0.0000E+00       0.0000E+00
       1.1450E+00       0.0000E+00       0.0000E+00       1.8606E-05       3.7669E-05       1.3761E-07       0.0000E+00       1.8438E-06       0.0000E+00       0.0000E+00       0.0000E+00       0.0000E+00
       1.1550E+00       0.0000E+00       0.0000E+00       1.8606E-05       3.7669E-05       1.3760E-07       0.0000E+00       1.8438E-06       0.0000E+00       0.0000E+00       0.0000E+00       0.0000E+00
       1.1650E+00       0.0000E+00       0.0000E+00       1.8606E-05       3.7669E-05       1.3760E-07       0.0000E+00       1.8438E-06       0.0000E+00       0.0000E+00       0.0000E+00       0.0000E+00
       1.1750E+00       0.0000E+00       0.0000E+00       1.8606E-05       3.7669E-05       1.3759E-07       0.0000E+00       1.8438E-06       0.0000E+00       0.0000E+00       0.0000E+00       0.0000E+00
       1.1850E+00       0.0000E+00       0.0000E+00       1.8606E-05       3.7669E-05       1.3759E-07       0.0000E+00       1.8438E-06       0.0000E+00       0.0000E+00       0.0000E+00       0.0000E+00
       1.1950E+00       0.0000E+00       0.0000E+00       1.8606E-05       3.7669E-05       1.3759E-07       0.0000E+00       1.8438E-06       0.0000E+00       0.0000E+00       0.0000E+00       0.0000E+00
       1.2050E+00       0.0000E+00       0.0000E+00       1.8606E-05       3.7669E-05       1.3758E-07       0.0000E+00       1.8437E-06       0.0000E+00       0.0000E+00       0.0000E+00       0.0000E+00
       1.2150E+00       0.0000E+00       0.0000E+00       1.8606E-05       3.7669E-05       1.3758E-07       0.0000E+00       1.8437E-06       0.0000E+00       0.0000E+00       0.0000E+00       0.0000E+00
       1.2250E+00       0.0000E+00       0.0000E+00       1.8606E-05       3.7669E-05       1.3757E-07       0.0000E+00       1.8437E-06       0.0000E+00       0.0000E+00       0.0000E+00       0.0000E+00
       1.2350E+00       0.0000E+00       0.0000E+00       1.8606E-05       3.7669E-05       1.3757E-07       0.0000E+00       1.8437E-06       0.0000E+00       0.0000E+00       0.0000E+00       0.0000E+00
       1.2450E+00       0.0000E+00       0.0000E+00       1.8606E-05       3.7669E-05       1.3756E-07       0.0000E+00       1.8437E-06       0.0000E+00       0.0000E+00       0.0000E+00       0.0000E+00
       1.2550E+00       0.0000E+00       0.0000E+00       1.8606E-05       3.7669E-05       1.3755E-07       0.0000E+00       1.8437E-06       0.0000E+00       0.0000E+00       0.0000E+00       0.0000E+00
       1.2650E+00       0.0000E+00       0.0000E+00       1.8606E-05       3.7669E-05       1.3755E-07       0.0000E+00       1.8437E-06       0.0000E+00       0.0000E+00       0.0000E+00       0.0000E+00
       1.2750E+00       0.0000E+00       0.0000E+00       1.8606E-05       3.7669E-05       1.3754E-07       0.0000E+00       1.8437E-06       0.0000E+00       0.0000E+00       0.0000E+00       0.0000E+00
       1.2850E+00       0.0000E+00       0.0000E+00       1.8606E-05       3.7669E-05       1.3754E-07       0.0000E+00       1.8437E-06       0.0000E+00       0.0000E+00       0.0000E+00       0.0000E+00
       1.2950E+00       0.0000E+00       0.0000E+00       1.8606E-05       3.7669E-05       1.3753E-07       0.0000E+00       1.8437E-06       0.0000E+00       0.0000E+00       0.0000E+00       0.0000E+00
       1.3050E+00       0.0000E+00       0.0000E+00       1.8606E-05       3.7669E-05       1.3752E-07       0.0000E+00       1.8437E-06       0.0000E+00       0.0000E+00       0.0000E+00       0.0000E+00
       1.3150E+00       0.0000E+00       0.0000E+00       1.8606E-05       3.7669E-05       1.3751E-07       0.0000E+00       1.8437E-06       0.0000E+00       0.0000E+00       0.0000E+00       0.0000E+00
       1.3250E+00       0.0000E+00       0.0000E+00       1.8606E-05       3.7669E-05       1.3751E-07       0.0000E+00       1.8437E-06       0.0000E+00       0.0000E+00       0.0000E+00       0.0000E+00
       1.3350E+00       0.0000E+00       0.0000E+00       1.8606E-05       3.7669E-05       1.3750E-07       0.0000E+00       1.8437E-06       0.0000E+00       0.0000E+00       0.0000E+00       0.0000E+00
       1.3450E+00       0.0000E+00       0.0000E+00       1.8606E-05       3.7669E-05       1.3749E-07       0.0000E+00       1.8437E-06       0.0000E+00       0.0000E+00       0.0000E+00       0.0000E+00
       1.3550E+00       0.0000E+00       0.0000E+00       1.8606E-05       3.7669E-05       1.3748E-07       0.0000E+00       1.8437E-06       0.0000E+00       0.0000E+00       0.0000E+00       0.0000E+00
       1.3650E+00       0.0000E+00       0.0000E+00       1.8606E-05       3.7669E-05       1.3747E-07       0.0000E+00       1.8437E-06       0.0000E+00       0.0000E+00       0.0000E+00       0.0000E+00
       1.3750E+00       0.0000E+00       0.0000E+00       1.8606E-05       3.7669E-05       1.3746E-07       0.0000E+00       1.8437E-06       0.0000E+00       0.0000E+00       0.0000E+00       0.0000E+00
       1.3850E+00       0.0000E+00       0.0000E+00       1.8606E-05       3.7669E-05       1.3745E-07       0.0000E+00       1.8437E-06       0.0000E+00       0.0000E+00       0.0000E+00       0.0000E+00
       1.3950E+00       0.0000E+00       0.0000E+00       1.8606E-05       3.7669E-05       1.3744E-07       0.0000E+00       1.8437E-06       0.0000E+00       0.0000E+00       0.0000E+00       0.0000E+00
       1.4050E+00       0.0000E+00       0.0000E+00       1.8606E-05       3.7669E-05       1.3742E-07       0.0000E+00       1.8437E-06       0.0000E+00       0.0000E+00       0.0000E+00       0.0000E+00
       1.4150E+00       0.0000E+00       0.0000E+00       1.8606E-05       3.7669E-05       1.3741E-07       0.0000E+00       1.8437E-06       0.0000E+00       0.0000E+00       0.0000E+00       0.0000E+00
       1.4250E+00       0.0000E+00       0.0000E+00       1.8606E-05       3.7669E-05       1.3740E-07       0.0000E+00       1.8437E-06       0.0000E+00       0.0000E+00       0.0000E+00       0.0000E+00
       1.4350E+00       0.0000E+00       0.0000E+00       1.8606E-05       3.7669E-05       1.3738E-07       0.0000E+00       1.8437E-06       0.0000E+00       0.0000E+00       0.0000E+00       0.0000E+00
       1.4450E+00       0.0000E+00       0.0000E+00       1.8606E-05       3.7669E-05       1.3737E-07       0.0000E+00       1.8437E-06       0.0000E+00       0.0000E+00       0.0000E+00       0.0000E+00
       1.4550E+00       0.0000E+00       0.0000E+00       1.8606E-05       3.7669E-05       1.3735E-07       0.0000E+00       1.8436E-06       0.0000E+00       0.0000E+00       0.0000E+00       0.0000E+00
       1.4650E+00       0.0000E+00       0.0000E+00       1.8606E-05       3.7669E-05       1.3734E-07       0.0000E+00       1.8436E-06       0.0000E+00       0.0000E+00       0.0000E+00       0.0000E+00
       1.4750E+00       0.0000E+00       0.0000E+00       1.8606E-05       3.7669E-05       1.3732E-07       0.0000E+00       1.8436E-06       0.0000E+00       0.0000E+00       0.0000E+00       0.0000E+00
       1.4850E+00       0.0000E+00       0.0000E+00       1.8606E-05       3.7669E-05       1.3731E-07       0.0000E+00       1.8436E-06       0.0000E+00       0.0000E+00       0.0000E+00       0.0000E+00
       1.4950E+00       0.0000E+00       0.0000E+00       1.8606E-05       3.7669E-05       1.3729E-07       0.0000E+00       1.8436E-06       0.0000E+00       0.0000E+00       0.0000E+00       0.0000E+00
       1.5050E+00       0.0000E+00       0.0000E+00       1.8606E-05       3.7669E-05       1.3727E-07       0.0000E+00       1.8436E-06       0.0000E+00       0.0000E+00       0.0000E+00       0.0000E+00
       1.5150E+00       0.0000E+00       0.0000E+00       1.8606E-05       3.7669E-05       1.3725E-07       0.0000E+00       1.8436E-06       0.0000E+00       0.0000E+00       0.0000E+00       0.0000E+00
       1.5250E+00       0.0000E+00       0.0000E+00       1.8606E-05       3.7669E-05       1.3723E-07       0.0000E+00       1.8436E-06       0.0000E+00       0.0000E+00       0.0000E+00       0.0000E+00
       1.5350E+00       0.0000E+00       0.0000E+00       1.8606E-05       3.7669E-05       1.3721E-07       0.0000E+00       1.8436E-06       0.0000E+00       0.0000E+00       0.0000E+00       0.0000E+00
       1.5450E+00       0.0000E+00       0.0000E+00       1.8606E-05       3.7669E-05       1.3718E-07       0.0000E+00       1.8436E-06       0.0000E+00       0.0000E+00       0.0000E+00       0.0000E+00
       1.5550E+00       0.0000E+00       0.0000E+00       1.8606E-05       3.7669E-05       1.3716E-07       0.0000E+00       1.8436E-06       0.0000E+00       0.0000E+00       0.0000E+00       0.0000E+00
       1.5650E+00       0.0000E+00       0.0000E+00       1.8606E-05       3.7669E-05       1.3714E-07       0.0000E+00       1.8436E-06       0.0000E+00       0.0000E+00       0.0000E+00       0.0000E+00
       1.5750E+00       0.0000E+00       0.0000E+00       1.8606E-05       3.7669E-05       1.3711E-07       0.0000E+00       1.8435E-06       0.0000E+00       0.0000E+00       0.0000E+00       0.0000E+00
       1.5850E+00       0.0000E+00       0.0000E+00       1.8606E-05       3.7669E-05       1.3708E-07       0.0000E+00       1.8435E-06       0.0000E+00       0.0000E+00       0.0000E+00       0.0000E+00
       1.5950E+00       0.0000E+00       0.0000E+00       1.8606E-05       3.7669E-05       1.3706E-07       0.0000E+00       1.8435E-06       0.0000E+00       0.0000E+00       0.0000E+00       0.0000E+00
       1.6050E+00       0.0000E+00       0.0000E+00       1.8606E-05       3.7669E-05       1.3703E-07       0.0000E+00       1.8435E-06       0.0000E+00       0.0000E+00       0.0000E+00       0.0000E+00
       1.6150E+00       0.0000E+00       0.0000E+00       1.8606E-05       3.7669E-05       1.3700E-07       0.0000E+00       1.8435E-06       0.0000E+00       0.0000E+00       0.0000E+00       0.0000E+00
       1.6250E+00       0.0000E+00       0.0000E+00       1.8606E-05       3.7669E-05       1.3696E-07       0.0000E+00       1.8435E-06       0.0000E+00       0.0000E+00       0.0000E+00       0.0000E+00
       1.6350E+00       0.0000E+00       0.0000E+00       1.8606E-05       3.7669E-05       1.3693E-07       0.0000E+00       1.8435E-06       0.0000E+00       0.0000E+00       0.0000E+00       0.0000E+00
       1.6450E+00       0.0000E+00       0.0000E+00       1.8606E-05       3.7669E-05       1.3690E-07       0.0000E+00       1.8434E-06       0.0000E+00       0.0000E+00       0.0000E+00       0.0000E+00
       1.6550E+00       0.0000E+00       0.0000E+00       1.8606E-05       3.7669E-05       1.3686E-07       0.0000E+00       1.8434E-06       0.0000E+00       0.0000E+00       0.0000E+00       0.0000E+00
       1.6650E+00       0.0000E+00       0.0000E+00       1.8606E-05       3.7669E-05       1.3682E-07       0.0000E+00       1.8434E-06       0.0000E+00       0.0000E+00       0.0000E+00       0.0000E+00
       1.6750E+00       0.0000E+00       0.0000E+00       1.8606E-05       3.7669E-05       1.3679E-07       0.0000E+00       1.8434E-06       0.0000E+00       0.0000E+00       0.0000E+00       0.0000E+00
       1.6850E+00       0.0000E+00       0.0000E+00       1.8606E-05       3.7669E-05       1.3675E-07       0.0000E+00       1.8434E-06       0.0000E+00       0.0000E+00       0.0000E+00       0.0000E+00
       1.6950E+00       0.0000E+00       0.0000E+00       1.8606E-05       3.7669E-05       1.3670E-07       0.0000E+00       1.8434E-06       0.0000E+00       0.0000E+00       0.0000E+00       0.0000E+00
       1.7050E+00       0.0000E+00       0.0000E+00       1.8606E-05       3.7669E-05       1.3666E-07       0.0000E+00       1.8433E-06       0.0000E+00       0.0000E+00       0.0000E+00       0.0000E+00
       1.7150E+00       0.0000E+00       0.0000E+00       1.8606E-05       3.7669E-05       1.3662E-07       0.0000E+00       1.8433E-06       0.0000E+00       0.0000E+00       0.0000E+00       0.0000E+00
       1.7250E+00       0.0000E+00       0.0000E+00       1.8606E-05       3.7669E-05       1.3657E-07       0.0000E+00       1.8433E-06       0.0000E+00       0.0000E+00       0.0000E+00       0.0000E+00
       1.7350E+00       0.0000E+00       0.0000E+00       1.8606E-05       3.7669E-05       1.3652E-07       0.0000E+00       1.8433E-06       0.0000E+00       0.0000E+00       0.0000E+00       0.0000E+00
       1.7450E+00       0.0000E+00       0.0000E+00       1.8606E-05       3.7669E-05       1.3647E-07       0.0000E+00       1.8433E-06       0.0000E+00       0.0000E+00       0.0000E+00       0.0000E+00
       1.7550E+00       0.0000E+00       0.0000E+00       1.8606E-05       3.7669E-05       1.3642E-07       0.0000E+00       1.8432E-06       0.0000E+00       0.0000E+00       0.0000E+00       0.0000E+00
       1.7650E+00       0.0000E+00       0.0000E+00       1.8606E-05       3.7669E-05       1.3636E-07       0.0000E+00       1.8432E-06       0.0000E+00       0.0000E+00       0.0000E+00       0.0000E+00
       1.7750E+00       0.0000E+00       0.0000E+00       1.8606E-05       3.7669E-05       1.3631E-07       0.0000E+00       1.8432E-06       0.0000E+00       0.0000E+00       0.0000E+00       0.0000E+00
       1.7850E+00       0.0000E+00       0.0000E+00       1.8606E-05       3.7669E-05       1.3625E-07       0.0000E+00       1.8432E-06       0.0000E+00       0.0000E+00       0.0000E+00       0.0000E+00
       1.7950E+00       0.0000E+00       0.0000E+00       1.8606E-05       3.7669E-05       1.3619E-07       0.0000E+00       1.8431E-06       0.0000E+00       0.0000E+00       0.0000E+00       0.0000E+00
       1.8050E+00       0.0000E+00       0.0000E+00       1.8606E-05       3.7669E-05       1.3612E-07       0.0000E+00       1.8431E-06       0.0000E+00       0.0000E+00       0.0000E+00       0.0000E+00
       1.8150E+00       0.0000E+00       0.0000E+00       1.8606E-05       3.7669E-05       1.3606E-07       0.0000E+00       1.8431E-06       0.0000E+00       0.0000E+00       0.0000E+00       0.0000E+00
       1.8250E+00       0.0000E+00       0.0000E+00       1.8606E-05       3.7669E-05       1.3599E-07       0.0000E+00       1.8431E-06       0.0000E+00       0.0000E+00       0.0000E+00       0.0000E+00
       1.8350E+00       0.0000E+00       0.0000E+00       1.8606E-05       3.7669E-05       1.3592E-07       0.0000E+00       1.8430E-06       0.0000E+00       0.0000E+00       0.0000E+00       0.0000E+00
       1.8450E+00       0.0000E+00       0.0000E+00       1.8606E-05       3.7669E-05       1.3585E-07       0.0000E+00       1.8430E-06       0.0000E+00       0.0000E+00       0.0000E+00       0.0000E+00
       1.8550E+00       0.0000E+00       0.0000E+00       1.8606E-05       3.7669E-05       1.3577E-07       0.0000E+00       1.8430E-06       0.0000E+00       0.0000E+00       0.0000E+00       0.0000E+00
       1.8650E+00       0.0000E+00       0.0000E+00       1.8606E-05       3.7669E-05       1.3570E-07       0.0000E+00       1.8429E-06       0.0000E+00       0.0000E+00       0.0000E+00       0.0000E+00
       1.8750E+00       0.0000E+00       0.0000E+00       1.8606E-05       3.7669E-05       1.3562E-07       0.0000E+00       1.8429E-06       0.0000E+00       0.0000E+00       0.0000E+00       0.0000E+00
       1.8850E+00       0.0000E+00       0.0000E+00       1.8606E-05       3.7669E-05       1.3553E-07       0.0000E+00       1.8429E-06       0.0000E+00       0.0000E+00       0.0000E+00       0.0000E+00
       1.8950E+00       0.0000E+00       0.0000E+00       1.8606E-05       3.7669E-05       1.3545E-07       0.0000E+00       1.8428E-06       0.0000E+00       0.0000E+00       0.0000E+00       0.0000E+00
       1.9050E+00       0.0000E+00       0.0000E+00       1.8606E-05       3.7669E-05       1.3536E-07       0.0000E+00       1.8428E-06       0.0000E+00       0.0000E+00       0.0000E+00       0.0000E+00
       1.9150E+00       0.0000E+00       0.0000E+00       1.8606E-05       3.7670E-05       1.3527E-07       0.0000E+00       1.8427E-06       0.0000E+00       0.0000E+00       0.0000E+00       0.0000E+00
       1.9250E+00       0.0000E+00       0.0000E+00       1.8606E-05       3.7670E-05       1.3518E-07       0.0000E+00       1.8427E-06       0.0000E+00       0.0000E+00       0.0000E+00       0.0000E+00
       1.9350E+00       0.0000E+00       0.0000E+00       1.8607E-05       3.7670E-05       1.3508E-07       0.0000E+00       1.8427E-06       0.0000E+00       0.0000E+00       0.0000E+00       0.0000E+00
       1.9450E+00       0.0000E+00       0.0000E+00       1.8607E-05       3.7670E-05       1.3498E-07       0.0000E+00       1.8426E-06       0.0000E+00       0.0000E+00       0.0000E+00       0.0000E+00
       1.9550E+00       0.0000E+00       0.0000E+00       1.8607E-05       3.7670E-05       1.3488E-07       0.0000E+00       1.8426E-06       0.0000E+00       0.0000E+00       0.0000E+00       0.0000E+00
       1.9650E+00       0.0000E+00       0.0000E+00       1.8607E-05       3.7670E-05       1.3477E-07       0.0000E+00       1.8425E-06       0.0000E+00       0.0000E+00       0.0000E+00       0.0000E+00
       1.9750E+00       0.0000E+00       0.0000E+00       1.8607E-05       3.7670E-05       1.3466E-07       0.0000E+00       1.8425E-06       0.0000E+00       0.0000E+00       0.0000E+00       0.0000E+00
       1.9850E+00       0.0000E+00       0.0000E+00       1.8607E-05       3.7670E-05       1.3455E-07       0.0000E+00       1.8424E-06       0.0000E+00       0.0000E+00       0.0000E+00       0.0000E+00
       1.9950E+00       0.0000E+00       0.0000E+00       1.8607E-05       3.7670E-05       1.3443E-07       0.0000E+00       1.8424E-06       0.0000E+00       0.0000E+00       0.0000E+00       0.0000E+00
       2.0050E+00       0.0000E+00       0.0000E+00       1.8607E-05       3.7670E-05       1.3431E-07       0.0000E+00       1.8423E-06       0.0000E+00       0.0000E+00       0.0000E+00       0.0000E+00
       2.0150E+00       0.0000E+00       0.0000E+00       1.8607E-05       3.7670E-05       1.3419E-07       0.0000E+00       1.8423E-06       0.0000E+00       0.0000E+00       0.0000E+00       0.0000E+00
       2.0250E+00       0.0000E+00       0.0000E+00       1.8607E-05       3.7670E-05       1.3407E-07       0.0000E+00       1.8422E-06       0.0000E+00       0.0000E+00       0.0000E+00       0.0000E+00
       2.0350E+00       0.0000E+00       0.0000E+00       1.8607E-05       3.7670E-05       1.3394E-07       0.0000E+00       1.8422E-06       0.0000E+00       0.0000E+00       0.0000E+00       0.0000E+00
       2.0450E+00       0.0000E+00       0.0000E+00       1.8607E-05       3.7670E-05       1.3380E-07       0.0000E+00       1.8421E-06       0.0000E+00       0.0000E+00       0.0000E+00       0.0000E+00
       2.0550E+00       0.0000E+00       0.0000E+00       1.8607E-05       3.7670E-05       1.3367E-07       0.0000E+00       1.8421E-06       0.0000E+00       0.0000E+00       0.0000E+00       0.0000E+00
       2.0650E+00       0.0000E+00       0.0000E+00       1.8607E-05       3.7670E-05       1.3353E-07       0.0000E+00       1.8420E-06       0.0000E+00       0.0000E+00       0.0000E+00       0.0000E+00
       2.0750E+00       0.0000E+00       0.0000E+00       1.8607E-05       3.7670E-05       1.3338E-07       0.0000E+00       1.8419E-06       0.0000E+00       0.0000E+00       0.0000E+00       0.0000E+00
       2.0850E+00       0.0000E+00       0.0000E+00       1.8607E-05       3.7670E-05       1.3323E-07       0.0000E+00       1.8419E-06       0.0000E+00       0.0000E+00       0.0000E+00       0.0000E+00
       2.0950E+00       0.0000E+00       0.0000E+00       1.8607E-05       3.7670E-05       1.3308E-07       0.0000E+00       1.8418E-06       0.0000E+00       0.0000E+00       0.0000E+00       0.0000E+00
       2.1050E+00       0.0000E+00       0.0000E+00       1.8607E-05       3.7671E-05       1.3293E-07       0.0000E+00       1.8417E-06       0.0000E+00       0.0000E+00       0.0000E+00       0.0000E+00
       2.1150E+00       0.0000E+00       0.0000E+00       1.8607E-05       3.7671E-05       1.3277E-07       0.0000E+00       1.8417E-06       0.0000E+00       0.0000E+00       0.0000E+00       0.0000E+00
       2.1250E+00       0.0000E+00       0.0000E+00       1.8607E-05       3.7671E-05       1.3260E-07       0.0000E+00       1.8416E-06       0.0000E+00       0.0000E+00       0.0000E+00       0.0000E+00
       2.1350E+00       0.0000E+00       0.0000E+00       1.8607E-05       3.7671E-05       1.3244E-07       0.0000E+00       1.8415E-06       0.0000E+00       0.0000E+00       0.0000E+00       0.0000E+00
       2.1450E+00       0.0000E+00       0.0000E+00       1.8607E-05       3.7671E-05       1.3227E-07       0.0000E+00       1.8414E-06       0.0000E+00       0.0000E+00       0.0000E+00       0.0000E+00
       2.1550E+00       0.0000E+00       0.0000E+00       1.8607E-05       3.7671E-05       1.3209E-07       0.0000E+00       1.8414E-06       0.0000E+00       0.0000E+00       0.0000E+00       0.0000E+00
       2.1650E+00       0.0000E+00       0.0000E+00       1.8607E-05       3.7671E-05       1.3191E-07       0.0000E+00       1.8413E-06       0.0000E+00       0.0000E+00       0.0000E+00       0.0000E+00
       2.1750E+00       0.0000E+00       0.0000E+00       1.8607E-05       3.7671E-05       1.3173E-07       0.0000E+00       1.8412E-06       0.0000E+00       0.0000E+00       0.0000E+00       0.0000E+00
       2.1850E+00       0.0000E+00       0.0000E+00       1.8608E-05       3.7671E-05       1.3154E-07       0.0000E+00       1.8411E-06       0.0000E+00       0.0000E+00       0.0000E+00       0.0000E+00
       2.1950E+00       0.0000E+00       0.0000E+00       1.8608E-05       3.7671E-05       1.3135E-07       0.0000E+00       1.8410E-06       0.0000E+00       0.0000E+00       0.0000E+00       0.0000E+00
       2.2050E+00       0.0000E+00       0.0000E+00       1.8608E-05       3.7671E-05       1.3115E-07       0.0000E+00       1.8410E-06       0.0000E+00       0.0000E+00       0.0000E+00       0.0000E+00
       2.2150E+00       0.0000E+00       0.0000E+00       1.8608E-05       3.7671E-05       1.3095E-07       0.0000E+00       1.8409E-06       0.0000E+00       0.0000E+00       0.0000E+00       0.0000E+00
       2.2250E+00       0.0000E+00       0.0000E+00       1.8608E-05       3.7671E-05       1.3075E-07       0.0000E+00       1.8408E-06       0.0000E+00       0.0000E+00       0.0000E+00       0.0000E+00
       2.2350E+00       0.0000E+00       0.0000E+00       1.8608E-05       3.7672E-05       1.3054E-07       0.0000E+00       1.8407E-06       0.0000E+00       0.0000E+00       0.0000E+00       0.0000E+00
       2.2450E+00       0.0000E+00       0.0000E+00       1.8608E-05       3.7672E-05       1.3033E-07       0.0000E+00       1.8406E-06       0.0000E+00       0.0000E+00       0.0000E+00       0.0000E+00
       2.2550E+00       0.0000E+00       0.0000E+00       1.8608E-05       3.7672E-05       1.3011E-07       0.0000E+00       1.8405E-06       0.0000E+00       0.0000E+00       0.0000E+00       0.0000E+00
       2.2650E+00       0.0000E+00       0.0000E+00       1.8608E-05       3.7672E-05       1.2989E-07       0.0000E+00       1.8404E-06       0.0000E+00       0.0000E+00       0.0000E+00       0.0000E+00
       2.2750E+00       0.0000E+00       0.0000E+00       1.8608E-05       3.7672E-05       1.2966E-07       0.0000E+00       1.8403E-06       0.0000E+00       0.0000E+00       0.0000E+00       0.0000E+00
       2.2850E+00       0.0000E+00       0.0000E+00       1.8608E-05       3.7672E-05       1.2943E-07       0.0000E+00       1.8402E-06       0.0000E+00       0.0000E+00       0.0000E+00       0.0000E+00
       2.2950E+00       0.0000E+00       0.0000E+00       1.8608E-05       3.7672E-05       1.2920E-07       0.0000E+00       1.8401E-06       0.0000E+00       0.0000E+00       0.0000E+00       0.0000E+00
       2.3050E+00       0.0000E+00       0.0000E+00       1.8608E-05       3.7672E-05       1.2896E-07       0.0000E+00       1.8400E-06       0.0000E+00       0.0000E+00       0.0000E+00       0.0000E+00
       2.3150E+00       0.0000E+00       0.0000E+00       1.8608E-05       3.7672E-05       1.2872E-07       0.0000E+00       1.8399E-06       0.0000E+00       0.0000E+00       0.0000E+00       0.0000E+00
       2.3250E+00       0.0000E+00       0.0000E+00       1.8608E-05       3.7672E-05       1.2847E-07       0.0000E+00       1.8398E-06       0.0000E+00       0.0000E+00       0.0000E+00       0.0000E+00
       2.3350E+00       0.0000E+00       0.0000E+00       1.8609E-05       3.7673E-05       1.2822E-07       0.0000E+00       1.8397E-06       0.0000E+00       0.0000E+00       0.0000E+00       0.0000E+00
       2.3450E+00       0.0000E+00       0.0000E+00       1.8609E-05       3.7673E-05       1.2796E-07       0.0000E+00       1.8396E-06       0.0000E+00       0.0000E+00       0.0000E+00       0.0000E+00
       2.3550E+00       0.0000E+00       0.0000E+00       1.8609E-05       3.7673E-05       1.2770E-07       0.0000E+00       1.8394E-06       0.0000E+00       0.0000E+00       0.0000E+00       0.0000E+00
       2.3650E+00       0.0000E+00       0.0000E+00       1.8609E-05       3.7673E-05       1.2744E-07       0.0000E+00       1.8393E-06       0.0000E+00       0.0000E+00       0.0000E+00       0.0000E+00
       2.3750E+00       0.0000E+00       0.0000E+00       1.8609E-05       3.7673E-05       1.2717E-07       0.0000E+00       1.8392E-06       0.0000E+00       0.0000E+00       0.0000E+00       0.0000E+00
       2.3850E+00       0.0000E+00       0.0000E+00       1.8609E-05       3.7673E-05       1.2690E-07       0.0000E+00       1.8391E-06       0.0000E+00       0.0000E+00       0.0000E+00       0.0000E+00
       2.3950E+00       0.0000E+00       0.0000E+00       1.8609E-05       3.7673E-05       1.2663E-07       0.0000E+00       1.8390E-06       0.0000E+00       0.0000E+00       0.0000E+00       0.0000E+00
       2.4050E+00       0.0000E+00       0.0000E+00       1.8609E-05       3.7673E-05       1.2635E-07       0.0000E+00       1.8388E-06       0.0000E+00       0.0000E+00       0.0000E+00       0.0000E+00
       2.4150E+00       0.0000E+00       0.0000E+00       1.8609E-05       3.7673E-05       1.2606E-07       0.0000E+00       1.8387E-06       0.0000E+00       0.0000E+00       0.0000E+00       0.0000E+00
       2.4250E+00       0.0000E+00       0.0000E+00       1.8609E-05       3.7674E-05       1.2577E-07       0.0000E+00       1.8386E-06       0.0000E+00       0.0000E+00       0.0000E+00       0.0000E+00
       2.4350E+00       0.0000E+00       0.0000E+00       1.8609E-05       3.7674E-05       1.2548E-07       0.0000E+00       1.8385E-06       0.0000E+00       0.0000E+00       0.0000E+00       0.0000E+00
       2.4450E+00       0.0000E+00       0.0000E+00       1.8609E-05       3.7674E-05       1.2519E-07       0.0000E+00       1.8383E-06       0.0000E+00       0.0000E+00       0.0000E+00       0.0000E+00
       2.4550E+00       0.0000E+00       0.0000E+00       1.8609E-05       3.7674E-05       1.2489E-07       0.0000E+00       1.8382E-06       0.0000E+00       0.0000E+00       0.0000E+00       0.0000E+00
       2.4650E+00       0.0000E+00       0.0000E+00       1.8610E-05       3.7674E-05       1.2458E-07       0.0000E+00       1.8381E-06       0.0000E+00       0.0000E+00       0.0000E+00       0.0000E+00
       2.4750E+00       0.0000E+00       0.0000E+00       1.8610E-05       3.7674E-05       1.2428E-07       0.0000E+00       1.8379E-06       0.0000E+00       0.0000E+00       0.0000E+00       0.0000E+00
       2.4850E+00       0.0000E+00       0.0000E+00       1.8610E-05       3.7674E-05       1.2397E-07       0.0000E+00       1.8378E-06       0.0000E+00       0.0000E+00       0.0000E+00       0.0000E+00
       2.4950E+00       0.0000E+00       0.0000E+00       1.8610E-05       3.7675E-05       1.2365E-07       0.0000E+00       1.8377E-06       0.0000E+00       0.0000E+00       0.0000E+00       0.0000E+00
       2.5050E+00       0.0000E+00       0.0000E+00       1.8610E-05       3.7675E-05       1.2334E-07       0.0000E+00       1.8375E-06       0.0000E+00       0.0000E+00       0.0000E+00       0.0000E+00
       2.5150E+00       0.0000E+00       0.0000E+00       1.8610E-05       3.7675E-05       1.2302E-07       0.0000E+00       1.8374E-06       0.0000E+00       0.0000E+00       0.0000E+00       0.0000E+00
       2.5250E+00       0.0000E+00       0.0000E+00       1.8610E-05       3.7675E-05       1.2269E-07       0.0000E+00       1.8372E-06       0.0000E+00       0.0000E+00       0.0000E+00       0.0000E+00
       2.5350E+00       0.0000E+00       0.0000E+00       1.8610E-05       3.7675E-05       1.2236E-07       0.0000E+00       1.8371E-06       0.0000E+00       0.0000E+00       0.0000E+00       0.0000E+00
       2.5450E+00       0.0000E+00       0.0000E+00       1.8610E-05       3.7675E-05       1.2203E-07       0.0000E+00       1.8369E-06       0.0000E+00       0.0000E+00       0.0000E+00       0.0000E+00
       2.5550E+00       0.0000E+00       0.0000E+00       1.8610E-05       3.7675E-05       1.2170E-07       0.0000E+00       1.8368E-06       0.0000E+00       0.0000E+00       0.0000E+00       0.0000E+00
       2.5650E+00       0.0000E+00       0.0000E+00       1.8611E-05       3.7676E-05       1.2136E-07       0.0000E+00       1.8366E-06       0.0000E+00       0.0000E+00       0.0000E+00       0.0000E+00
       2.5750E+00       0.0000E+00       0.0000E+00       1.8611E-05       3.7676E-05       1.2102E-07       0.0000E+00       1.8365E-06       0.0000E+00       0.0000E+00       0.0000E+00       0.0000E+00
       2.5850E+00       0.0000E+00       0.0000E+00       1.8611E-05       3.7676E-05       1.2068E-07       0.0000E+00       1.8363E-06       0.0000E+00       0.0000E+00       0.0000E+00       0.0000E+00
       2.5950E+00       0.0000E+00       0.0000E+00       1.8611E-05       3.7676E-05       1.2033E-07       0.0000E+00       1.8362E-06       0.0000E+00       0.0000E+00       0.0000E+00       0.0000E+00
       2.6050E+00       0.0000E+00       0.0000E+00       1.8611E-05       3.7676E-05       1.1999E-07       0.0000E+00       1.8360E-06       0.0000E+00       0.0000E+00       0.0000E+00       0.0000E+00
       2.6150E+00       0.0000E+00       0.0000E+00       1.8611E-05       3.7676E-05       1.1964E-07       0.0000E+00       1.8358E-06       0.0000E+00       0.0000E+00       0.0000E+00       0.0000E+00
       2.6250E+00       0.0000E+00       0.0000E+00       1.8611E-05       3.7676E-05       1.1928E-07       0.0000E+00       1.8357E-06       0.0000E+00       0.0000E+00       0.0000E+00       0.0000E+00
       2.6350E+00       0.0000E+00       0.0000E+00       1.8611E-05       3.7677E-05       1.1893E-07       0.0000E+00       1.8355E-06       0.0000E+00       0.0000E+00       0.0000E+00       0.0000E+00
       2.6450E+00       0.0000E+00       0.0000E+00       1.8611E-05       3.7677E-05       1.1857E-07       0.0000E+00       1.8353E-06       0.0000E+00       0.0000E+00       0.0000E+00       0.0000E+00
       2.6550E+00       0.0000E+00       0.0000E+00       1.8611E-05       3.7677E-05       1.1821E-07       0.0000E+00       1.8352E-06       0.0000E+00       0.0000E+00       0.0000E+00       0.0000E+00
       2.6650E+00       0.0000E+00       0.0000E+00       1.8612E-05       3.7677E-05       1.1785E-07       0.0000E+00       1.8350E-06       0.0000E+00       0.0000E+00       0.0000E+00       0.0000E+00
       2.6750E+00       0.0000E+00       0.0000E+00       1.8612E-05       3.7677E-05       1.1749E-07       0.0000E+00       1.8348E-06       0.0000E+00       0.0000E+00       0.0000E+00       0.0000E+00
       2.6850E+00       0.0000E+00       0.0000E+00       1.8612E-05       3.7677E-05       1.1712E-07       0.0000E+00       1.8347E-06       0.0000E+00       0.0000E+00       0.0000E+00       0.0000E+00
       2.6950E+00       0.0000E+00       0.0000E+00       1.8612E-05       3.7678E-05       1.1675E-07       0.0000E+00       1.8345E-06       0.0000E+00       0.0000E+00       0.0000E+00       0.0000E+00
       2.7050E+00       0.0000E+00       0.0000E+00       1.8612E-05       3.7678E-05       1.1638E-07       0.0000E+00       1.8343E-06       0.0000E+00       0.0000E+00       0.0000E+00       0.0000E+00
       2.7150E+00       0.0000E+00       0.0000E+00       1.8612E-05       3.7678E-05       1.1601E-07       0.0000E+00       1.8342E-06       0.0000E+00       0.0000E+00       0.0000E+00       0.0000E+00
       2.7250E+00       0.0000E+00       0.0000E+00       1.8612E-05       3.7678E-05       1.1564E-07       0.0000E+00       1.8340E-06       0.0000E+00       0.0000E+00       0.0000E+00       0.0000E+00
       2.7350E+00       0.0000E+00       0.0000E+00       1.8612E-05       3.7678E-05       1.1527E-07       0.0000E+00       1.8338E-06       0.0000E+00       0.0000E+00       0.0000E+00       0.0000E+00
       2.7450E+00       0.0000E+00       0.0000E+00       1.8612E-05       3.7678E-05       1.1489E-07       0.0000E+00       1.8336E-06       0.0000E+00       0.0000E+00       0.0000E+00       0.0000E+00
       2.7550E+00       0.0000E+00       0.0000E+00       1.8613E-05       3.7679E-05       1.1452E-07       0.0000E+00       1.8334E-06       0.0000E+00       0.0000E+00       0.0000E+00       0.0000E+00
       2.7650E+00       0.0000E+00       0.0000E+00       1.8613E-05       3.7679E-05       1.1414E-07       0.0000E+00       1.8333E-06       0.0000E+00       0.0000E+00       0.0000E+00       0.0000E+00
       2.7750E+00       0.0000E+00       0.0000E+00       1.8613E-05       3.7679E-05       1.1377E-07       0.0000E+00       1.8331E-06       0.0000E+00       0.0000E+00       0.0000E+00       0.0000E+00
       2.7850E+00       0.0000E+00       0.0000E+00       1.8613E-05       3.7679E-05       1.1339E-07       0.0000E+00       1.8329E-06       0.0000E+00       0.0000E+00       0.0000E+00       0.0000E+00
       2.7950E+00       0.0000E+00       0.0000E+00       1.8613E-05       3.7679E-05       1.1301E-07       0.0000E+00       1.8327E-06       0.0000E+00       0.0000E+00       0.0000E+00       0.0000E+00
       2.8050E+00       0.0000E+00       0.0000E+00       1.8613E-05       3.7679E-05       1.1263E-07       0.0000E+00       1.8325E-06       0.0000E+00       0.0000E+00       0.0000E+00       0.0000E+00
       2.8150E+00       0.0000E+00       0.0000E+00       1.8613E-05       3.7680E-05       1.1225E-07       0.0000E+00       1.8323E-06       0.0000E+00       0.0000E+00       0.0000E+00       0.0000E+00
       2.8250E+00       0.0000E+00       0.0000E+00       1.8613E-05       3.7680E-05       1.1188E-07       0.0000E+00       1.8321E-06       0.0000E+00       0.0000E+00       0.0000E+00       0.0000E+00
       2.8350E+00       0.0000E+00       0.0000E+00       1.8613E-05       3.7680E-05       1.1150E-07       0.0000E+00       1.8320E-06       0.0000E+00       0.0000E+00       0.0000E+00       0.0000E+00
       2.8450E+00       0.0000E+00       0.0000E+00       1.8614E-05       3.7680E-05       1.1112E-07       0.0000E+00       1.8318E-06       0.0000E+00       0.0000E+00       0.0000E+00       0.0000E+00
       2.8550E+00       0.0000E+00       0.0000E+00       1.8614E-05       3.7680E-05       1.1074E-07       0.0000E+00       1.8316E-06       0.0000E+00       0.0000E+00       0.0000E+00       0.0000E+00
       2.8650E+00       0.0000E+00       0.0000E+00       1.8614E-05       3.7680E-05       1.1037E-07       0.0000E+00       1.8314E-06       0.0000E+00       0.0000E+00       0.0000E+00       0.0000E+00
       2.8750E+00       0.0000E+00       0.0000E+00       1.8614E-05       3.7681E-05       1.0999E-07       0.0000E+00       1.8312E-06       0.0000E+00       0.0000E+00       0.0000E+00       0.0000E+00
       2.8850E+00       0.0000E+00       0.0000E+00       1.8614E-05       3.7681E-05       1.0962E-07       0.0000E+00       1.8310E-06       0.0000E+00       0.0000E+00       0.0000E+00       0.0000E+00
       2.8950E+00       0.0000E+00       0.0000E+00       1.8614E-05       3.7681E-05       1.0925E-07       0.0000E+00       1.8308E-06       0.0000E+00       0.0000E+00       0.0000E+00       0.0000E+00
       2.9050E+00       0.0000E+00       0.0000E+00       1.8614E-05       3.7681E-05       1.0888E-07       0.0000E+00       1.8306E-06       0.0000E+00       0.0000E+00       0.0000E+00       0.0000E+00
       2.9150E+00       0.0000E+00       0.0000E+00       1.8614E-05       3.7681E-05       1.0852E-07       0.0000E+00       1.8304E-06       0.0000E+00       0.0000E+00       0.0000E+00       0.0000E+00
       2.9250E+00       0.0000E+00       0.0000E+00       1.8614E-05       3.7681E-05       1.0816E-07       0.0000E+00       1.8302E-06       0.0000E+00       0.0000E+00       0.0000E+00       0.0000E+00
       2.9350E+00       0.0000E+00       0.0000E+00       1.8615E-05       3.7682E-05       1.0781E-07       0.0000E+00       1.8301E-06       0.0000E+00       0.0000E+00       0.0000E+00       0.0000E+00
       2.9450E+00       0.0000E+00       0.0000E+00       1.8615E-05       3.7682E-05       1.0748E-07       0.0000E+00       1.8299E-06       0.0000E+00       0.0000E+00       0.0000E+00       0.0000E+00
       2.9550E+00       0.0000E+00       0.0000E+00       1.8615E-05       3.7682E-05       1.0717E-07       0.0000E+00       1.8297E-06       0.0000E+00       0.0000E+00       0.0000E+00       0.0000E+00
       2.9650E+00       0.0000E+00       0.0000E+00       1.8615E-05       3.7682E-05       1.0688E-07       0.0000E+00       1.8296E-06       0.0000E+00       0.0000E+00       0.0000E+00       0.0000E+00
       2.9750E+00       0.0000E+00       0.0000E+00       1.8615E-05       3.7682E-05       1.0663E-07       0.0000E+00       1.8294E-06       0.0000E+00       0.0000E+00       0.0000E+00       0.0000E+00
       2.9850E+00       0.0000E+00       0.0000E+00       1.8615E-05       3.7682E-05       1.0644E-07       0.0000E+00       1.8293E-06       0.0000E+00       0.0000E+00       0.0000E+00       0.0000E+00
       2.9950E+00       0.0000E+00       0.0000E+00       1.8615E-05       3.7682E-05       1.0632E-07       0.0000E+00       1.8293E-06       0.0000E+00       0.0000E+00       0.0000E+00       0.0000E+00
