# Time          1.5000E+01
# Units: Mol/g solid
    Distance        Kaol-Na          Kaol-K           Kaol-Ca          Kaol-Mg         
       5.0000E-03       3.9386E-12       2.9737E-13       8.2633E-11       3.7638E-11
       1.5000E-02       3.9132E-12       2.9565E-13       8.7539E-11       3.2744E-11
       2.5000E-02       3.8851E-12       2.9371E-13       9.2930E-11       2.7368E-11
       3.5000E-02       3.8580E-12       2.9181E-13       9.8106E-11       2.2206E-11
       4.5000E-02       3.8343E-12       2.9015E-13       1.0259E-10       1.7736E-11
       5.5000E-02       3.8152E-12       2.8881E-13       1.0618E-10       1.4158E-11
       6.5000E-02       3.8006E-12       2.8779E-13       1.0889E-10       1.1451E-11
       7.5000E-02       3.7898E-12       2.8702E-13       1.1088E-10       9.4736E-12
       8.5000E-02       3.7819E-12       2.8641E-13       1.1231E-10       8.0394E-12
       9.5000E-02       3.7760E-12       2.8588E-13       1.1338E-10       6.9782E-12
       1.0500E-01       3.7713E-12       2.8537E-13       1.1420E-10       6.1587E-12
       1.1500E-01       3.7673E-12       2.8483E-13       1.1487E-10       5.4926E-12
       1.2500E-01       3.7638E-12       2.8422E-13       1.1544E-10       4.9259E-12
       1.3500E-01       3.7606E-12       2.8352E-13       1.1594E-10       4.4287E-12
       1.4500E-01       3.7576E-12       2.8270E-13       1.1638E-10       3.9849E-12
       1.5500E-01       3.7547E-12       2.8175E-13       1.1678E-10       3.5857E-12
       1.6500E-01       3.7520E-12       2.8067E-13       1.1715E-10       3.2259E-12
       1.7500E-01       3.7493E-12       2.7943E-13       1.1747E-10       2.9014E-12
       1.8500E-01       3.7466E-12       2.7805E-13       1.1777E-10       2.6086E-12
       1.9500E-01       3.7440E-12       2.7653E-13       1.1803E-10       2.3448E-12
       2.0500E-01       3.7415E-12       2.7490E-13       1.1827E-10       2.1080E-12
       2.1500E-01       3.7390E-12       2.7319E-13       1.1848E-10       1.8980E-12
       2.2500E-01       3.7367E-12       2.7148E-13       1.1867E-10       1.7171E-12
       2.3500E-01       3.7346E-12       2.6987E-13       1.1881E-10       1.5705E-12
       2.4500E-01       3.7329E-12       2.6853E-13       1.1892E-10       1.4669E-12
       2.5500E-01       5.8204E-07       4.1747E-08       1.8555E-05       2.2141E-07
       2.6500E-01       5.8188E-07       4.1606E-08       1.8561E-05       2.1594E-07
       2.7500E-01       5.8172E-07       4.1458E-08       1.8564E-05       2.1267E-07
       2.8500E-01       5.8156E-07       4.1301E-08       1.8565E-05       2.1183E-07
       2.9500E-01       5.8142E-07       4.1137E-08       1.8563E-05       2.1361E-07
       3.0500E-01       5.8128E-07       4.0965E-08       1.8559E-05       2.1813E-07
       3.1500E-01       5.8114E-07       4.0785E-08       1.8552E-05       2.2543E-07
       3.2500E-01       5.8102E-07       4.0596E-08       1.8542E-05       2.3548E-07
       3.3500E-01       5.8089E-07       4.0398E-08       1.8529E-05       2.4818E-07
       3.4500E-01       5.8078E-07       4.0192E-08       1.8514E-05       2.6340E-07
       3.5500E-01       5.8066E-07       3.9976E-08       1.8497E-05       2.8097E-07
       3.6500E-01       5.8055E-07       3.9751E-08       1.8477E-05       3.0069E-07
       3.7500E-01       5.8044E-07       3.9516E-08       1.8456E-05       3.2237E-07
       3.8500E-01       5.8032E-07       3.9271E-08       1.8433E-05       3.4585E-07
       3.9500E-01       5.8020E-07       3.9016E-08       1.8408E-05       3.7096E-07
       4.0500E-01       5.8008E-07       3.8750E-08       1.8381E-05       3.9757E-07
       4.1500E-01       5.7996E-07       3.8475E-08       1.8354E-05       4.2557E-07
       4.2500E-01       5.7983E-07       3.8188E-08       1.8324E-05       4.5487E-07
       4.3500E-01       5.7969E-07       3.7891E-08       1.8294E-05       4.8540E-07
       4.4500E-01       5.7955E-07       3.7584E-08       1.8263E-05       5.1712E-07
       4.5500E-01       5.7940E-07       3.7266E-08       1.8230E-05       5.4997E-07
       4.6500E-01       5.7924E-07       3.6938E-08       1.8196E-05       5.8393E-07
       4.7500E-01       5.7908E-07       3.6599E-08       1.8162E-05       6.1899E-07
       4.8500E-01       5.7890E-07       3.6249E-08       1.8126E-05       6.5512E-07
       4.9500E-01       5.7871E-07       3.5890E-08       1.8089E-05       6.9230E-07
       5.0500E-01       5.7852E-07       3.5520E-08       1.8051E-05       7.3053E-07
       5.1500E-01       5.7831E-07       3.5140E-08       1.8012E-05       7.6980E-07
       5.2500E-01       5.7810E-07       3.4751E-08       1.7972E-05       8.1009E-07
       5.3500E-01       5.7787E-07       3.4352E-08       1.7931E-05       8.5140E-07
       5.4500E-01       5.7763E-07       3.3944E-08       1.7889E-05       8.9370E-07
       5.5500E-01       5.7738E-07       3.3527E-08       1.7846E-05       9.3700E-07
       5.6500E-01       5.7711E-07       3.3101E-08       1.7802E-05       9.8127E-07
       5.7500E-01       5.7683E-07       3.2667E-08       1.7757E-05       1.0265E-06
       5.8500E-01       5.7654E-07       3.2226E-08       1.7711E-05       1.0727E-06
       5.9500E-01       5.7624E-07       3.1776E-08       1.7665E-05       1.1198E-06
       6.0500E-01       5.7591E-07       3.1320E-08       1.7617E-05       1.1678E-06
       6.1500E-01       5.7558E-07       3.0857E-08       1.7568E-05       1.2167E-06
       6.2500E-01       5.7523E-07       3.0388E-08       1.7519E-05       1.2664E-06
       6.3500E-01       5.7486E-07       2.9913E-08       1.7469E-05       1.3170E-06
       6.4500E-01       5.7447E-07       2.9433E-08       1.7418E-05       1.3685E-06
       6.5500E-01       5.7407E-07       2.8949E-08       1.7366E-05       1.4207E-06
       6.6500E-01       5.7364E-07       2.8460E-08       1.7314E-05       1.4736E-06
       6.7500E-01       5.7320E-07       2.7968E-08       1.7260E-05       1.5274E-06
       6.8500E-01       5.7274E-07       2.7473E-08       1.7206E-05       1.5818E-06
       6.9500E-01       5.7226E-07       2.6975E-08       1.7152E-05       1.6369E-06
       7.0500E-01       5.7176E-07       2.6475E-08       1.7097E-05       1.6926E-06
       7.1500E-01       5.7124E-07       2.5974E-08       1.7041E-05       1.7490E-06
       7.2500E-01       5.7070E-07       2.5472E-08       1.6984E-05       1.8059E-06
       7.3500E-01       5.7013E-07       2.4970E-08       1.6927E-05       1.8633E-06
       7.4500E-01       5.6954E-07       2.4468E-08       1.6870E-05       1.9213E-06
       7.5500E-01       5.6893E-07       2.3968E-08       1.6812E-05       1.9798E-06
       7.6500E-01       5.6829E-07       2.3468E-08       1.6754E-05       2.0386E-06
       7.7500E-01       5.6763E-07       2.2971E-08       1.6695E-05       2.0979E-06
       7.8500E-01       5.6694E-07       2.2476E-08       1.6636E-05       2.1575E-06
       7.9500E-01       5.6623E-07       2.1985E-08       1.6577E-05       2.2174E-06
       8.0500E-01       5.6549E-07       2.1497E-08       1.6517E-05       2.2776E-06
       8.1500E-01       5.6472E-07       2.1013E-08       1.6457E-05       2.3381E-06
       8.2500E-01       5.6393E-07       2.0534E-08       1.6397E-05       2.3987E-06
       8.3500E-01       5.6311E-07       2.0060E-08       1.6337E-05       2.4595E-06
       8.4500E-01       5.6226E-07       1.9592E-08       1.6277E-05       2.5205E-06
       8.5500E-01       5.6137E-07       1.9129E-08       1.6217E-05       2.5815E-06
       8.6500E-01       5.6046E-07       1.8673E-08       1.6156E-05       2.6425E-06
       8.7500E-01       5.5952E-07       1.8224E-08       1.6096E-05       2.7035E-06
       8.8500E-01       5.5855E-07       1.7781E-08       1.6036E-05       2.7645E-06
       8.9500E-01       5.5755E-07       1.7347E-08       1.5975E-05       2.8255E-06
       9.0500E-01       5.5651E-07       1.6920E-08       1.5915E-05       2.8863E-06
       9.1500E-01       5.5544E-07       1.6501E-08       1.5855E-05       2.9469E-06
       9.2500E-01       5.5434E-07       1.6091E-08       1.5796E-05       3.0074E-06
       9.3500E-01       5.5321E-07       1.5689E-08       1.5736E-05       3.0677E-06
       9.4500E-01       5.5204E-07       1.5296E-08       1.5677E-05       3.1277E-06
       9.5500E-01       5.5084E-07       1.4912E-08       1.5618E-05       3.1874E-06
       9.6500E-01       5.4960E-07       1.4537E-08       1.5559E-05       3.2469E-06
       9.7500E-01       5.4833E-07       1.4172E-08       1.5501E-05       3.3059E-06
       9.8500E-01       5.4702E-07       1.3816E-08       1.5443E-05       3.3646E-06
       9.9500E-01       5.4568E-07       1.3470E-08       1.5386E-05       3.4229E-06
       1.0050E+00       5.4431E-07       1.3133E-08       1.5329E-05       3.4807E-06
       1.0150E+00       5.4289E-07       1.2806E-08       1.5272E-05       3.5381E-06
       1.0250E+00       5.4145E-07       1.2489E-08       1.5216E-05       3.5950E-06
       1.0350E+00       5.3996E-07       1.2182E-08       1.5161E-05       3.6514E-06
       1.0450E+00       5.3844E-07       1.1884E-08       1.5106E-05       3.7073E-06
       1.0550E+00       5.3689E-07       1.1596E-08       1.5052E-05       3.7626E-06
       1.0650E+00       5.3529E-07       1.1318E-08       1.4998E-05       3.8173E-06
       1.0750E+00       5.3367E-07       1.1050E-08       1.4945E-05       3.8714E-06
       1.0850E+00       5.3200E-07       1.0791E-08       1.4892E-05       3.9249E-06
       1.0950E+00       5.3030E-07       1.0541E-08       1.4840E-05       3.9778E-06
       1.1050E+00       5.2857E-07       1.0302E-08       1.4789E-05       4.0300E-06
       1.1150E+00       5.2679E-07       1.0071E-08       1.4738E-05       4.0815E-06
       1.1250E+00       5.2499E-07       9.8494E-09       1.4689E-05       4.1324E-06
       1.1350E+00       5.2314E-07       9.6369E-09       1.4639E-05       4.1826E-06
       1.1450E+00       5.2126E-07       9.4333E-09       1.4591E-05       4.2321E-06
       1.1550E+00       5.1935E-07       9.2384E-09       1.4543E-05       4.2808E-06
       1.1650E+00       5.1740E-07       9.0521E-09       1.4496E-05       4.3289E-06
       1.1750E+00       5.1542E-07       8.8741E-09       1.4450E-05       4.3762E-06
       1.1850E+00       5.1340E-07       8.7044E-09       1.4405E-05       4.4227E-06
       1.1950E+00       5.1135E-07       8.5426E-09       1.4360E-05       4.4686E-06
       1.2050E+00       5.0926E-07       8.3888E-09       1.4316E-05       4.5137E-06
       1.2150E+00       5.0714E-07       8.2425E-09       1.4273E-05       4.5580E-06
       1.2250E+00       5.0499E-07       8.1037E-09       1.4230E-05       4.6016E-06
       1.2350E+00       5.0281E-07       7.9722E-09       1.4189E-05       4.6444E-06
       1.2450E+00       5.0059E-07       7.8478E-09       1.4148E-05       4.6864E-06
       1.2550E+00       4.9834E-07       7.7302E-09       1.4108E-05       4.7277E-06
       1.2650E+00       4.9607E-07       7.6192E-09       1.4068E-05       4.7683E-06
       1.2750E+00       4.9376E-07       7.5148E-09       1.4030E-05       4.8081E-06
       1.2850E+00       4.9142E-07       7.4166E-09       1.3992E-05       4.8471E-06
       1.2950E+00       4.8905E-07       7.3245E-09       1.3955E-05       4.8854E-06
       1.3050E+00       4.8666E-07       7.2383E-09       1.3918E-05       4.9230E-06
       1.3150E+00       4.8423E-07       7.1578E-09       1.3883E-05       4.9598E-06
       1.3250E+00       4.8178E-07       7.0828E-09       1.3848E-05       4.9958E-06
       1.3350E+00       4.7930E-07       7.0132E-09       1.3814E-05       5.0312E-06
       1.3450E+00       4.7679E-07       6.9487E-09       1.3781E-05       5.0658E-06
       1.3550E+00       4.7426E-07       6.8892E-09       1.3748E-05       5.0996E-06
       1.3650E+00       4.7170E-07       6.8345E-09       1.3716E-05       5.1328E-06
       1.3750E+00       4.6912E-07       6.7845E-09       1.3685E-05       5.1652E-06
       1.3850E+00       4.6652E-07       6.7389E-09       1.3655E-05       5.1970E-06
       1.3950E+00       4.6389E-07       6.6977E-09       1.3625E-05       5.2280E-06
       1.4050E+00       4.6124E-07       6.6607E-09       1.3596E-05       5.2584E-06
       1.4150E+00       4.5857E-07       6.6277E-09       1.3568E-05       5.2880E-06
       1.4250E+00       4.5587E-07       6.5986E-09       1.3540E-05       5.3170E-06
       1.4350E+00       4.5316E-07       6.5732E-09       1.3513E-05       5.3453E-06
       1.4450E+00       4.5042E-07       6.5515E-09       1.3487E-05       5.3730E-06
       1.4550E+00       4.4767E-07       6.5333E-09       1.3461E-05       5.4000E-06
       1.4650E+00       4.4489E-07       6.5184E-09       1.3436E-05       5.4264E-06
       1.4750E+00       4.4210E-07       6.5069E-09       1.3412E-05       5.4521E-06
       1.4850E+00       4.3930E-07       6.4985E-09       1.3388E-05       5.4772E-06
       1.4950E+00       4.3647E-07       6.4931E-09       1.3365E-05       5.5017E-06
       1.5050E+00       4.3363E-07       6.4907E-09       1.3343E-05       5.5256E-06
       1.5150E+00       4.3078E-07       6.4911E-09       1.3321E-05       5.5489E-06
       1.5250E+00       4.2790E-07       6.4944E-09       1.3300E-05       5.5716E-06
       1.5350E+00       4.2502E-07       6.5003E-09       1.3279E-05       5.5937E-06
       1.5450E+00       4.2212E-07       6.5088E-09       1.3259E-05       5.6153E-06
       1.5550E+00       4.1921E-07       6.5198E-09       1.3239E-05       5.6363E-06
       1.5650E+00       4.1629E-07       6.5333E-09       1.3220E-05       5.6568E-06
       1.5750E+00       4.1336E-07       6.5492E-09       1.3202E-05       5.6768E-06
       1.5850E+00       4.1041E-07       6.5674E-09       1.3184E-05       5.6962E-06
       1.5950E+00       4.0746E-07       6.5878E-09       1.3166E-05       5.7151E-06
       1.6050E+00       4.0450E-07       6.6105E-09       1.3149E-05       5.7335E-06
       1.6150E+00       4.0152E-07       6.6354E-09       1.3133E-05       5.7514E-06
       1.6250E+00       3.9854E-07       6.6623E-09       1.3117E-05       5.7688E-06
       1.6350E+00       3.9556E-07       6.6913E-09       1.3101E-05       5.7858E-06
       1.6450E+00       3.9256E-07       6.7224E-09       1.3086E-05       5.8022E-06
       1.6550E+00       3.8956E-07       6.7554E-09       1.3072E-05       5.8183E-06
       1.6650E+00       3.8655E-07       6.7904E-09       1.3058E-05       5.8338E-06
       1.6750E+00       3.8354E-07       6.8273E-09       1.3044E-05       5.8489E-06
       1.6850E+00       3.8052E-07       6.8661E-09       1.3031E-05       5.8636E-06
       1.6950E+00       3.7750E-07       6.9068E-09       1.3018E-05       5.8779E-06
       1.7050E+00       3.7448E-07       6.9493E-09       1.3006E-05       5.8918E-06
       1.7150E+00       3.7145E-07       6.9936E-09       1.2994E-05       5.9052E-06
       1.7250E+00       3.6842E-07       7.0397E-09       1.2982E-05       5.9183E-06
       1.7350E+00       3.6539E-07       7.0877E-09       1.2971E-05       5.9309E-06
       1.7450E+00       3.6235E-07       7.1373E-09       1.2960E-05       5.9432E-06
       1.7550E+00       3.5932E-07       7.1888E-09       1.2950E-05       5.9551E-06
       1.7650E+00       3.5628E-07       7.2419E-09       1.2940E-05       5.9667E-06
       1.7750E+00       3.5325E-07       7.2968E-09       1.2930E-05       5.9779E-06
       1.7850E+00       3.5022E-07       7.3534E-09       1.2921E-05       5.9888E-06
       1.7950E+00       3.4719E-07       7.4118E-09       1.2912E-05       5.9993E-06
       1.8050E+00       3.4416E-07       7.4718E-09       1.2903E-05       6.0095E-06
       1.8150E+00       3.4113E-07       7.5335E-09       1.2895E-05       6.0194E-06
       1.8250E+00       3.3810E-07       7.5970E-09       1.2887E-05       6.0290E-06
       1.8350E+00       3.3508E-07       7.6621E-09       1.2879E-05       6.0382E-06
       1.8450E+00       3.3206E-07       7.7289E-09       1.2871E-05       6.0472E-06
       1.8550E+00       3.2905E-07       7.7974E-09       1.2864E-05       6.0559E-06
       1.8650E+00       3.2604E-07       7.8676E-09       1.2857E-05       6.0643E-06
       1.8750E+00       3.2303E-07       7.9394E-09       1.2850E-05       6.0725E-06
       1.8850E+00       3.2004E-07       8.0129E-09       1.2844E-05       6.0804E-06
       1.8950E+00       3.1704E-07       8.0882E-09       1.2838E-05       6.0880E-06
       1.9050E+00       3.1406E-07       8.1650E-09       1.2832E-05       6.0954E-06
       1.9150E+00       3.1108E-07       8.2436E-09       1.2826E-05       6.1025E-06
       1.9250E+00       3.0810E-07       8.3239E-09       1.2821E-05       6.1094E-06
       1.9350E+00       3.0514E-07       8.4058E-09       1.2815E-05       6.1161E-06
       1.9450E+00       3.0218E-07       8.4894E-09       1.2810E-05       6.1225E-06
       1.9550E+00       2.9923E-07       8.5747E-09       1.2806E-05       6.1288E-06
       1.9650E+00       2.9629E-07       8.6617E-09       1.2801E-05       6.1348E-06
       1.9750E+00       2.9336E-07       8.7503E-09       1.2797E-05       6.1406E-06
       1.9850E+00       2.9044E-07       8.8406E-09       1.2792E-05       6.1462E-06
       1.9950E+00       2.8753E-07       8.9326E-09       1.2788E-05       6.1516E-06
       2.0050E+00       2.8463E-07       9.0263E-09       1.2785E-05       6.1569E-06
       2.0150E+00       2.8175E-07       9.1216E-09       1.2781E-05       6.1619E-06
       2.0250E+00       2.7887E-07       9.2186E-09       1.2777E-05       6.1668E-06
       2.0350E+00       2.7600E-07       9.3173E-09       1.2774E-05       6.1715E-06
       2.0450E+00       2.7315E-07       9.4176E-09       1.2771E-05       6.1760E-06
       2.0550E+00       2.7030E-07       9.5196E-09       1.2768E-05       6.1804E-06
       2.0650E+00       2.6748E-07       9.6232E-09       1.2765E-05       6.1847E-06
       2.0750E+00       2.6466E-07       9.7285E-09       1.2762E-05       6.1887E-06
       2.0850E+00       2.6186E-07       9.8354E-09       1.2760E-05       6.1927E-06
       2.0950E+00       2.5907E-07       9.9440E-09       1.2757E-05       6.1965E-06
       2.1050E+00       2.5629E-07       1.0054E-08       1.2755E-05       6.2001E-06
       2.1150E+00       2.5353E-07       1.0166E-08       1.2753E-05       6.2037E-06
       2.1250E+00       2.5078E-07       1.0279E-08       1.2751E-05       6.2071E-06
       2.1350E+00       2.4805E-07       1.0394E-08       1.2749E-05       6.2103E-06
       2.1450E+00       2.4533E-07       1.0511E-08       1.2747E-05       6.2135E-06
       2.1550E+00       2.4263E-07       1.0629E-08       1.2745E-05       6.2166E-06
       2.1650E+00       2.3995E-07       1.0749E-08       1.2743E-05       6.2195E-06
       2.1750E+00       2.3728E-07       1.0870E-08       1.2742E-05       6.2224E-06
       2.1850E+00       2.3462E-07       1.0993E-08       1.2740E-05       6.2251E-06
       2.1950E+00       2.3199E-07       1.1117E-08       1.2739E-05       6.2277E-06
       2.2050E+00       2.2937E-07       1.1243E-08       1.2738E-05       6.2303E-06
       2.2150E+00       2.2677E-07       1.1370E-08       1.2737E-05       6.2327E-06
       2.2250E+00       2.2418E-07       1.1499E-08       1.2735E-05       6.2351E-06
       2.2350E+00       2.2161E-07       1.1629E-08       1.2734E-05       6.2374E-06
       2.2450E+00       2.1907E-07       1.1760E-08       1.2733E-05       6.2396E-06
       2.2550E+00       2.1653E-07       1.1893E-08       1.2732E-05       6.2417E-06
       2.2650E+00       2.1402E-07       1.2028E-08       1.2732E-05       6.2437E-06
       2.2750E+00       2.1153E-07       1.2163E-08       1.2731E-05       6.2457E-06
       2.2850E+00       2.0906E-07       1.2300E-08       1.2730E-05       6.2476E-06
       2.2950E+00       2.0660E-07       1.2439E-08       1.2729E-05       6.2494E-06
       2.3050E+00       2.0416E-07       1.2578E-08       1.2729E-05       6.2512E-06
       2.3150E+00       2.0175E-07       1.2719E-08       1.2728E-05       6.2529E-06
       2.3250E+00       1.9935E-07       1.2861E-08       1.2728E-05       6.2545E-06
       2.3350E+00       1.9698E-07       1.3004E-08       1.2727E-05       6.2561E-06
       2.3450E+00       1.9462E-07       1.3148E-08       1.2727E-05       6.2576E-06
       2.3550E+00       1.9229E-07       1.3294E-08       1.2726E-05       6.2590E-06
       2.3650E+00       1.8997E-07       1.3440E-08       1.2726E-05       6.2605E-06
       2.3750E+00       1.8768E-07       1.3588E-08       1.2726E-05       6.2618E-06
       2.3850E+00       1.8541E-07       1.3737E-08       1.2726E-05       6.2631E-06
       2.3950E+00       1.8316E-07       1.3886E-08       1.2725E-05       6.2644E-06
       2.4050E+00       1.8093E-07       1.4037E-08       1.2725E-05       6.2656E-06
       2.4150E+00       1.7872E-07       1.4188E-08       1.2725E-05       6.2667E-06
       2.4250E+00       1.7653E-07       1.4341E-08       1.2725E-05       6.2678E-06
       2.4350E+00       1.7437E-07       1.4494E-08       1.2725E-05       6.2689E-06
       2.4450E+00       1.7222E-07       1.4648E-08       1.2725E-05       6.2700E-06
       2.4550E+00       1.7010E-07       1.4803E-08       1.2725E-05       6.2710E-06
       2.4650E+00       1.6801E-07       1.4958E-08       1.2725E-05       6.2719E-06
       2.4750E+00       1.6593E-07       1.5114E-08       1.2725E-05       6.2728E-06
       2.4850E+00       1.6388E-07       1.5271E-08       1.2725E-05       6.2737E-06
       2.4950E+00       1.6185E-07       1.5429E-08       1.2725E-05       6.2745E-06
       2.5050E+00       1.5984E-07       1.5587E-08       1.2725E-05       6.2753E-06
       2.5150E+00       1.5785E-07       1.5745E-08       1.2725E-05       6.2761E-06
       2.5250E+00       1.5589E-07       1.5904E-08       1.2726E-05       6.2769E-06
       2.5350E+00       1.5395E-07       1.6064E-08       1.2726E-05       6.2776E-06
       2.5450E+00       1.5204E-07       1.6224E-08       1.2726E-05       6.2782E-06
       2.5550E+00       1.5014E-07       1.6384E-08       1.2726E-05       6.2789E-06
       2.5650E+00       1.4828E-07       1.6545E-08       1.2726E-05       6.2795E-06
       2.5750E+00       1.4643E-07       1.6705E-08       1.2727E-05       6.2800E-06
       2.5850E+00       1.4461E-07       1.6866E-08       1.2727E-05       6.2806E-06
       2.5950E+00       1.4281E-07       1.7028E-08       1.2727E-05       6.2811E-06
       2.6050E+00       1.4103E-07       1.7189E-08       1.2728E-05       6.2816E-06
       2.6150E+00       1.3928E-07       1.7351E-08       1.2728E-05       6.2820E-06
       2.6250E+00       1.3755E-07       1.7512E-08       1.2728E-05       6.2824E-06
       2.6350E+00       1.3584E-07       1.7674E-08       1.2729E-05       6.2828E-06
       2.6450E+00       1.3416E-07       1.7835E-08       1.2729E-05       6.2832E-06
       2.6550E+00       1.3250E-07       1.7997E-08       1.2730E-05       6.2835E-06
       2.6650E+00       1.3086E-07       1.8158E-08       1.2730E-05       6.2838E-06
       2.6750E+00       1.2925E-07       1.8319E-08       1.2731E-05       6.2840E-06
       2.6850E+00       1.2766E-07       1.8481E-08       1.2731E-05       6.2842E-06
       2.6950E+00       1.2610E-07       1.8641E-08       1.2732E-05       6.2844E-06
       2.7050E+00       1.2456E-07       1.8802E-08       1.2732E-05       6.2846E-06
       2.7150E+00       1.2304E-07       1.8962E-08       1.2733E-05       6.2847E-06
       2.7250E+00       1.2154E-07       1.9122E-08       1.2733E-05       6.2847E-06
       2.7350E+00       1.2007E-07       1.9281E-08       1.2734E-05       6.2848E-06
       2.7450E+00       1.1862E-07       1.9440E-08       1.2735E-05       6.2848E-06
       2.7550E+00       1.1719E-07       1.9599E-08       1.2735E-05       6.2847E-06
       2.7650E+00       1.1579E-07       1.9756E-08       1.2736E-05       6.2846E-06
       2.7750E+00       1.1441E-07       1.9914E-08       1.2737E-05       6.2845E-06
       2.7850E+00       1.1305E-07       2.0071E-08       1.2737E-05       6.2843E-06
       2.7950E+00       1.1171E-07       2.0227E-08       1.2738E-05       6.2841E-06
       2.8050E+00       1.1040E-07       2.0382E-08       1.2739E-05       6.2839E-06
       2.8150E+00       1.0911E-07       2.0537E-08       1.2740E-05       6.2836E-06
       2.8250E+00       1.0784E-07       2.0690E-08       1.2741E-05       6.2832E-06
       2.8350E+00       1.0659E-07       2.0843E-08       1.2742E-05       6.2828E-06
       2.8450E+00       1.0537E-07       2.0996E-08       1.2743E-05       6.2823E-06
       2.8550E+00       1.0417E-07       2.1147E-08       1.2744E-05       6.2818E-06
       2.8650E+00       1.0299E-07       2.1297E-08       1.2745E-05       6.2813E-06
       2.8750E+00       1.0183E-07       2.1446E-08       1.2746E-05       6.2806E-06
       2.8850E+00       1.0070E-07       2.1594E-08       1.2747E-05       6.2800E-06
       2.8950E+00       9.9585E-08       2.1740E-08       1.2748E-05       6.2792E-06
       2.9050E+00       9.8499E-08       2.1885E-08       1.2750E-05       6.2785E-06
       2.9150E+00       9.7440E-08       2.2027E-08       1.2751E-05       6.2777E-06
       2.9250E+00       9.6410E-08       2.2168E-08       1.2752E-05       6.2768E-06
       2.9350E+00       9.5416E-08       2.2304E-08       1.2754E-05       6.2759E-06
       2.9450E+00       9.4463E-08       2.2436E-08       1.2755E-05       6.2751E-06
       2.9550E+00       9.3566E-08       2.2562E-08       1.2756E-05       6.2742E-06
       2.9650E+00       9.2742E-08       2.2678E-08       1.2757E-05       6.2734E-06
       2.9750E+00       9.2023E-08       2.2780E-08       1.2758E-05       6.2727E-06
       2.9850E+00       9.1456E-08       2.2860E-08       1.2759E-05       6.2721E-06
       2.9950E+00       9.1114E-08       2.2909E-08       1.2760E-05       6.2717E-06
