# Time          1.0000E+00
# Units: mol/m3
    Distance        CO2(g)          
       0.0000E+00       1.8154E-02
       5.0000E-03       1.7063E-02
       1.5000E-02       1.4836E-02
       2.5000E-02       1.2598E-02
       3.5000E-02       1.0376E-02
       4.5000E-02       8.2021E-03
       5.5000E-02       6.1022E-03
       6.5000E-02       4.0980E-03
       7.5000E-02       2.2288E-03
       8.5000E-02       6.2946E-04
       9.5000E-02       8.7124E-07
       1.0500E-01       5.0608E-07
       1.1500E-01       5.1246E-07
       1.2500E-01       5.2438E-07
       1.3500E-01       5.3583E-07
       1.4500E-01       5.4677E-07
       1.5500E-01       5.5733E-07
       1.6500E-01       5.6766E-07
       1.7500E-01       5.7790E-07
       1.8500E-01       5.8819E-07
       1.9500E-01       5.9861E-07
       2.0500E-01       6.0919E-07
       2.1500E-01       6.1985E-07
       2.2500E-01       6.3040E-07
       2.3500E-01       6.4045E-07
       2.4500E-01       6.4953E-07
       2.5500E-01       6.5998E-07
       2.6500E-01       6.7055E-07
       2.7500E-01       6.8122E-07
       2.8500E-01       6.9192E-07
       2.9500E-01       7.0261E-07
       3.0500E-01       7.1324E-07
       3.1500E-01       7.2373E-07
       3.2500E-01       7.3402E-07
       3.3500E-01       7.4404E-07
       3.4500E-01       7.5371E-07
       3.5500E-01       7.6297E-07
       3.6500E-01       7.7172E-07
       3.7500E-01       7.7990E-07
       3.8500E-01       7.8740E-07
       3.9500E-01       7.9414E-07
       4.0500E-01       8.0004E-07
       4.1500E-01       8.0501E-07
       4.2500E-01       8.0895E-07
       4.3500E-01       8.1180E-07
       4.4500E-01       8.1348E-07
       4.5500E-01       8.1393E-07
       4.6500E-01       8.1309E-07
       4.7500E-01       8.1092E-07
       4.8500E-01       8.0739E-07
       4.9500E-01       8.0251E-07
       5.0500E-01       7.9629E-07
       5.1500E-01       7.8875E-07
       5.2500E-01       7.7994E-07
       5.3500E-01       7.6995E-07
       5.4500E-01       7.5885E-07
       5.5500E-01       7.4676E-07
       5.6500E-01       7.3379E-07
       5.7500E-01       7.2009E-07
       5.8500E-01       7.0581E-07
       5.9500E-01       6.9110E-07
       6.0500E-01       6.7611E-07
       6.1500E-01       6.6103E-07
       6.2500E-01       6.4600E-07
       6.3500E-01       6.3119E-07
       6.4500E-01       6.1676E-07
       6.5500E-01       6.0285E-07
       6.6500E-01       5.8960E-07
       6.7500E-01       5.7716E-07
       6.8500E-01       5.6565E-07
       6.9500E-01       5.5520E-07
       7.0500E-01       5.4591E-07
       7.1500E-01       5.3791E-07
       7.2500E-01       5.3130E-07
       7.3500E-01       5.2620E-07
       7.4500E-01       5.2274E-07
       7.5500E-01       5.2103E-07
       7.6500E-01       5.2123E-07
       7.7500E-01       5.2350E-07
       7.8500E-01       5.2801E-07
       7.9500E-01       5.3498E-07
       8.0500E-01       5.4466E-07
       8.1500E-01       5.5735E-07
       8.2500E-01       5.7340E-07
       8.3500E-01       5.9325E-07
       8.4500E-01       6.1740E-07
       8.5500E-01       6.4646E-07
       8.6500E-01       6.8118E-07
       8.7500E-01       7.2246E-07
       8.8500E-01       7.7139E-07
       8.9500E-01       8.2929E-07
       9.0500E-01       8.9776E-07
       9.1500E-01       9.7876E-07
       9.2500E-01       1.0746E-06
       9.3500E-01       1.1883E-06
       9.4500E-01       1.3231E-06
       9.5500E-01       1.4832E-06
       9.6500E-01       1.6736E-06
       9.7500E-01       1.9001E-06
       9.8500E-01       2.1694E-06
       9.9500E-01       2.4892E-06
       1.0050E+00       2.8679E-06
       1.0150E+00       3.3148E-06
       1.0250E+00       3.8391E-06
       1.0350E+00       4.4498E-06
       1.0450E+00       5.1547E-06
       1.0550E+00       5.9596E-06
       1.0650E+00       6.8673E-06
       1.0750E+00       7.8772E-06
       1.0850E+00       8.9846E-06
       1.0950E+00       1.0181E-05
       1.1050E+00       1.1453E-05
       1.1150E+00       1.2786E-05
       1.1250E+00       1.4163E-05
       1.1350E+00       1.5566E-05
       1.1450E+00       1.6976E-05
       1.1550E+00       1.8378E-05
       1.1650E+00       1.9756E-05
       1.1750E+00       2.1097E-05
       1.1850E+00       2.2390E-05
       1.1950E+00       2.3627E-05
       1.2050E+00       2.4802E-05
       1.2150E+00       2.5911E-05
       1.2250E+00       2.6951E-05
       1.2350E+00       2.7922E-05
       1.2450E+00       2.8825E-05
       1.2550E+00       2.9662E-05
       1.2650E+00       3.0436E-05
       1.2750E+00       3.1151E-05
       1.2850E+00       3.1809E-05
       1.2950E+00       3.2416E-05
       1.3050E+00       3.2976E-05
       1.3150E+00       3.3494E-05
       1.3250E+00       3.3973E-05
       1.3350E+00       3.4418E-05
       1.3450E+00       3.4833E-05
       1.3550E+00       3.5222E-05
       1.3650E+00       3.5587E-05
       1.3750E+00       3.5932E-05
       1.3850E+00       3.6260E-05
       1.3950E+00       3.6573E-05
       1.4050E+00       3.6873E-05
       1.4150E+00       3.7162E-05
       1.4250E+00       3.7440E-05
       1.4350E+00       3.7710E-05
       1.4450E+00       3.7971E-05
       1.4550E+00       3.8224E-05
       1.4650E+00       3.8470E-05
       1.4750E+00       3.8709E-05
       1.4850E+00       3.8942E-05
       1.4950E+00       3.9168E-05
       1.5050E+00       3.9388E-05
       1.5150E+00       3.9603E-05
       1.5250E+00       3.9812E-05
       1.5350E+00       4.0017E-05
       1.5450E+00       4.0217E-05
       1.5550E+00       4.0412E-05
       1.5650E+00       4.0597E-05
       1.5750E+00       4.0717E-05
       1.5850E+00       4.0762E-05
       1.5950E+00       4.0800E-05
       1.6050E+00       4.0836E-05
       1.6150E+00       4.0873E-05
       1.6250E+00       4.0909E-05
       1.6350E+00       4.0944E-05
       1.6450E+00       4.0980E-05
       1.6550E+00       4.1015E-05
       1.6650E+00       4.1050E-05
       1.6750E+00       4.1084E-05
       1.6850E+00       4.1119E-05
       1.6950E+00       4.1153E-05
       1.7050E+00       4.1187E-05
       1.7150E+00       4.1220E-05
       1.7250E+00       4.1254E-05
       1.7350E+00       4.1287E-05
       1.7450E+00       4.1320E-05
       1.7550E+00       4.1353E-05
       1.7650E+00       4.1385E-05
       1.7750E+00       4.1417E-05
       1.7850E+00       4.1449E-05
       1.7950E+00       4.1481E-05
       1.8050E+00       4.1512E-05
       1.8150E+00       4.1544E-05
       1.8250E+00       4.1574E-05
       1.8350E+00       4.1605E-05
       1.8450E+00       4.1636E-05
       1.8550E+00       4.1666E-05
       1.8650E+00       4.1696E-05
       1.8750E+00       4.1726E-05
       1.8850E+00       4.1755E-05
       1.8950E+00       4.1784E-05
       1.9050E+00       4.1813E-05
       1.9150E+00       4.1842E-05
       1.9250E+00       4.1871E-05
       1.9350E+00       4.1899E-05
       1.9450E+00       4.1927E-05
       1.9550E+00       4.1955E-05
       1.9650E+00       4.1982E-05
       1.9750E+00       4.2010E-05
       1.9850E+00       4.2037E-05
       1.9950E+00       4.2063E-05
       2.0050E+00       4.2090E-05
       2.0150E+00       4.2116E-05
       2.0250E+00       4.2142E-05
       2.0350E+00       4.2168E-05
       2.0450E+00       4.2193E-05
       2.0550E+00       4.2219E-05
       2.0650E+00       4.2244E-05
       2.0750E+00       4.2268E-05
       2.0850E+00       4.2293E-05
       2.0950E+00       4.2317E-05
       2.1050E+00       4.2341E-05
       2.1150E+00       4.2365E-05
       2.1250E+00       4.2388E-05
       2.1350E+00       4.2412E-05
       2.1450E+00       4.2435E-05
       2.1550E+00       4.2457E-05
       2.1650E+00       4.2480E-05
       2.1750E+00       4.2502E-05
       2.1850E+00       4.2524E-05
       2.1950E+00       4.2546E-05
       2.2050E+00       4.2567E-05
       2.2150E+00       4.2588E-05
       2.2250E+00       4.2609E-05
       2.2350E+00       4.2630E-05
       2.2450E+00       4.2650E-05
       2.2550E+00       4.2670E-05
       2.2650E+00       4.2690E-05
       2.2750E+00       4.2710E-05
       2.2850E+00       4.2729E-05
       2.2950E+00       4.2748E-05
       2.3050E+00       4.2767E-05
       2.3150E+00       4.2786E-05
       2.3250E+00       4.2804E-05
       2.3350E+00       4.2822E-05
       2.3450E+00       4.2840E-05
       2.3550E+00       4.2857E-05
       2.3650E+00       4.2875E-05
       2.3750E+00       4.2892E-05
       2.3850E+00       4.2908E-05
       2.3950E+00       4.2925E-05
       2.4050E+00       4.2941E-05
       2.4150E+00       4.2957E-05
       2.4250E+00       4.2973E-05
       2.4350E+00       4.2988E-05
       2.4450E+00       4.3003E-05
       2.4550E+00       4.3018E-05
       2.4650E+00       4.3033E-05
       2.4750E+00       4.3047E-05
       2.4850E+00       4.3061E-05
       2.4950E+00       4.3075E-05
       2.5050E+00       4.3089E-05
       2.5150E+00       4.3102E-05
       2.5250E+00       4.3115E-05
       2.5350E+00       4.3128E-05
       2.5450E+00       4.3140E-05
       2.5550E+00       4.3152E-05
       2.5650E+00       4.3164E-05
       2.5750E+00       4.3176E-05
       2.5850E+00       4.3188E-05
       2.5950E+00       4.3199E-05
       2.6050E+00       4.3210E-05
       2.6150E+00       4.3220E-05
       2.6250E+00       4.3231E-05
       2.6350E+00       4.3241E-05
       2.6450E+00       4.3250E-05
       2.6550E+00       4.3260E-05
       2.6650E+00       4.3269E-05
       2.6750E+00       4.3278E-05
       2.6850E+00       4.3287E-05
       2.6950E+00       4.3295E-05
       2.7050E+00       4.3304E-05
       2.7150E+00       4.3311E-05
       2.7250E+00       4.3319E-05
       2.7350E+00       4.3326E-05
       2.7450E+00       4.3334E-05
       2.7550E+00       4.3340E-05
       2.7650E+00       4.3347E-05
       2.7750E+00       4.3353E-05
       2.7850E+00       4.3359E-05
       2.7950E+00       4.3365E-05
       2.8050E+00       4.3370E-05
       2.8150E+00       4.3376E-05
       2.8250E+00       4.3381E-05
       2.8350E+00       4.3385E-05
       2.8450E+00       4.3390E-05
       2.8550E+00       4.3394E-05
       2.8650E+00       4.3397E-05
       2.8750E+00       4.3401E-05
       2.8850E+00       4.3404E-05
       2.8950E+00       4.3407E-05
       2.9050E+00       4.3410E-05
       2.9150E+00       4.3413E-05
       2.9250E+00       4.3415E-05
       2.9350E+00       4.3417E-05
       2.9450E+00       4.3418E-05
       2.9550E+00       4.3420E-05
       2.9650E+00       4.3421E-05
       2.9750E+00       4.3422E-05
       2.9850E+00       4.3422E-05
       2.9950E+00       4.3422E-05
