# Time          1.0000E+01
# Units: Bars
    Distance        CO2(g)          
       5.0000E-03       4.6049E-04
       1.5000E-02       4.8040E-04
       2.5000E-02       4.9946E-04
       3.5000E-02       5.1768E-04
       4.5000E-02       5.3507E-04
       5.5000E-02       5.5161E-04
       6.5000E-02       5.6732E-04
       7.5000E-02       5.8219E-04
       8.5000E-02       5.9621E-04
       9.5000E-02       6.0940E-04
       1.0500E-01       6.2175E-04
       1.1500E-01       6.3326E-04
       1.2500E-01       6.4392E-04
       1.3500E-01       6.5375E-04
       1.4500E-01       6.6274E-04
       1.5500E-01       6.7089E-04
       1.6500E-01       6.7819E-04
       1.7500E-01       6.8466E-04
       1.8500E-01       6.9028E-04
       1.9500E-01       6.9507E-04
       2.0500E-01       6.9902E-04
       2.1500E-01       7.0212E-04
       2.2500E-01       7.0438E-04
       2.3500E-01       7.0581E-04
       2.4500E-01       7.0639E-04
       2.5500E-01       7.0613E-04
       2.6500E-01       7.0587E-04
       2.7500E-01       7.0561E-04
       2.8500E-01       7.0535E-04
       2.9500E-01       7.0509E-04
       3.0500E-01       7.0484E-04
       3.1500E-01       7.0458E-04
       3.2500E-01       7.0432E-04
       3.3500E-01       7.0406E-04
       3.4500E-01       7.0381E-04
       3.5500E-01       7.0355E-04
       3.6500E-01       7.0329E-04
       3.7500E-01       7.0304E-04
       3.8500E-01       7.0278E-04
       3.9500E-01       7.0252E-04
       4.0500E-01       7.0227E-04
       4.1500E-01       7.0201E-04
       4.2500E-01       7.0176E-04
       4.3500E-01       7.0150E-04
       4.4500E-01       7.0125E-04
       4.5500E-01       7.0099E-04
       4.6500E-01       7.0074E-04
       4.7500E-01       7.0048E-04
       4.8500E-01       7.0023E-04
       4.9500E-01       6.9997E-04
       5.0500E-01       6.9972E-04
       5.1500E-01       6.9947E-04
       5.2500E-01       6.9921E-04
       5.3500E-01       6.9896E-04
       5.4500E-01       6.9871E-04
       5.5500E-01       6.9846E-04
       5.6500E-01       6.9820E-04
       5.7500E-01       6.9795E-04
       5.8500E-01       6.9770E-04
       5.9500E-01       6.9745E-04
       6.0500E-01       6.9720E-04
       6.1500E-01       6.9695E-04
       6.2500E-01       6.9670E-04
       6.3500E-01       6.9645E-04
       6.4500E-01       6.9620E-04
       6.5500E-01       6.9595E-04
       6.6500E-01       6.9570E-04
       6.7500E-01       6.9545E-04
       6.8500E-01       6.9520E-04
       6.9500E-01       6.9496E-04
       7.0500E-01       6.9471E-04
       7.1500E-01       6.9446E-04
       7.2500E-01       6.9421E-04
       7.3500E-01       6.9397E-04
       7.4500E-01       6.9372E-04
       7.5500E-01       6.9348E-04
       7.6500E-01       6.9323E-04
       7.7500E-01       6.9299E-04
       7.8500E-01       6.9274E-04
       7.9500E-01       6.9250E-04
       8.0500E-01       6.9226E-04
       8.1500E-01       6.9201E-04
       8.2500E-01       6.9177E-04
       8.3500E-01       6.9153E-04
       8.4500E-01       6.9129E-04
       8.5500E-01       6.9104E-04
       8.6500E-01       6.9080E-04
       8.7500E-01       6.9056E-04
       8.8500E-01       6.9032E-04
       8.9500E-01       6.9008E-04
       9.0500E-01       6.8984E-04
       9.1500E-01       6.8961E-04
       9.2500E-01       6.8937E-04
       9.3500E-01       6.8913E-04
       9.4500E-01       6.8889E-04
       9.5500E-01       6.8866E-04
       9.6500E-01       6.8842E-04
       9.7500E-01       6.8819E-04
       9.8500E-01       6.8795E-04
       9.9500E-01       6.8772E-04
       1.0050E+00       6.8748E-04
       1.0150E+00       6.8725E-04
       1.0250E+00       6.8702E-04
       1.0350E+00       6.8678E-04
       1.0450E+00       6.8655E-04
       1.0550E+00       6.8632E-04
       1.0650E+00       6.8609E-04
       1.0750E+00       6.8586E-04
       1.0850E+00       6.8563E-04
       1.0950E+00       6.8540E-04
       1.1050E+00       6.8517E-04
       1.1150E+00       6.8494E-04
       1.1250E+00       6.8472E-04
       1.1350E+00       6.8449E-04
       1.1450E+00       6.8426E-04
       1.1550E+00       6.8404E-04
       1.1650E+00       6.8381E-04
       1.1750E+00       6.8359E-04
       1.1850E+00       6.8337E-04
       1.1950E+00       6.8314E-04
       1.2050E+00       6.8292E-04
       1.2150E+00       6.8270E-04
       1.2250E+00       6.8248E-04
       1.2350E+00       6.8226E-04
       1.2450E+00       6.8204E-04
       1.2550E+00       6.8182E-04
       1.2650E+00       6.8160E-04
       1.2750E+00       6.8138E-04
       1.2850E+00       6.8117E-04
       1.2950E+00       6.8095E-04
       1.3050E+00       6.8073E-04
       1.3150E+00       6.8052E-04
       1.3250E+00       6.8030E-04
       1.3350E+00       6.8009E-04
       1.3450E+00       6.7988E-04
       1.3550E+00       6.7967E-04
       1.3650E+00       6.7945E-04
       1.3750E+00       6.7924E-04
       1.3850E+00       6.7903E-04
       1.3950E+00       6.7882E-04
       1.4050E+00       6.7862E-04
       1.4150E+00       6.7841E-04
       1.4250E+00       6.7820E-04
       1.4350E+00       6.7799E-04
       1.4450E+00       6.7779E-04
       1.4550E+00       6.7758E-04
       1.4650E+00       6.7738E-04
       1.4750E+00       6.7718E-04
       1.4850E+00       6.7697E-04
       1.4950E+00       6.7677E-04
       1.5050E+00       6.7657E-04
       1.5150E+00       6.7637E-04
       1.5250E+00       6.7617E-04
       1.5350E+00       6.7597E-04
       1.5450E+00       6.7578E-04
       1.5550E+00       6.7558E-04
       1.5650E+00       6.7538E-04
       1.5750E+00       6.7519E-04
       1.5850E+00       6.7499E-04
       1.5950E+00       6.7480E-04
       1.6050E+00       6.7461E-04
       1.6150E+00       6.7441E-04
       1.6250E+00       6.7422E-04
       1.6350E+00       6.7403E-04
       1.6450E+00       6.7384E-04
       1.6550E+00       6.7366E-04
       1.6650E+00       6.7347E-04
       1.6750E+00       6.7328E-04
       1.6850E+00       6.7309E-04
       1.6950E+00       6.7291E-04
       1.7050E+00       6.7273E-04
       1.7150E+00       6.7254E-04
       1.7250E+00       6.7236E-04
       1.7350E+00       6.7218E-04
       1.7450E+00       6.7200E-04
       1.7550E+00       6.7182E-04
       1.7650E+00       6.7164E-04
       1.7750E+00       6.7146E-04
       1.7850E+00       6.7128E-04
       1.7950E+00       6.7111E-04
       1.8050E+00       6.7093E-04
       1.8150E+00       6.7076E-04
       1.8250E+00       6.7058E-04
       1.8350E+00       6.7041E-04
       1.8450E+00       6.7024E-04
       1.8550E+00       6.7007E-04
       1.8650E+00       6.6990E-04
       1.8750E+00       6.6973E-04
       1.8850E+00       6.6956E-04
       1.8950E+00       6.6940E-04
       1.9050E+00       6.6923E-04
       1.9150E+00       6.6907E-04
       1.9250E+00       6.6890E-04
       1.9350E+00       6.6874E-04
       1.9450E+00       6.6858E-04
       1.9550E+00       6.6842E-04
       1.9650E+00       6.6826E-04
       1.9750E+00       6.6810E-04
       1.9850E+00       6.6794E-04
       1.9950E+00       6.6778E-04
       2.0050E+00       6.6763E-04
       2.0150E+00       6.6747E-04
       2.0250E+00       6.6732E-04
       2.0350E+00       6.6717E-04
       2.0450E+00       6.6702E-04
       2.0550E+00       6.6686E-04
       2.0650E+00       6.6671E-04
       2.0750E+00       6.6657E-04
       2.0850E+00       6.6642E-04
       2.0950E+00       6.6627E-04
       2.1050E+00       6.6613E-04
       2.1150E+00       6.6598E-04
       2.1250E+00       6.6584E-04
       2.1350E+00       6.6569E-04
       2.1450E+00       6.6555E-04
       2.1550E+00       6.6541E-04
       2.1650E+00       6.6526E-04
       2.1750E+00       6.6512E-04
       2.1850E+00       6.6498E-04
       2.1950E+00       6.6484E-04
       2.2050E+00       6.6470E-04
       2.2150E+00       6.6456E-04
       2.2250E+00       6.6442E-04
       2.2350E+00       6.6428E-04
       2.2450E+00       6.6414E-04
       2.2550E+00       6.6401E-04
       2.2650E+00       6.6387E-04
       2.2750E+00       6.6373E-04
       2.2850E+00       6.6360E-04
       2.2950E+00       6.6347E-04
       2.3050E+00       6.6333E-04
       2.3150E+00       6.6320E-04
       2.3250E+00       6.6307E-04
       2.3350E+00       6.6294E-04
       2.3450E+00       6.6282E-04
       2.3550E+00       6.6269E-04
       2.3650E+00       6.6256E-04
       2.3750E+00       6.6244E-04
       2.3850E+00       6.6231E-04
       2.3950E+00       6.6219E-04
       2.4050E+00       6.6207E-04
       2.4150E+00       6.6195E-04
       2.4250E+00       6.6183E-04
       2.4350E+00       6.6171E-04
       2.4450E+00       6.6160E-04
       2.4550E+00       6.6148E-04
       2.4650E+00       6.6137E-04
       2.4750E+00       6.6126E-04
       2.4850E+00       6.6114E-04
       2.4950E+00       6.6103E-04
       2.5050E+00       6.6093E-04
       2.5150E+00       6.6082E-04
       2.5250E+00       6.6071E-04
       2.5350E+00       6.6061E-04
       2.5450E+00       6.6050E-04
       2.5550E+00       6.6040E-04
       2.5650E+00       6.6030E-04
       2.5750E+00       6.6020E-04
       2.5850E+00       6.6010E-04
       2.5950E+00       6.6000E-04
       2.6050E+00       6.5991E-04
       2.6150E+00       6.5981E-04
       2.6250E+00       6.5972E-04
       2.6350E+00       6.5963E-04
       2.6450E+00       6.5953E-04
       2.6550E+00       6.5945E-04
       2.6650E+00       6.5936E-04
       2.6750E+00       6.5927E-04
       2.6850E+00       6.5919E-04
       2.6950E+00       6.5910E-04
       2.7050E+00       6.5902E-04
       2.7150E+00       6.5894E-04
       2.7250E+00       6.5886E-04
       2.7350E+00       6.5879E-04
       2.7450E+00       6.5871E-04
       2.7550E+00       6.5864E-04
       2.7650E+00       6.5857E-04
       2.7750E+00       6.5850E-04
       2.7850E+00       6.5843E-04
       2.7950E+00       6.5836E-04
       2.8050E+00       6.5830E-04
       2.8150E+00       6.5824E-04
       2.8250E+00       6.5818E-04
       2.8350E+00       6.5812E-04
       2.8450E+00       6.5807E-04
       2.8550E+00       6.5802E-04
       2.8650E+00       6.5797E-04
       2.8750E+00       6.5792E-04
       2.8850E+00       6.5788E-04
       2.8950E+00       6.5784E-04
       2.9050E+00       6.5780E-04
       2.9150E+00       6.5776E-04
       2.9250E+00       6.5773E-04
       2.9350E+00       6.5770E-04
       2.9450E+00       6.5768E-04
       2.9550E+00       6.5766E-04
       2.9650E+00       6.5765E-04
       2.9750E+00       6.5763E-04
       2.9850E+00       6.5763E-04
       2.9950E+00       6.5762E-04
