# Time          1.0000E+01
    Distance         pH
  5.0000E-03    4.8815E+00
  1.5000E-02    4.8837E+00
  2.5000E-02    4.8859E+00
  3.5000E-02    4.8881E+00
  4.5000E-02    4.8903E+00
  5.5000E-02    4.8926E+00
  6.5000E-02    4.8949E+00
  7.5000E-02    4.8973E+00
  8.5000E-02    4.8996E+00
  9.5000E-02    4.9021E+00
  1.0500E-01    4.9045E+00
  1.1500E-01    4.9070E+00
  1.2500E-01    4.9095E+00
  1.3500E-01    4.9121E+00
  1.4500E-01    4.9147E+00
  1.5500E-01    4.9174E+00
  1.6500E-01    4.9202E+00
  1.7500E-01    4.9231E+00
  1.8500E-01    4.9261E+00
  1.9500E-01    4.9293E+00
  2.0500E-01    4.9328E+00
  2.1500E-01    4.9367E+00
  2.2500E-01    4.9412E+00
  2.3500E-01    4.9466E+00
  2.4500E-01    4.9533E+00
  2.5500E-01    4.9621E+00
  2.6500E-01    4.9705E+00
  2.7500E-01    4.9784E+00
  2.8500E-01    4.9858E+00
  2.9500E-01    4.9924E+00
  3.0500E-01    4.9985E+00
  3.1500E-01    5.0038E+00
  3.2500E-01    5.0084E+00
  3.3500E-01    5.0124E+00
  3.4500E-01    5.0158E+00
  3.5500E-01    5.0186E+00
  3.6500E-01    5.0209E+00
  3.7500E-01    5.0228E+00
  3.8500E-01    5.0244E+00
  3.9500E-01    5.0256E+00
  4.0500E-01    5.0265E+00
  4.1500E-01    5.0272E+00
  4.2500E-01    5.0277E+00
  4.3500E-01    5.0281E+00
  4.4500E-01    5.0283E+00
  4.5500E-01    5.0285E+00
  4.6500E-01    5.0285E+00
  4.7500E-01    5.0285E+00
  4.8500E-01    5.0285E+00
  4.9500E-01    5.0284E+00
  5.0500E-01    5.0283E+00
  5.1500E-01    5.0281E+00
  5.2500E-01    5.0280E+00
  5.3500E-01    5.0278E+00
  5.4500E-01    5.0276E+00
  5.5500E-01    5.0274E+00
  5.6500E-01    5.0272E+00
  5.7500E-01    5.0270E+00
  5.8500E-01    5.0269E+00
  5.9500E-01    5.0267E+00
  6.0500E-01    5.0265E+00
  6.1500E-01    5.0263E+00
  6.2500E-01    5.0261E+00
  6.3500E-01    5.0259E+00
  6.4500E-01    5.0257E+00
  6.5500E-01    5.0256E+00
  6.6500E-01    5.0254E+00
  6.7500E-01    5.0252E+00
  6.8500E-01    5.0251E+00
  6.9500E-01    5.0249E+00
  7.0500E-01    5.0248E+00
  7.1500E-01    5.0246E+00
  7.2500E-01    5.0245E+00
  7.3500E-01    5.0244E+00
  7.4500E-01    5.0242E+00
  7.5500E-01    5.0241E+00
  7.6500E-01    5.0240E+00
  7.7500E-01    5.0239E+00
  7.8500E-01    5.0238E+00
  7.9500E-01    5.0237E+00
  8.0500E-01    5.0236E+00
  8.1500E-01    5.0235E+00
  8.2500E-01    5.0234E+00
  8.3500E-01    5.0233E+00
  8.4500E-01    5.0233E+00
  8.5500E-01    5.0232E+00
  8.6500E-01    5.0231E+00
  8.7500E-01    5.0231E+00
  8.8500E-01    5.0230E+00
  8.9500E-01    5.0230E+00
  9.0500E-01    5.0230E+00
  9.1500E-01    5.0229E+00
  9.2500E-01    5.0229E+00
  9.3500E-01    5.0229E+00
  9.4500E-01    5.0228E+00
  9.5500E-01    5.0228E+00
  9.6500E-01    5.0228E+00
  9.7500E-01    5.0228E+00
  9.8500E-01    5.0228E+00
  9.9500E-01    5.0228E+00
  1.0050E+00    5.0228E+00
  1.0150E+00    5.0228E+00
  1.0250E+00    5.0229E+00
  1.0350E+00    5.0229E+00
  1.0450E+00    5.0229E+00
  1.0550E+00    5.0229E+00
  1.0650E+00    5.0230E+00
  1.0750E+00    5.0230E+00
  1.0850E+00    5.0231E+00
  1.0950E+00    5.0231E+00
  1.1050E+00    5.0232E+00
  1.1150E+00    5.0232E+00
  1.1250E+00    5.0233E+00
  1.1350E+00    5.0234E+00
  1.1450E+00    5.0234E+00
  1.1550E+00    5.0235E+00
  1.1650E+00    5.0236E+00
  1.1750E+00    5.0237E+00
  1.1850E+00    5.0238E+00
  1.1950E+00    5.0239E+00
  1.2050E+00    5.0240E+00
  1.2150E+00    5.0241E+00
  1.2250E+00    5.0242E+00
  1.2350E+00    5.0243E+00
  1.2450E+00    5.0244E+00
  1.2550E+00    5.0245E+00
  1.2650E+00    5.0246E+00
  1.2750E+00    5.0248E+00
  1.2850E+00    5.0249E+00
  1.2950E+00    5.0250E+00
  1.3050E+00    5.0252E+00
  1.3150E+00    5.0253E+00
  1.3250E+00    5.0255E+00
  1.3350E+00    5.0256E+00
  1.3450E+00    5.0258E+00
  1.3550E+00    5.0259E+00
  1.3650E+00    5.0261E+00
  1.3750E+00    5.0263E+00
  1.3850E+00    5.0264E+00
  1.3950E+00    5.0266E+00
  1.4050E+00    5.0268E+00
  1.4150E+00    5.0270E+00
  1.4250E+00    5.0272E+00
  1.4350E+00    5.0274E+00
  1.4450E+00    5.0276E+00
  1.4550E+00    5.0278E+00
  1.4650E+00    5.0280E+00
  1.4750E+00    5.0282E+00
  1.4850E+00    5.0285E+00
  1.4950E+00    5.0287E+00
  1.5050E+00    5.0290E+00
  1.5150E+00    5.0292E+00
  1.5250E+00    5.0295E+00
  1.5350E+00    5.0297E+00
  1.5450E+00    5.0300E+00
  1.5550E+00    5.0303E+00
  1.5650E+00    5.0306E+00
  1.5750E+00    5.0309E+00
  1.5850E+00    5.0313E+00
  1.5950E+00    5.0316E+00
  1.6050E+00    5.0320E+00
  1.6150E+00    5.0324E+00
  1.6250E+00    5.0328E+00
  1.6350E+00    5.0332E+00
  1.6450E+00    5.0336E+00
  1.6550E+00    5.0341E+00
  1.6650E+00    5.0346E+00
  1.6750E+00    5.0351E+00
  1.6850E+00    5.0357E+00
  1.6950E+00    5.0363E+00
  1.7050E+00    5.0369E+00
  1.7150E+00    5.0376E+00
  1.7250E+00    5.0384E+00
  1.7350E+00    5.0392E+00
  1.7450E+00    5.0400E+00
  1.7550E+00    5.0409E+00
  1.7650E+00    5.0419E+00
  1.7750E+00    5.0430E+00
  1.7850E+00    5.0442E+00
  1.7950E+00    5.0454E+00
  1.8050E+00    5.0468E+00
  1.8150E+00    5.0483E+00
  1.8250E+00    5.0499E+00
  1.8350E+00    5.0516E+00
  1.8450E+00    5.0536E+00
  1.8550E+00    5.0557E+00
  1.8650E+00    5.0580E+00
  1.8750E+00    5.0605E+00
  1.8850E+00    5.0632E+00
  1.8950E+00    5.0662E+00
  1.9050E+00    5.0695E+00
  1.9150E+00    5.0732E+00
  1.9250E+00    5.0771E+00
  1.9350E+00    5.0815E+00
  1.9450E+00    5.0864E+00
  1.9550E+00    5.0917E+00
  1.9650E+00    5.0977E+00
  1.9750E+00    5.1042E+00
  1.9850E+00    5.1114E+00
  1.9950E+00    5.1195E+00
  2.0050E+00    5.1284E+00
  2.0150E+00    5.1383E+00
  2.0250E+00    5.1494E+00
  2.0350E+00    5.1618E+00
  2.0450E+00    5.1756E+00
  2.0550E+00    5.1911E+00
  2.0650E+00    5.2085E+00
  2.0750E+00    5.2281E+00
  2.0850E+00    5.2502E+00
  2.0950E+00    5.2752E+00
  2.1050E+00    5.3034E+00
  2.1150E+00    5.3352E+00
  2.1250E+00    5.3710E+00
  2.1350E+00    5.4112E+00
  2.1450E+00    5.4560E+00
  2.1550E+00    5.5054E+00
  2.1650E+00    5.5590E+00
  2.1750E+00    5.6161E+00
  2.1850E+00    5.6757E+00
  2.1950E+00    5.7367E+00
  2.2050E+00    5.7980E+00
  2.2150E+00    5.8587E+00
  2.2250E+00    5.9181E+00
  2.2350E+00    5.9757E+00
  2.2450E+00    6.0315E+00
  2.2550E+00    6.0852E+00
  2.2650E+00    6.1370E+00
  2.2750E+00    6.1870E+00
  2.2850E+00    6.2352E+00
  2.2950E+00    6.2818E+00
  2.3050E+00    6.3269E+00
  2.3150E+00    6.3706E+00
  2.3250E+00    6.4130E+00
  2.3350E+00    6.4543E+00
  2.3450E+00    6.4945E+00
  2.3550E+00    6.5337E+00
  2.3650E+00    6.5720E+00
  2.3750E+00    6.6095E+00
  2.3850E+00    6.6462E+00
  2.3950E+00    6.6821E+00
  2.4050E+00    6.7174E+00
  2.4150E+00    6.7520E+00
  2.4250E+00    6.7860E+00
  2.4350E+00    6.8195E+00
  2.4450E+00    6.8524E+00
  2.4550E+00    6.8848E+00
  2.4650E+00    6.9167E+00
  2.4750E+00    6.9482E+00
  2.4850E+00    6.9793E+00
  2.4950E+00    7.0099E+00
  2.5050E+00    7.0401E+00
  2.5150E+00    7.0699E+00
  2.5250E+00    7.0994E+00
  2.5350E+00    7.1285E+00
  2.5450E+00    7.1572E+00
  2.5550E+00    7.1856E+00
  2.5650E+00    7.2137E+00
  2.5750E+00    7.2415E+00
  2.5850E+00    7.2689E+00
  2.5950E+00    7.2961E+00
  2.6050E+00    7.3230E+00
  2.6150E+00    7.3495E+00
  2.6250E+00    7.3758E+00
  2.6350E+00    7.4018E+00
  2.6450E+00    7.4276E+00
  2.6550E+00    7.4530E+00
  2.6650E+00    7.4783E+00
  2.6750E+00    7.5032E+00
  2.6850E+00    7.5279E+00
  2.6950E+00    7.5523E+00
  2.7050E+00    7.5765E+00
  2.7150E+00    7.6004E+00
  2.7250E+00    7.6241E+00
  2.7350E+00    7.6476E+00
  2.7450E+00    7.6708E+00
  2.7550E+00    7.6937E+00
  2.7650E+00    7.7164E+00
  2.7750E+00    7.7389E+00
  2.7850E+00    7.7611E+00
  2.7950E+00    7.7832E+00
  2.8050E+00    7.8049E+00
  2.8150E+00    7.8264E+00
  2.8250E+00    7.8477E+00
  2.8350E+00    7.8688E+00
  2.8450E+00    7.8896E+00
  2.8550E+00    7.9101E+00
  2.8650E+00    7.9304E+00
  2.8750E+00    7.9504E+00
  2.8850E+00    7.9701E+00
  2.8950E+00    7.9895E+00
  2.9050E+00    8.0086E+00
  2.9150E+00    8.0272E+00
  2.9250E+00    8.0453E+00
  2.9350E+00    8.0627E+00
  2.9450E+00    8.0794E+00
  2.9550E+00    8.0950E+00
  2.9650E+00    8.1093E+00
  2.9750E+00    8.1216E+00
  2.9850E+00    8.1312E+00
  2.9950E+00    8.1370E+00
