# Time          1.5000E+01
    Distance         pH
  5.0000E-03    4.8815E+00
  1.5000E-02    4.8837E+00
  2.5000E-02    4.8858E+00
  3.5000E-02    4.8880E+00
  4.5000E-02    4.8903E+00
  5.5000E-02    4.8925E+00
  6.5000E-02    4.8948E+00
  7.5000E-02    4.8972E+00
  8.5000E-02    4.8995E+00
  9.5000E-02    4.9020E+00
  1.0500E-01    4.9044E+00
  1.1500E-01    4.9069E+00
  1.2500E-01    4.9094E+00
  1.3500E-01    4.9120E+00
  1.4500E-01    4.9146E+00
  1.5500E-01    4.9173E+00
  1.6500E-01    4.9200E+00
  1.7500E-01    4.9229E+00
  1.8500E-01    4.9259E+00
  1.9500E-01    4.9291E+00
  2.0500E-01    4.9326E+00
  2.1500E-01    4.9364E+00
  2.2500E-01    4.9409E+00
  2.3500E-01    4.9462E+00
  2.4500E-01    4.9529E+00
  2.5500E-01    4.9618E+00
  2.6500E-01    4.9702E+00
  2.7500E-01    4.9780E+00
  2.8500E-01    4.9853E+00
  2.9500E-01    4.9920E+00
  3.0500E-01    4.9980E+00
  3.1500E-01    5.0033E+00
  3.2500E-01    5.0079E+00
  3.3500E-01    5.0119E+00
  3.4500E-01    5.0153E+00
  3.5500E-01    5.0181E+00
  3.6500E-01    5.0204E+00
  3.7500E-01    5.0223E+00
  3.8500E-01    5.0238E+00
  3.9500E-01    5.0250E+00
  4.0500E-01    5.0259E+00
  4.1500E-01    5.0266E+00
  4.2500E-01    5.0271E+00
  4.3500E-01    5.0275E+00
  4.4500E-01    5.0277E+00
  4.5500E-01    5.0278E+00
  4.6500E-01    5.0279E+00
  4.7500E-01    5.0279E+00
  4.8500E-01    5.0278E+00
  4.9500E-01    5.0277E+00
  5.0500E-01    5.0276E+00
  5.1500E-01    5.0274E+00
  5.2500E-01    5.0272E+00
  5.3500E-01    5.0271E+00
  5.4500E-01    5.0268E+00
  5.5500E-01    5.0266E+00
  5.6500E-01    5.0264E+00
  5.7500E-01    5.0262E+00
  5.8500E-01    5.0260E+00
  5.9500E-01    5.0258E+00
  6.0500E-01    5.0256E+00
  6.1500E-01    5.0254E+00
  6.2500E-01    5.0252E+00
  6.3500E-01    5.0250E+00
  6.4500E-01    5.0248E+00
  6.5500E-01    5.0246E+00
  6.6500E-01    5.0244E+00
  6.7500E-01    5.0242E+00
  6.8500E-01    5.0240E+00
  6.9500E-01    5.0238E+00
  7.0500E-01    5.0237E+00
  7.1500E-01    5.0235E+00
  7.2500E-01    5.0234E+00
  7.3500E-01    5.0232E+00
  7.4500E-01    5.0231E+00
  7.5500E-01    5.0229E+00
  7.6500E-01    5.0228E+00
  7.7500E-01    5.0226E+00
  7.8500E-01    5.0225E+00
  7.9500E-01    5.0224E+00
  8.0500E-01    5.0223E+00
  8.1500E-01    5.0222E+00
  8.2500E-01    5.0221E+00
  8.3500E-01    5.0220E+00
  8.4500E-01    5.0219E+00
  8.5500E-01    5.0218E+00
  8.6500E-01    5.0217E+00
  8.7500E-01    5.0216E+00
  8.8500E-01    5.0216E+00
  8.9500E-01    5.0215E+00
  9.0500E-01    5.0214E+00
  9.1500E-01    5.0214E+00
  9.2500E-01    5.0213E+00
  9.3500E-01    5.0213E+00
  9.4500E-01    5.0212E+00
  9.5500E-01    5.0212E+00
  9.6500E-01    5.0212E+00
  9.7500E-01    5.0211E+00
  9.8500E-01    5.0211E+00
  9.9500E-01    5.0211E+00
  1.0050E+00    5.0211E+00
  1.0150E+00    5.0211E+00
  1.0250E+00    5.0211E+00
  1.0350E+00    5.0211E+00
  1.0450E+00    5.0211E+00
  1.0550E+00    5.0211E+00
  1.0650E+00    5.0211E+00
  1.0750E+00    5.0211E+00
  1.0850E+00    5.0211E+00
  1.0950E+00    5.0212E+00
  1.1050E+00    5.0212E+00
  1.1150E+00    5.0212E+00
  1.1250E+00    5.0213E+00
  1.1350E+00    5.0213E+00
  1.1450E+00    5.0214E+00
  1.1550E+00    5.0214E+00
  1.1650E+00    5.0215E+00
  1.1750E+00    5.0215E+00
  1.1850E+00    5.0216E+00
  1.1950E+00    5.0217E+00
  1.2050E+00    5.0218E+00
  1.2150E+00    5.0218E+00
  1.2250E+00    5.0219E+00
  1.2350E+00    5.0220E+00
  1.2450E+00    5.0221E+00
  1.2550E+00    5.0222E+00
  1.2650E+00    5.0223E+00
  1.2750E+00    5.0224E+00
  1.2850E+00    5.0225E+00
  1.2950E+00    5.0226E+00
  1.3050E+00    5.0227E+00
  1.3150E+00    5.0229E+00
  1.3250E+00    5.0230E+00
  1.3350E+00    5.0231E+00
  1.3450E+00    5.0233E+00
  1.3550E+00    5.0234E+00
  1.3650E+00    5.0235E+00
  1.3750E+00    5.0237E+00
  1.3850E+00    5.0238E+00
  1.3950E+00    5.0240E+00
  1.4050E+00    5.0241E+00
  1.4150E+00    5.0243E+00
  1.4250E+00    5.0245E+00
  1.4350E+00    5.0246E+00
  1.4450E+00    5.0248E+00
  1.4550E+00    5.0250E+00
  1.4650E+00    5.0252E+00
  1.4750E+00    5.0253E+00
  1.4850E+00    5.0255E+00
  1.4950E+00    5.0257E+00
  1.5050E+00    5.0259E+00
  1.5150E+00    5.0261E+00
  1.5250E+00    5.0263E+00
  1.5350E+00    5.0265E+00
  1.5450E+00    5.0267E+00
  1.5550E+00    5.0269E+00
  1.5650E+00    5.0272E+00
  1.5750E+00    5.0274E+00
  1.5850E+00    5.0276E+00
  1.5950E+00    5.0278E+00
  1.6050E+00    5.0281E+00
  1.6150E+00    5.0283E+00
  1.6250E+00    5.0285E+00
  1.6350E+00    5.0288E+00
  1.6450E+00    5.0290E+00
  1.6550E+00    5.0293E+00
  1.6650E+00    5.0295E+00
  1.6750E+00    5.0298E+00
  1.6850E+00    5.0300E+00
  1.6950E+00    5.0303E+00
  1.7050E+00    5.0305E+00
  1.7150E+00    5.0308E+00
  1.7250E+00    5.0311E+00
  1.7350E+00    5.0313E+00
  1.7450E+00    5.0316E+00
  1.7550E+00    5.0319E+00
  1.7650E+00    5.0322E+00
  1.7750E+00    5.0325E+00
  1.7850E+00    5.0327E+00
  1.7950E+00    5.0330E+00
  1.8050E+00    5.0333E+00
  1.8150E+00    5.0336E+00
  1.8250E+00    5.0339E+00
  1.8350E+00    5.0342E+00
  1.8450E+00    5.0345E+00
  1.8550E+00    5.0349E+00
  1.8650E+00    5.0352E+00
  1.8750E+00    5.0355E+00
  1.8850E+00    5.0358E+00
  1.8950E+00    5.0361E+00
  1.9050E+00    5.0364E+00
  1.9150E+00    5.0368E+00
  1.9250E+00    5.0371E+00
  1.9350E+00    5.0374E+00
  1.9450E+00    5.0378E+00
  1.9550E+00    5.0381E+00
  1.9650E+00    5.0385E+00
  1.9750E+00    5.0388E+00
  1.9850E+00    5.0392E+00
  1.9950E+00    5.0395E+00
  2.0050E+00    5.0399E+00
  2.0150E+00    5.0402E+00
  2.0250E+00    5.0406E+00
  2.0350E+00    5.0409E+00
  2.0450E+00    5.0413E+00
  2.0550E+00    5.0417E+00
  2.0650E+00    5.0420E+00
  2.0750E+00    5.0424E+00
  2.0850E+00    5.0428E+00
  2.0950E+00    5.0432E+00
  2.1050E+00    5.0435E+00
  2.1150E+00    5.0439E+00
  2.1250E+00    5.0443E+00
  2.1350E+00    5.0447E+00
  2.1450E+00    5.0451E+00
  2.1550E+00    5.0455E+00
  2.1650E+00    5.0459E+00
  2.1750E+00    5.0463E+00
  2.1850E+00    5.0467E+00
  2.1950E+00    5.0471E+00
  2.2050E+00    5.0475E+00
  2.2150E+00    5.0479E+00
  2.2250E+00    5.0483E+00
  2.2350E+00    5.0488E+00
  2.2450E+00    5.0492E+00
  2.2550E+00    5.0496E+00
  2.2650E+00    5.0500E+00
  2.2750E+00    5.0504E+00
  2.2850E+00    5.0509E+00
  2.2950E+00    5.0513E+00
  2.3050E+00    5.0517E+00
  2.3150E+00    5.0522E+00
  2.3250E+00    5.0526E+00
  2.3350E+00    5.0531E+00
  2.3450E+00    5.0535E+00
  2.3550E+00    5.0539E+00
  2.3650E+00    5.0544E+00
  2.3750E+00    5.0548E+00
  2.3850E+00    5.0553E+00
  2.3950E+00    5.0558E+00
  2.4050E+00    5.0562E+00
  2.4150E+00    5.0567E+00
  2.4250E+00    5.0571E+00
  2.4350E+00    5.0576E+00
  2.4450E+00    5.0581E+00
  2.4550E+00    5.0585E+00
  2.4650E+00    5.0590E+00
  2.4750E+00    5.0595E+00
  2.4850E+00    5.0600E+00
  2.4950E+00    5.0605E+00
  2.5050E+00    5.0609E+00
  2.5150E+00    5.0614E+00
  2.5250E+00    5.0619E+00
  2.5350E+00    5.0624E+00
  2.5450E+00    5.0629E+00
  2.5550E+00    5.0634E+00
  2.5650E+00    5.0639E+00
  2.5750E+00    5.0644E+00
  2.5850E+00    5.0649E+00
  2.5950E+00    5.0654E+00
  2.6050E+00    5.0659E+00
  2.6150E+00    5.0664E+00
  2.6250E+00    5.0669E+00
  2.6350E+00    5.0674E+00
  2.6450E+00    5.0679E+00
  2.6550E+00    5.0685E+00
  2.6650E+00    5.0690E+00
  2.6750E+00    5.0695E+00
  2.6850E+00    5.0700E+00
  2.6950E+00    5.0706E+00
  2.7050E+00    5.0711E+00
  2.7150E+00    5.0716E+00
  2.7250E+00    5.0722E+00
  2.7350E+00    5.0727E+00
  2.7450E+00    5.0732E+00
  2.7550E+00    5.0738E+00
  2.7650E+00    5.0743E+00
  2.7750E+00    5.0749E+00
  2.7850E+00    5.0754E+00
  2.7950E+00    5.0760E+00
  2.8050E+00    5.0765E+00
  2.8150E+00    5.0771E+00
  2.8250E+00    5.0776E+00
  2.8350E+00    5.0782E+00
  2.8450E+00    5.0788E+00
  2.8550E+00    5.0793E+00
  2.8650E+00    5.0799E+00
  2.8750E+00    5.0805E+00
  2.8850E+00    5.0810E+00
  2.8950E+00    5.0816E+00
  2.9050E+00    5.0822E+00
  2.9150E+00    5.0827E+00
  2.9250E+00    5.0833E+00
  2.9350E+00    5.0839E+00
  2.9450E+00    5.0844E+00
  2.9550E+00    5.0849E+00
  2.9650E+00    5.0854E+00
  2.9750E+00    5.0858E+00
  2.9850E+00    5.0862E+00
  2.9950E+00    5.0864E+00
