# Time          2.5000E+01
    Distance         pH
  5.0000E-03    4.8815E+00
  1.5000E-02    4.8837E+00
  2.5000E-02    4.8858E+00
  3.5000E-02    4.8880E+00
  4.5000E-02    4.8903E+00
  5.5000E-02    4.8925E+00
  6.5000E-02    4.8948E+00
  7.5000E-02    4.8972E+00
  8.5000E-02    4.8995E+00
  9.5000E-02    4.9019E+00
  1.0500E-01    4.9044E+00
  1.1500E-01    4.9069E+00
  1.2500E-01    4.9094E+00
  1.3500E-01    4.9120E+00
  1.4500E-01    4.9146E+00
  1.5500E-01    4.9173E+00
  1.6500E-01    4.9200E+00
  1.7500E-01    4.9229E+00
  1.8500E-01    4.9259E+00
  1.9500E-01    4.9291E+00
  2.0500E-01    4.9325E+00
  2.1500E-01    4.9364E+00
  2.2500E-01    4.9409E+00
  2.3500E-01    4.9462E+00
  2.4500E-01    4.9529E+00
  2.5500E-01    4.9618E+00
  2.6500E-01    4.9701E+00
  2.7500E-01    4.9780E+00
  2.8500E-01    4.9853E+00
  2.9500E-01    4.9920E+00
  3.0500E-01    4.9980E+00
  3.1500E-01    5.0033E+00
  3.2500E-01    5.0079E+00
  3.3500E-01    5.0119E+00
  3.4500E-01    5.0153E+00
  3.5500E-01    5.0181E+00
  3.6500E-01    5.0204E+00
  3.7500E-01    5.0223E+00
  3.8500E-01    5.0238E+00
  3.9500E-01    5.0250E+00
  4.0500E-01    5.0259E+00
  4.1500E-01    5.0266E+00
  4.2500E-01    5.0271E+00
  4.3500E-01    5.0274E+00
  4.4500E-01    5.0277E+00
  4.5500E-01    5.0278E+00
  4.6500E-01    5.0279E+00
  4.7500E-01    5.0278E+00
  4.8500E-01    5.0278E+00
  4.9500E-01    5.0277E+00
  5.0500E-01    5.0275E+00
  5.1500E-01    5.0274E+00
  5.2500E-01    5.0272E+00
  5.3500E-01    5.0270E+00
  5.4500E-01    5.0268E+00
  5.5500E-01    5.0266E+00
  5.6500E-01    5.0264E+00
  5.7500E-01    5.0262E+00
  5.8500E-01    5.0259E+00
  5.9500E-01    5.0257E+00
  6.0500E-01    5.0255E+00
  6.1500E-01    5.0253E+00
  6.2500E-01    5.0251E+00
  6.3500E-01    5.0249E+00
  6.4500E-01    5.0247E+00
  6.5500E-01    5.0245E+00
  6.6500E-01    5.0243E+00
  6.7500E-01    5.0241E+00
  6.8500E-01    5.0239E+00
  6.9500E-01    5.0238E+00
  7.0500E-01    5.0236E+00
  7.1500E-01    5.0234E+00
  7.2500E-01    5.0233E+00
  7.3500E-01    5.0231E+00
  7.4500E-01    5.0229E+00
  7.5500E-01    5.0228E+00
  7.6500E-01    5.0227E+00
  7.7500E-01    5.0225E+00
  7.8500E-01    5.0224E+00
  7.9500E-01    5.0223E+00
  8.0500E-01    5.0222E+00
  8.1500E-01    5.0220E+00
  8.2500E-01    5.0219E+00
  8.3500E-01    5.0218E+00
  8.4500E-01    5.0217E+00
  8.5500E-01    5.0216E+00
  8.6500E-01    5.0216E+00
  8.7500E-01    5.0215E+00
  8.8500E-01    5.0214E+00
  8.9500E-01    5.0213E+00
  9.0500E-01    5.0213E+00
  9.1500E-01    5.0212E+00
  9.2500E-01    5.0211E+00
  9.3500E-01    5.0211E+00
  9.4500E-01    5.0210E+00
  9.5500E-01    5.0210E+00
  9.6500E-01    5.0209E+00
  9.7500E-01    5.0209E+00
  9.8500E-01    5.0209E+00
  9.9500E-01    5.0209E+00
  1.0050E+00    5.0208E+00
  1.0150E+00    5.0208E+00
  1.0250E+00    5.0208E+00
  1.0350E+00    5.0208E+00
  1.0450E+00    5.0208E+00
  1.0550E+00    5.0208E+00
  1.0650E+00    5.0208E+00
  1.0750E+00    5.0208E+00
  1.0850E+00    5.0209E+00
  1.0950E+00    5.0209E+00
  1.1050E+00    5.0209E+00
  1.1150E+00    5.0209E+00
  1.1250E+00    5.0210E+00
  1.1350E+00    5.0210E+00
  1.1450E+00    5.0210E+00
  1.1550E+00    5.0211E+00
  1.1650E+00    5.0211E+00
  1.1750E+00    5.0212E+00
  1.1850E+00    5.0213E+00
  1.1950E+00    5.0213E+00
  1.2050E+00    5.0214E+00
  1.2150E+00    5.0215E+00
  1.2250E+00    5.0216E+00
  1.2350E+00    5.0216E+00
  1.2450E+00    5.0217E+00
  1.2550E+00    5.0218E+00
  1.2650E+00    5.0219E+00
  1.2750E+00    5.0220E+00
  1.2850E+00    5.0221E+00
  1.2950E+00    5.0222E+00
  1.3050E+00    5.0223E+00
  1.3150E+00    5.0224E+00
  1.3250E+00    5.0226E+00
  1.3350E+00    5.0227E+00
  1.3450E+00    5.0228E+00
  1.3550E+00    5.0229E+00
  1.3650E+00    5.0231E+00
  1.3750E+00    5.0232E+00
  1.3850E+00    5.0233E+00
  1.3950E+00    5.0235E+00
  1.4050E+00    5.0236E+00
  1.4150E+00    5.0238E+00
  1.4250E+00    5.0239E+00
  1.4350E+00    5.0241E+00
  1.4450E+00    5.0243E+00
  1.4550E+00    5.0244E+00
  1.4650E+00    5.0246E+00
  1.4750E+00    5.0248E+00
  1.4850E+00    5.0250E+00
  1.4950E+00    5.0251E+00
  1.5050E+00    5.0253E+00
  1.5150E+00    5.0255E+00
  1.5250E+00    5.0257E+00
  1.5350E+00    5.0259E+00
  1.5450E+00    5.0261E+00
  1.5550E+00    5.0263E+00
  1.5650E+00    5.0265E+00
  1.5750E+00    5.0267E+00
  1.5850E+00    5.0269E+00
  1.5950E+00    5.0272E+00
  1.6050E+00    5.0274E+00
  1.6150E+00    5.0276E+00
  1.6250E+00    5.0278E+00
  1.6350E+00    5.0281E+00
  1.6450E+00    5.0283E+00
  1.6550E+00    5.0285E+00
  1.6650E+00    5.0288E+00
  1.6750E+00    5.0290E+00
  1.6850E+00    5.0293E+00
  1.6950E+00    5.0295E+00
  1.7050E+00    5.0298E+00
  1.7150E+00    5.0300E+00
  1.7250E+00    5.0303E+00
  1.7350E+00    5.0305E+00
  1.7450E+00    5.0308E+00
  1.7550E+00    5.0311E+00
  1.7650E+00    5.0314E+00
  1.7750E+00    5.0316E+00
  1.7850E+00    5.0319E+00
  1.7950E+00    5.0322E+00
  1.8050E+00    5.0325E+00
  1.8150E+00    5.0328E+00
  1.8250E+00    5.0331E+00
  1.8350E+00    5.0334E+00
  1.8450E+00    5.0337E+00
  1.8550E+00    5.0340E+00
  1.8650E+00    5.0343E+00
  1.8750E+00    5.0346E+00
  1.8850E+00    5.0349E+00
  1.8950E+00    5.0352E+00
  1.9050E+00    5.0355E+00
  1.9150E+00    5.0358E+00
  1.9250E+00    5.0362E+00
  1.9350E+00    5.0365E+00
  1.9450E+00    5.0368E+00
  1.9550E+00    5.0371E+00
  1.9650E+00    5.0375E+00
  1.9750E+00    5.0378E+00
  1.9850E+00    5.0382E+00
  1.9950E+00    5.0385E+00
  2.0050E+00    5.0388E+00
  2.0150E+00    5.0392E+00
  2.0250E+00    5.0395E+00
  2.0350E+00    5.0399E+00
  2.0450E+00    5.0403E+00
  2.0550E+00    5.0406E+00
  2.0650E+00    5.0410E+00
  2.0750E+00    5.0414E+00
  2.0850E+00    5.0417E+00
  2.0950E+00    5.0421E+00
  2.1050E+00    5.0425E+00
  2.1150E+00    5.0429E+00
  2.1250E+00    5.0432E+00
  2.1350E+00    5.0436E+00
  2.1450E+00    5.0440E+00
  2.1550E+00    5.0444E+00
  2.1650E+00    5.0448E+00
  2.1750E+00    5.0452E+00
  2.1850E+00    5.0456E+00
  2.1950E+00    5.0460E+00
  2.2050E+00    5.0464E+00
  2.2150E+00    5.0468E+00
  2.2250E+00    5.0472E+00
  2.2350E+00    5.0476E+00
  2.2450E+00    5.0480E+00
  2.2550E+00    5.0484E+00
  2.2650E+00    5.0489E+00
  2.2750E+00    5.0493E+00
  2.2850E+00    5.0497E+00
  2.2950E+00    5.0501E+00
  2.3050E+00    5.0506E+00
  2.3150E+00    5.0510E+00
  2.3250E+00    5.0514E+00
  2.3350E+00    5.0519E+00
  2.3450E+00    5.0523E+00
  2.3550E+00    5.0528E+00
  2.3650E+00    5.0532E+00
  2.3750E+00    5.0537E+00
  2.3850E+00    5.0541E+00
  2.3950E+00    5.0546E+00
  2.4050E+00    5.0550E+00
  2.4150E+00    5.0555E+00
  2.4250E+00    5.0559E+00
  2.4350E+00    5.0564E+00
  2.4450E+00    5.0569E+00
  2.4550E+00    5.0573E+00
  2.4650E+00    5.0578E+00
  2.4750E+00    5.0583E+00
  2.4850E+00    5.0588E+00
  2.4950E+00    5.0592E+00
  2.5050E+00    5.0597E+00
  2.5150E+00    5.0602E+00
  2.5250E+00    5.0607E+00
  2.5350E+00    5.0612E+00
  2.5450E+00    5.0617E+00
  2.5550E+00    5.0622E+00
  2.5650E+00    5.0627E+00
  2.5750E+00    5.0632E+00
  2.5850E+00    5.0637E+00
  2.5950E+00    5.0642E+00
  2.6050E+00    5.0647E+00
  2.6150E+00    5.0652E+00
  2.6250E+00    5.0657E+00
  2.6350E+00    5.0662E+00
  2.6450E+00    5.0667E+00
  2.6550E+00    5.0672E+00
  2.6650E+00    5.0678E+00
  2.6750E+00    5.0683E+00
  2.6850E+00    5.0688E+00
  2.6950E+00    5.0693E+00
  2.7050E+00    5.0699E+00
  2.7150E+00    5.0704E+00
  2.7250E+00    5.0709E+00
  2.7350E+00    5.0715E+00
  2.7450E+00    5.0720E+00
  2.7550E+00    5.0726E+00
  2.7650E+00    5.0731E+00
  2.7750E+00    5.0737E+00
  2.7850E+00    5.0742E+00
  2.7950E+00    5.0748E+00
  2.8050E+00    5.0753E+00
  2.8150E+00    5.0759E+00
  2.8250E+00    5.0764E+00
  2.8350E+00    5.0770E+00
  2.8450E+00    5.0776E+00
  2.8550E+00    5.0781E+00
  2.8650E+00    5.0787E+00
  2.8750E+00    5.0793E+00
  2.8850E+00    5.0798E+00
  2.8950E+00    5.0804E+00
  2.9050E+00    5.0810E+00
  2.9150E+00    5.0815E+00
  2.9250E+00    5.0821E+00
  2.9350E+00    5.0827E+00
  2.9450E+00    5.0832E+00
  2.9550E+00    5.0837E+00
  2.9650E+00    5.0842E+00
  2.9750E+00    5.0846E+00
  2.9850E+00    5.0850E+00
  2.9950E+00    5.0852E+00
