# Time          4.0000E+01
    Distance         pH
  5.0000E-03    4.8815E+00
  1.5000E-02    4.8837E+00
  2.5000E-02    4.8858E+00
  3.5000E-02    4.8880E+00
  4.5000E-02    4.8903E+00
  5.5000E-02    4.8925E+00
  6.5000E-02    4.8948E+00
  7.5000E-02    4.8972E+00
  8.5000E-02    4.8995E+00
  9.5000E-02    4.9019E+00
  1.0500E-01    4.9044E+00
  1.1500E-01    4.9069E+00
  1.2500E-01    4.9094E+00
  1.3500E-01    4.9120E+00
  1.4500E-01    4.9146E+00
  1.5500E-01    4.9173E+00
  1.6500E-01    4.9200E+00
  1.7500E-01    4.9229E+00
  1.8500E-01    4.9259E+00
  1.9500E-01    4.9291E+00
  2.0500E-01    4.9325E+00
  2.1500E-01    4.9364E+00
  2.2500E-01    4.9409E+00
  2.3500E-01    4.9462E+00
  2.4500E-01    4.9529E+00
  2.5500E-01    4.9618E+00
  2.6500E-01    4.9701E+00
  2.7500E-01    4.9780E+00
  2.8500E-01    4.9853E+00
  2.9500E-01    4.9920E+00
  3.0500E-01    4.9980E+00
  3.1500E-01    5.0033E+00
  3.2500E-01    5.0079E+00
  3.3500E-01    5.0119E+00
  3.4500E-01    5.0153E+00
  3.5500E-01    5.0181E+00
  3.6500E-01    5.0204E+00
  3.7500E-01    5.0223E+00
  3.8500E-01    5.0238E+00
  3.9500E-01    5.0250E+00
  4.0500E-01    5.0259E+00
  4.1500E-01    5.0266E+00
  4.2500E-01    5.0271E+00
  4.3500E-01    5.0274E+00
  4.4500E-01    5.0277E+00
  4.5500E-01    5.0278E+00
  4.6500E-01    5.0279E+00
  4.7500E-01    5.0278E+00
  4.8500E-01    5.0278E+00
  4.9500E-01    5.0277E+00
  5.0500E-01    5.0275E+00
  5.1500E-01    5.0274E+00
  5.2500E-01    5.0272E+00
  5.3500E-01    5.0270E+00
  5.4500E-01    5.0268E+00
  5.5500E-01    5.0266E+00
  5.6500E-01    5.0264E+00
  5.7500E-01    5.0262E+00
  5.8500E-01    5.0259E+00
  5.9500E-01    5.0257E+00
  6.0500E-01    5.0255E+00
  6.1500E-01    5.0253E+00
  6.2500E-01    5.0251E+00
  6.3500E-01    5.0249E+00
  6.4500E-01    5.0247E+00
  6.5500E-01    5.0245E+00
  6.6500E-01    5.0243E+00
  6.7500E-01    5.0241E+00
  6.8500E-01    5.0239E+00
  6.9500E-01    5.0238E+00
  7.0500E-01    5.0236E+00
  7.1500E-01    5.0234E+00
  7.2500E-01    5.0233E+00
  7.3500E-01    5.0231E+00
  7.4500E-01    5.0229E+00
  7.5500E-01    5.0228E+00
  7.6500E-01    5.0227E+00
  7.7500E-01    5.0225E+00
  7.8500E-01    5.0224E+00
  7.9500E-01    5.0223E+00
  8.0500E-01    5.0221E+00
  8.1500E-01    5.0220E+00
  8.2500E-01    5.0219E+00
  8.3500E-01    5.0218E+00
  8.4500E-01    5.0217E+00
  8.5500E-01    5.0216E+00
  8.6500E-01    5.0215E+00
  8.7500E-01    5.0215E+00
  8.8500E-01    5.0214E+00
  8.9500E-01    5.0213E+00
  9.0500E-01    5.0212E+00
  9.1500E-01    5.0212E+00
  9.2500E-01    5.0211E+00
  9.3500E-01    5.0211E+00
  9.4500E-01    5.0210E+00
  9.5500E-01    5.0210E+00
  9.6500E-01    5.0209E+00
  9.7500E-01    5.0209E+00
  9.8500E-01    5.0209E+00
  9.9500E-01    5.0208E+00
  1.0050E+00    5.0208E+00
  1.0150E+00    5.0208E+00
  1.0250E+00    5.0208E+00
  1.0350E+00    5.0208E+00
  1.0450E+00    5.0208E+00
  1.0550E+00    5.0208E+00
  1.0650E+00    5.0208E+00
  1.0750E+00    5.0208E+00
  1.0850E+00    5.0208E+00
  1.0950E+00    5.0209E+00
  1.1050E+00    5.0209E+00
  1.1150E+00    5.0209E+00
  1.1250E+00    5.0209E+00
  1.1350E+00    5.0210E+00
  1.1450E+00    5.0210E+00
  1.1550E+00    5.0211E+00
  1.1650E+00    5.0211E+00
  1.1750E+00    5.0212E+00
  1.1850E+00    5.0212E+00
  1.1950E+00    5.0213E+00
  1.2050E+00    5.0214E+00
  1.2150E+00    5.0214E+00
  1.2250E+00    5.0215E+00
  1.2350E+00    5.0216E+00
  1.2450E+00    5.0217E+00
  1.2550E+00    5.0218E+00
  1.2650E+00    5.0219E+00
  1.2750E+00    5.0220E+00
  1.2850E+00    5.0221E+00
  1.2950E+00    5.0222E+00
  1.3050E+00    5.0223E+00
  1.3150E+00    5.0224E+00
  1.3250E+00    5.0225E+00
  1.3350E+00    5.0226E+00
  1.3450E+00    5.0228E+00
  1.3550E+00    5.0229E+00
  1.3650E+00    5.0230E+00
  1.3750E+00    5.0231E+00
  1.3850E+00    5.0233E+00
  1.3950E+00    5.0234E+00
  1.4050E+00    5.0236E+00
  1.4150E+00    5.0237E+00
  1.4250E+00    5.0239E+00
  1.4350E+00    5.0240E+00
  1.4450E+00    5.0242E+00
  1.4550E+00    5.0244E+00
  1.4650E+00    5.0245E+00
  1.4750E+00    5.0247E+00
  1.4850E+00    5.0249E+00
  1.4950E+00    5.0251E+00
  1.5050E+00    5.0253E+00
  1.5150E+00    5.0254E+00
  1.5250E+00    5.0256E+00
  1.5350E+00    5.0258E+00
  1.5450E+00    5.0260E+00
  1.5550E+00    5.0262E+00
  1.5650E+00    5.0264E+00
  1.5750E+00    5.0266E+00
  1.5850E+00    5.0269E+00
  1.5950E+00    5.0271E+00
  1.6050E+00    5.0273E+00
  1.6150E+00    5.0275E+00
  1.6250E+00    5.0277E+00
  1.6350E+00    5.0280E+00
  1.6450E+00    5.0282E+00
  1.6550E+00    5.0284E+00
  1.6650E+00    5.0287E+00
  1.6750E+00    5.0289E+00
  1.6850E+00    5.0292E+00
  1.6950E+00    5.0294E+00
  1.7050E+00    5.0297E+00
  1.7150E+00    5.0299E+00
  1.7250E+00    5.0302E+00
  1.7350E+00    5.0304E+00
  1.7450E+00    5.0307E+00
  1.7550E+00    5.0310E+00
  1.7650E+00    5.0313E+00
  1.7750E+00    5.0315E+00
  1.7850E+00    5.0318E+00
  1.7950E+00    5.0321E+00
  1.8050E+00    5.0324E+00
  1.8150E+00    5.0327E+00
  1.8250E+00    5.0329E+00
  1.8350E+00    5.0332E+00
  1.8450E+00    5.0335E+00
  1.8550E+00    5.0338E+00
  1.8650E+00    5.0341E+00
  1.8750E+00    5.0344E+00
  1.8850E+00    5.0348E+00
  1.8950E+00    5.0351E+00
  1.9050E+00    5.0354E+00
  1.9150E+00    5.0357E+00
  1.9250E+00    5.0360E+00
  1.9350E+00    5.0363E+00
  1.9450E+00    5.0367E+00
  1.9550E+00    5.0370E+00
  1.9650E+00    5.0373E+00
  1.9750E+00    5.0377E+00
  1.9850E+00    5.0380E+00
  1.9950E+00    5.0384E+00
  2.0050E+00    5.0387E+00
  2.0150E+00    5.0390E+00
  2.0250E+00    5.0394E+00
  2.0350E+00    5.0398E+00
  2.0450E+00    5.0401E+00
  2.0550E+00    5.0405E+00
  2.0650E+00    5.0408E+00
  2.0750E+00    5.0412E+00
  2.0850E+00    5.0416E+00
  2.0950E+00    5.0419E+00
  2.1050E+00    5.0423E+00
  2.1150E+00    5.0427E+00
  2.1250E+00    5.0431E+00
  2.1350E+00    5.0434E+00
  2.1450E+00    5.0438E+00
  2.1550E+00    5.0442E+00
  2.1650E+00    5.0446E+00
  2.1750E+00    5.0450E+00
  2.1850E+00    5.0454E+00
  2.1950E+00    5.0458E+00
  2.2050E+00    5.0462E+00
  2.2150E+00    5.0466E+00
  2.2250E+00    5.0470E+00
  2.2350E+00    5.0474E+00
  2.2450E+00    5.0478E+00
  2.2550E+00    5.0482E+00
  2.2650E+00    5.0487E+00
  2.2750E+00    5.0491E+00
  2.2850E+00    5.0495E+00
  2.2950E+00    5.0499E+00
  2.3050E+00    5.0504E+00
  2.3150E+00    5.0508E+00
  2.3250E+00    5.0512E+00
  2.3350E+00    5.0517E+00
  2.3450E+00    5.0521E+00
  2.3550E+00    5.0525E+00
  2.3650E+00    5.0530E+00
  2.3750E+00    5.0534E+00
  2.3850E+00    5.0539E+00
  2.3950E+00    5.0543E+00
  2.4050E+00    5.0548E+00
  2.4150E+00    5.0552E+00
  2.4250E+00    5.0557E+00
  2.4350E+00    5.0562E+00
  2.4450E+00    5.0566E+00
  2.4550E+00    5.0571E+00
  2.4650E+00    5.0575E+00
  2.4750E+00    5.0580E+00
  2.4850E+00    5.0585E+00
  2.4950E+00    5.0590E+00
  2.5050E+00    5.0595E+00
  2.5150E+00    5.0599E+00
  2.5250E+00    5.0604E+00
  2.5350E+00    5.0609E+00
  2.5450E+00    5.0614E+00
  2.5550E+00    5.0619E+00
  2.5650E+00    5.0624E+00
  2.5750E+00    5.0629E+00
  2.5850E+00    5.0634E+00
  2.5950E+00    5.0639E+00
  2.6050E+00    5.0644E+00
  2.6150E+00    5.0649E+00
  2.6250E+00    5.0654E+00
  2.6350E+00    5.0659E+00
  2.6450E+00    5.0664E+00
  2.6550E+00    5.0669E+00
  2.6650E+00    5.0675E+00
  2.6750E+00    5.0680E+00
  2.6850E+00    5.0685E+00
  2.6950E+00    5.0690E+00
  2.7050E+00    5.0695E+00
  2.7150E+00    5.0701E+00
  2.7250E+00    5.0706E+00
  2.7350E+00    5.0711E+00
  2.7450E+00    5.0717E+00
  2.7550E+00    5.0722E+00
  2.7650E+00    5.0728E+00
  2.7750E+00    5.0733E+00
  2.7850E+00    5.0739E+00
  2.7950E+00    5.0744E+00
  2.8050E+00    5.0750E+00
  2.8150E+00    5.0755E+00
  2.8250E+00    5.0761E+00
  2.8350E+00    5.0766E+00
  2.8450E+00    5.0772E+00
  2.8550E+00    5.0777E+00
  2.8650E+00    5.0783E+00
  2.8750E+00    5.0789E+00
  2.8850E+00    5.0794E+00
  2.8950E+00    5.0800E+00
  2.9050E+00    5.0806E+00
  2.9150E+00    5.0811E+00
  2.9250E+00    5.0817E+00
  2.9350E+00    5.0823E+00
  2.9450E+00    5.0828E+00
  2.9550E+00    5.0833E+00
  2.9650E+00    5.0838E+00
  2.9750E+00    5.0842E+00
  2.9850E+00    5.0845E+00
  2.9950E+00    5.0848E+00
