# Time          3.0000E+01
# Units: Dimensionless (Log10(Q/Keq)
    Distance           Larnite          Kaolinite        K-Feldspar       Quartz           CO2_pump     
       5.0000E-03      -3.3180E+01      -4.3417E+00      -1.1543E+01      -2.6083E+00      -1.0033E+03
       1.5000E-02      -3.3030E+01      -4.0460E+00      -1.1169E+01      -2.4966E+00      -1.0033E+03
       2.5000E-02      -3.2897E+01      -3.8001E+00      -1.0866E+01      -2.4079E+00      -1.0033E+03
       3.5000E-02      -3.2775E+01      -3.5879E+00      -1.0610E+01      -2.3342E+00      -1.0033E+03
       4.5000E-02      -3.2662E+01      -3.4000E+00      -1.0388E+01      -2.2712E+00      -1.0033E+03
       5.5000E-02      -3.2557E+01      -3.2308E+00      -1.0191E+01      -2.2163E+00      -1.0033E+03
       6.5000E-02      -3.2462E+01      -3.0764E+00      -1.0013E+01      -2.1675E+00      -1.0032E+03
       7.5000E-02      -3.2376E+01      -2.9339E+00      -9.8514E+00      -2.1236E+00      -1.0032E+03
       8.5000E-02      -3.2298E+01      -2.8013E+00      -9.7027E+00      -2.0837E+00      -1.0032E+03
       9.5000E-02      -3.2228E+01      -2.6771E+00      -9.5649E+00      -2.0472E+00      -1.0032E+03
       1.0500E-01      -3.2165E+01      -2.5600E+00      -9.4361E+00      -2.0135E+00      -1.0032E+03
       1.1500E-01      -3.2108E+01      -2.4491E+00      -9.3152E+00      -1.9823E+00      -1.0032E+03
       1.2500E-01      -3.2056E+01      -2.3435E+00      -9.2011E+00      -1.9531E+00      -1.0032E+03
       1.3500E-01      -3.2009E+01      -2.2424E+00      -9.0927E+00      -1.9256E+00      -1.0032E+03
       1.4500E-01      -3.1964E+01      -2.1453E+00      -8.9894E+00      -1.8998E+00      -1.0032E+03
       1.5500E-01      -3.1922E+01      -2.0513E+00      -8.8903E+00      -1.8753E+00      -1.0032E+03
       1.6500E-01      -3.1882E+01      -1.9600E+00      -8.7948E+00      -1.8519E+00      -1.0032E+03
       1.7500E-01      -3.1843E+01      -1.8704E+00      -8.7019E+00      -1.8295E+00      -1.0032E+03
       1.8500E-01      -3.1805E+01      -1.7817E+00      -8.6108E+00      -1.8078E+00      -1.0032E+03
       1.9500E-01      -3.1768E+01      -1.6925E+00      -8.5203E+00      -1.7867E+00      -1.0032E+03
       2.0500E-01      -3.1730E+01      -1.6011E+00      -8.4289E+00      -1.7658E+00      -1.0032E+03
       2.1500E-01      -3.1691E+01      -1.5052E+00      -8.3346E+00      -1.7447E+00      -1.0032E+03
       2.2500E-01      -3.1649E+01      -1.4012E+00      -8.2342E+00      -1.7230E+00      -1.0031E+03
       2.3500E-01      -3.1602E+01      -1.2841E+00      -8.1239E+00      -1.6999E+00      -1.0031E+03
       2.4500E-01      -3.1549E+01      -1.1470E+00      -7.9975E+00      -1.6746E+00      -1.0031E+03
       2.5500E-01      -3.1484E+01      -9.8004E-01      -7.8470E+00      -1.6457E+00      -1.0031E+03
       2.6500E-01      -3.1423E+01      -8.2956E-01      -7.7110E+00      -1.6197E+00      -1.0031E+03
       2.7500E-01      -3.1368E+01      -6.9459E-01      -7.5887E+00      -1.5965E+00      -1.0031E+03
       2.8500E-01      -3.1317E+01      -5.7434E-01      -7.4793E+00      -1.5757E+00      -1.0031E+03
       2.9500E-01      -3.1272E+01      -4.6808E-01      -7.3821E+00      -1.5572E+00      -1.0031E+03
       3.0500E-01      -3.1231E+01      -3.7499E-01      -7.2963E+00      -1.5408E+00      -1.0031E+03
       3.1500E-01      -3.1195E+01      -2.9418E-01      -7.2211E+00      -1.5262E+00      -1.0031E+03
       3.2500E-01      -3.1163E+01      -2.2468E-01      -7.1556E+00      -1.5134E+00      -1.0031E+03
       3.3500E-01      -3.1136E+01      -1.6544E-01      -7.0989E+00      -1.5020E+00      -1.0031E+03
       3.4500E-01      -3.1112E+01      -1.1536E-01      -7.0500E+00      -1.4920E+00      -1.0031E+03
       3.5500E-01      -3.1092E+01      -7.3357E-02      -7.0080E+00      -1.4831E+00      -1.0031E+03
       3.6500E-01      -3.1076E+01      -3.8367E-02      -6.9719E+00      -1.4752E+00      -1.0031E+03
       3.7500E-01      -3.1061E+01      -9.4001E-03      -6.9409E+00      -1.4681E+00      -1.0031E+03
       3.8500E-01      -3.1050E+01       1.4449E-02      -6.9143E+00      -1.4617E+00      -1.0031E+03
       3.9500E-01      -3.1040E+01       3.3990E-02      -6.8913E+00      -1.4558E+00      -1.0031E+03
       4.0500E-01      -3.1031E+01       4.9933E-02      -6.8713E+00      -1.4505E+00      -1.0031E+03
       4.1500E-01      -3.1025E+01       6.2892E-02      -6.8538E+00      -1.4455E+00      -1.0031E+03
       4.2500E-01      -3.1019E+01       7.3390E-02      -6.8384E+00      -1.4409E+00      -1.0031E+03
       4.3500E-01      -3.1015E+01       8.1866E-02      -6.8247E+00      -1.4365E+00      -1.0031E+03
       4.4500E-01      -3.1011E+01       8.8689E-02      -6.8124E+00      -1.4324E+00      -1.0031E+03
       4.5500E-01      -3.1008E+01       9.4164E-02      -6.8012E+00      -1.4285E+00      -1.0031E+03
       4.6500E-01      -3.1005E+01       9.8543E-02      -6.7910E+00      -1.4246E+00      -1.0031E+03
       4.7500E-01      -3.1004E+01       1.0203E-01      -6.7815E+00      -1.4210E+00      -1.0031E+03
       4.8500E-01      -3.1002E+01       1.0480E-01      -6.7726E+00      -1.4174E+00      -1.0031E+03
       4.9500E-01      -3.1001E+01       1.0699E-01      -6.7642E+00      -1.4139E+00      -1.0031E+03
       5.0500E-01      -3.1000E+01       1.0870E-01      -6.7563E+00      -1.4104E+00      -1.0031E+03
       5.1500E-01      -3.0999E+01       1.1004E-01      -6.7486E+00      -1.4071E+00      -1.0031E+03
       5.2500E-01      -3.0999E+01       1.1107E-01      -6.7413E+00      -1.4038E+00      -1.0031E+03
       5.3500E-01      -3.0998E+01       1.1185E-01      -6.7341E+00      -1.4005E+00      -1.0031E+03
       5.4500E-01      -3.0998E+01       1.1243E-01      -6.7272E+00      -1.3972E+00      -1.0031E+03
       5.5500E-01      -3.0998E+01       1.1285E-01      -6.7204E+00      -1.3940E+00      -1.0031E+03
       5.6500E-01      -3.0998E+01       1.1315E-01      -6.7137E+00      -1.3908E+00      -1.0031E+03
       5.7500E-01      -3.0998E+01       1.1334E-01      -6.7072E+00      -1.3877E+00      -1.0031E+03
       5.8500E-01      -3.0999E+01       1.1345E-01      -6.7007E+00      -1.3846E+00      -1.0031E+03
       5.9500E-01      -3.0999E+01       1.1349E-01      -6.6944E+00      -1.3815E+00      -1.0031E+03
       6.0500E-01      -3.1000E+01       1.1348E-01      -6.6880E+00      -1.3784E+00      -1.0031E+03
       6.1500E-01      -3.1000E+01       1.1343E-01      -6.6818E+00      -1.3753E+00      -1.0031E+03
       6.2500E-01      -3.1001E+01       1.1334E-01      -6.6756E+00      -1.3722E+00      -1.0031E+03
       6.3500E-01      -3.1002E+01       1.1323E-01      -6.6695E+00      -1.3692E+00      -1.0031E+03
       6.4500E-01      -3.1002E+01       1.1310E-01      -6.6634E+00      -1.3662E+00      -1.0031E+03
       6.5500E-01      -3.1003E+01       1.1294E-01      -6.6573E+00      -1.3632E+00      -1.0031E+03
       6.6500E-01      -3.1004E+01       1.1278E-01      -6.6513E+00      -1.3602E+00      -1.0031E+03
       6.7500E-01      -3.1005E+01       1.1260E-01      -6.6453E+00      -1.3572E+00      -1.0031E+03
       6.8500E-01      -3.1006E+01       1.1242E-01      -6.6393E+00      -1.3543E+00      -1.0031E+03
       6.9500E-01      -3.1007E+01       1.1223E-01      -6.6334E+00      -1.3513E+00      -1.0031E+03
       7.0500E-01      -3.1008E+01       1.1204E-01      -6.6275E+00      -1.3484E+00      -1.0031E+03
       7.1500E-01      -3.1009E+01       1.1184E-01      -6.6216E+00      -1.3455E+00      -1.0031E+03
       7.2500E-01      -3.1011E+01       1.1164E-01      -6.6158E+00      -1.3425E+00      -1.0031E+03
       7.3500E-01      -3.1012E+01       1.1144E-01      -6.6100E+00      -1.3397E+00      -1.0031E+03
       7.4500E-01      -3.1013E+01       1.1123E-01      -6.6042E+00      -1.3368E+00      -1.0031E+03
       7.5500E-01      -3.1014E+01       1.1103E-01      -6.5985E+00      -1.3339E+00      -1.0031E+03
       7.6500E-01      -3.1016E+01       1.1082E-01      -6.5928E+00      -1.3310E+00      -1.0031E+03
       7.7500E-01      -3.1017E+01       1.1062E-01      -6.5871E+00      -1.3282E+00      -1.0031E+03
       7.8500E-01      -3.1019E+01       1.1041E-01      -6.5815E+00      -1.3254E+00      -1.0031E+03
       7.9500E-01      -3.1020E+01       1.1021E-01      -6.5758E+00      -1.3226E+00      -1.0031E+03
       8.0500E-01      -3.1022E+01       1.1001E-01      -6.5702E+00      -1.3198E+00      -1.0031E+03
       8.1500E-01      -3.1023E+01       1.0981E-01      -6.5647E+00      -1.3170E+00      -1.0031E+03
       8.2500E-01      -3.1025E+01       1.0960E-01      -6.5591E+00      -1.3142E+00      -1.0031E+03
       8.3500E-01      -3.1026E+01       1.0940E-01      -6.5536E+00      -1.3114E+00      -1.0031E+03
       8.4500E-01      -3.1028E+01       1.0920E-01      -6.5482E+00      -1.3087E+00      -1.0031E+03
       8.5500E-01      -3.1030E+01       1.0901E-01      -6.5427E+00      -1.3059E+00      -1.0031E+03
       8.6500E-01      -3.1031E+01       1.0881E-01      -6.5373E+00      -1.3032E+00      -1.0031E+03
       8.7500E-01      -3.1033E+01       1.0861E-01      -6.5320E+00      -1.3005E+00      -1.0031E+03
       8.8500E-01      -3.1035E+01       1.0842E-01      -6.5266E+00      -1.2978E+00      -1.0031E+03
       8.9500E-01      -3.1037E+01       1.0822E-01      -6.5213E+00      -1.2951E+00      -1.0031E+03
       9.0500E-01      -3.1038E+01       1.0803E-01      -6.5161E+00      -1.2924E+00      -1.0031E+03
       9.1500E-01      -3.1040E+01       1.0784E-01      -6.5108E+00      -1.2897E+00      -1.0031E+03
       9.2500E-01      -3.1042E+01       1.0765E-01      -6.5056E+00      -1.2870E+00      -1.0031E+03
       9.3500E-01      -3.1044E+01       1.0746E-01      -6.5005E+00      -1.2844E+00      -1.0031E+03
       9.4500E-01      -3.1045E+01       1.0727E-01      -6.4954E+00      -1.2817E+00      -1.0031E+03
       9.5500E-01      -3.1047E+01       1.0709E-01      -6.4903E+00      -1.2791E+00      -1.0031E+03
       9.6500E-01      -3.1049E+01       1.0690E-01      -6.4852E+00      -1.2765E+00      -1.0031E+03
       9.7500E-01      -3.1050E+01       1.0672E-01      -6.4802E+00      -1.2739E+00      -1.0031E+03
       9.8500E-01      -3.1052E+01       1.0654E-01      -6.4753E+00      -1.2713E+00      -1.0031E+03
       9.9500E-01      -3.1054E+01       1.0635E-01      -6.4703E+00      -1.2687E+00      -1.0031E+03
       1.0050E+00      -3.1055E+01       1.0617E-01      -6.4655E+00      -1.2661E+00      -1.0031E+03
       1.0150E+00      -3.1057E+01       1.0599E-01      -6.4606E+00      -1.2636E+00      -1.0031E+03
       1.0250E+00      -3.1059E+01       1.0582E-01      -6.4558E+00      -1.2610E+00      -1.0031E+03
       1.0350E+00      -3.1060E+01       1.0564E-01      -6.4511E+00      -1.2585E+00      -1.0031E+03
       1.0450E+00      -3.1062E+01       1.0546E-01      -6.4464E+00      -1.2559E+00      -1.0031E+03
       1.0550E+00      -3.1063E+01       1.0529E-01      -6.4417E+00      -1.2534E+00      -1.0031E+03
       1.0650E+00      -3.1065E+01       1.0511E-01      -6.4371E+00      -1.2509E+00      -1.0031E+03
       1.0750E+00      -3.1066E+01       1.0494E-01      -6.4325E+00      -1.2484E+00      -1.0031E+03
       1.0850E+00      -3.1068E+01       1.0477E-01      -6.4280E+00      -1.2459E+00      -1.0031E+03
       1.0950E+00      -3.1069E+01       1.0460E-01      -6.4235E+00      -1.2434E+00      -1.0031E+03
       1.1050E+00      -3.1071E+01       1.0443E-01      -6.4191E+00      -1.2410E+00      -1.0031E+03
       1.1150E+00      -3.1072E+01       1.0426E-01      -6.4147E+00      -1.2385E+00      -1.0031E+03
       1.1250E+00      -3.1073E+01       1.0410E-01      -6.4104E+00      -1.2361E+00      -1.0031E+03
       1.1350E+00      -3.1074E+01       1.0393E-01      -6.4061E+00      -1.2336E+00      -1.0031E+03
       1.1450E+00      -3.1076E+01       1.0376E-01      -6.4019E+00      -1.2312E+00      -1.0031E+03
       1.1550E+00      -3.1077E+01       1.0360E-01      -6.3978E+00      -1.2288E+00      -1.0031E+03
       1.1650E+00      -3.1078E+01       1.0344E-01      -6.3937E+00      -1.2264E+00      -1.0031E+03
       1.1750E+00      -3.1079E+01       1.0328E-01      -6.3896E+00      -1.2239E+00      -1.0031E+03
       1.1850E+00      -3.1080E+01       1.0312E-01      -6.3857E+00      -1.2216E+00      -1.0031E+03
       1.1950E+00      -3.1081E+01       1.0296E-01      -6.3817E+00      -1.2192E+00      -1.0031E+03
       1.2050E+00      -3.1082E+01       1.0280E-01      -6.3779E+00      -1.2168E+00      -1.0031E+03
       1.2150E+00      -3.1082E+01       1.0264E-01      -6.3741E+00      -1.2144E+00      -1.0031E+03
       1.2250E+00      -3.1083E+01       1.0248E-01      -6.3703E+00      -1.2121E+00      -1.0031E+03
       1.2350E+00      -3.1084E+01       1.0233E-01      -6.3666E+00      -1.2097E+00      -1.0031E+03
       1.2450E+00      -3.1084E+01       1.0217E-01      -6.3630E+00      -1.2074E+00      -1.0031E+03
       1.2550E+00      -3.1085E+01       1.0202E-01      -6.3595E+00      -1.2051E+00      -1.0031E+03
       1.2650E+00      -3.1086E+01       1.0187E-01      -6.3560E+00      -1.2028E+00      -1.0031E+03
       1.2750E+00      -3.1086E+01       1.0171E-01      -6.3526E+00      -1.2005E+00      -1.0031E+03
       1.2850E+00      -3.1086E+01       1.0156E-01      -6.3492E+00      -1.1982E+00      -1.0031E+03
       1.2950E+00      -3.1087E+01       1.0141E-01      -6.3459E+00      -1.1959E+00      -1.0031E+03
       1.3050E+00      -3.1087E+01       1.0127E-01      -6.3427E+00      -1.1936E+00      -1.0031E+03
       1.3150E+00      -3.1087E+01       1.0112E-01      -6.3396E+00      -1.1913E+00      -1.0031E+03
       1.3250E+00      -3.1087E+01       1.0097E-01      -6.3365E+00      -1.1891E+00      -1.0031E+03
       1.3350E+00      -3.1087E+01       1.0082E-01      -6.3335E+00      -1.1868E+00      -1.0031E+03
       1.3450E+00      -3.1087E+01       1.0068E-01      -6.3306E+00      -1.1846E+00      -1.0031E+03
       1.3550E+00      -3.1087E+01       1.0054E-01      -6.3277E+00      -1.1823E+00      -1.0031E+03
       1.3650E+00      -3.1087E+01       1.0039E-01      -6.3249E+00      -1.1801E+00      -1.0031E+03
       1.3750E+00      -3.1087E+01       1.0025E-01      -6.3222E+00      -1.1779E+00      -1.0031E+03
       1.3850E+00      -3.1087E+01       1.0011E-01      -6.3196E+00      -1.1757E+00      -1.0031E+03
       1.3950E+00      -3.1086E+01       9.9969E-02      -6.3170E+00      -1.1734E+00      -1.0031E+03
       1.4050E+00      -3.1086E+01       9.9829E-02      -6.3146E+00      -1.1713E+00      -1.0031E+03
       1.4150E+00      -3.1085E+01       9.9690E-02      -6.3122E+00      -1.1691E+00      -1.0031E+03
       1.4250E+00      -3.1085E+01       9.9552E-02      -6.3099E+00      -1.1669E+00      -1.0031E+03
       1.4350E+00      -3.1084E+01       9.9415E-02      -6.3076E+00      -1.1647E+00      -1.0031E+03
       1.4450E+00      -3.1084E+01       9.9279E-02      -6.3055E+00      -1.1626E+00      -1.0031E+03
       1.4550E+00      -3.1083E+01       9.9144E-02      -6.3034E+00      -1.1604E+00      -1.0031E+03
       1.4650E+00      -3.1082E+01       9.9010E-02      -6.3014E+00      -1.1583E+00      -1.0031E+03
       1.4750E+00      -3.1081E+01       9.8876E-02      -6.2995E+00      -1.1561E+00      -1.0031E+03
       1.4850E+00      -3.1081E+01       9.8743E-02      -6.2976E+00      -1.1540E+00      -1.0031E+03
       1.4950E+00      -3.1080E+01       9.8612E-02      -6.2959E+00      -1.1519E+00      -1.0031E+03
       1.5050E+00      -3.1079E+01       9.8481E-02      -6.2942E+00      -1.1498E+00      -1.0031E+03
       1.5150E+00      -3.1077E+01       9.8350E-02      -6.2926E+00      -1.1476E+00      -1.0031E+03
       1.5250E+00      -3.1076E+01       9.8221E-02      -6.2911E+00      -1.1456E+00      -1.0031E+03
       1.5350E+00      -3.1075E+01       9.8092E-02      -6.2897E+00      -1.1435E+00      -1.0031E+03
       1.5450E+00      -3.1074E+01       9.7965E-02      -6.2884E+00      -1.1414E+00      -1.0031E+03
       1.5550E+00      -3.1073E+01       9.7838E-02      -6.2871E+00      -1.1393E+00      -1.0031E+03
       1.5650E+00      -3.1071E+01       9.7711E-02      -6.2860E+00      -1.1372E+00      -1.0031E+03
       1.5750E+00      -3.1070E+01       9.7586E-02      -6.2849E+00      -1.1352E+00      -1.0031E+03
       1.5850E+00      -3.1068E+01       9.7461E-02      -6.2839E+00      -1.1331E+00      -1.0031E+03
       1.5950E+00      -3.1067E+01       9.7338E-02      -6.2830E+00      -1.1311E+00      -1.0031E+03
       1.6050E+00      -3.1065E+01       9.7214E-02      -6.2822E+00      -1.1290E+00      -1.0031E+03
       1.6150E+00      -3.1064E+01       9.7092E-02      -6.2814E+00      -1.1270E+00      -1.0031E+03
       1.6250E+00      -3.1062E+01       9.6971E-02      -6.2808E+00      -1.1250E+00      -1.0031E+03
       1.6350E+00      -3.1060E+01       9.6850E-02      -6.2802E+00      -1.1230E+00      -1.0031E+03
       1.6450E+00      -3.1058E+01       9.6730E-02      -6.2797E+00      -1.1210E+00      -1.0031E+03
       1.6550E+00      -3.1056E+01       9.6611E-02      -6.2793E+00      -1.1190E+00      -1.0031E+03
       1.6650E+00      -3.1055E+01       9.6492E-02      -6.2789E+00      -1.1170E+00      -1.0031E+03
       1.6750E+00      -3.1053E+01       9.6374E-02      -6.2787E+00      -1.1150E+00      -1.0031E+03
       1.6850E+00      -3.1051E+01       9.6257E-02      -6.2785E+00      -1.1130E+00      -1.0031E+03
       1.6950E+00      -3.1049E+01       9.6141E-02      -6.2785E+00      -1.1110E+00      -1.0031E+03
       1.7050E+00      -3.1046E+01       9.6025E-02      -6.2785E+00      -1.1091E+00      -1.0031E+03
       1.7150E+00      -3.1044E+01       9.5910E-02      -6.2785E+00      -1.1071E+00      -1.0031E+03
       1.7250E+00      -3.1042E+01       9.5796E-02      -6.2787E+00      -1.1051E+00      -1.0031E+03
       1.7350E+00      -3.1040E+01       9.5682E-02      -6.2789E+00      -1.1032E+00      -1.0031E+03
       1.7450E+00      -3.1038E+01       9.5569E-02      -6.2792E+00      -1.1013E+00      -1.0031E+03
       1.7550E+00      -3.1035E+01       9.5457E-02      -6.2796E+00      -1.0993E+00      -1.0031E+03
       1.7650E+00      -3.1033E+01       9.5346E-02      -6.2801E+00      -1.0974E+00      -1.0031E+03
       1.7750E+00      -3.1031E+01       9.5235E-02      -6.2806E+00      -1.0955E+00      -1.0031E+03
       1.7850E+00      -3.1028E+01       9.5125E-02      -6.2813E+00      -1.0936E+00      -1.0031E+03
       1.7950E+00      -3.1026E+01       9.5016E-02      -6.2819E+00      -1.0917E+00      -1.0031E+03
       1.8050E+00      -3.1023E+01       9.4907E-02      -6.2827E+00      -1.0898E+00      -1.0031E+03
       1.8150E+00      -3.1021E+01       9.4799E-02      -6.2835E+00      -1.0879E+00      -1.0031E+03
       1.8250E+00      -3.1018E+01       9.4691E-02      -6.2844E+00      -1.0860E+00      -1.0031E+03
       1.8350E+00      -3.1015E+01       9.4585E-02      -6.2854E+00      -1.0841E+00      -1.0031E+03
       1.8450E+00      -3.1013E+01       9.4479E-02      -6.2864E+00      -1.0822E+00      -1.0031E+03
       1.8550E+00      -3.1010E+01       9.4373E-02      -6.2875E+00      -1.0804E+00      -1.0031E+03
       1.8650E+00      -3.1007E+01       9.4268E-02      -6.2887E+00      -1.0785E+00      -1.0031E+03
       1.8750E+00      -3.1004E+01       9.4164E-02      -6.2899E+00      -1.0767E+00      -1.0031E+03
       1.8850E+00      -3.1002E+01       9.4060E-02      -6.2912E+00      -1.0748E+00      -1.0031E+03
       1.8950E+00      -3.0999E+01       9.3957E-02      -6.2925E+00      -1.0730E+00      -1.0031E+03
       1.9050E+00      -3.0996E+01       9.3855E-02      -6.2939E+00      -1.0711E+00      -1.0031E+03
       1.9150E+00      -3.0993E+01       9.3753E-02      -6.2954E+00      -1.0693E+00      -1.0031E+03
       1.9250E+00      -3.0990E+01       9.3652E-02      -6.2969E+00      -1.0675E+00      -1.0031E+03
       1.9350E+00      -3.0987E+01       9.3552E-02      -6.2984E+00      -1.0657E+00      -1.0031E+03
       1.9450E+00      -3.0984E+01       9.3452E-02      -6.3000E+00      -1.0638E+00      -1.0031E+03
       1.9550E+00      -3.0981E+01       9.3353E-02      -6.3016E+00      -1.0620E+00      -1.0031E+03
       1.9650E+00      -3.0978E+01       9.3254E-02      -6.3033E+00      -1.0602E+00      -1.0031E+03
       1.9750E+00      -3.0975E+01       9.3156E-02      -6.3050E+00      -1.0584E+00      -1.0031E+03
       1.9850E+00      -3.0972E+01       9.3058E-02      -6.3068E+00      -1.0567E+00      -1.0031E+03
       1.9950E+00      -3.0969E+01       9.2961E-02      -6.3086E+00      -1.0549E+00      -1.0031E+03
       2.0050E+00      -3.0966E+01       9.2865E-02      -6.3104E+00      -1.0531E+00      -1.0031E+03
       2.0150E+00      -3.0963E+01       9.2769E-02      -6.3123E+00      -1.0513E+00      -1.0031E+03
       2.0250E+00      -3.0959E+01       9.2674E-02      -6.3142E+00      -1.0496E+00      -1.0031E+03
       2.0350E+00      -3.0956E+01       9.2579E-02      -6.3161E+00      -1.0478E+00      -1.0031E+03
       2.0450E+00      -3.0953E+01       9.2485E-02      -6.3181E+00      -1.0461E+00      -1.0031E+03
       2.0550E+00      -3.0950E+01       9.2392E-02      -6.3200E+00      -1.0443E+00      -1.0031E+03
       2.0650E+00      -3.0946E+01       9.2299E-02      -6.3220E+00      -1.0426E+00      -1.0031E+03
       2.0750E+00      -3.0943E+01       9.2206E-02      -6.3240E+00      -1.0408E+00      -1.0031E+03
       2.0850E+00      -3.0940E+01       9.2115E-02      -6.3260E+00      -1.0391E+00      -1.0031E+03
       2.0950E+00      -3.0936E+01       9.2023E-02      -6.3280E+00      -1.0374E+00      -1.0031E+03
       2.1050E+00      -3.0933E+01       9.1932E-02      -6.3301E+00      -1.0357E+00      -1.0031E+03
       2.1150E+00      -3.0929E+01       9.1842E-02      -6.3321E+00      -1.0340E+00      -1.0031E+03
       2.1250E+00      -3.0926E+01       9.1752E-02      -6.3341E+00      -1.0322E+00      -1.0031E+03
       2.1350E+00      -3.0923E+01       9.1663E-02      -6.3362E+00      -1.0305E+00      -1.0031E+03
       2.1450E+00      -3.0919E+01       9.1574E-02      -6.3382E+00      -1.0288E+00      -1.0031E+03
       2.1550E+00      -3.0916E+01       9.1486E-02      -6.3402E+00      -1.0272E+00      -1.0031E+03
       2.1650E+00      -3.0912E+01       9.1399E-02      -6.3422E+00      -1.0255E+00      -1.0031E+03
       2.1750E+00      -3.0909E+01       9.1311E-02      -6.3442E+00      -1.0238E+00      -1.0031E+03
       2.1850E+00      -3.0905E+01       9.1225E-02      -6.3461E+00      -1.0221E+00      -1.0031E+03
       2.1950E+00      -3.0901E+01       9.1139E-02      -6.3481E+00      -1.0204E+00      -1.0031E+03
       2.2050E+00      -3.0898E+01       9.1053E-02      -6.3500E+00      -1.0188E+00      -1.0031E+03
       2.2150E+00      -3.0894E+01       9.0968E-02      -6.3519E+00      -1.0171E+00      -1.0031E+03
       2.2250E+00      -3.0891E+01       9.0883E-02      -6.3537E+00      -1.0155E+00      -1.0031E+03
       2.2350E+00      -3.0887E+01       9.0799E-02      -6.3556E+00      -1.0138E+00      -1.0031E+03
       2.2450E+00      -3.0883E+01       9.0715E-02      -6.3574E+00      -1.0122E+00      -1.0031E+03
       2.2550E+00      -3.0880E+01       9.0632E-02      -6.3591E+00      -1.0105E+00      -1.0031E+03
       2.2650E+00      -3.0876E+01       9.0550E-02      -6.3608E+00      -1.0089E+00      -1.0031E+03
       2.2750E+00      -3.0872E+01       9.0467E-02      -6.3625E+00      -1.0073E+00      -1.0031E+03
       2.2850E+00      -3.0868E+01       9.0386E-02      -6.3641E+00      -1.0056E+00      -1.0031E+03
       2.2950E+00      -3.0865E+01       9.0304E-02      -6.3656E+00      -1.0040E+00      -1.0031E+03
       2.3050E+00      -3.0861E+01       9.0223E-02      -6.3671E+00      -1.0024E+00      -1.0031E+03
       2.3150E+00      -3.0857E+01       9.0143E-02      -6.3686E+00      -1.0008E+00      -1.0031E+03
       2.3250E+00      -3.0853E+01       9.0063E-02      -6.3699E+00      -9.9919E-01      -1.0031E+03
       2.3350E+00      -3.0850E+01       8.9984E-02      -6.3712E+00      -9.9759E-01      -1.0031E+03
       2.3450E+00      -3.0846E+01       8.9905E-02      -6.3725E+00      -9.9600E-01      -1.0031E+03
       2.3550E+00      -3.0842E+01       8.9826E-02      -6.3737E+00      -9.9441E-01      -1.0031E+03
       2.3650E+00      -3.0838E+01       8.9748E-02      -6.3748E+00      -9.9282E-01      -1.0031E+03
       2.3750E+00      -3.0834E+01       8.9671E-02      -6.3758E+00      -9.9124E-01      -1.0031E+03
       2.3850E+00      -3.0830E+01       8.9593E-02      -6.3767E+00      -9.8967E-01      -1.0031E+03
       2.3950E+00      -3.0826E+01       8.9517E-02      -6.3776E+00      -9.8810E-01      -1.0031E+03
       2.4050E+00      -3.0822E+01       8.9440E-02      -6.3784E+00      -9.8653E-01      -1.0031E+03
       2.4150E+00      -3.0818E+01       8.9364E-02      -6.3791E+00      -9.8497E-01      -1.0031E+03
       2.4250E+00      -3.0814E+01       8.9289E-02      -6.3797E+00      -9.8341E-01      -1.0031E+03
       2.4350E+00      -3.0810E+01       8.9214E-02      -6.3803E+00      -9.8186E-01      -1.0031E+03
       2.4450E+00      -3.0806E+01       8.9139E-02      -6.3807E+00      -9.8031E-01      -1.0031E+03
       2.4550E+00      -3.0802E+01       8.9065E-02      -6.3811E+00      -9.7877E-01      -1.0031E+03
       2.4650E+00      -3.0798E+01       8.8991E-02      -6.3813E+00      -9.7723E-01      -1.0031E+03
       2.4750E+00      -3.0794E+01       8.8918E-02      -6.3815E+00      -9.7570E-01      -1.0031E+03
       2.4850E+00      -3.0790E+01       8.8845E-02      -6.3815E+00      -9.7417E-01      -1.0031E+03
       2.4950E+00      -3.0786E+01       8.8773E-02      -6.3815E+00      -9.7264E-01      -1.0031E+03
       2.5050E+00      -3.0782E+01       8.8701E-02      -6.3814E+00      -9.7112E-01      -1.0031E+03
       2.5150E+00      -3.0778E+01       8.8629E-02      -6.3812E+00      -9.6961E-01      -1.0031E+03
       2.5250E+00      -3.0774E+01       8.8558E-02      -6.3808E+00      -9.6809E-01      -1.0031E+03
       2.5350E+00      -3.0769E+01       8.8487E-02      -6.3804E+00      -9.6659E-01      -1.0031E+03
       2.5450E+00      -3.0765E+01       8.8416E-02      -6.3799E+00      -9.6508E-01      -1.0031E+03
       2.5550E+00      -3.0761E+01       8.8346E-02      -6.3792E+00      -9.6358E-01      -1.0031E+03
       2.5650E+00      -3.0757E+01       8.8277E-02      -6.3785E+00      -9.6209E-01      -1.0031E+03
       2.5750E+00      -3.0753E+01       8.8207E-02      -6.3776E+00      -9.6060E-01      -1.0031E+03
       2.5850E+00      -3.0748E+01       8.8138E-02      -6.3767E+00      -9.5912E-01      -1.0031E+03
       2.5950E+00      -3.0744E+01       8.8070E-02      -6.3757E+00      -9.5763E-01      -1.0031E+03
       2.6050E+00      -3.0740E+01       8.8002E-02      -6.3745E+00      -9.5616E-01      -1.0031E+03
       2.6150E+00      -3.0735E+01       8.7934E-02      -6.3732E+00      -9.5468E-01      -1.0031E+03
       2.6250E+00      -3.0731E+01       8.7867E-02      -6.3719E+00      -9.5321E-01      -1.0031E+03
       2.6350E+00      -3.0727E+01       8.7800E-02      -6.3704E+00      -9.5175E-01      -1.0031E+03
       2.6450E+00      -3.0722E+01       8.7733E-02      -6.3689E+00      -9.5029E-01      -1.0031E+03
       2.6550E+00      -3.0718E+01       8.7667E-02      -6.3672E+00      -9.4883E-01      -1.0031E+03
       2.6650E+00      -3.0714E+01       8.7601E-02      -6.3654E+00      -9.4738E-01      -1.0031E+03
       2.6750E+00      -3.0709E+01       8.7535E-02      -6.3636E+00      -9.4593E-01      -1.0031E+03
       2.6850E+00      -3.0705E+01       8.7470E-02      -6.3616E+00      -9.4449E-01      -1.0031E+03
       2.6950E+00      -3.0700E+01       8.7406E-02      -6.3595E+00      -9.4305E-01      -1.0031E+03
       2.7050E+00      -3.0696E+01       8.7341E-02      -6.3573E+00      -9.4161E-01      -1.0031E+03
       2.7150E+00      -3.0691E+01       8.7277E-02      -6.3551E+00      -9.4018E-01      -1.0031E+03
       2.7250E+00      -3.0687E+01       8.7214E-02      -6.3527E+00      -9.3875E-01      -1.0031E+03
       2.7350E+00      -3.0682E+01       8.7150E-02      -6.3503E+00      -9.3733E-01      -1.0031E+03
       2.7450E+00      -3.0678E+01       8.7087E-02      -6.3477E+00      -9.3591E-01      -1.0031E+03
       2.7550E+00      -3.0673E+01       8.7025E-02      -6.3451E+00      -9.3449E-01      -1.0031E+03
       2.7650E+00      -3.0669E+01       8.6962E-02      -6.3423E+00      -9.3308E-01      -1.0031E+03
       2.7750E+00      -3.0664E+01       8.6901E-02      -6.3395E+00      -9.3167E-01      -1.0031E+03
       2.7850E+00      -3.0660E+01       8.6839E-02      -6.3366E+00      -9.3027E-01      -1.0031E+03
       2.7950E+00      -3.0655E+01       8.6778E-02      -6.3336E+00      -9.2887E-01      -1.0031E+03
       2.8050E+00      -3.0650E+01       8.6717E-02      -6.3305E+00      -9.2747E-01      -1.0031E+03
       2.8150E+00      -3.0646E+01       8.6656E-02      -6.3273E+00      -9.2608E-01      -1.0031E+03
       2.8250E+00      -3.0641E+01       8.6596E-02      -6.3240E+00      -9.2469E-01      -1.0031E+03
       2.8350E+00      -3.0636E+01       8.6536E-02      -6.3207E+00      -9.2331E-01      -1.0031E+03
       2.8450E+00      -3.0631E+01       8.6477E-02      -6.3172E+00      -9.2193E-01      -1.0031E+03
       2.8550E+00      -3.0627E+01       8.6417E-02      -6.3137E+00      -9.2055E-01      -1.0031E+03
       2.8650E+00      -3.0622E+01       8.6358E-02      -6.3102E+00      -9.1918E-01      -1.0031E+03
       2.8750E+00      -3.0617E+01       8.6300E-02      -6.3065E+00      -9.1781E-01      -1.0031E+03
       2.8850E+00      -3.0612E+01       8.6241E-02      -6.3028E+00      -9.1646E-01      -1.0031E+03
       2.8950E+00      -3.0608E+01       8.6183E-02      -6.2990E+00      -9.1511E-01      -1.0031E+03
       2.9050E+00      -3.0603E+01       8.6125E-02      -6.2952E+00      -9.1376E-01      -1.0031E+03
       2.9150E+00      -3.0598E+01       8.6067E-02      -6.2914E+00      -9.1244E-01      -1.0031E+03
       2.9250E+00      -3.0593E+01       8.6008E-02      -6.2875E+00      -9.1113E-01      -1.0031E+03
       2.9350E+00      -3.0589E+01       8.5950E-02      -6.2837E+00      -9.0985E-01      -1.0031E+03
       2.9450E+00      -3.0584E+01       8.5892E-02      -6.2799E+00      -9.0861E-01      -1.0031E+03
       2.9550E+00      -3.0580E+01       8.5833E-02      -6.2763E+00      -9.0743E-01      -1.0031E+03
       2.9650E+00      -3.0576E+01       8.5776E-02      -6.2728E+00      -9.0633E-01      -1.0031E+03
       2.9750E+00      -3.0572E+01       8.5723E-02      -6.2698E+00      -9.0536E-01      -1.0031E+03
       2.9850E+00      -3.0569E+01       8.5677E-02      -6.2674E+00      -9.0460E-01      -1.0031E+03
       2.9950E+00      -3.0568E+01       8.5647E-02      -6.2659E+00      -9.0414E-01      -1.0031E+03
