# Time          4.5000E+01
# Units: Dimensionless (Log10(Q/Keq)
    Distance           Larnite          Kaolinite        K-Feldspar       Quartz           CO2_pump     
       5.0000E-03      -3.3186E+01      -4.3417E+00      -1.1543E+01      -2.6083E+00      -1.0033E+03
       1.5000E-02      -3.3049E+01      -4.0460E+00      -1.1169E+01      -2.4966E+00      -1.0033E+03
       2.5000E-02      -3.2930E+01      -3.8001E+00      -1.0866E+01      -2.4079E+00      -1.0033E+03
       3.5000E-02      -3.2821E+01      -3.5879E+00      -1.0610E+01      -2.3342E+00      -1.0033E+03
       4.5000E-02      -3.2720E+01      -3.4000E+00      -1.0388E+01      -2.2712E+00      -1.0033E+03
       5.5000E-02      -3.2625E+01      -3.2308E+00      -1.0190E+01      -2.2163E+00      -1.0033E+03
       6.5000E-02      -3.2534E+01      -3.0764E+00      -1.0013E+01      -2.1675E+00      -1.0032E+03
       7.5000E-02      -3.2450E+01      -2.9339E+00      -9.8513E+00      -2.1236E+00      -1.0032E+03
       8.5000E-02      -3.2370E+01      -2.8013E+00      -9.7026E+00      -2.0837E+00      -1.0032E+03
       9.5000E-02      -3.2295E+01      -2.6771E+00      -9.5647E+00      -2.0472E+00      -1.0032E+03
       1.0500E-01      -3.2226E+01      -2.5600E+00      -9.4360E+00      -2.0136E+00      -1.0032E+03
       1.1500E-01      -3.2162E+01      -2.4491E+00      -9.3151E+00      -1.9823E+00      -1.0032E+03
       1.2500E-01      -3.2103E+01      -2.3435E+00      -9.2009E+00      -1.9531E+00      -1.0032E+03
       1.3500E-01      -3.2048E+01      -2.2424E+00      -9.0926E+00      -1.9256E+00      -1.0032E+03
       1.4500E-01      -3.1997E+01      -2.1453E+00      -8.9893E+00      -1.8998E+00      -1.0032E+03
       1.5500E-01      -3.1950E+01      -2.0513E+00      -8.8902E+00      -1.8753E+00      -1.0032E+03
       1.6500E-01      -3.1905E+01      -1.9600E+00      -8.7947E+00      -1.8519E+00      -1.0032E+03
       1.7500E-01      -3.1862E+01      -1.8704E+00      -8.7018E+00      -1.8295E+00      -1.0032E+03
       1.8500E-01      -3.1821E+01      -1.7817E+00      -8.6107E+00      -1.8078E+00      -1.0032E+03
       1.9500E-01      -3.1781E+01      -1.6925E+00      -8.5202E+00      -1.7867E+00      -1.0032E+03
       2.0500E-01      -3.1741E+01      -1.6012E+00      -8.4288E+00      -1.7658E+00      -1.0032E+03
       2.1500E-01      -3.1701E+01      -1.5052E+00      -8.3344E+00      -1.7447E+00      -1.0032E+03
       2.2500E-01      -3.1658E+01      -1.4012E+00      -8.2341E+00      -1.7230E+00      -1.0031E+03
       2.3500E-01      -3.1610E+01      -1.2841E+00      -8.1237E+00      -1.6999E+00      -1.0031E+03
       2.4500E-01      -3.1556E+01      -1.1470E+00      -7.9973E+00      -1.6746E+00      -1.0031E+03
       2.5500E-01      -3.1490E+01      -9.8005E-01      -7.8468E+00      -1.6457E+00      -1.0031E+03
       2.6500E-01      -3.1430E+01      -8.2956E-01      -7.7108E+00      -1.6197E+00      -1.0031E+03
       2.7500E-01      -3.1374E+01      -6.9459E-01      -7.5885E+00      -1.5965E+00      -1.0031E+03
       2.8500E-01      -3.1323E+01      -5.7435E-01      -7.4791E+00      -1.5757E+00      -1.0031E+03
       2.9500E-01      -3.1277E+01      -4.6809E-01      -7.3819E+00      -1.5572E+00      -1.0031E+03
       3.0500E-01      -3.1236E+01      -3.7499E-01      -7.2960E+00      -1.5408E+00      -1.0031E+03
       3.1500E-01      -3.1199E+01      -2.9419E-01      -7.2208E+00      -1.5262E+00      -1.0031E+03
       3.2500E-01      -3.1167E+01      -2.2469E-01      -7.1553E+00      -1.5134E+00      -1.0031E+03
       3.3500E-01      -3.1139E+01      -1.6545E-01      -7.0986E+00      -1.5020E+00      -1.0031E+03
       3.4500E-01      -3.1115E+01      -1.1537E-01      -7.0497E+00      -1.4920E+00      -1.0031E+03
       3.5500E-01      -3.1095E+01      -7.3361E-02      -7.0077E+00      -1.4831E+00      -1.0031E+03
       3.6500E-01      -3.1077E+01      -3.8370E-02      -6.9716E+00      -1.4752E+00      -1.0031E+03
       3.7500E-01      -3.1062E+01      -9.4028E-03      -6.9406E+00      -1.4681E+00      -1.0031E+03
       3.8500E-01      -3.1050E+01       1.4446E-02      -6.9139E+00      -1.4617E+00      -1.0031E+03
       3.9500E-01      -3.1039E+01       3.3988E-02      -6.8909E+00      -1.4558E+00      -1.0031E+03
       4.0500E-01      -3.1030E+01       4.9931E-02      -6.8709E+00      -1.4505E+00      -1.0031E+03
       4.1500E-01      -3.1023E+01       6.2891E-02      -6.8534E+00      -1.4455E+00      -1.0031E+03
       4.2500E-01      -3.1016E+01       7.3389E-02      -6.8380E+00      -1.4409E+00      -1.0031E+03
       4.3500E-01      -3.1011E+01       8.1865E-02      -6.8242E+00      -1.4366E+00      -1.0031E+03
       4.4500E-01      -3.1007E+01       8.8688E-02      -6.8119E+00      -1.4324E+00      -1.0031E+03
       4.5500E-01      -3.1003E+01       9.4163E-02      -6.8007E+00      -1.4285E+00      -1.0031E+03
       4.6500E-01      -3.1000E+01       9.8542E-02      -6.7904E+00      -1.4246E+00      -1.0031E+03
       4.7500E-01      -3.0997E+01       1.0203E-01      -6.7809E+00      -1.4210E+00      -1.0031E+03
       4.8500E-01      -3.0995E+01       1.0480E-01      -6.7720E+00      -1.4174E+00      -1.0031E+03
       4.9500E-01      -3.0993E+01       1.0699E-01      -6.7636E+00      -1.4139E+00      -1.0031E+03
       5.0500E-01      -3.0991E+01       1.0870E-01      -6.7556E+00      -1.4104E+00      -1.0031E+03
       5.1500E-01      -3.0990E+01       1.1004E-01      -6.7479E+00      -1.4071E+00      -1.0031E+03
       5.2500E-01      -3.0989E+01       1.1106E-01      -6.7405E+00      -1.4038E+00      -1.0031E+03
       5.3500E-01      -3.0988E+01       1.1185E-01      -6.7333E+00      -1.4005E+00      -1.0031E+03
       5.4500E-01      -3.0987E+01       1.1243E-01      -6.7263E+00      -1.3972E+00      -1.0031E+03
       5.5500E-01      -3.0986E+01       1.1285E-01      -6.7195E+00      -1.3940E+00      -1.0031E+03
       5.6500E-01      -3.0986E+01       1.1315E-01      -6.7128E+00      -1.3908E+00      -1.0031E+03
       5.7500E-01      -3.0986E+01       1.1334E-01      -6.7061E+00      -1.3877E+00      -1.0031E+03
       5.8500E-01      -3.0986E+01       1.1345E-01      -6.6996E+00      -1.3846E+00      -1.0031E+03
       5.9500E-01      -3.0985E+01       1.1349E-01      -6.6932E+00      -1.3815E+00      -1.0031E+03
       6.0500E-01      -3.0985E+01       1.1348E-01      -6.6868E+00      -1.3784E+00      -1.0031E+03
       6.1500E-01      -3.0986E+01       1.1343E-01      -6.6805E+00      -1.3753E+00      -1.0031E+03
       6.2500E-01      -3.0986E+01       1.1334E-01      -6.6742E+00      -1.3722E+00      -1.0031E+03
       6.3500E-01      -3.0986E+01       1.1323E-01      -6.6680E+00      -1.3692E+00      -1.0031E+03
       6.4500E-01      -3.0986E+01       1.1310E-01      -6.6618E+00      -1.3662E+00      -1.0031E+03
       6.5500E-01      -3.0987E+01       1.1294E-01      -6.6556E+00      -1.3632E+00      -1.0031E+03
       6.6500E-01      -3.0987E+01       1.1278E-01      -6.6495E+00      -1.3602E+00      -1.0031E+03
       6.7500E-01      -3.0988E+01       1.1260E-01      -6.6434E+00      -1.3572E+00      -1.0031E+03
       6.8500E-01      -3.0988E+01       1.1242E-01      -6.6373E+00      -1.3543E+00      -1.0031E+03
       6.9500E-01      -3.0989E+01       1.1223E-01      -6.6313E+00      -1.3513E+00      -1.0031E+03
       7.0500E-01      -3.0990E+01       1.1204E-01      -6.6253E+00      -1.3484E+00      -1.0031E+03
       7.1500E-01      -3.0991E+01       1.1184E-01      -6.6193E+00      -1.3455E+00      -1.0031E+03
       7.2500E-01      -3.0992E+01       1.1164E-01      -6.6133E+00      -1.3425E+00      -1.0031E+03
       7.3500E-01      -3.0993E+01       1.1143E-01      -6.6073E+00      -1.3397E+00      -1.0031E+03
       7.4500E-01      -3.0994E+01       1.1123E-01      -6.6014E+00      -1.3368E+00      -1.0031E+03
       7.5500E-01      -3.0995E+01       1.1103E-01      -6.5955E+00      -1.3339E+00      -1.0031E+03
       7.6500E-01      -3.0996E+01       1.1082E-01      -6.5896E+00      -1.3311E+00      -1.0031E+03
       7.7500E-01      -3.0997E+01       1.1062E-01      -6.5838E+00      -1.3282E+00      -1.0031E+03
       7.8500E-01      -3.0998E+01       1.1041E-01      -6.5779E+00      -1.3254E+00      -1.0031E+03
       7.9500E-01      -3.0999E+01       1.1021E-01      -6.5721E+00      -1.3226E+00      -1.0031E+03
       8.0500E-01      -3.1000E+01       1.1001E-01      -6.5663E+00      -1.3198E+00      -1.0031E+03
       8.1500E-01      -3.1002E+01       1.0981E-01      -6.5605E+00      -1.3170E+00      -1.0031E+03
       8.2500E-01      -3.1003E+01       1.0960E-01      -6.5547E+00      -1.3142E+00      -1.0031E+03
       8.3500E-01      -3.1005E+01       1.0940E-01      -6.5490E+00      -1.3114E+00      -1.0031E+03
       8.4500E-01      -3.1006E+01       1.0920E-01      -6.5433E+00      -1.3087E+00      -1.0031E+03
       8.5500E-01      -3.1007E+01       1.0901E-01      -6.5375E+00      -1.3059E+00      -1.0031E+03
       8.6500E-01      -3.1009E+01       1.0881E-01      -6.5319E+00      -1.3032E+00      -1.0031E+03
       8.7500E-01      -3.1011E+01       1.0861E-01      -6.5262E+00      -1.3005E+00      -1.0031E+03
       8.8500E-01      -3.1012E+01       1.0842E-01      -6.5205E+00      -1.2978E+00      -1.0031E+03
       8.9500E-01      -3.1014E+01       1.0822E-01      -6.5149E+00      -1.2951E+00      -1.0031E+03
       9.0500E-01      -3.1015E+01       1.0803E-01      -6.5093E+00      -1.2924E+00      -1.0031E+03
       9.1500E-01      -3.1017E+01       1.0784E-01      -6.5037E+00      -1.2897E+00      -1.0031E+03
       9.2500E-01      -3.1019E+01       1.0765E-01      -6.4981E+00      -1.2870E+00      -1.0031E+03
       9.3500E-01      -3.1020E+01       1.0746E-01      -6.4925E+00      -1.2844E+00      -1.0031E+03
       9.4500E-01      -3.1022E+01       1.0727E-01      -6.4870E+00      -1.2817E+00      -1.0031E+03
       9.5500E-01      -3.1024E+01       1.0709E-01      -6.4814E+00      -1.2791E+00      -1.0031E+03
       9.6500E-01      -3.1026E+01       1.0690E-01      -6.4759E+00      -1.2765E+00      -1.0031E+03
       9.7500E-01      -3.1027E+01       1.0672E-01      -6.4704E+00      -1.2739E+00      -1.0031E+03
       9.8500E-01      -3.1029E+01       1.0654E-01      -6.4650E+00      -1.2713E+00      -1.0031E+03
       9.9500E-01      -3.1031E+01       1.0635E-01      -6.4595E+00      -1.2687E+00      -1.0031E+03
       1.0050E+00      -3.1033E+01       1.0617E-01      -6.4540E+00      -1.2661E+00      -1.0031E+03
       1.0150E+00      -3.1034E+01       1.0599E-01      -6.4486E+00      -1.2636E+00      -1.0031E+03
       1.0250E+00      -3.1036E+01       1.0582E-01      -6.4432E+00      -1.2610E+00      -1.0031E+03
       1.0350E+00      -3.1038E+01       1.0564E-01      -6.4378E+00      -1.2585E+00      -1.0031E+03
       1.0450E+00      -3.1039E+01       1.0546E-01      -6.4324E+00      -1.2559E+00      -1.0031E+03
       1.0550E+00      -3.1041E+01       1.0529E-01      -6.4271E+00      -1.2534E+00      -1.0031E+03
       1.0650E+00      -3.1043E+01       1.0512E-01      -6.4217E+00      -1.2509E+00      -1.0031E+03
       1.0750E+00      -3.1045E+01       1.0494E-01      -6.4164E+00      -1.2484E+00      -1.0031E+03
       1.0850E+00      -3.1046E+01       1.0477E-01      -6.4111E+00      -1.2459E+00      -1.0031E+03
       1.0950E+00      -3.1048E+01       1.0460E-01      -6.4058E+00      -1.2434E+00      -1.0031E+03
       1.1050E+00      -3.1049E+01       1.0443E-01      -6.4005E+00      -1.2410E+00      -1.0031E+03
       1.1150E+00      -3.1051E+01       1.0426E-01      -6.3952E+00      -1.2385E+00      -1.0031E+03
       1.1250E+00      -3.1053E+01       1.0410E-01      -6.3900E+00      -1.2361E+00      -1.0031E+03
       1.1350E+00      -3.1054E+01       1.0393E-01      -6.3848E+00      -1.2336E+00      -1.0031E+03
       1.1450E+00      -3.1056E+01       1.0377E-01      -6.3795E+00      -1.2312E+00      -1.0031E+03
       1.1550E+00      -3.1057E+01       1.0360E-01      -6.3743E+00      -1.2288E+00      -1.0031E+03
       1.1650E+00      -3.1058E+01       1.0344E-01      -6.3692E+00      -1.2264E+00      -1.0031E+03
       1.1750E+00      -3.1060E+01       1.0328E-01      -6.3640E+00      -1.2240E+00      -1.0031E+03
       1.1850E+00      -3.1061E+01       1.0312E-01      -6.3588E+00      -1.2216E+00      -1.0031E+03
       1.1950E+00      -3.1062E+01       1.0296E-01      -6.3537E+00      -1.2192E+00      -1.0031E+03
       1.2050E+00      -3.1064E+01       1.0280E-01      -6.3486E+00      -1.2168E+00      -1.0031E+03
       1.2150E+00      -3.1065E+01       1.0264E-01      -6.3435E+00      -1.2144E+00      -1.0031E+03
       1.2250E+00      -3.1066E+01       1.0249E-01      -6.3384E+00      -1.2121E+00      -1.0031E+03
       1.2350E+00      -3.1067E+01       1.0233E-01      -6.3333E+00      -1.2097E+00      -1.0031E+03
       1.2450E+00      -3.1068E+01       1.0218E-01      -6.3282E+00      -1.2074E+00      -1.0031E+03
       1.2550E+00      -3.1069E+01       1.0202E-01      -6.3232E+00      -1.2051E+00      -1.0031E+03
       1.2650E+00      -3.1070E+01       1.0187E-01      -6.3182E+00      -1.2028E+00      -1.0031E+03
       1.2750E+00      -3.1071E+01       1.0172E-01      -6.3132E+00      -1.2005E+00      -1.0031E+03
       1.2850E+00      -3.1072E+01       1.0157E-01      -6.3082E+00      -1.1982E+00      -1.0031E+03
       1.2950E+00      -3.1073E+01       1.0142E-01      -6.3032E+00      -1.1959E+00      -1.0031E+03
       1.3050E+00      -3.1073E+01       1.0127E-01      -6.2982E+00      -1.1936E+00      -1.0031E+03
       1.3150E+00      -3.1074E+01       1.0112E-01      -6.2932E+00      -1.1913E+00      -1.0031E+03
       1.3250E+00      -3.1075E+01       1.0098E-01      -6.2883E+00      -1.1891E+00      -1.0031E+03
       1.3350E+00      -3.1075E+01       1.0083E-01      -6.2834E+00      -1.1868E+00      -1.0031E+03
       1.3450E+00      -3.1076E+01       1.0069E-01      -6.2785E+00      -1.1846E+00      -1.0031E+03
       1.3550E+00      -3.1076E+01       1.0054E-01      -6.2736E+00      -1.1823E+00      -1.0031E+03
       1.3650E+00      -3.1076E+01       1.0040E-01      -6.2687E+00      -1.1801E+00      -1.0031E+03
       1.3750E+00      -3.1077E+01       1.0026E-01      -6.2638E+00      -1.1779E+00      -1.0031E+03
       1.3850E+00      -3.1077E+01       1.0012E-01      -6.2590E+00      -1.1757E+00      -1.0031E+03
       1.3950E+00      -3.1077E+01       9.9975E-02      -6.2542E+00      -1.1735E+00      -1.0031E+03
       1.4050E+00      -3.1077E+01       9.9835E-02      -6.2493E+00      -1.1713E+00      -1.0031E+03
       1.4150E+00      -3.1077E+01       9.9697E-02      -6.2445E+00      -1.1691E+00      -1.0031E+03
       1.4250E+00      -3.1077E+01       9.9559E-02      -6.2397E+00      -1.1669E+00      -1.0031E+03
       1.4350E+00      -3.1077E+01       9.9422E-02      -6.2350E+00      -1.1647E+00      -1.0031E+03
       1.4450E+00      -3.1077E+01       9.9286E-02      -6.2302E+00      -1.1626E+00      -1.0031E+03
       1.4550E+00      -3.1077E+01       9.9151E-02      -6.2255E+00      -1.1604E+00      -1.0031E+03
       1.4650E+00      -3.1077E+01       9.9017E-02      -6.2207E+00      -1.1583E+00      -1.0031E+03
       1.4750E+00      -3.1077E+01       9.8884E-02      -6.2160E+00      -1.1561E+00      -1.0031E+03
       1.4850E+00      -3.1076E+01       9.8751E-02      -6.2113E+00      -1.1540E+00      -1.0031E+03
       1.4950E+00      -3.1076E+01       9.8619E-02      -6.2067E+00      -1.1519E+00      -1.0031E+03
       1.5050E+00      -3.1075E+01       9.8488E-02      -6.2020E+00      -1.1498E+00      -1.0031E+03
       1.5150E+00      -3.1075E+01       9.8358E-02      -6.1973E+00      -1.1477E+00      -1.0031E+03
       1.5250E+00      -3.1074E+01       9.8229E-02      -6.1927E+00      -1.1456E+00      -1.0031E+03
       1.5350E+00      -3.1074E+01       9.8101E-02      -6.1881E+00      -1.1435E+00      -1.0031E+03
       1.5450E+00      -3.1073E+01       9.7973E-02      -6.1835E+00      -1.1414E+00      -1.0031E+03
       1.5550E+00      -3.1072E+01       9.7846E-02      -6.1789E+00      -1.1393E+00      -1.0031E+03
       1.5650E+00      -3.1072E+01       9.7720E-02      -6.1743E+00      -1.1372E+00      -1.0031E+03
       1.5750E+00      -3.1071E+01       9.7595E-02      -6.1698E+00      -1.1352E+00      -1.0031E+03
       1.5850E+00      -3.1070E+01       9.7470E-02      -6.1652E+00      -1.1331E+00      -1.0031E+03
       1.5950E+00      -3.1069E+01       9.7346E-02      -6.1607E+00      -1.1311E+00      -1.0031E+03
       1.6050E+00      -3.1068E+01       9.7223E-02      -6.1562E+00      -1.1290E+00      -1.0031E+03
       1.6150E+00      -3.1067E+01       9.7101E-02      -6.1517E+00      -1.1270E+00      -1.0031E+03
       1.6250E+00      -3.1066E+01       9.6980E-02      -6.1473E+00      -1.1250E+00      -1.0031E+03
       1.6350E+00      -3.1064E+01       9.6859E-02      -6.1428E+00      -1.1230E+00      -1.0031E+03
       1.6450E+00      -3.1063E+01       9.6739E-02      -6.1384E+00      -1.1210E+00      -1.0031E+03
       1.6550E+00      -3.1062E+01       9.6620E-02      -6.1339E+00      -1.1190E+00      -1.0031E+03
       1.6650E+00      -3.1061E+01       9.6501E-02      -6.1295E+00      -1.1170E+00      -1.0031E+03
       1.6750E+00      -3.1059E+01       9.6383E-02      -6.1252E+00      -1.1150E+00      -1.0031E+03
       1.6850E+00      -3.1058E+01       9.6266E-02      -6.1208E+00      -1.1130E+00      -1.0031E+03
       1.6950E+00      -3.1056E+01       9.6150E-02      -6.1164E+00      -1.1110E+00      -1.0031E+03
       1.7050E+00      -3.1055E+01       9.6034E-02      -6.1121E+00      -1.1091E+00      -1.0031E+03
       1.7150E+00      -3.1053E+01       9.5920E-02      -6.1078E+00      -1.1071E+00      -1.0031E+03
       1.7250E+00      -3.1052E+01       9.5805E-02      -6.1035E+00      -1.1052E+00      -1.0031E+03
       1.7350E+00      -3.1050E+01       9.5692E-02      -6.0992E+00      -1.1032E+00      -1.0031E+03
       1.7450E+00      -3.1048E+01       9.5579E-02      -6.0950E+00      -1.1013E+00      -1.0031E+03
       1.7550E+00      -3.1047E+01       9.5467E-02      -6.0908E+00      -1.0993E+00      -1.0031E+03
       1.7650E+00      -3.1045E+01       9.5355E-02      -6.0865E+00      -1.0974E+00      -1.0031E+03
       1.7750E+00      -3.1043E+01       9.5245E-02      -6.0824E+00      -1.0955E+00      -1.0031E+03
       1.7850E+00      -3.1041E+01       9.5135E-02      -6.0782E+00      -1.0936E+00      -1.0031E+03
       1.7950E+00      -3.1039E+01       9.5025E-02      -6.0740E+00      -1.0917E+00      -1.0031E+03
       1.8050E+00      -3.1037E+01       9.4916E-02      -6.0699E+00      -1.0898E+00      -1.0031E+03
       1.8150E+00      -3.1035E+01       9.4808E-02      -6.0658E+00      -1.0879E+00      -1.0031E+03
       1.8250E+00      -3.1033E+01       9.4701E-02      -6.0617E+00      -1.0860E+00      -1.0031E+03
       1.8350E+00      -3.1031E+01       9.4594E-02      -6.0576E+00      -1.0841E+00      -1.0031E+03
       1.8450E+00      -3.1029E+01       9.4488E-02      -6.0536E+00      -1.0822E+00      -1.0031E+03
       1.8550E+00      -3.1027E+01       9.4382E-02      -6.0496E+00      -1.0804E+00      -1.0031E+03
       1.8650E+00      -3.1025E+01       9.4277E-02      -6.0456E+00      -1.0785E+00      -1.0031E+03
       1.8750E+00      -3.1023E+01       9.4173E-02      -6.0416E+00      -1.0767E+00      -1.0031E+03
       1.8850E+00      -3.1020E+01       9.4070E-02      -6.0377E+00      -1.0748E+00      -1.0031E+03
       1.8950E+00      -3.1018E+01       9.3967E-02      -6.0337E+00      -1.0730E+00      -1.0031E+03
       1.9050E+00      -3.1016E+01       9.3864E-02      -6.0298E+00      -1.0711E+00      -1.0031E+03
       1.9150E+00      -3.1013E+01       9.3762E-02      -6.0260E+00      -1.0693E+00      -1.0031E+03
       1.9250E+00      -3.1011E+01       9.3661E-02      -6.0221E+00      -1.0675E+00      -1.0031E+03
       1.9350E+00      -3.1008E+01       9.3561E-02      -6.0183E+00      -1.0657E+00      -1.0031E+03
       1.9450E+00      -3.1006E+01       9.3461E-02      -6.0145E+00      -1.0639E+00      -1.0031E+03
       1.9550E+00      -3.1004E+01       9.3361E-02      -6.0107E+00      -1.0621E+00      -1.0031E+03
       1.9650E+00      -3.1001E+01       9.3263E-02      -6.0070E+00      -1.0603E+00      -1.0031E+03
       1.9750E+00      -3.0998E+01       9.3164E-02      -6.0033E+00      -1.0585E+00      -1.0031E+03
       1.9850E+00      -3.0996E+01       9.3067E-02      -5.9996E+00      -1.0567E+00      -1.0031E+03
       1.9950E+00      -3.0993E+01       9.2970E-02      -5.9959E+00      -1.0549E+00      -1.0031E+03
       2.0050E+00      -3.0991E+01       9.2873E-02      -5.9923E+00      -1.0531E+00      -1.0031E+03
       2.0150E+00      -3.0988E+01       9.2778E-02      -5.9887E+00      -1.0514E+00      -1.0031E+03
       2.0250E+00      -3.0985E+01       9.2682E-02      -5.9851E+00      -1.0496E+00      -1.0031E+03
       2.0350E+00      -3.0983E+01       9.2587E-02      -5.9816E+00      -1.0478E+00      -1.0031E+03
       2.0450E+00      -3.0980E+01       9.2493E-02      -5.9781E+00      -1.0461E+00      -1.0031E+03
       2.0550E+00      -3.0977E+01       9.2400E-02      -5.9746E+00      -1.0443E+00      -1.0031E+03
       2.0650E+00      -3.0974E+01       9.2307E-02      -5.9711E+00      -1.0426E+00      -1.0031E+03
       2.0750E+00      -3.0971E+01       9.2214E-02      -5.9677E+00      -1.0409E+00      -1.0031E+03
       2.0850E+00      -3.0969E+01       9.2122E-02      -5.9643E+00      -1.0391E+00      -1.0031E+03
       2.0950E+00      -3.0966E+01       9.2031E-02      -5.9610E+00      -1.0374E+00      -1.0031E+03
       2.1050E+00      -3.0963E+01       9.1940E-02      -5.9576E+00      -1.0357E+00      -1.0031E+03
       2.1150E+00      -3.0960E+01       9.1849E-02      -5.9543E+00      -1.0340E+00      -1.0031E+03
       2.1250E+00      -3.0957E+01       9.1760E-02      -5.9511E+00      -1.0323E+00      -1.0031E+03
       2.1350E+00      -3.0954E+01       9.1670E-02      -5.9479E+00      -1.0306E+00      -1.0031E+03
       2.1450E+00      -3.0951E+01       9.1582E-02      -5.9447E+00      -1.0289E+00      -1.0031E+03
       2.1550E+00      -3.0948E+01       9.1493E-02      -5.9415E+00      -1.0272E+00      -1.0031E+03
       2.1650E+00      -3.0945E+01       9.1406E-02      -5.9384E+00      -1.0255E+00      -1.0031E+03
       2.1750E+00      -3.0942E+01       9.1318E-02      -5.9353E+00      -1.0238E+00      -1.0031E+03
       2.1850E+00      -3.0939E+01       9.1232E-02      -5.9323E+00      -1.0221E+00      -1.0031E+03
       2.1950E+00      -3.0936E+01       9.1145E-02      -5.9293E+00      -1.0205E+00      -1.0031E+03
       2.2050E+00      -3.0933E+01       9.1060E-02      -5.9263E+00      -1.0188E+00      -1.0031E+03
       2.2150E+00      -3.0930E+01       9.0974E-02      -5.9234E+00      -1.0171E+00      -1.0031E+03
       2.2250E+00      -3.0926E+01       9.0890E-02      -5.9205E+00      -1.0155E+00      -1.0031E+03
       2.2350E+00      -3.0923E+01       9.0805E-02      -5.9177E+00      -1.0138E+00      -1.0031E+03
       2.2450E+00      -3.0920E+01       9.0722E-02      -5.9148E+00      -1.0122E+00      -1.0031E+03
       2.2550E+00      -3.0917E+01       9.0639E-02      -5.9121E+00      -1.0105E+00      -1.0031E+03
       2.2650E+00      -3.0914E+01       9.0556E-02      -5.9093E+00      -1.0089E+00      -1.0031E+03
       2.2750E+00      -3.0910E+01       9.0473E-02      -5.9066E+00      -1.0073E+00      -1.0031E+03
       2.2850E+00      -3.0907E+01       9.0392E-02      -5.9040E+00      -1.0057E+00      -1.0031E+03
       2.2950E+00      -3.0904E+01       9.0310E-02      -5.9014E+00      -1.0040E+00      -1.0031E+03
       2.3050E+00      -3.0901E+01       9.0229E-02      -5.8988E+00      -1.0024E+00      -1.0031E+03
       2.3150E+00      -3.0897E+01       9.0149E-02      -5.8963E+00      -1.0008E+00      -1.0031E+03
       2.3250E+00      -3.0894E+01       9.0069E-02      -5.8938E+00      -9.9921E-01      -1.0031E+03
       2.3350E+00      -3.0891E+01       8.9990E-02      -5.8913E+00      -9.9761E-01      -1.0031E+03
       2.3450E+00      -3.0887E+01       8.9911E-02      -5.8889E+00      -9.9602E-01      -1.0031E+03
       2.3550E+00      -3.0884E+01       8.9832E-02      -5.8866E+00      -9.9443E-01      -1.0031E+03
       2.3650E+00      -3.0881E+01       8.9754E-02      -5.8843E+00      -9.9284E-01      -1.0031E+03
       2.3750E+00      -3.0877E+01       8.9676E-02      -5.8820E+00      -9.9126E-01      -1.0031E+03
       2.3850E+00      -3.0874E+01       8.9599E-02      -5.8797E+00      -9.8969E-01      -1.0031E+03
       2.3950E+00      -3.0870E+01       8.9522E-02      -5.8776E+00      -9.8812E-01      -1.0031E+03
       2.4050E+00      -3.0867E+01       8.9446E-02      -5.8754E+00      -9.8655E-01      -1.0031E+03
       2.4150E+00      -3.0863E+01       8.9370E-02      -5.8733E+00      -9.8499E-01      -1.0031E+03
       2.4250E+00      -3.0860E+01       8.9295E-02      -5.8713E+00      -9.8343E-01      -1.0031E+03
       2.4350E+00      -3.0856E+01       8.9220E-02      -5.8693E+00      -9.8188E-01      -1.0031E+03
       2.4450E+00      -3.0853E+01       8.9145E-02      -5.8673E+00      -9.8033E-01      -1.0031E+03
       2.4550E+00      -3.0849E+01       8.9071E-02      -5.8654E+00      -9.7879E-01      -1.0031E+03
       2.4650E+00      -3.0846E+01       8.8997E-02      -5.8635E+00      -9.7725E-01      -1.0031E+03
       2.4750E+00      -3.0842E+01       8.8924E-02      -5.8617E+00      -9.7572E-01      -1.0031E+03
       2.4850E+00      -3.0839E+01       8.8851E-02      -5.8599E+00      -9.7419E-01      -1.0031E+03
       2.4950E+00      -3.0835E+01       8.8778E-02      -5.8582E+00      -9.7266E-01      -1.0031E+03
       2.5050E+00      -3.0832E+01       8.8706E-02      -5.8565E+00      -9.7114E-01      -1.0031E+03
       2.5150E+00      -3.0828E+01       8.8635E-02      -5.8548E+00      -9.6963E-01      -1.0031E+03
       2.5250E+00      -3.0824E+01       8.8563E-02      -5.8532E+00      -9.6812E-01      -1.0031E+03
       2.5350E+00      -3.0821E+01       8.8493E-02      -5.8517E+00      -9.6661E-01      -1.0031E+03
       2.5450E+00      -3.0817E+01       8.8422E-02      -5.8502E+00      -9.6511E-01      -1.0031E+03
       2.5550E+00      -3.0814E+01       8.8352E-02      -5.8487E+00      -9.6361E-01      -1.0031E+03
       2.5650E+00      -3.0810E+01       8.8282E-02      -5.8473E+00      -9.6211E-01      -1.0031E+03
       2.5750E+00      -3.0806E+01       8.8213E-02      -5.8460E+00      -9.6062E-01      -1.0031E+03
       2.5850E+00      -3.0803E+01       8.8144E-02      -5.8446E+00      -9.5914E-01      -1.0031E+03
       2.5950E+00      -3.0799E+01       8.8076E-02      -5.8434E+00      -9.5766E-01      -1.0031E+03
       2.6050E+00      -3.0795E+01       8.8008E-02      -5.8421E+00      -9.5618E-01      -1.0031E+03
       2.6150E+00      -3.0791E+01       8.7940E-02      -5.8410E+00      -9.5471E-01      -1.0031E+03
       2.6250E+00      -3.0788E+01       8.7873E-02      -5.8398E+00      -9.5324E-01      -1.0031E+03
       2.6350E+00      -3.0784E+01       8.7806E-02      -5.8387E+00      -9.5177E-01      -1.0031E+03
       2.6450E+00      -3.0780E+01       8.7739E-02      -5.8377E+00      -9.5031E-01      -1.0031E+03
       2.6550E+00      -3.0777E+01       8.7673E-02      -5.8367E+00      -9.4886E-01      -1.0031E+03
       2.6650E+00      -3.0773E+01       8.7607E-02      -5.8358E+00      -9.4740E-01      -1.0031E+03
       2.6750E+00      -3.0769E+01       8.7542E-02      -5.8349E+00      -9.4596E-01      -1.0031E+03
       2.6850E+00      -3.0765E+01       8.7477E-02      -5.8340E+00      -9.4451E-01      -1.0031E+03
       2.6950E+00      -3.0761E+01       8.7412E-02      -5.8332E+00      -9.4307E-01      -1.0031E+03
       2.7050E+00      -3.0758E+01       8.7348E-02      -5.8324E+00      -9.4164E-01      -1.0031E+03
       2.7150E+00      -3.0754E+01       8.7284E-02      -5.8317E+00      -9.4020E-01      -1.0031E+03
       2.7250E+00      -3.0750E+01       8.7220E-02      -5.8310E+00      -9.3878E-01      -1.0031E+03
       2.7350E+00      -3.0746E+01       8.7157E-02      -5.8304E+00      -9.3735E-01      -1.0031E+03
       2.7450E+00      -3.0742E+01       8.7094E-02      -5.8298E+00      -9.3593E-01      -1.0031E+03
       2.7550E+00      -3.0738E+01       8.7032E-02      -5.8292E+00      -9.3452E-01      -1.0031E+03
       2.7650E+00      -3.0735E+01       8.6969E-02      -5.8287E+00      -9.3310E-01      -1.0031E+03
       2.7750E+00      -3.0731E+01       8.6908E-02      -5.8283E+00      -9.3170E-01      -1.0031E+03
       2.7850E+00      -3.0727E+01       8.6846E-02      -5.8278E+00      -9.3029E-01      -1.0031E+03
       2.7950E+00      -3.0723E+01       8.6785E-02      -5.8275E+00      -9.2889E-01      -1.0031E+03
       2.8050E+00      -3.0719E+01       8.6724E-02      -5.8271E+00      -9.2750E-01      -1.0031E+03
       2.8150E+00      -3.0715E+01       8.6664E-02      -5.8268E+00      -9.2610E-01      -1.0031E+03
       2.8250E+00      -3.0711E+01       8.6603E-02      -5.8266E+00      -9.2471E-01      -1.0031E+03
       2.8350E+00      -3.0707E+01       8.6544E-02      -5.8263E+00      -9.2333E-01      -1.0031E+03
       2.8450E+00      -3.0703E+01       8.6484E-02      -5.8261E+00      -9.2195E-01      -1.0031E+03
       2.8550E+00      -3.0700E+01       8.6425E-02      -5.8260E+00      -9.2058E-01      -1.0031E+03
       2.8650E+00      -3.0696E+01       8.6366E-02      -5.8259E+00      -9.1920E-01      -1.0031E+03
       2.8750E+00      -3.0692E+01       8.6307E-02      -5.8258E+00      -9.1784E-01      -1.0031E+03
       2.8850E+00      -3.0688E+01       8.6249E-02      -5.8258E+00      -9.1648E-01      -1.0031E+03
       2.8950E+00      -3.0684E+01       8.6191E-02      -5.8258E+00      -9.1513E-01      -1.0031E+03
       2.9050E+00      -3.0680E+01       8.6132E-02      -5.8259E+00      -9.1379E-01      -1.0031E+03
       2.9150E+00      -3.0676E+01       8.6074E-02      -5.8259E+00      -9.1246E-01      -1.0031E+03
       2.9250E+00      -3.0672E+01       8.6016E-02      -5.8260E+00      -9.1116E-01      -1.0031E+03
       2.9350E+00      -3.0668E+01       8.5958E-02      -5.8262E+00      -9.0988E-01      -1.0031E+03
       2.9450E+00      -3.0665E+01       8.5899E-02      -5.8263E+00      -9.0863E-01      -1.0031E+03
       2.9550E+00      -3.0661E+01       8.5841E-02      -5.8265E+00      -9.0745E-01      -1.0031E+03
       2.9650E+00      -3.0658E+01       8.5784E-02      -5.8267E+00      -9.0636E-01      -1.0031E+03
       2.9750E+00      -3.0655E+01       8.5730E-02      -5.8269E+00      -9.0539E-01      -1.0031E+03
       2.9850E+00      -3.0652E+01       8.5685E-02      -5.8271E+00      -9.0463E-01      -1.0031E+03
       2.9950E+00      -3.0651E+01       8.5655E-02      -5.8272E+00      -9.0416E-01      -1.0031E+03
