# Time          5.0000E+00
# Units: Mol/kgw
    Distance           H+               CO2(aq)          Mg++             Ca++             K+               SiO2(aq)         Na+              Al+++            Cl-              NO3-             Tracer       
       5.0000E-03       1.2951E-05       1.6071E-05       1.0197E-04       1.9859E-04       1.9895E-05       2.5032E-07       7.9904E-04       4.1763E-07       1.0343E-03       2.0000E-04       2.0000E-04
       1.5000E-02       1.2764E-05       1.6419E-05       7.1419E-05       2.3045E-04       1.9639E-05       3.3940E-07       7.9678E-04       4.4593E-07       1.0343E-03       2.0000E-04       2.0000E-04
       2.5000E-02       1.2545E-05       1.6739E-05       5.0164E-05       2.5347E-04       1.9292E-05       4.3651E-07       7.9372E-04       4.7306E-07       1.0343E-03       2.0000E-04       2.0000E-04
       3.5000E-02       1.2280E-05       1.7031E-05       3.8165E-05       2.6780E-04       1.8845E-05       5.4445E-07       7.8970E-04       4.9859E-07       1.0343E-03       2.0000E-04       2.0000E-04
       4.5000E-02       1.1955E-05       1.7298E-05       3.1877E-05       2.7709E-04       1.8291E-05       6.6688E-07       7.8450E-04       5.2191E-07       1.0343E-03       2.0000E-04       2.0000E-04
       5.5000E-02       1.1550E-05       1.7540E-05       2.8328E-05       2.8444E-04       1.7629E-05       8.0857E-07       7.7791E-04       5.4222E-07       1.0343E-03       2.0000E-04       2.0000E-04
       6.5000E-02       1.1040E-05       1.7759E-05       2.5912E-05       2.9155E-04       1.6864E-05       9.7564E-07       7.6974E-04       5.5844E-07       1.0343E-03       2.0000E-04       2.0000E-04
       7.5000E-02       1.0391E-05       1.7960E-05       2.3951E-05       2.9923E-04       1.6007E-05       1.1759E-06       7.5979E-04       5.6916E-07       1.0343E-03       2.0000E-04       2.0000E-04
       8.5000E-02       9.5609E-06       1.8148E-05       2.2203E-05       3.0780E-04       1.5071E-05       1.4195E-06       7.4789E-04       5.7248E-07       1.0343E-03       2.0000E-04       2.0000E-04
       9.5000E-02       8.4975E-06       1.8333E-05       2.0595E-05       3.1744E-04       1.4075E-05       1.7189E-06       7.3390E-04       5.6590E-07       1.0343E-03       2.0000E-04       2.0000E-04
       1.0500E-01       7.1336E-06       1.8535E-05       1.9112E-05       3.2824E-04       1.3040E-05       2.0902E-06       7.1773E-04       5.4618E-07       1.0343E-03       2.0000E-04       2.0000E-04
       1.1500E-01       5.3850E-06       1.8799E-05       1.7748E-05       3.4026E-04       1.1986E-05       2.5531E-06       6.9932E-04       5.0917E-07       1.0343E-03       2.0000E-04       2.0000E-04
       1.2500E-01       3.1468E-06       1.9236E-05       1.6502E-05       3.5355E-04       1.0935E-05       3.1329E-06       6.7871E-04       4.4983E-07       1.0343E-03       2.0000E-04       2.0000E-04
       1.3500E-01       2.8376E-07       2.0152E-05       1.5370E-05       3.6811E-04       9.9064E-06       3.8619E-06       6.5599E-04       3.6346E-07       1.0343E-03       2.0000E-04       2.0000E-04
       1.4500E-01      -3.3992E-06       2.2257E-05       1.4347E-05       3.8394E-04       8.9195E-06       4.7899E-06       6.3136E-04       2.5393E-07       1.0343E-03       2.0000E-04       2.0000E-04
       1.5500E-01      -8.2290E-06       2.6248E-05       1.3423E-05       4.0103E-04       7.9898E-06       6.0072E-06       6.0509E-04       1.5541E-07       1.0343E-03       2.0000E-04       2.0000E-04
       1.6500E-01      -1.4561E-05       3.2173E-05       1.2583E-05       4.1933E-04       7.1297E-06       7.6092E-06       5.7754E-04       9.5467E-08       1.0343E-03       2.0000E-04       2.0000E-04
       1.7500E-01      -2.2693E-05       4.0027E-05       1.1808E-05       4.3882E-04       6.3482E-06       9.6683E-06       5.4912E-04       6.4371E-08       1.0343E-03       2.0000E-04       2.0000E-04
       1.8500E-01      -3.2977E-05       5.0053E-05       1.1079E-05       4.5946E-04       5.6500E-06       1.2269E-05       5.2032E-04       4.8651E-08       1.0343E-03       2.0000E-04       2.0000E-04
       1.9500E-01      -4.5856E-05       6.2659E-05       1.0377E-05       4.8126E-04       5.0364E-06       1.5519E-05       4.9165E-04       4.0633E-08       1.0343E-03       2.0000E-04       2.0000E-04
       2.0500E-01      -6.1866E-05       7.8364E-05       9.6837E-06       5.0421E-04       4.5060E-06       1.9553E-05       4.6367E-04       3.6508E-08       1.0343E-03       2.0000E-04       2.0000E-04
       2.1500E-01      -8.1640E-05       9.7789E-05       8.9913E-06       5.2835E-04       4.0557E-06       2.4527E-05       4.3702E-04       3.4371E-08       1.0343E-03       2.0000E-04       2.0000E-04
       2.2500E-01      -1.0592E-04       1.2166E-04       8.3235E-06       5.5364E-04       3.6830E-06       3.0626E-05       4.1243E-04       3.3170E-08       1.0343E-03       2.0000E-04       2.0000E-04
       2.3500E-01      -1.3554E-04       1.5079E-04       7.7857E-06       5.7992E-04       3.3880E-06       3.8061E-05       3.9085E-04       3.2068E-08       1.0343E-03       2.0000E-04       2.0000E-04
       2.4500E-01      -1.7149E-04       1.8614E-04       7.6096E-06       6.0680E-04       3.1778E-06       4.7073E-05       3.7361E-04       2.9740E-08       1.0343E-03       2.0000E-04       2.0000E-04
       2.5500E-01      -2.1482E-04       2.2874E-04       8.0394E-06       6.3354E-04       3.0723E-06       5.7930E-05       3.6272E-04       2.2981E-08       1.0343E-03       2.0000E-04       2.0000E-04
       2.6500E-01      -2.6676E-04       2.7974E-04       8.7865E-06       6.6398E-04       2.9788E-06       7.0938E-05       3.5240E-04       2.2146E-08       1.0343E-03       2.0000E-04       2.0000E-04
       2.7500E-01      -3.2865E-04       3.4039E-04       9.8603E-06       6.9873E-04       2.8982E-06       8.6431E-05       3.4273E-04       2.2358E-08       1.0343E-03       2.0000E-04       2.0000E-04
       2.8500E-01      -4.0196E-04       4.1205E-04       1.1266E-05       7.3848E-04       2.8311E-06       1.0478E-04       3.3379E-04       2.2782E-08       1.0343E-03       2.0000E-04       2.0000E-04
       2.9500E-01      -4.8827E-04       4.9612E-04       1.3017E-05       7.8398E-04       2.7783E-06       1.2637E-04       3.2565E-04       2.3262E-08       1.0343E-03       2.0000E-04       2.0000E-04
       3.0500E-01      -5.8932E-04       5.9406E-04       1.5141E-05       8.3603E-04       2.7403E-06       1.5164E-04       3.1839E-04       2.3760E-08       1.0343E-03       2.0000E-04       2.0000E-04
       3.1500E-01      -7.0691E-04       7.0733E-04       1.7680E-05       8.9548E-04       2.7174E-06       1.8104E-04       3.1202E-04       2.4260E-08       1.0343E-03       2.0000E-04       2.0000E-04
       3.2500E-01      -8.4298E-04       8.3737E-04       2.0691E-05       9.6322E-04       2.7096E-06       2.1506E-04       3.0659E-04       2.4743E-08       1.0343E-03       2.0000E-04       2.0000E-04
       3.3500E-01      -9.9951E-04       9.8552E-04       2.4243E-05       1.0402E-03       2.7166E-06       2.5418E-04       3.0209E-04       2.5186E-08       1.0343E-03       2.0000E-04       2.0000E-04
       3.4500E-01      -1.1785E-03       1.1530E-03       2.8418E-05       1.1273E-03       2.7383E-06       2.9893E-04       2.9851E-04       2.5553E-08       1.0343E-03       2.0000E-04       2.0000E-04
       3.5500E-01      -1.3822E-03       1.3408E-03       3.3309E-05       1.2255E-03       2.7741E-06       3.4982E-04       2.9583E-04       2.5799E-08       1.0343E-03       2.0000E-04       2.0000E-04
       3.6500E-01      -1.6125E-03       1.5498E-03       3.9018E-05       1.3359E-03       2.8236E-06       4.0736E-04       2.9400E-04       2.5873E-08       1.0343E-03       2.0000E-04       2.0000E-04
       3.7500E-01      -1.8715E-03       1.7803E-03       4.5654E-05       1.4592E-03       2.8866E-06       4.7208E-04       2.9297E-04       2.5780E-08       1.0343E-03       2.0000E-04       2.0000E-04
       3.8500E-01      -2.1611E-03       2.0326E-03       5.3332E-05       1.5965E-03       2.9629E-06       5.4447E-04       2.9268E-04       2.5910E-08       1.0343E-03       2.0000E-04       2.0000E-04
       3.9500E-01      -2.4833E-03       2.3065E-03       6.2175E-05       1.7485E-03       3.0515E-06       6.2499E-04       2.9306E-04       2.6273E-08       1.0343E-03       2.0000E-04       2.0000E-04
       4.0500E-01      -2.8398E-03       2.6015E-03       7.2307E-05       1.9161E-03       3.1508E-06       7.1408E-04       2.9404E-04       2.6664E-08       1.0343E-03       2.0000E-04       2.0000E-04
       4.1500E-01      -3.2320E-03       2.9170E-03       8.3854E-05       2.0998E-03       3.2595E-06       8.1212E-04       2.9554E-04       2.7037E-08       1.0343E-03       2.0000E-04       2.0000E-04
       4.2500E-01      -3.6614E-03       3.2519E-03       9.6946E-05       2.3004E-03       3.3765E-06       9.1944E-04       2.9750E-04       2.7383E-08       1.0343E-03       2.0000E-04       2.0000E-04
       4.3500E-01      -4.1290E-03       3.6052E-03       1.1171E-04       2.5182E-03       3.5007E-06       1.0363E-03       2.9985E-04       2.7702E-08       1.0343E-03       2.0000E-04       2.0000E-04
       4.4500E-01      -4.6355E-03       3.9756E-03       1.2828E-04       2.7534E-03       3.6312E-06       1.1629E-03       3.0253E-04       2.7997E-08       1.0343E-03       2.0000E-04       2.0000E-04
       4.5500E-01      -5.1815E-03       4.3618E-03       1.4679E-04       3.0064E-03       3.7672E-06       1.2994E-03       3.0548E-04       2.8273E-08       1.0343E-03       2.0000E-04       2.0000E-04
       4.6500E-01      -5.7671E-03       4.7624E-03       1.6736E-04       3.2770E-03       3.9080E-06       1.4458E-03       3.0866E-04       2.8538E-08       1.0343E-03       2.0000E-04       2.0000E-04
       4.7500E-01      -6.3921E-03       5.1759E-03       1.9012E-04       3.5649E-03       4.0530E-06       1.6020E-03       3.1201E-04       2.8799E-08       1.0343E-03       2.0000E-04       2.0000E-04
       4.8500E-01      -7.0559E-03       5.6008E-03       2.1520E-04       3.8700E-03       4.2016E-06       1.7680E-03       3.1550E-04       2.9064E-08       1.0343E-03       2.0000E-04       2.0000E-04
       4.9500E-01      -7.7577E-03       6.0356E-03       2.4271E-04       4.1915E-03       4.3534E-06       1.9434E-03       3.1911E-04       2.9341E-08       1.0343E-03       2.0000E-04       2.0000E-04
       5.0500E-01      -8.4961E-03       6.4787E-03       2.7278E-04       4.5287E-03       4.5080E-06       2.1280E-03       3.2279E-04       2.9640E-08       1.0343E-03       2.0000E-04       2.0000E-04
       5.1500E-01      -9.2696E-03       6.9283E-03       3.0550E-04       4.8808E-03       4.6651E-06       2.3213E-03       3.2654E-04       2.9970E-08       1.0343E-03       2.0000E-04       2.0000E-04
       5.2500E-01      -1.0076E-02       7.3828E-03       3.4098E-04       5.2466E-03       4.8245E-06       2.5230E-03       3.3033E-04       3.0339E-08       1.0343E-03       2.0000E-04       2.0000E-04
       5.3500E-01      -1.0913E-02       7.8404E-03       3.7931E-04       5.6249E-03       4.9860E-06       2.7323E-03       3.3414E-04       3.0758E-08       1.0343E-03       2.0000E-04       2.0000E-04
       5.4500E-01      -1.1779E-02       8.2991E-03       4.2057E-04       6.0144E-03       5.1494E-06       2.9487E-03       3.3797E-04       3.1236E-08       1.0343E-03       2.0000E-04       2.0000E-04
       5.5500E-01      -1.2670E-02       8.7571E-03       4.6481E-04       6.4137E-03       5.3147E-06       3.1714E-03       3.4180E-04       3.1784E-08       1.0343E-03       2.0000E-04       2.0000E-04
       5.6500E-01      -1.3583E-02       9.2125E-03       5.1210E-04       6.8210E-03       5.4819E-06       3.3997E-03       3.4562E-04       3.2414E-08       1.0343E-03       2.0000E-04       2.0000E-04
       5.7500E-01      -1.4516E-02       9.6632E-03       5.6246E-04       7.2349E-03       5.6507E-06       3.6328E-03       3.4944E-04       3.3139E-08       1.0343E-03       2.0000E-04       2.0000E-04
       5.8500E-01      -1.5464E-02       1.0107E-02       6.1592E-04       7.6535E-03       5.8214E-06       3.8698E-03       3.5323E-04       3.3973E-08       1.0343E-03       2.0000E-04       2.0000E-04
       5.9500E-01      -1.6424E-02       1.0543E-02       6.7246E-04       8.0752E-03       5.9939E-06       4.1099E-03       3.5701E-04       3.4935E-08       1.0343E-03       2.0000E-04       2.0000E-04
       6.0500E-01      -1.7394E-02       1.0967E-02       7.3208E-04       8.4983E-03       6.1682E-06       4.3522E-03       3.6075E-04       3.6043E-08       1.0343E-03       2.0000E-04       2.0000E-04
       6.1500E-01      -1.8368E-02       1.1379E-02       7.9475E-04       8.9209E-03       6.3445E-06       4.5958E-03       3.6447E-04       3.7324E-08       1.0343E-03       2.0000E-04       2.0000E-04
       6.2500E-01      -1.9344E-02       1.1776E-02       8.6040E-04       9.3414E-03       6.5229E-06       4.8399E-03       3.6816E-04       3.8806E-08       1.0343E-03       2.0000E-04       2.0000E-04
       6.3500E-01      -2.0319E-02       1.2156E-02       9.2898E-04       9.7581E-03       6.7035E-06       5.0835E-03       3.7181E-04       4.0527E-08       1.0343E-03       2.0000E-04       2.0000E-04
       6.4500E-01      -2.1288E-02       1.2518E-02       1.0004E-03       1.0169E-02       6.8866E-06       5.3258E-03       3.7544E-04       4.2536E-08       1.0343E-03       2.0000E-04       2.0000E-04
       6.5500E-01      -2.2249E-02       1.2859E-02       1.0745E-03       1.0574E-02       7.0722E-06       5.5661E-03       3.7903E-04       4.4896E-08       1.0343E-03       2.0000E-04       2.0000E-04
       6.6500E-01      -2.3199E-02       1.3179E-02       1.1513E-03       1.0970E-02       7.2606E-06       5.8036E-03       3.8259E-04       4.7691E-08       1.0343E-03       2.0000E-04       2.0000E-04
       6.7500E-01      -2.4135E-02       1.3474E-02       1.2306E-03       1.1357E-02       7.4521E-06       6.0375E-03       3.8613E-04       5.1040E-08       1.0343E-03       2.0000E-04       2.0000E-04
       6.8500E-01      -2.5054E-02       1.3744E-02       1.3122E-03       1.1733E-02       7.6470E-06       6.2672E-03       3.8965E-04       5.5117E-08       1.0343E-03       2.0000E-04       2.0000E-04
       6.9500E-01      -2.5954E-02       1.3986E-02       1.3961E-03       1.2097E-02       7.8456E-06       6.4922E-03       3.9315E-04       6.0182E-08       1.0343E-03       2.0000E-04       2.0000E-04
       7.0500E-01      -2.6832E-02       1.4201E-02       1.4821E-03       1.2449E-02       8.0484E-06       6.7118E-03       3.9665E-04       6.6637E-08       1.0343E-03       2.0000E-04       2.0000E-04
       7.1500E-01      -2.7688E-02       1.4386E-02       1.5700E-03       1.2787E-02       8.2558E-06       6.9257E-03       4.0015E-04       7.5119E-08       1.0343E-03       2.0000E-04       2.0000E-04
       7.2500E-01      -2.8518E-02       1.4540E-02       1.6597E-03       1.3110E-02       8.4683E-06       7.1334E-03       4.0367E-04       8.6645E-08       1.0343E-03       2.0000E-04       2.0000E-04
       7.3500E-01      -2.9323E-02       1.4663E-02       1.7511E-03       1.3419E-02       8.6866E-06       7.3345E-03       4.0722E-04       1.0284E-07       1.0343E-03       2.0000E-04       2.0000E-04
       7.4500E-01      -3.0100E-02       1.4754E-02       1.8441E-03       1.3713E-02       8.9115E-06       7.5288E-03       4.1082E-04       1.2630E-07       1.0343E-03       2.0000E-04       2.0000E-04
       7.5500E-01      -3.0849E-02       1.4812E-02       1.9386E-03       1.3991E-02       9.1437E-06       7.7160E-03       4.1449E-04       1.6105E-07       1.0343E-03       2.0000E-04       2.0000E-04
       7.6500E-01      -3.1569E-02       1.4837E-02       2.0345E-03       1.4253E-02       9.3842E-06       7.8961E-03       4.1824E-04       2.1335E-07       1.0343E-03       2.0000E-04       2.0000E-04
       7.7500E-01      -3.2260E-02       1.4830E-02       2.1317E-03       1.4499E-02       9.6342E-06       8.0689E-03       4.2211E-04       2.9252E-07       1.0343E-03       2.0000E-04       2.0000E-04
       7.8500E-01      -3.2922E-02       1.4793E-02       2.2303E-03       1.4729E-02       9.8949E-06       8.2344E-03       4.2611E-04       4.1184E-07       1.0343E-03       2.0000E-04       2.0000E-04
       7.9500E-01      -3.3555E-02       1.4726E-02       2.3303E-03       1.4943E-02       1.0168E-05       8.3927E-03       4.3026E-04       5.8870E-07       1.0343E-03       2.0000E-04       2.0000E-04
       8.0500E-01      -3.4159E-02       1.4632E-02       2.4316E-03       1.5141E-02       1.0455E-05       8.5437E-03       4.3458E-04       8.4245E-07       1.0343E-03       2.0000E-04       2.0000E-04
       8.1500E-01      -3.4734E-02       1.4515E-02       2.5345E-03       1.5323E-02       1.0757E-05       8.6876E-03       4.3908E-04       1.1882E-06       1.0343E-03       2.0000E-04       2.0000E-04
       8.2500E-01      -3.5281E-02       1.4379E-02       2.6391E-03       1.5489E-02       1.1077E-05       8.8245E-03       4.4374E-04       1.6267E-06       1.0343E-03       2.0000E-04       2.0000E-04
       8.3500E-01      -3.5801E-02       1.4229E-02       2.7454E-03       1.5639E-02       1.1416E-05       8.9547E-03       4.4856E-04       2.1362E-06       1.0343E-03       2.0000E-04       2.0000E-04
       8.4500E-01      -3.6295E-02       1.4071E-02       2.8537E-03       1.5774E-02       1.1777E-05       9.0781E-03       4.5350E-04       2.6786E-06       1.0343E-03       2.0000E-04       2.0000E-04
       8.5500E-01      -3.6762E-02       1.3912E-02       2.9640E-03       1.5894E-02       1.2160E-05       9.1950E-03       4.5849E-04       3.2169E-06       1.0343E-03       2.0000E-04       2.0000E-04
       8.6500E-01      -3.7204E-02       1.3757E-02       3.0761E-03       1.5999E-02       1.2567E-05       9.3057E-03       4.6346E-04       3.7283E-06       1.0343E-03       2.0000E-04       2.0000E-04
       8.7500E-01      -3.7622E-02       1.3613E-02       3.1895E-03       1.6092E-02       1.2994E-05       9.4103E-03       4.6835E-04       4.2039E-06       1.0343E-03       2.0000E-04       2.0000E-04
       8.8500E-01      -3.8017E-02       1.3481E-02       3.3036E-03       1.6172E-02       1.3441E-05       9.5092E-03       4.7310E-04       4.6422E-06       1.0343E-03       2.0000E-04       2.0000E-04
       8.9500E-01      -3.8390E-02       1.3362E-02       3.4175E-03       1.6241E-02       1.3903E-05       9.6026E-03       4.7767E-04       5.0450E-06       1.0343E-03       2.0000E-04       2.0000E-04
       9.0500E-01      -3.8742E-02       1.3257E-02       3.5306E-03       1.6301E-02       1.4380E-05       9.6907E-03       4.8203E-04       5.4148E-06       1.0343E-03       2.0000E-04       2.0000E-04
       9.1500E-01      -3.9075E-02       1.3165E-02       3.6426E-03       1.6353E-02       1.4868E-05       9.7739E-03       4.8615E-04       5.7547E-06       1.0343E-03       2.0000E-04       2.0000E-04
       9.2500E-01      -3.9389E-02       1.3085E-02       3.7531E-03       1.6397E-02       1.5366E-05       9.8525E-03       4.9003E-04       6.0675E-06       1.0343E-03       2.0000E-04       2.0000E-04
       9.3500E-01      -3.9686E-02       1.3017E-02       3.8619E-03       1.6434E-02       1.5875E-05       9.9268E-03       4.9367E-04       6.3561E-06       1.0343E-03       2.0000E-04       2.0000E-04
       9.4500E-01      -3.9966E-02       1.2959E-02       3.9688E-03       1.6465E-02       1.6393E-05       9.9969E-03       4.9706E-04       6.6229E-06       1.0343E-03       2.0000E-04       2.0000E-04
       9.5500E-01      -4.0231E-02       1.2911E-02       4.0736E-03       1.6490E-02       1.6919E-05       1.0063E-02       5.0021E-04       6.8702E-06       1.0343E-03       2.0000E-04       2.0000E-04
       9.6500E-01      -4.0482E-02       1.2872E-02       4.1764E-03       1.6511E-02       1.7455E-05       1.0126E-02       5.0314E-04       7.1003E-06       1.0343E-03       2.0000E-04       2.0000E-04
       9.7500E-01      -4.0720E-02       1.2841E-02       4.2770E-03       1.6527E-02       1.8000E-05       1.0186E-02       5.0584E-04       7.3151E-06       1.0343E-03       2.0000E-04       2.0000E-04
       9.8500E-01      -4.0946E-02       1.2818E-02       4.3755E-03       1.6540E-02       1.8554E-05       1.0242E-02       5.0834E-04       7.5162E-06       1.0343E-03       2.0000E-04       2.0000E-04
       9.9500E-01      -4.1161E-02       1.2802E-02       4.4717E-03       1.6550E-02       1.9117E-05       1.0296E-02       5.1064E-04       7.7053E-06       1.0343E-03       2.0000E-04       2.0000E-04
       1.0050E+00      -4.1366E-02       1.2792E-02       4.5659E-03       1.6556E-02       1.9689E-05       1.0347E-02       5.1275E-04       7.8837E-06       1.0343E-03       2.0000E-04       2.0000E-04
       1.0150E+00      -4.1561E-02       1.2788E-02       4.6578E-03       1.6560E-02       2.0271E-05       1.0396E-02       5.1470E-04       8.0528E-06       1.0343E-03       2.0000E-04       2.0000E-04
       1.0250E+00      -4.1747E-02       1.2789E-02       4.7476E-03       1.6562E-02       2.0863E-05       1.0443E-02       5.1649E-04       8.2136E-06       1.0343E-03       2.0000E-04       2.0000E-04
       1.0350E+00      -4.1926E-02       1.2795E-02       4.8353E-03       1.6563E-02       2.1464E-05       1.0487E-02       5.1814E-04       8.3672E-06       1.0343E-03       2.0000E-04       2.0000E-04
       1.0450E+00      -4.2098E-02       1.2805E-02       4.9210E-03       1.6562E-02       2.2075E-05       1.0530E-02       5.1965E-04       8.5144E-06       1.0343E-03       2.0000E-04       2.0000E-04
       1.0550E+00      -4.2263E-02       1.2819E-02       5.0046E-03       1.6559E-02       2.2697E-05       1.0572E-02       5.2104E-04       8.6561E-06       1.0343E-03       2.0000E-04       2.0000E-04
       1.0650E+00      -4.2423E-02       1.2836E-02       5.0862E-03       1.6556E-02       2.3328E-05       1.0612E-02       5.2232E-04       8.7929E-06       1.0343E-03       2.0000E-04       2.0000E-04
       1.0750E+00      -4.2577E-02       1.2857E-02       5.1658E-03       1.6553E-02       2.3969E-05       1.0650E-02       5.2350E-04       8.9254E-06       1.0343E-03       2.0000E-04       2.0000E-04
       1.0850E+00      -4.2727E-02       1.2880E-02       5.2436E-03       1.6549E-02       2.4619E-05       1.0688E-02       5.2459E-04       9.0542E-06       1.0343E-03       2.0000E-04       2.0000E-04
       1.0950E+00      -4.2872E-02       1.2905E-02       5.3195E-03       1.6545E-02       2.5280E-05       1.0724E-02       5.2559E-04       9.1799E-06       1.0343E-03       2.0000E-04       2.0000E-04
       1.1050E+00      -4.3014E-02       1.2933E-02       5.3935E-03       1.6541E-02       2.5950E-05       1.0760E-02       5.2652E-04       9.3027E-06       1.0343E-03       2.0000E-04       2.0000E-04
       1.1150E+00      -4.3153E-02       1.2963E-02       5.4658E-03       1.6537E-02       2.6629E-05       1.0794E-02       5.2739E-04       9.4230E-06       1.0343E-03       2.0000E-04       2.0000E-04
       1.1250E+00      -4.3289E-02       1.2995E-02       5.5364E-03       1.6533E-02       2.7318E-05       1.0828E-02       5.2819E-04       9.5413E-06       1.0343E-03       2.0000E-04       2.0000E-04
       1.1350E+00      -4.3422E-02       1.3028E-02       5.6054E-03       1.6530E-02       2.8015E-05       1.0862E-02       5.2894E-04       9.6577E-06       1.0343E-03       2.0000E-04       2.0000E-04
       1.1450E+00      -4.3553E-02       1.3063E-02       5.6726E-03       1.6527E-02       2.8721E-05       1.0894E-02       5.2965E-04       9.7726E-06       1.0343E-03       2.0000E-04       2.0000E-04
       1.1550E+00      -4.3683E-02       1.3099E-02       5.7384E-03       1.6525E-02       2.9435E-05       1.0927E-02       5.3031E-04       9.8860E-06       1.0343E-03       2.0000E-04       2.0000E-04
       1.1650E+00      -4.3810E-02       1.3137E-02       5.8025E-03       1.6524E-02       3.0157E-05       1.0959E-02       5.3093E-04       9.9983E-06       1.0343E-03       2.0000E-04       2.0000E-04
       1.1750E+00      -4.3937E-02       1.3175E-02       5.8652E-03       1.6524E-02       3.0887E-05       1.0990E-02       5.3152E-04       1.0110E-05       1.0343E-03       2.0000E-04       2.0000E-04
       1.1850E+00      -4.4062E-02       1.3214E-02       5.9264E-03       1.6525E-02       3.1624E-05       1.1022E-02       5.3208E-04       1.0220E-05       1.0343E-03       2.0000E-04       2.0000E-04
       1.1950E+00      -4.4187E-02       1.3255E-02       5.9863E-03       1.6526E-02       3.2367E-05       1.1053E-02       5.3262E-04       1.0330E-05       1.0343E-03       2.0000E-04       2.0000E-04
       1.2050E+00      -4.4310E-02       1.3296E-02       6.0447E-03       1.6529E-02       3.3116E-05       1.1084E-02       5.3313E-04       1.0439E-05       1.0343E-03       2.0000E-04       2.0000E-04
       1.2150E+00      -4.4434E-02       1.3338E-02       6.1018E-03       1.6533E-02       3.3872E-05       1.1115E-02       5.3363E-04       1.0547E-05       1.0343E-03       2.0000E-04       2.0000E-04
       1.2250E+00      -4.4556E-02       1.3380E-02       6.1577E-03       1.6537E-02       3.4632E-05       1.1145E-02       5.3410E-04       1.0655E-05       1.0343E-03       2.0000E-04       2.0000E-04
       1.2350E+00      -4.4679E-02       1.3424E-02       6.2122E-03       1.6543E-02       3.5397E-05       1.1176E-02       5.3457E-04       1.0762E-05       1.0343E-03       2.0000E-04       2.0000E-04
       1.2450E+00      -4.4802E-02       1.3468E-02       6.2656E-03       1.6550E-02       3.6166E-05       1.1207E-02       5.3502E-04       1.0869E-05       1.0343E-03       2.0000E-04       2.0000E-04
       1.2550E+00      -4.4924E-02       1.3512E-02       6.3178E-03       1.6559E-02       3.6938E-05       1.1237E-02       5.3547E-04       1.0976E-05       1.0343E-03       2.0000E-04       2.0000E-04
       1.2650E+00      -4.5047E-02       1.3557E-02       6.3688E-03       1.6568E-02       3.7714E-05       1.1268E-02       5.3590E-04       1.1082E-05       1.0343E-03       2.0000E-04       2.0000E-04
       1.2750E+00      -4.5169E-02       1.3602E-02       6.4187E-03       1.6579E-02       3.8491E-05       1.1299E-02       5.3634E-04       1.1189E-05       1.0343E-03       2.0000E-04       2.0000E-04
       1.2850E+00      -4.5292E-02       1.3648E-02       6.4676E-03       1.6591E-02       3.9271E-05       1.1330E-02       5.3677E-04       1.1295E-05       1.0343E-03       2.0000E-04       2.0000E-04
       1.2950E+00      -4.5416E-02       1.3695E-02       6.5154E-03       1.6604E-02       4.0051E-05       1.1360E-02       5.3719E-04       1.1401E-05       1.0343E-03       2.0000E-04       2.0000E-04
       1.3050E+00      -4.5540E-02       1.3742E-02       6.5621E-03       1.6618E-02       4.0833E-05       1.1391E-02       5.3762E-04       1.1506E-05       1.0343E-03       2.0000E-04       2.0000E-04
       1.3150E+00      -4.5664E-02       1.3789E-02       6.6079E-03       1.6634E-02       4.1614E-05       1.1423E-02       5.3805E-04       1.1612E-05       1.0343E-03       2.0000E-04       2.0000E-04
       1.3250E+00      -4.5789E-02       1.3837E-02       6.6528E-03       1.6651E-02       4.2395E-05       1.1454E-02       5.3849E-04       1.1717E-05       1.0343E-03       2.0000E-04       2.0000E-04
       1.3350E+00      -4.5915E-02       1.3885E-02       6.6967E-03       1.6669E-02       4.3174E-05       1.1485E-02       5.3893E-04       1.1822E-05       1.0343E-03       2.0000E-04       2.0000E-04
       1.3450E+00      -4.6041E-02       1.3933E-02       6.7397E-03       1.6688E-02       4.3952E-05       1.1517E-02       5.3938E-04       1.1927E-05       1.0343E-03       2.0000E-04       2.0000E-04
       1.3550E+00      -4.6168E-02       1.3982E-02       6.7819E-03       1.6709E-02       4.4727E-05       1.1549E-02       5.3983E-04       1.2032E-05       1.0343E-03       2.0000E-04       2.0000E-04
       1.3650E+00      -4.6295E-02       1.4032E-02       6.8232E-03       1.6730E-02       4.5499E-05       1.1580E-02       5.4030E-04       1.2137E-05       1.0343E-03       2.0000E-04       2.0000E-04
       1.3750E+00      -4.6424E-02       1.4081E-02       6.8637E-03       1.6753E-02       4.6268E-05       1.1613E-02       5.4078E-04       1.2242E-05       1.0343E-03       2.0000E-04       2.0000E-04
       1.3850E+00      -4.6553E-02       1.4131E-02       6.9035E-03       1.6777E-02       4.7033E-05       1.1645E-02       5.4128E-04       1.2347E-05       1.0343E-03       2.0000E-04       2.0000E-04
       1.3950E+00      -4.6683E-02       1.4182E-02       6.9424E-03       1.6803E-02       4.7793E-05       1.1677E-02       5.4179E-04       1.2451E-05       1.0343E-03       2.0000E-04       2.0000E-04
       1.4050E+00      -4.6814E-02       1.4233E-02       6.9807E-03       1.6829E-02       4.8548E-05       1.1710E-02       5.4232E-04       1.2556E-05       1.0343E-03       2.0000E-04       2.0000E-04
       1.4150E+00      -4.6946E-02       1.4284E-02       7.0183E-03       1.6857E-02       4.9298E-05       1.1743E-02       5.4287E-04       1.2661E-05       1.0343E-03       2.0000E-04       2.0000E-04
       1.4250E+00      -4.7078E-02       1.4336E-02       7.0551E-03       1.6885E-02       5.0042E-05       1.1776E-02       5.4344E-04       1.2765E-05       1.0343E-03       2.0000E-04       2.0000E-04
       1.4350E+00      -4.7212E-02       1.4388E-02       7.0914E-03       1.6915E-02       5.0779E-05       1.1810E-02       5.4404E-04       1.2869E-05       1.0343E-03       2.0000E-04       2.0000E-04
       1.4450E+00      -4.7347E-02       1.4441E-02       7.1270E-03       1.6946E-02       5.1509E-05       1.1844E-02       5.4466E-04       1.2974E-05       1.0343E-03       2.0000E-04       2.0000E-04
       1.4550E+00      -4.7483E-02       1.4494E-02       7.1620E-03       1.6978E-02       5.2233E-05       1.1878E-02       5.4531E-04       1.3078E-05       1.0343E-03       2.0000E-04       2.0000E-04
       1.4650E+00      -4.7619E-02       1.4547E-02       7.1964E-03       1.7011E-02       5.2948E-05       1.1912E-02       5.4600E-04       1.3182E-05       1.0343E-03       2.0000E-04       2.0000E-04
       1.4750E+00      -4.7757E-02       1.4601E-02       7.2303E-03       1.7045E-02       5.3656E-05       1.1946E-02       5.4672E-04       1.3286E-05       1.0343E-03       2.0000E-04       2.0000E-04
       1.4850E+00      -4.7896E-02       1.4655E-02       7.2637E-03       1.7081E-02       5.4355E-05       1.1981E-02       5.4747E-04       1.3390E-05       1.0343E-03       2.0000E-04       2.0000E-04
       1.4950E+00      -4.8036E-02       1.4710E-02       7.2966E-03       1.7117E-02       5.5045E-05       1.2016E-02       5.4827E-04       1.3494E-05       1.0343E-03       2.0000E-04       2.0000E-04
       1.5050E+00      -4.8178E-02       1.4765E-02       7.3290E-03       1.7154E-02       5.5727E-05       1.2051E-02       5.4911E-04       1.3598E-05       1.0343E-03       2.0000E-04       2.0000E-04
       1.5150E+00      -4.8320E-02       1.4820E-02       7.3609E-03       1.7193E-02       5.6399E-05       1.2087E-02       5.5000E-04       1.3702E-05       1.0343E-03       2.0000E-04       2.0000E-04
       1.5250E+00      -4.8464E-02       1.4876E-02       7.3924E-03       1.7232E-02       5.7062E-05       1.2123E-02       5.5093E-04       1.3805E-05       1.0343E-03       2.0000E-04       2.0000E-04
       1.5350E+00      -4.8609E-02       1.4933E-02       7.4235E-03       1.7272E-02       5.7715E-05       1.2159E-02       5.5192E-04       1.3909E-05       1.0343E-03       2.0000E-04       2.0000E-04
       1.5450E+00      -4.8755E-02       1.4990E-02       7.4543E-03       1.7314E-02       5.8358E-05       1.2196E-02       5.5297E-04       1.4012E-05       1.0343E-03       2.0000E-04       2.0000E-04
       1.5550E+00      -4.8902E-02       1.5047E-02       7.4846E-03       1.7356E-02       5.8992E-05       1.2233E-02       5.5408E-04       1.4116E-05       1.0343E-03       2.0000E-04       1.9999E-04
       1.5650E+00      -4.9051E-02       1.5105E-02       7.5146E-03       1.7399E-02       5.9615E-05       1.2270E-02       5.5525E-04       1.4219E-05       1.0343E-03       2.0000E-04       1.9999E-04
       1.5750E+00      -4.9201E-02       1.5164E-02       7.5443E-03       1.7444E-02       6.0228E-05       1.2307E-02       5.5649E-04       1.4323E-05       1.0343E-03       2.0000E-04       1.9999E-04
       1.5850E+00      -4.9353E-02       1.5223E-02       7.5738E-03       1.7489E-02       6.0830E-05       1.2345E-02       5.5781E-04       1.4426E-05       1.0343E-03       2.0000E-04       1.9999E-04
       1.5950E+00      -4.9506E-02       1.5282E-02       7.6029E-03       1.7535E-02       6.1422E-05       1.2384E-02       5.5920E-04       1.4529E-05       1.0343E-03       2.0000E-04       1.9999E-04
       1.6050E+00      -4.9660E-02       1.5342E-02       7.6318E-03       1.7582E-02       6.2003E-05       1.2422E-02       5.6067E-04       1.4632E-05       1.0343E-03       2.0000E-04       1.9999E-04
       1.6150E+00      -4.9816E-02       1.5403E-02       7.6604E-03       1.7630E-02       6.2574E-05       1.2461E-02       5.6224E-04       1.4735E-05       1.0343E-03       1.9999E-04       1.9999E-04
       1.6250E+00      -4.9973E-02       1.5464E-02       7.6889E-03       1.7679E-02       6.3135E-05       1.2500E-02       5.6389E-04       1.4838E-05       1.0343E-03       1.9999E-04       1.9999E-04
       1.6350E+00      -5.0132E-02       1.5526E-02       7.7171E-03       1.7729E-02       6.3684E-05       1.2540E-02       5.6564E-04       1.4941E-05       1.0343E-03       1.9999E-04       1.9999E-04
       1.6450E+00      -5.0292E-02       1.5588E-02       7.7452E-03       1.7780E-02       6.4223E-05       1.2580E-02       5.6750E-04       1.5043E-05       1.0343E-03       1.9999E-04       1.9999E-04
       1.6550E+00      -5.0454E-02       1.5651E-02       7.7731E-03       1.7831E-02       6.4752E-05       1.2621E-02       5.6946E-04       1.5146E-05       1.0343E-03       1.9999E-04       1.9998E-04
       1.6650E+00      -5.0617E-02       1.5715E-02       7.8009E-03       1.7884E-02       6.5270E-05       1.2662E-02       5.7154E-04       1.5248E-05       1.0343E-03       1.9999E-04       1.9998E-04
       1.6750E+00      -5.0782E-02       1.5779E-02       7.8286E-03       1.7937E-02       6.5777E-05       1.2703E-02       5.7374E-04       1.5351E-05       1.0343E-03       1.9999E-04       1.9998E-04
       1.6850E+00      -5.0949E-02       1.5844E-02       7.8562E-03       1.7991E-02       6.6274E-05       1.2745E-02       5.7607E-04       1.5453E-05       1.0343E-03       1.9999E-04       1.9998E-04
       1.6950E+00      -5.1118E-02       1.5909E-02       7.8837E-03       1.8046E-02       6.6761E-05       1.2787E-02       5.7853E-04       1.5555E-05       1.0343E-03       1.9999E-04       1.9998E-04
       1.7050E+00      -5.1288E-02       1.5975E-02       7.9112E-03       1.8102E-02       6.7238E-05       1.2829E-02       5.8112E-04       1.5657E-05       1.0343E-03       1.9999E-04       1.9997E-04
       1.7150E+00      -5.1460E-02       1.6042E-02       7.9386E-03       1.8159E-02       6.7705E-05       1.2872E-02       5.8387E-04       1.5759E-05       1.0343E-03       1.9999E-04       1.9997E-04
       1.7250E+00      -5.1634E-02       1.6109E-02       7.9659E-03       1.8217E-02       6.8161E-05       1.2916E-02       5.8677E-04       1.5861E-05       1.0343E-03       1.9998E-04       1.9997E-04
       1.7350E+00      -5.1810E-02       1.6177E-02       7.9933E-03       1.8276E-02       6.8608E-05       1.2960E-02       5.8982E-04       1.5962E-05       1.0343E-03       1.9998E-04       1.9997E-04
       1.7450E+00      -5.1987E-02       1.6246E-02       8.0207E-03       1.8335E-02       6.9045E-05       1.3004E-02       5.9305E-04       1.6064E-05       1.0342E-03       1.9998E-04       1.9996E-04
       1.7550E+00      -5.2166E-02       1.6315E-02       8.0480E-03       1.8395E-02       6.9473E-05       1.3049E-02       5.9645E-04       1.6165E-05       1.0342E-03       1.9998E-04       1.9996E-04
       1.7650E+00      -5.2348E-02       1.6386E-02       8.0755E-03       1.8456E-02       6.9891E-05       1.3095E-02       6.0003E-04       1.6266E-05       1.0342E-03       1.9998E-04       1.9995E-04
       1.7750E+00      -5.2531E-02       1.6456E-02       8.1029E-03       1.8518E-02       7.0301E-05       1.3140E-02       6.0381E-04       1.6368E-05       1.0342E-03       1.9997E-04       1.9995E-04
       1.7850E+00      -5.2716E-02       1.6528E-02       8.1305E-03       1.8581E-02       7.0701E-05       1.3187E-02       6.0778E-04       1.6469E-05       1.0342E-03       1.9997E-04       1.9994E-04
       1.7950E+00      -5.2904E-02       1.6601E-02       8.1581E-03       1.8645E-02       7.1092E-05       1.3234E-02       6.1196E-04       1.6569E-05       1.0342E-03       1.9997E-04       1.9994E-04
       1.8050E+00      -5.3093E-02       1.6674E-02       8.1858E-03       1.8709E-02       7.1475E-05       1.3281E-02       6.1635E-04       1.6670E-05       1.0342E-03       1.9997E-04       1.9993E-04
       1.8150E+00      -5.3285E-02       1.6748E-02       8.2136E-03       1.8775E-02       7.1849E-05       1.3329E-02       6.2097E-04       1.6771E-05       1.0342E-03       1.9996E-04       1.9993E-04
       1.8250E+00      -5.3478E-02       1.6823E-02       8.2415E-03       1.8841E-02       7.2215E-05       1.3377E-02       6.2582E-04       1.6871E-05       1.0341E-03       1.9996E-04       1.9992E-04
       1.8350E+00      -5.3674E-02       1.6898E-02       8.2695E-03       1.8908E-02       7.2572E-05       1.3426E-02       6.3091E-04       1.6971E-05       1.0341E-03       1.9996E-04       1.9991E-04
       1.8450E+00      -5.3872E-02       1.6975E-02       8.2977E-03       1.8976E-02       7.2922E-05       1.3476E-02       6.3625E-04       1.7071E-05       1.0341E-03       1.9995E-04       1.9990E-04
       1.8550E+00      -5.4072E-02       1.7052E-02       8.3260E-03       1.9044E-02       7.3264E-05       1.3526E-02       6.4185E-04       1.7171E-05       1.0341E-03       1.9995E-04       1.9990E-04
       1.8650E+00      -5.4275E-02       1.7130E-02       8.3544E-03       1.9114E-02       7.3599E-05       1.3577E-02       6.4771E-04       1.7271E-05       1.0340E-03       1.9994E-04       1.9989E-04
       1.8750E+00      -5.4480E-02       1.7209E-02       8.3830E-03       1.9184E-02       7.3926E-05       1.3628E-02       6.5386E-04       1.7370E-05       1.0340E-03       1.9994E-04       1.9988E-04
       1.8850E+00      -5.4687E-02       1.7289E-02       8.4118E-03       1.9255E-02       7.4246E-05       1.3680E-02       6.6029E-04       1.7469E-05       1.0340E-03       1.9993E-04       1.9986E-04
       1.8950E+00      -5.4896E-02       1.7370E-02       8.4408E-03       1.9327E-02       7.4559E-05       1.3732E-02       6.6701E-04       1.7569E-05       1.0340E-03       1.9993E-04       1.9985E-04
       1.9050E+00      -5.5108E-02       1.7451E-02       8.4700E-03       1.9400E-02       7.4865E-05       1.3785E-02       6.7404E-04       1.7667E-05       1.0339E-03       1.9992E-04       1.9984E-04
       1.9150E+00      -5.5322E-02       1.7534E-02       8.4994E-03       1.9474E-02       7.5165E-05       1.3838E-02       6.8138E-04       1.7766E-05       1.0339E-03       1.9991E-04       1.9983E-04
       1.9250E+00      -5.5539E-02       1.7617E-02       8.5289E-03       1.9549E-02       7.5458E-05       1.3893E-02       6.8905E-04       1.7865E-05       1.0339E-03       1.9990E-04       1.9981E-04
       1.9350E+00      -5.5758E-02       1.7702E-02       8.5587E-03       1.9624E-02       7.5745E-05       1.3947E-02       6.9705E-04       1.7963E-05       1.0338E-03       1.9990E-04       1.9979E-04
       1.9450E+00      -5.5979E-02       1.7787E-02       8.5887E-03       1.9700E-02       7.6026E-05       1.4003E-02       7.0539E-04       1.8061E-05       1.0338E-03       1.9989E-04       1.9978E-04
       1.9550E+00      -5.6203E-02       1.7873E-02       8.6189E-03       1.9778E-02       7.6302E-05       1.4059E-02       7.1409E-04       1.8159E-05       1.0337E-03       1.9988E-04       1.9976E-04
       1.9650E+00      -5.6429E-02       1.7960E-02       8.6493E-03       1.9855E-02       7.6571E-05       1.4115E-02       7.2314E-04       1.8256E-05       1.0337E-03       1.9987E-04       1.9974E-04
       1.9750E+00      -5.6658E-02       1.8049E-02       8.6800E-03       1.9934E-02       7.6835E-05       1.4173E-02       7.3257E-04       1.8354E-05       1.0336E-03       1.9986E-04       1.9971E-04
       1.9850E+00      -5.6889E-02       1.8138E-02       8.7109E-03       2.0014E-02       7.7094E-05       1.4230E-02       7.4238E-04       1.8451E-05       1.0335E-03       1.9984E-04       1.9969E-04
       1.9950E+00      -5.7123E-02       1.8228E-02       8.7420E-03       2.0094E-02       7.7348E-05       1.4289E-02       7.5258E-04       1.8548E-05       1.0335E-03       1.9983E-04       1.9966E-04
       2.0050E+00      -5.7360E-02       1.8319E-02       8.7734E-03       2.0176E-02       7.7596E-05       1.4348E-02       7.6318E-04       1.8644E-05       1.0334E-03       1.9982E-04       1.9964E-04
       2.0150E+00      -5.7599E-02       1.8410E-02       8.8050E-03       2.0258E-02       7.7840E-05       1.4408E-02       7.7419E-04       1.8741E-05       1.0333E-03       1.9980E-04       1.9961E-04
       2.0250E+00      -5.7840E-02       1.8503E-02       8.8368E-03       2.0341E-02       7.8079E-05       1.4468E-02       7.8562E-04       1.8837E-05       1.0332E-03       1.9979E-04       1.9957E-04
       2.0350E+00      -5.8084E-02       1.8597E-02       8.8689E-03       2.0424E-02       7.8314E-05       1.4529E-02       7.9747E-04       1.8932E-05       1.0332E-03       1.9977E-04       1.9954E-04
       2.0450E+00      -5.8330E-02       1.8692E-02       8.9012E-03       2.0509E-02       7.8544E-05       1.4591E-02       8.0976E-04       1.9028E-05       1.0331E-03       1.9975E-04       1.9950E-04
       2.0550E+00      -5.8579E-02       1.8787E-02       8.9337E-03       2.0594E-02       7.8770E-05       1.4653E-02       8.2250E-04       1.9123E-05       1.0330E-03       1.9973E-04       1.9946E-04
       2.0650E+00      -5.8830E-02       1.8884E-02       8.9665E-03       2.0680E-02       7.8992E-05       1.4716E-02       8.3569E-04       1.9218E-05       1.0328E-03       1.9971E-04       1.9942E-04
       2.0750E+00      -5.9084E-02       1.8982E-02       8.9995E-03       2.0767E-02       7.9210E-05       1.4779E-02       8.4934E-04       1.9312E-05       1.0327E-03       1.9969E-04       1.9938E-04
       2.0850E+00      -5.9340E-02       1.9080E-02       9.0327E-03       2.0854E-02       7.9424E-05       1.4843E-02       8.6345E-04       1.9407E-05       1.0326E-03       1.9966E-04       1.9933E-04
       2.0950E+00      -5.9599E-02       1.9179E-02       9.0662E-03       2.0943E-02       7.9635E-05       1.4908E-02       8.7805E-04       1.9501E-05       1.0325E-03       1.9964E-04       1.9928E-04
       2.1050E+00      -5.9860E-02       1.9280E-02       9.0999E-03       2.1032E-02       7.9842E-05       1.4973E-02       8.9313E-04       1.9594E-05       1.0323E-03       1.9961E-04       1.9922E-04
       2.1150E+00      -6.0123E-02       1.9381E-02       9.1338E-03       2.1122E-02       8.0045E-05       1.5039E-02       9.0870E-04       1.9687E-05       1.0322E-03       1.9958E-04       1.9916E-04
       2.1250E+00      -6.0389E-02       1.9483E-02       9.1679E-03       2.1212E-02       8.0245E-05       1.5106E-02       9.2477E-04       1.9780E-05       1.0320E-03       1.9955E-04       1.9910E-04
       2.1350E+00      -6.0656E-02       1.9586E-02       9.2022E-03       2.1303E-02       8.0442E-05       1.5172E-02       9.4135E-04       1.9873E-05       1.0319E-03       1.9952E-04       1.9903E-04
       2.1450E+00      -6.0926E-02       1.9689E-02       9.2367E-03       2.1395E-02       8.0635E-05       1.5240E-02       9.5844E-04       1.9965E-05       1.0317E-03       1.9948E-04       1.9896E-04
       2.1550E+00      -6.1198E-02       1.9794E-02       9.2714E-03       2.1487E-02       8.0826E-05       1.5308E-02       9.7605E-04       2.0057E-05       1.0315E-03       1.9944E-04       1.9889E-04
       2.1650E+00      -6.1473E-02       1.9899E-02       9.3062E-03       2.1580E-02       8.1013E-05       1.5377E-02       9.9417E-04       2.0148E-05       1.0313E-03       1.9940E-04       1.9881E-04
       2.1750E+00      -6.1749E-02       2.0005E-02       9.3412E-03       2.1674E-02       8.1197E-05       1.5446E-02       1.0128E-03       2.0239E-05       1.0311E-03       1.9936E-04       1.9872E-04
       2.1850E+00      -6.2027E-02       2.0112E-02       9.3764E-03       2.1768E-02       8.1379E-05       1.5515E-02       1.0320E-03       2.0330E-05       1.0308E-03       1.9932E-04       1.9863E-04
       2.1950E+00      -6.2306E-02       2.0220E-02       9.4117E-03       2.1862E-02       8.1558E-05       1.5585E-02       1.0518E-03       2.0420E-05       1.0306E-03       1.9927E-04       1.9854E-04
       2.2050E+00      -6.2588E-02       2.0328E-02       9.4472E-03       2.1957E-02       8.1734E-05       1.5655E-02       1.0720E-03       2.0510E-05       1.0303E-03       1.9922E-04       1.9843E-04
       2.2150E+00      -6.2871E-02       2.0437E-02       9.4827E-03       2.2052E-02       8.1907E-05       1.5726E-02       1.0928E-03       2.0599E-05       1.0300E-03       1.9916E-04       1.9833E-04
       2.2250E+00      -6.3155E-02       2.0546E-02       9.5184E-03       2.2148E-02       8.2077E-05       1.5797E-02       1.1142E-03       2.0688E-05       1.0297E-03       1.9911E-04       1.9821E-04
       2.2350E+00      -6.3441E-02       2.0656E-02       9.5541E-03       2.2244E-02       8.2245E-05       1.5869E-02       1.1361E-03       2.0776E-05       1.0294E-03       1.9905E-04       1.9809E-04
       2.2450E+00      -6.3729E-02       2.0766E-02       9.5899E-03       2.2341E-02       8.2411E-05       1.5941E-02       1.1586E-03       2.0864E-05       1.0291E-03       1.9898E-04       1.9796E-04
       2.2550E+00      -6.4017E-02       2.0877E-02       9.6257E-03       2.2437E-02       8.2574E-05       1.6013E-02       1.1816E-03       2.0952E-05       1.0288E-03       1.9891E-04       1.9783E-04
       2.2650E+00      -6.4306E-02       2.0988E-02       9.6616E-03       2.2534E-02       8.2734E-05       1.6085E-02       1.2051E-03       2.1039E-05       1.0284E-03       1.9884E-04       1.9769E-04
       2.2750E+00      -6.4597E-02       2.1100E-02       9.6975E-03       2.2631E-02       8.2891E-05       1.6158E-02       1.2292E-03       2.1126E-05       1.0280E-03       1.9877E-04       1.9754E-04
       2.2850E+00      -6.4888E-02       2.1212E-02       9.7334E-03       2.2729E-02       8.3046E-05       1.6231E-02       1.2539E-03       2.1212E-05       1.0276E-03       1.9869E-04       1.9738E-04
       2.2950E+00      -6.5179E-02       2.1324E-02       9.7692E-03       2.2826E-02       8.3199E-05       1.6303E-02       1.2791E-03       2.1298E-05       1.0272E-03       1.9860E-04       1.9721E-04
       2.3050E+00      -6.5471E-02       2.1437E-02       9.8049E-03       2.2923E-02       8.3349E-05       1.6376E-02       1.3048E-03       2.1383E-05       1.0267E-03       1.9852E-04       1.9703E-04
       2.3150E+00      -6.5763E-02       2.1549E-02       9.8406E-03       2.3020E-02       8.3496E-05       1.6449E-02       1.3311E-03       2.1468E-05       1.0262E-03       1.9842E-04       1.9685E-04
       2.3250E+00      -6.6055E-02       2.1661E-02       9.8762E-03       2.3117E-02       8.3641E-05       1.6522E-02       1.3580E-03       2.1552E-05       1.0257E-03       1.9833E-04       1.9665E-04
       2.3350E+00      -6.6347E-02       2.1774E-02       9.9116E-03       2.3213E-02       8.3783E-05       1.6595E-02       1.3853E-03       2.1636E-05       1.0252E-03       1.9822E-04       1.9645E-04
       2.3450E+00      -6.6638E-02       2.1886E-02       9.9469E-03       2.3310E-02       8.3923E-05       1.6668E-02       1.4132E-03       2.1719E-05       1.0246E-03       1.9812E-04       1.9623E-04
       2.3550E+00      -6.6929E-02       2.1998E-02       9.9819E-03       2.3406E-02       8.4059E-05       1.6741E-02       1.4416E-03       2.1802E-05       1.0240E-03       1.9800E-04       1.9600E-04
       2.3650E+00      -6.7219E-02       2.2110E-02       1.0017E-02       2.3501E-02       8.4193E-05       1.6813E-02       1.4706E-03       2.1884E-05       1.0234E-03       1.9788E-04       1.9577E-04
       2.3750E+00      -6.7507E-02       2.2222E-02       1.0051E-02       2.3596E-02       8.4325E-05       1.6886E-02       1.5000E-03       2.1966E-05       1.0228E-03       1.9776E-04       1.9552E-04
       2.3850E+00      -6.7795E-02       2.2333E-02       1.0086E-02       2.3691E-02       8.4453E-05       1.6958E-02       1.5299E-03       2.2047E-05       1.0221E-03       1.9763E-04       1.9525E-04
       2.3950E+00      -6.8081E-02       2.2443E-02       1.0120E-02       2.3784E-02       8.4579E-05       1.7029E-02       1.5604E-03       2.2128E-05       1.0214E-03       1.9749E-04       1.9498E-04
       2.4050E+00      -6.8365E-02       2.2553E-02       1.0153E-02       2.3877E-02       8.4701E-05       1.7100E-02       1.5913E-03       2.2208E-05       1.0207E-03       1.9735E-04       1.9469E-04
       2.4150E+00      -6.8647E-02       2.2662E-02       1.0186E-02       2.3969E-02       8.4821E-05       1.7171E-02       1.6226E-03       2.2287E-05       1.0199E-03       1.9719E-04       1.9439E-04
       2.4250E+00      -6.8926E-02       2.2771E-02       1.0219E-02       2.4060E-02       8.4937E-05       1.7241E-02       1.6544E-03       2.2366E-05       1.0191E-03       1.9704E-04       1.9407E-04
       2.4350E+00      -6.9203E-02       2.2878E-02       1.0252E-02       2.4150E-02       8.5050E-05       1.7310E-02       1.6867E-03       2.2445E-05       1.0182E-03       1.9687E-04       1.9374E-04
       2.4450E+00      -6.9477E-02       2.2984E-02       1.0283E-02       2.4239E-02       8.5160E-05       1.7378E-02       1.7194E-03       2.2523E-05       1.0173E-03       1.9670E-04       1.9340E-04
       2.4550E+00      -6.9748E-02       2.3090E-02       1.0315E-02       2.4326E-02       8.5267E-05       1.7446E-02       1.7525E-03       2.2600E-05       1.0164E-03       1.9652E-04       1.9304E-04
       2.4650E+00      -7.0015E-02       2.3194E-02       1.0345E-02       2.4412E-02       8.5370E-05       1.7513E-02       1.7860E-03       2.2677E-05       1.0155E-03       1.9633E-04       1.9267E-04
       2.4750E+00      -7.0278E-02       2.3296E-02       1.0375E-02       2.4497E-02       8.5470E-05       1.7579E-02       1.8198E-03       2.2753E-05       1.0144E-03       1.9614E-04       1.9228E-04
       2.4850E+00      -7.0538E-02       2.3397E-02       1.0405E-02       2.4580E-02       8.5565E-05       1.7643E-02       1.8540E-03       2.2829E-05       1.0134E-03       1.9593E-04       1.9187E-04
       2.4950E+00      -7.0792E-02       2.3497E-02       1.0434E-02       2.4661E-02       8.5658E-05       1.7707E-02       1.8886E-03       2.2904E-05       1.0123E-03       1.9572E-04       1.9145E-04
       2.5050E+00      -7.1042E-02       2.3595E-02       1.0461E-02       2.4740E-02       8.5746E-05       1.7770E-02       1.9235E-03       2.2978E-05       1.0112E-03       1.9550E-04       1.9100E-04
       2.5150E+00      -7.1286E-02       2.3690E-02       1.0489E-02       2.4818E-02       8.5830E-05       1.7831E-02       1.9586E-03       2.3052E-05       1.0100E-03       1.9527E-04       1.9054E-04
       2.5250E+00      -7.1525E-02       2.3784E-02       1.0515E-02       2.4893E-02       8.5911E-05       1.7890E-02       1.9941E-03       2.3125E-05       1.0088E-03       1.9503E-04       1.9007E-04
       2.5350E+00      -7.1759E-02       2.3876E-02       1.0540E-02       2.4966E-02       8.5987E-05       1.7949E-02       2.0298E-03       2.3198E-05       1.0075E-03       1.9479E-04       1.8957E-04
       2.5450E+00      -7.1986E-02       2.3966E-02       1.0565E-02       2.5037E-02       8.6059E-05       1.8006E-02       2.0657E-03       2.3270E-05       1.0061E-03       1.9453E-04       1.8906E-04
       2.5550E+00      -7.2206E-02       2.4053E-02       1.0588E-02       2.5106E-02       8.6126E-05       1.8061E-02       2.1019E-03       2.3342E-05       1.0048E-03       1.9426E-04       1.8852E-04
       2.5650E+00      -7.2419E-02       2.4138E-02       1.0611E-02       2.5172E-02       8.6189E-05       1.8114E-02       2.1382E-03       2.3413E-05       1.0033E-03       1.9398E-04       1.8797E-04
       2.5750E+00      -7.2625E-02       2.4220E-02       1.0632E-02       2.5235E-02       8.6248E-05       1.8165E-02       2.1746E-03       2.3483E-05       1.0019E-03       1.9370E-04       1.8739E-04
       2.5850E+00      -7.2824E-02       2.4300E-02       1.0653E-02       2.5296E-02       8.6301E-05       1.8215E-02       2.2112E-03       2.3553E-05       1.0003E-03       1.9340E-04       1.8680E-04
       2.5950E+00      -7.3014E-02       2.4376E-02       1.0672E-02       2.5353E-02       8.6350E-05       1.8263E-02       2.2479E-03       2.3622E-05       9.9874E-04       1.9309E-04       1.8618E-04
       2.6050E+00      -7.3196E-02       2.4450E-02       1.0690E-02       2.5408E-02       8.6393E-05       1.8308E-02       2.2847E-03       2.3690E-05       9.9709E-04       1.9277E-04       1.8554E-04
       2.6150E+00      -7.3369E-02       2.4520E-02       1.0707E-02       2.5459E-02       8.6432E-05       1.8351E-02       2.3215E-03       2.3758E-05       9.9539E-04       1.9244E-04       1.8488E-04
       2.6250E+00      -7.3533E-02       2.4587E-02       1.0722E-02       2.5507E-02       8.6465E-05       1.8392E-02       2.3583E-03       2.3825E-05       9.9363E-04       1.9210E-04       1.8420E-04
       2.6350E+00      -7.3687E-02       2.4651E-02       1.0736E-02       2.5552E-02       8.6494E-05       1.8431E-02       2.3951E-03       2.3892E-05       9.9182E-04       1.9175E-04       1.8350E-04
       2.6450E+00      -7.3831E-02       2.4711E-02       1.0749E-02       2.5593E-02       8.6516E-05       1.8467E-02       2.4318E-03       2.3958E-05       9.8994E-04       1.9138E-04       1.8277E-04
       2.6550E+00      -7.3966E-02       2.4767E-02       1.0760E-02       2.5630E-02       8.6533E-05       1.8501E-02       2.4684E-03       2.4023E-05       9.8801E-04       1.9101E-04       1.8202E-04
       2.6650E+00      -7.4089E-02       2.4820E-02       1.0770E-02       2.5664E-02       8.6544E-05       1.8532E-02       2.5049E-03       2.4088E-05       9.8602E-04       1.9062E-04       1.8124E-04
       2.6750E+00      -7.4202E-02       2.4869E-02       1.0778E-02       2.5694E-02       8.6550E-05       1.8560E-02       2.5413E-03       2.4152E-05       9.8396E-04       1.9022E-04       1.8045E-04
       2.6850E+00      -7.4303E-02       2.4913E-02       1.0785E-02       2.5719E-02       8.6550E-05       1.8585E-02       2.5775E-03       2.4215E-05       9.8184E-04       1.8981E-04       1.7963E-04
       2.6950E+00      -7.4392E-02       2.4954E-02       1.0790E-02       2.5741E-02       8.6543E-05       1.8607E-02       2.6134E-03       2.4278E-05       9.7966E-04       1.8939E-04       1.7878E-04
       2.7050E+00      -7.4469E-02       2.4990E-02       1.0793E-02       2.5758E-02       8.6531E-05       1.8627E-02       2.6491E-03       2.4340E-05       9.7742E-04       1.8895E-04       1.7791E-04
       2.7150E+00      -7.4534E-02       2.5021E-02       1.0795E-02       2.5771E-02       8.6512E-05       1.8643E-02       2.6845E-03       2.4401E-05       9.7512E-04       1.8851E-04       1.7702E-04
       2.7250E+00      -7.4586E-02       2.5048E-02       1.0795E-02       2.5780E-02       8.6487E-05       1.8656E-02       2.7196E-03       2.4461E-05       9.7275E-04       1.8805E-04       1.7610E-04
       2.7350E+00      -7.4625E-02       2.5071E-02       1.0793E-02       2.5784E-02       8.6456E-05       1.8666E-02       2.7543E-03       2.4521E-05       9.7031E-04       1.8758E-04       1.7515E-04
       2.7450E+00      -7.4651E-02       2.5088E-02       1.0790E-02       2.5783E-02       8.6418E-05       1.8672E-02       2.7886E-03       2.4580E-05       9.6782E-04       1.8709E-04       1.7419E-04
       2.7550E+00      -7.4663E-02       2.5101E-02       1.0784E-02       2.5777E-02       8.6373E-05       1.8675E-02       2.8224E-03       2.4638E-05       9.6525E-04       1.8660E-04       1.7319E-04
       2.7650E+00      -7.4660E-02       2.5109E-02       1.0777E-02       2.5767E-02       8.6322E-05       1.8675E-02       2.8558E-03       2.4696E-05       9.6263E-04       1.8609E-04       1.7217E-04
       2.7750E+00      -7.4644E-02       2.5111E-02       1.0767E-02       2.5751E-02       8.6264E-05       1.8670E-02       2.8887E-03       2.4752E-05       9.5994E-04       1.8556E-04       1.7113E-04
       2.7850E+00      -7.4613E-02       2.5109E-02       1.0756E-02       2.5731E-02       8.6200E-05       1.8663E-02       2.9210E-03       2.4808E-05       9.5718E-04       1.8503E-04       1.7006E-04
       2.7950E+00      -7.4567E-02       2.5101E-02       1.0743E-02       2.5705E-02       8.6128E-05       1.8651E-02       2.9528E-03       2.4863E-05       9.5436E-04       1.8448E-04       1.6897E-04
       2.8050E+00      -7.4506E-02       2.5088E-02       1.0728E-02       2.5674E-02       8.6050E-05       1.8636E-02       2.9839E-03       2.4917E-05       9.5147E-04       1.8392E-04       1.6785E-04
       2.8150E+00      -7.4430E-02       2.5069E-02       1.0710E-02       2.5638E-02       8.5965E-05       1.8617E-02       3.0144E-03       2.4970E-05       9.4852E-04       1.8335E-04       1.6670E-04
       2.8250E+00      -7.4338E-02       2.5045E-02       1.0691E-02       2.5596E-02       8.5872E-05       1.8594E-02       3.0442E-03       2.5023E-05       9.4551E-04       1.8277E-04       1.6553E-04
       2.8350E+00      -7.4230E-02       2.5015E-02       1.0670E-02       2.5549E-02       8.5773E-05       1.8567E-02       3.0732E-03       2.5074E-05       9.4243E-04       1.8217E-04       1.6434E-04
       2.8450E+00      -7.4107E-02       2.4979E-02       1.0646E-02       2.5496E-02       8.5667E-05       1.8536E-02       3.1016E-03       2.5124E-05       9.3929E-04       1.8156E-04       1.6312E-04
       2.8550E+00      -7.3968E-02       2.4938E-02       1.0621E-02       2.5439E-02       8.5554E-05       1.8501E-02       3.1291E-03       2.5174E-05       9.3609E-04       1.8094E-04       1.6188E-04
       2.8650E+00      -7.3813E-02       2.4891E-02       1.0593E-02       2.5375E-02       8.5434E-05       1.8463E-02       3.1558E-03       2.5222E-05       9.3283E-04       1.8031E-04       1.6062E-04
       2.8750E+00      -7.3642E-02       2.4839E-02       1.0563E-02       2.5306E-02       8.5307E-05       1.8420E-02       3.1817E-03       2.5269E-05       9.2951E-04       1.7967E-04       1.5933E-04
       2.8850E+00      -7.3456E-02       2.4781E-02       1.0531E-02       2.5232E-02       8.5173E-05       1.8373E-02       3.2067E-03       2.5315E-05       9.2615E-04       1.7901E-04       1.5803E-04
       2.8950E+00      -7.3254E-02       2.4718E-02       1.0498E-02       2.5153E-02       8.5033E-05       1.8323E-02       3.2307E-03       2.5360E-05       9.2273E-04       1.7835E-04       1.5671E-04
       2.9050E+00      -7.3039E-02       2.4649E-02       1.0462E-02       2.5069E-02       8.4888E-05       1.8269E-02       3.2539E-03       2.5404E-05       9.1928E-04       1.7768E-04       1.5537E-04
       2.9150E+00      -7.2810E-02       2.4576E-02       1.0425E-02       2.4981E-02       8.4737E-05       1.8212E-02       3.2760E-03       2.5446E-05       9.1580E-04       1.7701E-04       1.5402E-04
       2.9250E+00      -7.2570E-02       2.4499E-02       1.0386E-02       2.4888E-02       8.4582E-05       1.8152E-02       3.2970E-03       2.5487E-05       9.1231E-04       1.7633E-04       1.5267E-04
       2.9350E+00      -7.2321E-02       2.4418E-02       1.0347E-02       2.4793E-02       8.4425E-05       1.8090E-02       3.3170E-03       2.5526E-05       9.0884E-04       1.7566E-04       1.5132E-04
       2.9450E+00      -7.2067E-02       2.4336E-02       1.0307E-02       2.4697E-02       8.4267E-05       1.8026E-02       3.3357E-03       2.5563E-05       9.0542E-04       1.7500E-04       1.5000E-04
       2.9550E+00      -7.1815E-02       2.4254E-02       1.0267E-02       2.4601E-02       8.4112E-05       1.7963E-02       3.3529E-03       2.5598E-05       9.0213E-04       1.7436E-04       1.4872E-04
       2.9650E+00      -7.1573E-02       2.4175E-02       1.0229E-02       2.4510E-02       8.3964E-05       1.7903E-02       3.3685E-03       2.5629E-05       8.9904E-04       1.7376E-04       1.4752E-04
       2.9750E+00      -7.1353E-02       2.4103E-02       1.0195E-02       2.4427E-02       8.3832E-05       1.7848E-02       3.3818E-03       2.5657E-05       8.9630E-04       1.7323E-04       1.4646E-04
       2.9850E+00      -7.1175E-02       2.4044E-02       1.0168E-02       2.4361E-02       8.3726E-05       1.7803E-02       3.3923E-03       2.5678E-05       8.9411E-04       1.7281E-04       1.4561E-04
       2.9950E+00      -7.1067E-02       2.4009E-02       1.0151E-02       2.4320E-02       8.3661E-05       1.7776E-02       3.3985E-03       2.5691E-05       8.9278E-04       1.7255E-04       1.4510E-04
