# Time          4.0000E+01
# Units: Mol/kgw
    Distance           H+               CO2(aq)          Mg++             Ca++             K+               SiO2(aq)         Na+              Al+++            Cl-              NO3-             Tracer       
       5.0000E-03       1.2980E-05       1.6255E-05       1.1822E-04       1.8179E-04       2.0012E-05       2.4315E-07       7.9999E-04       4.1864E-07       1.0343E-03       2.0000E-04       2.0000E-04
       1.5000E-02       1.2868E-05       1.6970E-05       1.1400E-04       1.8601E-04       2.0030E-05       3.1446E-07       7.9997E-04       4.4946E-07       1.0343E-03       2.0000E-04       2.0000E-04
       2.5000E-02       1.2755E-05       1.7655E-05       1.0850E-04       1.9154E-04       2.0048E-05       3.8577E-07       7.9994E-04       4.8027E-07       1.0343E-03       2.0000E-04       2.0000E-04
       3.5000E-02       1.2642E-05       1.8311E-05       1.0181E-04       1.9824E-04       2.0066E-05       4.5709E-07       7.9990E-04       5.1108E-07       1.0343E-03       2.0000E-04       2.0000E-04
       4.5000E-02       1.2530E-05       1.8937E-05       9.4171E-05       2.0590E-04       2.0083E-05       5.2840E-07       7.9986E-04       5.4189E-07       1.0343E-03       2.0000E-04       2.0000E-04
       5.5000E-02       1.2417E-05       1.9534E-05       8.5874E-05       2.1422E-04       2.0100E-05       5.9971E-07       7.9982E-04       5.7270E-07       1.0343E-03       2.0000E-04       2.0000E-04
       6.5000E-02       1.2304E-05       2.0102E-05       7.7261E-05       2.2286E-04       2.0116E-05       6.7103E-07       7.9978E-04       6.0352E-07       1.0343E-03       2.0000E-04       2.0000E-04
       7.5000E-02       1.2191E-05       2.0640E-05       6.8666E-05       2.3148E-04       2.0133E-05       7.4235E-07       7.9973E-04       6.3434E-07       1.0343E-03       2.0000E-04       2.0000E-04
       8.5000E-02       1.2079E-05       2.1149E-05       6.0384E-05       2.3979E-04       2.0150E-05       8.1368E-07       7.9969E-04       6.6517E-07       1.0343E-03       2.0000E-04       2.0000E-04
       9.5000E-02       1.1966E-05       2.1629E-05       5.2647E-05       2.4755E-04       2.0167E-05       8.8503E-07       7.9964E-04       6.9602E-07       1.0343E-03       2.0000E-04       2.0000E-04
       1.0500E-01       1.1853E-05       2.2079E-05       4.5612E-05       2.5460E-04       2.0184E-05       9.5641E-07       7.9961E-04       7.2690E-07       1.0343E-03       2.0000E-04       2.0000E-04
       1.1500E-01       1.1740E-05       2.2500E-05       3.9367E-05       2.6087E-04       2.0202E-05       1.0278E-06       7.9957E-04       7.5783E-07       1.0343E-03       2.0000E-04       2.0000E-04
       1.2500E-01       1.1627E-05       2.2891E-05       3.3932E-05       2.6632E-04       2.0219E-05       1.0994E-06       7.9954E-04       7.8884E-07       1.0343E-03       2.0000E-04       2.0000E-04
       1.3500E-01       1.1513E-05       2.3253E-05       2.9277E-05       2.7098E-04       2.0238E-05       1.1710E-06       7.9952E-04       8.1998E-07       1.0343E-03       2.0000E-04       2.0000E-04
       1.4500E-01       1.1399E-05       2.3586E-05       2.5337E-05       2.7494E-04       2.0256E-05       1.2429E-06       7.9950E-04       8.5134E-07       1.0343E-03       2.0000E-04       2.0000E-04
       1.5500E-01       1.1283E-05       2.3889E-05       2.2027E-05       2.7826E-04       2.0275E-05       1.3150E-06       7.9948E-04       8.8302E-07       1.0343E-03       2.0000E-04       2.0000E-04
       1.6500E-01       1.1167E-05       2.4163E-05       1.9254E-05       2.8104E-04       2.0294E-05       1.3877E-06       7.9947E-04       9.1521E-07       1.0343E-03       2.0000E-04       2.0000E-04
       1.7500E-01       1.1047E-05       2.4407E-05       1.6927E-05       2.8337E-04       2.0313E-05       1.4612E-06       7.9945E-04       9.4819E-07       1.0343E-03       2.0000E-04       2.0000E-04
       1.8500E-01       1.0925E-05       2.4622E-05       1.4967E-05       2.8534E-04       2.0333E-05       1.5359E-06       7.9944E-04       9.8241E-07       1.0343E-03       2.0000E-04       2.0000E-04
       1.9500E-01       1.0796E-05       2.4808E-05       1.3305E-05       2.8701E-04       2.0352E-05       1.6126E-06       7.9943E-04       1.0185E-06       1.0343E-03       2.0000E-04       2.0000E-04
       2.0500E-01       1.0658E-05       2.4964E-05       1.1890E-05       2.8842E-04       2.0372E-05       1.6921E-06       7.9943E-04       1.0576E-06       1.0343E-03       2.0000E-04       2.0000E-04
       2.1500E-01       1.0507E-05       2.5092E-05       1.0684E-05       2.8963E-04       2.0392E-05       1.7762E-06       7.9942E-04       1.1012E-06       1.0343E-03       2.0000E-04       2.0000E-04
       2.2500E-01       1.0336E-05       2.5192E-05       9.6690E-06       2.9065E-04       2.0412E-05       1.8673E-06       7.9941E-04       1.1517E-06       1.0343E-03       2.0000E-04       2.0000E-04
       2.3500E-01       1.0131E-05       2.5264E-05       8.8419E-06       2.9148E-04       2.0431E-05       1.9691E-06       7.9941E-04       1.2130E-06       1.0343E-03       2.0000E-04       2.0000E-04
       2.4500E-01       9.8778E-06       2.5310E-05       8.2251E-06       2.9210E-04       2.0451E-05       2.0874E-06       7.9941E-04       1.2908E-06       1.0343E-03       2.0000E-04       2.0000E-04
       2.5500E-01       9.5481E-06       2.5332E-05       7.8746E-06       2.9245E-04       2.0471E-05       2.2310E-06       7.9940E-04       1.3939E-06       1.0343E-03       2.0000E-04       2.0000E-04
       2.6500E-01       9.2372E-06       2.5352E-05       7.5461E-06       2.9278E-04       2.0492E-05       2.3684E-06       7.9940E-04       1.4909E-06       1.0343E-03       2.0000E-04       2.0000E-04
       2.7500E-01       8.9475E-06       2.5372E-05       7.2398E-06       2.9309E-04       2.0512E-05       2.4987E-06       7.9940E-04       1.5807E-06       1.0343E-03       2.0000E-04       2.0000E-04
       2.8500E-01       8.6813E-06       2.5391E-05       6.9562E-06       2.9338E-04       2.0532E-05       2.6212E-06       7.9940E-04       1.6626E-06       1.0343E-03       2.0000E-04       2.0000E-04
       2.9500E-01       8.4402E-06       2.5408E-05       6.6964E-06       2.9364E-04       2.0552E-05       2.7353E-06       7.9940E-04       1.7363E-06       1.0343E-03       2.0000E-04       2.0000E-04
       3.0500E-01       8.2251E-06       2.5424E-05       6.4614E-06       2.9387E-04       2.0572E-05       2.8408E-06       7.9940E-04       1.8012E-06       1.0343E-03       2.0000E-04       2.0000E-04
       3.1500E-01       8.0363E-06       2.5438E-05       6.2529E-06       2.9408E-04       2.0592E-05       2.9375E-06       7.9939E-04       1.8574E-06       1.0343E-03       2.0000E-04       2.0000E-04
       3.2500E-01       7.8729E-06       2.5451E-05       6.0725E-06       2.9426E-04       2.0612E-05       3.0257E-06       7.9939E-04       1.9051E-06       1.0343E-03       2.0000E-04       2.0000E-04
       3.3500E-01       7.7339E-06       2.5461E-05       5.9219E-06       2.9442E-04       2.0632E-05       3.1058E-06       7.9939E-04       1.9447E-06       1.0343E-03       2.0000E-04       2.0000E-04
       3.4500E-01       7.6173E-06       2.5471E-05       5.8032E-06       2.9453E-04       2.0653E-05       3.1784E-06       7.9939E-04       1.9768E-06       1.0343E-03       2.0000E-04       2.0000E-04
       3.5500E-01       7.5212E-06       2.5479E-05       5.7180E-06       2.9462E-04       2.0673E-05       3.2442E-06       7.9939E-04       2.0021E-06       1.0343E-03       2.0000E-04       2.0000E-04
       3.6500E-01       7.4432E-06       2.5485E-05       5.6684E-06       2.9467E-04       2.0693E-05       3.3039E-06       7.9939E-04       2.0213E-06       1.0343E-03       2.0000E-04       2.0000E-04
       3.7500E-01       7.3811E-06       2.5490E-05       5.6559E-06       2.9468E-04       2.0713E-05       3.3584E-06       7.9939E-04       2.0353E-06       1.0343E-03       2.0000E-04       2.0000E-04
       3.8500E-01       7.3326E-06       2.5494E-05       5.6820E-06       2.9466E-04       2.0734E-05       3.4083E-06       7.9939E-04       2.0447E-06       1.0343E-03       2.0000E-04       2.0000E-04
       3.9500E-01       7.2957E-06       2.5498E-05       5.7482E-06       2.9459E-04       2.0754E-05       3.4543E-06       7.9939E-04       2.0502E-06       1.0343E-03       2.0000E-04       2.0000E-04
       4.0500E-01       7.2686E-06       2.5500E-05       5.8552E-06       2.9448E-04       2.0774E-05       3.4971E-06       7.9939E-04       2.0525E-06       1.0343E-03       2.0000E-04       2.0000E-04
       4.1500E-01       7.2495E-06       2.5502E-05       6.0039E-06       2.9433E-04       2.0794E-05       3.5372E-06       7.9939E-04       2.0521E-06       1.0343E-03       2.0000E-04       2.0000E-04
       4.2500E-01       7.2372E-06       2.5504E-05       6.1947E-06       2.9414E-04       2.0815E-05       3.5751E-06       7.9939E-04       2.0495E-06       1.0343E-03       2.0000E-04       2.0000E-04
       4.3500E-01       7.2303E-06       2.5505E-05       6.4275E-06       2.9391E-04       2.0835E-05       3.6111E-06       7.9940E-04       2.0451E-06       1.0343E-03       2.0000E-04       2.0000E-04
       4.4500E-01       7.2279E-06       2.5505E-05       6.7022E-06       2.9363E-04       2.0855E-05       3.6457E-06       7.9940E-04       2.0391E-06       1.0343E-03       2.0000E-04       2.0000E-04
       4.5500E-01       7.2290E-06       2.5506E-05       7.0181E-06       2.9331E-04       2.0876E-05       3.6791E-06       7.9940E-04       2.0320E-06       1.0343E-03       2.0000E-04       2.0000E-04
       4.6500E-01       7.2331E-06       2.5506E-05       7.3746E-06       2.9296E-04       2.0896E-05       3.7115E-06       7.9940E-04       2.0239E-06       1.0343E-03       2.0000E-04       2.0000E-04
       4.7500E-01       7.2394E-06       2.5506E-05       7.7706E-06       2.9256E-04       2.0916E-05       3.7431E-06       7.9940E-04       2.0150E-06       1.0343E-03       2.0000E-04       2.0000E-04
       4.8500E-01       7.2476E-06       2.5506E-05       8.2050E-06       2.9212E-04       2.0937E-05       3.7741E-06       7.9941E-04       2.0055E-06       1.0343E-03       2.0000E-04       2.0000E-04
       4.9500E-01       7.2572E-06       2.5505E-05       8.6763E-06       2.9165E-04       2.0957E-05       3.8047E-06       7.9941E-04       1.9956E-06       1.0343E-03       2.0000E-04       2.0000E-04
       5.0500E-01       7.2680E-06       2.5505E-05       9.1834E-06       2.9114E-04       2.0978E-05       3.8348E-06       7.9941E-04       1.9852E-06       1.0343E-03       2.0000E-04       2.0000E-04
       5.1500E-01       7.2796E-06       2.5504E-05       9.7246E-06       2.9060E-04       2.0998E-05       3.8647E-06       7.9941E-04       1.9746E-06       1.0343E-03       2.0000E-04       2.0000E-04
       5.2500E-01       7.2918E-06       2.5504E-05       1.0299E-05       2.9002E-04       2.1018E-05       3.8944E-06       7.9942E-04       1.9638E-06       1.0343E-03       2.0000E-04       2.0000E-04
       5.3500E-01       7.3046E-06       2.5503E-05       1.0904E-05       2.8942E-04       2.1039E-05       3.9239E-06       7.9942E-04       1.9528E-06       1.0343E-03       2.0000E-04       2.0000E-04
       5.4500E-01       7.3176E-06       2.5503E-05       1.1539E-05       2.8878E-04       2.1059E-05       3.9533E-06       7.9942E-04       1.9417E-06       1.0343E-03       2.0000E-04       2.0000E-04
       5.5500E-01       7.3309E-06       2.5502E-05       1.2204E-05       2.8811E-04       2.1080E-05       3.9826E-06       7.9943E-04       1.9305E-06       1.0343E-03       2.0000E-04       2.0000E-04
       5.6500E-01       7.3444E-06       2.5501E-05       1.2895E-05       2.8742E-04       2.1100E-05       4.0119E-06       7.9943E-04       1.9193E-06       1.0343E-03       2.0000E-04       2.0000E-04
       5.7500E-01       7.3579E-06       2.5501E-05       1.3613E-05       2.8670E-04       2.1121E-05       4.0411E-06       7.9943E-04       1.9080E-06       1.0343E-03       2.0000E-04       2.0000E-04
       5.8500E-01       7.3715E-06       2.5500E-05       1.4357E-05       2.8595E-04       2.1141E-05       4.0703E-06       7.9944E-04       1.8967E-06       1.0343E-03       2.0000E-04       2.0000E-04
       5.9500E-01       7.3850E-06       2.5500E-05       1.5124E-05       2.8518E-04       2.1162E-05       4.0996E-06       7.9944E-04       1.8855E-06       1.0343E-03       2.0000E-04       2.0000E-04
       6.0500E-01       7.3985E-06       2.5499E-05       1.5916E-05       2.8439E-04       2.1182E-05       4.1289E-06       7.9945E-04       1.8742E-06       1.0343E-03       2.0000E-04       2.0000E-04
       6.1500E-01       7.4118E-06       2.5498E-05       1.6730E-05       2.8357E-04       2.1203E-05       4.1582E-06       7.9945E-04       1.8630E-06       1.0343E-03       2.0000E-04       2.0000E-04
       6.2500E-01       7.4251E-06       2.5498E-05       1.7566E-05       2.8273E-04       2.1223E-05       4.1875E-06       7.9945E-04       1.8519E-06       1.0343E-03       2.0000E-04       2.0000E-04
       6.3500E-01       7.4382E-06       2.5497E-05       1.8423E-05       2.8187E-04       2.1244E-05       4.2169E-06       7.9946E-04       1.8408E-06       1.0343E-03       2.0000E-04       2.0000E-04
       6.4500E-01       7.4511E-06       2.5496E-05       1.9301E-05       2.8099E-04       2.1264E-05       4.2463E-06       7.9946E-04       1.8297E-06       1.0343E-03       2.0000E-04       2.0000E-04
       6.5500E-01       7.4639E-06       2.5496E-05       2.0199E-05       2.8009E-04       2.1285E-05       4.2758E-06       7.9947E-04       1.8187E-06       1.0343E-03       2.0000E-04       2.0000E-04
       6.6500E-01       7.4766E-06       2.5495E-05       2.1117E-05       2.7917E-04       2.1305E-05       4.3053E-06       7.9947E-04       1.8077E-06       1.0343E-03       2.0000E-04       2.0000E-04
       6.7500E-01       7.4890E-06       2.5495E-05       2.2054E-05       2.7823E-04       2.1326E-05       4.3349E-06       7.9948E-04       1.7968E-06       1.0343E-03       2.0000E-04       2.0000E-04
       6.8500E-01       7.5013E-06       2.5494E-05       2.3009E-05       2.7727E-04       2.1346E-05       4.3646E-06       7.9948E-04       1.7860E-06       1.0343E-03       2.0000E-04       2.0000E-04
       6.9500E-01       7.5134E-06       2.5494E-05       2.3982E-05       2.7630E-04       2.1367E-05       4.3943E-06       7.9949E-04       1.7752E-06       1.0343E-03       2.0000E-04       2.0000E-04
       7.0500E-01       7.5253E-06       2.5493E-05       2.4972E-05       2.7530E-04       2.1387E-05       4.4241E-06       7.9949E-04       1.7645E-06       1.0343E-03       2.0000E-04       2.0000E-04
       7.1500E-01       7.5370E-06       2.5493E-05       2.5979E-05       2.7429E-04       2.1408E-05       4.4539E-06       7.9950E-04       1.7538E-06       1.0343E-03       2.0000E-04       2.0000E-04
       7.2500E-01       7.5485E-06       2.5492E-05       2.7002E-05       2.7327E-04       2.1428E-05       4.4838E-06       7.9950E-04       1.7432E-06       1.0343E-03       2.0000E-04       2.0000E-04
       7.3500E-01       7.5599E-06       2.5492E-05       2.8041E-05       2.7223E-04       2.1449E-05       4.5138E-06       7.9951E-04       1.7327E-06       1.0343E-03       2.0000E-04       2.0000E-04
       7.4500E-01       7.5710E-06       2.5491E-05       2.9094E-05       2.7117E-04       2.1469E-05       4.5438E-06       7.9952E-04       1.7222E-06       1.0343E-03       2.0000E-04       2.0000E-04
       7.5500E-01       7.5820E-06       2.5491E-05       3.0162E-05       2.7010E-04       2.1490E-05       4.5739E-06       7.9952E-04       1.7118E-06       1.0343E-03       2.0000E-04       2.0000E-04
       7.6500E-01       7.5927E-06       2.5491E-05       3.1243E-05       2.6901E-04       2.1510E-05       4.6041E-06       7.9953E-04       1.7015E-06       1.0343E-03       2.0000E-04       2.0000E-04
       7.7500E-01       7.6033E-06       2.5490E-05       3.2337E-05       2.6792E-04       2.1531E-05       4.6343E-06       7.9953E-04       1.6912E-06       1.0343E-03       2.0000E-04       2.0000E-04
       7.8500E-01       7.6137E-06       2.5490E-05       3.3444E-05       2.6681E-04       2.1551E-05       4.6646E-06       7.9954E-04       1.6810E-06       1.0343E-03       2.0000E-04       2.0000E-04
       7.9500E-01       7.6239E-06       2.5489E-05       3.4561E-05       2.6569E-04       2.1571E-05       4.6950E-06       7.9954E-04       1.6709E-06       1.0343E-03       2.0000E-04       2.0000E-04
       8.0500E-01       7.6339E-06       2.5489E-05       3.5690E-05       2.6456E-04       2.1592E-05       4.7254E-06       7.9955E-04       1.6608E-06       1.0343E-03       2.0000E-04       2.0000E-04
       8.1500E-01       7.6437E-06       2.5489E-05       3.6829E-05       2.6341E-04       2.1612E-05       4.7559E-06       7.9956E-04       1.6508E-06       1.0343E-03       2.0000E-04       2.0000E-04
       8.2500E-01       7.6533E-06       2.5488E-05       3.7976E-05       2.6226E-04       2.1633E-05       4.7864E-06       7.9956E-04       1.6408E-06       1.0343E-03       2.0000E-04       2.0000E-04
       8.3500E-01       7.6627E-06       2.5488E-05       3.9132E-05       2.6110E-04       2.1653E-05       4.8170E-06       7.9957E-04       1.6309E-06       1.0343E-03       2.0000E-04       2.0000E-04
       8.4500E-01       7.6720E-06       2.5488E-05       4.0296E-05       2.5994E-04       2.1673E-05       4.8477E-06       7.9957E-04       1.6211E-06       1.0343E-03       2.0000E-04       2.0000E-04
       8.5500E-01       7.6810E-06       2.5487E-05       4.1467E-05       2.5876E-04       2.1694E-05       4.8784E-06       7.9958E-04       1.6113E-06       1.0343E-03       2.0000E-04       2.0000E-04
       8.6500E-01       7.6899E-06       2.5487E-05       4.2644E-05       2.5758E-04       2.1714E-05       4.9092E-06       7.9959E-04       1.6016E-06       1.0343E-03       2.0000E-04       2.0000E-04
       8.7500E-01       7.6986E-06       2.5487E-05       4.3825E-05       2.5640E-04       2.1734E-05       4.9401E-06       7.9959E-04       1.5919E-06       1.0343E-03       2.0000E-04       2.0000E-04
       8.8500E-01       7.7072E-06       2.5487E-05       4.5012E-05       2.5521E-04       2.1754E-05       4.9710E-06       7.9960E-04       1.5823E-06       1.0343E-03       2.0000E-04       2.0000E-04
       8.9500E-01       7.7155E-06       2.5486E-05       4.6201E-05       2.5401E-04       2.1774E-05       5.0019E-06       7.9960E-04       1.5728E-06       1.0343E-03       2.0000E-04       2.0000E-04
       9.0500E-01       7.7237E-06       2.5486E-05       4.7394E-05       2.5282E-04       2.1795E-05       5.0330E-06       7.9961E-04       1.5633E-06       1.0343E-03       2.0000E-04       2.0000E-04
       9.1500E-01       7.7317E-06       2.5486E-05       4.8588E-05       2.5162E-04       2.1815E-05       5.0641E-06       7.9962E-04       1.5539E-06       1.0343E-03       2.0000E-04       2.0000E-04
       9.2500E-01       7.7395E-06       2.5486E-05       4.9784E-05       2.5042E-04       2.1835E-05       5.0952E-06       7.9962E-04       1.5446E-06       1.0343E-03       2.0000E-04       2.0000E-04
       9.3500E-01       7.7471E-06       2.5486E-05       5.0980E-05       2.4922E-04       2.1855E-05       5.1264E-06       7.9963E-04       1.5353E-06       1.0343E-03       2.0000E-04       2.0000E-04
       9.4500E-01       7.7546E-06       2.5486E-05       5.2175E-05       2.4803E-04       2.1875E-05       5.1577E-06       7.9963E-04       1.5260E-06       1.0343E-03       2.0000E-04       2.0000E-04
       9.5500E-01       7.7619E-06       2.5485E-05       5.3369E-05       2.4683E-04       2.1895E-05       5.1890E-06       7.9964E-04       1.5169E-06       1.0343E-03       2.0000E-04       2.0000E-04
       9.6500E-01       7.7690E-06       2.5485E-05       5.4561E-05       2.4563E-04       2.1914E-05       5.2204E-06       7.9965E-04       1.5077E-06       1.0343E-03       2.0000E-04       2.0000E-04
       9.7500E-01       7.7759E-06       2.5485E-05       5.5750E-05       2.4444E-04       2.1934E-05       5.2518E-06       7.9965E-04       1.4987E-06       1.0343E-03       2.0000E-04       2.0000E-04
       9.8500E-01       7.7827E-06       2.5485E-05       5.6936E-05       2.4325E-04       2.1954E-05       5.2833E-06       7.9966E-04       1.4897E-06       1.0343E-03       2.0000E-04       2.0000E-04
       9.9500E-01       7.7894E-06       2.5485E-05       5.8117E-05       2.4207E-04       2.1974E-05       5.3148E-06       7.9966E-04       1.4807E-06       1.0343E-03       2.0000E-04       2.0000E-04
       1.0050E+00       7.7958E-06       2.5485E-05       5.9293E-05       2.4089E-04       2.1993E-05       5.3464E-06       7.9967E-04       1.4718E-06       1.0343E-03       2.0000E-04       2.0000E-04
       1.0150E+00       7.8021E-06       2.5485E-05       6.0463E-05       2.3972E-04       2.2013E-05       5.3781E-06       7.9968E-04       1.4629E-06       1.0343E-03       2.0000E-04       2.0000E-04
       1.0250E+00       7.8082E-06       2.5485E-05       6.1627E-05       2.3855E-04       2.2032E-05       5.4098E-06       7.9968E-04       1.4542E-06       1.0343E-03       2.0000E-04       2.0000E-04
       1.0350E+00       7.8142E-06       2.5485E-05       6.2784E-05       2.3739E-04       2.2052E-05       5.4416E-06       7.9969E-04       1.4454E-06       1.0343E-03       2.0000E-04       2.0000E-04
       1.0450E+00       7.8200E-06       2.5485E-05       6.3934E-05       2.3624E-04       2.2071E-05       5.4734E-06       7.9969E-04       1.4367E-06       1.0343E-03       2.0000E-04       2.0000E-04
       1.0550E+00       7.8256E-06       2.5485E-05       6.5075E-05       2.3510E-04       2.2090E-05       5.5052E-06       7.9970E-04       1.4281E-06       1.0343E-03       2.0000E-04       2.0000E-04
       1.0650E+00       7.8311E-06       2.5485E-05       6.6207E-05       2.3396E-04       2.2109E-05       5.5372E-06       7.9970E-04       1.4195E-06       1.0343E-03       2.0000E-04       2.0000E-04
       1.0750E+00       7.8364E-06       2.5485E-05       6.7330E-05       2.3284E-04       2.2128E-05       5.5691E-06       7.9971E-04       1.4110E-06       1.0343E-03       2.0000E-04       2.0000E-04
       1.0850E+00       7.8416E-06       2.5485E-05       6.8443E-05       2.3172E-04       2.2147E-05       5.6012E-06       7.9971E-04       1.4025E-06       1.0343E-03       2.0000E-04       2.0000E-04
       1.0950E+00       7.8466E-06       2.5485E-05       6.9545E-05       2.3062E-04       2.2166E-05       5.6333E-06       7.9972E-04       1.3941E-06       1.0343E-03       2.0000E-04       2.0000E-04
       1.1050E+00       7.8515E-06       2.5485E-05       7.0637E-05       2.2952E-04       2.2185E-05       5.6654E-06       7.9972E-04       1.3857E-06       1.0343E-03       2.0000E-04       2.0000E-04
       1.1150E+00       7.8562E-06       2.5485E-05       7.1717E-05       2.2844E-04       2.2203E-05       5.6976E-06       7.9973E-04       1.3774E-06       1.0343E-03       2.0000E-04       2.0000E-04
       1.1250E+00       7.8607E-06       2.5485E-05       7.2785E-05       2.2737E-04       2.2222E-05       5.7298E-06       7.9973E-04       1.3692E-06       1.0343E-03       2.0000E-04       2.0000E-04
       1.1350E+00       7.8651E-06       2.5485E-05       7.3841E-05       2.2631E-04       2.2240E-05       5.7621E-06       7.9974E-04       1.3609E-06       1.0343E-03       2.0000E-04       2.0000E-04
       1.1450E+00       7.8693E-06       2.5485E-05       7.4885E-05       2.2527E-04       2.2258E-05       5.7944E-06       7.9974E-04       1.3528E-06       1.0343E-03       2.0000E-04       2.0000E-04
       1.1550E+00       7.8734E-06       2.5485E-05       7.5916E-05       2.2424E-04       2.2276E-05       5.8268E-06       7.9974E-04       1.3447E-06       1.0343E-03       2.0000E-04       2.0000E-04
       1.1650E+00       7.8774E-06       2.5485E-05       7.6933E-05       2.2322E-04       2.2294E-05       5.8592E-06       7.9975E-04       1.3366E-06       1.0343E-03       2.0000E-04       2.0000E-04
       1.1750E+00       7.8812E-06       2.5485E-05       7.7937E-05       2.2221E-04       2.2311E-05       5.8917E-06       7.9975E-04       1.3286E-06       1.0343E-03       2.0000E-04       2.0000E-04
       1.1850E+00       7.8848E-06       2.5486E-05       7.8927E-05       2.2122E-04       2.2329E-05       5.9243E-06       7.9976E-04       1.3206E-06       1.0343E-03       2.0000E-04       2.0000E-04
       1.1950E+00       7.8883E-06       2.5486E-05       7.9903E-05       2.2025E-04       2.2346E-05       5.9568E-06       7.9976E-04       1.3127E-06       1.0343E-03       2.0000E-04       2.0000E-04
       1.2050E+00       7.8917E-06       2.5486E-05       8.0865E-05       2.1928E-04       2.2363E-05       5.9895E-06       7.9976E-04       1.3048E-06       1.0343E-03       2.0000E-04       2.0000E-04
       1.2150E+00       7.8949E-06       2.5486E-05       8.1812E-05       2.1834E-04       2.2380E-05       6.0222E-06       7.9977E-04       1.2970E-06       1.0343E-03       2.0000E-04       2.0000E-04
       1.2250E+00       7.8980E-06       2.5486E-05       8.2745E-05       2.1740E-04       2.2397E-05       6.0549E-06       7.9977E-04       1.2892E-06       1.0343E-03       2.0000E-04       2.0000E-04
       1.2350E+00       7.9009E-06       2.5487E-05       8.3663E-05       2.1649E-04       2.2413E-05       6.0877E-06       7.9977E-04       1.2815E-06       1.0343E-03       2.0000E-04       2.0000E-04
       1.2450E+00       7.9037E-06       2.5487E-05       8.4566E-05       2.1558E-04       2.2429E-05       6.1205E-06       7.9978E-04       1.2738E-06       1.0343E-03       2.0000E-04       2.0000E-04
       1.2550E+00       7.9064E-06       2.5487E-05       8.5454E-05       2.1470E-04       2.2445E-05       6.1533E-06       7.9978E-04       1.2662E-06       1.0343E-03       2.0000E-04       2.0000E-04
       1.2650E+00       7.9089E-06       2.5487E-05       8.6327E-05       2.1382E-04       2.2461E-05       6.1862E-06       7.9978E-04       1.2586E-06       1.0343E-03       2.0000E-04       2.0000E-04
       1.2750E+00       7.9113E-06       2.5487E-05       8.7184E-05       2.1297E-04       2.2476E-05       6.2192E-06       7.9978E-04       1.2511E-06       1.0343E-03       2.0000E-04       2.0000E-04
       1.2850E+00       7.9135E-06       2.5488E-05       8.8027E-05       2.1213E-04       2.2491E-05       6.2522E-06       7.9978E-04       1.2436E-06       1.0343E-03       2.0000E-04       2.0000E-04
       1.2950E+00       7.9156E-06       2.5488E-05       8.8854E-05       2.1130E-04       2.2506E-05       6.2853E-06       7.9979E-04       1.2361E-06       1.0343E-03       2.0000E-04       2.0000E-04
       1.3050E+00       7.9176E-06       2.5488E-05       8.9667E-05       2.1049E-04       2.2521E-05       6.3184E-06       7.9979E-04       1.2287E-06       1.0343E-03       2.0000E-04       2.0000E-04
       1.3150E+00       7.9194E-06       2.5489E-05       9.0463E-05       2.0970E-04       2.2535E-05       6.3515E-06       7.9979E-04       1.2213E-06       1.0343E-03       2.0000E-04       2.0000E-04
       1.3250E+00       7.9211E-06       2.5489E-05       9.1245E-05       2.0892E-04       2.2549E-05       6.3847E-06       7.9979E-04       1.2140E-06       1.0343E-03       2.0000E-04       2.0000E-04
       1.3350E+00       7.9227E-06       2.5489E-05       9.2012E-05       2.0815E-04       2.2562E-05       6.4179E-06       7.9979E-04       1.2068E-06       1.0343E-03       2.0000E-04       2.0000E-04
       1.3450E+00       7.9241E-06       2.5490E-05       9.2764E-05       2.0740E-04       2.2575E-05       6.4512E-06       7.9979E-04       1.1995E-06       1.0343E-03       2.0000E-04       2.0000E-04
       1.3550E+00       7.9254E-06       2.5490E-05       9.3500E-05       2.0667E-04       2.2588E-05       6.4845E-06       7.9979E-04       1.1923E-06       1.0343E-03       2.0000E-04       2.0000E-04
       1.3650E+00       7.9266E-06       2.5490E-05       9.4222E-05       2.0595E-04       2.2600E-05       6.5179E-06       7.9979E-04       1.1852E-06       1.0343E-03       2.0000E-04       2.0000E-04
       1.3750E+00       7.9276E-06       2.5491E-05       9.4929E-05       2.0525E-04       2.2612E-05       6.5513E-06       7.9979E-04       1.1781E-06       1.0343E-03       2.0000E-04       2.0000E-04
       1.3850E+00       7.9285E-06       2.5491E-05       9.5621E-05       2.0456E-04       2.2624E-05       6.5847E-06       7.9979E-04       1.1710E-06       1.0343E-03       2.0000E-04       2.0000E-04
       1.3950E+00       7.9293E-06       2.5491E-05       9.6299E-05       2.0389E-04       2.2635E-05       6.6182E-06       7.9979E-04       1.1640E-06       1.0343E-03       2.0000E-04       2.0000E-04
       1.4050E+00       7.9300E-06       2.5492E-05       9.6962E-05       2.0323E-04       2.2645E-05       6.6517E-06       7.9979E-04       1.1571E-06       1.0343E-03       2.0000E-04       2.0000E-04
       1.4150E+00       7.9305E-06       2.5492E-05       9.7611E-05       2.0259E-04       2.2655E-05       6.6853E-06       7.9979E-04       1.1501E-06       1.0343E-03       2.0000E-04       2.0000E-04
       1.4250E+00       7.9309E-06       2.5493E-05       9.8246E-05       2.0196E-04       2.2665E-05       6.7189E-06       7.9979E-04       1.1432E-06       1.0343E-03       2.0000E-04       2.0000E-04
       1.4350E+00       7.9312E-06       2.5493E-05       9.8867E-05       2.0134E-04       2.2674E-05       6.7526E-06       7.9979E-04       1.1364E-06       1.0343E-03       2.0000E-04       2.0000E-04
       1.4450E+00       7.9314E-06       2.5493E-05       9.9474E-05       2.0074E-04       2.2682E-05       6.7863E-06       7.9978E-04       1.1296E-06       1.0343E-03       2.0000E-04       2.0000E-04
       1.4550E+00       7.9314E-06       2.5494E-05       1.0007E-04       2.0016E-04       2.2690E-05       6.8200E-06       7.9978E-04       1.1228E-06       1.0343E-03       2.0000E-04       2.0000E-04
       1.4650E+00       7.9314E-06       2.5494E-05       1.0065E-04       1.9959E-04       2.2697E-05       6.8538E-06       7.9978E-04       1.1161E-06       1.0343E-03       2.0000E-04       2.0000E-04
       1.4750E+00       7.9312E-06       2.5495E-05       1.0121E-04       1.9903E-04       2.2704E-05       6.8876E-06       7.9977E-04       1.1094E-06       1.0343E-03       2.0000E-04       2.0000E-04
       1.4850E+00       7.9308E-06       2.5495E-05       1.0177E-04       1.9848E-04       2.2710E-05       6.9214E-06       7.9977E-04       1.1028E-06       1.0343E-03       2.0000E-04       2.0000E-04
       1.4950E+00       7.9304E-06       2.5496E-05       1.0231E-04       1.9795E-04       2.2715E-05       6.9553E-06       7.9977E-04       1.0962E-06       1.0343E-03       2.0000E-04       2.0000E-04
       1.5050E+00       7.9298E-06       2.5496E-05       1.0284E-04       1.9743E-04       2.2720E-05       6.9893E-06       7.9976E-04       1.0896E-06       1.0343E-03       2.0000E-04       2.0000E-04
       1.5150E+00       7.9292E-06       2.5497E-05       1.0335E-04       1.9693E-04       2.2724E-05       7.0233E-06       7.9976E-04       1.0831E-06       1.0343E-03       2.0000E-04       2.0000E-04
       1.5250E+00       7.9284E-06       2.5497E-05       1.0385E-04       1.9644E-04       2.2727E-05       7.0573E-06       7.9975E-04       1.0766E-06       1.0343E-03       2.0000E-04       2.0000E-04
       1.5350E+00       7.9275E-06       2.5498E-05       1.0434E-04       1.9596E-04       2.2729E-05       7.0913E-06       7.9975E-04       1.0701E-06       1.0343E-03       2.0000E-04       2.0000E-04
       1.5450E+00       7.9264E-06       2.5498E-05       1.0482E-04       1.9549E-04       2.2731E-05       7.1254E-06       7.9974E-04       1.0637E-06       1.0343E-03       2.0000E-04       2.0000E-04
       1.5550E+00       7.9253E-06       2.5499E-05       1.0529E-04       1.9504E-04       2.2731E-05       7.1595E-06       7.9974E-04       1.0574E-06       1.0343E-03       2.0000E-04       2.0000E-04
       1.5650E+00       7.9241E-06       2.5500E-05       1.0574E-04       1.9459E-04       2.2731E-05       7.1937E-06       7.9973E-04       1.0510E-06       1.0343E-03       2.0000E-04       2.0000E-04
       1.5750E+00       7.9227E-06       2.5500E-05       1.0619E-04       1.9416E-04       2.2730E-05       7.2279E-06       7.9972E-04       1.0447E-06       1.0343E-03       2.0000E-04       2.0000E-04
       1.5850E+00       7.9212E-06       2.5501E-05       1.0662E-04       1.9375E-04       2.2729E-05       7.2622E-06       7.9971E-04       1.0385E-06       1.0343E-03       2.0000E-04       2.0000E-04
       1.5950E+00       7.9196E-06       2.5501E-05       1.0704E-04       1.9334E-04       2.2726E-05       7.2964E-06       7.9971E-04       1.0323E-06       1.0343E-03       2.0000E-04       2.0000E-04
       1.6050E+00       7.9179E-06       2.5502E-05       1.0745E-04       1.9294E-04       2.2722E-05       7.3308E-06       7.9970E-04       1.0261E-06       1.0343E-03       2.0000E-04       2.0000E-04
       1.6150E+00       7.9161E-06       2.5503E-05       1.0786E-04       1.9256E-04       2.2717E-05       7.3651E-06       7.9969E-04       1.0199E-06       1.0343E-03       2.0000E-04       2.0000E-04
       1.6250E+00       7.9142E-06       2.5503E-05       1.0825E-04       1.9219E-04       2.2712E-05       7.3995E-06       7.9968E-04       1.0138E-06       1.0343E-03       2.0000E-04       2.0000E-04
       1.6350E+00       7.9122E-06       2.5504E-05       1.0863E-04       1.9183E-04       2.2705E-05       7.4339E-06       7.9967E-04       1.0077E-06       1.0343E-03       2.0000E-04       2.0000E-04
       1.6450E+00       7.9100E-06       2.5504E-05       1.0900E-04       1.9147E-04       2.2697E-05       7.4684E-06       7.9966E-04       1.0017E-06       1.0343E-03       2.0000E-04       2.0000E-04
       1.6550E+00       7.9078E-06       2.5505E-05       1.0936E-04       1.9113E-04       2.2688E-05       7.5029E-06       7.9965E-04       9.9571E-07       1.0343E-03       2.0000E-04       2.0000E-04
       1.6650E+00       7.9054E-06       2.5506E-05       1.0971E-04       1.9080E-04       2.2678E-05       7.5374E-06       7.9964E-04       9.8974E-07       1.0343E-03       2.0000E-04       2.0000E-04
       1.6750E+00       7.9030E-06       2.5506E-05       1.1005E-04       1.9048E-04       2.2667E-05       7.5720E-06       7.9962E-04       9.8381E-07       1.0343E-03       2.0000E-04       2.0000E-04
       1.6850E+00       7.9004E-06       2.5507E-05       1.1039E-04       1.9017E-04       2.2655E-05       7.6066E-06       7.9961E-04       9.7792E-07       1.0343E-03       2.0000E-04       2.0000E-04
       1.6950E+00       7.8977E-06       2.5508E-05       1.1071E-04       1.8987E-04       2.2641E-05       7.6412E-06       7.9960E-04       9.7205E-07       1.0343E-03       2.0000E-04       2.0000E-04
       1.7050E+00       7.8950E-06       2.5509E-05       1.1103E-04       1.8958E-04       2.2626E-05       7.6759E-06       7.9959E-04       9.6623E-07       1.0343E-03       2.0000E-04       2.0000E-04
       1.7150E+00       7.8921E-06       2.5509E-05       1.1133E-04       1.8929E-04       2.2610E-05       7.7106E-06       7.9957E-04       9.6044E-07       1.0343E-03       2.0000E-04       2.0000E-04
       1.7250E+00       7.8891E-06       2.5510E-05       1.1163E-04       1.8902E-04       2.2593E-05       7.7454E-06       7.9956E-04       9.5468E-07       1.0343E-03       2.0000E-04       2.0000E-04
       1.7350E+00       7.8860E-06       2.5511E-05       1.1192E-04       1.8876E-04       2.2574E-05       7.7801E-06       7.9954E-04       9.4895E-07       1.0343E-03       2.0000E-04       2.0000E-04
       1.7450E+00       7.8829E-06       2.5511E-05       1.1221E-04       1.8850E-04       2.2554E-05       7.8150E-06       7.9952E-04       9.4327E-07       1.0343E-03       2.0000E-04       2.0000E-04
       1.7550E+00       7.8796E-06       2.5512E-05       1.1248E-04       1.8826E-04       2.2532E-05       7.8498E-06       7.9951E-04       9.3761E-07       1.0343E-03       2.0000E-04       2.0000E-04
       1.7650E+00       7.8762E-06       2.5513E-05       1.1275E-04       1.8802E-04       2.2509E-05       7.8847E-06       7.9949E-04       9.3199E-07       1.0343E-03       2.0000E-04       2.0000E-04
       1.7750E+00       7.8727E-06       2.5514E-05       1.1301E-04       1.8779E-04       2.2485E-05       7.9196E-06       7.9947E-04       9.2640E-07       1.0343E-03       2.0000E-04       2.0000E-04
       1.7850E+00       7.8691E-06       2.5514E-05       1.1327E-04       1.8757E-04       2.2459E-05       7.9545E-06       7.9945E-04       9.2084E-07       1.0343E-03       2.0000E-04       2.0000E-04
       1.7950E+00       7.8655E-06       2.5515E-05       1.1351E-04       1.8735E-04       2.2432E-05       7.9895E-06       7.9943E-04       9.1532E-07       1.0343E-03       2.0000E-04       2.0000E-04
       1.8050E+00       7.8617E-06       2.5516E-05       1.1375E-04       1.8715E-04       2.2403E-05       8.0245E-06       7.9941E-04       9.0982E-07       1.0343E-03       2.0000E-04       2.0000E-04
       1.8150E+00       7.8578E-06       2.5517E-05       1.1399E-04       1.8695E-04       2.2373E-05       8.0596E-06       7.9939E-04       9.0437E-07       1.0343E-03       2.0000E-04       2.0000E-04
       1.8250E+00       7.8538E-06       2.5518E-05       1.1421E-04       1.8676E-04       2.2341E-05       8.0946E-06       7.9937E-04       8.9894E-07       1.0343E-03       2.0000E-04       2.0000E-04
       1.8350E+00       7.8498E-06       2.5519E-05       1.1444E-04       1.8658E-04       2.2307E-05       8.1297E-06       7.9935E-04       8.9354E-07       1.0343E-03       2.0000E-04       2.0000E-04
       1.8450E+00       7.8456E-06       2.5519E-05       1.1465E-04       1.8640E-04       2.2272E-05       8.1649E-06       7.9932E-04       8.8818E-07       1.0343E-03       2.0000E-04       2.0000E-04
       1.8550E+00       7.8414E-06       2.5520E-05       1.1486E-04       1.8623E-04       2.2235E-05       8.2000E-06       7.9930E-04       8.8285E-07       1.0343E-03       2.0000E-04       2.0000E-04
       1.8650E+00       7.8370E-06       2.5521E-05       1.1506E-04       1.8607E-04       2.2197E-05       8.2352E-06       7.9927E-04       8.7755E-07       1.0343E-03       2.0000E-04       2.0000E-04
       1.8750E+00       7.8326E-06       2.5522E-05       1.1526E-04       1.8591E-04       2.2157E-05       8.2705E-06       7.9925E-04       8.7228E-07       1.0343E-03       2.0000E-04       2.0000E-04
       1.8850E+00       7.8280E-06       2.5523E-05       1.1545E-04       1.8576E-04       2.2115E-05       8.3057E-06       7.9922E-04       8.6704E-07       1.0343E-03       2.0000E-04       2.0000E-04
       1.8950E+00       7.8234E-06       2.5524E-05       1.1564E-04       1.8562E-04       2.2071E-05       8.3410E-06       7.9919E-04       8.6183E-07       1.0343E-03       2.0000E-04       2.0000E-04
       1.9050E+00       7.8187E-06       2.5525E-05       1.1582E-04       1.8549E-04       2.2026E-05       8.3764E-06       7.9917E-04       8.5666E-07       1.0343E-03       2.0000E-04       2.0000E-04
       1.9150E+00       7.8139E-06       2.5526E-05       1.1600E-04       1.8536E-04       2.1978E-05       8.4117E-06       7.9914E-04       8.5151E-07       1.0343E-03       2.0000E-04       2.0000E-04
       1.9250E+00       7.8090E-06       2.5526E-05       1.1617E-04       1.8523E-04       2.1930E-05       8.4471E-06       7.9911E-04       8.4639E-07       1.0343E-03       2.0000E-04       2.0000E-04
       1.9350E+00       7.8040E-06       2.5527E-05       1.1634E-04       1.8512E-04       2.1879E-05       8.4825E-06       7.9908E-04       8.4131E-07       1.0343E-03       2.0000E-04       2.0000E-04
       1.9450E+00       7.7989E-06       2.5528E-05       1.1651E-04       1.8500E-04       2.1826E-05       8.5180E-06       7.9905E-04       8.3625E-07       1.0343E-03       2.0000E-04       2.0000E-04
       1.9550E+00       7.7937E-06       2.5529E-05       1.1667E-04       1.8490E-04       2.1772E-05       8.5534E-06       7.9901E-04       8.3122E-07       1.0343E-03       2.0000E-04       2.0000E-04
       1.9650E+00       7.7885E-06       2.5530E-05       1.1682E-04       1.8480E-04       2.1716E-05       8.5889E-06       7.9898E-04       8.2623E-07       1.0343E-03       2.0000E-04       2.0000E-04
       1.9750E+00       7.7831E-06       2.5531E-05       1.1697E-04       1.8470E-04       2.1658E-05       8.6245E-06       7.9895E-04       8.2126E-07       1.0343E-03       2.0000E-04       2.0000E-04
       1.9850E+00       7.7777E-06       2.5532E-05       1.1712E-04       1.8461E-04       2.1598E-05       8.6600E-06       7.9891E-04       8.1632E-07       1.0343E-03       2.0000E-04       2.0000E-04
       1.9950E+00       7.7722E-06       2.5533E-05       1.1726E-04       1.8453E-04       2.1536E-05       8.6956E-06       7.9888E-04       8.1141E-07       1.0343E-03       2.0000E-04       2.0000E-04
       2.0050E+00       7.7666E-06       2.5534E-05       1.1740E-04       1.8445E-04       2.1472E-05       8.7312E-06       7.9884E-04       8.0653E-07       1.0343E-03       2.0000E-04       2.0000E-04
       2.0150E+00       7.7609E-06       2.5535E-05       1.1754E-04       1.8437E-04       2.1407E-05       8.7669E-06       7.9880E-04       8.0168E-07       1.0343E-03       2.0000E-04       2.0000E-04
       2.0250E+00       7.7551E-06       2.5536E-05       1.1767E-04       1.8430E-04       2.1339E-05       8.8026E-06       7.9876E-04       7.9685E-07       1.0343E-03       2.0000E-04       2.0000E-04
       2.0350E+00       7.7492E-06       2.5537E-05       1.1780E-04       1.8424E-04       2.1270E-05       8.8383E-06       7.9873E-04       7.9206E-07       1.0343E-03       2.0000E-04       2.0000E-04
       2.0450E+00       7.7433E-06       2.5538E-05       1.1793E-04       1.8418E-04       2.1199E-05       8.8740E-06       7.9869E-04       7.8729E-07       1.0343E-03       2.0000E-04       2.0000E-04
       2.0550E+00       7.7373E-06       2.5539E-05       1.1805E-04       1.8412E-04       2.1125E-05       8.9098E-06       7.9864E-04       7.8255E-07       1.0343E-03       2.0000E-04       2.0000E-04
       2.0650E+00       7.7311E-06       2.5540E-05       1.1817E-04       1.8407E-04       2.1050E-05       8.9455E-06       7.9860E-04       7.7783E-07       1.0343E-03       2.0000E-04       2.0000E-04
       2.0750E+00       7.7249E-06       2.5541E-05       1.1829E-04       1.8402E-04       2.0973E-05       8.9814E-06       7.9856E-04       7.7315E-07       1.0343E-03       2.0000E-04       2.0000E-04
       2.0850E+00       7.7187E-06       2.5542E-05       1.1840E-04       1.8398E-04       2.0895E-05       9.0172E-06       7.9852E-04       7.6849E-07       1.0343E-03       2.0000E-04       2.0000E-04
       2.0950E+00       7.7123E-06       2.5544E-05       1.1852E-04       1.8394E-04       2.0814E-05       9.0531E-06       7.9847E-04       7.6386E-07       1.0343E-03       2.0000E-04       2.0000E-04
       2.1050E+00       7.7059E-06       2.5545E-05       1.1863E-04       1.8390E-04       2.0731E-05       9.0890E-06       7.9843E-04       7.5926E-07       1.0343E-03       2.0000E-04       2.0000E-04
       2.1150E+00       7.6994E-06       2.5546E-05       1.1873E-04       1.8387E-04       2.0647E-05       9.1249E-06       7.9838E-04       7.5468E-07       1.0343E-03       2.0000E-04       2.0000E-04
       2.1250E+00       7.6928E-06       2.5547E-05       1.1884E-04       1.8384E-04       2.0561E-05       9.1608E-06       7.9833E-04       7.5013E-07       1.0343E-03       2.0000E-04       2.0000E-04
       2.1350E+00       7.6861E-06       2.5548E-05       1.1894E-04       1.8382E-04       2.0473E-05       9.1968E-06       7.9829E-04       7.4561E-07       1.0343E-03       2.0000E-04       2.0000E-04
       2.1450E+00       7.6793E-06       2.5549E-05       1.1904E-04       1.8380E-04       2.0383E-05       9.2328E-06       7.9824E-04       7.4111E-07       1.0343E-03       2.0000E-04       2.0000E-04
       2.1550E+00       7.6725E-06       2.5550E-05       1.1914E-04       1.8378E-04       2.0291E-05       9.2689E-06       7.9819E-04       7.3664E-07       1.0343E-03       2.0000E-04       2.0000E-04
       2.1650E+00       7.6656E-06       2.5551E-05       1.1923E-04       1.8376E-04       2.0198E-05       9.3049E-06       7.9814E-04       7.3219E-07       1.0343E-03       2.0000E-04       2.0000E-04
       2.1750E+00       7.6586E-06       2.5552E-05       1.1933E-04       1.8375E-04       2.0102E-05       9.3410E-06       7.9809E-04       7.2777E-07       1.0343E-03       2.0000E-04       2.0000E-04
       2.1850E+00       7.6515E-06       2.5554E-05       1.1942E-04       1.8375E-04       2.0005E-05       9.3771E-06       7.9803E-04       7.2338E-07       1.0343E-03       2.0000E-04       2.0000E-04
       2.1950E+00       7.6443E-06       2.5555E-05       1.1951E-04       1.8374E-04       1.9907E-05       9.4132E-06       7.9798E-04       7.1901E-07       1.0343E-03       2.0000E-04       2.0000E-04
       2.2050E+00       7.6371E-06       2.5556E-05       1.1960E-04       1.8374E-04       1.9806E-05       9.4494E-06       7.9793E-04       7.1467E-07       1.0343E-03       2.0000E-04       2.0000E-04
       2.2150E+00       7.6298E-06       2.5557E-05       1.1969E-04       1.8374E-04       1.9704E-05       9.4856E-06       7.9787E-04       7.1035E-07       1.0343E-03       2.0000E-04       2.0000E-04
       2.2250E+00       7.6225E-06       2.5558E-05       1.1977E-04       1.8375E-04       1.9601E-05       9.5218E-06       7.9782E-04       7.0606E-07       1.0343E-03       2.0000E-04       2.0000E-04
       2.2350E+00       7.6150E-06       2.5560E-05       1.1986E-04       1.8375E-04       1.9495E-05       9.5580E-06       7.9776E-04       7.0180E-07       1.0343E-03       2.0000E-04       2.0000E-04
       2.2450E+00       7.6075E-06       2.5561E-05       1.1994E-04       1.8376E-04       1.9388E-05       9.5943E-06       7.9770E-04       6.9755E-07       1.0343E-03       2.0000E-04       2.0000E-04
       2.2550E+00       7.5999E-06       2.5562E-05       1.2002E-04       1.8377E-04       1.9280E-05       9.6306E-06       7.9764E-04       6.9334E-07       1.0343E-03       2.0000E-04       2.0000E-04
       2.2650E+00       7.5922E-06       2.5563E-05       1.2010E-04       1.8379E-04       1.9170E-05       9.6669E-06       7.9758E-04       6.8914E-07       1.0343E-03       2.0000E-04       2.0000E-04
       2.2750E+00       7.5845E-06       2.5565E-05       1.2018E-04       1.8380E-04       1.9058E-05       9.7032E-06       7.9752E-04       6.8497E-07       1.0343E-03       2.0000E-04       2.0000E-04
       2.2850E+00       7.5766E-06       2.5566E-05       1.2026E-04       1.8382E-04       1.8945E-05       9.7396E-06       7.9746E-04       6.8083E-07       1.0343E-03       2.0000E-04       2.0000E-04
       2.2950E+00       7.5688E-06       2.5567E-05       1.2033E-04       1.8385E-04       1.8831E-05       9.7759E-06       7.9740E-04       6.7671E-07       1.0343E-03       2.0000E-04       2.0000E-04
       2.3050E+00       7.5608E-06       2.5568E-05       1.2041E-04       1.8387E-04       1.8715E-05       9.8123E-06       7.9734E-04       6.7261E-07       1.0343E-03       2.0000E-04       2.0000E-04
       2.3150E+00       7.5528E-06       2.5570E-05       1.2048E-04       1.8390E-04       1.8598E-05       9.8488E-06       7.9728E-04       6.6854E-07       1.0343E-03       2.0000E-04       2.0000E-04
       2.3250E+00       7.5447E-06       2.5571E-05       1.2055E-04       1.8392E-04       1.8480E-05       9.8852E-06       7.9721E-04       6.6449E-07       1.0343E-03       2.0000E-04       2.0000E-04
       2.3350E+00       7.5365E-06       2.5572E-05       1.2063E-04       1.8395E-04       1.8360E-05       9.9217E-06       7.9715E-04       6.6047E-07       1.0343E-03       2.0000E-04       2.0000E-04
       2.3450E+00       7.5282E-06       2.5573E-05       1.2070E-04       1.8398E-04       1.8239E-05       9.9582E-06       7.9708E-04       6.5647E-07       1.0343E-03       2.0000E-04       2.0000E-04
       2.3550E+00       7.5199E-06       2.5575E-05       1.2077E-04       1.8402E-04       1.8117E-05       9.9947E-06       7.9702E-04       6.5249E-07       1.0343E-03       2.0000E-04       2.0000E-04
       2.3650E+00       7.5115E-06       2.5576E-05       1.2084E-04       1.8405E-04       1.7994E-05       1.0031E-05       7.9695E-04       6.4853E-07       1.0343E-03       2.0000E-04       2.0000E-04
       2.3750E+00       7.5031E-06       2.5577E-05       1.2091E-04       1.8409E-04       1.7870E-05       1.0068E-05       7.9688E-04       6.4460E-07       1.0343E-03       2.0000E-04       2.0000E-04
       2.3850E+00       7.4946E-06       2.5579E-05       1.2097E-04       1.8413E-04       1.7745E-05       1.0104E-05       7.9682E-04       6.4069E-07       1.0343E-03       2.0000E-04       2.0000E-04
       2.3950E+00       7.4860E-06       2.5580E-05       1.2104E-04       1.8417E-04       1.7619E-05       1.0141E-05       7.9675E-04       6.3680E-07       1.0343E-03       2.0000E-04       2.0000E-04
       2.4050E+00       7.4773E-06       2.5582E-05       1.2111E-04       1.8421E-04       1.7492E-05       1.0178E-05       7.9668E-04       6.3294E-07       1.0343E-03       2.0000E-04       2.0000E-04
       2.4150E+00       7.4686E-06       2.5583E-05       1.2117E-04       1.8426E-04       1.7363E-05       1.0214E-05       7.9661E-04       6.2909E-07       1.0343E-03       2.0000E-04       2.0000E-04
       2.4250E+00       7.4598E-06       2.5584E-05       1.2124E-04       1.8430E-04       1.7235E-05       1.0251E-05       7.9654E-04       6.2527E-07       1.0343E-03       2.0000E-04       2.0000E-04
       2.4350E+00       7.4510E-06       2.5586E-05       1.2130E-04       1.8435E-04       1.7105E-05       1.0288E-05       7.9647E-04       6.2148E-07       1.0343E-03       2.0000E-04       2.0000E-04
       2.4450E+00       7.4420E-06       2.5587E-05       1.2136E-04       1.8440E-04       1.6975E-05       1.0324E-05       7.9639E-04       6.1770E-07       1.0343E-03       2.0000E-04       2.0000E-04
       2.4550E+00       7.4330E-06       2.5589E-05       1.2143E-04       1.8444E-04       1.6844E-05       1.0361E-05       7.9632E-04       6.1395E-07       1.0343E-03       2.0000E-04       2.0000E-04
       2.4650E+00       7.4240E-06       2.5590E-05       1.2149E-04       1.8449E-04       1.6712E-05       1.0398E-05       7.9625E-04       6.1021E-07       1.0343E-03       2.0000E-04       2.0000E-04
       2.4750E+00       7.4149E-06       2.5591E-05       1.2155E-04       1.8455E-04       1.6580E-05       1.0435E-05       7.9617E-04       6.0650E-07       1.0343E-03       2.0000E-04       2.0000E-04
       2.4850E+00       7.4057E-06       2.5593E-05       1.2161E-04       1.8460E-04       1.6447E-05       1.0472E-05       7.9610E-04       6.0282E-07       1.0343E-03       2.0000E-04       2.0000E-04
       2.4950E+00       7.3964E-06       2.5594E-05       1.2167E-04       1.8465E-04       1.6314E-05       1.0508E-05       7.9602E-04       5.9915E-07       1.0343E-03       2.0000E-04       2.0000E-04
       2.5050E+00       7.3871E-06       2.5596E-05       1.2173E-04       1.8471E-04       1.6180E-05       1.0545E-05       7.9595E-04       5.9550E-07       1.0343E-03       2.0000E-04       2.0000E-04
       2.5150E+00       7.3778E-06       2.5597E-05       1.2179E-04       1.8476E-04       1.6046E-05       1.0582E-05       7.9587E-04       5.9188E-07       1.0343E-03       2.0000E-04       2.0000E-04
       2.5250E+00       7.3683E-06       2.5599E-05       1.2185E-04       1.8482E-04       1.5912E-05       1.0619E-05       7.9579E-04       5.8827E-07       1.0343E-03       2.0000E-04       2.0000E-04
       2.5350E+00       7.3588E-06       2.5600E-05       1.2191E-04       1.8488E-04       1.5777E-05       1.0656E-05       7.9572E-04       5.8469E-07       1.0343E-03       2.0000E-04       2.0000E-04
       2.5450E+00       7.3493E-06       2.5602E-05       1.2197E-04       1.8494E-04       1.5642E-05       1.0693E-05       7.9564E-04       5.8113E-07       1.0343E-03       2.0000E-04       2.0000E-04
       2.5550E+00       7.3396E-06       2.5603E-05       1.2203E-04       1.8499E-04       1.5508E-05       1.0730E-05       7.9556E-04       5.7758E-07       1.0343E-03       2.0000E-04       2.0000E-04
       2.5650E+00       7.3299E-06       2.5605E-05       1.2208E-04       1.8505E-04       1.5373E-05       1.0767E-05       7.9548E-04       5.7406E-07       1.0343E-03       2.0000E-04       2.0000E-04
       2.5750E+00       7.3202E-06       2.5606E-05       1.2214E-04       1.8512E-04       1.5238E-05       1.0804E-05       7.9540E-04       5.7056E-07       1.0343E-03       2.0000E-04       2.0000E-04
       2.5850E+00       7.3104E-06       2.5608E-05       1.2219E-04       1.8518E-04       1.5103E-05       1.0841E-05       7.9532E-04       5.6708E-07       1.0343E-03       2.0000E-04       2.0000E-04
       2.5950E+00       7.3005E-06       2.5609E-05       1.2225E-04       1.8524E-04       1.4968E-05       1.0878E-05       7.9524E-04       5.6362E-07       1.0343E-03       2.0000E-04       2.0000E-04
       2.6050E+00       7.2906E-06       2.5611E-05       1.2231E-04       1.8530E-04       1.4833E-05       1.0915E-05       7.9516E-04       5.6018E-07       1.0343E-03       2.0000E-04       2.0000E-04
       2.6150E+00       7.2806E-06       2.5612E-05       1.2236E-04       1.8537E-04       1.4698E-05       1.0952E-05       7.9508E-04       5.5676E-07       1.0343E-03       2.0000E-04       2.0000E-04
       2.6250E+00       7.2706E-06       2.5614E-05       1.2241E-04       1.8543E-04       1.4564E-05       1.0989E-05       7.9499E-04       5.5336E-07       1.0343E-03       2.0000E-04       2.0000E-04
       2.6350E+00       7.2604E-06       2.5616E-05       1.2247E-04       1.8550E-04       1.4430E-05       1.1026E-05       7.9491E-04       5.4998E-07       1.0343E-03       2.0000E-04       2.0000E-04
       2.6450E+00       7.2503E-06       2.5617E-05       1.2252E-04       1.8556E-04       1.4296E-05       1.1063E-05       7.9482E-04       5.4661E-07       1.0343E-03       2.0000E-04       2.0000E-04
       2.6550E+00       7.2401E-06       2.5619E-05       1.2257E-04       1.8563E-04       1.4163E-05       1.1101E-05       7.9474E-04       5.4327E-07       1.0343E-03       2.0000E-04       2.0000E-04
       2.6650E+00       7.2298E-06       2.5620E-05       1.2263E-04       1.8569E-04       1.4030E-05       1.1138E-05       7.9465E-04       5.3995E-07       1.0343E-03       2.0000E-04       2.0000E-04
       2.6750E+00       7.2194E-06       2.5622E-05       1.2268E-04       1.8576E-04       1.3897E-05       1.1175E-05       7.9457E-04       5.3665E-07       1.0343E-03       2.0000E-04       2.0000E-04
       2.6850E+00       7.2090E-06       2.5624E-05       1.2273E-04       1.8583E-04       1.3765E-05       1.1212E-05       7.9448E-04       5.3336E-07       1.0343E-03       2.0000E-04       2.0000E-04
       2.6950E+00       7.1986E-06       2.5625E-05       1.2278E-04       1.8590E-04       1.3634E-05       1.1249E-05       7.9439E-04       5.3010E-07       1.0343E-03       2.0000E-04       2.0000E-04
       2.7050E+00       7.1881E-06       2.5627E-05       1.2283E-04       1.8597E-04       1.3503E-05       1.1287E-05       7.9431E-04       5.2685E-07       1.0343E-03       2.0000E-04       2.0000E-04
       2.7150E+00       7.1775E-06       2.5629E-05       1.2288E-04       1.8604E-04       1.3373E-05       1.1324E-05       7.9422E-04       5.2362E-07       1.0343E-03       2.0000E-04       2.0000E-04
       2.7250E+00       7.1669E-06       2.5630E-05       1.2293E-04       1.8611E-04       1.3244E-05       1.1361E-05       7.9413E-04       5.2041E-07       1.0343E-03       2.0000E-04       2.0000E-04
       2.7350E+00       7.1562E-06       2.5632E-05       1.2298E-04       1.8618E-04       1.3115E-05       1.1398E-05       7.9404E-04       5.1722E-07       1.0343E-03       2.0000E-04       2.0000E-04
       2.7450E+00       7.1455E-06       2.5634E-05       1.2303E-04       1.8625E-04       1.2988E-05       1.1436E-05       7.9395E-04       5.1405E-07       1.0343E-03       2.0000E-04       2.0000E-04
       2.7550E+00       7.1347E-06       2.5635E-05       1.2308E-04       1.8632E-04       1.2861E-05       1.1473E-05       7.9386E-04       5.1090E-07       1.0343E-03       2.0000E-04       2.0000E-04
       2.7650E+00       7.1238E-06       2.5637E-05       1.2312E-04       1.8639E-04       1.2735E-05       1.1511E-05       7.9376E-04       5.0776E-07       1.0343E-03       2.0000E-04       2.0000E-04
       2.7750E+00       7.1129E-06       2.5639E-05       1.2317E-04       1.8646E-04       1.2610E-05       1.1548E-05       7.9367E-04       5.0464E-07       1.0343E-03       2.0000E-04       2.0000E-04
       2.7850E+00       7.1020E-06       2.5641E-05       1.2322E-04       1.8653E-04       1.2486E-05       1.1585E-05       7.9358E-04       5.0155E-07       1.0343E-03       2.0000E-04       2.0000E-04
       2.7950E+00       7.0910E-06       2.5642E-05       1.2326E-04       1.8661E-04       1.2363E-05       1.1623E-05       7.9348E-04       4.9847E-07       1.0343E-03       2.0000E-04       2.0000E-04
       2.8050E+00       7.0799E-06       2.5644E-05       1.2331E-04       1.8668E-04       1.2241E-05       1.1660E-05       7.9339E-04       4.9540E-07       1.0343E-03       2.0000E-04       2.0000E-04
       2.8150E+00       7.0688E-06       2.5646E-05       1.2335E-04       1.8675E-04       1.2120E-05       1.1698E-05       7.9329E-04       4.9236E-07       1.0343E-03       2.0000E-04       2.0000E-04
       2.8250E+00       7.0576E-06       2.5648E-05       1.2340E-04       1.8683E-04       1.2000E-05       1.1735E-05       7.9320E-04       4.8933E-07       1.0343E-03       2.0000E-04       2.0000E-04
       2.8350E+00       7.0464E-06       2.5649E-05       1.2344E-04       1.8690E-04       1.1882E-05       1.1773E-05       7.9310E-04       4.8632E-07       1.0343E-03       2.0000E-04       2.0000E-04
       2.8450E+00       7.0352E-06       2.5651E-05       1.2348E-04       1.8698E-04       1.1764E-05       1.1810E-05       7.9300E-04       4.8333E-07       1.0343E-03       2.0000E-04       2.0000E-04
       2.8550E+00       7.0239E-06       2.5653E-05       1.2352E-04       1.8705E-04       1.1648E-05       1.1847E-05       7.9290E-04       4.8036E-07       1.0343E-03       2.0000E-04       2.0000E-04
       2.8650E+00       7.0125E-06       2.5655E-05       1.2356E-04       1.8713E-04       1.1533E-05       1.1885E-05       7.9280E-04       4.7741E-07       1.0343E-03       2.0000E-04       2.0000E-04
       2.8750E+00       7.0011E-06       2.5657E-05       1.2360E-04       1.8721E-04       1.1420E-05       1.1922E-05       7.9270E-04       4.7448E-07       1.0343E-03       2.0000E-04       2.0000E-04
       2.8850E+00       6.9897E-06       2.5658E-05       1.2364E-04       1.8729E-04       1.1308E-05       1.1960E-05       7.9260E-04       4.7158E-07       1.0343E-03       2.0000E-04       2.0000E-04
       2.8950E+00       6.9783E-06       2.5660E-05       1.2368E-04       1.8736E-04       1.1198E-05       1.1997E-05       7.9249E-04       4.6869E-07       1.0343E-03       2.0000E-04       2.0000E-04
       2.9050E+00       6.9669E-06       2.5662E-05       1.2372E-04       1.8744E-04       1.1090E-05       1.2034E-05       7.9239E-04       4.6584E-07       1.0343E-03       2.0000E-04       2.0000E-04
       2.9150E+00       6.9555E-06       2.5664E-05       1.2376E-04       1.8752E-04       1.0983E-05       1.2071E-05       7.9229E-04       4.6303E-07       1.0343E-03       2.0000E-04       2.0000E-04
       2.9250E+00       6.9442E-06       2.5666E-05       1.2379E-04       1.8760E-04       1.0879E-05       1.2107E-05       7.9218E-04       4.6026E-07       1.0343E-03       2.0000E-04       2.0000E-04
       2.9350E+00       6.9331E-06       2.5667E-05       1.2383E-04       1.8767E-04       1.0778E-05       1.2143E-05       7.9208E-04       4.5756E-07       1.0343E-03       2.0000E-04       2.0000E-04
       2.9450E+00       6.9223E-06       2.5669E-05       1.2386E-04       1.8775E-04       1.0680E-05       1.2178E-05       7.9198E-04       4.5495E-07       1.0343E-03       2.0000E-04       2.0000E-04
       2.9550E+00       6.9119E-06       2.5671E-05       1.2389E-04       1.8782E-04       1.0588E-05       1.2211E-05       7.9189E-04       4.5247E-07       1.0343E-03       2.0000E-04       2.0000E-04
       2.9650E+00       6.9022E-06       2.5672E-05       1.2392E-04       1.8789E-04       1.0504E-05       1.2242E-05       7.9180E-04       4.5018E-07       1.0343E-03       2.0000E-04       2.0000E-04
       2.9750E+00       6.8936E-06       2.5674E-05       1.2395E-04       1.8794E-04       1.0429E-05       1.2269E-05       7.9172E-04       4.4816E-07       1.0343E-03       2.0000E-04       2.0000E-04
       2.9850E+00       6.8868E-06       2.5675E-05       1.2397E-04       1.8799E-04       1.0370E-05       1.2291E-05       7.9165E-04       4.4656E-07       1.0343E-03       2.0000E-04       2.0000E-04
       2.9950E+00       6.8826E-06       2.5676E-05       1.2398E-04       1.8802E-04       1.0335E-05       1.2304E-05       7.9161E-04       4.4560E-07       1.0343E-03       2.0000E-04       2.0000E-04
