# Time          4.5000E+01
# Units: Mol/kgw
    Distance           H+               CO2(aq)          Mg++             Ca++             K+               SiO2(aq)         Na+              Al+++            Cl-              NO3-             Tracer       
       5.0000E-03       1.2980E-05       1.6255E-05       1.1852E-04       1.8149E-04       2.0012E-05       2.4315E-07       7.9999E-04       4.1864E-07       1.0343E-03       2.0000E-04       2.0000E-04
       1.5000E-02       1.2868E-05       1.6970E-05       1.1499E-04       1.8502E-04       2.0030E-05       3.1446E-07       7.9997E-04       4.4946E-07       1.0343E-03       2.0000E-04       2.0000E-04
       2.5000E-02       1.2755E-05       1.7655E-05       1.1034E-04       1.8969E-04       2.0049E-05       3.8577E-07       7.9995E-04       4.8027E-07       1.0343E-03       2.0000E-04       2.0000E-04
       3.5000E-02       1.2642E-05       1.8311E-05       1.0461E-04       1.9544E-04       2.0067E-05       4.5709E-07       7.9992E-04       5.1108E-07       1.0343E-03       2.0000E-04       2.0000E-04
       4.5000E-02       1.2530E-05       1.8937E-05       9.7927E-05       2.0214E-04       2.0084E-05       5.2840E-07       7.9988E-04       5.4189E-07       1.0343E-03       2.0000E-04       2.0000E-04
       5.5000E-02       1.2417E-05       1.9534E-05       9.0514E-05       2.0957E-04       2.0101E-05       5.9971E-07       7.9985E-04       5.7270E-07       1.0343E-03       2.0000E-04       2.0000E-04
       6.5000E-02       1.2304E-05       2.0102E-05       8.2628E-05       2.1748E-04       2.0118E-05       6.7103E-07       7.9980E-04       6.0352E-07       1.0343E-03       2.0000E-04       2.0000E-04
       7.5000E-02       1.2191E-05       2.0640E-05       7.4545E-05       2.2558E-04       2.0135E-05       7.4235E-07       7.9976E-04       6.3434E-07       1.0343E-03       2.0000E-04       2.0000E-04
       8.5000E-02       1.2079E-05       2.1149E-05       6.6534E-05       2.3362E-04       2.0152E-05       8.1368E-07       7.9972E-04       6.6517E-07       1.0343E-03       2.0000E-04       2.0000E-04
       9.5000E-02       1.1966E-05       2.1629E-05       5.8826E-05       2.4135E-04       2.0169E-05       8.8503E-07       7.9968E-04       6.9602E-07       1.0343E-03       2.0000E-04       2.0000E-04
       1.0500E-01       1.1853E-05       2.2079E-05       5.1606E-05       2.4859E-04       2.0186E-05       9.5641E-07       7.9964E-04       7.2690E-07       1.0343E-03       2.0000E-04       2.0000E-04
       1.1500E-01       1.1740E-05       2.2500E-05       4.5000E-05       2.5522E-04       2.0204E-05       1.0278E-06       7.9960E-04       7.5783E-07       1.0343E-03       2.0000E-04       2.0000E-04
       1.2500E-01       1.1627E-05       2.2891E-05       3.9083E-05       2.6115E-04       2.0222E-05       1.0994E-06       7.9957E-04       7.8884E-07       1.0343E-03       2.0000E-04       2.0000E-04
       1.3500E-01       1.1513E-05       2.3253E-05       3.3875E-05       2.6637E-04       2.0240E-05       1.1710E-06       7.9954E-04       8.1998E-07       1.0343E-03       2.0000E-04       2.0000E-04
       1.4500E-01       1.1399E-05       2.3586E-05       2.9361E-05       2.7090E-04       2.0258E-05       1.2429E-06       7.9952E-04       8.5134E-07       1.0343E-03       2.0000E-04       2.0000E-04
       1.5500E-01       1.1283E-05       2.3889E-05       2.5492E-05       2.7478E-04       2.0277E-05       1.3150E-06       7.9950E-04       8.8302E-07       1.0343E-03       2.0000E-04       2.0000E-04
       1.6500E-01       1.1167E-05       2.4163E-05       2.2202E-05       2.7808E-04       2.0296E-05       1.3877E-06       7.9948E-04       9.1521E-07       1.0343E-03       2.0000E-04       2.0000E-04
       1.7500E-01       1.1047E-05       2.4407E-05       1.9420E-05       2.8087E-04       2.0315E-05       1.4612E-06       7.9947E-04       9.4819E-07       1.0343E-03       2.0000E-04       2.0000E-04
       1.8500E-01       1.0925E-05       2.4622E-05       1.7069E-05       2.8323E-04       2.0334E-05       1.5359E-06       7.9945E-04       9.8241E-07       1.0343E-03       2.0000E-04       2.0000E-04
       1.9500E-01       1.0796E-05       2.4808E-05       1.5082E-05       2.8522E-04       2.0353E-05       1.6126E-06       7.9944E-04       1.0185E-06       1.0343E-03       2.0000E-04       2.0000E-04
       2.0500E-01       1.0658E-05       2.4964E-05       1.3402E-05       2.8691E-04       2.0373E-05       1.6921E-06       7.9943E-04       1.0576E-06       1.0343E-03       2.0000E-04       2.0000E-04
       2.1500E-01       1.0507E-05       2.5092E-05       1.1985E-05       2.8833E-04       2.0392E-05       1.7762E-06       7.9943E-04       1.1012E-06       1.0343E-03       2.0000E-04       2.0000E-04
       2.2500E-01       1.0336E-05       2.5192E-05       1.0803E-05       2.8952E-04       2.0412E-05       1.8673E-06       7.9942E-04       1.1517E-06       1.0343E-03       2.0000E-04       2.0000E-04
       2.3500E-01       1.0131E-05       2.5264E-05       9.8483E-06       2.9047E-04       2.0432E-05       1.9691E-06       7.9941E-04       1.2130E-06       1.0343E-03       2.0000E-04       2.0000E-04
       2.4500E-01       9.8778E-06       2.5310E-05       9.1405E-06       2.9118E-04       2.0452E-05       2.0874E-06       7.9941E-04       1.2908E-06       1.0343E-03       2.0000E-04       2.0000E-04
       2.5500E-01       9.5481E-06       2.5332E-05       8.7390E-06       2.9159E-04       2.0472E-05       2.2310E-06       7.9941E-04       1.3939E-06       1.0343E-03       2.0000E-04       2.0000E-04
       2.6500E-01       9.2372E-06       2.5352E-05       8.3623E-06       2.9197E-04       2.0492E-05       2.3684E-06       7.9941E-04       1.4909E-06       1.0343E-03       2.0000E-04       2.0000E-04
       2.7500E-01       8.9475E-06       2.5372E-05       8.0097E-06       2.9232E-04       2.0512E-05       2.4987E-06       7.9940E-04       1.5807E-06       1.0343E-03       2.0000E-04       2.0000E-04
       2.8500E-01       8.6813E-06       2.5391E-05       7.6808E-06       2.9265E-04       2.0532E-05       2.6212E-06       7.9940E-04       1.6626E-06       1.0343E-03       2.0000E-04       2.0000E-04
       2.9500E-01       8.4402E-06       2.5408E-05       7.3757E-06       2.9296E-04       2.0552E-05       2.7353E-06       7.9940E-04       1.7363E-06       1.0343E-03       2.0000E-04       2.0000E-04
       3.0500E-01       8.2251E-06       2.5424E-05       7.0950E-06       2.9324E-04       2.0573E-05       2.8408E-06       7.9940E-04       1.8012E-06       1.0343E-03       2.0000E-04       2.0000E-04
       3.1500E-01       8.0363E-06       2.5438E-05       6.8393E-06       2.9349E-04       2.0593E-05       2.9375E-06       7.9940E-04       1.8574E-06       1.0343E-03       2.0000E-04       2.0000E-04
       3.2500E-01       7.8729E-06       2.5451E-05       6.6096E-06       2.9373E-04       2.0613E-05       3.0257E-06       7.9940E-04       1.9051E-06       1.0343E-03       2.0000E-04       2.0000E-04
       3.3500E-01       7.7339E-06       2.5461E-05       6.4072E-06       2.9393E-04       2.0633E-05       3.1058E-06       7.9940E-04       1.9447E-06       1.0343E-03       2.0000E-04       2.0000E-04
       3.4500E-01       7.6174E-06       2.5471E-05       6.2335E-06       2.9410E-04       2.0653E-05       3.1784E-06       7.9939E-04       1.9768E-06       1.0343E-03       2.0000E-04       2.0000E-04
       3.5500E-01       7.5212E-06       2.5479E-05       6.0899E-06       2.9425E-04       2.0673E-05       3.2442E-06       7.9939E-04       2.0021E-06       1.0343E-03       2.0000E-04       2.0000E-04
       3.6500E-01       7.4432E-06       2.5485E-05       5.9780E-06       2.9436E-04       2.0694E-05       3.3039E-06       7.9939E-04       2.0213E-06       1.0343E-03       2.0000E-04       2.0000E-04
       3.7500E-01       7.3811E-06       2.5490E-05       5.8994E-06       2.9444E-04       2.0714E-05       3.3584E-06       7.9939E-04       2.0353E-06       1.0343E-03       2.0000E-04       2.0000E-04
       3.8500E-01       7.3326E-06       2.5494E-05       5.8557E-06       2.9448E-04       2.0734E-05       3.4083E-06       7.9939E-04       2.0447E-06       1.0343E-03       2.0000E-04       2.0000E-04
       3.9500E-01       7.2957E-06       2.5498E-05       5.8483E-06       2.9449E-04       2.0754E-05       3.4543E-06       7.9939E-04       2.0502E-06       1.0343E-03       2.0000E-04       2.0000E-04
       4.0500E-01       7.2686E-06       2.5500E-05       5.8784E-06       2.9446E-04       2.0774E-05       3.4971E-06       7.9939E-04       2.0525E-06       1.0343E-03       2.0000E-04       2.0000E-04
       4.1500E-01       7.2495E-06       2.5502E-05       5.9473E-06       2.9439E-04       2.0795E-05       3.5372E-06       7.9939E-04       2.0521E-06       1.0343E-03       2.0000E-04       2.0000E-04
       4.2500E-01       7.2372E-06       2.5504E-05       6.0557E-06       2.9428E-04       2.0815E-05       3.5751E-06       7.9939E-04       2.0495E-06       1.0343E-03       2.0000E-04       2.0000E-04
       4.3500E-01       7.2303E-06       2.5505E-05       6.2043E-06       2.9413E-04       2.0835E-05       3.6111E-06       7.9939E-04       2.0451E-06       1.0343E-03       2.0000E-04       2.0000E-04
       4.4500E-01       7.2279E-06       2.5505E-05       6.3935E-06       2.9394E-04       2.0856E-05       3.6457E-06       7.9940E-04       2.0391E-06       1.0343E-03       2.0000E-04       2.0000E-04
       4.5500E-01       7.2290E-06       2.5506E-05       6.6235E-06       2.9371E-04       2.0876E-05       3.6791E-06       7.9940E-04       2.0320E-06       1.0343E-03       2.0000E-04       2.0000E-04
       4.6500E-01       7.2331E-06       2.5506E-05       6.8940E-06       2.9344E-04       2.0896E-05       3.7115E-06       7.9940E-04       2.0239E-06       1.0343E-03       2.0000E-04       2.0000E-04
       4.7500E-01       7.2394E-06       2.5506E-05       7.2047E-06       2.9313E-04       2.0917E-05       3.7431E-06       7.9940E-04       2.0150E-06       1.0343E-03       2.0000E-04       2.0000E-04
       4.8500E-01       7.2476E-06       2.5506E-05       7.5551E-06       2.9278E-04       2.0937E-05       3.7741E-06       7.9940E-04       2.0055E-06       1.0343E-03       2.0000E-04       2.0000E-04
       4.9500E-01       7.2572E-06       2.5505E-05       7.9442E-06       2.9238E-04       2.0958E-05       3.8047E-06       7.9940E-04       1.9956E-06       1.0343E-03       2.0000E-04       2.0000E-04
       5.0500E-01       7.2680E-06       2.5505E-05       8.3712E-06       2.9196E-04       2.0978E-05       3.8348E-06       7.9941E-04       1.9852E-06       1.0343E-03       2.0000E-04       2.0000E-04
       5.1500E-01       7.2796E-06       2.5504E-05       8.8349E-06       2.9149E-04       2.0998E-05       3.8647E-06       7.9941E-04       1.9746E-06       1.0343E-03       2.0000E-04       2.0000E-04
       5.2500E-01       7.2918E-06       2.5504E-05       9.3342E-06       2.9099E-04       2.1019E-05       3.8944E-06       7.9941E-04       1.9638E-06       1.0343E-03       2.0000E-04       2.0000E-04
       5.3500E-01       7.3046E-06       2.5503E-05       9.8679E-06       2.9045E-04       2.1039E-05       3.9239E-06       7.9941E-04       1.9528E-06       1.0343E-03       2.0000E-04       2.0000E-04
       5.4500E-01       7.3176E-06       2.5503E-05       1.0435E-05       2.8989E-04       2.1060E-05       3.9533E-06       7.9942E-04       1.9417E-06       1.0343E-03       2.0000E-04       2.0000E-04
       5.5500E-01       7.3309E-06       2.5502E-05       1.1033E-05       2.8929E-04       2.1080E-05       3.9826E-06       7.9942E-04       1.9305E-06       1.0343E-03       2.0000E-04       2.0000E-04
       5.6500E-01       7.3444E-06       2.5501E-05       1.1662E-05       2.8865E-04       2.1101E-05       4.0119E-06       7.9942E-04       1.9193E-06       1.0343E-03       2.0000E-04       2.0000E-04
       5.7500E-01       7.3579E-06       2.5501E-05       1.2320E-05       2.8799E-04       2.1121E-05       4.0411E-06       7.9943E-04       1.9080E-06       1.0343E-03       2.0000E-04       2.0000E-04
       5.8500E-01       7.3715E-06       2.5500E-05       1.3007E-05       2.8731E-04       2.1142E-05       4.0703E-06       7.9943E-04       1.8967E-06       1.0343E-03       2.0000E-04       2.0000E-04
       5.9500E-01       7.3850E-06       2.5500E-05       1.3720E-05       2.8659E-04       2.1163E-05       4.0996E-06       7.9944E-04       1.8855E-06       1.0343E-03       2.0000E-04       2.0000E-04
       6.0500E-01       7.3985E-06       2.5499E-05       1.4459E-05       2.8585E-04       2.1183E-05       4.1289E-06       7.9944E-04       1.8742E-06       1.0343E-03       2.0000E-04       2.0000E-04
       6.1500E-01       7.4118E-06       2.5498E-05       1.5224E-05       2.8508E-04       2.1204E-05       4.1581E-06       7.9944E-04       1.8630E-06       1.0343E-03       2.0000E-04       2.0000E-04
       6.2500E-01       7.4251E-06       2.5498E-05       1.6012E-05       2.8429E-04       2.1224E-05       4.1875E-06       7.9945E-04       1.8519E-06       1.0343E-03       2.0000E-04       2.0000E-04
       6.3500E-01       7.4382E-06       2.5497E-05       1.6824E-05       2.8348E-04       2.1245E-05       4.2169E-06       7.9945E-04       1.8408E-06       1.0343E-03       2.0000E-04       2.0000E-04
       6.4500E-01       7.4511E-06       2.5496E-05       1.7658E-05       2.8264E-04       2.1265E-05       4.2463E-06       7.9946E-04       1.8297E-06       1.0343E-03       2.0000E-04       2.0000E-04
       6.5500E-01       7.4639E-06       2.5496E-05       1.8514E-05       2.8178E-04       2.1286E-05       4.2758E-06       7.9946E-04       1.8187E-06       1.0343E-03       2.0000E-04       2.0000E-04
       6.6500E-01       7.4766E-06       2.5495E-05       1.9391E-05       2.8090E-04       2.1307E-05       4.3053E-06       7.9947E-04       1.8077E-06       1.0343E-03       2.0000E-04       2.0000E-04
       6.7500E-01       7.4890E-06       2.5495E-05       2.0289E-05       2.8000E-04       2.1327E-05       4.3349E-06       7.9947E-04       1.7968E-06       1.0343E-03       2.0000E-04       2.0000E-04
       6.8500E-01       7.5013E-06       2.5494E-05       2.1206E-05       2.7908E-04       2.1348E-05       4.3646E-06       7.9948E-04       1.7860E-06       1.0343E-03       2.0000E-04       2.0000E-04
       6.9500E-01       7.5134E-06       2.5494E-05       2.2143E-05       2.7814E-04       2.1369E-05       4.3943E-06       7.9948E-04       1.7752E-06       1.0343E-03       2.0000E-04       2.0000E-04
       7.0500E-01       7.5253E-06       2.5493E-05       2.3098E-05       2.7718E-04       2.1389E-05       4.4241E-06       7.9949E-04       1.7645E-06       1.0343E-03       2.0000E-04       2.0000E-04
       7.1500E-01       7.5370E-06       2.5493E-05       2.4071E-05       2.7621E-04       2.1410E-05       4.4539E-06       7.9949E-04       1.7538E-06       1.0343E-03       2.0000E-04       2.0000E-04
       7.2500E-01       7.5485E-06       2.5492E-05       2.5062E-05       2.7521E-04       2.1431E-05       4.4838E-06       7.9950E-04       1.7432E-06       1.0343E-03       2.0000E-04       2.0000E-04
       7.3500E-01       7.5599E-06       2.5492E-05       2.6069E-05       2.7420E-04       2.1451E-05       4.5138E-06       7.9950E-04       1.7327E-06       1.0343E-03       2.0000E-04       2.0000E-04
       7.4500E-01       7.5710E-06       2.5491E-05       2.7093E-05       2.7317E-04       2.1472E-05       4.5438E-06       7.9951E-04       1.7222E-06       1.0343E-03       2.0000E-04       2.0000E-04
       7.5500E-01       7.5820E-06       2.5491E-05       2.8132E-05       2.7213E-04       2.1493E-05       4.5739E-06       7.9951E-04       1.7118E-06       1.0343E-03       2.0000E-04       2.0000E-04
       7.6500E-01       7.5927E-06       2.5491E-05       2.9186E-05       2.7107E-04       2.1513E-05       4.6041E-06       7.9952E-04       1.7015E-06       1.0343E-03       2.0000E-04       2.0000E-04
       7.7500E-01       7.6033E-06       2.5490E-05       3.0255E-05       2.7000E-04       2.1534E-05       4.6343E-06       7.9952E-04       1.6912E-06       1.0343E-03       2.0000E-04       2.0000E-04
       7.8500E-01       7.6137E-06       2.5490E-05       3.1337E-05       2.6892E-04       2.1555E-05       4.6646E-06       7.9953E-04       1.6810E-06       1.0343E-03       2.0000E-04       2.0000E-04
       7.9500E-01       7.6239E-06       2.5489E-05       3.2432E-05       2.6782E-04       2.1575E-05       4.6950E-06       7.9954E-04       1.6709E-06       1.0343E-03       2.0000E-04       2.0000E-04
       8.0500E-01       7.6339E-06       2.5489E-05       3.3539E-05       2.6671E-04       2.1596E-05       4.7254E-06       7.9954E-04       1.6608E-06       1.0343E-03       2.0000E-04       2.0000E-04
       8.1500E-01       7.6437E-06       2.5489E-05       3.4658E-05       2.6559E-04       2.1617E-05       4.7559E-06       7.9955E-04       1.6508E-06       1.0343E-03       2.0000E-04       2.0000E-04
       8.2500E-01       7.6533E-06       2.5488E-05       3.5788E-05       2.6445E-04       2.1637E-05       4.7864E-06       7.9955E-04       1.6408E-06       1.0343E-03       2.0000E-04       2.0000E-04
       8.3500E-01       7.6627E-06       2.5488E-05       3.6927E-05       2.6331E-04       2.1658E-05       4.8170E-06       7.9956E-04       1.6309E-06       1.0343E-03       2.0000E-04       2.0000E-04
       8.4500E-01       7.6720E-06       2.5488E-05       3.8076E-05       2.6216E-04       2.1679E-05       4.8477E-06       7.9957E-04       1.6211E-06       1.0343E-03       2.0000E-04       2.0000E-04
       8.5500E-01       7.6810E-06       2.5487E-05       3.9233E-05       2.6100E-04       2.1699E-05       4.8784E-06       7.9957E-04       1.6113E-06       1.0343E-03       2.0000E-04       2.0000E-04
       8.6500E-01       7.6899E-06       2.5487E-05       4.0398E-05       2.5983E-04       2.1720E-05       4.9092E-06       7.9958E-04       1.6016E-06       1.0343E-03       2.0000E-04       2.0000E-04
       8.7500E-01       7.6986E-06       2.5487E-05       4.1570E-05       2.5865E-04       2.1741E-05       4.9401E-06       7.9958E-04       1.5919E-06       1.0343E-03       2.0000E-04       2.0000E-04
       8.8500E-01       7.7072E-06       2.5487E-05       4.2747E-05       2.5747E-04       2.1761E-05       4.9710E-06       7.9959E-04       1.5823E-06       1.0343E-03       2.0000E-04       2.0000E-04
       8.9500E-01       7.7155E-06       2.5486E-05       4.3930E-05       2.5629E-04       2.1782E-05       5.0019E-06       7.9960E-04       1.5728E-06       1.0343E-03       2.0000E-04       2.0000E-04
       9.0500E-01       7.7237E-06       2.5486E-05       4.5117E-05       2.5510E-04       2.1803E-05       5.0330E-06       7.9960E-04       1.5633E-06       1.0343E-03       2.0000E-04       2.0000E-04
       9.1500E-01       7.7317E-06       2.5486E-05       4.6308E-05       2.5390E-04       2.1823E-05       5.0641E-06       7.9961E-04       1.5539E-06       1.0343E-03       2.0000E-04       2.0000E-04
       9.2500E-01       7.7395E-06       2.5486E-05       4.7502E-05       2.5270E-04       2.1844E-05       5.0952E-06       7.9962E-04       1.5446E-06       1.0343E-03       2.0000E-04       2.0000E-04
       9.3500E-01       7.7471E-06       2.5486E-05       4.8697E-05       2.5150E-04       2.1865E-05       5.1264E-06       7.9962E-04       1.5353E-06       1.0343E-03       2.0000E-04       2.0000E-04
       9.4500E-01       7.7546E-06       2.5486E-05       4.9894E-05       2.5030E-04       2.1885E-05       5.1577E-06       7.9963E-04       1.5260E-06       1.0343E-03       2.0000E-04       2.0000E-04
       9.5500E-01       7.7619E-06       2.5485E-05       5.1090E-05       2.4910E-04       2.1906E-05       5.1890E-06       7.9963E-04       1.5169E-06       1.0343E-03       2.0000E-04       2.0000E-04
       9.6500E-01       7.7690E-06       2.5485E-05       5.2287E-05       2.4790E-04       2.1927E-05       5.2204E-06       7.9964E-04       1.5077E-06       1.0343E-03       2.0000E-04       2.0000E-04
       9.7500E-01       7.7759E-06       2.5485E-05       5.3481E-05       2.4671E-04       2.1947E-05       5.2518E-06       7.9965E-04       1.4987E-06       1.0343E-03       2.0000E-04       2.0000E-04
       9.8500E-01       7.7827E-06       2.5485E-05       5.4674E-05       2.4551E-04       2.1968E-05       5.2833E-06       7.9965E-04       1.4897E-06       1.0343E-03       2.0000E-04       2.0000E-04
       9.9500E-01       7.7894E-06       2.5485E-05       5.5864E-05       2.4432E-04       2.1989E-05       5.3148E-06       7.9966E-04       1.4807E-06       1.0343E-03       2.0000E-04       2.0000E-04
       1.0050E+00       7.7958E-06       2.5485E-05       5.7050E-05       2.4313E-04       2.2009E-05       5.3464E-06       7.9967E-04       1.4718E-06       1.0343E-03       2.0000E-04       2.0000E-04
       1.0150E+00       7.8021E-06       2.5485E-05       5.8232E-05       2.4194E-04       2.2030E-05       5.3781E-06       7.9967E-04       1.4629E-06       1.0343E-03       2.0000E-04       2.0000E-04
       1.0250E+00       7.8082E-06       2.5485E-05       5.9409E-05       2.4076E-04       2.2050E-05       5.4098E-06       7.9968E-04       1.4542E-06       1.0343E-03       2.0000E-04       2.0000E-04
       1.0350E+00       7.8142E-06       2.5485E-05       6.0580E-05       2.3959E-04       2.2071E-05       5.4415E-06       7.9968E-04       1.4454E-06       1.0343E-03       2.0000E-04       2.0000E-04
       1.0450E+00       7.8200E-06       2.5485E-05       6.1744E-05       2.3842E-04       2.2091E-05       5.4734E-06       7.9969E-04       1.4367E-06       1.0343E-03       2.0000E-04       2.0000E-04
       1.0550E+00       7.8256E-06       2.5485E-05       6.2902E-05       2.3726E-04       2.2112E-05       5.5052E-06       7.9970E-04       1.4281E-06       1.0343E-03       2.0000E-04       2.0000E-04
       1.0650E+00       7.8311E-06       2.5485E-05       6.4052E-05       2.3611E-04       2.2132E-05       5.5372E-06       7.9970E-04       1.4195E-06       1.0343E-03       2.0000E-04       2.0000E-04
       1.0750E+00       7.8364E-06       2.5485E-05       6.5193E-05       2.3496E-04       2.2153E-05       5.5691E-06       7.9971E-04       1.4110E-06       1.0343E-03       2.0000E-04       2.0000E-04
       1.0850E+00       7.8416E-06       2.5485E-05       6.6325E-05       2.3383E-04       2.2173E-05       5.6012E-06       7.9971E-04       1.4025E-06       1.0343E-03       2.0000E-04       2.0000E-04
       1.0950E+00       7.8466E-06       2.5485E-05       6.7448E-05       2.3270E-04       2.2194E-05       5.6332E-06       7.9972E-04       1.3941E-06       1.0343E-03       2.0000E-04       2.0000E-04
       1.1050E+00       7.8515E-06       2.5485E-05       6.8561E-05       2.3158E-04       2.2214E-05       5.6654E-06       7.9972E-04       1.3857E-06       1.0343E-03       2.0000E-04       2.0000E-04
       1.1150E+00       7.8562E-06       2.5485E-05       6.9663E-05       2.3048E-04       2.2234E-05       5.6976E-06       7.9973E-04       1.3774E-06       1.0343E-03       2.0000E-04       2.0000E-04
       1.1250E+00       7.8607E-06       2.5485E-05       7.0755E-05       2.2938E-04       2.2255E-05       5.7298E-06       7.9974E-04       1.3692E-06       1.0343E-03       2.0000E-04       2.0000E-04
       1.1350E+00       7.8651E-06       2.5485E-05       7.1835E-05       2.2830E-04       2.2275E-05       5.7621E-06       7.9974E-04       1.3609E-06       1.0343E-03       2.0000E-04       2.0000E-04
       1.1450E+00       7.8693E-06       2.5485E-05       7.2903E-05       2.2723E-04       2.2295E-05       5.7944E-06       7.9975E-04       1.3528E-06       1.0343E-03       2.0000E-04       2.0000E-04
       1.1550E+00       7.8734E-06       2.5485E-05       7.3958E-05       2.2617E-04       2.2315E-05       5.8268E-06       7.9975E-04       1.3447E-06       1.0343E-03       2.0000E-04       2.0000E-04
       1.1650E+00       7.8774E-06       2.5485E-05       7.5001E-05       2.2513E-04       2.2336E-05       5.8592E-06       7.9976E-04       1.3366E-06       1.0343E-03       2.0000E-04       2.0000E-04
       1.1750E+00       7.8812E-06       2.5485E-05       7.6031E-05       2.2409E-04       2.2356E-05       5.8917E-06       7.9976E-04       1.3286E-06       1.0343E-03       2.0000E-04       2.0000E-04
       1.1850E+00       7.8848E-06       2.5486E-05       7.7048E-05       2.2307E-04       2.2376E-05       5.9243E-06       7.9977E-04       1.3206E-06       1.0343E-03       2.0000E-04       2.0000E-04
       1.1950E+00       7.8883E-06       2.5486E-05       7.8051E-05       2.2207E-04       2.2396E-05       5.9568E-06       7.9977E-04       1.3127E-06       1.0343E-03       2.0000E-04       2.0000E-04
       1.2050E+00       7.8917E-06       2.5486E-05       7.9040E-05       2.2108E-04       2.2416E-05       5.9895E-06       7.9978E-04       1.3048E-06       1.0343E-03       2.0000E-04       2.0000E-04
       1.2150E+00       7.8949E-06       2.5486E-05       8.0015E-05       2.2010E-04       2.2436E-05       6.0221E-06       7.9978E-04       1.2970E-06       1.0343E-03       2.0000E-04       2.0000E-04
       1.2250E+00       7.8980E-06       2.5486E-05       8.0976E-05       2.1914E-04       2.2456E-05       6.0549E-06       7.9979E-04       1.2892E-06       1.0343E-03       2.0000E-04       2.0000E-04
       1.2350E+00       7.9009E-06       2.5487E-05       8.1922E-05       2.1819E-04       2.2476E-05       6.0876E-06       7.9979E-04       1.2815E-06       1.0343E-03       2.0000E-04       2.0000E-04
       1.2450E+00       7.9037E-06       2.5487E-05       8.2853E-05       2.1725E-04       2.2496E-05       6.1205E-06       7.9980E-04       1.2738E-06       1.0343E-03       2.0000E-04       2.0000E-04
       1.2550E+00       7.9064E-06       2.5487E-05       8.3769E-05       2.1634E-04       2.2515E-05       6.1533E-06       7.9980E-04       1.2662E-06       1.0343E-03       2.0000E-04       2.0000E-04
       1.2650E+00       7.9089E-06       2.5487E-05       8.4671E-05       2.1543E-04       2.2535E-05       6.1862E-06       7.9980E-04       1.2586E-06       1.0343E-03       2.0000E-04       2.0000E-04
       1.2750E+00       7.9113E-06       2.5487E-05       8.5557E-05       2.1454E-04       2.2555E-05       6.2192E-06       7.9981E-04       1.2511E-06       1.0343E-03       2.0000E-04       2.0000E-04
       1.2850E+00       7.9135E-06       2.5488E-05       8.6428E-05       2.1367E-04       2.2574E-05       6.2522E-06       7.9981E-04       1.2436E-06       1.0343E-03       2.0000E-04       2.0000E-04
       1.2950E+00       7.9156E-06       2.5488E-05       8.7284E-05       2.1281E-04       2.2594E-05       6.2853E-06       7.9982E-04       1.2361E-06       1.0343E-03       2.0000E-04       2.0000E-04
       1.3050E+00       7.9176E-06       2.5488E-05       8.8124E-05       2.1197E-04       2.2613E-05       6.3183E-06       7.9982E-04       1.2287E-06       1.0343E-03       2.0000E-04       2.0000E-04
       1.3150E+00       7.9194E-06       2.5489E-05       8.8949E-05       2.1114E-04       2.2632E-05       6.3515E-06       7.9982E-04       1.2213E-06       1.0343E-03       2.0000E-04       2.0000E-04
       1.3250E+00       7.9211E-06       2.5489E-05       8.9759E-05       2.1033E-04       2.2652E-05       6.3847E-06       7.9983E-04       1.2140E-06       1.0343E-03       2.0000E-04       2.0000E-04
       1.3350E+00       7.9227E-06       2.5489E-05       9.0554E-05       2.0954E-04       2.2671E-05       6.4179E-06       7.9983E-04       1.2068E-06       1.0343E-03       2.0000E-04       2.0000E-04
       1.3450E+00       7.9241E-06       2.5490E-05       9.1333E-05       2.0876E-04       2.2690E-05       6.4512E-06       7.9983E-04       1.1995E-06       1.0343E-03       2.0000E-04       2.0000E-04
       1.3550E+00       7.9254E-06       2.5490E-05       9.2097E-05       2.0799E-04       2.2709E-05       6.4845E-06       7.9984E-04       1.1923E-06       1.0343E-03       2.0000E-04       2.0000E-04
       1.3650E+00       7.9266E-06       2.5490E-05       9.2846E-05       2.0724E-04       2.2728E-05       6.5178E-06       7.9984E-04       1.1852E-06       1.0343E-03       2.0000E-04       2.0000E-04
       1.3750E+00       7.9276E-06       2.5491E-05       9.3579E-05       2.0651E-04       2.2747E-05       6.5512E-06       7.9984E-04       1.1781E-06       1.0343E-03       2.0000E-04       2.0000E-04
       1.3850E+00       7.9285E-06       2.5491E-05       9.4298E-05       2.0579E-04       2.2765E-05       6.5847E-06       7.9985E-04       1.1710E-06       1.0343E-03       2.0000E-04       2.0000E-04
       1.3950E+00       7.9293E-06       2.5491E-05       9.5002E-05       2.0508E-04       2.2784E-05       6.6182E-06       7.9985E-04       1.1640E-06       1.0343E-03       2.0000E-04       2.0000E-04
       1.4050E+00       7.9300E-06       2.5492E-05       9.5691E-05       2.0439E-04       2.2802E-05       6.6517E-06       7.9985E-04       1.1571E-06       1.0343E-03       2.0000E-04       2.0000E-04
       1.4150E+00       7.9305E-06       2.5492E-05       9.6365E-05       2.0372E-04       2.2821E-05       6.6853E-06       7.9986E-04       1.1501E-06       1.0343E-03       2.0000E-04       2.0000E-04
       1.4250E+00       7.9310E-06       2.5493E-05       9.7025E-05       2.0306E-04       2.2839E-05       6.7189E-06       7.9986E-04       1.1432E-06       1.0343E-03       2.0000E-04       2.0000E-04
       1.4350E+00       7.9312E-06       2.5493E-05       9.7670E-05       2.0241E-04       2.2857E-05       6.7525E-06       7.9986E-04       1.1364E-06       1.0343E-03       2.0000E-04       2.0000E-04
       1.4450E+00       7.9314E-06       2.5493E-05       9.8301E-05       2.0178E-04       2.2875E-05       6.7862E-06       7.9986E-04       1.1296E-06       1.0343E-03       2.0000E-04       2.0000E-04
       1.4550E+00       7.9315E-06       2.5494E-05       9.8918E-05       2.0116E-04       2.2893E-05       6.8200E-06       7.9986E-04       1.1228E-06       1.0343E-03       2.0000E-04       2.0000E-04
       1.4650E+00       7.9314E-06       2.5494E-05       9.9521E-05       2.0056E-04       2.2910E-05       6.8538E-06       7.9987E-04       1.1161E-06       1.0343E-03       2.0000E-04       2.0000E-04
       1.4750E+00       7.9312E-06       2.5495E-05       1.0011E-04       1.9997E-04       2.2928E-05       6.8876E-06       7.9987E-04       1.1094E-06       1.0343E-03       2.0000E-04       2.0000E-04
       1.4850E+00       7.9309E-06       2.5495E-05       1.0069E-04       1.9940E-04       2.2945E-05       6.9214E-06       7.9987E-04       1.1028E-06       1.0343E-03       2.0000E-04       2.0000E-04
       1.4950E+00       7.9304E-06       2.5496E-05       1.0125E-04       1.9884E-04       2.2962E-05       6.9553E-06       7.9987E-04       1.0962E-06       1.0343E-03       2.0000E-04       2.0000E-04
       1.5050E+00       7.9299E-06       2.5496E-05       1.0180E-04       1.9829E-04       2.2979E-05       6.9893E-06       7.9987E-04       1.0896E-06       1.0343E-03       2.0000E-04       2.0000E-04
       1.5150E+00       7.9292E-06       2.5497E-05       1.0233E-04       1.9775E-04       2.2996E-05       7.0232E-06       7.9987E-04       1.0831E-06       1.0343E-03       2.0000E-04       2.0000E-04
       1.5250E+00       7.9284E-06       2.5497E-05       1.0285E-04       1.9723E-04       2.3012E-05       7.0573E-06       7.9987E-04       1.0766E-06       1.0343E-03       2.0000E-04       2.0000E-04
       1.5350E+00       7.9275E-06       2.5498E-05       1.0337E-04       1.9672E-04       2.3028E-05       7.0913E-06       7.9987E-04       1.0701E-06       1.0343E-03       2.0000E-04       2.0000E-04
       1.5450E+00       7.9265E-06       2.5498E-05       1.0386E-04       1.9623E-04       2.3044E-05       7.1254E-06       7.9988E-04       1.0637E-06       1.0343E-03       2.0000E-04       2.0000E-04
       1.5550E+00       7.9253E-06       2.5499E-05       1.0435E-04       1.9574E-04       2.3060E-05       7.1595E-06       7.9988E-04       1.0574E-06       1.0343E-03       2.0000E-04       2.0000E-04
       1.5650E+00       7.9241E-06       2.5500E-05       1.0482E-04       1.9527E-04       2.3076E-05       7.1937E-06       7.9988E-04       1.0510E-06       1.0343E-03       2.0000E-04       2.0000E-04
       1.5750E+00       7.9227E-06       2.5500E-05       1.0528E-04       1.9481E-04       2.3091E-05       7.2279E-06       7.9988E-04       1.0447E-06       1.0343E-03       2.0000E-04       2.0000E-04
       1.5850E+00       7.9212E-06       2.5501E-05       1.0573E-04       1.9437E-04       2.3106E-05       7.2621E-06       7.9988E-04       1.0385E-06       1.0343E-03       2.0000E-04       2.0000E-04
       1.5950E+00       7.9197E-06       2.5501E-05       1.0617E-04       1.9393E-04       2.3121E-05       7.2964E-06       7.9988E-04       1.0323E-06       1.0343E-03       2.0000E-04       2.0000E-04
       1.6050E+00       7.9180E-06       2.5502E-05       1.0660E-04       1.9351E-04       2.3135E-05       7.3307E-06       7.9988E-04       1.0261E-06       1.0343E-03       2.0000E-04       2.0000E-04
       1.6150E+00       7.9161E-06       2.5503E-05       1.0701E-04       1.9310E-04       2.3149E-05       7.3651E-06       7.9987E-04       1.0199E-06       1.0343E-03       2.0000E-04       2.0000E-04
       1.6250E+00       7.9142E-06       2.5503E-05       1.0742E-04       1.9269E-04       2.3163E-05       7.3995E-06       7.9987E-04       1.0138E-06       1.0343E-03       2.0000E-04       2.0000E-04
       1.6350E+00       7.9122E-06       2.5504E-05       1.0781E-04       1.9230E-04       2.3177E-05       7.4339E-06       7.9987E-04       1.0077E-06       1.0343E-03       2.0000E-04       2.0000E-04
       1.6450E+00       7.9101E-06       2.5504E-05       1.0819E-04       1.9192E-04       2.3190E-05       7.4684E-06       7.9987E-04       1.0017E-06       1.0343E-03       2.0000E-04       2.0000E-04
       1.6550E+00       7.9078E-06       2.5505E-05       1.0857E-04       1.9155E-04       2.3203E-05       7.5029E-06       7.9987E-04       9.9570E-07       1.0343E-03       2.0000E-04       2.0000E-04
       1.6650E+00       7.9055E-06       2.5506E-05       1.0893E-04       1.9120E-04       2.3215E-05       7.5374E-06       7.9987E-04       9.8973E-07       1.0343E-03       2.0000E-04       2.0000E-04
       1.6750E+00       7.9030E-06       2.5506E-05       1.0928E-04       1.9085E-04       2.3227E-05       7.5720E-06       7.9987E-04       9.8380E-07       1.0343E-03       2.0000E-04       2.0000E-04
       1.6850E+00       7.9005E-06       2.5507E-05       1.0963E-04       1.9051E-04       2.3239E-05       7.6066E-06       7.9986E-04       9.7790E-07       1.0343E-03       2.0000E-04       2.0000E-04
       1.6950E+00       7.8978E-06       2.5508E-05       1.0996E-04       1.9018E-04       2.3250E-05       7.6412E-06       7.9986E-04       9.7204E-07       1.0343E-03       2.0000E-04       2.0000E-04
       1.7050E+00       7.8950E-06       2.5508E-05       1.1029E-04       1.8986E-04       2.3261E-05       7.6759E-06       7.9986E-04       9.6622E-07       1.0343E-03       2.0000E-04       2.0000E-04
       1.7150E+00       7.8921E-06       2.5509E-05       1.1060E-04       1.8955E-04       2.3271E-05       7.7106E-06       7.9986E-04       9.6042E-07       1.0343E-03       2.0000E-04       2.0000E-04
       1.7250E+00       7.8892E-06       2.5510E-05       1.1091E-04       1.8925E-04       2.3281E-05       7.7453E-06       7.9985E-04       9.5466E-07       1.0343E-03       2.0000E-04       2.0000E-04
       1.7350E+00       7.8861E-06       2.5511E-05       1.1121E-04       1.8896E-04       2.3290E-05       7.7801E-06       7.9985E-04       9.4894E-07       1.0343E-03       2.0000E-04       2.0000E-04
       1.7450E+00       7.8829E-06       2.5511E-05       1.1150E-04       1.8867E-04       2.3299E-05       7.8149E-06       7.9985E-04       9.4325E-07       1.0343E-03       2.0000E-04       2.0000E-04
       1.7550E+00       7.8796E-06       2.5512E-05       1.1178E-04       1.8840E-04       2.3308E-05       7.8498E-06       7.9984E-04       9.3759E-07       1.0343E-03       2.0000E-04       2.0000E-04
       1.7650E+00       7.8763E-06       2.5513E-05       1.1206E-04       1.8813E-04       2.3315E-05       7.8846E-06       7.9984E-04       9.3197E-07       1.0343E-03       2.0000E-04       2.0000E-04
       1.7750E+00       7.8728E-06       2.5514E-05       1.1232E-04       1.8788E-04       2.3323E-05       7.9196E-06       7.9984E-04       9.2638E-07       1.0343E-03       2.0000E-04       2.0000E-04
       1.7850E+00       7.8692E-06       2.5514E-05       1.1258E-04       1.8763E-04       2.3329E-05       7.9545E-06       7.9983E-04       9.2082E-07       1.0343E-03       2.0000E-04       2.0000E-04
       1.7950E+00       7.8655E-06       2.5515E-05       1.1283E-04       1.8738E-04       2.3335E-05       7.9895E-06       7.9983E-04       9.1530E-07       1.0343E-03       2.0000E-04       2.0000E-04
       1.8050E+00       7.8617E-06       2.5516E-05       1.1308E-04       1.8715E-04       2.3341E-05       8.0245E-06       7.9982E-04       9.0981E-07       1.0343E-03       2.0000E-04       2.0000E-04
       1.8150E+00       7.8579E-06       2.5517E-05       1.1331E-04       1.8692E-04       2.3346E-05       8.0595E-06       7.9981E-04       9.0435E-07       1.0343E-03       2.0000E-04       2.0000E-04
       1.8250E+00       7.8539E-06       2.5518E-05       1.1354E-04       1.8671E-04       2.3350E-05       8.0946E-06       7.9981E-04       8.9892E-07       1.0343E-03       2.0000E-04       2.0000E-04
       1.8350E+00       7.8498E-06       2.5519E-05       1.1376E-04       1.8649E-04       2.3353E-05       8.1297E-06       7.9980E-04       8.9352E-07       1.0343E-03       2.0000E-04       2.0000E-04
       1.8450E+00       7.8457E-06       2.5519E-05       1.1398E-04       1.8629E-04       2.3356E-05       8.1648E-06       7.9980E-04       8.8816E-07       1.0343E-03       2.0000E-04       2.0000E-04
       1.8550E+00       7.8414E-06       2.5520E-05       1.1419E-04       1.8609E-04       2.3358E-05       8.2000E-06       7.9979E-04       8.8283E-07       1.0343E-03       2.0000E-04       2.0000E-04
       1.8650E+00       7.8371E-06       2.5521E-05       1.1439E-04       1.8590E-04       2.3360E-05       8.2352E-06       7.9978E-04       8.7752E-07       1.0343E-03       2.0000E-04       2.0000E-04
       1.8750E+00       7.8326E-06       2.5522E-05       1.1459E-04       1.8572E-04       2.3360E-05       8.2704E-06       7.9977E-04       8.7225E-07       1.0343E-03       2.0000E-04       2.0000E-04
       1.8850E+00       7.8281E-06       2.5523E-05       1.1478E-04       1.8554E-04       2.3360E-05       8.3057E-06       7.9977E-04       8.6702E-07       1.0343E-03       2.0000E-04       2.0000E-04
       1.8950E+00       7.8235E-06       2.5524E-05       1.1497E-04       1.8537E-04       2.3359E-05       8.3410E-06       7.9976E-04       8.6181E-07       1.0343E-03       2.0000E-04       2.0000E-04
       1.9050E+00       7.8188E-06       2.5525E-05       1.1515E-04       1.8521E-04       2.3357E-05       8.3763E-06       7.9975E-04       8.5663E-07       1.0343E-03       2.0000E-04       2.0000E-04
       1.9150E+00       7.8140E-06       2.5526E-05       1.1532E-04       1.8505E-04       2.3354E-05       8.4117E-06       7.9974E-04       8.5148E-07       1.0343E-03       2.0000E-04       2.0000E-04
       1.9250E+00       7.8091E-06       2.5526E-05       1.1549E-04       1.8489E-04       2.3351E-05       8.4471E-06       7.9973E-04       8.4637E-07       1.0343E-03       2.0000E-04       2.0000E-04
       1.9350E+00       7.8041E-06       2.5527E-05       1.1566E-04       1.8475E-04       2.3346E-05       8.4825E-06       7.9972E-04       8.4128E-07       1.0343E-03       2.0000E-04       2.0000E-04
       1.9450E+00       7.7990E-06       2.5528E-05       1.1582E-04       1.8461E-04       2.3341E-05       8.5179E-06       7.9971E-04       8.3622E-07       1.0343E-03       2.0000E-04       2.0000E-04
       1.9550E+00       7.7938E-06       2.5529E-05       1.1597E-04       1.8447E-04       2.3335E-05       8.5534E-06       7.9970E-04       8.3119E-07       1.0343E-03       2.0000E-04       2.0000E-04
       1.9650E+00       7.7886E-06       2.5530E-05       1.1612E-04       1.8434E-04       2.3327E-05       8.5889E-06       7.9969E-04       8.2620E-07       1.0343E-03       2.0000E-04       2.0000E-04
       1.9750E+00       7.7832E-06       2.5531E-05       1.1626E-04       1.8421E-04       2.3319E-05       8.6244E-06       7.9968E-04       8.2123E-07       1.0343E-03       2.0000E-04       2.0000E-04
       1.9850E+00       7.7778E-06       2.5532E-05       1.1641E-04       1.8409E-04       2.3309E-05       8.6600E-06       7.9966E-04       8.1629E-07       1.0343E-03       2.0000E-04       2.0000E-04
       1.9950E+00       7.7723E-06       2.5533E-05       1.1654E-04       1.8398E-04       2.3299E-05       8.6956E-06       7.9965E-04       8.1138E-07       1.0343E-03       2.0000E-04       2.0000E-04
       2.0050E+00       7.7667E-06       2.5534E-05       1.1667E-04       1.8387E-04       2.3287E-05       8.7312E-06       7.9964E-04       8.0649E-07       1.0343E-03       2.0000E-04       2.0000E-04
       2.0150E+00       7.7610E-06       2.5535E-05       1.1680E-04       1.8376E-04       2.3275E-05       8.7668E-06       7.9962E-04       8.0164E-07       1.0343E-03       2.0000E-04       2.0000E-04
       2.0250E+00       7.7552E-06       2.5536E-05       1.1693E-04       1.8366E-04       2.3261E-05       8.8025E-06       7.9961E-04       7.9681E-07       1.0343E-03       2.0000E-04       2.0000E-04
       2.0350E+00       7.7494E-06       2.5537E-05       1.1705E-04       1.8357E-04       2.3246E-05       8.8382E-06       7.9960E-04       7.9202E-07       1.0343E-03       2.0000E-04       2.0000E-04
       2.0450E+00       7.7434E-06       2.5538E-05       1.1717E-04       1.8348E-04       2.3230E-05       8.8739E-06       7.9958E-04       7.8725E-07       1.0343E-03       2.0000E-04       2.0000E-04
       2.0550E+00       7.7374E-06       2.5539E-05       1.1728E-04       1.8339E-04       2.3213E-05       8.9097E-06       7.9956E-04       7.8251E-07       1.0343E-03       2.0000E-04       2.0000E-04
       2.0650E+00       7.7313E-06       2.5540E-05       1.1739E-04       1.8331E-04       2.3194E-05       8.9455E-06       7.9955E-04       7.7779E-07       1.0343E-03       2.0000E-04       2.0000E-04
       2.0750E+00       7.7251E-06       2.5541E-05       1.1750E-04       1.8323E-04       2.3175E-05       8.9813E-06       7.9953E-04       7.7311E-07       1.0343E-03       2.0000E-04       2.0000E-04
       2.0850E+00       7.7188E-06       2.5542E-05       1.1760E-04       1.8315E-04       2.3154E-05       9.0171E-06       7.9951E-04       7.6845E-07       1.0343E-03       2.0000E-04       2.0000E-04
       2.0950E+00       7.7125E-06       2.5543E-05       1.1770E-04       1.8308E-04       2.3131E-05       9.0530E-06       7.9950E-04       7.6382E-07       1.0343E-03       2.0000E-04       2.0000E-04
       2.1050E+00       7.7060E-06       2.5545E-05       1.1780E-04       1.8302E-04       2.3108E-05       9.0889E-06       7.9948E-04       7.5921E-07       1.0343E-03       2.0000E-04       2.0000E-04
       2.1150E+00       7.6995E-06       2.5546E-05       1.1789E-04       1.8295E-04       2.3083E-05       9.1248E-06       7.9946E-04       7.5463E-07       1.0343E-03       2.0000E-04       2.0000E-04
       2.1250E+00       7.6929E-06       2.5547E-05       1.1799E-04       1.8289E-04       2.3057E-05       9.1608E-06       7.9944E-04       7.5008E-07       1.0343E-03       2.0000E-04       2.0000E-04
       2.1350E+00       7.6862E-06       2.5548E-05       1.1808E-04       1.8284E-04       2.3029E-05       9.1968E-06       7.9942E-04       7.4556E-07       1.0343E-03       2.0000E-04       2.0000E-04
       2.1450E+00       7.6795E-06       2.5549E-05       1.1816E-04       1.8278E-04       2.3000E-05       9.2328E-06       7.9940E-04       7.4106E-07       1.0343E-03       2.0000E-04       2.0000E-04
       2.1550E+00       7.6726E-06       2.5550E-05       1.1825E-04       1.8274E-04       2.2969E-05       9.2688E-06       7.9937E-04       7.3659E-07       1.0343E-03       2.0000E-04       2.0000E-04
       2.1650E+00       7.6657E-06       2.5551E-05       1.1833E-04       1.8269E-04       2.2938E-05       9.3048E-06       7.9935E-04       7.3214E-07       1.0343E-03       2.0000E-04       2.0000E-04
       2.1750E+00       7.6587E-06       2.5552E-05       1.1841E-04       1.8265E-04       2.2904E-05       9.3409E-06       7.9933E-04       7.2772E-07       1.0343E-03       2.0000E-04       2.0000E-04
       2.1850E+00       7.6517E-06       2.5554E-05       1.1849E-04       1.8261E-04       2.2869E-05       9.3770E-06       7.9931E-04       7.2333E-07       1.0343E-03       2.0000E-04       2.0000E-04
       2.1950E+00       7.6445E-06       2.5555E-05       1.1857E-04       1.8257E-04       2.2833E-05       9.4132E-06       7.9928E-04       7.1896E-07       1.0343E-03       2.0000E-04       2.0000E-04
       2.2050E+00       7.6373E-06       2.5556E-05       1.1864E-04       1.8254E-04       2.2795E-05       9.4493E-06       7.9926E-04       7.1462E-07       1.0343E-03       2.0000E-04       2.0000E-04
       2.2150E+00       7.6300E-06       2.5557E-05       1.1871E-04       1.8251E-04       2.2756E-05       9.4855E-06       7.9923E-04       7.1030E-07       1.0343E-03       2.0000E-04       2.0000E-04
       2.2250E+00       7.6226E-06       2.5558E-05       1.1878E-04       1.8248E-04       2.2715E-05       9.5217E-06       7.9920E-04       7.0601E-07       1.0343E-03       2.0000E-04       2.0000E-04
       2.2350E+00       7.6152E-06       2.5559E-05       1.1885E-04       1.8246E-04       2.2673E-05       9.5579E-06       7.9918E-04       7.0174E-07       1.0343E-03       2.0000E-04       2.0000E-04
       2.2450E+00       7.6077E-06       2.5561E-05       1.1892E-04       1.8244E-04       2.2629E-05       9.5942E-06       7.9915E-04       6.9749E-07       1.0343E-03       2.0000E-04       2.0000E-04
       2.2550E+00       7.6001E-06       2.5562E-05       1.1899E-04       1.8242E-04       2.2583E-05       9.6305E-06       7.9912E-04       6.9328E-07       1.0343E-03       2.0000E-04       2.0000E-04
       2.2650E+00       7.5924E-06       2.5563E-05       1.1905E-04       1.8240E-04       2.2536E-05       9.6668E-06       7.9909E-04       6.8908E-07       1.0343E-03       2.0000E-04       2.0000E-04
       2.2750E+00       7.5847E-06       2.5564E-05       1.1911E-04       1.8239E-04       2.2487E-05       9.7031E-06       7.9906E-04       6.8491E-07       1.0343E-03       2.0000E-04       2.0000E-04
       2.2850E+00       7.5768E-06       2.5566E-05       1.1918E-04       1.8238E-04       2.2436E-05       9.7395E-06       7.9903E-04       6.8077E-07       1.0343E-03       2.0000E-04       2.0000E-04
       2.2950E+00       7.5690E-06       2.5567E-05       1.1924E-04       1.8237E-04       2.2384E-05       9.7759E-06       7.9900E-04       6.7665E-07       1.0343E-03       2.0000E-04       2.0000E-04
       2.3050E+00       7.5610E-06       2.5568E-05       1.1930E-04       1.8236E-04       2.2331E-05       9.8123E-06       7.9897E-04       6.7255E-07       1.0343E-03       2.0000E-04       2.0000E-04
       2.3150E+00       7.5530E-06       2.5569E-05       1.1935E-04       1.8236E-04       2.2275E-05       9.8487E-06       7.9894E-04       6.6848E-07       1.0343E-03       2.0000E-04       2.0000E-04
       2.3250E+00       7.5449E-06       2.5571E-05       1.1941E-04       1.8235E-04       2.2218E-05       9.8851E-06       7.9890E-04       6.6443E-07       1.0343E-03       2.0000E-04       2.0000E-04
       2.3350E+00       7.5367E-06       2.5572E-05       1.1947E-04       1.8235E-04       2.2160E-05       9.9216E-06       7.9887E-04       6.6040E-07       1.0343E-03       2.0000E-04       2.0000E-04
       2.3450E+00       7.5284E-06       2.5573E-05       1.1952E-04       1.8236E-04       2.2099E-05       9.9581E-06       7.9883E-04       6.5640E-07       1.0343E-03       2.0000E-04       2.0000E-04
       2.3550E+00       7.5201E-06       2.5575E-05       1.1958E-04       1.8236E-04       2.2037E-05       9.9946E-06       7.9880E-04       6.5242E-07       1.0343E-03       2.0000E-04       2.0000E-04
       2.3650E+00       7.5118E-06       2.5576E-05       1.1963E-04       1.8237E-04       2.1974E-05       1.0031E-05       7.9876E-04       6.4846E-07       1.0343E-03       2.0000E-04       2.0000E-04
       2.3750E+00       7.5033E-06       2.5577E-05       1.1968E-04       1.8238E-04       2.1908E-05       1.0068E-05       7.9872E-04       6.4453E-07       1.0343E-03       2.0000E-04       2.0000E-04
       2.3850E+00       7.4948E-06       2.5579E-05       1.1973E-04       1.8239E-04       2.1841E-05       1.0104E-05       7.9869E-04       6.4062E-07       1.0343E-03       2.0000E-04       2.0000E-04
       2.3950E+00       7.4862E-06       2.5580E-05       1.1979E-04       1.8240E-04       2.1773E-05       1.0141E-05       7.9865E-04       6.3673E-07       1.0343E-03       2.0000E-04       2.0000E-04
       2.4050E+00       7.4775E-06       2.5581E-05       1.1984E-04       1.8241E-04       2.1702E-05       1.0178E-05       7.9861E-04       6.3286E-07       1.0343E-03       2.0000E-04       2.0000E-04
       2.4150E+00       7.4688E-06       2.5583E-05       1.1989E-04       1.8243E-04       2.1630E-05       1.0214E-05       7.9857E-04       6.2902E-07       1.0343E-03       2.0000E-04       2.0000E-04
       2.4250E+00       7.4600E-06       2.5584E-05       1.1994E-04       1.8245E-04       2.1557E-05       1.0251E-05       7.9853E-04       6.2520E-07       1.0343E-03       2.0000E-04       2.0000E-04
       2.4350E+00       7.4512E-06       2.5586E-05       1.1998E-04       1.8247E-04       2.1481E-05       1.0288E-05       7.9849E-04       6.2140E-07       1.0343E-03       2.0000E-04       2.0000E-04
       2.4450E+00       7.4423E-06       2.5587E-05       1.2003E-04       1.8249E-04       2.1404E-05       1.0324E-05       7.9844E-04       6.1763E-07       1.0343E-03       2.0000E-04       2.0000E-04
       2.4550E+00       7.4333E-06       2.5588E-05       1.2008E-04       1.8251E-04       2.1326E-05       1.0361E-05       7.9840E-04       6.1387E-07       1.0343E-03       2.0000E-04       2.0000E-04
       2.4650E+00       7.4242E-06       2.5590E-05       1.2013E-04       1.8253E-04       2.1246E-05       1.0398E-05       7.9836E-04       6.1014E-07       1.0343E-03       2.0000E-04       2.0000E-04
       2.4750E+00       7.4151E-06       2.5591E-05       1.2018E-04       1.8256E-04       2.1164E-05       1.0435E-05       7.9831E-04       6.0643E-07       1.0343E-03       2.0000E-04       2.0000E-04
       2.4850E+00       7.4059E-06       2.5593E-05       1.2022E-04       1.8259E-04       2.1080E-05       1.0471E-05       7.9827E-04       6.0274E-07       1.0343E-03       2.0000E-04       2.0000E-04
       2.4950E+00       7.3967E-06       2.5594E-05       1.2027E-04       1.8262E-04       2.0995E-05       1.0508E-05       7.9822E-04       5.9907E-07       1.0343E-03       2.0000E-04       2.0000E-04
       2.5050E+00       7.3874E-06       2.5596E-05       1.2031E-04       1.8265E-04       2.0909E-05       1.0545E-05       7.9817E-04       5.9542E-07       1.0343E-03       2.0000E-04       2.0000E-04
       2.5150E+00       7.3780E-06       2.5597E-05       1.2036E-04       1.8268E-04       2.0821E-05       1.0582E-05       7.9813E-04       5.9180E-07       1.0343E-03       2.0000E-04       2.0000E-04
       2.5250E+00       7.3686E-06       2.5599E-05       1.2041E-04       1.8271E-04       2.0731E-05       1.0619E-05       7.9808E-04       5.8819E-07       1.0343E-03       2.0000E-04       2.0000E-04
       2.5350E+00       7.3591E-06       2.5600E-05       1.2045E-04       1.8275E-04       2.0640E-05       1.0656E-05       7.9803E-04       5.8461E-07       1.0343E-03       2.0000E-04       2.0000E-04
       2.5450E+00       7.3495E-06       2.5602E-05       1.2050E-04       1.8278E-04       2.0547E-05       1.0693E-05       7.9798E-04       5.8105E-07       1.0343E-03       2.0000E-04       2.0000E-04
       2.5550E+00       7.3399E-06       2.5603E-05       1.2054E-04       1.8282E-04       2.0453E-05       1.0730E-05       7.9793E-04       5.7750E-07       1.0343E-03       2.0000E-04       2.0000E-04
       2.5650E+00       7.3302E-06       2.5605E-05       1.2058E-04       1.8286E-04       2.0357E-05       1.0767E-05       7.9788E-04       5.7398E-07       1.0343E-03       2.0000E-04       2.0000E-04
       2.5750E+00       7.3204E-06       2.5606E-05       1.2063E-04       1.8290E-04       2.0260E-05       1.0804E-05       7.9783E-04       5.7048E-07       1.0343E-03       2.0000E-04       2.0000E-04
       2.5850E+00       7.3106E-06       2.5608E-05       1.2067E-04       1.8294E-04       2.0161E-05       1.0841E-05       7.9777E-04       5.6700E-07       1.0343E-03       2.0000E-04       2.0000E-04
       2.5950E+00       7.3008E-06       2.5609E-05       1.2072E-04       1.8298E-04       2.0061E-05       1.0878E-05       7.9772E-04       5.6354E-07       1.0343E-03       2.0000E-04       2.0000E-04
       2.6050E+00       7.2908E-06       2.5611E-05       1.2076E-04       1.8303E-04       1.9960E-05       1.0915E-05       7.9767E-04       5.6010E-07       1.0343E-03       2.0000E-04       2.0000E-04
       2.6150E+00       7.2809E-06       2.5612E-05       1.2080E-04       1.8307E-04       1.9858E-05       1.0952E-05       7.9761E-04       5.5668E-07       1.0343E-03       2.0000E-04       2.0000E-04
       2.6250E+00       7.2708E-06       2.5614E-05       1.2085E-04       1.8312E-04       1.9754E-05       1.0989E-05       7.9756E-04       5.5327E-07       1.0343E-03       2.0000E-04       2.0000E-04
       2.6350E+00       7.2607E-06       2.5615E-05       1.2089E-04       1.8317E-04       1.9648E-05       1.1026E-05       7.9750E-04       5.4989E-07       1.0343E-03       2.0000E-04       2.0000E-04
       2.6450E+00       7.2505E-06       2.5617E-05       1.2093E-04       1.8321E-04       1.9542E-05       1.1063E-05       7.9745E-04       5.4653E-07       1.0343E-03       2.0000E-04       2.0000E-04
       2.6550E+00       7.2403E-06       2.5619E-05       1.2098E-04       1.8326E-04       1.9434E-05       1.1100E-05       7.9739E-04       5.4319E-07       1.0343E-03       2.0000E-04       2.0000E-04
       2.6650E+00       7.2300E-06       2.5620E-05       1.2102E-04       1.8331E-04       1.9325E-05       1.1138E-05       7.9733E-04       5.3987E-07       1.0343E-03       2.0000E-04       2.0000E-04
       2.6750E+00       7.2197E-06       2.5622E-05       1.2106E-04       1.8336E-04       1.9215E-05       1.1175E-05       7.9728E-04       5.3656E-07       1.0343E-03       2.0000E-04       2.0000E-04
       2.6850E+00       7.2093E-06       2.5624E-05       1.2110E-04       1.8342E-04       1.9104E-05       1.1212E-05       7.9722E-04       5.3328E-07       1.0343E-03       2.0000E-04       2.0000E-04
       2.6950E+00       7.1988E-06       2.5625E-05       1.2115E-04       1.8347E-04       1.8992E-05       1.1249E-05       7.9716E-04       5.3001E-07       1.0343E-03       2.0000E-04       2.0000E-04
       2.7050E+00       7.1883E-06       2.5627E-05       1.2119E-04       1.8352E-04       1.8879E-05       1.1287E-05       7.9710E-04       5.2677E-07       1.0343E-03       2.0000E-04       2.0000E-04
       2.7150E+00       7.1778E-06       2.5628E-05       1.2123E-04       1.8358E-04       1.8765E-05       1.1324E-05       7.9704E-04       5.2354E-07       1.0343E-03       2.0000E-04       2.0000E-04
       2.7250E+00       7.1671E-06       2.5630E-05       1.2127E-04       1.8364E-04       1.8649E-05       1.1361E-05       7.9698E-04       5.2033E-07       1.0343E-03       2.0000E-04       2.0000E-04
       2.7350E+00       7.1565E-06       2.5632E-05       1.2131E-04       1.8369E-04       1.8533E-05       1.1398E-05       7.9692E-04       5.1714E-07       1.0343E-03       2.0000E-04       2.0000E-04
       2.7450E+00       7.1457E-06       2.5634E-05       1.2136E-04       1.8375E-04       1.8416E-05       1.1436E-05       7.9686E-04       5.1397E-07       1.0343E-03       2.0000E-04       2.0000E-04
       2.7550E+00       7.1349E-06       2.5635E-05       1.2140E-04       1.8381E-04       1.8298E-05       1.1473E-05       7.9679E-04       5.1081E-07       1.0343E-03       2.0000E-04       2.0000E-04
       2.7650E+00       7.1241E-06       2.5637E-05       1.2144E-04       1.8387E-04       1.8179E-05       1.1510E-05       7.9673E-04       5.0768E-07       1.0343E-03       2.0000E-04       2.0000E-04
       2.7750E+00       7.1132E-06       2.5639E-05       1.2148E-04       1.8393E-04       1.8060E-05       1.1548E-05       7.9667E-04       5.0456E-07       1.0343E-03       2.0000E-04       2.0000E-04
       2.7850E+00       7.1022E-06       2.5640E-05       1.2152E-04       1.8399E-04       1.7940E-05       1.1585E-05       7.9661E-04       5.0146E-07       1.0343E-03       2.0000E-04       2.0000E-04
       2.7950E+00       7.0912E-06       2.5642E-05       1.2156E-04       1.8405E-04       1.7819E-05       1.1623E-05       7.9654E-04       4.9838E-07       1.0343E-03       2.0000E-04       2.0000E-04
       2.8050E+00       7.0802E-06       2.5644E-05       1.2160E-04       1.8412E-04       1.7697E-05       1.1660E-05       7.9648E-04       4.9532E-07       1.0343E-03       2.0000E-04       2.0000E-04
       2.8150E+00       7.0691E-06       2.5646E-05       1.2164E-04       1.8418E-04       1.7575E-05       1.1697E-05       7.9641E-04       4.9227E-07       1.0343E-03       2.0000E-04       2.0000E-04
       2.8250E+00       7.0579E-06       2.5647E-05       1.2168E-04       1.8425E-04       1.7452E-05       1.1735E-05       7.9635E-04       4.8925E-07       1.0343E-03       2.0000E-04       2.0000E-04
       2.8350E+00       7.0467E-06       2.5649E-05       1.2172E-04       1.8431E-04       1.7329E-05       1.1772E-05       7.9628E-04       4.8624E-07       1.0343E-03       2.0000E-04       2.0000E-04
       2.8450E+00       7.0354E-06       2.5651E-05       1.2175E-04       1.8438E-04       1.7206E-05       1.1810E-05       7.9622E-04       4.8325E-07       1.0343E-03       2.0000E-04       2.0000E-04
       2.8550E+00       7.0241E-06       2.5653E-05       1.2179E-04       1.8444E-04       1.7082E-05       1.1847E-05       7.9615E-04       4.8028E-07       1.0343E-03       2.0000E-04       2.0000E-04
       2.8650E+00       7.0128E-06       2.5655E-05       1.2183E-04       1.8451E-04       1.6957E-05       1.1885E-05       7.9608E-04       4.7733E-07       1.0343E-03       2.0000E-04       2.0000E-04
       2.8750E+00       7.0014E-06       2.5656E-05       1.2187E-04       1.8458E-04       1.6833E-05       1.1922E-05       7.9602E-04       4.7440E-07       1.0343E-03       2.0000E-04       2.0000E-04
       2.8850E+00       6.9900E-06       2.5658E-05       1.2190E-04       1.8465E-04       1.6709E-05       1.1960E-05       7.9595E-04       4.7149E-07       1.0343E-03       2.0000E-04       2.0000E-04
       2.8950E+00       6.9786E-06       2.5660E-05       1.2194E-04       1.8472E-04       1.6584E-05       1.1997E-05       7.9588E-04       4.6861E-07       1.0343E-03       2.0000E-04       2.0000E-04
       2.9050E+00       6.9672E-06       2.5662E-05       1.2197E-04       1.8479E-04       1.6460E-05       1.2034E-05       7.9582E-04       4.6576E-07       1.0343E-03       2.0000E-04       2.0000E-04
       2.9150E+00       6.9558E-06       2.5664E-05       1.2201E-04       1.8486E-04       1.6337E-05       1.2071E-05       7.9575E-04       4.6295E-07       1.0343E-03       2.0000E-04       2.0000E-04
       2.9250E+00       6.9445E-06       2.5665E-05       1.2204E-04       1.8493E-04       1.6215E-05       1.2107E-05       7.9568E-04       4.6018E-07       1.0343E-03       2.0000E-04       2.0000E-04
       2.9350E+00       6.9334E-06       2.5667E-05       1.2207E-04       1.8500E-04       1.6095E-05       1.2143E-05       7.9562E-04       4.5748E-07       1.0343E-03       2.0000E-04       2.0000E-04
       2.9450E+00       6.9225E-06       2.5669E-05       1.2210E-04       1.8507E-04       1.5979E-05       1.2178E-05       7.9555E-04       4.5487E-07       1.0343E-03       2.0000E-04       2.0000E-04
       2.9550E+00       6.9121E-06       2.5671E-05       1.2213E-04       1.8514E-04       1.5868E-05       1.2211E-05       7.9549E-04       4.5239E-07       1.0343E-03       2.0000E-04       2.0000E-04
       2.9650E+00       6.9024E-06       2.5672E-05       1.2216E-04       1.8520E-04       1.5764E-05       1.2242E-05       7.9544E-04       4.5010E-07       1.0343E-03       2.0000E-04       2.0000E-04
       2.9750E+00       6.8939E-06       2.5674E-05       1.2218E-04       1.8525E-04       1.5673E-05       1.2269E-05       7.9539E-04       4.4808E-07       1.0343E-03       2.0000E-04       2.0000E-04
       2.9850E+00       6.8870E-06       2.5675E-05       1.2220E-04       1.8529E-04       1.5600E-05       1.2291E-05       7.9535E-04       4.4648E-07       1.0343E-03       2.0000E-04       2.0000E-04
       2.9950E+00       6.8829E-06       2.5675E-05       1.2221E-04       1.8532E-04       1.5556E-05       1.2304E-05       7.9532E-04       4.4552E-07       1.0343E-03       2.0000E-04       2.0000E-04
