# Time          5.0000E+01
# Units: Mol/kgw
    Distance           H+               CO2(aq)          Mg++             Ca++             K+               SiO2(aq)         Na+              Al+++            Cl-              NO3-             Tracer       
       5.0000E-03       1.2980E-05       1.6255E-05       1.1875E-04       1.8125E-04       2.0012E-05       2.4315E-07       7.9999E-04       4.1864E-07       1.0343E-03       2.0000E-04       2.0000E-04
       1.5000E-02       1.2868E-05       1.6970E-05       1.1577E-04       1.8424E-04       2.0031E-05       3.1446E-07       7.9998E-04       4.4946E-07       1.0343E-03       2.0000E-04       2.0000E-04
       2.5000E-02       1.2755E-05       1.7655E-05       1.1181E-04       1.8821E-04       2.0049E-05       3.8577E-07       7.9996E-04       4.8027E-07       1.0343E-03       2.0000E-04       2.0000E-04
       3.5000E-02       1.2642E-05       1.8311E-05       1.0687E-04       1.9317E-04       2.0068E-05       4.5708E-07       7.9993E-04       5.1108E-07       1.0343E-03       2.0000E-04       2.0000E-04
       4.5000E-02       1.2530E-05       1.8937E-05       1.0103E-04       1.9903E-04       2.0086E-05       5.2840E-07       7.9990E-04       5.4189E-07       1.0343E-03       2.0000E-04       2.0000E-04
       5.5000E-02       1.2417E-05       1.9534E-05       9.4419E-05       2.0565E-04       2.0103E-05       5.9971E-07       7.9987E-04       5.7270E-07       1.0343E-03       2.0000E-04       2.0000E-04
       6.5000E-02       1.2304E-05       2.0102E-05       8.7248E-05       2.1285E-04       2.0120E-05       6.7102E-07       7.9983E-04       6.0352E-07       1.0343E-03       2.0000E-04       2.0000E-04
       7.5000E-02       1.2191E-05       2.0640E-05       7.9734E-05       2.2038E-04       2.0137E-05       7.4235E-07       7.9979E-04       6.3434E-07       1.0343E-03       2.0000E-04       2.0000E-04
       8.5000E-02       1.2079E-05       2.1149E-05       7.2108E-05       2.2803E-04       2.0155E-05       8.1368E-07       7.9975E-04       6.6517E-07       1.0343E-03       2.0000E-04       2.0000E-04
       9.5000E-02       1.1966E-05       2.1629E-05       6.4589E-05       2.3557E-04       2.0172E-05       8.8503E-07       7.9971E-04       6.9602E-07       1.0343E-03       2.0000E-04       2.0000E-04
       1.0500E-01       1.1853E-05       2.2079E-05       5.7364E-05       2.4282E-04       2.0189E-05       9.5641E-07       7.9967E-04       7.2690E-07       1.0343E-03       2.0000E-04       2.0000E-04
       1.1500E-01       1.1740E-05       2.2500E-05       5.0581E-05       2.4962E-04       2.0206E-05       1.0278E-06       7.9963E-04       7.5783E-07       1.0343E-03       2.0000E-04       2.0000E-04
       1.2500E-01       1.1627E-05       2.2891E-05       4.4347E-05       2.5587E-04       2.0224E-05       1.0994E-06       7.9960E-04       7.8884E-07       1.0343E-03       2.0000E-04       2.0000E-04
       1.3500E-01       1.1513E-05       2.3253E-05       3.8722E-05       2.6151E-04       2.0242E-05       1.1710E-06       7.9957E-04       8.1998E-07       1.0343E-03       2.0000E-04       2.0000E-04
       1.4500E-01       1.1399E-05       2.3586E-05       3.3728E-05       2.6652E-04       2.0260E-05       1.2428E-06       7.9954E-04       8.5134E-07       1.0343E-03       2.0000E-04       2.0000E-04
       1.5500E-01       1.1283E-05       2.3889E-05       2.9356E-05       2.7091E-04       2.0278E-05       1.3150E-06       7.9952E-04       8.8302E-07       1.0343E-03       2.0000E-04       2.0000E-04
       1.6500E-01       1.1167E-05       2.4163E-05       2.5571E-05       2.7470E-04       2.0297E-05       1.3877E-06       7.9950E-04       9.1521E-07       1.0343E-03       2.0000E-04       2.0000E-04
       1.7500E-01       1.1047E-05       2.4407E-05       2.2323E-05       2.7796E-04       2.0316E-05       1.4612E-06       7.9948E-04       9.4819E-07       1.0343E-03       2.0000E-04       2.0000E-04
       1.8500E-01       1.0925E-05       2.4622E-05       1.9552E-05       2.8074E-04       2.0335E-05       1.5359E-06       7.9947E-04       9.8241E-07       1.0343E-03       2.0000E-04       2.0000E-04
       1.9500E-01       1.0796E-05       2.4808E-05       1.7198E-05       2.8310E-04       2.0354E-05       1.6125E-06       7.9945E-04       1.0185E-06       1.0343E-03       2.0000E-04       2.0000E-04
       2.0500E-01       1.0658E-05       2.4964E-05       1.5206E-05       2.8510E-04       2.0374E-05       1.6921E-06       7.9944E-04       1.0576E-06       1.0343E-03       2.0000E-04       2.0000E-04
       2.1500E-01       1.0507E-05       2.5092E-05       1.3531E-05       2.8678E-04       2.0393E-05       1.7762E-06       7.9943E-04       1.1012E-06       1.0343E-03       2.0000E-04       2.0000E-04
       2.2500E-01       1.0336E-05       2.5192E-05       1.2140E-05       2.8817E-04       2.0413E-05       1.8673E-06       7.9943E-04       1.1517E-06       1.0343E-03       2.0000E-04       2.0000E-04
       2.3500E-01       1.0131E-05       2.5264E-05       1.1023E-05       2.8929E-04       2.0432E-05       1.9691E-06       7.9942E-04       1.2130E-06       1.0343E-03       2.0000E-04       2.0000E-04
       2.4500E-01       9.8778E-06       2.5310E-05       1.0200E-05       2.9012E-04       2.0452E-05       2.0874E-06       7.9942E-04       1.2908E-06       1.0343E-03       2.0000E-04       2.0000E-04
       2.5500E-01       9.5481E-06       2.5332E-05       9.7348E-06       2.9059E-04       2.0472E-05       2.2310E-06       7.9941E-04       1.3939E-06       1.0343E-03       2.0000E-04       2.0000E-04
       2.6500E-01       9.2372E-06       2.5352E-05       9.2990E-06       2.9103E-04       2.0492E-05       2.3684E-06       7.9941E-04       1.4908E-06       1.0343E-03       2.0000E-04       2.0000E-04
       2.7500E-01       8.9475E-06       2.5372E-05       8.8910E-06       2.9144E-04       2.0513E-05       2.4987E-06       7.9941E-04       1.5807E-06       1.0343E-03       2.0000E-04       2.0000E-04
       2.8500E-01       8.6813E-06       2.5391E-05       8.5095E-06       2.9182E-04       2.0533E-05       2.6212E-06       7.9941E-04       1.6626E-06       1.0343E-03       2.0000E-04       2.0000E-04
       2.9500E-01       8.4402E-06       2.5408E-05       8.1539E-06       2.9218E-04       2.0553E-05       2.7353E-06       7.9941E-04       1.7363E-06       1.0343E-03       2.0000E-04       2.0000E-04
       3.0500E-01       8.2252E-06       2.5424E-05       7.8238E-06       2.9251E-04       2.0573E-05       2.8408E-06       7.9940E-04       1.8012E-06       1.0343E-03       2.0000E-04       2.0000E-04
       3.1500E-01       8.0363E-06       2.5438E-05       7.5191E-06       2.9281E-04       2.0593E-05       2.9375E-06       7.9940E-04       1.8574E-06       1.0343E-03       2.0000E-04       2.0000E-04
       3.2500E-01       7.8729E-06       2.5451E-05       7.2402E-06       2.9309E-04       2.0613E-05       3.0257E-06       7.9940E-04       1.9051E-06       1.0343E-03       2.0000E-04       2.0000E-04
       3.3500E-01       7.7339E-06       2.5461E-05       6.9875E-06       2.9335E-04       2.0633E-05       3.1058E-06       7.9940E-04       1.9447E-06       1.0343E-03       2.0000E-04       2.0000E-04
       3.4500E-01       7.6174E-06       2.5471E-05       6.7618E-06       2.9357E-04       2.0653E-05       3.1784E-06       7.9940E-04       1.9768E-06       1.0343E-03       2.0000E-04       2.0000E-04
       3.5500E-01       7.5212E-06       2.5479E-05       6.5641E-06       2.9377E-04       2.0674E-05       3.2442E-06       7.9940E-04       2.0021E-06       1.0343E-03       2.0000E-04       2.0000E-04
       3.6500E-01       7.4432E-06       2.5485E-05       6.3956E-06       2.9394E-04       2.0694E-05       3.3039E-06       7.9940E-04       2.0213E-06       1.0343E-03       2.0000E-04       2.0000E-04
       3.7500E-01       7.3811E-06       2.5490E-05       6.2576E-06       2.9408E-04       2.0714E-05       3.3584E-06       7.9940E-04       2.0353E-06       1.0343E-03       2.0000E-04       2.0000E-04
       3.8500E-01       7.3326E-06       2.5494E-05       6.1512E-06       2.9418E-04       2.0734E-05       3.4083E-06       7.9939E-04       2.0447E-06       1.0343E-03       2.0000E-04       2.0000E-04
       3.9500E-01       7.2957E-06       2.5498E-05       6.0779E-06       2.9426E-04       2.0754E-05       3.4543E-06       7.9939E-04       2.0502E-06       1.0343E-03       2.0000E-04       2.0000E-04
       4.0500E-01       7.2686E-06       2.5500E-05       6.0390E-06       2.9430E-04       2.0775E-05       3.4971E-06       7.9939E-04       2.0525E-06       1.0343E-03       2.0000E-04       2.0000E-04
       4.1500E-01       7.2495E-06       2.5502E-05       6.0357E-06       2.9430E-04       2.0795E-05       3.5372E-06       7.9939E-04       2.0521E-06       1.0343E-03       2.0000E-04       2.0000E-04
       4.2500E-01       7.2372E-06       2.5504E-05       6.0691E-06       2.9427E-04       2.0815E-05       3.5751E-06       7.9939E-04       2.0495E-06       1.0343E-03       2.0000E-04       2.0000E-04
       4.3500E-01       7.2303E-06       2.5505E-05       6.1401E-06       2.9420E-04       2.0835E-05       3.6111E-06       7.9939E-04       2.0451E-06       1.0343E-03       2.0000E-04       2.0000E-04
       4.4500E-01       7.2279E-06       2.5505E-05       6.2496E-06       2.9409E-04       2.0856E-05       3.6457E-06       7.9940E-04       2.0391E-06       1.0343E-03       2.0000E-04       2.0000E-04
       4.5500E-01       7.2290E-06       2.5506E-05       6.3982E-06       2.9394E-04       2.0876E-05       3.6791E-06       7.9940E-04       2.0320E-06       1.0343E-03       2.0000E-04       2.0000E-04
       4.6500E-01       7.2331E-06       2.5506E-05       6.5862E-06       2.9375E-04       2.0896E-05       3.7115E-06       7.9940E-04       2.0239E-06       1.0343E-03       2.0000E-04       2.0000E-04
       4.7500E-01       7.2394E-06       2.5506E-05       6.8137E-06       2.9352E-04       2.0917E-05       3.7431E-06       7.9940E-04       2.0150E-06       1.0343E-03       2.0000E-04       2.0000E-04
       4.8500E-01       7.2476E-06       2.5506E-05       7.0808E-06       2.9325E-04       2.0937E-05       3.7741E-06       7.9940E-04       2.0055E-06       1.0343E-03       2.0000E-04       2.0000E-04
       4.9500E-01       7.2572E-06       2.5505E-05       7.3872E-06       2.9294E-04       2.0957E-05       3.8047E-06       7.9940E-04       1.9956E-06       1.0343E-03       2.0000E-04       2.0000E-04
       5.0500E-01       7.2680E-06       2.5505E-05       7.7323E-06       2.9260E-04       2.0978E-05       3.8348E-06       7.9940E-04       1.9852E-06       1.0343E-03       2.0000E-04       2.0000E-04
       5.1500E-01       7.2796E-06       2.5504E-05       8.1156E-06       2.9221E-04       2.0998E-05       3.8647E-06       7.9941E-04       1.9746E-06       1.0343E-03       2.0000E-04       2.0000E-04
       5.2500E-01       7.2918E-06       2.5504E-05       8.5362E-06       2.9179E-04       2.1019E-05       3.8944E-06       7.9941E-04       1.9638E-06       1.0343E-03       2.0000E-04       2.0000E-04
       5.3500E-01       7.3046E-06       2.5503E-05       8.9933E-06       2.9133E-04       2.1039E-05       3.9239E-06       7.9941E-04       1.9528E-06       1.0343E-03       2.0000E-04       2.0000E-04
       5.4500E-01       7.3176E-06       2.5503E-05       9.4857E-06       2.9084E-04       2.1060E-05       3.9533E-06       7.9941E-04       1.9417E-06       1.0343E-03       2.0000E-04       2.0000E-04
       5.5500E-01       7.3309E-06       2.5502E-05       1.0013E-05       2.9031E-04       2.1080E-05       3.9826E-06       7.9942E-04       1.9305E-06       1.0343E-03       2.0000E-04       2.0000E-04
       5.6500E-01       7.3444E-06       2.5501E-05       1.0573E-05       2.8975E-04       2.1101E-05       4.0119E-06       7.9942E-04       1.9193E-06       1.0343E-03       2.0000E-04       2.0000E-04
       5.7500E-01       7.3579E-06       2.5501E-05       1.1165E-05       2.8915E-04       2.1121E-05       4.0411E-06       7.9942E-04       1.9080E-06       1.0343E-03       2.0000E-04       2.0000E-04
       5.8500E-01       7.3715E-06       2.5500E-05       1.1787E-05       2.8853E-04       2.1142E-05       4.0703E-06       7.9943E-04       1.8967E-06       1.0343E-03       2.0000E-04       2.0000E-04
       5.9500E-01       7.3850E-06       2.5500E-05       1.2440E-05       2.8787E-04       2.1162E-05       4.0996E-06       7.9943E-04       1.8855E-06       1.0343E-03       2.0000E-04       2.0000E-04
       6.0500E-01       7.3984E-06       2.5499E-05       1.3121E-05       2.8719E-04       2.1183E-05       4.1288E-06       7.9943E-04       1.8743E-06       1.0343E-03       2.0000E-04       2.0000E-04
       6.1500E-01       7.4118E-06       2.5498E-05       1.3830E-05       2.8648E-04       2.1203E-05       4.1581E-06       7.9944E-04       1.8630E-06       1.0343E-03       2.0000E-04       2.0000E-04
       6.2500E-01       7.4251E-06       2.5498E-05       1.4565E-05       2.8574E-04       2.1224E-05       4.1875E-06       7.9944E-04       1.8519E-06       1.0343E-03       2.0000E-04       2.0000E-04
       6.3500E-01       7.4382E-06       2.5497E-05       1.5326E-05       2.8498E-04       2.1244E-05       4.2169E-06       7.9944E-04       1.8408E-06       1.0343E-03       2.0000E-04       2.0000E-04
       6.4500E-01       7.4511E-06       2.5496E-05       1.6112E-05       2.8419E-04       2.1265E-05       4.2463E-06       7.9945E-04       1.8297E-06       1.0343E-03       2.0000E-04       2.0000E-04
       6.5500E-01       7.4639E-06       2.5496E-05       1.6921E-05       2.8338E-04       2.1286E-05       4.2758E-06       7.9945E-04       1.8187E-06       1.0343E-03       2.0000E-04       2.0000E-04
       6.6500E-01       7.4766E-06       2.5495E-05       1.7753E-05       2.8254E-04       2.1306E-05       4.3053E-06       7.9946E-04       1.8077E-06       1.0343E-03       2.0000E-04       2.0000E-04
       6.7500E-01       7.4890E-06       2.5495E-05       1.8608E-05       2.8169E-04       2.1327E-05       4.3349E-06       7.9946E-04       1.7968E-06       1.0343E-03       2.0000E-04       2.0000E-04
       6.8500E-01       7.5013E-06       2.5494E-05       1.9483E-05       2.8081E-04       2.1348E-05       4.3646E-06       7.9947E-04       1.7860E-06       1.0343E-03       2.0000E-04       2.0000E-04
       6.9500E-01       7.5134E-06       2.5494E-05       2.0380E-05       2.7991E-04       2.1368E-05       4.3943E-06       7.9947E-04       1.7752E-06       1.0343E-03       2.0000E-04       2.0000E-04
       7.0500E-01       7.5253E-06       2.5493E-05       2.1297E-05       2.7899E-04       2.1389E-05       4.4241E-06       7.9948E-04       1.7645E-06       1.0343E-03       2.0000E-04       2.0000E-04
       7.1500E-01       7.5370E-06       2.5493E-05       2.2233E-05       2.7805E-04       2.1409E-05       4.4539E-06       7.9948E-04       1.7538E-06       1.0343E-03       2.0000E-04       2.0000E-04
       7.2500E-01       7.5485E-06       2.5492E-05       2.3188E-05       2.7709E-04       2.1430E-05       4.4838E-06       7.9949E-04       1.7432E-06       1.0343E-03       2.0000E-04       2.0000E-04
       7.3500E-01       7.5599E-06       2.5492E-05       2.4162E-05       2.7611E-04       2.1451E-05       4.5138E-06       7.9949E-04       1.7327E-06       1.0343E-03       2.0000E-04       2.0000E-04
       7.4500E-01       7.5710E-06       2.5491E-05       2.5152E-05       2.7512E-04       2.1472E-05       4.5438E-06       7.9950E-04       1.7222E-06       1.0343E-03       2.0000E-04       2.0000E-04
       7.5500E-01       7.5820E-06       2.5491E-05       2.6160E-05       2.7411E-04       2.1492E-05       4.5739E-06       7.9950E-04       1.7118E-06       1.0343E-03       2.0000E-04       2.0000E-04
       7.6500E-01       7.5927E-06       2.5491E-05       2.7185E-05       2.7308E-04       2.1513E-05       4.6041E-06       7.9951E-04       1.7015E-06       1.0343E-03       2.0000E-04       2.0000E-04
       7.7500E-01       7.6033E-06       2.5490E-05       2.8224E-05       2.7204E-04       2.1534E-05       4.6343E-06       7.9951E-04       1.6912E-06       1.0343E-03       2.0000E-04       2.0000E-04
       7.8500E-01       7.6137E-06       2.5490E-05       2.9279E-05       2.7098E-04       2.1554E-05       4.6646E-06       7.9952E-04       1.6810E-06       1.0343E-03       2.0000E-04       2.0000E-04
       7.9500E-01       7.6239E-06       2.5489E-05       3.0349E-05       2.6991E-04       2.1575E-05       4.6950E-06       7.9952E-04       1.6709E-06       1.0343E-03       2.0000E-04       2.0000E-04
       8.0500E-01       7.6339E-06       2.5489E-05       3.1432E-05       2.6882E-04       2.1596E-05       4.7254E-06       7.9953E-04       1.6608E-06       1.0343E-03       2.0000E-04       2.0000E-04
       8.1500E-01       7.6437E-06       2.5489E-05       3.2528E-05       2.6772E-04       2.1617E-05       4.7559E-06       7.9954E-04       1.6508E-06       1.0343E-03       2.0000E-04       2.0000E-04
       8.2500E-01       7.6533E-06       2.5488E-05       3.3636E-05       2.6661E-04       2.1637E-05       4.7864E-06       7.9954E-04       1.6408E-06       1.0343E-03       2.0000E-04       2.0000E-04
       8.3500E-01       7.6627E-06       2.5488E-05       3.4756E-05       2.6549E-04       2.1658E-05       4.8170E-06       7.9955E-04       1.6309E-06       1.0343E-03       2.0000E-04       2.0000E-04
       8.4500E-01       7.6720E-06       2.5488E-05       3.5886E-05       2.6435E-04       2.1679E-05       4.8477E-06       7.9955E-04       1.6211E-06       1.0343E-03       2.0000E-04       2.0000E-04
       8.5500E-01       7.6810E-06       2.5487E-05       3.7027E-05       2.6321E-04       2.1700E-05       4.8784E-06       7.9956E-04       1.6113E-06       1.0343E-03       2.0000E-04       2.0000E-04
       8.6500E-01       7.6899E-06       2.5487E-05       3.8177E-05       2.6206E-04       2.1720E-05       4.9092E-06       7.9957E-04       1.6016E-06       1.0343E-03       2.0000E-04       2.0000E-04
       8.7500E-01       7.6986E-06       2.5487E-05       3.9335E-05       2.6089E-04       2.1741E-05       4.9401E-06       7.9957E-04       1.5919E-06       1.0343E-03       2.0000E-04       2.0000E-04
       8.8500E-01       7.7072E-06       2.5487E-05       4.0501E-05       2.5972E-04       2.1762E-05       4.9710E-06       7.9958E-04       1.5823E-06       1.0343E-03       2.0000E-04       2.0000E-04
       8.9500E-01       7.7155E-06       2.5486E-05       4.1673E-05       2.5855E-04       2.1783E-05       5.0019E-06       7.9959E-04       1.5728E-06       1.0343E-03       2.0000E-04       2.0000E-04
       9.0500E-01       7.7237E-06       2.5486E-05       4.2852E-05       2.5737E-04       2.1803E-05       5.0330E-06       7.9959E-04       1.5633E-06       1.0343E-03       2.0000E-04       2.0000E-04
       9.1500E-01       7.7317E-06       2.5486E-05       4.4036E-05       2.5618E-04       2.1824E-05       5.0640E-06       7.9960E-04       1.5539E-06       1.0343E-03       2.0000E-04       2.0000E-04
       9.2500E-01       7.7395E-06       2.5486E-05       4.5224E-05       2.5499E-04       2.1845E-05       5.0952E-06       7.9960E-04       1.5446E-06       1.0343E-03       2.0000E-04       2.0000E-04
       9.3500E-01       7.7471E-06       2.5486E-05       4.6416E-05       2.5379E-04       2.1866E-05       5.1264E-06       7.9961E-04       1.5353E-06       1.0343E-03       2.0000E-04       2.0000E-04
       9.4500E-01       7.7546E-06       2.5486E-05       4.7611E-05       2.5259E-04       2.1886E-05       5.1577E-06       7.9962E-04       1.5260E-06       1.0343E-03       2.0000E-04       2.0000E-04
       9.5500E-01       7.7619E-06       2.5485E-05       4.8807E-05       2.5139E-04       2.1907E-05       5.1890E-06       7.9962E-04       1.5169E-06       1.0343E-03       2.0000E-04       2.0000E-04
       9.6500E-01       7.7690E-06       2.5485E-05       5.0005E-05       2.5019E-04       2.1928E-05       5.2204E-06       7.9963E-04       1.5077E-06       1.0343E-03       2.0000E-04       2.0000E-04
       9.7500E-01       7.7759E-06       2.5485E-05       5.1203E-05       2.4899E-04       2.1949E-05       5.2518E-06       7.9964E-04       1.4987E-06       1.0343E-03       2.0000E-04       2.0000E-04
       9.8500E-01       7.7827E-06       2.5485E-05       5.2400E-05       2.4779E-04       2.1969E-05       5.2833E-06       7.9964E-04       1.4897E-06       1.0343E-03       2.0000E-04       2.0000E-04
       9.9500E-01       7.7894E-06       2.5485E-05       5.3596E-05       2.4659E-04       2.1990E-05       5.3148E-06       7.9965E-04       1.4807E-06       1.0343E-03       2.0000E-04       2.0000E-04
       1.0050E+00       7.7958E-06       2.5485E-05       5.4789E-05       2.4539E-04       2.2011E-05       5.3464E-06       7.9965E-04       1.4718E-06       1.0343E-03       2.0000E-04       2.0000E-04
       1.0150E+00       7.8021E-06       2.5485E-05       5.5980E-05       2.4420E-04       2.2032E-05       5.3781E-06       7.9966E-04       1.4629E-06       1.0343E-03       2.0000E-04       2.0000E-04
       1.0250E+00       7.8082E-06       2.5485E-05       5.7167E-05       2.4301E-04       2.2052E-05       5.4098E-06       7.9967E-04       1.4542E-06       1.0343E-03       2.0000E-04       2.0000E-04
       1.0350E+00       7.8142E-06       2.5485E-05       5.8350E-05       2.4182E-04       2.2073E-05       5.4415E-06       7.9967E-04       1.4454E-06       1.0343E-03       2.0000E-04       2.0000E-04
       1.0450E+00       7.8200E-06       2.5485E-05       5.9527E-05       2.4064E-04       2.2094E-05       5.4734E-06       7.9968E-04       1.4367E-06       1.0343E-03       2.0000E-04       2.0000E-04
       1.0550E+00       7.8256E-06       2.5485E-05       6.0699E-05       2.3946E-04       2.2115E-05       5.5052E-06       7.9969E-04       1.4281E-06       1.0343E-03       2.0000E-04       2.0000E-04
       1.0650E+00       7.8311E-06       2.5485E-05       6.1864E-05       2.3830E-04       2.2135E-05       5.5372E-06       7.9969E-04       1.4195E-06       1.0343E-03       2.0000E-04       2.0000E-04
       1.0750E+00       7.8364E-06       2.5485E-05       6.3022E-05       2.3713E-04       2.2156E-05       5.5691E-06       7.9970E-04       1.4110E-06       1.0343E-03       2.0000E-04       2.0000E-04
       1.0850E+00       7.8416E-06       2.5485E-05       6.4172E-05       2.3598E-04       2.2177E-05       5.6012E-06       7.9970E-04       1.4025E-06       1.0343E-03       2.0000E-04       2.0000E-04
       1.0950E+00       7.8466E-06       2.5485E-05       6.5314E-05       2.3484E-04       2.2198E-05       5.6332E-06       7.9971E-04       1.3941E-06       1.0343E-03       2.0000E-04       2.0000E-04
       1.1050E+00       7.8515E-06       2.5485E-05       6.6447E-05       2.3370E-04       2.2218E-05       5.6654E-06       7.9972E-04       1.3857E-06       1.0343E-03       2.0000E-04       2.0000E-04
       1.1150E+00       7.8562E-06       2.5485E-05       6.7570E-05       2.3257E-04       2.2239E-05       5.6976E-06       7.9972E-04       1.3774E-06       1.0343E-03       2.0000E-04       2.0000E-04
       1.1250E+00       7.8607E-06       2.5485E-05       6.8683E-05       2.3146E-04       2.2260E-05       5.7298E-06       7.9973E-04       1.3692E-06       1.0343E-03       2.0000E-04       2.0000E-04
       1.1350E+00       7.8651E-06       2.5485E-05       6.9786E-05       2.3035E-04       2.2280E-05       5.7621E-06       7.9973E-04       1.3609E-06       1.0343E-03       2.0000E-04       2.0000E-04
       1.1450E+00       7.8693E-06       2.5485E-05       7.0877E-05       2.2926E-04       2.2301E-05       5.7944E-06       7.9974E-04       1.3528E-06       1.0343E-03       2.0000E-04       2.0000E-04
       1.1550E+00       7.8734E-06       2.5485E-05       7.1957E-05       2.2817E-04       2.2322E-05       5.8268E-06       7.9974E-04       1.3447E-06       1.0343E-03       2.0000E-04       2.0000E-04
       1.1650E+00       7.8774E-06       2.5485E-05       7.3025E-05       2.2710E-04       2.2342E-05       5.8592E-06       7.9975E-04       1.3366E-06       1.0343E-03       2.0000E-04       2.0000E-04
       1.1750E+00       7.8812E-06       2.5485E-05       7.4080E-05       2.2604E-04       2.2363E-05       5.8917E-06       7.9976E-04       1.3286E-06       1.0343E-03       2.0000E-04       2.0000E-04
       1.1850E+00       7.8848E-06       2.5486E-05       7.5123E-05       2.2500E-04       2.2384E-05       5.9242E-06       7.9976E-04       1.3206E-06       1.0343E-03       2.0000E-04       2.0000E-04
       1.1950E+00       7.8883E-06       2.5486E-05       7.6153E-05       2.2396E-04       2.2404E-05       5.9568E-06       7.9977E-04       1.3127E-06       1.0343E-03       2.0000E-04       2.0000E-04
       1.2050E+00       7.8917E-06       2.5486E-05       7.7169E-05       2.2295E-04       2.2425E-05       5.9895E-06       7.9977E-04       1.3048E-06       1.0343E-03       2.0000E-04       2.0000E-04
       1.2150E+00       7.8949E-06       2.5486E-05       7.8172E-05       2.2194E-04       2.2445E-05       6.0221E-06       7.9978E-04       1.2970E-06       1.0343E-03       2.0000E-04       2.0000E-04
       1.2250E+00       7.8980E-06       2.5486E-05       7.9160E-05       2.2095E-04       2.2466E-05       6.0549E-06       7.9978E-04       1.2892E-06       1.0343E-03       2.0000E-04       2.0000E-04
       1.2350E+00       7.9009E-06       2.5487E-05       8.0135E-05       2.1997E-04       2.2486E-05       6.0876E-06       7.9979E-04       1.2815E-06       1.0343E-03       2.0000E-04       2.0000E-04
       1.2450E+00       7.9037E-06       2.5487E-05       8.1094E-05       2.1901E-04       2.2507E-05       6.1205E-06       7.9979E-04       1.2738E-06       1.0343E-03       2.0000E-04       2.0000E-04
       1.2550E+00       7.9064E-06       2.5487E-05       8.2040E-05       2.1806E-04       2.2528E-05       6.1533E-06       7.9980E-04       1.2662E-06       1.0343E-03       2.0000E-04       2.0000E-04
       1.2650E+00       7.9089E-06       2.5487E-05       8.2970E-05       2.1713E-04       2.2548E-05       6.1862E-06       7.9980E-04       1.2586E-06       1.0343E-03       2.0000E-04       2.0000E-04
       1.2750E+00       7.9113E-06       2.5487E-05       8.3885E-05       2.1621E-04       2.2569E-05       6.2192E-06       7.9981E-04       1.2511E-06       1.0343E-03       2.0000E-04       2.0000E-04
       1.2850E+00       7.9135E-06       2.5488E-05       8.4786E-05       2.1531E-04       2.2589E-05       6.2522E-06       7.9981E-04       1.2436E-06       1.0343E-03       2.0000E-04       2.0000E-04
       1.2950E+00       7.9156E-06       2.5488E-05       8.5671E-05       2.1442E-04       2.2609E-05       6.2852E-06       7.9982E-04       1.2361E-06       1.0343E-03       2.0000E-04       2.0000E-04
       1.3050E+00       7.9176E-06       2.5488E-05       8.6541E-05       2.1355E-04       2.2630E-05       6.3183E-06       7.9982E-04       1.2287E-06       1.0343E-03       2.0000E-04       2.0000E-04
       1.3150E+00       7.9194E-06       2.5489E-05       8.7395E-05       2.1269E-04       2.2650E-05       6.3515E-06       7.9982E-04       1.2213E-06       1.0343E-03       2.0000E-04       2.0000E-04
       1.3250E+00       7.9211E-06       2.5489E-05       8.8235E-05       2.1185E-04       2.2671E-05       6.3847E-06       7.9983E-04       1.2140E-06       1.0343E-03       2.0000E-04       2.0000E-04
       1.3350E+00       7.9227E-06       2.5489E-05       8.9059E-05       2.1102E-04       2.2691E-05       6.4179E-06       7.9983E-04       1.2068E-06       1.0343E-03       2.0000E-04       2.0000E-04
       1.3450E+00       7.9241E-06       2.5490E-05       8.9867E-05       2.1021E-04       2.2711E-05       6.4512E-06       7.9984E-04       1.1995E-06       1.0343E-03       2.0000E-04       2.0000E-04
       1.3550E+00       7.9254E-06       2.5490E-05       9.0660E-05       2.0941E-04       2.2732E-05       6.4845E-06       7.9984E-04       1.1923E-06       1.0343E-03       2.0000E-04       2.0000E-04
       1.3650E+00       7.9266E-06       2.5490E-05       9.1438E-05       2.0864E-04       2.2752E-05       6.5178E-06       7.9984E-04       1.1852E-06       1.0343E-03       2.0000E-04       2.0000E-04
       1.3750E+00       7.9276E-06       2.5491E-05       9.2200E-05       2.0787E-04       2.2772E-05       6.5512E-06       7.9985E-04       1.1781E-06       1.0343E-03       2.0000E-04       2.0000E-04
       1.3850E+00       7.9286E-06       2.5491E-05       9.2947E-05       2.0712E-04       2.2792E-05       6.5847E-06       7.9985E-04       1.1710E-06       1.0343E-03       2.0000E-04       2.0000E-04
       1.3950E+00       7.9293E-06       2.5491E-05       9.3679E-05       2.0639E-04       2.2813E-05       6.6182E-06       7.9986E-04       1.1640E-06       1.0343E-03       2.0000E-04       2.0000E-04
       1.4050E+00       7.9300E-06       2.5492E-05       9.4396E-05       2.0567E-04       2.2833E-05       6.6517E-06       7.9986E-04       1.1571E-06       1.0343E-03       2.0000E-04       2.0000E-04
       1.4150E+00       7.9305E-06       2.5492E-05       9.5098E-05       2.0496E-04       2.2853E-05       6.6853E-06       7.9986E-04       1.1501E-06       1.0343E-03       2.0000E-04       2.0000E-04
       1.4250E+00       7.9310E-06       2.5493E-05       9.5785E-05       2.0428E-04       2.2873E-05       6.7189E-06       7.9987E-04       1.1432E-06       1.0343E-03       2.0000E-04       2.0000E-04
       1.4350E+00       7.9312E-06       2.5493E-05       9.6458E-05       2.0360E-04       2.2893E-05       6.7525E-06       7.9987E-04       1.1364E-06       1.0343E-03       2.0000E-04       2.0000E-04
       1.4450E+00       7.9314E-06       2.5493E-05       9.7116E-05       2.0294E-04       2.2913E-05       6.7862E-06       7.9987E-04       1.1296E-06       1.0343E-03       2.0000E-04       2.0000E-04
       1.4550E+00       7.9315E-06       2.5494E-05       9.7759E-05       2.0230E-04       2.2933E-05       6.8200E-06       7.9988E-04       1.1228E-06       1.0343E-03       2.0000E-04       2.0000E-04
       1.4650E+00       7.9314E-06       2.5494E-05       9.8388E-05       2.0167E-04       2.2953E-05       6.8537E-06       7.9988E-04       1.1161E-06       1.0343E-03       2.0000E-04       2.0000E-04
       1.4750E+00       7.9312E-06       2.5495E-05       9.9002E-05       2.0105E-04       2.2973E-05       6.8876E-06       7.9988E-04       1.1094E-06       1.0343E-03       2.0000E-04       2.0000E-04
       1.4850E+00       7.9309E-06       2.5495E-05       9.9603E-05       2.0045E-04       2.2993E-05       6.9214E-06       7.9988E-04       1.1028E-06       1.0343E-03       2.0000E-04       2.0000E-04
       1.4950E+00       7.9304E-06       2.5496E-05       1.0019E-04       1.9986E-04       2.3013E-05       6.9553E-06       7.9989E-04       1.0962E-06       1.0343E-03       2.0000E-04       2.0000E-04
       1.5050E+00       7.9299E-06       2.5496E-05       1.0076E-04       1.9929E-04       2.3033E-05       6.9893E-06       7.9989E-04       1.0896E-06       1.0343E-03       2.0000E-04       2.0000E-04
       1.5150E+00       7.9292E-06       2.5497E-05       1.0132E-04       1.9872E-04       2.3053E-05       7.0232E-06       7.9989E-04       1.0831E-06       1.0343E-03       2.0000E-04       2.0000E-04
       1.5250E+00       7.9284E-06       2.5497E-05       1.0187E-04       1.9818E-04       2.3072E-05       7.0572E-06       7.9990E-04       1.0766E-06       1.0343E-03       2.0000E-04       2.0000E-04
       1.5350E+00       7.9275E-06       2.5498E-05       1.0240E-04       1.9764E-04       2.3092E-05       7.0913E-06       7.9990E-04       1.0701E-06       1.0343E-03       2.0000E-04       2.0000E-04
       1.5450E+00       7.9265E-06       2.5498E-05       1.0292E-04       1.9712E-04       2.3111E-05       7.1254E-06       7.9990E-04       1.0637E-06       1.0343E-03       2.0000E-04       2.0000E-04
       1.5550E+00       7.9253E-06       2.5499E-05       1.0343E-04       1.9661E-04       2.3131E-05       7.1595E-06       7.9990E-04       1.0574E-06       1.0343E-03       2.0000E-04       2.0000E-04
       1.5650E+00       7.9241E-06       2.5500E-05       1.0392E-04       1.9612E-04       2.3150E-05       7.1937E-06       7.9990E-04       1.0510E-06       1.0343E-03       2.0000E-04       2.0000E-04
       1.5750E+00       7.9227E-06       2.5500E-05       1.0441E-04       1.9563E-04       2.3170E-05       7.2279E-06       7.9991E-04       1.0447E-06       1.0343E-03       2.0000E-04       2.0000E-04
       1.5850E+00       7.9212E-06       2.5501E-05       1.0488E-04       1.9516E-04       2.3189E-05       7.2621E-06       7.9991E-04       1.0385E-06       1.0343E-03       2.0000E-04       2.0000E-04
       1.5950E+00       7.9197E-06       2.5501E-05       1.0534E-04       1.9470E-04       2.3209E-05       7.2964E-06       7.9991E-04       1.0323E-06       1.0343E-03       2.0000E-04       2.0000E-04
       1.6050E+00       7.9180E-06       2.5502E-05       1.0578E-04       1.9426E-04       2.3228E-05       7.3307E-06       7.9991E-04       1.0261E-06       1.0343E-03       2.0000E-04       2.0000E-04
       1.6150E+00       7.9162E-06       2.5503E-05       1.0622E-04       1.9382E-04       2.3247E-05       7.3651E-06       7.9991E-04       1.0199E-06       1.0343E-03       2.0000E-04       2.0000E-04
       1.6250E+00       7.9142E-06       2.5503E-05       1.0664E-04       1.9340E-04       2.3266E-05       7.3995E-06       7.9992E-04       1.0138E-06       1.0343E-03       2.0000E-04       2.0000E-04
       1.6350E+00       7.9122E-06       2.5504E-05       1.0705E-04       1.9298E-04       2.3285E-05       7.4339E-06       7.9992E-04       1.0077E-06       1.0343E-03       2.0000E-04       2.0000E-04
       1.6450E+00       7.9101E-06       2.5504E-05       1.0746E-04       1.9258E-04       2.3304E-05       7.4684E-06       7.9992E-04       1.0017E-06       1.0343E-03       2.0000E-04       2.0000E-04
       1.6550E+00       7.9078E-06       2.5505E-05       1.0785E-04       1.9219E-04       2.3323E-05       7.5029E-06       7.9992E-04       9.9570E-07       1.0343E-03       2.0000E-04       2.0000E-04
       1.6650E+00       7.9055E-06       2.5506E-05       1.0823E-04       1.9181E-04       2.3341E-05       7.5374E-06       7.9992E-04       9.8973E-07       1.0343E-03       2.0000E-04       2.0000E-04
       1.6750E+00       7.9030E-06       2.5506E-05       1.0860E-04       1.9144E-04       2.3360E-05       7.5720E-06       7.9992E-04       9.8380E-07       1.0343E-03       2.0000E-04       2.0000E-04
       1.6850E+00       7.9005E-06       2.5507E-05       1.0896E-04       1.9108E-04       2.3378E-05       7.6066E-06       7.9992E-04       9.7790E-07       1.0343E-03       2.0000E-04       2.0000E-04
       1.6950E+00       7.8978E-06       2.5508E-05       1.0931E-04       1.9073E-04       2.3397E-05       7.6412E-06       7.9992E-04       9.7204E-07       1.0343E-03       2.0000E-04       2.0000E-04
       1.7050E+00       7.8950E-06       2.5508E-05       1.0965E-04       1.9039E-04       2.3415E-05       7.6759E-06       7.9992E-04       9.6621E-07       1.0343E-03       2.0000E-04       2.0000E-04
       1.7150E+00       7.8922E-06       2.5509E-05       1.0998E-04       1.9006E-04       2.3433E-05       7.7106E-06       7.9993E-04       9.6042E-07       1.0343E-03       2.0000E-04       2.0000E-04
       1.7250E+00       7.8892E-06       2.5510E-05       1.1030E-04       1.8974E-04       2.3451E-05       7.7453E-06       7.9993E-04       9.5466E-07       1.0343E-03       2.0000E-04       2.0000E-04
       1.7350E+00       7.8861E-06       2.5511E-05       1.1061E-04       1.8943E-04       2.3469E-05       7.7801E-06       7.9993E-04       9.4894E-07       1.0343E-03       2.0000E-04       2.0000E-04
       1.7450E+00       7.8829E-06       2.5511E-05       1.1092E-04       1.8912E-04       2.3487E-05       7.8149E-06       7.9993E-04       9.4325E-07       1.0343E-03       2.0000E-04       2.0000E-04
       1.7550E+00       7.8796E-06       2.5512E-05       1.1121E-04       1.8883E-04       2.3504E-05       7.8498E-06       7.9993E-04       9.3759E-07       1.0343E-03       2.0000E-04       2.0000E-04
       1.7650E+00       7.8763E-06       2.5513E-05       1.1150E-04       1.8854E-04       2.3522E-05       7.8846E-06       7.9993E-04       9.3197E-07       1.0343E-03       2.0000E-04       2.0000E-04
       1.7750E+00       7.8728E-06       2.5514E-05       1.1178E-04       1.8827E-04       2.3539E-05       7.9195E-06       7.9993E-04       9.2638E-07       1.0343E-03       2.0000E-04       2.0000E-04
       1.7850E+00       7.8692E-06       2.5514E-05       1.1205E-04       1.8800E-04       2.3556E-05       7.9545E-06       7.9993E-04       9.2082E-07       1.0343E-03       2.0000E-04       2.0000E-04
       1.7950E+00       7.8655E-06       2.5515E-05       1.1231E-04       1.8774E-04       2.3573E-05       7.9895E-06       7.9993E-04       9.1529E-07       1.0343E-03       2.0000E-04       2.0000E-04
       1.8050E+00       7.8618E-06       2.5516E-05       1.1256E-04       1.8749E-04       2.3590E-05       8.0245E-06       7.9993E-04       9.0980E-07       1.0343E-03       2.0000E-04       2.0000E-04
       1.8150E+00       7.8579E-06       2.5517E-05       1.1281E-04       1.8724E-04       2.3607E-05       8.0595E-06       7.9993E-04       9.0434E-07       1.0343E-03       2.0000E-04       2.0000E-04
       1.8250E+00       7.8539E-06       2.5518E-05       1.1305E-04       1.8700E-04       2.3623E-05       8.0946E-06       7.9993E-04       8.9891E-07       1.0343E-03       2.0000E-04       2.0000E-04
       1.8350E+00       7.8499E-06       2.5519E-05       1.1328E-04       1.8677E-04       2.3639E-05       8.1297E-06       7.9993E-04       8.9352E-07       1.0343E-03       2.0000E-04       2.0000E-04
       1.8450E+00       7.8457E-06       2.5519E-05       1.1351E-04       1.8655E-04       2.3655E-05       8.1648E-06       7.9992E-04       8.8815E-07       1.0343E-03       2.0000E-04       2.0000E-04
       1.8550E+00       7.8415E-06       2.5520E-05       1.1372E-04       1.8634E-04       2.3671E-05       8.2000E-06       7.9992E-04       8.8282E-07       1.0343E-03       2.0000E-04       2.0000E-04
       1.8650E+00       7.8371E-06       2.5521E-05       1.1394E-04       1.8613E-04       2.3687E-05       8.2352E-06       7.9992E-04       8.7752E-07       1.0343E-03       2.0000E-04       2.0000E-04
       1.8750E+00       7.8327E-06       2.5522E-05       1.1414E-04       1.8593E-04       2.3702E-05       8.2704E-06       7.9992E-04       8.7225E-07       1.0343E-03       2.0000E-04       2.0000E-04
       1.8850E+00       7.8281E-06       2.5523E-05       1.1434E-04       1.8573E-04       2.3717E-05       8.3057E-06       7.9992E-04       8.6701E-07       1.0343E-03       2.0000E-04       2.0000E-04
       1.8950E+00       7.8235E-06       2.5524E-05       1.1453E-04       1.8554E-04       2.3732E-05       8.3410E-06       7.9992E-04       8.6180E-07       1.0343E-03       2.0000E-04       2.0000E-04
       1.9050E+00       7.8188E-06       2.5525E-05       1.1472E-04       1.8536E-04       2.3746E-05       8.3763E-06       7.9992E-04       8.5662E-07       1.0343E-03       2.0000E-04       2.0000E-04
       1.9150E+00       7.8140E-06       2.5525E-05       1.1490E-04       1.8518E-04       2.3760E-05       8.4116E-06       7.9992E-04       8.5148E-07       1.0343E-03       2.0000E-04       2.0000E-04
       1.9250E+00       7.8091E-06       2.5526E-05       1.1507E-04       1.8501E-04       2.3774E-05       8.4470E-06       7.9991E-04       8.4636E-07       1.0343E-03       2.0000E-04       2.0000E-04
       1.9350E+00       7.8041E-06       2.5527E-05       1.1524E-04       1.8485E-04       2.3788E-05       8.4824E-06       7.9991E-04       8.4127E-07       1.0343E-03       2.0000E-04       2.0000E-04
       1.9450E+00       7.7990E-06       2.5528E-05       1.1540E-04       1.8469E-04       2.3801E-05       8.5179E-06       7.9991E-04       8.3621E-07       1.0343E-03       2.0000E-04       2.0000E-04
       1.9550E+00       7.7939E-06       2.5529E-05       1.1556E-04       1.8453E-04       2.3814E-05       8.5534E-06       7.9991E-04       8.3118E-07       1.0343E-03       2.0000E-04       2.0000E-04
       1.9650E+00       7.7886E-06       2.5530E-05       1.1572E-04       1.8439E-04       2.3827E-05       8.5889E-06       7.9990E-04       8.2619E-07       1.0343E-03       2.0000E-04       2.0000E-04
       1.9750E+00       7.7833E-06       2.5531E-05       1.1586E-04       1.8424E-04       2.3839E-05       8.6244E-06       7.9990E-04       8.2122E-07       1.0343E-03       2.0000E-04       2.0000E-04
       1.9850E+00       7.7778E-06       2.5532E-05       1.1601E-04       1.8410E-04       2.3851E-05       8.6600E-06       7.9990E-04       8.1628E-07       1.0343E-03       2.0000E-04       2.0000E-04
       1.9950E+00       7.7723E-06       2.5533E-05       1.1615E-04       1.8397E-04       2.3863E-05       8.6955E-06       7.9990E-04       8.1137E-07       1.0343E-03       2.0000E-04       2.0000E-04
       2.0050E+00       7.7667E-06       2.5534E-05       1.1628E-04       1.8384E-04       2.3874E-05       8.7312E-06       7.9989E-04       8.0648E-07       1.0343E-03       2.0000E-04       2.0000E-04
       2.0150E+00       7.7610E-06       2.5535E-05       1.1641E-04       1.8372E-04       2.3885E-05       8.7668E-06       7.9989E-04       8.0163E-07       1.0343E-03       2.0000E-04       2.0000E-04
       2.0250E+00       7.7553E-06       2.5536E-05       1.1653E-04       1.8360E-04       2.3895E-05       8.8025E-06       7.9989E-04       7.9680E-07       1.0343E-03       2.0000E-04       2.0000E-04
       2.0350E+00       7.7494E-06       2.5537E-05       1.1666E-04       1.8349E-04       2.3905E-05       8.8382E-06       7.9988E-04       7.9200E-07       1.0343E-03       2.0000E-04       2.0000E-04
       2.0450E+00       7.7435E-06       2.5538E-05       1.1677E-04       1.8338E-04       2.3915E-05       8.8739E-06       7.9988E-04       7.8724E-07       1.0343E-03       2.0000E-04       2.0000E-04
       2.0550E+00       7.7374E-06       2.5539E-05       1.1689E-04       1.8327E-04       2.3924E-05       8.9097E-06       7.9987E-04       7.8249E-07       1.0343E-03       2.0000E-04       2.0000E-04
       2.0650E+00       7.7313E-06       2.5540E-05       1.1700E-04       1.8317E-04       2.3932E-05       8.9455E-06       7.9987E-04       7.7778E-07       1.0343E-03       2.0000E-04       2.0000E-04
       2.0750E+00       7.7251E-06       2.5541E-05       1.1710E-04       1.8307E-04       2.3940E-05       8.9813E-06       7.9986E-04       7.7309E-07       1.0343E-03       2.0000E-04       2.0000E-04
       2.0850E+00       7.7189E-06       2.5542E-05       1.1720E-04       1.8298E-04       2.3948E-05       9.0171E-06       7.9986E-04       7.6843E-07       1.0343E-03       2.0000E-04       2.0000E-04
       2.0950E+00       7.7125E-06       2.5543E-05       1.1730E-04       1.8289E-04       2.3955E-05       9.0530E-06       7.9985E-04       7.6380E-07       1.0343E-03       2.0000E-04       2.0000E-04
       2.1050E+00       7.7061E-06       2.5544E-05       1.1740E-04       1.8280E-04       2.3961E-05       9.0889E-06       7.9985E-04       7.5920E-07       1.0343E-03       2.0000E-04       2.0000E-04
       2.1150E+00       7.6996E-06       2.5546E-05       1.1749E-04       1.8272E-04       2.3967E-05       9.1248E-06       7.9984E-04       7.5462E-07       1.0343E-03       2.0000E-04       2.0000E-04
       2.1250E+00       7.6930E-06       2.5547E-05       1.1758E-04       1.8264E-04       2.3972E-05       9.1608E-06       7.9984E-04       7.5007E-07       1.0343E-03       2.0000E-04       2.0000E-04
       2.1350E+00       7.6863E-06       2.5548E-05       1.1766E-04       1.8257E-04       2.3977E-05       9.1967E-06       7.9983E-04       7.4554E-07       1.0343E-03       2.0000E-04       2.0000E-04
       2.1450E+00       7.6795E-06       2.5549E-05       1.1775E-04       1.8250E-04       2.3981E-05       9.2327E-06       7.9982E-04       7.4104E-07       1.0343E-03       2.0000E-04       2.0000E-04
       2.1550E+00       7.6727E-06       2.5550E-05       1.1783E-04       1.8243E-04       2.3984E-05       9.2688E-06       7.9982E-04       7.3657E-07       1.0343E-03       2.0000E-04       2.0000E-04
       2.1650E+00       7.6658E-06       2.5551E-05       1.1791E-04       1.8236E-04       2.3987E-05       9.3048E-06       7.9981E-04       7.3212E-07       1.0343E-03       2.0000E-04       2.0000E-04
       2.1750E+00       7.6588E-06       2.5552E-05       1.1798E-04       1.8230E-04       2.3989E-05       9.3409E-06       7.9980E-04       7.2770E-07       1.0343E-03       2.0000E-04       2.0000E-04
       2.1850E+00       7.6517E-06       2.5554E-05       1.1805E-04       1.8224E-04       2.3990E-05       9.3770E-06       7.9979E-04       7.2331E-07       1.0343E-03       2.0000E-04       2.0000E-04
       2.1950E+00       7.6446E-06       2.5555E-05       1.1812E-04       1.8218E-04       2.3991E-05       9.4131E-06       7.9978E-04       7.1894E-07       1.0343E-03       2.0000E-04       2.0000E-04
       2.2050E+00       7.6374E-06       2.5556E-05       1.1819E-04       1.8213E-04       2.3991E-05       9.4493E-06       7.9978E-04       7.1460E-07       1.0343E-03       2.0000E-04       2.0000E-04
       2.2150E+00       7.6301E-06       2.5557E-05       1.1826E-04       1.8208E-04       2.3990E-05       9.4855E-06       7.9977E-04       7.1028E-07       1.0343E-03       2.0000E-04       2.0000E-04
       2.2250E+00       7.6227E-06       2.5558E-05       1.1832E-04       1.8203E-04       2.3989E-05       9.5217E-06       7.9976E-04       7.0598E-07       1.0343E-03       2.0000E-04       2.0000E-04
       2.2350E+00       7.6153E-06       2.5559E-05       1.1838E-04       1.8199E-04       2.3986E-05       9.5579E-06       7.9975E-04       7.0171E-07       1.0343E-03       2.0000E-04       2.0000E-04
       2.2450E+00       7.6077E-06       2.5561E-05       1.1844E-04       1.8194E-04       2.3983E-05       9.5942E-06       7.9974E-04       6.9747E-07       1.0343E-03       2.0000E-04       2.0000E-04
       2.2550E+00       7.6001E-06       2.5562E-05       1.1850E-04       1.8190E-04       2.3979E-05       9.6304E-06       7.9973E-04       6.9325E-07       1.0343E-03       2.0000E-04       2.0000E-04
       2.2650E+00       7.5925E-06       2.5563E-05       1.1855E-04       1.8186E-04       2.3974E-05       9.6668E-06       7.9972E-04       6.8906E-07       1.0343E-03       2.0000E-04       2.0000E-04
       2.2750E+00       7.5847E-06       2.5564E-05       1.1861E-04       1.8183E-04       2.3968E-05       9.7031E-06       7.9971E-04       6.8489E-07       1.0343E-03       2.0000E-04       2.0000E-04
       2.2850E+00       7.5769E-06       2.5566E-05       1.1866E-04       1.8180E-04       2.3962E-05       9.7394E-06       7.9970E-04       6.8074E-07       1.0343E-03       2.0000E-04       2.0000E-04
       2.2950E+00       7.5690E-06       2.5567E-05       1.1871E-04       1.8176E-04       2.3954E-05       9.7758E-06       7.9968E-04       6.7662E-07       1.0343E-03       2.0000E-04       2.0000E-04
       2.3050E+00       7.5611E-06       2.5568E-05       1.1876E-04       1.8174E-04       2.3945E-05       9.8122E-06       7.9967E-04       6.7252E-07       1.0343E-03       2.0000E-04       2.0000E-04
       2.3150E+00       7.5531E-06       2.5569E-05       1.1881E-04       1.8171E-04       2.3936E-05       9.8486E-06       7.9966E-04       6.6845E-07       1.0343E-03       2.0000E-04       2.0000E-04
       2.3250E+00       7.5450E-06       2.5571E-05       1.1886E-04       1.8168E-04       2.3926E-05       9.8851E-06       7.9965E-04       6.6440E-07       1.0343E-03       2.0000E-04       2.0000E-04
       2.3350E+00       7.5368E-06       2.5572E-05       1.1890E-04       1.8166E-04       2.3914E-05       9.9216E-06       7.9963E-04       6.6037E-07       1.0343E-03       2.0000E-04       2.0000E-04
       2.3450E+00       7.5286E-06       2.5573E-05       1.1895E-04       1.8164E-04       2.3902E-05       9.9581E-06       7.9962E-04       6.5637E-07       1.0343E-03       2.0000E-04       2.0000E-04
       2.3550E+00       7.5202E-06       2.5575E-05       1.1899E-04       1.8162E-04       2.3888E-05       9.9946E-06       7.9960E-04       6.5239E-07       1.0343E-03       2.0000E-04       2.0000E-04
       2.3650E+00       7.5119E-06       2.5576E-05       1.1903E-04       1.8160E-04       2.3874E-05       1.0031E-05       7.9959E-04       6.4843E-07       1.0343E-03       2.0000E-04       2.0000E-04
       2.3750E+00       7.5034E-06       2.5577E-05       1.1907E-04       1.8159E-04       2.3858E-05       1.0068E-05       7.9957E-04       6.4450E-07       1.0343E-03       2.0000E-04       2.0000E-04
       2.3850E+00       7.4949E-06       2.5579E-05       1.1911E-04       1.8157E-04       2.3841E-05       1.0104E-05       7.9956E-04       6.4058E-07       1.0343E-03       2.0000E-04       2.0000E-04
       2.3950E+00       7.4863E-06       2.5580E-05       1.1915E-04       1.8156E-04       2.3823E-05       1.0141E-05       7.9954E-04       6.3670E-07       1.0343E-03       2.0000E-04       2.0000E-04
       2.4050E+00       7.4777E-06       2.5581E-05       1.1919E-04       1.8155E-04       2.3804E-05       1.0178E-05       7.9952E-04       6.3283E-07       1.0343E-03       2.0000E-04       2.0000E-04
       2.4150E+00       7.4689E-06       2.5583E-05       1.1922E-04       1.8154E-04       2.3784E-05       1.0214E-05       7.9951E-04       6.2899E-07       1.0343E-03       2.0000E-04       2.0000E-04
       2.4250E+00       7.4602E-06       2.5584E-05       1.1926E-04       1.8154E-04       2.3763E-05       1.0251E-05       7.9949E-04       6.2516E-07       1.0343E-03       2.0000E-04       2.0000E-04
       2.4350E+00       7.4513E-06       2.5586E-05       1.1930E-04       1.8153E-04       2.3740E-05       1.0288E-05       7.9947E-04       6.2136E-07       1.0343E-03       2.0000E-04       2.0000E-04
       2.4450E+00       7.4424E-06       2.5587E-05       1.1933E-04       1.8153E-04       2.3717E-05       1.0324E-05       7.9945E-04       6.1759E-07       1.0343E-03       2.0000E-04       2.0000E-04
       2.4550E+00       7.4334E-06       2.5588E-05       1.1936E-04       1.8153E-04       2.3692E-05       1.0361E-05       7.9943E-04       6.1383E-07       1.0343E-03       2.0000E-04       2.0000E-04
       2.4650E+00       7.4244E-06       2.5590E-05       1.1940E-04       1.8153E-04       2.3665E-05       1.0398E-05       7.9941E-04       6.1010E-07       1.0343E-03       2.0000E-04       2.0000E-04
       2.4750E+00       7.4152E-06       2.5591E-05       1.1943E-04       1.8153E-04       2.3638E-05       1.0435E-05       7.9939E-04       6.0639E-07       1.0343E-03       2.0000E-04       2.0000E-04
       2.4850E+00       7.4061E-06       2.5593E-05       1.1946E-04       1.8153E-04       2.3609E-05       1.0471E-05       7.9937E-04       6.0270E-07       1.0343E-03       2.0000E-04       2.0000E-04
       2.4950E+00       7.3968E-06       2.5594E-05       1.1950E-04       1.8153E-04       2.3579E-05       1.0508E-05       7.9935E-04       5.9903E-07       1.0343E-03       2.0000E-04       2.0000E-04
       2.5050E+00       7.3875E-06       2.5596E-05       1.1953E-04       1.8154E-04       2.3548E-05       1.0545E-05       7.9933E-04       5.9538E-07       1.0343E-03       2.0000E-04       2.0000E-04
       2.5150E+00       7.3781E-06       2.5597E-05       1.1956E-04       1.8155E-04       2.3515E-05       1.0582E-05       7.9930E-04       5.9175E-07       1.0343E-03       2.0000E-04       2.0000E-04
       2.5250E+00       7.3687E-06       2.5598E-05       1.1959E-04       1.8155E-04       2.3481E-05       1.0619E-05       7.9928E-04       5.8815E-07       1.0343E-03       2.0000E-04       2.0000E-04
       2.5350E+00       7.3592E-06       2.5600E-05       1.1962E-04       1.8156E-04       2.3445E-05       1.0656E-05       7.9926E-04       5.8456E-07       1.0343E-03       2.0000E-04       2.0000E-04
       2.5450E+00       7.3496E-06       2.5601E-05       1.1965E-04       1.8157E-04       2.3409E-05       1.0693E-05       7.9923E-04       5.8100E-07       1.0343E-03       2.0000E-04       2.0000E-04
       2.5550E+00       7.3400E-06       2.5603E-05       1.1968E-04       1.8159E-04       2.3371E-05       1.0730E-05       7.9921E-04       5.7746E-07       1.0343E-03       2.0000E-04       2.0000E-04
       2.5650E+00       7.3303E-06       2.5604E-05       1.1971E-04       1.8160E-04       2.3331E-05       1.0767E-05       7.9918E-04       5.7393E-07       1.0343E-03       2.0000E-04       2.0000E-04
       2.5750E+00       7.3206E-06       2.5606E-05       1.1974E-04       1.8161E-04       2.3290E-05       1.0804E-05       7.9915E-04       5.7043E-07       1.0343E-03       2.0000E-04       2.0000E-04
       2.5850E+00       7.3108E-06       2.5608E-05       1.1977E-04       1.8163E-04       2.3248E-05       1.0841E-05       7.9913E-04       5.6695E-07       1.0343E-03       2.0000E-04       2.0000E-04
       2.5950E+00       7.3009E-06       2.5609E-05       1.1979E-04       1.8165E-04       2.3204E-05       1.0878E-05       7.9910E-04       5.6349E-07       1.0343E-03       2.0000E-04       2.0000E-04
       2.6050E+00       7.2910E-06       2.5611E-05       1.1982E-04       1.8167E-04       2.3158E-05       1.0915E-05       7.9907E-04       5.6005E-07       1.0343E-03       2.0000E-04       2.0000E-04
       2.6150E+00       7.2810E-06       2.5612E-05       1.1985E-04       1.8169E-04       2.3112E-05       1.0952E-05       7.9904E-04       5.5663E-07       1.0343E-03       2.0000E-04       2.0000E-04
       2.6250E+00       7.2710E-06       2.5614E-05       1.1988E-04       1.8171E-04       2.3064E-05       1.0989E-05       7.9901E-04       5.5322E-07       1.0343E-03       2.0000E-04       2.0000E-04
       2.6350E+00       7.2609E-06       2.5615E-05       1.1991E-04       1.8173E-04       2.3014E-05       1.1026E-05       7.9898E-04       5.4984E-07       1.0343E-03       2.0000E-04       2.0000E-04
       2.6450E+00       7.2507E-06       2.5617E-05       1.1993E-04       1.8175E-04       2.2963E-05       1.1063E-05       7.9895E-04       5.4648E-07       1.0343E-03       2.0000E-04       2.0000E-04
       2.6550E+00       7.2405E-06       2.5619E-05       1.1996E-04       1.8178E-04       2.2910E-05       1.1100E-05       7.9892E-04       5.4314E-07       1.0343E-03       2.0000E-04       2.0000E-04
       2.6650E+00       7.2302E-06       2.5620E-05       1.1999E-04       1.8180E-04       2.2856E-05       1.1138E-05       7.9889E-04       5.3981E-07       1.0343E-03       2.0000E-04       2.0000E-04
       2.6750E+00       7.2199E-06       2.5622E-05       1.2002E-04       1.8183E-04       2.2800E-05       1.1175E-05       7.9885E-04       5.3651E-07       1.0343E-03       2.0000E-04       2.0000E-04
       2.6850E+00       7.2095E-06       2.5623E-05       1.2005E-04       1.8186E-04       2.2743E-05       1.1212E-05       7.9882E-04       5.3322E-07       1.0343E-03       2.0000E-04       2.0000E-04
       2.6950E+00       7.1990E-06       2.5625E-05       1.2007E-04       1.8188E-04       2.2685E-05       1.1249E-05       7.9879E-04       5.2996E-07       1.0343E-03       2.0000E-04       2.0000E-04
       2.7050E+00       7.1885E-06       2.5627E-05       1.2010E-04       1.8191E-04       2.2625E-05       1.1286E-05       7.9875E-04       5.2671E-07       1.0343E-03       2.0000E-04       2.0000E-04
       2.7150E+00       7.1779E-06       2.5628E-05       1.2013E-04       1.8195E-04       2.2563E-05       1.1324E-05       7.9872E-04       5.2348E-07       1.0343E-03       2.0000E-04       2.0000E-04
       2.7250E+00       7.1673E-06       2.5630E-05       1.2015E-04       1.8198E-04       2.2500E-05       1.1361E-05       7.9868E-04       5.2027E-07       1.0343E-03       2.0000E-04       2.0000E-04
       2.7350E+00       7.1566E-06       2.5632E-05       1.2018E-04       1.8201E-04       2.2436E-05       1.1398E-05       7.9864E-04       5.1708E-07       1.0343E-03       2.0000E-04       2.0000E-04
       2.7450E+00       7.1459E-06       2.5633E-05       1.2021E-04       1.8205E-04       2.2370E-05       1.1436E-05       7.9861E-04       5.1391E-07       1.0343E-03       2.0000E-04       2.0000E-04
       2.7550E+00       7.1351E-06       2.5635E-05       1.2024E-04       1.8208E-04       2.2302E-05       1.1473E-05       7.9857E-04       5.1076E-07       1.0343E-03       2.0000E-04       2.0000E-04
       2.7650E+00       7.1243E-06       2.5637E-05       1.2026E-04       1.8212E-04       2.2233E-05       1.1510E-05       7.9853E-04       5.0762E-07       1.0343E-03       2.0000E-04       2.0000E-04
       2.7750E+00       7.1134E-06       2.5639E-05       1.2029E-04       1.8216E-04       2.2163E-05       1.1548E-05       7.9849E-04       5.0450E-07       1.0343E-03       2.0000E-04       2.0000E-04
       2.7850E+00       7.1024E-06       2.5640E-05       1.2032E-04       1.8220E-04       2.2091E-05       1.1585E-05       7.9845E-04       5.0140E-07       1.0343E-03       2.0000E-04       2.0000E-04
       2.7950E+00       7.0914E-06       2.5642E-05       1.2034E-04       1.8224E-04       2.2017E-05       1.1623E-05       7.9841E-04       4.9832E-07       1.0343E-03       2.0000E-04       2.0000E-04
       2.8050E+00       7.0804E-06       2.5644E-05       1.2037E-04       1.8228E-04       2.1943E-05       1.1660E-05       7.9837E-04       4.9526E-07       1.0343E-03       2.0000E-04       2.0000E-04
       2.8150E+00       7.0693E-06       2.5645E-05       1.2040E-04       1.8232E-04       2.1866E-05       1.1697E-05       7.9833E-04       4.9221E-07       1.0343E-03       2.0000E-04       2.0000E-04
       2.8250E+00       7.0581E-06       2.5647E-05       1.2042E-04       1.8236E-04       2.1789E-05       1.1735E-05       7.9829E-04       4.8919E-07       1.0343E-03       2.0000E-04       2.0000E-04
       2.8350E+00       7.0469E-06       2.5649E-05       1.2045E-04       1.8241E-04       2.1710E-05       1.1772E-05       7.9824E-04       4.8618E-07       1.0343E-03       2.0000E-04       2.0000E-04
       2.8450E+00       7.0356E-06       2.5651E-05       1.2047E-04       1.8245E-04       2.1629E-05       1.1810E-05       7.9820E-04       4.8319E-07       1.0343E-03       2.0000E-04       2.0000E-04
       2.8550E+00       7.0243E-06       2.5653E-05       1.2050E-04       1.8250E-04       2.1547E-05       1.1847E-05       7.9815E-04       4.8022E-07       1.0343E-03       2.0000E-04       2.0000E-04
       2.8650E+00       7.0130E-06       2.5654E-05       1.2053E-04       1.8255E-04       2.1464E-05       1.1885E-05       7.9811E-04       4.7727E-07       1.0343E-03       2.0000E-04       2.0000E-04
       2.8750E+00       7.0016E-06       2.5656E-05       1.2055E-04       1.8260E-04       2.1380E-05       1.1922E-05       7.9806E-04       4.7434E-07       1.0343E-03       2.0000E-04       2.0000E-04
       2.8850E+00       6.9902E-06       2.5658E-05       1.2058E-04       1.8265E-04       2.1295E-05       1.1959E-05       7.9802E-04       4.7143E-07       1.0343E-03       2.0000E-04       2.0000E-04
       2.8950E+00       6.9788E-06       2.5660E-05       1.2060E-04       1.8270E-04       2.1208E-05       1.1997E-05       7.9797E-04       4.6855E-07       1.0343E-03       2.0000E-04       2.0000E-04
       2.9050E+00       6.9674E-06       2.5662E-05       1.2063E-04       1.8275E-04       2.1121E-05       1.2034E-05       7.9793E-04       4.6570E-07       1.0343E-03       2.0000E-04       2.0000E-04
       2.9150E+00       6.9560E-06       2.5664E-05       1.2065E-04       1.8280E-04       2.1033E-05       1.2071E-05       7.9788E-04       4.6289E-07       1.0343E-03       2.0000E-04       2.0000E-04
       2.9250E+00       6.9447E-06       2.5665E-05       1.2067E-04       1.8286E-04       2.0946E-05       1.2107E-05       7.9783E-04       4.6012E-07       1.0343E-03       2.0000E-04       2.0000E-04
       2.9350E+00       6.9336E-06       2.5667E-05       1.2070E-04       1.8291E-04       2.0858E-05       1.2143E-05       7.9779E-04       4.5742E-07       1.0343E-03       2.0000E-04       2.0000E-04
       2.9450E+00       6.9227E-06       2.5669E-05       1.2072E-04       1.8296E-04       2.0773E-05       1.2178E-05       7.9774E-04       4.5481E-07       1.0343E-03       2.0000E-04       2.0000E-04
       2.9550E+00       6.9123E-06       2.5671E-05       1.2074E-04       1.8301E-04       2.0690E-05       1.2211E-05       7.9770E-04       4.5233E-07       1.0343E-03       2.0000E-04       2.0000E-04
       2.9650E+00       6.9026E-06       2.5672E-05       1.2076E-04       1.8306E-04       2.0613E-05       1.2242E-05       7.9766E-04       4.5003E-07       1.0343E-03       2.0000E-04       2.0000E-04
       2.9750E+00       6.8941E-06       2.5673E-05       1.2078E-04       1.8310E-04       2.0545E-05       1.2269E-05       7.9762E-04       4.4802E-07       1.0343E-03       2.0000E-04       2.0000E-04
       2.9850E+00       6.8872E-06       2.5675E-05       1.2079E-04       1.8314E-04       2.0490E-05       1.2290E-05       7.9759E-04       4.4642E-07       1.0343E-03       2.0000E-04       2.0000E-04
       2.9950E+00       6.8831E-06       2.5675E-05       1.2080E-04       1.8316E-04       2.0457E-05       1.2304E-05       7.9757E-04       4.4545E-07       1.0343E-03       2.0000E-04       2.0000E-04
