# Time          3.5000E+01
# Units: Mol/kgw
    Distance           H+               CO2(aq)          Mg++             Ca++             K+               SiO2(aq)         Na+              Al+++            Cl-              NO3-             Tracer       
       5.0000E-03       1.2980E-05       1.6255E-05       1.1783E-04       1.8217E-04       2.0011E-05       2.4315E-07       7.9999E-04       4.1864E-07       1.0343E-03       2.0000E-04       2.0000E-04
       1.5000E-02       1.2868E-05       1.6970E-05       1.1273E-04       1.8729E-04       2.0030E-05       3.1446E-07       7.9996E-04       4.4946E-07       1.0343E-03       2.0000E-04       2.0000E-04
       2.5000E-02       1.2755E-05       1.7655E-05       1.0616E-04       1.9388E-04       2.0047E-05       3.8577E-07       7.9993E-04       4.8027E-07       1.0343E-03       2.0000E-04       2.0000E-04
       3.5000E-02       1.2642E-05       1.8311E-05       9.8321E-05       2.0174E-04       2.0064E-05       4.5709E-07       7.9989E-04       5.1108E-07       1.0343E-03       2.0000E-04       2.0000E-04
       4.5000E-02       1.2530E-05       1.8937E-05       8.9574E-05       2.1051E-04       2.0081E-05       5.2840E-07       7.9984E-04       5.4189E-07       1.0343E-03       2.0000E-04       2.0000E-04
       5.5000E-02       1.2417E-05       1.9534E-05       8.0335E-05       2.1978E-04       2.0097E-05       5.9971E-07       7.9979E-04       5.7270E-07       1.0343E-03       2.0000E-04       2.0000E-04
       6.5000E-02       1.2304E-05       2.0102E-05       7.1033E-05       2.2911E-04       2.0114E-05       6.7103E-07       7.9974E-04       6.0352E-07       1.0343E-03       2.0000E-04       2.0000E-04
       7.5000E-02       1.2191E-05       2.0640E-05       6.2051E-05       2.3812E-04       2.0130E-05       7.4235E-07       7.9969E-04       6.3434E-07       1.0343E-03       2.0000E-04       2.0000E-04
       8.5000E-02       1.2079E-05       2.1149E-05       5.3690E-05       2.4650E-04       2.0147E-05       8.1368E-07       7.9965E-04       6.6517E-07       1.0343E-03       2.0000E-04       2.0000E-04
       9.5000E-02       1.1966E-05       2.1629E-05       4.6151E-05       2.5406E-04       2.0164E-05       8.8503E-07       7.9961E-04       6.9602E-07       1.0343E-03       2.0000E-04       2.0000E-04
       1.0500E-01       1.1853E-05       2.2079E-05       3.9537E-05       2.6069E-04       2.0181E-05       9.5641E-07       7.9957E-04       7.2690E-07       1.0343E-03       2.0000E-04       2.0000E-04
       1.1500E-01       1.1740E-05       2.2500E-05       3.3863E-05       2.6639E-04       2.0199E-05       1.0278E-06       7.9954E-04       7.5783E-07       1.0343E-03       2.0000E-04       2.0000E-04
       1.2500E-01       1.1627E-05       2.2891E-05       2.9078E-05       2.7118E-04       2.0217E-05       1.0994E-06       7.9952E-04       7.8884E-07       1.0343E-03       2.0000E-04       2.0000E-04
       1.3500E-01       1.1513E-05       2.3253E-05       2.5091E-05       2.7518E-04       2.0236E-05       1.1710E-06       7.9950E-04       8.1998E-07       1.0343E-03       2.0000E-04       2.0000E-04
       1.4500E-01       1.1399E-05       2.3586E-05       2.1788E-05       2.7850E-04       2.0255E-05       1.2429E-06       7.9948E-04       8.5134E-07       1.0343E-03       2.0000E-04       2.0000E-04
       1.5500E-01       1.1283E-05       2.3889E-05       1.9051E-05       2.8124E-04       2.0274E-05       1.3150E-06       7.9946E-04       8.8302E-07       1.0343E-03       2.0000E-04       2.0000E-04
       1.6500E-01       1.1167E-05       2.4163E-05       1.6772E-05       2.8353E-04       2.0293E-05       1.3877E-06       7.9945E-04       9.1521E-07       1.0343E-03       2.0000E-04       2.0000E-04
       1.7500E-01       1.1047E-05       2.4407E-05       1.4856E-05       2.8545E-04       2.0312E-05       1.4612E-06       7.9944E-04       9.4819E-07       1.0343E-03       2.0000E-04       2.0000E-04
       1.8500E-01       1.0925E-05       2.4622E-05       1.3229E-05       2.8708E-04       2.0332E-05       1.5359E-06       7.9943E-04       9.8241E-07       1.0343E-03       2.0000E-04       2.0000E-04
       1.9500E-01       1.0796E-05       2.4808E-05       1.1832E-05       2.8848E-04       2.0351E-05       1.6126E-06       7.9942E-04       1.0185E-06       1.0343E-03       2.0000E-04       2.0000E-04
       2.0500E-01       1.0658E-05       2.4964E-05       1.0625E-05       2.8969E-04       2.0371E-05       1.6921E-06       7.9942E-04       1.0576E-06       1.0343E-03       2.0000E-04       2.0000E-04
       2.1500E-01       1.0507E-05       2.5092E-05       9.5833E-06       2.9074E-04       2.0390E-05       1.7762E-06       7.9941E-04       1.1012E-06       1.0343E-03       2.0000E-04       2.0000E-04
       2.2500E-01       1.0336E-05       2.5192E-05       8.6953E-06       2.9163E-04       2.0410E-05       1.8673E-06       7.9941E-04       1.1517E-06       1.0343E-03       2.0000E-04       2.0000E-04
       2.3500E-01       1.0131E-05       2.5264E-05       7.9662E-06       2.9236E-04       2.0430E-05       1.9691E-06       7.9940E-04       1.2130E-06       1.0343E-03       2.0000E-04       2.0000E-04
       2.4500E-01       9.8778E-06       2.5310E-05       7.4206E-06       2.9291E-04       2.0450E-05       2.0874E-06       7.9940E-04       1.2908E-06       1.0343E-03       2.0000E-04       2.0000E-04
       2.5500E-01       9.5481E-06       2.5332E-05       7.1120E-06       2.9322E-04       2.0470E-05       2.2310E-06       7.9940E-04       1.3940E-06       1.0343E-03       2.0000E-04       2.0000E-04
       2.6500E-01       9.2371E-06       2.5352E-05       6.8245E-06       2.9351E-04       2.0490E-05       2.3684E-06       7.9940E-04       1.4909E-06       1.0343E-03       2.0000E-04       2.0000E-04
       2.7500E-01       8.9475E-06       2.5372E-05       6.5593E-06       2.9378E-04       2.0510E-05       2.4988E-06       7.9940E-04       1.5807E-06       1.0343E-03       2.0000E-04       2.0000E-04
       2.8500E-01       8.6813E-06       2.5391E-05       6.3177E-06       2.9402E-04       2.0530E-05       2.6212E-06       7.9939E-04       1.6626E-06       1.0343E-03       2.0000E-04       2.0000E-04
       2.9500E-01       8.4402E-06       2.5408E-05       6.1016E-06       2.9424E-04       2.0550E-05       2.7353E-06       7.9939E-04       1.7363E-06       1.0343E-03       2.0000E-04       2.0000E-04
       3.0500E-01       8.2251E-06       2.5424E-05       5.9128E-06       2.9442E-04       2.0570E-05       2.8408E-06       7.9939E-04       1.8012E-06       1.0343E-03       2.0000E-04       2.0000E-04
       3.1500E-01       8.0363E-06       2.5438E-05       5.7537E-06       2.9458E-04       2.0590E-05       2.9375E-06       7.9939E-04       1.8574E-06       1.0343E-03       2.0000E-04       2.0000E-04
       3.2500E-01       7.8729E-06       2.5451E-05       5.6263E-06       2.9471E-04       2.0610E-05       3.0257E-06       7.9939E-04       1.9051E-06       1.0343E-03       2.0000E-04       2.0000E-04
       3.3500E-01       7.7339E-06       2.5461E-05       5.5330E-06       2.9481E-04       2.0631E-05       3.1058E-06       7.9939E-04       1.9447E-06       1.0343E-03       2.0000E-04       2.0000E-04
       3.4500E-01       7.6173E-06       2.5471E-05       5.4760E-06       2.9486E-04       2.0651E-05       3.1784E-06       7.9939E-04       1.9768E-06       1.0343E-03       2.0000E-04       2.0000E-04
       3.5500E-01       7.5212E-06       2.5479E-05       5.4572E-06       2.9488E-04       2.0671E-05       3.2442E-06       7.9939E-04       2.0021E-06       1.0343E-03       2.0000E-04       2.0000E-04
       3.6500E-01       7.4432E-06       2.5485E-05       5.4785E-06       2.9486E-04       2.0691E-05       3.3039E-06       7.9939E-04       2.0213E-06       1.0343E-03       2.0000E-04       2.0000E-04
       3.7500E-01       7.3811E-06       2.5490E-05       5.5413E-06       2.9480E-04       2.0711E-05       3.3584E-06       7.9939E-04       2.0353E-06       1.0343E-03       2.0000E-04       2.0000E-04
       3.8500E-01       7.3326E-06       2.5494E-05       5.6467E-06       2.9469E-04       2.0731E-05       3.4083E-06       7.9939E-04       2.0447E-06       1.0343E-03       2.0000E-04       2.0000E-04
       3.9500E-01       7.2957E-06       2.5498E-05       5.7956E-06       2.9454E-04       2.0751E-05       3.4543E-06       7.9939E-04       2.0502E-06       1.0343E-03       2.0000E-04       2.0000E-04
       4.0500E-01       7.2686E-06       2.5500E-05       5.9883E-06       2.9435E-04       2.0771E-05       3.4971E-06       7.9939E-04       2.0525E-06       1.0343E-03       2.0000E-04       2.0000E-04
       4.1500E-01       7.2495E-06       2.5502E-05       6.2247E-06       2.9411E-04       2.0792E-05       3.5372E-06       7.9939E-04       2.0521E-06       1.0343E-03       2.0000E-04       2.0000E-04
       4.2500E-01       7.2372E-06       2.5504E-05       6.5045E-06       2.9383E-04       2.0812E-05       3.5751E-06       7.9939E-04       2.0495E-06       1.0343E-03       2.0000E-04       2.0000E-04
       4.3500E-01       7.2303E-06       2.5505E-05       6.8268E-06       2.9351E-04       2.0832E-05       3.6111E-06       7.9940E-04       2.0451E-06       1.0343E-03       2.0000E-04       2.0000E-04
       4.4500E-01       7.2279E-06       2.5505E-05       7.1907E-06       2.9314E-04       2.0852E-05       3.6457E-06       7.9940E-04       2.0391E-06       1.0343E-03       2.0000E-04       2.0000E-04
       4.5500E-01       7.2290E-06       2.5506E-05       7.5949E-06       2.9274E-04       2.0872E-05       3.6791E-06       7.9940E-04       2.0320E-06       1.0343E-03       2.0000E-04       2.0000E-04
       4.6500E-01       7.2331E-06       2.5506E-05       8.0378E-06       2.9229E-04       2.0892E-05       3.7115E-06       7.9940E-04       2.0239E-06       1.0343E-03       2.0000E-04       2.0000E-04
       4.7500E-01       7.2394E-06       2.5506E-05       8.5180E-06       2.9181E-04       2.0913E-05       3.7431E-06       7.9940E-04       2.0150E-06       1.0343E-03       2.0000E-04       2.0000E-04
       4.8500E-01       7.2476E-06       2.5506E-05       9.0338E-06       2.9130E-04       2.0933E-05       3.7741E-06       7.9941E-04       2.0055E-06       1.0343E-03       2.0000E-04       2.0000E-04
       4.9500E-01       7.2572E-06       2.5505E-05       9.5835E-06       2.9074E-04       2.0953E-05       3.8047E-06       7.9941E-04       1.9956E-06       1.0343E-03       2.0000E-04       2.0000E-04
       5.0500E-01       7.2680E-06       2.5505E-05       1.0166E-05       2.9016E-04       2.0973E-05       3.8348E-06       7.9941E-04       1.9852E-06       1.0343E-03       2.0000E-04       2.0000E-04
       5.1500E-01       7.2796E-06       2.5504E-05       1.0778E-05       2.8955E-04       2.0993E-05       3.8647E-06       7.9942E-04       1.9746E-06       1.0343E-03       2.0000E-04       2.0000E-04
       5.2500E-01       7.2918E-06       2.5504E-05       1.1421E-05       2.8890E-04       2.1013E-05       3.8944E-06       7.9942E-04       1.9638E-06       1.0343E-03       2.0000E-04       2.0000E-04
       5.3500E-01       7.3046E-06       2.5503E-05       1.2091E-05       2.8823E-04       2.1033E-05       3.9239E-06       7.9942E-04       1.9528E-06       1.0343E-03       2.0000E-04       2.0000E-04
       5.4500E-01       7.3176E-06       2.5503E-05       1.2788E-05       2.8753E-04       2.1054E-05       3.9533E-06       7.9943E-04       1.9417E-06       1.0343E-03       2.0000E-04       2.0000E-04
       5.5500E-01       7.3309E-06       2.5502E-05       1.3510E-05       2.8681E-04       2.1074E-05       3.9826E-06       7.9943E-04       1.9305E-06       1.0343E-03       2.0000E-04       2.0000E-04
       5.6500E-01       7.3444E-06       2.5501E-05       1.4258E-05       2.8606E-04       2.1094E-05       4.0119E-06       7.9943E-04       1.9193E-06       1.0343E-03       2.0000E-04       2.0000E-04
       5.7500E-01       7.3579E-06       2.5501E-05       1.5029E-05       2.8528E-04       2.1114E-05       4.0411E-06       7.9944E-04       1.9080E-06       1.0343E-03       2.0000E-04       2.0000E-04
       5.8500E-01       7.3715E-06       2.5500E-05       1.5822E-05       2.8449E-04       2.1134E-05       4.0703E-06       7.9944E-04       1.8967E-06       1.0343E-03       2.0000E-04       2.0000E-04
       5.9500E-01       7.3850E-06       2.5500E-05       1.6639E-05       2.8367E-04       2.1154E-05       4.0996E-06       7.9945E-04       1.8855E-06       1.0343E-03       2.0000E-04       2.0000E-04
       6.0500E-01       7.3985E-06       2.5499E-05       1.7476E-05       2.8283E-04       2.1174E-05       4.1289E-06       7.9945E-04       1.8742E-06       1.0343E-03       2.0000E-04       2.0000E-04
       6.1500E-01       7.4118E-06       2.5498E-05       1.8335E-05       2.8197E-04       2.1194E-05       4.1582E-06       7.9945E-04       1.8630E-06       1.0343E-03       2.0000E-04       2.0000E-04
       6.2500E-01       7.4251E-06       2.5498E-05       1.9214E-05       2.8109E-04       2.1214E-05       4.1875E-06       7.9946E-04       1.8519E-06       1.0343E-03       2.0000E-04       2.0000E-04
       6.3500E-01       7.4382E-06       2.5497E-05       2.0112E-05       2.8019E-04       2.1234E-05       4.2169E-06       7.9946E-04       1.8408E-06       1.0343E-03       2.0000E-04       2.0000E-04
       6.4500E-01       7.4511E-06       2.5496E-05       2.1030E-05       2.7927E-04       2.1253E-05       4.2463E-06       7.9947E-04       1.8297E-06       1.0343E-03       2.0000E-04       2.0000E-04
       6.5500E-01       7.4639E-06       2.5496E-05       2.1967E-05       2.7833E-04       2.1273E-05       4.2758E-06       7.9947E-04       1.8187E-06       1.0343E-03       2.0000E-04       2.0000E-04
       6.6500E-01       7.4766E-06       2.5495E-05       2.2922E-05       2.7737E-04       2.1293E-05       4.3053E-06       7.9948E-04       1.8077E-06       1.0343E-03       2.0000E-04       2.0000E-04
       6.7500E-01       7.4890E-06       2.5495E-05       2.3895E-05       2.7640E-04       2.1313E-05       4.3349E-06       7.9948E-04       1.7968E-06       1.0343E-03       2.0000E-04       2.0000E-04
       6.8500E-01       7.5013E-06       2.5494E-05       2.4884E-05       2.7540E-04       2.1332E-05       4.3646E-06       7.9949E-04       1.7860E-06       1.0343E-03       2.0000E-04       2.0000E-04
       6.9500E-01       7.5134E-06       2.5494E-05       2.5891E-05       2.7439E-04       2.1352E-05       4.3943E-06       7.9949E-04       1.7752E-06       1.0343E-03       2.0000E-04       2.0000E-04
       7.0500E-01       7.5253E-06       2.5493E-05       2.6913E-05       2.7337E-04       2.1372E-05       4.4241E-06       7.9950E-04       1.7645E-06       1.0343E-03       2.0000E-04       2.0000E-04
       7.1500E-01       7.5370E-06       2.5493E-05       2.7951E-05       2.7233E-04       2.1391E-05       4.4539E-06       7.9950E-04       1.7538E-06       1.0343E-03       2.0000E-04       2.0000E-04
       7.2500E-01       7.5485E-06       2.5492E-05       2.9004E-05       2.7127E-04       2.1411E-05       4.4838E-06       7.9951E-04       1.7432E-06       1.0343E-03       2.0000E-04       2.0000E-04
       7.3500E-01       7.5599E-06       2.5492E-05       3.0071E-05       2.7021E-04       2.1430E-05       4.5138E-06       7.9951E-04       1.7327E-06       1.0343E-03       2.0000E-04       2.0000E-04
       7.4500E-01       7.5710E-06       2.5491E-05       3.1151E-05       2.6912E-04       2.1449E-05       4.5438E-06       7.9952E-04       1.7222E-06       1.0343E-03       2.0000E-04       2.0000E-04
       7.5500E-01       7.5820E-06       2.5491E-05       3.2245E-05       2.6803E-04       2.1468E-05       4.5739E-06       7.9952E-04       1.7118E-06       1.0343E-03       2.0000E-04       2.0000E-04
       7.6500E-01       7.5927E-06       2.5491E-05       3.3350E-05       2.6692E-04       2.1488E-05       4.6041E-06       7.9953E-04       1.7015E-06       1.0343E-03       2.0000E-04       2.0000E-04
       7.7500E-01       7.6033E-06       2.5490E-05       3.4467E-05       2.6580E-04       2.1507E-05       4.6343E-06       7.9953E-04       1.6912E-06       1.0343E-03       2.0000E-04       2.0000E-04
       7.8500E-01       7.6137E-06       2.5490E-05       3.5595E-05       2.6467E-04       2.1526E-05       4.6646E-06       7.9954E-04       1.6810E-06       1.0343E-03       2.0000E-04       2.0000E-04
       7.9500E-01       7.6239E-06       2.5489E-05       3.6732E-05       2.6353E-04       2.1544E-05       4.6950E-06       7.9954E-04       1.6709E-06       1.0343E-03       2.0000E-04       2.0000E-04
       8.0500E-01       7.6339E-06       2.5489E-05       3.7879E-05       2.6238E-04       2.1563E-05       4.7254E-06       7.9955E-04       1.6608E-06       1.0343E-03       2.0000E-04       2.0000E-04
       8.1500E-01       7.6437E-06       2.5489E-05       3.9035E-05       2.6122E-04       2.1582E-05       4.7559E-06       7.9955E-04       1.6508E-06       1.0343E-03       2.0000E-04       2.0000E-04
       8.2500E-01       7.6533E-06       2.5488E-05       4.0198E-05       2.6006E-04       2.1600E-05       4.7864E-06       7.9956E-04       1.6408E-06       1.0343E-03       2.0000E-04       2.0000E-04
       8.3500E-01       7.6627E-06       2.5488E-05       4.1367E-05       2.5889E-04       2.1619E-05       4.8170E-06       7.9956E-04       1.6309E-06       1.0343E-03       2.0000E-04       2.0000E-04
       8.4500E-01       7.6720E-06       2.5488E-05       4.2543E-05       2.5771E-04       2.1637E-05       4.8477E-06       7.9957E-04       1.6211E-06       1.0343E-03       2.0000E-04       2.0000E-04
       8.5500E-01       7.6810E-06       2.5487E-05       4.3724E-05       2.5653E-04       2.1655E-05       4.8784E-06       7.9957E-04       1.6113E-06       1.0343E-03       2.0000E-04       2.0000E-04
       8.6500E-01       7.6899E-06       2.5487E-05       4.4910E-05       2.5534E-04       2.1673E-05       4.9092E-06       7.9958E-04       1.6016E-06       1.0343E-03       2.0000E-04       2.0000E-04
       8.7500E-01       7.6986E-06       2.5487E-05       4.6099E-05       2.5415E-04       2.1690E-05       4.9401E-06       7.9958E-04       1.5919E-06       1.0343E-03       2.0000E-04       2.0000E-04
       8.8500E-01       7.7072E-06       2.5487E-05       4.7291E-05       2.5296E-04       2.1708E-05       4.9710E-06       7.9959E-04       1.5823E-06       1.0343E-03       2.0000E-04       2.0000E-04
       8.9500E-01       7.7155E-06       2.5486E-05       4.8485E-05       2.5176E-04       2.1725E-05       5.0019E-06       7.9959E-04       1.5728E-06       1.0343E-03       2.0000E-04       2.0000E-04
       9.0500E-01       7.7237E-06       2.5486E-05       4.9680E-05       2.5057E-04       2.1743E-05       5.0330E-06       7.9960E-04       1.5633E-06       1.0343E-03       2.0000E-04       2.0000E-04
       9.1500E-01       7.7317E-06       2.5486E-05       5.0875E-05       2.4937E-04       2.1760E-05       5.0641E-06       7.9960E-04       1.5539E-06       1.0343E-03       2.0000E-04       2.0000E-04
       9.2500E-01       7.7395E-06       2.5486E-05       5.2070E-05       2.4817E-04       2.1776E-05       5.0952E-06       7.9961E-04       1.5446E-06       1.0343E-03       2.0000E-04       2.0000E-04
       9.3500E-01       7.7471E-06       2.5486E-05       5.3263E-05       2.4698E-04       2.1793E-05       5.1264E-06       7.9961E-04       1.5353E-06       1.0343E-03       2.0000E-04       2.0000E-04
       9.4500E-01       7.7546E-06       2.5486E-05       5.4455E-05       2.4579E-04       2.1809E-05       5.1577E-06       7.9962E-04       1.5260E-06       1.0343E-03       2.0000E-04       2.0000E-04
       9.5500E-01       7.7619E-06       2.5485E-05       5.5644E-05       2.4460E-04       2.1825E-05       5.1890E-06       7.9962E-04       1.5169E-06       1.0343E-03       2.0000E-04       2.0000E-04
       9.6500E-01       7.7690E-06       2.5485E-05       5.6829E-05       2.4341E-04       2.1841E-05       5.2204E-06       7.9963E-04       1.5077E-06       1.0343E-03       2.0000E-04       2.0000E-04
       9.7500E-01       7.7759E-06       2.5485E-05       5.8010E-05       2.4223E-04       2.1857E-05       5.2518E-06       7.9963E-04       1.4987E-06       1.0343E-03       2.0000E-04       2.0000E-04
       9.8500E-01       7.7827E-06       2.5485E-05       5.9187E-05       2.4106E-04       2.1872E-05       5.2833E-06       7.9963E-04       1.4897E-06       1.0343E-03       2.0000E-04       2.0000E-04
       9.9500E-01       7.7893E-06       2.5485E-05       6.0357E-05       2.3989E-04       2.1887E-05       5.3148E-06       7.9964E-04       1.4807E-06       1.0343E-03       2.0000E-04       2.0000E-04
       1.0050E+00       7.7958E-06       2.5485E-05       6.1522E-05       2.3872E-04       2.1901E-05       5.3464E-06       7.9964E-04       1.4718E-06       1.0343E-03       2.0000E-04       2.0000E-04
       1.0150E+00       7.8021E-06       2.5485E-05       6.2679E-05       2.3757E-04       2.1915E-05       5.3781E-06       7.9964E-04       1.4629E-06       1.0343E-03       2.0000E-04       2.0000E-04
       1.0250E+00       7.8082E-06       2.5485E-05       6.3829E-05       2.3642E-04       2.1929E-05       5.4098E-06       7.9965E-04       1.4542E-06       1.0343E-03       2.0000E-04       2.0000E-04
       1.0350E+00       7.8142E-06       2.5485E-05       6.4971E-05       2.3528E-04       2.1943E-05       5.4416E-06       7.9965E-04       1.4454E-06       1.0343E-03       2.0000E-04       2.0000E-04
       1.0450E+00       7.8200E-06       2.5485E-05       6.6104E-05       2.3415E-04       2.1956E-05       5.4734E-06       7.9965E-04       1.4367E-06       1.0343E-03       2.0000E-04       2.0000E-04
       1.0550E+00       7.8256E-06       2.5485E-05       6.7227E-05       2.3303E-04       2.1969E-05       5.5053E-06       7.9965E-04       1.4281E-06       1.0343E-03       2.0000E-04       2.0000E-04
       1.0650E+00       7.8311E-06       2.5485E-05       6.8341E-05       2.3191E-04       2.1981E-05       5.5372E-06       7.9966E-04       1.4195E-06       1.0343E-03       2.0000E-04       2.0000E-04
       1.0750E+00       7.8364E-06       2.5485E-05       6.9445E-05       2.3081E-04       2.1993E-05       5.5692E-06       7.9966E-04       1.4110E-06       1.0343E-03       2.0000E-04       2.0000E-04
       1.0850E+00       7.8416E-06       2.5485E-05       7.0538E-05       2.2972E-04       2.2004E-05       5.6012E-06       7.9966E-04       1.4025E-06       1.0343E-03       2.0000E-04       2.0000E-04
       1.0950E+00       7.8466E-06       2.5485E-05       7.1620E-05       2.2865E-04       2.2015E-05       5.6333E-06       7.9966E-04       1.3941E-06       1.0343E-03       2.0000E-04       2.0000E-04
       1.1050E+00       7.8514E-06       2.5485E-05       7.2690E-05       2.2758E-04       2.2025E-05       5.6654E-06       7.9966E-04       1.3857E-06       1.0343E-03       2.0000E-04       2.0000E-04
       1.1150E+00       7.8561E-06       2.5485E-05       7.3748E-05       2.2653E-04       2.2035E-05       5.6976E-06       7.9966E-04       1.3774E-06       1.0343E-03       2.0000E-04       2.0000E-04
       1.1250E+00       7.8607E-06       2.5485E-05       7.4794E-05       2.2549E-04       2.2044E-05       5.7298E-06       7.9966E-04       1.3692E-06       1.0343E-03       2.0000E-04       2.0000E-04
       1.1350E+00       7.8651E-06       2.5485E-05       7.5827E-05       2.2446E-04       2.2053E-05       5.7621E-06       7.9966E-04       1.3609E-06       1.0343E-03       2.0000E-04       2.0000E-04
       1.1450E+00       7.8693E-06       2.5485E-05       7.6847E-05       2.2344E-04       2.2061E-05       5.7944E-06       7.9966E-04       1.3528E-06       1.0343E-03       2.0000E-04       2.0000E-04
       1.1550E+00       7.8734E-06       2.5485E-05       7.7853E-05       2.2244E-04       2.2068E-05       5.8268E-06       7.9966E-04       1.3447E-06       1.0343E-03       2.0000E-04       2.0000E-04
       1.1650E+00       7.8774E-06       2.5485E-05       7.8846E-05       2.2146E-04       2.2075E-05       5.8593E-06       7.9966E-04       1.3366E-06       1.0343E-03       2.0000E-04       2.0000E-04
       1.1750E+00       7.8812E-06       2.5485E-05       7.9825E-05       2.2049E-04       2.2081E-05       5.8917E-06       7.9966E-04       1.3286E-06       1.0343E-03       2.0000E-04       2.0000E-04
       1.1850E+00       7.8848E-06       2.5486E-05       8.0790E-05       2.1953E-04       2.2086E-05       5.9243E-06       7.9966E-04       1.3206E-06       1.0343E-03       2.0000E-04       2.0000E-04
       1.1950E+00       7.8883E-06       2.5486E-05       8.1741E-05       2.1859E-04       2.2091E-05       5.9569E-06       7.9966E-04       1.3127E-06       1.0343E-03       2.0000E-04       2.0000E-04
       1.2050E+00       7.8917E-06       2.5486E-05       8.2678E-05       2.1766E-04       2.2095E-05       5.9895E-06       7.9965E-04       1.3048E-06       1.0343E-03       2.0000E-04       2.0000E-04
       1.2150E+00       7.8949E-06       2.5486E-05       8.3600E-05       2.1675E-04       2.2098E-05       6.0222E-06       7.9965E-04       1.2970E-06       1.0343E-03       2.0000E-04       2.0000E-04
       1.2250E+00       7.8980E-06       2.5486E-05       8.4507E-05       2.1585E-04       2.2100E-05       6.0549E-06       7.9965E-04       1.2892E-06       1.0343E-03       2.0000E-04       2.0000E-04
       1.2350E+00       7.9009E-06       2.5487E-05       8.5400E-05       2.1497E-04       2.2101E-05       6.0877E-06       7.9964E-04       1.2815E-06       1.0343E-03       2.0000E-04       2.0000E-04
       1.2450E+00       7.9037E-06       2.5487E-05       8.6277E-05       2.1411E-04       2.2101E-05       6.1205E-06       7.9964E-04       1.2738E-06       1.0343E-03       2.0000E-04       2.0000E-04
       1.2550E+00       7.9063E-06       2.5487E-05       8.7140E-05       2.1325E-04       2.2101E-05       6.1534E-06       7.9963E-04       1.2662E-06       1.0343E-03       2.0000E-04       2.0000E-04
       1.2650E+00       7.9089E-06       2.5487E-05       8.7988E-05       2.1242E-04       2.2100E-05       6.1863E-06       7.9963E-04       1.2586E-06       1.0343E-03       2.0000E-04       2.0000E-04
       1.2750E+00       7.9112E-06       2.5488E-05       8.8821E-05       2.1160E-04       2.2097E-05       6.2192E-06       7.9962E-04       1.2511E-06       1.0343E-03       2.0000E-04       2.0000E-04
       1.2850E+00       7.9135E-06       2.5488E-05       8.9639E-05       2.1080E-04       2.2094E-05       6.2522E-06       7.9962E-04       1.2436E-06       1.0343E-03       2.0000E-04       2.0000E-04
       1.2950E+00       7.9156E-06       2.5488E-05       9.0442E-05       2.1001E-04       2.2089E-05       6.2853E-06       7.9961E-04       1.2361E-06       1.0343E-03       2.0000E-04       2.0000E-04
       1.3050E+00       7.9175E-06       2.5488E-05       9.1230E-05       2.0924E-04       2.2083E-05       6.3184E-06       7.9960E-04       1.2287E-06       1.0343E-03       2.0000E-04       2.0000E-04
       1.3150E+00       7.9194E-06       2.5489E-05       9.2003E-05       2.0848E-04       2.2077E-05       6.3515E-06       7.9959E-04       1.2214E-06       1.0343E-03       2.0000E-04       2.0000E-04
       1.3250E+00       7.9211E-06       2.5489E-05       9.2761E-05       2.0774E-04       2.2069E-05       6.3847E-06       7.9958E-04       1.2140E-06       1.0343E-03       2.0000E-04       2.0000E-04
       1.3350E+00       7.9226E-06       2.5489E-05       9.3505E-05       2.0702E-04       2.2060E-05       6.4179E-06       7.9958E-04       1.2068E-06       1.0343E-03       2.0000E-04       2.0000E-04
       1.3450E+00       7.9241E-06       2.5490E-05       9.4234E-05       2.0631E-04       2.2049E-05       6.4512E-06       7.9957E-04       1.1995E-06       1.0343E-03       2.0000E-04       2.0000E-04
       1.3550E+00       7.9254E-06       2.5490E-05       9.4949E-05       2.0562E-04       2.2038E-05       6.4845E-06       7.9955E-04       1.1924E-06       1.0343E-03       2.0000E-04       2.0000E-04
       1.3650E+00       7.9265E-06       2.5490E-05       9.5649E-05       2.0494E-04       2.2025E-05       6.5179E-06       7.9954E-04       1.1852E-06       1.0343E-03       2.0000E-04       2.0000E-04
       1.3750E+00       7.9276E-06       2.5491E-05       9.6335E-05       2.0427E-04       2.2011E-05       6.5513E-06       7.9953E-04       1.1781E-06       1.0343E-03       2.0000E-04       2.0000E-04
       1.3850E+00       7.9285E-06       2.5491E-05       9.7007E-05       2.0363E-04       2.1995E-05       6.5847E-06       7.9952E-04       1.1711E-06       1.0343E-03       2.0000E-04       2.0000E-04
       1.3950E+00       7.9293E-06       2.5491E-05       9.7665E-05       2.0299E-04       2.1978E-05       6.6182E-06       7.9951E-04       1.1640E-06       1.0343E-03       2.0000E-04       2.0000E-04
       1.4050E+00       7.9299E-06       2.5492E-05       9.8309E-05       2.0238E-04       2.1959E-05       6.6517E-06       7.9949E-04       1.1571E-06       1.0343E-03       2.0000E-04       2.0000E-04
       1.4150E+00       7.9305E-06       2.5492E-05       9.8940E-05       2.0177E-04       2.1939E-05       6.6853E-06       7.9948E-04       1.1501E-06       1.0343E-03       2.0000E-04       2.0000E-04
       1.4250E+00       7.9309E-06       2.5493E-05       9.9556E-05       2.0118E-04       2.1918E-05       6.7189E-06       7.9946E-04       1.1433E-06       1.0343E-03       2.0000E-04       2.0000E-04
       1.4350E+00       7.9312E-06       2.5493E-05       1.0016E-04       2.0061E-04       2.1895E-05       6.7526E-06       7.9944E-04       1.1364E-06       1.0343E-03       2.0000E-04       2.0000E-04
       1.4450E+00       7.9313E-06       2.5493E-05       1.0075E-04       2.0005E-04       2.1870E-05       6.7863E-06       7.9943E-04       1.1296E-06       1.0343E-03       2.0000E-04       2.0000E-04
       1.4550E+00       7.9314E-06       2.5494E-05       1.0133E-04       1.9951E-04       2.1844E-05       6.8200E-06       7.9941E-04       1.1228E-06       1.0343E-03       2.0000E-04       2.0000E-04
       1.4650E+00       7.9313E-06       2.5494E-05       1.0189E-04       1.9897E-04       2.1816E-05       6.8538E-06       7.9939E-04       1.1161E-06       1.0343E-03       2.0000E-04       2.0000E-04
       1.4750E+00       7.9311E-06       2.5495E-05       1.0244E-04       1.9846E-04       2.1787E-05       6.8876E-06       7.9937E-04       1.1094E-06       1.0343E-03       2.0000E-04       2.0000E-04
       1.4850E+00       7.9308E-06       2.5495E-05       1.0298E-04       1.9795E-04       2.1755E-05       6.9215E-06       7.9935E-04       1.1028E-06       1.0343E-03       2.0000E-04       2.0000E-04
       1.4950E+00       7.9303E-06       2.5496E-05       1.0351E-04       1.9746E-04       2.1722E-05       6.9554E-06       7.9933E-04       1.0962E-06       1.0343E-03       2.0000E-04       2.0000E-04
       1.5050E+00       7.9298E-06       2.5496E-05       1.0403E-04       1.9699E-04       2.1687E-05       6.9893E-06       7.9931E-04       1.0896E-06       1.0343E-03       2.0000E-04       2.0000E-04
       1.5150E+00       7.9291E-06       2.5497E-05       1.0453E-04       1.9652E-04       2.1651E-05       7.0233E-06       7.9929E-04       1.0831E-06       1.0343E-03       2.0000E-04       2.0000E-04
       1.5250E+00       7.9283E-06       2.5497E-05       1.0502E-04       1.9607E-04       2.1612E-05       7.0573E-06       7.9926E-04       1.0766E-06       1.0343E-03       2.0000E-04       2.0000E-04
       1.5350E+00       7.9274E-06       2.5498E-05       1.0550E-04       1.9563E-04       2.1572E-05       7.0914E-06       7.9924E-04       1.0702E-06       1.0343E-03       2.0000E-04       2.0000E-04
       1.5450E+00       7.9264E-06       2.5498E-05       1.0597E-04       1.9521E-04       2.1529E-05       7.1255E-06       7.9921E-04       1.0638E-06       1.0343E-03       2.0000E-04       2.0000E-04
       1.5550E+00       7.9252E-06       2.5499E-05       1.0643E-04       1.9480E-04       2.1485E-05       7.1596E-06       7.9918E-04       1.0574E-06       1.0343E-03       2.0000E-04       2.0000E-04
       1.5650E+00       7.9240E-06       2.5500E-05       1.0688E-04       1.9440E-04       2.1439E-05       7.1938E-06       7.9916E-04       1.0511E-06       1.0343E-03       2.0000E-04       2.0000E-04
       1.5750E+00       7.9226E-06       2.5500E-05       1.0731E-04       1.9401E-04       2.1391E-05       7.2280E-06       7.9913E-04       1.0448E-06       1.0343E-03       2.0000E-04       2.0000E-04
       1.5850E+00       7.9211E-06       2.5501E-05       1.0774E-04       1.9363E-04       2.1340E-05       7.2622E-06       7.9910E-04       1.0385E-06       1.0343E-03       2.0000E-04       2.0000E-04
       1.5950E+00       7.9195E-06       2.5501E-05       1.0816E-04       1.9327E-04       2.1288E-05       7.2965E-06       7.9907E-04       1.0323E-06       1.0343E-03       2.0000E-04       2.0000E-04
       1.6050E+00       7.9178E-06       2.5502E-05       1.0856E-04       1.9291E-04       2.1234E-05       7.3308E-06       7.9904E-04       1.0261E-06       1.0343E-03       2.0000E-04       2.0000E-04
       1.6150E+00       7.9160E-06       2.5503E-05       1.0896E-04       1.9257E-04       2.1177E-05       7.3652E-06       7.9900E-04       1.0200E-06       1.0343E-03       2.0000E-04       2.0000E-04
       1.6250E+00       7.9141E-06       2.5503E-05       1.0935E-04       1.9224E-04       2.1119E-05       7.3995E-06       7.9897E-04       1.0139E-06       1.0343E-03       2.0000E-04       2.0000E-04
       1.6350E+00       7.9120E-06       2.5504E-05       1.0972E-04       1.9192E-04       2.1058E-05       7.4340E-06       7.9893E-04       1.0078E-06       1.0343E-03       2.0000E-04       2.0000E-04
       1.6450E+00       7.9099E-06       2.5504E-05       1.1009E-04       1.9161E-04       2.0996E-05       7.4684E-06       7.9890E-04       1.0017E-06       1.0343E-03       2.0000E-04       2.0000E-04
       1.6550E+00       7.9077E-06       2.5505E-05       1.1045E-04       1.9131E-04       2.0931E-05       7.5029E-06       7.9886E-04       9.9575E-07       1.0343E-03       2.0000E-04       2.0000E-04
       1.6650E+00       7.9053E-06       2.5506E-05       1.1080E-04       1.9102E-04       2.0864E-05       7.5375E-06       7.9882E-04       9.8978E-07       1.0343E-03       2.0000E-04       2.0000E-04
       1.6750E+00       7.9028E-06       2.5506E-05       1.1114E-04       1.9074E-04       2.0795E-05       7.5720E-06       7.9878E-04       9.8385E-07       1.0343E-03       2.0000E-04       2.0000E-04
       1.6850E+00       7.9003E-06       2.5507E-05       1.1148E-04       1.9048E-04       2.0723E-05       7.6067E-06       7.9874E-04       9.7796E-07       1.0343E-03       2.0000E-04       2.0000E-04
       1.6950E+00       7.8976E-06       2.5508E-05       1.1180E-04       1.9022E-04       2.0650E-05       7.6413E-06       7.9870E-04       9.7210E-07       1.0343E-03       2.0000E-04       2.0000E-04
       1.7050E+00       7.8948E-06       2.5509E-05       1.1212E-04       1.8997E-04       2.0574E-05       7.6760E-06       7.9866E-04       9.6627E-07       1.0343E-03       2.0000E-04       2.0000E-04
       1.7150E+00       7.8920E-06       2.5509E-05       1.1243E-04       1.8973E-04       2.0496E-05       7.7107E-06       7.9862E-04       9.6048E-07       1.0343E-03       2.0000E-04       2.0000E-04
       1.7250E+00       7.8890E-06       2.5510E-05       1.1274E-04       1.8950E-04       2.0416E-05       7.7454E-06       7.9857E-04       9.5473E-07       1.0343E-03       2.0000E-04       2.0000E-04
       1.7350E+00       7.8859E-06       2.5511E-05       1.1303E-04       1.8928E-04       2.0334E-05       7.7802E-06       7.9853E-04       9.4900E-07       1.0343E-03       2.0000E-04       2.0000E-04
       1.7450E+00       7.8827E-06       2.5511E-05       1.1332E-04       1.8906E-04       2.0250E-05       7.8150E-06       7.9848E-04       9.4332E-07       1.0343E-03       2.0000E-04       2.0000E-04
       1.7550E+00       7.8794E-06       2.5512E-05       1.1360E-04       1.8886E-04       2.0163E-05       7.8499E-06       7.9843E-04       9.3766E-07       1.0343E-03       2.0000E-04       2.0000E-04
       1.7650E+00       7.8760E-06       2.5513E-05       1.1387E-04       1.8866E-04       2.0074E-05       7.8847E-06       7.9838E-04       9.3204E-07       1.0343E-03       2.0000E-04       2.0000E-04
       1.7750E+00       7.8725E-06       2.5514E-05       1.1414E-04       1.8848E-04       1.9984E-05       7.9197E-06       7.9833E-04       9.2645E-07       1.0343E-03       2.0000E-04       2.0000E-04
       1.7850E+00       7.8690E-06       2.5515E-05       1.1440E-04       1.8830E-04       1.9891E-05       7.9546E-06       7.9828E-04       9.2090E-07       1.0343E-03       2.0000E-04       2.0000E-04
       1.7950E+00       7.8653E-06       2.5515E-05       1.1466E-04       1.8813E-04       1.9796E-05       7.9896E-06       7.9823E-04       9.1537E-07       1.0343E-03       2.0000E-04       2.0000E-04
       1.8050E+00       7.8615E-06       2.5516E-05       1.1491E-04       1.8796E-04       1.9698E-05       8.0246E-06       7.9818E-04       9.0988E-07       1.0343E-03       2.0000E-04       2.0000E-04
       1.8150E+00       7.8576E-06       2.5517E-05       1.1515E-04       1.8781E-04       1.9599E-05       8.0596E-06       7.9812E-04       9.0443E-07       1.0343E-03       2.0000E-04       2.0000E-04
       1.8250E+00       7.8536E-06       2.5518E-05       1.1539E-04       1.8766E-04       1.9498E-05       8.0947E-06       7.9807E-04       8.9900E-07       1.0343E-03       2.0000E-04       2.0000E-04
       1.8350E+00       7.8496E-06       2.5519E-05       1.1562E-04       1.8752E-04       1.9394E-05       8.1298E-06       7.9801E-04       8.9361E-07       1.0343E-03       2.0000E-04       2.0000E-04
       1.8450E+00       7.8454E-06       2.5519E-05       1.1584E-04       1.8739E-04       1.9289E-05       8.1650E-06       7.9795E-04       8.8824E-07       1.0343E-03       2.0000E-04       2.0000E-04
       1.8550E+00       7.8412E-06       2.5520E-05       1.1606E-04       1.8726E-04       1.9182E-05       8.2001E-06       7.9789E-04       8.8291E-07       1.0343E-03       2.0000E-04       2.0000E-04
       1.8650E+00       7.8368E-06       2.5521E-05       1.1628E-04       1.8714E-04       1.9072E-05       8.2353E-06       7.9783E-04       8.7761E-07       1.0343E-03       2.0000E-04       2.0000E-04
       1.8750E+00       7.8324E-06       2.5522E-05       1.1648E-04       1.8703E-04       1.8961E-05       8.2706E-06       7.9777E-04       8.7235E-07       1.0343E-03       2.0000E-04       2.0000E-04
       1.8850E+00       7.8278E-06       2.5523E-05       1.1669E-04       1.8692E-04       1.8848E-05       8.3058E-06       7.9771E-04       8.6711E-07       1.0343E-03       2.0000E-04       2.0000E-04
       1.8950E+00       7.8232E-06       2.5524E-05       1.1689E-04       1.8682E-04       1.8733E-05       8.3411E-06       7.9764E-04       8.6190E-07       1.0343E-03       2.0000E-04       2.0000E-04
       1.9050E+00       7.8185E-06       2.5525E-05       1.1708E-04       1.8673E-04       1.8616E-05       8.3764E-06       7.9758E-04       8.5673E-07       1.0343E-03       2.0000E-04       2.0000E-04
       1.9150E+00       7.8136E-06       2.5526E-05       1.1727E-04       1.8664E-04       1.8498E-05       8.4118E-06       7.9751E-04       8.5158E-07       1.0343E-03       2.0000E-04       2.0000E-04
       1.9250E+00       7.8087E-06       2.5527E-05       1.1746E-04       1.8656E-04       1.8378E-05       8.4472E-06       7.9745E-04       8.4647E-07       1.0343E-03       2.0000E-04       2.0000E-04
       1.9350E+00       7.8037E-06       2.5528E-05       1.1764E-04       1.8648E-04       1.8256E-05       8.4826E-06       7.9738E-04       8.4138E-07       1.0343E-03       2.0000E-04       2.0000E-04
       1.9450E+00       7.7987E-06       2.5528E-05       1.1782E-04       1.8641E-04       1.8132E-05       8.5180E-06       7.9731E-04       8.3633E-07       1.0343E-03       2.0000E-04       2.0000E-04
       1.9550E+00       7.7935E-06       2.5529E-05       1.1799E-04       1.8634E-04       1.8007E-05       8.5535E-06       7.9724E-04       8.3130E-07       1.0343E-03       2.0000E-04       2.0000E-04
       1.9650E+00       7.7882E-06       2.5530E-05       1.1816E-04       1.8628E-04       1.7880E-05       8.5890E-06       7.9717E-04       8.2631E-07       1.0343E-03       2.0000E-04       2.0000E-04
       1.9750E+00       7.7829E-06       2.5531E-05       1.1833E-04       1.8623E-04       1.7752E-05       8.6246E-06       7.9709E-04       8.2134E-07       1.0343E-03       2.0000E-04       2.0000E-04
       1.9850E+00       7.7774E-06       2.5532E-05       1.1849E-04       1.8618E-04       1.7622E-05       8.6601E-06       7.9702E-04       8.1640E-07       1.0343E-03       2.0000E-04       2.0000E-04
       1.9950E+00       7.7719E-06       2.5533E-05       1.1865E-04       1.8613E-04       1.7491E-05       8.6957E-06       7.9694E-04       8.1149E-07       1.0343E-03       2.0000E-04       2.0000E-04
       2.0050E+00       7.7663E-06       2.5534E-05       1.1880E-04       1.8609E-04       1.7359E-05       8.7313E-06       7.9687E-04       8.0661E-07       1.0343E-03       2.0000E-04       2.0000E-04
       2.0150E+00       7.7606E-06       2.5535E-05       1.1895E-04       1.8605E-04       1.7225E-05       8.7670E-06       7.9679E-04       8.0176E-07       1.0343E-03       2.0000E-04       2.0000E-04
       2.0250E+00       7.7548E-06       2.5536E-05       1.1910E-04       1.8602E-04       1.7091E-05       8.8027E-06       7.9671E-04       7.9694E-07       1.0343E-03       2.0000E-04       2.0000E-04
       2.0350E+00       7.7490E-06       2.5537E-05       1.1925E-04       1.8600E-04       1.6955E-05       8.8384E-06       7.9663E-04       7.9214E-07       1.0343E-03       2.0000E-04       2.0000E-04
       2.0450E+00       7.7430E-06       2.5538E-05       1.1939E-04       1.8597E-04       1.6818E-05       8.8741E-06       7.9655E-04       7.8738E-07       1.0343E-03       2.0000E-04       2.0000E-04
       2.0550E+00       7.7370E-06       2.5539E-05       1.1953E-04       1.8595E-04       1.6679E-05       8.9099E-06       7.9647E-04       7.8264E-07       1.0343E-03       2.0000E-04       2.0000E-04
       2.0650E+00       7.7309E-06       2.5540E-05       1.1966E-04       1.8594E-04       1.6540E-05       8.9457E-06       7.9639E-04       7.7792E-07       1.0343E-03       2.0000E-04       2.0000E-04
       2.0750E+00       7.7247E-06       2.5542E-05       1.1980E-04       1.8593E-04       1.6400E-05       8.9815E-06       7.9631E-04       7.7324E-07       1.0343E-03       2.0000E-04       2.0000E-04
       2.0850E+00       7.7184E-06       2.5543E-05       1.1993E-04       1.8592E-04       1.6259E-05       9.0173E-06       7.9622E-04       7.6858E-07       1.0343E-03       2.0000E-04       2.0000E-04
       2.0950E+00       7.7120E-06       2.5544E-05       1.2005E-04       1.8592E-04       1.6118E-05       9.0532E-06       7.9614E-04       7.6395E-07       1.0343E-03       2.0000E-04       2.0000E-04
       2.1050E+00       7.7056E-06       2.5545E-05       1.2018E-04       1.8592E-04       1.5975E-05       9.0891E-06       7.9605E-04       7.5935E-07       1.0343E-03       2.0000E-04       2.0000E-04
       2.1150E+00       7.6991E-06       2.5546E-05       1.2030E-04       1.8592E-04       1.5833E-05       9.1250E-06       7.9596E-04       7.5478E-07       1.0343E-03       2.0000E-04       2.0000E-04
       2.1250E+00       7.6925E-06       2.5547E-05       1.2042E-04       1.8593E-04       1.5689E-05       9.1610E-06       7.9587E-04       7.5023E-07       1.0343E-03       2.0000E-04       2.0000E-04
       2.1350E+00       7.6858E-06       2.5548E-05       1.2054E-04       1.8593E-04       1.5545E-05       9.1969E-06       7.9578E-04       7.4570E-07       1.0343E-03       2.0000E-04       2.0000E-04
       2.1450E+00       7.6790E-06       2.5549E-05       1.2065E-04       1.8595E-04       1.5400E-05       9.2329E-06       7.9569E-04       7.4121E-07       1.0343E-03       2.0000E-04       2.0000E-04
       2.1550E+00       7.6722E-06       2.5550E-05       1.2077E-04       1.8596E-04       1.5255E-05       9.2690E-06       7.9560E-04       7.3674E-07       1.0343E-03       2.0000E-04       2.0000E-04
       2.1650E+00       7.6653E-06       2.5551E-05       1.2088E-04       1.8598E-04       1.5110E-05       9.3050E-06       7.9550E-04       7.3229E-07       1.0343E-03       2.0000E-04       2.0000E-04
       2.1750E+00       7.6583E-06       2.5553E-05       1.2099E-04       1.8600E-04       1.4965E-05       9.3411E-06       7.9541E-04       7.2788E-07       1.0343E-03       2.0000E-04       2.0000E-04
       2.1850E+00       7.6512E-06       2.5554E-05       1.2109E-04       1.8603E-04       1.4819E-05       9.3772E-06       7.9531E-04       7.2348E-07       1.0343E-03       2.0000E-04       2.0000E-04
       2.1950E+00       7.6440E-06       2.5555E-05       1.2120E-04       1.8605E-04       1.4673E-05       9.4134E-06       7.9522E-04       7.1912E-07       1.0343E-03       2.0000E-04       2.0000E-04
       2.2050E+00       7.6368E-06       2.5556E-05       1.2130E-04       1.8608E-04       1.4528E-05       9.4495E-06       7.9512E-04       7.1478E-07       1.0343E-03       2.0000E-04       2.0000E-04
       2.2150E+00       7.6295E-06       2.5557E-05       1.2140E-04       1.8611E-04       1.4382E-05       9.4857E-06       7.9502E-04       7.1046E-07       1.0343E-03       2.0000E-04       2.0000E-04
       2.2250E+00       7.6221E-06       2.5559E-05       1.2150E-04       1.8614E-04       1.4236E-05       9.5219E-06       7.9492E-04       7.0617E-07       1.0343E-03       2.0000E-04       2.0000E-04
       2.2350E+00       7.6147E-06       2.5560E-05       1.2160E-04       1.8618E-04       1.4091E-05       9.5581E-06       7.9482E-04       7.0190E-07       1.0343E-03       2.0000E-04       2.0000E-04
       2.2450E+00       7.6072E-06       2.5561E-05       1.2170E-04       1.8622E-04       1.3945E-05       9.5944E-06       7.9471E-04       6.9766E-07       1.0343E-03       2.0000E-04       2.0000E-04
       2.2550E+00       7.5996E-06       2.5562E-05       1.2179E-04       1.8626E-04       1.3800E-05       9.6307E-06       7.9461E-04       6.9344E-07       1.0343E-03       2.0000E-04       2.0000E-04
       2.2650E+00       7.5919E-06       2.5563E-05       1.2189E-04       1.8630E-04       1.3656E-05       9.6670E-06       7.9451E-04       6.8925E-07       1.0343E-03       2.0000E-04       2.0000E-04
       2.2750E+00       7.5841E-06       2.5565E-05       1.2198E-04       1.8634E-04       1.3512E-05       9.7033E-06       7.9440E-04       6.8508E-07       1.0343E-03       2.0000E-04       2.0000E-04
       2.2850E+00       7.5763E-06       2.5566E-05       1.2207E-04       1.8639E-04       1.3368E-05       9.7397E-06       7.9429E-04       6.8094E-07       1.0343E-03       2.0000E-04       2.0000E-04
       2.2950E+00       7.5684E-06       2.5567E-05       1.2216E-04       1.8643E-04       1.3225E-05       9.7761E-06       7.9418E-04       6.7682E-07       1.0343E-03       2.0000E-04       2.0000E-04
       2.3050E+00       7.5605E-06       2.5568E-05       1.2225E-04       1.8648E-04       1.3082E-05       9.8125E-06       7.9407E-04       6.7272E-07       1.0343E-03       2.0000E-04       2.0000E-04
       2.3150E+00       7.5524E-06       2.5570E-05       1.2233E-04       1.8653E-04       1.2940E-05       9.8489E-06       7.9396E-04       6.6865E-07       1.0343E-03       2.0000E-04       2.0000E-04
       2.3250E+00       7.5443E-06       2.5571E-05       1.2242E-04       1.8658E-04       1.2799E-05       9.8853E-06       7.9385E-04       6.6460E-07       1.0343E-03       2.0000E-04       2.0000E-04
       2.3350E+00       7.5361E-06       2.5572E-05       1.2250E-04       1.8664E-04       1.2658E-05       9.9218E-06       7.9373E-04       6.6058E-07       1.0343E-03       2.0000E-04       2.0000E-04
       2.3450E+00       7.5279E-06       2.5574E-05       1.2258E-04       1.8669E-04       1.2519E-05       9.9583E-06       7.9361E-04       6.5658E-07       1.0343E-03       2.0000E-04       2.0000E-04
       2.3550E+00       7.5196E-06       2.5575E-05       1.2267E-04       1.8675E-04       1.2380E-05       9.9948E-06       7.9350E-04       6.5260E-07       1.0343E-03       2.0000E-04       2.0000E-04
       2.3650E+00       7.5112E-06       2.5576E-05       1.2275E-04       1.8681E-04       1.2242E-05       1.0031E-05       7.9338E-04       6.4864E-07       1.0343E-03       2.0000E-04       2.0000E-04
       2.3750E+00       7.5027E-06       2.5578E-05       1.2283E-04       1.8687E-04       1.2106E-05       1.0068E-05       7.9326E-04       6.4471E-07       1.0343E-03       2.0000E-04       2.0000E-04
       2.3850E+00       7.4942E-06       2.5579E-05       1.2291E-04       1.8693E-04       1.1970E-05       1.0105E-05       7.9313E-04       6.4080E-07       1.0343E-03       2.0000E-04       2.0000E-04
       2.3950E+00       7.4856E-06       2.5580E-05       1.2298E-04       1.8699E-04       1.1836E-05       1.0141E-05       7.9301E-04       6.3691E-07       1.0343E-03       2.0000E-04       2.0000E-04
       2.4050E+00       7.4770E-06       2.5582E-05       1.2306E-04       1.8705E-04       1.1702E-05       1.0178E-05       7.9288E-04       6.3305E-07       1.0343E-03       2.0000E-04       2.0000E-04
       2.4150E+00       7.4683E-06       2.5583E-05       1.2314E-04       1.8711E-04       1.1570E-05       1.0214E-05       7.9275E-04       6.2921E-07       1.0343E-03       2.0000E-04       2.0000E-04
       2.4250E+00       7.4595E-06       2.5585E-05       1.2321E-04       1.8718E-04       1.1439E-05       1.0251E-05       7.9263E-04       6.2539E-07       1.0343E-03       2.0000E-04       2.0000E-04
       2.4350E+00       7.4506E-06       2.5586E-05       1.2329E-04       1.8724E-04       1.1309E-05       1.0288E-05       7.9249E-04       6.2159E-07       1.0343E-03       2.0000E-04       2.0000E-04
       2.4450E+00       7.4417E-06       2.5587E-05       1.2336E-04       1.8731E-04       1.1181E-05       1.0325E-05       7.9236E-04       6.1781E-07       1.0343E-03       2.0000E-04       2.0000E-04
       2.4550E+00       7.4327E-06       2.5589E-05       1.2344E-04       1.8738E-04       1.1054E-05       1.0361E-05       7.9222E-04       6.1406E-07       1.0343E-03       2.0000E-04       2.0000E-04
       2.4650E+00       7.4236E-06       2.5590E-05       1.2351E-04       1.8745E-04       1.0928E-05       1.0398E-05       7.9209E-04       6.1033E-07       1.0343E-03       2.0000E-04       2.0000E-04
       2.4750E+00       7.4145E-06       2.5592E-05       1.2358E-04       1.8752E-04       1.0804E-05       1.0435E-05       7.9195E-04       6.0662E-07       1.0343E-03       2.0000E-04       2.0000E-04
       2.4850E+00       7.4053E-06       2.5593E-05       1.2365E-04       1.8759E-04       1.0682E-05       1.0472E-05       7.9181E-04       6.0293E-07       1.0343E-03       2.0000E-04       2.0000E-04
       2.4950E+00       7.3961E-06       2.5594E-05       1.2372E-04       1.8766E-04       1.0560E-05       1.0509E-05       7.9166E-04       5.9926E-07       1.0343E-03       2.0000E-04       2.0000E-04
       2.5050E+00       7.3868E-06       2.5596E-05       1.2379E-04       1.8773E-04       1.0441E-05       1.0545E-05       7.9152E-04       5.9562E-07       1.0343E-03       2.0000E-04       2.0000E-04
       2.5150E+00       7.3774E-06       2.5597E-05       1.2386E-04       1.8781E-04       1.0323E-05       1.0582E-05       7.9137E-04       5.9199E-07       1.0343E-03       2.0000E-04       2.0000E-04
       2.5250E+00       7.3680E-06       2.5599E-05       1.2393E-04       1.8788E-04       1.0207E-05       1.0619E-05       7.9122E-04       5.8839E-07       1.0343E-03       2.0000E-04       2.0000E-04
       2.5350E+00       7.3585E-06       2.5600E-05       1.2400E-04       1.8796E-04       1.0092E-05       1.0656E-05       7.9106E-04       5.8480E-07       1.0343E-03       2.0000E-04       2.0000E-04
       2.5450E+00       7.3489E-06       2.5602E-05       1.2407E-04       1.8803E-04       9.9788E-06       1.0693E-05       7.9091E-04       5.8124E-07       1.0343E-03       2.0000E-04       2.0000E-04
       2.5550E+00       7.3393E-06       2.5603E-05       1.2413E-04       1.8811E-04       9.8675E-06       1.0730E-05       7.9075E-04       5.7770E-07       1.0343E-03       2.0000E-04       2.0000E-04
       2.5650E+00       7.3296E-06       2.5605E-05       1.2420E-04       1.8819E-04       9.7579E-06       1.0767E-05       7.9059E-04       5.7418E-07       1.0343E-03       2.0000E-04       2.0000E-04
       2.5750E+00       7.3198E-06       2.5606E-05       1.2427E-04       1.8827E-04       9.6500E-06       1.0804E-05       7.9043E-04       5.7068E-07       1.0343E-03       2.0000E-04       2.0000E-04
       2.5850E+00       7.3100E-06       2.5608E-05       1.2434E-04       1.8835E-04       9.5438E-06       1.0841E-05       7.9026E-04       5.6720E-07       1.0343E-03       2.0000E-04       2.0000E-04
       2.5950E+00       7.3002E-06       2.5610E-05       1.2440E-04       1.8843E-04       9.4395E-06       1.0878E-05       7.9009E-04       5.6374E-07       1.0343E-03       2.0000E-04       2.0000E-04
       2.6050E+00       7.2902E-06       2.5611E-05       1.2447E-04       1.8851E-04       9.3369E-06       1.0915E-05       7.8992E-04       5.6030E-07       1.0343E-03       2.0000E-04       2.0000E-04
       2.6150E+00       7.2802E-06       2.5613E-05       1.2453E-04       1.8859E-04       9.2361E-06       1.0952E-05       7.8974E-04       5.5688E-07       1.0343E-03       2.0000E-04       2.0000E-04
       2.6250E+00       7.2702E-06       2.5614E-05       1.2460E-04       1.8867E-04       9.1372E-06       1.0989E-05       7.8956E-04       5.5347E-07       1.0343E-03       2.0000E-04       2.0000E-04
       2.6350E+00       7.2601E-06       2.5616E-05       1.2466E-04       1.8876E-04       9.0401E-06       1.1026E-05       7.8938E-04       5.5009E-07       1.0343E-03       2.0000E-04       2.0000E-04
       2.6450E+00       7.2499E-06       2.5617E-05       1.2473E-04       1.8884E-04       8.9448E-06       1.1064E-05       7.8920E-04       5.4673E-07       1.0343E-03       2.0000E-04       2.0000E-04
       2.6550E+00       7.2397E-06       2.5619E-05       1.2479E-04       1.8893E-04       8.8514E-06       1.1101E-05       7.8901E-04       5.4339E-07       1.0343E-03       2.0000E-04       2.0000E-04
       2.6650E+00       7.2294E-06       2.5621E-05       1.2486E-04       1.8902E-04       8.7599E-06       1.1138E-05       7.8882E-04       5.4007E-07       1.0343E-03       2.0000E-04       2.0000E-04
       2.6750E+00       7.2191E-06       2.5622E-05       1.2492E-04       1.8911E-04       8.6702E-06       1.1175E-05       7.8862E-04       5.3676E-07       1.0343E-03       2.0000E-04       2.0000E-04
       2.6850E+00       7.2087E-06       2.5624E-05       1.2499E-04       1.8919E-04       8.5824E-06       1.1212E-05       7.8842E-04       5.3348E-07       1.0343E-03       2.0000E-04       2.0000E-04
       2.6950E+00       7.1982E-06       2.5626E-05       1.2505E-04       1.8928E-04       8.4964E-06       1.1249E-05       7.8822E-04       5.3021E-07       1.0343E-03       2.0000E-04       2.0000E-04
       2.7050E+00       7.1877E-06       2.5627E-05       1.2511E-04       1.8938E-04       8.4124E-06       1.1287E-05       7.8801E-04       5.2697E-07       1.0343E-03       2.0000E-04       2.0000E-04
       2.7150E+00       7.1771E-06       2.5629E-05       1.2518E-04       1.8947E-04       8.3302E-06       1.1324E-05       7.8780E-04       5.2374E-07       1.0343E-03       2.0000E-04       2.0000E-04
       2.7250E+00       7.1665E-06       2.5631E-05       1.2524E-04       1.8956E-04       8.2498E-06       1.1361E-05       7.8759E-04       5.2053E-07       1.0343E-03       2.0000E-04       2.0000E-04
       2.7350E+00       7.1558E-06       2.5632E-05       1.2531E-04       1.8966E-04       8.1714E-06       1.1399E-05       7.8737E-04       5.1734E-07       1.0343E-03       2.0000E-04       2.0000E-04
       2.7450E+00       7.1451E-06       2.5634E-05       1.2537E-04       1.8975E-04       8.0948E-06       1.1436E-05       7.8715E-04       5.1417E-07       1.0343E-03       2.0000E-04       2.0000E-04
       2.7550E+00       7.1343E-06       2.5636E-05       1.2543E-04       1.8985E-04       8.0201E-06       1.1473E-05       7.8692E-04       5.1102E-07       1.0343E-03       2.0000E-04       2.0000E-04
       2.7650E+00       7.1235E-06       2.5637E-05       1.2550E-04       1.8995E-04       7.9472E-06       1.1511E-05       7.8669E-04       5.0788E-07       1.0343E-03       2.0000E-04       2.0000E-04
       2.7750E+00       7.1126E-06       2.5639E-05       1.2556E-04       1.9005E-04       7.8762E-06       1.1548E-05       7.8645E-04       5.0477E-07       1.0343E-03       2.0000E-04       2.0000E-04
       2.7850E+00       7.1016E-06       2.5641E-05       1.2562E-04       1.9015E-04       7.8071E-06       1.1585E-05       7.8621E-04       5.0167E-07       1.0343E-03       2.0000E-04       2.0000E-04
       2.7950E+00       7.0906E-06       2.5643E-05       1.2569E-04       1.9025E-04       7.7398E-06       1.1623E-05       7.8597E-04       4.9859E-07       1.0343E-03       2.0000E-04       2.0000E-04
       2.8050E+00       7.0795E-06       2.5644E-05       1.2575E-04       1.9035E-04       7.6743E-06       1.1660E-05       7.8572E-04       4.9553E-07       1.0343E-03       2.0000E-04       2.0000E-04
       2.8150E+00       7.0684E-06       2.5646E-05       1.2581E-04       1.9046E-04       7.6106E-06       1.1698E-05       7.8547E-04       4.9248E-07       1.0343E-03       2.0000E-04       2.0000E-04
       2.8250E+00       7.0573E-06       2.5648E-05       1.2588E-04       1.9057E-04       7.5487E-06       1.1735E-05       7.8521E-04       4.8946E-07       1.0343E-03       2.0000E-04       2.0000E-04
       2.8350E+00       7.0461E-06       2.5650E-05       1.2594E-04       1.9067E-04       7.4887E-06       1.1773E-05       7.8494E-04       4.8645E-07       1.0343E-03       2.0000E-04       2.0000E-04
       2.8450E+00       7.0348E-06       2.5651E-05       1.2600E-04       1.9078E-04       7.4304E-06       1.1810E-05       7.8467E-04       4.8346E-07       1.0343E-03       2.0000E-04       2.0000E-04
       2.8550E+00       7.0235E-06       2.5653E-05       1.2607E-04       1.9090E-04       7.3739E-06       1.1848E-05       7.8440E-04       4.8049E-07       1.0343E-03       2.0000E-04       2.0000E-04
       2.8650E+00       7.0121E-06       2.5655E-05       1.2613E-04       1.9101E-04       7.3192E-06       1.1885E-05       7.8412E-04       4.7754E-07       1.0343E-03       2.0000E-04       2.0000E-04
       2.8750E+00       7.0008E-06       2.5657E-05       1.2619E-04       1.9112E-04       7.2662E-06       1.1922E-05       7.8384E-04       4.7461E-07       1.0343E-03       2.0000E-04       2.0000E-04
       2.8850E+00       6.9893E-06       2.5659E-05       1.2626E-04       1.9124E-04       7.2150E-06       1.1960E-05       7.8355E-04       4.7170E-07       1.0343E-03       2.0000E-04       2.0000E-04
       2.8950E+00       6.9779E-06       2.5660E-05       1.2632E-04       1.9136E-04       7.1656E-06       1.1997E-05       7.8326E-04       4.6882E-07       1.0343E-03       2.0000E-04       2.0000E-04
       2.9050E+00       6.9665E-06       2.5662E-05       1.2638E-04       1.9148E-04       7.1180E-06       1.2034E-05       7.8297E-04       4.6597E-07       1.0343E-03       2.0000E-04       2.0000E-04
       2.9150E+00       6.9551E-06       2.5664E-05       1.2644E-04       1.9160E-04       7.0722E-06       1.2071E-05       7.8267E-04       4.6316E-07       1.0343E-03       2.0000E-04       2.0000E-04
       2.9250E+00       6.9438E-06       2.5666E-05       1.2651E-04       1.9171E-04       7.0283E-06       1.2107E-05       7.8237E-04       4.6040E-07       1.0343E-03       2.0000E-04       2.0000E-04
       2.9350E+00       6.9327E-06       2.5668E-05       1.2657E-04       1.9183E-04       6.9865E-06       1.2143E-05       7.8207E-04       4.5770E-07       1.0343E-03       2.0000E-04       2.0000E-04
       2.9450E+00       6.9219E-06       2.5669E-05       1.2663E-04       1.9195E-04       6.9471E-06       1.2178E-05       7.8178E-04       4.5509E-07       1.0343E-03       2.0000E-04       2.0000E-04
       2.9550E+00       6.9115E-06       2.5671E-05       1.2668E-04       1.9206E-04       6.9103E-06       1.2211E-05       7.8150E-04       4.5261E-07       1.0343E-03       2.0000E-04       2.0000E-04
       2.9650E+00       6.9018E-06       2.5673E-05       1.2673E-04       1.9217E-04       6.8770E-06       1.2242E-05       7.8123E-04       4.5031E-07       1.0343E-03       2.0000E-04       2.0000E-04
       2.9750E+00       6.8932E-06       2.5674E-05       1.2678E-04       1.9226E-04       6.8481E-06       1.2269E-05       7.8099E-04       4.4830E-07       1.0343E-03       2.0000E-04       2.0000E-04
       2.9850E+00       6.8864E-06       2.5675E-05       1.2682E-04       1.9234E-04       6.8255E-06       1.2291E-05       7.8080E-04       4.4670E-07       1.0343E-03       2.0000E-04       2.0000E-04
       2.9950E+00       6.8822E-06       2.5676E-05       1.2684E-04       1.9238E-04       6.8119E-06       1.2304E-05       7.8069E-04       4.4574E-07       1.0343E-03       2.0000E-04       2.0000E-04
