# Time          4.0000E+01
# Units: Mol/g solid
    Distance           H+               CO2(aq)          Mg++             Ca++             K+               SiO2(aq)         Na+              Al+++            Cl-              NO3-             Tracer       
       5.0000E-03       0.0000E+00       0.0000E+00       3.9220E-11       8.1046E-11       2.9802E-13       0.0000E+00       3.9468E-12       0.0000E+00       0.0000E+00       0.0000E+00       0.0000E+00
       1.5000E-02       0.0000E+00       0.0000E+00       3.7670E-11       8.2600E-11       2.9770E-13       0.0000E+00       3.9388E-12       0.0000E+00       0.0000E+00       0.0000E+00       0.0000E+00
       2.5000E-02       0.0000E+00       0.0000E+00       3.5665E-11       8.4610E-11       2.9719E-13       0.0000E+00       3.9284E-12       0.0000E+00       0.0000E+00       0.0000E+00       0.0000E+00
       3.5000E-02       0.0000E+00       0.0000E+00       3.3258E-11       8.7024E-11       2.9652E-13       0.0000E+00       3.9159E-12       0.0000E+00       0.0000E+00       0.0000E+00       0.0000E+00
       4.5000E-02       0.0000E+00       0.0000E+00       3.0543E-11       8.9746E-11       2.9572E-13       0.0000E+00       3.9018E-12       0.0000E+00       0.0000E+00       0.0000E+00       0.0000E+00
       5.5000E-02       0.0000E+00       0.0000E+00       2.7639E-11       9.2658E-11       2.9483E-13       0.0000E+00       3.8867E-12       0.0000E+00       0.0000E+00       0.0000E+00       0.0000E+00
       6.5000E-02       0.0000E+00       0.0000E+00       2.4671E-11       9.5634E-11       2.9391E-13       0.0000E+00       3.8711E-12       0.0000E+00       0.0000E+00       0.0000E+00       0.0000E+00
       7.5000E-02       0.0000E+00       0.0000E+00       2.1755E-11       9.8558E-11       2.9300E-13       0.0000E+00       3.8557E-12       0.0000E+00       0.0000E+00       0.0000E+00       0.0000E+00
       8.5000E-02       0.0000E+00       0.0000E+00       1.8988E-11       1.0133E-10       2.9215E-13       0.0000E+00       3.8411E-12       0.0000E+00       0.0000E+00       0.0000E+00       0.0000E+00
       9.5000E-02       0.0000E+00       0.0000E+00       1.6441E-11       1.0389E-10       2.9139E-13       0.0000E+00       3.8276E-12       0.0000E+00       0.0000E+00       0.0000E+00       0.0000E+00
       1.0500E-01       0.0000E+00       0.0000E+00       1.4155E-11       1.0618E-10       2.9072E-13       0.0000E+00       3.8154E-12       0.0000E+00       0.0000E+00       0.0000E+00       0.0000E+00
       1.1500E-01       0.0000E+00       0.0000E+00       1.2149E-11       1.0819E-10       2.9017E-13       0.0000E+00       3.8047E-12       0.0000E+00       0.0000E+00       0.0000E+00       0.0000E+00
       1.2500E-01       0.0000E+00       0.0000E+00       1.0422E-11       1.0992E-10       2.8973E-13       0.0000E+00       3.7955E-12       0.0000E+00       0.0000E+00       0.0000E+00       0.0000E+00
       1.3500E-01       0.0000E+00       0.0000E+00       8.9555E-12       1.1139E-10       2.8940E-13       0.0000E+00       3.7876E-12       0.0000E+00       0.0000E+00       0.0000E+00       0.0000E+00
       1.4500E-01       0.0000E+00       0.0000E+00       7.7237E-12       1.1263E-10       2.8917E-13       0.0000E+00       3.7810E-12       0.0000E+00       0.0000E+00       0.0000E+00       0.0000E+00
       1.5500E-01       0.0000E+00       0.0000E+00       6.6952E-12       1.1366E-10       2.8902E-13       0.0000E+00       3.7755E-12       0.0000E+00       0.0000E+00       0.0000E+00       0.0000E+00
       1.6500E-01       0.0000E+00       0.0000E+00       5.8381E-12       1.1452E-10       2.8894E-13       0.0000E+00       3.7708E-12       0.0000E+00       0.0000E+00       0.0000E+00       0.0000E+00
       1.7500E-01       0.0000E+00       0.0000E+00       5.1223E-12       1.1524E-10       2.8893E-13       0.0000E+00       3.7670E-12       0.0000E+00       0.0000E+00       0.0000E+00       0.0000E+00
       1.8500E-01       0.0000E+00       0.0000E+00       4.5213E-12       1.1584E-10       2.8896E-13       0.0000E+00       3.7637E-12       0.0000E+00       0.0000E+00       0.0000E+00       0.0000E+00
       1.9500E-01       0.0000E+00       0.0000E+00       4.0135E-12       1.1635E-10       2.8903E-13       0.0000E+00       3.7610E-12       0.0000E+00       0.0000E+00       0.0000E+00       0.0000E+00
       2.0500E-01       0.0000E+00       0.0000E+00       3.5822E-12       1.1678E-10       2.8913E-13       0.0000E+00       3.7586E-12       0.0000E+00       0.0000E+00       0.0000E+00       0.0000E+00
       2.1500E-01       0.0000E+00       0.0000E+00       3.2157E-12       1.1715E-10       2.8926E-13       0.0000E+00       3.7567E-12       0.0000E+00       0.0000E+00       0.0000E+00       0.0000E+00
       2.2500E-01       0.0000E+00       0.0000E+00       2.9076E-12       1.1746E-10       2.8941E-13       0.0000E+00       3.7550E-12       0.0000E+00       0.0000E+00       0.0000E+00       0.0000E+00
       2.3500E-01       0.0000E+00       0.0000E+00       2.6570E-12       1.1771E-10       2.8959E-13       0.0000E+00       3.7536E-12       0.0000E+00       0.0000E+00       0.0000E+00       0.0000E+00
       2.4500E-01       0.0000E+00       0.0000E+00       2.4703E-12       1.1790E-10       2.8980E-13       0.0000E+00       3.7526E-12       0.0000E+00       0.0000E+00       0.0000E+00       0.0000E+00
       2.5500E-01       0.0000E+00       0.0000E+00       3.6875E-07       1.8404E-05       4.5236E-08       0.0000E+00       5.8519E-07       0.0000E+00       0.0000E+00       0.0000E+00       0.0000E+00
       2.6500E-01       0.0000E+00       0.0000E+00       3.5327E-07       1.8420E-05       4.5274E-08       0.0000E+00       5.8510E-07       0.0000E+00       0.0000E+00       0.0000E+00       0.0000E+00
       2.7500E-01       0.0000E+00       0.0000E+00       3.3884E-07       1.8434E-05       4.5312E-08       0.0000E+00       5.8503E-07       0.0000E+00       0.0000E+00       0.0000E+00       0.0000E+00
       2.8500E-01       0.0000E+00       0.0000E+00       3.2549E-07       1.8447E-05       4.5351E-08       0.0000E+00       5.8495E-07       0.0000E+00       0.0000E+00       0.0000E+00       0.0000E+00
       2.9500E-01       0.0000E+00       0.0000E+00       3.1326E-07       1.8460E-05       4.5391E-08       0.0000E+00       5.8489E-07       0.0000E+00       0.0000E+00       0.0000E+00       0.0000E+00
       3.0500E-01       0.0000E+00       0.0000E+00       3.0220E-07       1.8471E-05       4.5431E-08       0.0000E+00       5.8483E-07       0.0000E+00       0.0000E+00       0.0000E+00       0.0000E+00
       3.1500E-01       0.0000E+00       0.0000E+00       2.9240E-07       1.8481E-05       4.5471E-08       0.0000E+00       5.8478E-07       0.0000E+00       0.0000E+00       0.0000E+00       0.0000E+00
       3.2500E-01       0.0000E+00       0.0000E+00       2.8392E-07       1.8489E-05       4.5512E-08       0.0000E+00       5.8473E-07       0.0000E+00       0.0000E+00       0.0000E+00       0.0000E+00
       3.3500E-01       0.0000E+00       0.0000E+00       2.7684E-07       1.8496E-05       4.5554E-08       0.0000E+00       5.8469E-07       0.0000E+00       0.0000E+00       0.0000E+00       0.0000E+00
       3.4500E-01       0.0000E+00       0.0000E+00       2.7126E-07       1.8502E-05       4.5596E-08       0.0000E+00       5.8467E-07       0.0000E+00       0.0000E+00       0.0000E+00       0.0000E+00
       3.5500E-01       0.0000E+00       0.0000E+00       2.6726E-07       1.8506E-05       4.5639E-08       0.0000E+00       5.8464E-07       0.0000E+00       0.0000E+00       0.0000E+00       0.0000E+00
       3.6500E-01       0.0000E+00       0.0000E+00       2.6493E-07       1.8508E-05       4.5683E-08       0.0000E+00       5.8463E-07       0.0000E+00       0.0000E+00       0.0000E+00       0.0000E+00
       3.7500E-01       0.0000E+00       0.0000E+00       2.6435E-07       1.8509E-05       4.5727E-08       0.0000E+00       5.8463E-07       0.0000E+00       0.0000E+00       0.0000E+00       0.0000E+00
       3.8500E-01       0.0000E+00       0.0000E+00       2.6557E-07       1.8508E-05       4.5772E-08       0.0000E+00       5.8464E-07       0.0000E+00       0.0000E+00       0.0000E+00       0.0000E+00
       3.9500E-01       0.0000E+00       0.0000E+00       2.6868E-07       1.8504E-05       4.5818E-08       0.0000E+00       5.8465E-07       0.0000E+00       0.0000E+00       0.0000E+00       0.0000E+00
       4.0500E-01       0.0000E+00       0.0000E+00       2.7371E-07       1.8499E-05       4.5865E-08       0.0000E+00       5.8468E-07       0.0000E+00       0.0000E+00       0.0000E+00       0.0000E+00
       4.1500E-01       0.0000E+00       0.0000E+00       2.8070E-07       1.8492E-05       4.5913E-08       0.0000E+00       5.8472E-07       0.0000E+00       0.0000E+00       0.0000E+00       0.0000E+00
       4.2500E-01       0.0000E+00       0.0000E+00       2.8966E-07       1.8483E-05       4.5962E-08       0.0000E+00       5.8477E-07       0.0000E+00       0.0000E+00       0.0000E+00       0.0000E+00
       4.3500E-01       0.0000E+00       0.0000E+00       3.0061E-07       1.8472E-05       4.6011E-08       0.0000E+00       5.8483E-07       0.0000E+00       0.0000E+00       0.0000E+00       0.0000E+00
       4.4500E-01       0.0000E+00       0.0000E+00       3.1353E-07       1.8459E-05       4.6061E-08       0.0000E+00       5.8490E-07       0.0000E+00       0.0000E+00       0.0000E+00       0.0000E+00
       4.5500E-01       0.0000E+00       0.0000E+00       3.2840E-07       1.8445E-05       4.6113E-08       0.0000E+00       5.8498E-07       0.0000E+00       0.0000E+00       0.0000E+00       0.0000E+00
       4.6500E-01       0.0000E+00       0.0000E+00       3.4518E-07       1.8428E-05       4.6165E-08       0.0000E+00       5.8507E-07       0.0000E+00       0.0000E+00       0.0000E+00       0.0000E+00
       4.7500E-01       0.0000E+00       0.0000E+00       3.6384E-07       1.8409E-05       4.6217E-08       0.0000E+00       5.8517E-07       0.0000E+00       0.0000E+00       0.0000E+00       0.0000E+00
       4.8500E-01       0.0000E+00       0.0000E+00       3.8432E-07       1.8388E-05       4.6271E-08       0.0000E+00       5.8528E-07       0.0000E+00       0.0000E+00       0.0000E+00       0.0000E+00
       4.9500E-01       0.0000E+00       0.0000E+00       4.0657E-07       1.8366E-05       4.6326E-08       0.0000E+00       5.8540E-07       0.0000E+00       0.0000E+00       0.0000E+00       0.0000E+00
       5.0500E-01       0.0000E+00       0.0000E+00       4.3052E-07       1.8342E-05       4.6381E-08       0.0000E+00       5.8553E-07       0.0000E+00       0.0000E+00       0.0000E+00       0.0000E+00
       5.1500E-01       0.0000E+00       0.0000E+00       4.5610E-07       1.8316E-05       4.6437E-08       0.0000E+00       5.8567E-07       0.0000E+00       0.0000E+00       0.0000E+00       0.0000E+00
       5.2500E-01       0.0000E+00       0.0000E+00       4.8326E-07       1.8289E-05       4.6493E-08       0.0000E+00       5.8582E-07       0.0000E+00       0.0000E+00       0.0000E+00       0.0000E+00
       5.3500E-01       0.0000E+00       0.0000E+00       5.1194E-07       1.8260E-05       4.6551E-08       0.0000E+00       5.8597E-07       0.0000E+00       0.0000E+00       0.0000E+00       0.0000E+00
       5.4500E-01       0.0000E+00       0.0000E+00       5.4207E-07       1.8230E-05       4.6609E-08       0.0000E+00       5.8613E-07       0.0000E+00       0.0000E+00       0.0000E+00       0.0000E+00
       5.5500E-01       0.0000E+00       0.0000E+00       5.7359E-07       1.8198E-05       4.6667E-08       0.0000E+00       5.8630E-07       0.0000E+00       0.0000E+00       0.0000E+00       0.0000E+00
       5.6500E-01       0.0000E+00       0.0000E+00       6.0646E-07       1.8165E-05       4.6727E-08       0.0000E+00       5.8648E-07       0.0000E+00       0.0000E+00       0.0000E+00       0.0000E+00
       5.7500E-01       0.0000E+00       0.0000E+00       6.4063E-07       1.8131E-05       4.6787E-08       0.0000E+00       5.8667E-07       0.0000E+00       0.0000E+00       0.0000E+00       0.0000E+00
       5.8500E-01       0.0000E+00       0.0000E+00       6.7604E-07       1.8096E-05       4.6847E-08       0.0000E+00       5.8686E-07       0.0000E+00       0.0000E+00       0.0000E+00       0.0000E+00
       5.9500E-01       0.0000E+00       0.0000E+00       7.1267E-07       1.8059E-05       4.6908E-08       0.0000E+00       5.8705E-07       0.0000E+00       0.0000E+00       0.0000E+00       0.0000E+00
       6.0500E-01       0.0000E+00       0.0000E+00       7.5047E-07       1.8021E-05       4.6969E-08       0.0000E+00       5.8726E-07       0.0000E+00       0.0000E+00       0.0000E+00       0.0000E+00
       6.1500E-01       0.0000E+00       0.0000E+00       7.8941E-07       1.7982E-05       4.7031E-08       0.0000E+00       5.8747E-07       0.0000E+00       0.0000E+00       0.0000E+00       0.0000E+00
       6.2500E-01       0.0000E+00       0.0000E+00       8.2946E-07       1.7942E-05       4.7094E-08       0.0000E+00       5.8768E-07       0.0000E+00       0.0000E+00       0.0000E+00       0.0000E+00
       6.3500E-01       0.0000E+00       0.0000E+00       8.7060E-07       1.7900E-05       4.7157E-08       0.0000E+00       5.8791E-07       0.0000E+00       0.0000E+00       0.0000E+00       0.0000E+00
       6.4500E-01       0.0000E+00       0.0000E+00       9.1279E-07       1.7858E-05       4.7220E-08       0.0000E+00       5.8813E-07       0.0000E+00       0.0000E+00       0.0000E+00       0.0000E+00
       6.5500E-01       0.0000E+00       0.0000E+00       9.5601E-07       1.7815E-05       4.7284E-08       0.0000E+00       5.8837E-07       0.0000E+00       0.0000E+00       0.0000E+00       0.0000E+00
       6.6500E-01       0.0000E+00       0.0000E+00       1.0002E-06       1.7770E-05       4.7349E-08       0.0000E+00       5.8860E-07       0.0000E+00       0.0000E+00       0.0000E+00       0.0000E+00
       6.7500E-01       0.0000E+00       0.0000E+00       1.0455E-06       1.7725E-05       4.7414E-08       0.0000E+00       5.8885E-07       0.0000E+00       0.0000E+00       0.0000E+00       0.0000E+00
       6.8500E-01       0.0000E+00       0.0000E+00       1.0916E-06       1.7679E-05       4.7479E-08       0.0000E+00       5.8910E-07       0.0000E+00       0.0000E+00       0.0000E+00       0.0000E+00
       6.9500E-01       0.0000E+00       0.0000E+00       1.1388E-06       1.7631E-05       4.7545E-08       0.0000E+00       5.8935E-07       0.0000E+00       0.0000E+00       0.0000E+00       0.0000E+00
       7.0500E-01       0.0000E+00       0.0000E+00       1.1868E-06       1.7583E-05       4.7611E-08       0.0000E+00       5.8961E-07       0.0000E+00       0.0000E+00       0.0000E+00       0.0000E+00
       7.1500E-01       0.0000E+00       0.0000E+00       1.2358E-06       1.7534E-05       4.7677E-08       0.0000E+00       5.8987E-07       0.0000E+00       0.0000E+00       0.0000E+00       0.0000E+00
       7.2500E-01       0.0000E+00       0.0000E+00       1.2856E-06       1.7484E-05       4.7744E-08       0.0000E+00       5.9014E-07       0.0000E+00       0.0000E+00       0.0000E+00       0.0000E+00
       7.3500E-01       0.0000E+00       0.0000E+00       1.3362E-06       1.7433E-05       4.7812E-08       0.0000E+00       5.9041E-07       0.0000E+00       0.0000E+00       0.0000E+00       0.0000E+00
       7.4500E-01       0.0000E+00       0.0000E+00       1.3877E-06       1.7381E-05       4.7879E-08       0.0000E+00       5.9068E-07       0.0000E+00       0.0000E+00       0.0000E+00       0.0000E+00
       7.5500E-01       0.0000E+00       0.0000E+00       1.4400E-06       1.7329E-05       4.7947E-08       0.0000E+00       5.9097E-07       0.0000E+00       0.0000E+00       0.0000E+00       0.0000E+00
       7.6500E-01       0.0000E+00       0.0000E+00       1.4930E-06       1.7276E-05       4.8016E-08       0.0000E+00       5.9125E-07       0.0000E+00       0.0000E+00       0.0000E+00       0.0000E+00
       7.7500E-01       0.0000E+00       0.0000E+00       1.5468E-06       1.7222E-05       4.8084E-08       0.0000E+00       5.9154E-07       0.0000E+00       0.0000E+00       0.0000E+00       0.0000E+00
       7.8500E-01       0.0000E+00       0.0000E+00       1.6013E-06       1.7167E-05       4.8153E-08       0.0000E+00       5.9183E-07       0.0000E+00       0.0000E+00       0.0000E+00       0.0000E+00
       7.9500E-01       0.0000E+00       0.0000E+00       1.6564E-06       1.7112E-05       4.8223E-08       0.0000E+00       5.9212E-07       0.0000E+00       0.0000E+00       0.0000E+00       0.0000E+00
       8.0500E-01       0.0000E+00       0.0000E+00       1.7122E-06       1.7056E-05       4.8292E-08       0.0000E+00       5.9242E-07       0.0000E+00       0.0000E+00       0.0000E+00       0.0000E+00
       8.1500E-01       0.0000E+00       0.0000E+00       1.7686E-06       1.6999E-05       4.8362E-08       0.0000E+00       5.9272E-07       0.0000E+00       0.0000E+00       0.0000E+00       0.0000E+00
       8.2500E-01       0.0000E+00       0.0000E+00       1.8255E-06       1.6942E-05       4.8432E-08       0.0000E+00       5.9303E-07       0.0000E+00       0.0000E+00       0.0000E+00       0.0000E+00
       8.3500E-01       0.0000E+00       0.0000E+00       1.8830E-06       1.6885E-05       4.8502E-08       0.0000E+00       5.9333E-07       0.0000E+00       0.0000E+00       0.0000E+00       0.0000E+00
       8.4500E-01       0.0000E+00       0.0000E+00       1.9410E-06       1.6826E-05       4.8573E-08       0.0000E+00       5.9364E-07       0.0000E+00       0.0000E+00       0.0000E+00       0.0000E+00
       8.5500E-01       0.0000E+00       0.0000E+00       1.9995E-06       1.6768E-05       4.8643E-08       0.0000E+00       5.9395E-07       0.0000E+00       0.0000E+00       0.0000E+00       0.0000E+00
       8.6500E-01       0.0000E+00       0.0000E+00       2.0584E-06       1.6709E-05       4.8714E-08       0.0000E+00       5.9427E-07       0.0000E+00       0.0000E+00       0.0000E+00       0.0000E+00
       8.7500E-01       0.0000E+00       0.0000E+00       2.1176E-06       1.6649E-05       4.8785E-08       0.0000E+00       5.9458E-07       0.0000E+00       0.0000E+00       0.0000E+00       0.0000E+00
       8.8500E-01       0.0000E+00       0.0000E+00       2.1772E-06       1.6589E-05       4.8856E-08       0.0000E+00       5.9490E-07       0.0000E+00       0.0000E+00       0.0000E+00       0.0000E+00
       8.9500E-01       0.0000E+00       0.0000E+00       2.2371E-06       1.6529E-05       4.8927E-08       0.0000E+00       5.9522E-07       0.0000E+00       0.0000E+00       0.0000E+00       0.0000E+00
       9.0500E-01       0.0000E+00       0.0000E+00       2.2973E-06       1.6469E-05       4.8999E-08       0.0000E+00       5.9554E-07       0.0000E+00       0.0000E+00       0.0000E+00       0.0000E+00
       9.1500E-01       0.0000E+00       0.0000E+00       2.3577E-06       1.6408E-05       4.9070E-08       0.0000E+00       5.9586E-07       0.0000E+00       0.0000E+00       0.0000E+00       0.0000E+00
       9.2500E-01       0.0000E+00       0.0000E+00       2.4183E-06       1.6347E-05       4.9141E-08       0.0000E+00       5.9618E-07       0.0000E+00       0.0000E+00       0.0000E+00       0.0000E+00
       9.3500E-01       0.0000E+00       0.0000E+00       2.4790E-06       1.6287E-05       4.9212E-08       0.0000E+00       5.9650E-07       0.0000E+00       0.0000E+00       0.0000E+00       0.0000E+00
       9.4500E-01       0.0000E+00       0.0000E+00       2.5399E-06       1.6226E-05       4.9283E-08       0.0000E+00       5.9683E-07       0.0000E+00       0.0000E+00       0.0000E+00       0.0000E+00
       9.5500E-01       0.0000E+00       0.0000E+00       2.6008E-06       1.6164E-05       4.9355E-08       0.0000E+00       5.9715E-07       0.0000E+00       0.0000E+00       0.0000E+00       0.0000E+00
       9.6500E-01       0.0000E+00       0.0000E+00       2.6617E-06       1.6103E-05       4.9426E-08       0.0000E+00       5.9747E-07       0.0000E+00       0.0000E+00       0.0000E+00       0.0000E+00
       9.7500E-01       0.0000E+00       0.0000E+00       2.7226E-06       1.6042E-05       4.9497E-08       0.0000E+00       5.9779E-07       0.0000E+00       0.0000E+00       0.0000E+00       0.0000E+00
       9.8500E-01       0.0000E+00       0.0000E+00       2.7834E-06       1.5981E-05       4.9567E-08       0.0000E+00       5.9811E-07       0.0000E+00       0.0000E+00       0.0000E+00       0.0000E+00
       9.9500E-01       0.0000E+00       0.0000E+00       2.8442E-06       1.5920E-05       4.9638E-08       0.0000E+00       5.9843E-07       0.0000E+00       0.0000E+00       0.0000E+00       0.0000E+00
       1.0050E+00       0.0000E+00       0.0000E+00       2.9048E-06       1.5859E-05       4.9709E-08       0.0000E+00       5.9875E-07       0.0000E+00       0.0000E+00       0.0000E+00       0.0000E+00
       1.0150E+00       0.0000E+00       0.0000E+00       2.9653E-06       1.5799E-05       4.9779E-08       0.0000E+00       5.9907E-07       0.0000E+00       0.0000E+00       0.0000E+00       0.0000E+00
       1.0250E+00       0.0000E+00       0.0000E+00       3.0255E-06       1.5738E-05       4.9849E-08       0.0000E+00       5.9939E-07       0.0000E+00       0.0000E+00       0.0000E+00       0.0000E+00
       1.0350E+00       0.0000E+00       0.0000E+00       3.0855E-06       1.5678E-05       4.9919E-08       0.0000E+00       5.9971E-07       0.0000E+00       0.0000E+00       0.0000E+00       0.0000E+00
       1.0450E+00       0.0000E+00       0.0000E+00       3.1452E-06       1.5618E-05       4.9988E-08       0.0000E+00       6.0002E-07       0.0000E+00       0.0000E+00       0.0000E+00       0.0000E+00
       1.0550E+00       0.0000E+00       0.0000E+00       3.2047E-06       1.5559E-05       5.0057E-08       0.0000E+00       6.0033E-07       0.0000E+00       0.0000E+00       0.0000E+00       0.0000E+00
       1.0650E+00       0.0000E+00       0.0000E+00       3.2638E-06       1.5499E-05       5.0126E-08       0.0000E+00       6.0064E-07       0.0000E+00       0.0000E+00       0.0000E+00       0.0000E+00
       1.0750E+00       0.0000E+00       0.0000E+00       3.3225E-06       1.5440E-05       5.0195E-08       0.0000E+00       6.0095E-07       0.0000E+00       0.0000E+00       0.0000E+00       0.0000E+00
       1.0850E+00       0.0000E+00       0.0000E+00       3.3808E-06       1.5382E-05       5.0263E-08       0.0000E+00       6.0126E-07       0.0000E+00       0.0000E+00       0.0000E+00       0.0000E+00
       1.0950E+00       0.0000E+00       0.0000E+00       3.4387E-06       1.5324E-05       5.0331E-08       0.0000E+00       6.0156E-07       0.0000E+00       0.0000E+00       0.0000E+00       0.0000E+00
       1.1050E+00       0.0000E+00       0.0000E+00       3.4961E-06       1.5266E-05       5.0398E-08       0.0000E+00       6.0186E-07       0.0000E+00       0.0000E+00       0.0000E+00       0.0000E+00
       1.1150E+00       0.0000E+00       0.0000E+00       3.5530E-06       1.5209E-05       5.0464E-08       0.0000E+00       6.0216E-07       0.0000E+00       0.0000E+00       0.0000E+00       0.0000E+00
       1.1250E+00       0.0000E+00       0.0000E+00       3.6094E-06       1.5153E-05       5.0531E-08       0.0000E+00       6.0245E-07       0.0000E+00       0.0000E+00       0.0000E+00       0.0000E+00
       1.1350E+00       0.0000E+00       0.0000E+00       3.6653E-06       1.5096E-05       5.0596E-08       0.0000E+00       6.0274E-07       0.0000E+00       0.0000E+00       0.0000E+00       0.0000E+00
       1.1450E+00       0.0000E+00       0.0000E+00       3.7206E-06       1.5041E-05       5.0662E-08       0.0000E+00       6.0303E-07       0.0000E+00       0.0000E+00       0.0000E+00       0.0000E+00
       1.1550E+00       0.0000E+00       0.0000E+00       3.7753E-06       1.4986E-05       5.0726E-08       0.0000E+00       6.0331E-07       0.0000E+00       0.0000E+00       0.0000E+00       0.0000E+00
       1.1650E+00       0.0000E+00       0.0000E+00       3.8295E-06       1.4932E-05       5.0790E-08       0.0000E+00       6.0360E-07       0.0000E+00       0.0000E+00       0.0000E+00       0.0000E+00
       1.1750E+00       0.0000E+00       0.0000E+00       3.8830E-06       1.4878E-05       5.0853E-08       0.0000E+00       6.0387E-07       0.0000E+00       0.0000E+00       0.0000E+00       0.0000E+00
       1.1850E+00       0.0000E+00       0.0000E+00       3.9358E-06       1.4825E-05       5.0916E-08       0.0000E+00       6.0415E-07       0.0000E+00       0.0000E+00       0.0000E+00       0.0000E+00
       1.1950E+00       0.0000E+00       0.0000E+00       3.9880E-06       1.4773E-05       5.0978E-08       0.0000E+00       6.0442E-07       0.0000E+00       0.0000E+00       0.0000E+00       0.0000E+00
       1.2050E+00       0.0000E+00       0.0000E+00       4.0396E-06       1.4721E-05       5.1039E-08       0.0000E+00       6.0468E-07       0.0000E+00       0.0000E+00       0.0000E+00       0.0000E+00
       1.2150E+00       0.0000E+00       0.0000E+00       4.0904E-06       1.4670E-05       5.1100E-08       0.0000E+00       6.0495E-07       0.0000E+00       0.0000E+00       0.0000E+00       0.0000E+00
       1.2250E+00       0.0000E+00       0.0000E+00       4.1405E-06       1.4620E-05       5.1159E-08       0.0000E+00       6.0520E-07       0.0000E+00       0.0000E+00       0.0000E+00       0.0000E+00
       1.2350E+00       0.0000E+00       0.0000E+00       4.1900E-06       1.4570E-05       5.1218E-08       0.0000E+00       6.0546E-07       0.0000E+00       0.0000E+00       0.0000E+00       0.0000E+00
       1.2450E+00       0.0000E+00       0.0000E+00       4.2387E-06       1.4521E-05       5.1276E-08       0.0000E+00       6.0571E-07       0.0000E+00       0.0000E+00       0.0000E+00       0.0000E+00
       1.2550E+00       0.0000E+00       0.0000E+00       4.2866E-06       1.4473E-05       5.1333E-08       0.0000E+00       6.0595E-07       0.0000E+00       0.0000E+00       0.0000E+00       0.0000E+00
       1.2650E+00       0.0000E+00       0.0000E+00       4.3338E-06       1.4426E-05       5.1389E-08       0.0000E+00       6.0620E-07       0.0000E+00       0.0000E+00       0.0000E+00       0.0000E+00
       1.2750E+00       0.0000E+00       0.0000E+00       4.3803E-06       1.4379E-05       5.1445E-08       0.0000E+00       6.0643E-07       0.0000E+00       0.0000E+00       0.0000E+00       0.0000E+00
       1.2850E+00       0.0000E+00       0.0000E+00       4.4260E-06       1.4333E-05       5.1499E-08       0.0000E+00       6.0667E-07       0.0000E+00       0.0000E+00       0.0000E+00       0.0000E+00
       1.2950E+00       0.0000E+00       0.0000E+00       4.4710E-06       1.4288E-05       5.1552E-08       0.0000E+00       6.0690E-07       0.0000E+00       0.0000E+00       0.0000E+00       0.0000E+00
       1.3050E+00       0.0000E+00       0.0000E+00       4.5151E-06       1.4244E-05       5.1604E-08       0.0000E+00       6.0712E-07       0.0000E+00       0.0000E+00       0.0000E+00       0.0000E+00
       1.3150E+00       0.0000E+00       0.0000E+00       4.5586E-06       1.4200E-05       5.1655E-08       0.0000E+00       6.0734E-07       0.0000E+00       0.0000E+00       0.0000E+00       0.0000E+00
       1.3250E+00       0.0000E+00       0.0000E+00       4.6012E-06       1.4158E-05       5.1705E-08       0.0000E+00       6.0755E-07       0.0000E+00       0.0000E+00       0.0000E+00       0.0000E+00
       1.3350E+00       0.0000E+00       0.0000E+00       4.6431E-06       1.4116E-05       5.1754E-08       0.0000E+00       6.0777E-07       0.0000E+00       0.0000E+00       0.0000E+00       0.0000E+00
       1.3450E+00       0.0000E+00       0.0000E+00       4.6842E-06       1.4074E-05       5.1802E-08       0.0000E+00       6.0797E-07       0.0000E+00       0.0000E+00       0.0000E+00       0.0000E+00
       1.3550E+00       0.0000E+00       0.0000E+00       4.7245E-06       1.4034E-05       5.1848E-08       0.0000E+00       6.0817E-07       0.0000E+00       0.0000E+00       0.0000E+00       0.0000E+00
       1.3650E+00       0.0000E+00       0.0000E+00       4.7641E-06       1.3994E-05       5.1893E-08       0.0000E+00       6.0837E-07       0.0000E+00       0.0000E+00       0.0000E+00       0.0000E+00
       1.3750E+00       0.0000E+00       0.0000E+00       4.8029E-06       1.3955E-05       5.1937E-08       0.0000E+00       6.0856E-07       0.0000E+00       0.0000E+00       0.0000E+00       0.0000E+00
       1.3850E+00       0.0000E+00       0.0000E+00       4.8409E-06       1.3917E-05       5.1979E-08       0.0000E+00       6.0875E-07       0.0000E+00       0.0000E+00       0.0000E+00       0.0000E+00
       1.3950E+00       0.0000E+00       0.0000E+00       4.8782E-06       1.3880E-05       5.2020E-08       0.0000E+00       6.0894E-07       0.0000E+00       0.0000E+00       0.0000E+00       0.0000E+00
       1.4050E+00       0.0000E+00       0.0000E+00       4.9147E-06       1.3843E-05       5.2060E-08       0.0000E+00       6.0912E-07       0.0000E+00       0.0000E+00       0.0000E+00       0.0000E+00
       1.4150E+00       0.0000E+00       0.0000E+00       4.9504E-06       1.3807E-05       5.2098E-08       0.0000E+00       6.0929E-07       0.0000E+00       0.0000E+00       0.0000E+00       0.0000E+00
       1.4250E+00       0.0000E+00       0.0000E+00       4.9854E-06       1.3772E-05       5.2135E-08       0.0000E+00       6.0946E-07       0.0000E+00       0.0000E+00       0.0000E+00       0.0000E+00
       1.4350E+00       0.0000E+00       0.0000E+00       5.0197E-06       1.3738E-05       5.2170E-08       0.0000E+00       6.0963E-07       0.0000E+00       0.0000E+00       0.0000E+00       0.0000E+00
       1.4450E+00       0.0000E+00       0.0000E+00       5.0532E-06       1.3704E-05       5.2203E-08       0.0000E+00       6.0979E-07       0.0000E+00       0.0000E+00       0.0000E+00       0.0000E+00
       1.4550E+00       0.0000E+00       0.0000E+00       5.0860E-06       1.3671E-05       5.2235E-08       0.0000E+00       6.0995E-07       0.0000E+00       0.0000E+00       0.0000E+00       0.0000E+00
       1.4650E+00       0.0000E+00       0.0000E+00       5.1181E-06       1.3639E-05       5.2264E-08       0.0000E+00       6.1010E-07       0.0000E+00       0.0000E+00       0.0000E+00       0.0000E+00
       1.4750E+00       0.0000E+00       0.0000E+00       5.1494E-06       1.3608E-05       5.2293E-08       0.0000E+00       6.1025E-07       0.0000E+00       0.0000E+00       0.0000E+00       0.0000E+00
       1.4850E+00       0.0000E+00       0.0000E+00       5.1801E-06       1.3577E-05       5.2319E-08       0.0000E+00       6.1039E-07       0.0000E+00       0.0000E+00       0.0000E+00       0.0000E+00
       1.4950E+00       0.0000E+00       0.0000E+00       5.2100E-06       1.3547E-05       5.2343E-08       0.0000E+00       6.1053E-07       0.0000E+00       0.0000E+00       0.0000E+00       0.0000E+00
       1.5050E+00       0.0000E+00       0.0000E+00       5.2392E-06       1.3518E-05       5.2366E-08       0.0000E+00       6.1066E-07       0.0000E+00       0.0000E+00       0.0000E+00       0.0000E+00
       1.5150E+00       0.0000E+00       0.0000E+00       5.2678E-06       1.3489E-05       5.2386E-08       0.0000E+00       6.1079E-07       0.0000E+00       0.0000E+00       0.0000E+00       0.0000E+00
       1.5250E+00       0.0000E+00       0.0000E+00       5.2957E-06       1.3461E-05       5.2405E-08       0.0000E+00       6.1092E-07       0.0000E+00       0.0000E+00       0.0000E+00       0.0000E+00
       1.5350E+00       0.0000E+00       0.0000E+00       5.3229E-06       1.3434E-05       5.2421E-08       0.0000E+00       6.1104E-07       0.0000E+00       0.0000E+00       0.0000E+00       0.0000E+00
       1.5450E+00       0.0000E+00       0.0000E+00       5.3494E-06       1.3407E-05       5.2435E-08       0.0000E+00       6.1116E-07       0.0000E+00       0.0000E+00       0.0000E+00       0.0000E+00
       1.5550E+00       0.0000E+00       0.0000E+00       5.3754E-06       1.3381E-05       5.2447E-08       0.0000E+00       6.1127E-07       0.0000E+00       0.0000E+00       0.0000E+00       0.0000E+00
       1.5650E+00       0.0000E+00       0.0000E+00       5.4006E-06       1.3356E-05       5.2457E-08       0.0000E+00       6.1138E-07       0.0000E+00       0.0000E+00       0.0000E+00       0.0000E+00
       1.5750E+00       0.0000E+00       0.0000E+00       5.4253E-06       1.3331E-05       5.2464E-08       0.0000E+00       6.1149E-07       0.0000E+00       0.0000E+00       0.0000E+00       0.0000E+00
       1.5850E+00       0.0000E+00       0.0000E+00       5.4493E-06       1.3307E-05       5.2469E-08       0.0000E+00       6.1159E-07       0.0000E+00       0.0000E+00       0.0000E+00       0.0000E+00
       1.5950E+00       0.0000E+00       0.0000E+00       5.4727E-06       1.3284E-05       5.2471E-08       0.0000E+00       6.1169E-07       0.0000E+00       0.0000E+00       0.0000E+00       0.0000E+00
       1.6050E+00       0.0000E+00       0.0000E+00       5.4955E-06       1.3261E-05       5.2471E-08       0.0000E+00       6.1178E-07       0.0000E+00       0.0000E+00       0.0000E+00       0.0000E+00
       1.6150E+00       0.0000E+00       0.0000E+00       5.5177E-06       1.3239E-05       5.2469E-08       0.0000E+00       6.1187E-07       0.0000E+00       0.0000E+00       0.0000E+00       0.0000E+00
       1.6250E+00       0.0000E+00       0.0000E+00       5.5394E-06       1.3217E-05       5.2463E-08       0.0000E+00       6.1195E-07       0.0000E+00       0.0000E+00       0.0000E+00       0.0000E+00
       1.6350E+00       0.0000E+00       0.0000E+00       5.5604E-06       1.3196E-05       5.2455E-08       0.0000E+00       6.1203E-07       0.0000E+00       0.0000E+00       0.0000E+00       0.0000E+00
       1.6450E+00       0.0000E+00       0.0000E+00       5.5809E-06       1.3175E-05       5.2445E-08       0.0000E+00       6.1211E-07       0.0000E+00       0.0000E+00       0.0000E+00       0.0000E+00
       1.6550E+00       0.0000E+00       0.0000E+00       5.6009E-06       1.3155E-05       5.2431E-08       0.0000E+00       6.1218E-07       0.0000E+00       0.0000E+00       0.0000E+00       0.0000E+00
       1.6650E+00       0.0000E+00       0.0000E+00       5.6203E-06       1.3136E-05       5.2414E-08       0.0000E+00       6.1225E-07       0.0000E+00       0.0000E+00       0.0000E+00       0.0000E+00
       1.6750E+00       0.0000E+00       0.0000E+00       5.6392E-06       1.3117E-05       5.2395E-08       0.0000E+00       6.1232E-07       0.0000E+00       0.0000E+00       0.0000E+00       0.0000E+00
       1.6850E+00       0.0000E+00       0.0000E+00       5.6576E-06       1.3098E-05       5.2372E-08       0.0000E+00       6.1238E-07       0.0000E+00       0.0000E+00       0.0000E+00       0.0000E+00
       1.6950E+00       0.0000E+00       0.0000E+00       5.6755E-06       1.3081E-05       5.2346E-08       0.0000E+00       6.1243E-07       0.0000E+00       0.0000E+00       0.0000E+00       0.0000E+00
       1.7050E+00       0.0000E+00       0.0000E+00       5.6929E-06       1.3063E-05       5.2318E-08       0.0000E+00       6.1249E-07       0.0000E+00       0.0000E+00       0.0000E+00       0.0000E+00
       1.7150E+00       0.0000E+00       0.0000E+00       5.7098E-06       1.3046E-05       5.2285E-08       0.0000E+00       6.1254E-07       0.0000E+00       0.0000E+00       0.0000E+00       0.0000E+00
       1.7250E+00       0.0000E+00       0.0000E+00       5.7262E-06       1.3030E-05       5.2250E-08       0.0000E+00       6.1258E-07       0.0000E+00       0.0000E+00       0.0000E+00       0.0000E+00
       1.7350E+00       0.0000E+00       0.0000E+00       5.7421E-06       1.3014E-05       5.2211E-08       0.0000E+00       6.1262E-07       0.0000E+00       0.0000E+00       0.0000E+00       0.0000E+00
       1.7450E+00       0.0000E+00       0.0000E+00       5.7576E-06       1.2998E-05       5.2169E-08       0.0000E+00       6.1266E-07       0.0000E+00       0.0000E+00       0.0000E+00       0.0000E+00
       1.7550E+00       0.0000E+00       0.0000E+00       5.7726E-06       1.2983E-05       5.2123E-08       0.0000E+00       6.1269E-07       0.0000E+00       0.0000E+00       0.0000E+00       0.0000E+00
       1.7650E+00       0.0000E+00       0.0000E+00       5.7872E-06       1.2969E-05       5.2074E-08       0.0000E+00       6.1272E-07       0.0000E+00       0.0000E+00       0.0000E+00       0.0000E+00
       1.7750E+00       0.0000E+00       0.0000E+00       5.8014E-06       1.2955E-05       5.2021E-08       0.0000E+00       6.1275E-07       0.0000E+00       0.0000E+00       0.0000E+00       0.0000E+00
       1.7850E+00       0.0000E+00       0.0000E+00       5.8151E-06       1.2941E-05       5.1965E-08       0.0000E+00       6.1277E-07       0.0000E+00       0.0000E+00       0.0000E+00       0.0000E+00
       1.7950E+00       0.0000E+00       0.0000E+00       5.8284E-06       1.2928E-05       5.1904E-08       0.0000E+00       6.1279E-07       0.0000E+00       0.0000E+00       0.0000E+00       0.0000E+00
       1.8050E+00       0.0000E+00       0.0000E+00       5.8414E-06       1.2915E-05       5.1840E-08       0.0000E+00       6.1281E-07       0.0000E+00       0.0000E+00       0.0000E+00       0.0000E+00
       1.8150E+00       0.0000E+00       0.0000E+00       5.8539E-06       1.2902E-05       5.1772E-08       0.0000E+00       6.1282E-07       0.0000E+00       0.0000E+00       0.0000E+00       0.0000E+00
       1.8250E+00       0.0000E+00       0.0000E+00       5.8660E-06       1.2890E-05       5.1700E-08       0.0000E+00       6.1283E-07       0.0000E+00       0.0000E+00       0.0000E+00       0.0000E+00
       1.8350E+00       0.0000E+00       0.0000E+00       5.8778E-06       1.2878E-05       5.1625E-08       0.0000E+00       6.1283E-07       0.0000E+00       0.0000E+00       0.0000E+00       0.0000E+00
       1.8450E+00       0.0000E+00       0.0000E+00       5.8892E-06       1.2867E-05       5.1545E-08       0.0000E+00       6.1283E-07       0.0000E+00       0.0000E+00       0.0000E+00       0.0000E+00
       1.8550E+00       0.0000E+00       0.0000E+00       5.9003E-06       1.2856E-05       5.1461E-08       0.0000E+00       6.1283E-07       0.0000E+00       0.0000E+00       0.0000E+00       0.0000E+00
       1.8650E+00       0.0000E+00       0.0000E+00       5.9110E-06       1.2845E-05       5.1373E-08       0.0000E+00       6.1282E-07       0.0000E+00       0.0000E+00       0.0000E+00       0.0000E+00
       1.8750E+00       0.0000E+00       0.0000E+00       5.9213E-06       1.2835E-05       5.1281E-08       0.0000E+00       6.1281E-07       0.0000E+00       0.0000E+00       0.0000E+00       0.0000E+00
       1.8850E+00       0.0000E+00       0.0000E+00       5.9314E-06       1.2825E-05       5.1184E-08       0.0000E+00       6.1280E-07       0.0000E+00       0.0000E+00       0.0000E+00       0.0000E+00
       1.8950E+00       0.0000E+00       0.0000E+00       5.9411E-06       1.2815E-05       5.1084E-08       0.0000E+00       6.1278E-07       0.0000E+00       0.0000E+00       0.0000E+00       0.0000E+00
       1.9050E+00       0.0000E+00       0.0000E+00       5.9505E-06       1.2806E-05       5.0979E-08       0.0000E+00       6.1276E-07       0.0000E+00       0.0000E+00       0.0000E+00       0.0000E+00
       1.9150E+00       0.0000E+00       0.0000E+00       5.9595E-06       1.2797E-05       5.0869E-08       0.0000E+00       6.1274E-07       0.0000E+00       0.0000E+00       0.0000E+00       0.0000E+00
       1.9250E+00       0.0000E+00       0.0000E+00       5.9683E-06       1.2788E-05       5.0756E-08       0.0000E+00       6.1271E-07       0.0000E+00       0.0000E+00       0.0000E+00       0.0000E+00
       1.9350E+00       0.0000E+00       0.0000E+00       5.9768E-06       1.2780E-05       5.0638E-08       0.0000E+00       6.1268E-07       0.0000E+00       0.0000E+00       0.0000E+00       0.0000E+00
       1.9450E+00       0.0000E+00       0.0000E+00       5.9850E-06       1.2772E-05       5.0515E-08       0.0000E+00       6.1265E-07       0.0000E+00       0.0000E+00       0.0000E+00       0.0000E+00
       1.9550E+00       0.0000E+00       0.0000E+00       5.9930E-06       1.2764E-05       5.0389E-08       0.0000E+00       6.1261E-07       0.0000E+00       0.0000E+00       0.0000E+00       0.0000E+00
       1.9650E+00       0.0000E+00       0.0000E+00       6.0007E-06       1.2756E-05       5.0257E-08       0.0000E+00       6.1257E-07       0.0000E+00       0.0000E+00       0.0000E+00       0.0000E+00
       1.9750E+00       0.0000E+00       0.0000E+00       6.0081E-06       1.2749E-05       5.0121E-08       0.0000E+00       6.1253E-07       0.0000E+00       0.0000E+00       0.0000E+00       0.0000E+00
       1.9850E+00       0.0000E+00       0.0000E+00       6.0152E-06       1.2742E-05       4.9981E-08       0.0000E+00       6.1248E-07       0.0000E+00       0.0000E+00       0.0000E+00       0.0000E+00
       1.9950E+00       0.0000E+00       0.0000E+00       6.0221E-06       1.2735E-05       4.9836E-08       0.0000E+00       6.1243E-07       0.0000E+00       0.0000E+00       0.0000E+00       0.0000E+00
       2.0050E+00       0.0000E+00       0.0000E+00       6.0288E-06       1.2729E-05       4.9687E-08       0.0000E+00       6.1238E-07       0.0000E+00       0.0000E+00       0.0000E+00       0.0000E+00
       2.0150E+00       0.0000E+00       0.0000E+00       6.0353E-06       1.2722E-05       4.9533E-08       0.0000E+00       6.1232E-07       0.0000E+00       0.0000E+00       0.0000E+00       0.0000E+00
       2.0250E+00       0.0000E+00       0.0000E+00       6.0415E-06       1.2716E-05       4.9374E-08       0.0000E+00       6.1226E-07       0.0000E+00       0.0000E+00       0.0000E+00       0.0000E+00
       2.0350E+00       0.0000E+00       0.0000E+00       6.0475E-06       1.2710E-05       4.9211E-08       0.0000E+00       6.1220E-07       0.0000E+00       0.0000E+00       0.0000E+00       0.0000E+00
       2.0450E+00       0.0000E+00       0.0000E+00       6.0533E-06       1.2705E-05       4.9043E-08       0.0000E+00       6.1213E-07       0.0000E+00       0.0000E+00       0.0000E+00       0.0000E+00
       2.0550E+00       0.0000E+00       0.0000E+00       6.0588E-06       1.2699E-05       4.8871E-08       0.0000E+00       6.1207E-07       0.0000E+00       0.0000E+00       0.0000E+00       0.0000E+00
       2.0650E+00       0.0000E+00       0.0000E+00       6.0642E-06       1.2694E-05       4.8694E-08       0.0000E+00       6.1199E-07       0.0000E+00       0.0000E+00       0.0000E+00       0.0000E+00
       2.0750E+00       0.0000E+00       0.0000E+00       6.0694E-06       1.2689E-05       4.8513E-08       0.0000E+00       6.1192E-07       0.0000E+00       0.0000E+00       0.0000E+00       0.0000E+00
       2.0850E+00       0.0000E+00       0.0000E+00       6.0744E-06       1.2684E-05       4.8327E-08       0.0000E+00       6.1184E-07       0.0000E+00       0.0000E+00       0.0000E+00       0.0000E+00
       2.0950E+00       0.0000E+00       0.0000E+00       6.0792E-06       1.2679E-05       4.8137E-08       0.0000E+00       6.1176E-07       0.0000E+00       0.0000E+00       0.0000E+00       0.0000E+00
       2.1050E+00       0.0000E+00       0.0000E+00       6.0839E-06       1.2675E-05       4.7943E-08       0.0000E+00       6.1168E-07       0.0000E+00       0.0000E+00       0.0000E+00       0.0000E+00
       2.1150E+00       0.0000E+00       0.0000E+00       6.0883E-06       1.2670E-05       4.7743E-08       0.0000E+00       6.1159E-07       0.0000E+00       0.0000E+00       0.0000E+00       0.0000E+00
       2.1250E+00       0.0000E+00       0.0000E+00       6.0926E-06       1.2666E-05       4.7540E-08       0.0000E+00       6.1150E-07       0.0000E+00       0.0000E+00       0.0000E+00       0.0000E+00
       2.1350E+00       0.0000E+00       0.0000E+00       6.0968E-06       1.2662E-05       4.7332E-08       0.0000E+00       6.1141E-07       0.0000E+00       0.0000E+00       0.0000E+00       0.0000E+00
       2.1450E+00       0.0000E+00       0.0000E+00       6.1008E-06       1.2658E-05       4.7120E-08       0.0000E+00       6.1132E-07       0.0000E+00       0.0000E+00       0.0000E+00       0.0000E+00
       2.1550E+00       0.0000E+00       0.0000E+00       6.1046E-06       1.2655E-05       4.6903E-08       0.0000E+00       6.1122E-07       0.0000E+00       0.0000E+00       0.0000E+00       0.0000E+00
       2.1650E+00       0.0000E+00       0.0000E+00       6.1083E-06       1.2651E-05       4.6682E-08       0.0000E+00       6.1112E-07       0.0000E+00       0.0000E+00       0.0000E+00       0.0000E+00
       2.1750E+00       0.0000E+00       0.0000E+00       6.1118E-06       1.2648E-05       4.6458E-08       0.0000E+00       6.1102E-07       0.0000E+00       0.0000E+00       0.0000E+00       0.0000E+00
       2.1850E+00       0.0000E+00       0.0000E+00       6.1152E-06       1.2645E-05       4.6228E-08       0.0000E+00       6.1091E-07       0.0000E+00       0.0000E+00       0.0000E+00       0.0000E+00
       2.1950E+00       0.0000E+00       0.0000E+00       6.1185E-06       1.2642E-05       4.5995E-08       0.0000E+00       6.1080E-07       0.0000E+00       0.0000E+00       0.0000E+00       0.0000E+00
       2.2050E+00       0.0000E+00       0.0000E+00       6.1217E-06       1.2639E-05       4.5758E-08       0.0000E+00       6.1069E-07       0.0000E+00       0.0000E+00       0.0000E+00       0.0000E+00
       2.2150E+00       0.0000E+00       0.0000E+00       6.1247E-06       1.2636E-05       4.5517E-08       0.0000E+00       6.1058E-07       0.0000E+00       0.0000E+00       0.0000E+00       0.0000E+00
       2.2250E+00       0.0000E+00       0.0000E+00       6.1276E-06       1.2633E-05       4.5272E-08       0.0000E+00       6.1047E-07       0.0000E+00       0.0000E+00       0.0000E+00       0.0000E+00
       2.2350E+00       0.0000E+00       0.0000E+00       6.1304E-06       1.2630E-05       4.5023E-08       0.0000E+00       6.1035E-07       0.0000E+00       0.0000E+00       0.0000E+00       0.0000E+00
       2.2450E+00       0.0000E+00       0.0000E+00       6.1331E-06       1.2628E-05       4.4771E-08       0.0000E+00       6.1023E-07       0.0000E+00       0.0000E+00       0.0000E+00       0.0000E+00
       2.2550E+00       0.0000E+00       0.0000E+00       6.1357E-06       1.2625E-05       4.4515E-08       0.0000E+00       6.1011E-07       0.0000E+00       0.0000E+00       0.0000E+00       0.0000E+00
       2.2650E+00       0.0000E+00       0.0000E+00       6.1382E-06       1.2623E-05       4.4255E-08       0.0000E+00       6.0998E-07       0.0000E+00       0.0000E+00       0.0000E+00       0.0000E+00
       2.2750E+00       0.0000E+00       0.0000E+00       6.1406E-06       1.2621E-05       4.3992E-08       0.0000E+00       6.0986E-07       0.0000E+00       0.0000E+00       0.0000E+00       0.0000E+00
       2.2850E+00       0.0000E+00       0.0000E+00       6.1429E-06       1.2619E-05       4.3725E-08       0.0000E+00       6.0973E-07       0.0000E+00       0.0000E+00       0.0000E+00       0.0000E+00
       2.2950E+00       0.0000E+00       0.0000E+00       6.1451E-06       1.2617E-05       4.3455E-08       0.0000E+00       6.0960E-07       0.0000E+00       0.0000E+00       0.0000E+00       0.0000E+00
       2.3050E+00       0.0000E+00       0.0000E+00       6.1472E-06       1.2615E-05       4.3182E-08       0.0000E+00       6.0947E-07       0.0000E+00       0.0000E+00       0.0000E+00       0.0000E+00
       2.3150E+00       0.0000E+00       0.0000E+00       6.1492E-06       1.2613E-05       4.2906E-08       0.0000E+00       6.0933E-07       0.0000E+00       0.0000E+00       0.0000E+00       0.0000E+00
       2.3250E+00       0.0000E+00       0.0000E+00       6.1512E-06       1.2611E-05       4.2627E-08       0.0000E+00       6.0920E-07       0.0000E+00       0.0000E+00       0.0000E+00       0.0000E+00
       2.3350E+00       0.0000E+00       0.0000E+00       6.1530E-06       1.2610E-05       4.2345E-08       0.0000E+00       6.0906E-07       0.0000E+00       0.0000E+00       0.0000E+00       0.0000E+00
       2.3450E+00       0.0000E+00       0.0000E+00       6.1548E-06       1.2608E-05       4.2060E-08       0.0000E+00       6.0892E-07       0.0000E+00       0.0000E+00       0.0000E+00       0.0000E+00
       2.3550E+00       0.0000E+00       0.0000E+00       6.1566E-06       1.2607E-05       4.1772E-08       0.0000E+00       6.0878E-07       0.0000E+00       0.0000E+00       0.0000E+00       0.0000E+00
       2.3650E+00       0.0000E+00       0.0000E+00       6.1582E-06       1.2605E-05       4.1482E-08       0.0000E+00       6.0863E-07       0.0000E+00       0.0000E+00       0.0000E+00       0.0000E+00
       2.3750E+00       0.0000E+00       0.0000E+00       6.1598E-06       1.2604E-05       4.1190E-08       0.0000E+00       6.0849E-07       0.0000E+00       0.0000E+00       0.0000E+00       0.0000E+00
       2.3850E+00       0.0000E+00       0.0000E+00       6.1613E-06       1.2603E-05       4.0895E-08       0.0000E+00       6.0834E-07       0.0000E+00       0.0000E+00       0.0000E+00       0.0000E+00
       2.3950E+00       0.0000E+00       0.0000E+00       6.1628E-06       1.2601E-05       4.0597E-08       0.0000E+00       6.0819E-07       0.0000E+00       0.0000E+00       0.0000E+00       0.0000E+00
       2.4050E+00       0.0000E+00       0.0000E+00       6.1641E-06       1.2600E-05       4.0298E-08       0.0000E+00       6.0804E-07       0.0000E+00       0.0000E+00       0.0000E+00       0.0000E+00
       2.4150E+00       0.0000E+00       0.0000E+00       6.1655E-06       1.2599E-05       3.9997E-08       0.0000E+00       6.0789E-07       0.0000E+00       0.0000E+00       0.0000E+00       0.0000E+00
       2.4250E+00       0.0000E+00       0.0000E+00       6.1668E-06       1.2598E-05       3.9693E-08       0.0000E+00       6.0774E-07       0.0000E+00       0.0000E+00       0.0000E+00       0.0000E+00
       2.4350E+00       0.0000E+00       0.0000E+00       6.1680E-06       1.2597E-05       3.9388E-08       0.0000E+00       6.0759E-07       0.0000E+00       0.0000E+00       0.0000E+00       0.0000E+00
       2.4450E+00       0.0000E+00       0.0000E+00       6.1691E-06       1.2596E-05       3.9082E-08       0.0000E+00       6.0743E-07       0.0000E+00       0.0000E+00       0.0000E+00       0.0000E+00
       2.4550E+00       0.0000E+00       0.0000E+00       6.1703E-06       1.2595E-05       3.8773E-08       0.0000E+00       6.0727E-07       0.0000E+00       0.0000E+00       0.0000E+00       0.0000E+00
       2.4650E+00       0.0000E+00       0.0000E+00       6.1713E-06       1.2594E-05       3.8464E-08       0.0000E+00       6.0712E-07       0.0000E+00       0.0000E+00       0.0000E+00       0.0000E+00
       2.4750E+00       0.0000E+00       0.0000E+00       6.1724E-06       1.2594E-05       3.8153E-08       0.0000E+00       6.0696E-07       0.0000E+00       0.0000E+00       0.0000E+00       0.0000E+00
       2.4850E+00       0.0000E+00       0.0000E+00       6.1733E-06       1.2593E-05       3.7841E-08       0.0000E+00       6.0680E-07       0.0000E+00       0.0000E+00       0.0000E+00       0.0000E+00
       2.4950E+00       0.0000E+00       0.0000E+00       6.1743E-06       1.2592E-05       3.7528E-08       0.0000E+00       6.0663E-07       0.0000E+00       0.0000E+00       0.0000E+00       0.0000E+00
       2.5050E+00       0.0000E+00       0.0000E+00       6.1752E-06       1.2591E-05       3.7214E-08       0.0000E+00       6.0647E-07       0.0000E+00       0.0000E+00       0.0000E+00       0.0000E+00
       2.5150E+00       0.0000E+00       0.0000E+00       6.1760E-06       1.2591E-05       3.6900E-08       0.0000E+00       6.0631E-07       0.0000E+00       0.0000E+00       0.0000E+00       0.0000E+00
       2.5250E+00       0.0000E+00       0.0000E+00       6.1768E-06       1.2590E-05       3.6584E-08       0.0000E+00       6.0614E-07       0.0000E+00       0.0000E+00       0.0000E+00       0.0000E+00
       2.5350E+00       0.0000E+00       0.0000E+00       6.1776E-06       1.2590E-05       3.6269E-08       0.0000E+00       6.0598E-07       0.0000E+00       0.0000E+00       0.0000E+00       0.0000E+00
       2.5450E+00       0.0000E+00       0.0000E+00       6.1784E-06       1.2589E-05       3.5952E-08       0.0000E+00       6.0581E-07       0.0000E+00       0.0000E+00       0.0000E+00       0.0000E+00
       2.5550E+00       0.0000E+00       0.0000E+00       6.1791E-06       1.2589E-05       3.5636E-08       0.0000E+00       6.0564E-07       0.0000E+00       0.0000E+00       0.0000E+00       0.0000E+00
       2.5650E+00       0.0000E+00       0.0000E+00       6.1797E-06       1.2588E-05       3.5320E-08       0.0000E+00       6.0548E-07       0.0000E+00       0.0000E+00       0.0000E+00       0.0000E+00
       2.5750E+00       0.0000E+00       0.0000E+00       6.1804E-06       1.2588E-05       3.5003E-08       0.0000E+00       6.0531E-07       0.0000E+00       0.0000E+00       0.0000E+00       0.0000E+00
       2.5850E+00       0.0000E+00       0.0000E+00       6.1810E-06       1.2588E-05       3.4687E-08       0.0000E+00       6.0514E-07       0.0000E+00       0.0000E+00       0.0000E+00       0.0000E+00
       2.5950E+00       0.0000E+00       0.0000E+00       6.1815E-06       1.2587E-05       3.4371E-08       0.0000E+00       6.0497E-07       0.0000E+00       0.0000E+00       0.0000E+00       0.0000E+00
       2.6050E+00       0.0000E+00       0.0000E+00       6.1821E-06       1.2587E-05       3.4055E-08       0.0000E+00       6.0479E-07       0.0000E+00       0.0000E+00       0.0000E+00       0.0000E+00
       2.6150E+00       0.0000E+00       0.0000E+00       6.1826E-06       1.2587E-05       3.3740E-08       0.0000E+00       6.0462E-07       0.0000E+00       0.0000E+00       0.0000E+00       0.0000E+00
       2.6250E+00       0.0000E+00       0.0000E+00       6.1831E-06       1.2586E-05       3.3425E-08       0.0000E+00       6.0445E-07       0.0000E+00       0.0000E+00       0.0000E+00       0.0000E+00
       2.6350E+00       0.0000E+00       0.0000E+00       6.1835E-06       1.2586E-05       3.3112E-08       0.0000E+00       6.0428E-07       0.0000E+00       0.0000E+00       0.0000E+00       0.0000E+00
       2.6450E+00       0.0000E+00       0.0000E+00       6.1839E-06       1.2586E-05       3.2799E-08       0.0000E+00       6.0410E-07       0.0000E+00       0.0000E+00       0.0000E+00       0.0000E+00
       2.6550E+00       0.0000E+00       0.0000E+00       6.1843E-06       1.2586E-05       3.2487E-08       0.0000E+00       6.0393E-07       0.0000E+00       0.0000E+00       0.0000E+00       0.0000E+00
       2.6650E+00       0.0000E+00       0.0000E+00       6.1847E-06       1.2586E-05       3.2176E-08       0.0000E+00       6.0375E-07       0.0000E+00       0.0000E+00       0.0000E+00       0.0000E+00
       2.6750E+00       0.0000E+00       0.0000E+00       6.1850E-06       1.2586E-05       3.1866E-08       0.0000E+00       6.0358E-07       0.0000E+00       0.0000E+00       0.0000E+00       0.0000E+00
       2.6850E+00       0.0000E+00       0.0000E+00       6.1853E-06       1.2586E-05       3.1558E-08       0.0000E+00       6.0340E-07       0.0000E+00       0.0000E+00       0.0000E+00       0.0000E+00
       2.6950E+00       0.0000E+00       0.0000E+00       6.1856E-06       1.2586E-05       3.1251E-08       0.0000E+00       6.0322E-07       0.0000E+00       0.0000E+00       0.0000E+00       0.0000E+00
       2.7050E+00       0.0000E+00       0.0000E+00       6.1859E-06       1.2586E-05       3.0946E-08       0.0000E+00       6.0304E-07       0.0000E+00       0.0000E+00       0.0000E+00       0.0000E+00
       2.7150E+00       0.0000E+00       0.0000E+00       6.1861E-06       1.2586E-05       3.0642E-08       0.0000E+00       6.0287E-07       0.0000E+00       0.0000E+00       0.0000E+00       0.0000E+00
       2.7250E+00       0.0000E+00       0.0000E+00       6.1863E-06       1.2586E-05       3.0340E-08       0.0000E+00       6.0269E-07       0.0000E+00       0.0000E+00       0.0000E+00       0.0000E+00
       2.7350E+00       0.0000E+00       0.0000E+00       6.1865E-06       1.2586E-05       3.0040E-08       0.0000E+00       6.0251E-07       0.0000E+00       0.0000E+00       0.0000E+00       0.0000E+00
       2.7450E+00       0.0000E+00       0.0000E+00       6.1866E-06       1.2586E-05       2.9742E-08       0.0000E+00       6.0233E-07       0.0000E+00       0.0000E+00       0.0000E+00       0.0000E+00
       2.7550E+00       0.0000E+00       0.0000E+00       6.1867E-06       1.2586E-05       2.9446E-08       0.0000E+00       6.0215E-07       0.0000E+00       0.0000E+00       0.0000E+00       0.0000E+00
       2.7650E+00       0.0000E+00       0.0000E+00       6.1868E-06       1.2586E-05       2.9153E-08       0.0000E+00       6.0197E-07       0.0000E+00       0.0000E+00       0.0000E+00       0.0000E+00
       2.7750E+00       0.0000E+00       0.0000E+00       6.1868E-06       1.2586E-05       2.8861E-08       0.0000E+00       6.0179E-07       0.0000E+00       0.0000E+00       0.0000E+00       0.0000E+00
       2.7850E+00       0.0000E+00       0.0000E+00       6.1869E-06       1.2586E-05       2.8572E-08       0.0000E+00       6.0160E-07       0.0000E+00       0.0000E+00       0.0000E+00       0.0000E+00
       2.7950E+00       0.0000E+00       0.0000E+00       6.1869E-06       1.2587E-05       2.8285E-08       0.0000E+00       6.0142E-07       0.0000E+00       0.0000E+00       0.0000E+00       0.0000E+00
       2.8050E+00       0.0000E+00       0.0000E+00       6.1868E-06       1.2587E-05       2.8001E-08       0.0000E+00       6.0124E-07       0.0000E+00       0.0000E+00       0.0000E+00       0.0000E+00
       2.8150E+00       0.0000E+00       0.0000E+00       6.1867E-06       1.2587E-05       2.7719E-08       0.0000E+00       6.0105E-07       0.0000E+00       0.0000E+00       0.0000E+00       0.0000E+00
       2.8250E+00       0.0000E+00       0.0000E+00       6.1866E-06       1.2588E-05       2.7440E-08       0.0000E+00       6.0087E-07       0.0000E+00       0.0000E+00       0.0000E+00       0.0000E+00
       2.8350E+00       0.0000E+00       0.0000E+00       6.1865E-06       1.2588E-05       2.7164E-08       0.0000E+00       6.0068E-07       0.0000E+00       0.0000E+00       0.0000E+00       0.0000E+00
       2.8450E+00       0.0000E+00       0.0000E+00       6.1863E-06       1.2588E-05       2.6891E-08       0.0000E+00       6.0050E-07       0.0000E+00       0.0000E+00       0.0000E+00       0.0000E+00
       2.8550E+00       0.0000E+00       0.0000E+00       6.1861E-06       1.2589E-05       2.6621E-08       0.0000E+00       6.0031E-07       0.0000E+00       0.0000E+00       0.0000E+00       0.0000E+00
       2.8650E+00       0.0000E+00       0.0000E+00       6.1859E-06       1.2589E-05       2.6354E-08       0.0000E+00       6.0013E-07       0.0000E+00       0.0000E+00       0.0000E+00       0.0000E+00
       2.8750E+00       0.0000E+00       0.0000E+00       6.1856E-06       1.2590E-05       2.6090E-08       0.0000E+00       5.9994E-07       0.0000E+00       0.0000E+00       0.0000E+00       0.0000E+00
       2.8850E+00       0.0000E+00       0.0000E+00       6.1853E-06       1.2590E-05       2.5830E-08       0.0000E+00       5.9975E-07       0.0000E+00       0.0000E+00       0.0000E+00       0.0000E+00
       2.8950E+00       0.0000E+00       0.0000E+00       6.1850E-06       1.2591E-05       2.5573E-08       0.0000E+00       5.9956E-07       0.0000E+00       0.0000E+00       0.0000E+00       0.0000E+00
       2.9050E+00       0.0000E+00       0.0000E+00       6.1846E-06       1.2591E-05       2.5321E-08       0.0000E+00       5.9938E-07       0.0000E+00       0.0000E+00       0.0000E+00       0.0000E+00
       2.9150E+00       0.0000E+00       0.0000E+00       6.1842E-06       1.2592E-05       2.5073E-08       0.0000E+00       5.9919E-07       0.0000E+00       0.0000E+00       0.0000E+00       0.0000E+00
       2.9250E+00       0.0000E+00       0.0000E+00       6.1838E-06       1.2593E-05       2.4831E-08       0.0000E+00       5.9900E-07       0.0000E+00       0.0000E+00       0.0000E+00       0.0000E+00
       2.9350E+00       0.0000E+00       0.0000E+00       6.1833E-06       1.2593E-05       2.4596E-08       0.0000E+00       5.9882E-07       0.0000E+00       0.0000E+00       0.0000E+00       0.0000E+00
       2.9450E+00       0.0000E+00       0.0000E+00       6.1828E-06       1.2594E-05       2.4370E-08       0.0000E+00       5.9864E-07       0.0000E+00       0.0000E+00       0.0000E+00       0.0000E+00
       2.9550E+00       0.0000E+00       0.0000E+00       6.1823E-06       1.2595E-05       2.4155E-08       0.0000E+00       5.9847E-07       0.0000E+00       0.0000E+00       0.0000E+00       0.0000E+00
       2.9650E+00       0.0000E+00       0.0000E+00       6.1819E-06       1.2595E-05       2.3958E-08       0.0000E+00       5.9831E-07       0.0000E+00       0.0000E+00       0.0000E+00       0.0000E+00
       2.9750E+00       0.0000E+00       0.0000E+00       6.1815E-06       1.2596E-05       2.3785E-08       0.0000E+00       5.9817E-07       0.0000E+00       0.0000E+00       0.0000E+00       0.0000E+00
       2.9850E+00       0.0000E+00       0.0000E+00       6.1811E-06       1.2596E-05       2.3649E-08       0.0000E+00       5.9806E-07       0.0000E+00       0.0000E+00       0.0000E+00       0.0000E+00
       2.9950E+00       0.0000E+00       0.0000E+00       6.1809E-06       1.2597E-05       2.3566E-08       0.0000E+00       5.9799E-07       0.0000E+00       0.0000E+00       0.0000E+00       0.0000E+00
