# Time          3.0000E+01
# Units: Mol/g solid
    Distance           H+               CO2(aq)          Mg++             Ca++             K+               SiO2(aq)         Na+              Al+++            Cl-              NO3-             Tracer       
       5.0000E-03       0.0000E+00       0.0000E+00       3.8888E-11       8.1379E-11       2.9789E-13       0.0000E+00       3.9451E-12       0.0000E+00       0.0000E+00       0.0000E+00       0.0000E+00
       1.5000E-02       0.0000E+00       0.0000E+00       3.6593E-11       8.3680E-11       2.9727E-13       0.0000E+00       3.9332E-12       0.0000E+00       0.0000E+00       0.0000E+00       0.0000E+00
       2.5000E-02       0.0000E+00       0.0000E+00       3.3723E-11       8.6557E-11       2.9641E-13       0.0000E+00       3.9184E-12       0.0000E+00       0.0000E+00       0.0000E+00       0.0000E+00
       3.5000E-02       0.0000E+00       0.0000E+00       3.0441E-11       8.9848E-11       2.9538E-13       0.0000E+00       3.9013E-12       0.0000E+00       0.0000E+00       0.0000E+00       0.0000E+00
       4.5000E-02       0.0000E+00       0.0000E+00       2.6951E-11       9.3348E-11       2.9425E-13       0.0000E+00       3.8830E-12       0.0000E+00       0.0000E+00       0.0000E+00       0.0000E+00
       5.5000E-02       0.0000E+00       0.0000E+00       2.3458E-11       9.6851E-11       2.9311E-13       0.0000E+00       3.8647E-12       0.0000E+00       0.0000E+00       0.0000E+00       0.0000E+00
       6.5000E-02       0.0000E+00       0.0000E+00       2.0138E-11       1.0018E-10       2.9204E-13       0.0000E+00       3.8472E-12       0.0000E+00       0.0000E+00       0.0000E+00       0.0000E+00
       7.5000E-02       0.0000E+00       0.0000E+00       1.7115E-11       1.0321E-10       2.9108E-13       0.0000E+00       3.8312E-12       0.0000E+00       0.0000E+00       0.0000E+00       0.0000E+00
       8.5000E-02       0.0000E+00       0.0000E+00       1.4462E-11       1.0587E-10       2.9026E-13       0.0000E+00       3.8171E-12       0.0000E+00       0.0000E+00       0.0000E+00       0.0000E+00
       9.5000E-02       0.0000E+00       0.0000E+00       1.2203E-11       1.0814E-10       2.8961E-13       0.0000E+00       3.8050E-12       0.0000E+00       0.0000E+00       0.0000E+00       0.0000E+00
       1.0500E-01       0.0000E+00       0.0000E+00       1.0322E-11       1.1002E-10       2.8910E-13       0.0000E+00       3.7949E-12       0.0000E+00       0.0000E+00       0.0000E+00       0.0000E+00
       1.1500E-01       0.0000E+00       0.0000E+00       8.7834E-12       1.1157E-10       2.8874E-13       0.0000E+00       3.7867E-12       0.0000E+00       0.0000E+00       0.0000E+00       0.0000E+00
       1.2500E-01       0.0000E+00       0.0000E+00       7.5357E-12       1.1282E-10       2.8850E-13       0.0000E+00       3.7800E-12       0.0000E+00       0.0000E+00       0.0000E+00       0.0000E+00
       1.3500E-01       0.0000E+00       0.0000E+00       6.5255E-12       1.1383E-10       2.8835E-13       0.0000E+00       3.7745E-12       0.0000E+00       0.0000E+00       0.0000E+00       0.0000E+00
       1.4500E-01       0.0000E+00       0.0000E+00       5.7028E-12       1.1466E-10       2.8829E-13       0.0000E+00       3.7701E-12       0.0000E+00       0.0000E+00       0.0000E+00       0.0000E+00
       1.5500E-01       0.0000E+00       0.0000E+00       5.0248E-12       1.1534E-10       2.8828E-13       0.0000E+00       3.7664E-12       0.0000E+00       0.0000E+00       0.0000E+00       0.0000E+00
       1.6500E-01       0.0000E+00       0.0000E+00       4.4571E-12       1.1590E-10       2.8832E-13       0.0000E+00       3.7634E-12       0.0000E+00       0.0000E+00       0.0000E+00       0.0000E+00
       1.7500E-01       0.0000E+00       0.0000E+00       3.9740E-12       1.1639E-10       2.8840E-13       0.0000E+00       3.7607E-12       0.0000E+00       0.0000E+00       0.0000E+00       0.0000E+00
       1.8500E-01       0.0000E+00       0.0000E+00       3.5566E-12       1.1681E-10       2.8850E-13       0.0000E+00       3.7585E-12       0.0000E+00       0.0000E+00       0.0000E+00       0.0000E+00
       1.9500E-01       0.0000E+00       0.0000E+00       3.1923E-12       1.1717E-10       2.8862E-13       0.0000E+00       3.7565E-12       0.0000E+00       0.0000E+00       0.0000E+00       0.0000E+00
       2.0500E-01       0.0000E+00       0.0000E+00       2.8728E-12       1.1749E-10       2.8876E-13       0.0000E+00       3.7548E-12       0.0000E+00       0.0000E+00       0.0000E+00       0.0000E+00
       2.1500E-01       0.0000E+00       0.0000E+00       2.5938E-12       1.1777E-10       2.8891E-13       0.0000E+00       3.7533E-12       0.0000E+00       0.0000E+00       0.0000E+00       0.0000E+00
       2.2500E-01       0.0000E+00       0.0000E+00       2.3543E-12       1.1801E-10       2.8909E-13       0.0000E+00       3.7519E-12       0.0000E+00       0.0000E+00       0.0000E+00       0.0000E+00
       2.3500E-01       0.0000E+00       0.0000E+00       2.1570E-12       1.1821E-10       2.8928E-13       0.0000E+00       3.7509E-12       0.0000E+00       0.0000E+00       0.0000E+00       0.0000E+00
       2.4500E-01       0.0000E+00       0.0000E+00       2.0099E-12       1.1836E-10       2.8949E-13       0.0000E+00       3.7501E-12       0.0000E+00       0.0000E+00       0.0000E+00       0.0000E+00
       2.5500E-01       0.0000E+00       0.0000E+00       3.0068E-07       1.8472E-05       4.5189E-08       0.0000E+00       5.8481E-07       0.0000E+00       0.0000E+00       0.0000E+00       0.0000E+00
       2.6500E-01       0.0000E+00       0.0000E+00       2.8894E-07       1.8484E-05       4.5227E-08       0.0000E+00       5.8475E-07       0.0000E+00       0.0000E+00       0.0000E+00       0.0000E+00
       2.7500E-01       0.0000E+00       0.0000E+00       2.7834E-07       1.8495E-05       4.5266E-08       0.0000E+00       5.8469E-07       0.0000E+00       0.0000E+00       0.0000E+00       0.0000E+00
       2.8500E-01       0.0000E+00       0.0000E+00       2.6900E-07       1.8504E-05       4.5306E-08       0.0000E+00       5.8464E-07       0.0000E+00       0.0000E+00       0.0000E+00       0.0000E+00
       2.9500E-01       0.0000E+00       0.0000E+00       2.6102E-07       1.8512E-05       4.5346E-08       0.0000E+00       5.8460E-07       0.0000E+00       0.0000E+00       0.0000E+00       0.0000E+00
       3.0500E-01       0.0000E+00       0.0000E+00       2.5454E-07       1.8519E-05       4.5386E-08       0.0000E+00       5.8456E-07       0.0000E+00       0.0000E+00       0.0000E+00       0.0000E+00
       3.1500E-01       0.0000E+00       0.0000E+00       2.4968E-07       1.8524E-05       4.5427E-08       0.0000E+00       5.8453E-07       0.0000E+00       0.0000E+00       0.0000E+00       0.0000E+00
       3.2500E-01       0.0000E+00       0.0000E+00       2.4657E-07       1.8527E-05       4.5469E-08       0.0000E+00       5.8452E-07       0.0000E+00       0.0000E+00       0.0000E+00       0.0000E+00
       3.3500E-01       0.0000E+00       0.0000E+00       2.4532E-07       1.8528E-05       4.5512E-08       0.0000E+00       5.8451E-07       0.0000E+00       0.0000E+00       0.0000E+00       0.0000E+00
       3.4500E-01       0.0000E+00       0.0000E+00       2.4603E-07       1.8527E-05       4.5555E-08       0.0000E+00       5.8451E-07       0.0000E+00       0.0000E+00       0.0000E+00       0.0000E+00
       3.5500E-01       0.0000E+00       0.0000E+00       2.4878E-07       1.8524E-05       4.5599E-08       0.0000E+00       5.8453E-07       0.0000E+00       0.0000E+00       0.0000E+00       0.0000E+00
       3.6500E-01       0.0000E+00       0.0000E+00       2.5364E-07       1.8520E-05       4.5644E-08       0.0000E+00       5.8456E-07       0.0000E+00       0.0000E+00       0.0000E+00       0.0000E+00
       3.7500E-01       0.0000E+00       0.0000E+00       2.6065E-07       1.8513E-05       4.5689E-08       0.0000E+00       5.8459E-07       0.0000E+00       0.0000E+00       0.0000E+00       0.0000E+00
       3.8500E-01       0.0000E+00       0.0000E+00       2.6983E-07       1.8503E-05       4.5736E-08       0.0000E+00       5.8464E-07       0.0000E+00       0.0000E+00       0.0000E+00       0.0000E+00
       3.9500E-01       0.0000E+00       0.0000E+00       2.8115E-07       1.8492E-05       4.5783E-08       0.0000E+00       5.8470E-07       0.0000E+00       0.0000E+00       0.0000E+00       0.0000E+00
       4.0500E-01       0.0000E+00       0.0000E+00       2.9461E-07       1.8478E-05       4.5831E-08       0.0000E+00       5.8477E-07       0.0000E+00       0.0000E+00       0.0000E+00       0.0000E+00
       4.1500E-01       0.0000E+00       0.0000E+00       3.1014E-07       1.8463E-05       4.5880E-08       0.0000E+00       5.8486E-07       0.0000E+00       0.0000E+00       0.0000E+00       0.0000E+00
       4.2500E-01       0.0000E+00       0.0000E+00       3.2769E-07       1.8445E-05       4.5930E-08       0.0000E+00       5.8495E-07       0.0000E+00       0.0000E+00       0.0000E+00       0.0000E+00
       4.3500E-01       0.0000E+00       0.0000E+00       3.4719E-07       1.8426E-05       4.5980E-08       0.0000E+00       5.8506E-07       0.0000E+00       0.0000E+00       0.0000E+00       0.0000E+00
       4.4500E-01       0.0000E+00       0.0000E+00       3.6854E-07       1.8404E-05       4.6031E-08       0.0000E+00       5.8517E-07       0.0000E+00       0.0000E+00       0.0000E+00       0.0000E+00
       4.5500E-01       0.0000E+00       0.0000E+00       3.9167E-07       1.8381E-05       4.6082E-08       0.0000E+00       5.8529E-07       0.0000E+00       0.0000E+00       0.0000E+00       0.0000E+00
       4.6500E-01       0.0000E+00       0.0000E+00       4.1649E-07       1.8356E-05       4.6134E-08       0.0000E+00       5.8543E-07       0.0000E+00       0.0000E+00       0.0000E+00       0.0000E+00
       4.7500E-01       0.0000E+00       0.0000E+00       4.4291E-07       1.8330E-05       4.6187E-08       0.0000E+00       5.8557E-07       0.0000E+00       0.0000E+00       0.0000E+00       0.0000E+00
       4.8500E-01       0.0000E+00       0.0000E+00       4.7085E-07       1.8302E-05       4.6240E-08       0.0000E+00       5.8572E-07       0.0000E+00       0.0000E+00       0.0000E+00       0.0000E+00
       4.9500E-01       0.0000E+00       0.0000E+00       5.0024E-07       1.8272E-05       4.6293E-08       0.0000E+00       5.8587E-07       0.0000E+00       0.0000E+00       0.0000E+00       0.0000E+00
       5.0500E-01       0.0000E+00       0.0000E+00       5.3101E-07       1.8241E-05       4.6347E-08       0.0000E+00       5.8604E-07       0.0000E+00       0.0000E+00       0.0000E+00       0.0000E+00
       5.1500E-01       0.0000E+00       0.0000E+00       5.6310E-07       1.8209E-05       4.6401E-08       0.0000E+00       5.8621E-07       0.0000E+00       0.0000E+00       0.0000E+00       0.0000E+00
       5.2500E-01       0.0000E+00       0.0000E+00       5.9645E-07       1.8176E-05       4.6456E-08       0.0000E+00       5.8639E-07       0.0000E+00       0.0000E+00       0.0000E+00       0.0000E+00
       5.3500E-01       0.0000E+00       0.0000E+00       6.3103E-07       1.8141E-05       4.6510E-08       0.0000E+00       5.8657E-07       0.0000E+00       0.0000E+00       0.0000E+00       0.0000E+00
       5.4500E-01       0.0000E+00       0.0000E+00       6.6678E-07       1.8105E-05       4.6565E-08       0.0000E+00       5.8676E-07       0.0000E+00       0.0000E+00       0.0000E+00       0.0000E+00
       5.5500E-01       0.0000E+00       0.0000E+00       7.0368E-07       1.8068E-05       4.6620E-08       0.0000E+00       5.8696E-07       0.0000E+00       0.0000E+00       0.0000E+00       0.0000E+00
       5.6500E-01       0.0000E+00       0.0000E+00       7.4169E-07       1.8030E-05       4.6675E-08       0.0000E+00       5.8716E-07       0.0000E+00       0.0000E+00       0.0000E+00       0.0000E+00
       5.7500E-01       0.0000E+00       0.0000E+00       7.8079E-07       1.7991E-05       4.6731E-08       0.0000E+00       5.8737E-07       0.0000E+00       0.0000E+00       0.0000E+00       0.0000E+00
       5.8500E-01       0.0000E+00       0.0000E+00       8.2096E-07       1.7950E-05       4.6786E-08       0.0000E+00       5.8758E-07       0.0000E+00       0.0000E+00       0.0000E+00       0.0000E+00
       5.9500E-01       0.0000E+00       0.0000E+00       8.6217E-07       1.7909E-05       4.6842E-08       0.0000E+00       5.8780E-07       0.0000E+00       0.0000E+00       0.0000E+00       0.0000E+00
       6.0500E-01       0.0000E+00       0.0000E+00       9.0440E-07       1.7867E-05       4.6897E-08       0.0000E+00       5.8803E-07       0.0000E+00       0.0000E+00       0.0000E+00       0.0000E+00
       6.1500E-01       0.0000E+00       0.0000E+00       9.4764E-07       1.7823E-05       4.6953E-08       0.0000E+00       5.8825E-07       0.0000E+00       0.0000E+00       0.0000E+00       0.0000E+00
       6.2500E-01       0.0000E+00       0.0000E+00       9.9187E-07       1.7779E-05       4.7008E-08       0.0000E+00       5.8849E-07       0.0000E+00       0.0000E+00       0.0000E+00       0.0000E+00
       6.3500E-01       0.0000E+00       0.0000E+00       1.0371E-06       1.7733E-05       4.7063E-08       0.0000E+00       5.8873E-07       0.0000E+00       0.0000E+00       0.0000E+00       0.0000E+00
       6.4500E-01       0.0000E+00       0.0000E+00       1.0832E-06       1.7687E-05       4.7119E-08       0.0000E+00       5.8897E-07       0.0000E+00       0.0000E+00       0.0000E+00       0.0000E+00
       6.5500E-01       0.0000E+00       0.0000E+00       1.1303E-06       1.7640E-05       4.7174E-08       0.0000E+00       5.8922E-07       0.0000E+00       0.0000E+00       0.0000E+00       0.0000E+00
       6.6500E-01       0.0000E+00       0.0000E+00       1.1782E-06       1.7592E-05       4.7228E-08       0.0000E+00       5.8947E-07       0.0000E+00       0.0000E+00       0.0000E+00       0.0000E+00
       6.7500E-01       0.0000E+00       0.0000E+00       1.2271E-06       1.7543E-05       4.7283E-08       0.0000E+00       5.8973E-07       0.0000E+00       0.0000E+00       0.0000E+00       0.0000E+00
       6.8500E-01       0.0000E+00       0.0000E+00       1.2768E-06       1.7493E-05       4.7337E-08       0.0000E+00       5.8999E-07       0.0000E+00       0.0000E+00       0.0000E+00       0.0000E+00
       6.9500E-01       0.0000E+00       0.0000E+00       1.3274E-06       1.7442E-05       4.7391E-08       0.0000E+00       5.9026E-07       0.0000E+00       0.0000E+00       0.0000E+00       0.0000E+00
       7.0500E-01       0.0000E+00       0.0000E+00       1.3788E-06       1.7391E-05       4.7445E-08       0.0000E+00       5.9053E-07       0.0000E+00       0.0000E+00       0.0000E+00       0.0000E+00
       7.1500E-01       0.0000E+00       0.0000E+00       1.4310E-06       1.7338E-05       4.7498E-08       0.0000E+00       5.9080E-07       0.0000E+00       0.0000E+00       0.0000E+00       0.0000E+00
       7.2500E-01       0.0000E+00       0.0000E+00       1.4839E-06       1.7285E-05       4.7551E-08       0.0000E+00       5.9107E-07       0.0000E+00       0.0000E+00       0.0000E+00       0.0000E+00
       7.3500E-01       0.0000E+00       0.0000E+00       1.5375E-06       1.7231E-05       4.7603E-08       0.0000E+00       5.9135E-07       0.0000E+00       0.0000E+00       0.0000E+00       0.0000E+00
       7.4500E-01       0.0000E+00       0.0000E+00       1.5919E-06       1.7177E-05       4.7654E-08       0.0000E+00       5.9164E-07       0.0000E+00       0.0000E+00       0.0000E+00       0.0000E+00
       7.5500E-01       0.0000E+00       0.0000E+00       1.6469E-06       1.7122E-05       4.7705E-08       0.0000E+00       5.9192E-07       0.0000E+00       0.0000E+00       0.0000E+00       0.0000E+00
       7.6500E-01       0.0000E+00       0.0000E+00       1.7026E-06       1.7066E-05       4.7755E-08       0.0000E+00       5.9221E-07       0.0000E+00       0.0000E+00       0.0000E+00       0.0000E+00
       7.7500E-01       0.0000E+00       0.0000E+00       1.7589E-06       1.7009E-05       4.7804E-08       0.0000E+00       5.9250E-07       0.0000E+00       0.0000E+00       0.0000E+00       0.0000E+00
       7.8500E-01       0.0000E+00       0.0000E+00       1.8157E-06       1.6952E-05       4.7853E-08       0.0000E+00       5.9280E-07       0.0000E+00       0.0000E+00       0.0000E+00       0.0000E+00
       7.9500E-01       0.0000E+00       0.0000E+00       1.8731E-06       1.6895E-05       4.7900E-08       0.0000E+00       5.9309E-07       0.0000E+00       0.0000E+00       0.0000E+00       0.0000E+00
       8.0500E-01       0.0000E+00       0.0000E+00       1.9310E-06       1.6837E-05       4.7946E-08       0.0000E+00       5.9339E-07       0.0000E+00       0.0000E+00       0.0000E+00       0.0000E+00
       8.1500E-01       0.0000E+00       0.0000E+00       1.9893E-06       1.6778E-05       4.7991E-08       0.0000E+00       5.9369E-07       0.0000E+00       0.0000E+00       0.0000E+00       0.0000E+00
       8.2500E-01       0.0000E+00       0.0000E+00       2.0480E-06       1.6719E-05       4.8035E-08       0.0000E+00       5.9399E-07       0.0000E+00       0.0000E+00       0.0000E+00       0.0000E+00
       8.3500E-01       0.0000E+00       0.0000E+00       2.1072E-06       1.6660E-05       4.8078E-08       0.0000E+00       5.9430E-07       0.0000E+00       0.0000E+00       0.0000E+00       0.0000E+00
       8.4500E-01       0.0000E+00       0.0000E+00       2.1667E-06       1.6600E-05       4.8120E-08       0.0000E+00       5.9460E-07       0.0000E+00       0.0000E+00       0.0000E+00       0.0000E+00
       8.5500E-01       0.0000E+00       0.0000E+00       2.2264E-06       1.6540E-05       4.8160E-08       0.0000E+00       5.9490E-07       0.0000E+00       0.0000E+00       0.0000E+00       0.0000E+00
       8.6500E-01       0.0000E+00       0.0000E+00       2.2865E-06       1.6480E-05       4.8198E-08       0.0000E+00       5.9521E-07       0.0000E+00       0.0000E+00       0.0000E+00       0.0000E+00
       8.7500E-01       0.0000E+00       0.0000E+00       2.3468E-06       1.6420E-05       4.8235E-08       0.0000E+00       5.9551E-07       0.0000E+00       0.0000E+00       0.0000E+00       0.0000E+00
       8.8500E-01       0.0000E+00       0.0000E+00       2.4072E-06       1.6359E-05       4.8270E-08       0.0000E+00       5.9582E-07       0.0000E+00       0.0000E+00       0.0000E+00       0.0000E+00
       8.9500E-01       0.0000E+00       0.0000E+00       2.4678E-06       1.6298E-05       4.8303E-08       0.0000E+00       5.9612E-07       0.0000E+00       0.0000E+00       0.0000E+00       0.0000E+00
       9.0500E-01       0.0000E+00       0.0000E+00       2.5285E-06       1.6237E-05       4.8334E-08       0.0000E+00       5.9643E-07       0.0000E+00       0.0000E+00       0.0000E+00       0.0000E+00
       9.1500E-01       0.0000E+00       0.0000E+00       2.5893E-06       1.6177E-05       4.8364E-08       0.0000E+00       5.9673E-07       0.0000E+00       0.0000E+00       0.0000E+00       0.0000E+00
       9.2500E-01       0.0000E+00       0.0000E+00       2.6501E-06       1.6116E-05       4.8391E-08       0.0000E+00       5.9703E-07       0.0000E+00       0.0000E+00       0.0000E+00       0.0000E+00
       9.3500E-01       0.0000E+00       0.0000E+00       2.7109E-06       1.6055E-05       4.8416E-08       0.0000E+00       5.9733E-07       0.0000E+00       0.0000E+00       0.0000E+00       0.0000E+00
       9.4500E-01       0.0000E+00       0.0000E+00       2.7717E-06       1.5994E-05       4.8438E-08       0.0000E+00       5.9763E-07       0.0000E+00       0.0000E+00       0.0000E+00       0.0000E+00
       9.5500E-01       0.0000E+00       0.0000E+00       2.8323E-06       1.5933E-05       4.8458E-08       0.0000E+00       5.9793E-07       0.0000E+00       0.0000E+00       0.0000E+00       0.0000E+00
       9.6500E-01       0.0000E+00       0.0000E+00       2.8928E-06       1.5872E-05       4.8476E-08       0.0000E+00       5.9822E-07       0.0000E+00       0.0000E+00       0.0000E+00       0.0000E+00
       9.7500E-01       0.0000E+00       0.0000E+00       2.9532E-06       1.5812E-05       4.8491E-08       0.0000E+00       5.9852E-07       0.0000E+00       0.0000E+00       0.0000E+00       0.0000E+00
       9.8500E-01       0.0000E+00       0.0000E+00       3.0134E-06       1.5751E-05       4.8503E-08       0.0000E+00       5.9881E-07       0.0000E+00       0.0000E+00       0.0000E+00       0.0000E+00
       9.9500E-01       0.0000E+00       0.0000E+00       3.0733E-06       1.5691E-05       4.8512E-08       0.0000E+00       5.9910E-07       0.0000E+00       0.0000E+00       0.0000E+00       0.0000E+00
       1.0050E+00       0.0000E+00       0.0000E+00       3.1330E-06       1.5632E-05       4.8518E-08       0.0000E+00       5.9938E-07       0.0000E+00       0.0000E+00       0.0000E+00       0.0000E+00
       1.0150E+00       0.0000E+00       0.0000E+00       3.1923E-06       1.5572E-05       4.8521E-08       0.0000E+00       5.9966E-07       0.0000E+00       0.0000E+00       0.0000E+00       0.0000E+00
       1.0250E+00       0.0000E+00       0.0000E+00       3.2513E-06       1.5513E-05       4.8521E-08       0.0000E+00       5.9994E-07       0.0000E+00       0.0000E+00       0.0000E+00       0.0000E+00
       1.0350E+00       0.0000E+00       0.0000E+00       3.3100E-06       1.5454E-05       4.8517E-08       0.0000E+00       6.0022E-07       0.0000E+00       0.0000E+00       0.0000E+00       0.0000E+00
       1.0450E+00       0.0000E+00       0.0000E+00       3.3683E-06       1.5396E-05       4.8510E-08       0.0000E+00       6.0049E-07       0.0000E+00       0.0000E+00       0.0000E+00       0.0000E+00
       1.0550E+00       0.0000E+00       0.0000E+00       3.4261E-06       1.5338E-05       4.8499E-08       0.0000E+00       6.0076E-07       0.0000E+00       0.0000E+00       0.0000E+00       0.0000E+00
       1.0650E+00       0.0000E+00       0.0000E+00       3.4835E-06       1.5280E-05       4.8484E-08       0.0000E+00       6.0102E-07       0.0000E+00       0.0000E+00       0.0000E+00       0.0000E+00
       1.0750E+00       0.0000E+00       0.0000E+00       3.5404E-06       1.5223E-05       4.8466E-08       0.0000E+00       6.0128E-07       0.0000E+00       0.0000E+00       0.0000E+00       0.0000E+00
       1.0850E+00       0.0000E+00       0.0000E+00       3.5968E-06       1.5167E-05       4.8444E-08       0.0000E+00       6.0154E-07       0.0000E+00       0.0000E+00       0.0000E+00       0.0000E+00
       1.0950E+00       0.0000E+00       0.0000E+00       3.6527E-06       1.5111E-05       4.8417E-08       0.0000E+00       6.0179E-07       0.0000E+00       0.0000E+00       0.0000E+00       0.0000E+00
       1.1050E+00       0.0000E+00       0.0000E+00       3.7080E-06       1.5055E-05       4.8386E-08       0.0000E+00       6.0203E-07       0.0000E+00       0.0000E+00       0.0000E+00       0.0000E+00
       1.1150E+00       0.0000E+00       0.0000E+00       3.7628E-06       1.5000E-05       4.8351E-08       0.0000E+00       6.0227E-07       0.0000E+00       0.0000E+00       0.0000E+00       0.0000E+00
       1.1250E+00       0.0000E+00       0.0000E+00       3.8169E-06       1.4946E-05       4.8312E-08       0.0000E+00       6.0251E-07       0.0000E+00       0.0000E+00       0.0000E+00       0.0000E+00
       1.1350E+00       0.0000E+00       0.0000E+00       3.8705E-06       1.4892E-05       4.8267E-08       0.0000E+00       6.0273E-07       0.0000E+00       0.0000E+00       0.0000E+00       0.0000E+00
       1.1450E+00       0.0000E+00       0.0000E+00       3.9234E-06       1.4839E-05       4.8219E-08       0.0000E+00       6.0296E-07       0.0000E+00       0.0000E+00       0.0000E+00       0.0000E+00
       1.1550E+00       0.0000E+00       0.0000E+00       3.9756E-06       1.4787E-05       4.8165E-08       0.0000E+00       6.0318E-07       0.0000E+00       0.0000E+00       0.0000E+00       0.0000E+00
       1.1650E+00       0.0000E+00       0.0000E+00       4.0272E-06       1.4735E-05       4.8107E-08       0.0000E+00       6.0339E-07       0.0000E+00       0.0000E+00       0.0000E+00       0.0000E+00
       1.1750E+00       0.0000E+00       0.0000E+00       4.0781E-06       1.4684E-05       4.8043E-08       0.0000E+00       6.0360E-07       0.0000E+00       0.0000E+00       0.0000E+00       0.0000E+00
       1.1850E+00       0.0000E+00       0.0000E+00       4.1284E-06       1.4634E-05       4.7974E-08       0.0000E+00       6.0380E-07       0.0000E+00       0.0000E+00       0.0000E+00       0.0000E+00
       1.1950E+00       0.0000E+00       0.0000E+00       4.1779E-06       1.4585E-05       4.7900E-08       0.0000E+00       6.0399E-07       0.0000E+00       0.0000E+00       0.0000E+00       0.0000E+00
       1.2050E+00       0.0000E+00       0.0000E+00       4.2267E-06       1.4536E-05       4.7821E-08       0.0000E+00       6.0418E-07       0.0000E+00       0.0000E+00       0.0000E+00       0.0000E+00
       1.2150E+00       0.0000E+00       0.0000E+00       4.2748E-06       1.4488E-05       4.7736E-08       0.0000E+00       6.0436E-07       0.0000E+00       0.0000E+00       0.0000E+00       0.0000E+00
       1.2250E+00       0.0000E+00       0.0000E+00       4.3221E-06       1.4440E-05       4.7646E-08       0.0000E+00       6.0454E-07       0.0000E+00       0.0000E+00       0.0000E+00       0.0000E+00
       1.2350E+00       0.0000E+00       0.0000E+00       4.3687E-06       1.4394E-05       4.7550E-08       0.0000E+00       6.0471E-07       0.0000E+00       0.0000E+00       0.0000E+00       0.0000E+00
       1.2450E+00       0.0000E+00       0.0000E+00       4.4145E-06       1.4348E-05       4.7449E-08       0.0000E+00       6.0487E-07       0.0000E+00       0.0000E+00       0.0000E+00       0.0000E+00
       1.2550E+00       0.0000E+00       0.0000E+00       4.4596E-06       1.4303E-05       4.7342E-08       0.0000E+00       6.0503E-07       0.0000E+00       0.0000E+00       0.0000E+00       0.0000E+00
       1.2650E+00       0.0000E+00       0.0000E+00       4.5040E-06       1.4258E-05       4.7228E-08       0.0000E+00       6.0518E-07       0.0000E+00       0.0000E+00       0.0000E+00       0.0000E+00
       1.2750E+00       0.0000E+00       0.0000E+00       4.5475E-06       1.4215E-05       4.7109E-08       0.0000E+00       6.0532E-07       0.0000E+00       0.0000E+00       0.0000E+00       0.0000E+00
       1.2850E+00       0.0000E+00       0.0000E+00       4.5903E-06       1.4172E-05       4.6984E-08       0.0000E+00       6.0545E-07       0.0000E+00       0.0000E+00       0.0000E+00       0.0000E+00
       1.2950E+00       0.0000E+00       0.0000E+00       4.6324E-06       1.4130E-05       4.6853E-08       0.0000E+00       6.0558E-07       0.0000E+00       0.0000E+00       0.0000E+00       0.0000E+00
       1.3050E+00       0.0000E+00       0.0000E+00       4.6737E-06       1.4089E-05       4.6716E-08       0.0000E+00       6.0571E-07       0.0000E+00       0.0000E+00       0.0000E+00       0.0000E+00
       1.3150E+00       0.0000E+00       0.0000E+00       4.7142E-06       1.4048E-05       4.6572E-08       0.0000E+00       6.0582E-07       0.0000E+00       0.0000E+00       0.0000E+00       0.0000E+00
       1.3250E+00       0.0000E+00       0.0000E+00       4.7539E-06       1.4008E-05       4.6423E-08       0.0000E+00       6.0593E-07       0.0000E+00       0.0000E+00       0.0000E+00       0.0000E+00
       1.3350E+00       0.0000E+00       0.0000E+00       4.7929E-06       1.3969E-05       4.6267E-08       0.0000E+00       6.0603E-07       0.0000E+00       0.0000E+00       0.0000E+00       0.0000E+00
       1.3450E+00       0.0000E+00       0.0000E+00       4.8312E-06       1.3931E-05       4.6105E-08       0.0000E+00       6.0613E-07       0.0000E+00       0.0000E+00       0.0000E+00       0.0000E+00
       1.3550E+00       0.0000E+00       0.0000E+00       4.8687E-06       1.3894E-05       4.5936E-08       0.0000E+00       6.0622E-07       0.0000E+00       0.0000E+00       0.0000E+00       0.0000E+00
       1.3650E+00       0.0000E+00       0.0000E+00       4.9054E-06       1.3857E-05       4.5761E-08       0.0000E+00       6.0630E-07       0.0000E+00       0.0000E+00       0.0000E+00       0.0000E+00
       1.3750E+00       0.0000E+00       0.0000E+00       4.9414E-06       1.3821E-05       4.5580E-08       0.0000E+00       6.0637E-07       0.0000E+00       0.0000E+00       0.0000E+00       0.0000E+00
       1.3850E+00       0.0000E+00       0.0000E+00       4.9766E-06       1.3786E-05       4.5393E-08       0.0000E+00       6.0644E-07       0.0000E+00       0.0000E+00       0.0000E+00       0.0000E+00
       1.3950E+00       0.0000E+00       0.0000E+00       5.0111E-06       1.3751E-05       4.5199E-08       0.0000E+00       6.0650E-07       0.0000E+00       0.0000E+00       0.0000E+00       0.0000E+00
       1.4050E+00       0.0000E+00       0.0000E+00       5.0448E-06       1.3718E-05       4.4999E-08       0.0000E+00       6.0655E-07       0.0000E+00       0.0000E+00       0.0000E+00       0.0000E+00
       1.4150E+00       0.0000E+00       0.0000E+00       5.0779E-06       1.3685E-05       4.4792E-08       0.0000E+00       6.0660E-07       0.0000E+00       0.0000E+00       0.0000E+00       0.0000E+00
       1.4250E+00       0.0000E+00       0.0000E+00       5.1102E-06       1.3653E-05       4.4580E-08       0.0000E+00       6.0664E-07       0.0000E+00       0.0000E+00       0.0000E+00       0.0000E+00
       1.4350E+00       0.0000E+00       0.0000E+00       5.1418E-06       1.3621E-05       4.4361E-08       0.0000E+00       6.0667E-07       0.0000E+00       0.0000E+00       0.0000E+00       0.0000E+00
       1.4450E+00       0.0000E+00       0.0000E+00       5.1727E-06       1.3590E-05       4.4135E-08       0.0000E+00       6.0670E-07       0.0000E+00       0.0000E+00       0.0000E+00       0.0000E+00
       1.4550E+00       0.0000E+00       0.0000E+00       5.2029E-06       1.3560E-05       4.3904E-08       0.0000E+00       6.0672E-07       0.0000E+00       0.0000E+00       0.0000E+00       0.0000E+00
       1.4650E+00       0.0000E+00       0.0000E+00       5.2324E-06       1.3531E-05       4.3667E-08       0.0000E+00       6.0673E-07       0.0000E+00       0.0000E+00       0.0000E+00       0.0000E+00
       1.4750E+00       0.0000E+00       0.0000E+00       5.2612E-06       1.3502E-05       4.3423E-08       0.0000E+00       6.0673E-07       0.0000E+00       0.0000E+00       0.0000E+00       0.0000E+00
       1.4850E+00       0.0000E+00       0.0000E+00       5.2893E-06       1.3474E-05       4.3173E-08       0.0000E+00       6.0673E-07       0.0000E+00       0.0000E+00       0.0000E+00       0.0000E+00
       1.4950E+00       0.0000E+00       0.0000E+00       5.3168E-06       1.3447E-05       4.2918E-08       0.0000E+00       6.0673E-07       0.0000E+00       0.0000E+00       0.0000E+00       0.0000E+00
       1.5050E+00       0.0000E+00       0.0000E+00       5.3436E-06       1.3420E-05       4.2656E-08       0.0000E+00       6.0671E-07       0.0000E+00       0.0000E+00       0.0000E+00       0.0000E+00
       1.5150E+00       0.0000E+00       0.0000E+00       5.3698E-06       1.3394E-05       4.2389E-08       0.0000E+00       6.0669E-07       0.0000E+00       0.0000E+00       0.0000E+00       0.0000E+00
       1.5250E+00       0.0000E+00       0.0000E+00       5.3954E-06       1.3369E-05       4.2117E-08       0.0000E+00       6.0667E-07       0.0000E+00       0.0000E+00       0.0000E+00       0.0000E+00
       1.5350E+00       0.0000E+00       0.0000E+00       5.4203E-06       1.3344E-05       4.1838E-08       0.0000E+00       6.0663E-07       0.0000E+00       0.0000E+00       0.0000E+00       0.0000E+00
       1.5450E+00       0.0000E+00       0.0000E+00       5.4445E-06       1.3320E-05       4.1555E-08       0.0000E+00       6.0659E-07       0.0000E+00       0.0000E+00       0.0000E+00       0.0000E+00
       1.5550E+00       0.0000E+00       0.0000E+00       5.4682E-06       1.3296E-05       4.1265E-08       0.0000E+00       6.0655E-07       0.0000E+00       0.0000E+00       0.0000E+00       0.0000E+00
       1.5650E+00       0.0000E+00       0.0000E+00       5.4913E-06       1.3273E-05       4.0971E-08       0.0000E+00       6.0650E-07       0.0000E+00       0.0000E+00       0.0000E+00       0.0000E+00
       1.5750E+00       0.0000E+00       0.0000E+00       5.5138E-06       1.3251E-05       4.0672E-08       0.0000E+00       6.0644E-07       0.0000E+00       0.0000E+00       0.0000E+00       0.0000E+00
       1.5850E+00       0.0000E+00       0.0000E+00       5.5357E-06       1.3229E-05       4.0368E-08       0.0000E+00       6.0637E-07       0.0000E+00       0.0000E+00       0.0000E+00       0.0000E+00
       1.5950E+00       0.0000E+00       0.0000E+00       5.5571E-06       1.3208E-05       4.0059E-08       0.0000E+00       6.0630E-07       0.0000E+00       0.0000E+00       0.0000E+00       0.0000E+00
       1.6050E+00       0.0000E+00       0.0000E+00       5.5778E-06       1.3188E-05       3.9745E-08       0.0000E+00       6.0623E-07       0.0000E+00       0.0000E+00       0.0000E+00       0.0000E+00
       1.6150E+00       0.0000E+00       0.0000E+00       5.5981E-06       1.3168E-05       3.9427E-08       0.0000E+00       6.0615E-07       0.0000E+00       0.0000E+00       0.0000E+00       0.0000E+00
       1.6250E+00       0.0000E+00       0.0000E+00       5.6178E-06       1.3148E-05       3.9104E-08       0.0000E+00       6.0606E-07       0.0000E+00       0.0000E+00       0.0000E+00       0.0000E+00
       1.6350E+00       0.0000E+00       0.0000E+00       5.6369E-06       1.3129E-05       3.8778E-08       0.0000E+00       6.0597E-07       0.0000E+00       0.0000E+00       0.0000E+00       0.0000E+00
       1.6450E+00       0.0000E+00       0.0000E+00       5.6556E-06       1.3111E-05       3.8447E-08       0.0000E+00       6.0587E-07       0.0000E+00       0.0000E+00       0.0000E+00       0.0000E+00
       1.6550E+00       0.0000E+00       0.0000E+00       5.6737E-06       1.3093E-05       3.8113E-08       0.0000E+00       6.0576E-07       0.0000E+00       0.0000E+00       0.0000E+00       0.0000E+00
       1.6650E+00       0.0000E+00       0.0000E+00       5.6914E-06       1.3075E-05       3.7775E-08       0.0000E+00       6.0566E-07       0.0000E+00       0.0000E+00       0.0000E+00       0.0000E+00
       1.6750E+00       0.0000E+00       0.0000E+00       5.7085E-06       1.3058E-05       3.7433E-08       0.0000E+00       6.0554E-07       0.0000E+00       0.0000E+00       0.0000E+00       0.0000E+00
       1.6850E+00       0.0000E+00       0.0000E+00       5.7252E-06       1.3042E-05       3.7089E-08       0.0000E+00       6.0542E-07       0.0000E+00       0.0000E+00       0.0000E+00       0.0000E+00
       1.6950E+00       0.0000E+00       0.0000E+00       5.7414E-06       1.3026E-05       3.6741E-08       0.0000E+00       6.0529E-07       0.0000E+00       0.0000E+00       0.0000E+00       0.0000E+00
       1.7050E+00       0.0000E+00       0.0000E+00       5.7571E-06       1.3011E-05       3.6391E-08       0.0000E+00       6.0516E-07       0.0000E+00       0.0000E+00       0.0000E+00       0.0000E+00
       1.7150E+00       0.0000E+00       0.0000E+00       5.7724E-06       1.2995E-05       3.6037E-08       0.0000E+00       6.0503E-07       0.0000E+00       0.0000E+00       0.0000E+00       0.0000E+00
       1.7250E+00       0.0000E+00       0.0000E+00       5.7872E-06       1.2981E-05       3.5682E-08       0.0000E+00       6.0489E-07       0.0000E+00       0.0000E+00       0.0000E+00       0.0000E+00
       1.7350E+00       0.0000E+00       0.0000E+00       5.8017E-06       1.2967E-05       3.5324E-08       0.0000E+00       6.0474E-07       0.0000E+00       0.0000E+00       0.0000E+00       0.0000E+00
       1.7450E+00       0.0000E+00       0.0000E+00       5.8156E-06       1.2953E-05       3.4964E-08       0.0000E+00       6.0459E-07       0.0000E+00       0.0000E+00       0.0000E+00       0.0000E+00
       1.7550E+00       0.0000E+00       0.0000E+00       5.8292E-06       1.2940E-05       3.4602E-08       0.0000E+00       6.0443E-07       0.0000E+00       0.0000E+00       0.0000E+00       0.0000E+00
       1.7650E+00       0.0000E+00       0.0000E+00       5.8424E-06       1.2927E-05       3.4238E-08       0.0000E+00       6.0427E-07       0.0000E+00       0.0000E+00       0.0000E+00       0.0000E+00
       1.7750E+00       0.0000E+00       0.0000E+00       5.8552E-06       1.2914E-05       3.3874E-08       0.0000E+00       6.0411E-07       0.0000E+00       0.0000E+00       0.0000E+00       0.0000E+00
       1.7850E+00       0.0000E+00       0.0000E+00       5.8675E-06       1.2902E-05       3.3507E-08       0.0000E+00       6.0394E-07       0.0000E+00       0.0000E+00       0.0000E+00       0.0000E+00
       1.7950E+00       0.0000E+00       0.0000E+00       5.8795E-06       1.2890E-05       3.3140E-08       0.0000E+00       6.0376E-07       0.0000E+00       0.0000E+00       0.0000E+00       0.0000E+00
       1.8050E+00       0.0000E+00       0.0000E+00       5.8912E-06       1.2879E-05       3.2772E-08       0.0000E+00       6.0359E-07       0.0000E+00       0.0000E+00       0.0000E+00       0.0000E+00
       1.8150E+00       0.0000E+00       0.0000E+00       5.9024E-06       1.2868E-05       3.2404E-08       0.0000E+00       6.0340E-07       0.0000E+00       0.0000E+00       0.0000E+00       0.0000E+00
       1.8250E+00       0.0000E+00       0.0000E+00       5.9134E-06       1.2857E-05       3.2035E-08       0.0000E+00       6.0321E-07       0.0000E+00       0.0000E+00       0.0000E+00       0.0000E+00
       1.8350E+00       0.0000E+00       0.0000E+00       5.9239E-06       1.2847E-05       3.1666E-08       0.0000E+00       6.0302E-07       0.0000E+00       0.0000E+00       0.0000E+00       0.0000E+00
       1.8450E+00       0.0000E+00       0.0000E+00       5.9342E-06       1.2837E-05       3.1297E-08       0.0000E+00       6.0282E-07       0.0000E+00       0.0000E+00       0.0000E+00       0.0000E+00
       1.8550E+00       0.0000E+00       0.0000E+00       5.9441E-06       1.2828E-05       3.0928E-08       0.0000E+00       6.0262E-07       0.0000E+00       0.0000E+00       0.0000E+00       0.0000E+00
       1.8650E+00       0.0000E+00       0.0000E+00       5.9537E-06       1.2818E-05       3.0560E-08       0.0000E+00       6.0241E-07       0.0000E+00       0.0000E+00       0.0000E+00       0.0000E+00
       1.8750E+00       0.0000E+00       0.0000E+00       5.9630E-06       1.2809E-05       3.0192E-08       0.0000E+00       6.0220E-07       0.0000E+00       0.0000E+00       0.0000E+00       0.0000E+00
       1.8850E+00       0.0000E+00       0.0000E+00       5.9720E-06       1.2801E-05       2.9826E-08       0.0000E+00       6.0199E-07       0.0000E+00       0.0000E+00       0.0000E+00       0.0000E+00
       1.8950E+00       0.0000E+00       0.0000E+00       5.9807E-06       1.2792E-05       2.9460E-08       0.0000E+00       6.0177E-07       0.0000E+00       0.0000E+00       0.0000E+00       0.0000E+00
       1.9050E+00       0.0000E+00       0.0000E+00       5.9891E-06       1.2784E-05       2.9095E-08       0.0000E+00       6.0155E-07       0.0000E+00       0.0000E+00       0.0000E+00       0.0000E+00
       1.9150E+00       0.0000E+00       0.0000E+00       5.9972E-06       1.2776E-05       2.8732E-08       0.0000E+00       6.0132E-07       0.0000E+00       0.0000E+00       0.0000E+00       0.0000E+00
       1.9250E+00       0.0000E+00       0.0000E+00       6.0050E-06       1.2769E-05       2.8371E-08       0.0000E+00       6.0109E-07       0.0000E+00       0.0000E+00       0.0000E+00       0.0000E+00
       1.9350E+00       0.0000E+00       0.0000E+00       6.0126E-06       1.2761E-05       2.8011E-08       0.0000E+00       6.0085E-07       0.0000E+00       0.0000E+00       0.0000E+00       0.0000E+00
       1.9450E+00       0.0000E+00       0.0000E+00       6.0200E-06       1.2754E-05       2.7653E-08       0.0000E+00       6.0061E-07       0.0000E+00       0.0000E+00       0.0000E+00       0.0000E+00
       1.9550E+00       0.0000E+00       0.0000E+00       6.0270E-06       1.2748E-05       2.7298E-08       0.0000E+00       6.0037E-07       0.0000E+00       0.0000E+00       0.0000E+00       0.0000E+00
       1.9650E+00       0.0000E+00       0.0000E+00       6.0339E-06       1.2741E-05       2.6945E-08       0.0000E+00       6.0012E-07       0.0000E+00       0.0000E+00       0.0000E+00       0.0000E+00
       1.9750E+00       0.0000E+00       0.0000E+00       6.0405E-06       1.2735E-05       2.6594E-08       0.0000E+00       5.9986E-07       0.0000E+00       0.0000E+00       0.0000E+00       0.0000E+00
       1.9850E+00       0.0000E+00       0.0000E+00       6.0469E-06       1.2729E-05       2.6246E-08       0.0000E+00       5.9960E-07       0.0000E+00       0.0000E+00       0.0000E+00       0.0000E+00
       1.9950E+00       0.0000E+00       0.0000E+00       6.0530E-06       1.2723E-05       2.5901E-08       0.0000E+00       5.9934E-07       0.0000E+00       0.0000E+00       0.0000E+00       0.0000E+00
       2.0050E+00       0.0000E+00       0.0000E+00       6.0590E-06       1.2717E-05       2.5559E-08       0.0000E+00       5.9908E-07       0.0000E+00       0.0000E+00       0.0000E+00       0.0000E+00
       2.0150E+00       0.0000E+00       0.0000E+00       6.0647E-06       1.2712E-05       2.5219E-08       0.0000E+00       5.9880E-07       0.0000E+00       0.0000E+00       0.0000E+00       0.0000E+00
       2.0250E+00       0.0000E+00       0.0000E+00       6.0702E-06       1.2706E-05       2.4883E-08       0.0000E+00       5.9853E-07       0.0000E+00       0.0000E+00       0.0000E+00       0.0000E+00
       2.0350E+00       0.0000E+00       0.0000E+00       6.0755E-06       1.2701E-05       2.4551E-08       0.0000E+00       5.9825E-07       0.0000E+00       0.0000E+00       0.0000E+00       0.0000E+00
       2.0450E+00       0.0000E+00       0.0000E+00       6.0807E-06       1.2697E-05       2.4222E-08       0.0000E+00       5.9796E-07       0.0000E+00       0.0000E+00       0.0000E+00       0.0000E+00
       2.0550E+00       0.0000E+00       0.0000E+00       6.0856E-06       1.2692E-05       2.3897E-08       0.0000E+00       5.9767E-07       0.0000E+00       0.0000E+00       0.0000E+00       0.0000E+00
       2.0650E+00       0.0000E+00       0.0000E+00       6.0904E-06       1.2688E-05       2.3575E-08       0.0000E+00       5.9738E-07       0.0000E+00       0.0000E+00       0.0000E+00       0.0000E+00
       2.0750E+00       0.0000E+00       0.0000E+00       6.0950E-06       1.2683E-05       2.3257E-08       0.0000E+00       5.9708E-07       0.0000E+00       0.0000E+00       0.0000E+00       0.0000E+00
       2.0850E+00       0.0000E+00       0.0000E+00       6.0994E-06       1.2679E-05       2.2944E-08       0.0000E+00       5.9678E-07       0.0000E+00       0.0000E+00       0.0000E+00       0.0000E+00
       2.0950E+00       0.0000E+00       0.0000E+00       6.1037E-06       1.2675E-05       2.2634E-08       0.0000E+00       5.9647E-07       0.0000E+00       0.0000E+00       0.0000E+00       0.0000E+00
       2.1050E+00       0.0000E+00       0.0000E+00       6.1078E-06       1.2671E-05       2.2329E-08       0.0000E+00       5.9616E-07       0.0000E+00       0.0000E+00       0.0000E+00       0.0000E+00
       2.1150E+00       0.0000E+00       0.0000E+00       6.1117E-06       1.2668E-05       2.2028E-08       0.0000E+00       5.9584E-07       0.0000E+00       0.0000E+00       0.0000E+00       0.0000E+00
       2.1250E+00       0.0000E+00       0.0000E+00       6.1155E-06       1.2664E-05       2.1731E-08       0.0000E+00       5.9551E-07       0.0000E+00       0.0000E+00       0.0000E+00       0.0000E+00
       2.1350E+00       0.0000E+00       0.0000E+00       6.1191E-06       1.2661E-05       2.1439E-08       0.0000E+00       5.9519E-07       0.0000E+00       0.0000E+00       0.0000E+00       0.0000E+00
       2.1450E+00       0.0000E+00       0.0000E+00       6.1227E-06       1.2658E-05       2.1151E-08       0.0000E+00       5.9485E-07       0.0000E+00       0.0000E+00       0.0000E+00       0.0000E+00
       2.1550E+00       0.0000E+00       0.0000E+00       6.1260E-06       1.2655E-05       2.0868E-08       0.0000E+00       5.9451E-07       0.0000E+00       0.0000E+00       0.0000E+00       0.0000E+00
       2.1650E+00       0.0000E+00       0.0000E+00       6.1293E-06       1.2652E-05       2.0589E-08       0.0000E+00       5.9417E-07       0.0000E+00       0.0000E+00       0.0000E+00       0.0000E+00
       2.1750E+00       0.0000E+00       0.0000E+00       6.1324E-06       1.2649E-05       2.0316E-08       0.0000E+00       5.9382E-07       0.0000E+00       0.0000E+00       0.0000E+00       0.0000E+00
       2.1850E+00       0.0000E+00       0.0000E+00       6.1354E-06       1.2646E-05       2.0047E-08       0.0000E+00       5.9346E-07       0.0000E+00       0.0000E+00       0.0000E+00       0.0000E+00
       2.1950E+00       0.0000E+00       0.0000E+00       6.1383E-06       1.2644E-05       1.9782E-08       0.0000E+00       5.9310E-07       0.0000E+00       0.0000E+00       0.0000E+00       0.0000E+00
       2.2050E+00       0.0000E+00       0.0000E+00       6.1411E-06       1.2641E-05       1.9523E-08       0.0000E+00       5.9273E-07       0.0000E+00       0.0000E+00       0.0000E+00       0.0000E+00
       2.2150E+00       0.0000E+00       0.0000E+00       6.1438E-06       1.2639E-05       1.9269E-08       0.0000E+00       5.9236E-07       0.0000E+00       0.0000E+00       0.0000E+00       0.0000E+00
       2.2250E+00       0.0000E+00       0.0000E+00       6.1463E-06       1.2637E-05       1.9019E-08       0.0000E+00       5.9198E-07       0.0000E+00       0.0000E+00       0.0000E+00       0.0000E+00
       2.2350E+00       0.0000E+00       0.0000E+00       6.1488E-06       1.2634E-05       1.8775E-08       0.0000E+00       5.9159E-07       0.0000E+00       0.0000E+00       0.0000E+00       0.0000E+00
       2.2450E+00       0.0000E+00       0.0000E+00       6.1512E-06       1.2632E-05       1.8536E-08       0.0000E+00       5.9120E-07       0.0000E+00       0.0000E+00       0.0000E+00       0.0000E+00
       2.2550E+00       0.0000E+00       0.0000E+00       6.1534E-06       1.2630E-05       1.8301E-08       0.0000E+00       5.9080E-07       0.0000E+00       0.0000E+00       0.0000E+00       0.0000E+00
       2.2650E+00       0.0000E+00       0.0000E+00       6.1556E-06       1.2629E-05       1.8072E-08       0.0000E+00       5.9040E-07       0.0000E+00       0.0000E+00       0.0000E+00       0.0000E+00
       2.2750E+00       0.0000E+00       0.0000E+00       6.1577E-06       1.2627E-05       1.7847E-08       0.0000E+00       5.8999E-07       0.0000E+00       0.0000E+00       0.0000E+00       0.0000E+00
       2.2850E+00       0.0000E+00       0.0000E+00       6.1597E-06       1.2625E-05       1.7628E-08       0.0000E+00       5.8957E-07       0.0000E+00       0.0000E+00       0.0000E+00       0.0000E+00
       2.2950E+00       0.0000E+00       0.0000E+00       6.1617E-06       1.2623E-05       1.7414E-08       0.0000E+00       5.8914E-07       0.0000E+00       0.0000E+00       0.0000E+00       0.0000E+00
       2.3050E+00       0.0000E+00       0.0000E+00       6.1635E-06       1.2622E-05       1.7205E-08       0.0000E+00       5.8871E-07       0.0000E+00       0.0000E+00       0.0000E+00       0.0000E+00
       2.3150E+00       0.0000E+00       0.0000E+00       6.1653E-06       1.2620E-05       1.7000E-08       0.0000E+00       5.8827E-07       0.0000E+00       0.0000E+00       0.0000E+00       0.0000E+00
       2.3250E+00       0.0000E+00       0.0000E+00       6.1670E-06       1.2619E-05       1.6801E-08       0.0000E+00       5.8783E-07       0.0000E+00       0.0000E+00       0.0000E+00       0.0000E+00
       2.3350E+00       0.0000E+00       0.0000E+00       6.1687E-06       1.2618E-05       1.6607E-08       0.0000E+00       5.8737E-07       0.0000E+00       0.0000E+00       0.0000E+00       0.0000E+00
       2.3450E+00       0.0000E+00       0.0000E+00       6.1702E-06       1.2617E-05       1.6418E-08       0.0000E+00       5.8691E-07       0.0000E+00       0.0000E+00       0.0000E+00       0.0000E+00
       2.3550E+00       0.0000E+00       0.0000E+00       6.1717E-06       1.2615E-05       1.6233E-08       0.0000E+00       5.8644E-07       0.0000E+00       0.0000E+00       0.0000E+00       0.0000E+00
       2.3650E+00       0.0000E+00       0.0000E+00       6.1732E-06       1.2614E-05       1.6054E-08       0.0000E+00       5.8597E-07       0.0000E+00       0.0000E+00       0.0000E+00       0.0000E+00
       2.3750E+00       0.0000E+00       0.0000E+00       6.1746E-06       1.2613E-05       1.5879E-08       0.0000E+00       5.8548E-07       0.0000E+00       0.0000E+00       0.0000E+00       0.0000E+00
       2.3850E+00       0.0000E+00       0.0000E+00       6.1759E-06       1.2612E-05       1.5710E-08       0.0000E+00       5.8499E-07       0.0000E+00       0.0000E+00       0.0000E+00       0.0000E+00
       2.3950E+00       0.0000E+00       0.0000E+00       6.1772E-06       1.2611E-05       1.5545E-08       0.0000E+00       5.8449E-07       0.0000E+00       0.0000E+00       0.0000E+00       0.0000E+00
       2.4050E+00       0.0000E+00       0.0000E+00       6.1784E-06       1.2610E-05       1.5385E-08       0.0000E+00       5.8399E-07       0.0000E+00       0.0000E+00       0.0000E+00       0.0000E+00
       2.4150E+00       0.0000E+00       0.0000E+00       6.1796E-06       1.2609E-05       1.5230E-08       0.0000E+00       5.8347E-07       0.0000E+00       0.0000E+00       0.0000E+00       0.0000E+00
       2.4250E+00       0.0000E+00       0.0000E+00       6.1807E-06       1.2609E-05       1.5079E-08       0.0000E+00       5.8294E-07       0.0000E+00       0.0000E+00       0.0000E+00       0.0000E+00
       2.4350E+00       0.0000E+00       0.0000E+00       6.1818E-06       1.2608E-05       1.4933E-08       0.0000E+00       5.8241E-07       0.0000E+00       0.0000E+00       0.0000E+00       0.0000E+00
       2.4450E+00       0.0000E+00       0.0000E+00       6.1828E-06       1.2607E-05       1.4792E-08       0.0000E+00       5.8187E-07       0.0000E+00       0.0000E+00       0.0000E+00       0.0000E+00
       2.4550E+00       0.0000E+00       0.0000E+00       6.1838E-06       1.2607E-05       1.4655E-08       0.0000E+00       5.8132E-07       0.0000E+00       0.0000E+00       0.0000E+00       0.0000E+00
       2.4650E+00       0.0000E+00       0.0000E+00       6.1848E-06       1.2606E-05       1.4523E-08       0.0000E+00       5.8076E-07       0.0000E+00       0.0000E+00       0.0000E+00       0.0000E+00
       2.4750E+00       0.0000E+00       0.0000E+00       6.1857E-06       1.2605E-05       1.4395E-08       0.0000E+00       5.8019E-07       0.0000E+00       0.0000E+00       0.0000E+00       0.0000E+00
       2.4850E+00       0.0000E+00       0.0000E+00       6.1866E-06       1.2605E-05       1.4272E-08       0.0000E+00       5.7962E-07       0.0000E+00       0.0000E+00       0.0000E+00       0.0000E+00
       2.4950E+00       0.0000E+00       0.0000E+00       6.1874E-06       1.2604E-05       1.4153E-08       0.0000E+00       5.7903E-07       0.0000E+00       0.0000E+00       0.0000E+00       0.0000E+00
       2.5050E+00       0.0000E+00       0.0000E+00       6.1882E-06       1.2604E-05       1.4039E-08       0.0000E+00       5.7844E-07       0.0000E+00       0.0000E+00       0.0000E+00       0.0000E+00
       2.5150E+00       0.0000E+00       0.0000E+00       6.1889E-06       1.2604E-05       1.3928E-08       0.0000E+00       5.7783E-07       0.0000E+00       0.0000E+00       0.0000E+00       0.0000E+00
       2.5250E+00       0.0000E+00       0.0000E+00       6.1897E-06       1.2603E-05       1.3822E-08       0.0000E+00       5.7722E-07       0.0000E+00       0.0000E+00       0.0000E+00       0.0000E+00
       2.5350E+00       0.0000E+00       0.0000E+00       6.1904E-06       1.2603E-05       1.3720E-08       0.0000E+00       5.7659E-07       0.0000E+00       0.0000E+00       0.0000E+00       0.0000E+00
       2.5450E+00       0.0000E+00       0.0000E+00       6.1910E-06       1.2603E-05       1.3622E-08       0.0000E+00       5.7596E-07       0.0000E+00       0.0000E+00       0.0000E+00       0.0000E+00
       2.5550E+00       0.0000E+00       0.0000E+00       6.1917E-06       1.2602E-05       1.3528E-08       0.0000E+00       5.7532E-07       0.0000E+00       0.0000E+00       0.0000E+00       0.0000E+00
       2.5650E+00       0.0000E+00       0.0000E+00       6.1923E-06       1.2602E-05       1.3438E-08       0.0000E+00       5.7467E-07       0.0000E+00       0.0000E+00       0.0000E+00       0.0000E+00
       2.5750E+00       0.0000E+00       0.0000E+00       6.1928E-06       1.2602E-05       1.3352E-08       0.0000E+00       5.7401E-07       0.0000E+00       0.0000E+00       0.0000E+00       0.0000E+00
       2.5850E+00       0.0000E+00       0.0000E+00       6.1934E-06       1.2602E-05       1.3269E-08       0.0000E+00       5.7333E-07       0.0000E+00       0.0000E+00       0.0000E+00       0.0000E+00
       2.5950E+00       0.0000E+00       0.0000E+00       6.1939E-06       1.2602E-05       1.3191E-08       0.0000E+00       5.7265E-07       0.0000E+00       0.0000E+00       0.0000E+00       0.0000E+00
       2.6050E+00       0.0000E+00       0.0000E+00       6.1944E-06       1.2601E-05       1.3116E-08       0.0000E+00       5.7196E-07       0.0000E+00       0.0000E+00       0.0000E+00       0.0000E+00
       2.6150E+00       0.0000E+00       0.0000E+00       6.1948E-06       1.2601E-05       1.3044E-08       0.0000E+00       5.7126E-07       0.0000E+00       0.0000E+00       0.0000E+00       0.0000E+00
       2.6250E+00       0.0000E+00       0.0000E+00       6.1953E-06       1.2601E-05       1.2977E-08       0.0000E+00       5.7055E-07       0.0000E+00       0.0000E+00       0.0000E+00       0.0000E+00
       2.6350E+00       0.0000E+00       0.0000E+00       6.1957E-06       1.2601E-05       1.2913E-08       0.0000E+00       5.6983E-07       0.0000E+00       0.0000E+00       0.0000E+00       0.0000E+00
       2.6450E+00       0.0000E+00       0.0000E+00       6.1961E-06       1.2601E-05       1.2852E-08       0.0000E+00       5.6910E-07       0.0000E+00       0.0000E+00       0.0000E+00       0.0000E+00
       2.6550E+00       0.0000E+00       0.0000E+00       6.1964E-06       1.2601E-05       1.2794E-08       0.0000E+00       5.6836E-07       0.0000E+00       0.0000E+00       0.0000E+00       0.0000E+00
       2.6650E+00       0.0000E+00       0.0000E+00       6.1967E-06       1.2601E-05       1.2740E-08       0.0000E+00       5.6760E-07       0.0000E+00       0.0000E+00       0.0000E+00       0.0000E+00
       2.6750E+00       0.0000E+00       0.0000E+00       6.1970E-06       1.2602E-05       1.2690E-08       0.0000E+00       5.6684E-07       0.0000E+00       0.0000E+00       0.0000E+00       0.0000E+00
       2.6850E+00       0.0000E+00       0.0000E+00       6.1973E-06       1.2602E-05       1.2642E-08       0.0000E+00       5.6607E-07       0.0000E+00       0.0000E+00       0.0000E+00       0.0000E+00
       2.6950E+00       0.0000E+00       0.0000E+00       6.1976E-06       1.2602E-05       1.2598E-08       0.0000E+00       5.6529E-07       0.0000E+00       0.0000E+00       0.0000E+00       0.0000E+00
       2.7050E+00       0.0000E+00       0.0000E+00       6.1978E-06       1.2602E-05       1.2557E-08       0.0000E+00       5.6449E-07       0.0000E+00       0.0000E+00       0.0000E+00       0.0000E+00
       2.7150E+00       0.0000E+00       0.0000E+00       6.1980E-06       1.2602E-05       1.2518E-08       0.0000E+00       5.6369E-07       0.0000E+00       0.0000E+00       0.0000E+00       0.0000E+00
       2.7250E+00       0.0000E+00       0.0000E+00       6.1982E-06       1.2603E-05       1.2483E-08       0.0000E+00       5.6288E-07       0.0000E+00       0.0000E+00       0.0000E+00       0.0000E+00
       2.7350E+00       0.0000E+00       0.0000E+00       6.1983E-06       1.2603E-05       1.2451E-08       0.0000E+00       5.6205E-07       0.0000E+00       0.0000E+00       0.0000E+00       0.0000E+00
       2.7450E+00       0.0000E+00       0.0000E+00       6.1984E-06       1.2603E-05       1.2421E-08       0.0000E+00       5.6122E-07       0.0000E+00       0.0000E+00       0.0000E+00       0.0000E+00
       2.7550E+00       0.0000E+00       0.0000E+00       6.1985E-06       1.2603E-05       1.2395E-08       0.0000E+00       5.6037E-07       0.0000E+00       0.0000E+00       0.0000E+00       0.0000E+00
       2.7650E+00       0.0000E+00       0.0000E+00       6.1986E-06       1.2604E-05       1.2371E-08       0.0000E+00       5.5952E-07       0.0000E+00       0.0000E+00       0.0000E+00       0.0000E+00
       2.7750E+00       0.0000E+00       0.0000E+00       6.1986E-06       1.2604E-05       1.2350E-08       0.0000E+00       5.5865E-07       0.0000E+00       0.0000E+00       0.0000E+00       0.0000E+00
       2.7850E+00       0.0000E+00       0.0000E+00       6.1986E-06       1.2605E-05       1.2331E-08       0.0000E+00       5.5778E-07       0.0000E+00       0.0000E+00       0.0000E+00       0.0000E+00
       2.7950E+00       0.0000E+00       0.0000E+00       6.1986E-06       1.2605E-05       1.2315E-08       0.0000E+00       5.5689E-07       0.0000E+00       0.0000E+00       0.0000E+00       0.0000E+00
       2.8050E+00       0.0000E+00       0.0000E+00       6.1985E-06       1.2606E-05       1.2302E-08       0.0000E+00       5.5599E-07       0.0000E+00       0.0000E+00       0.0000E+00       0.0000E+00
       2.8150E+00       0.0000E+00       0.0000E+00       6.1985E-06       1.2606E-05       1.2291E-08       0.0000E+00       5.5509E-07       0.0000E+00       0.0000E+00       0.0000E+00       0.0000E+00
       2.8250E+00       0.0000E+00       0.0000E+00       6.1983E-06       1.2607E-05       1.2282E-08       0.0000E+00       5.5417E-07       0.0000E+00       0.0000E+00       0.0000E+00       0.0000E+00
       2.8350E+00       0.0000E+00       0.0000E+00       6.1982E-06       1.2607E-05       1.2276E-08       0.0000E+00       5.5324E-07       0.0000E+00       0.0000E+00       0.0000E+00       0.0000E+00
       2.8450E+00       0.0000E+00       0.0000E+00       6.1980E-06       1.2608E-05       1.2273E-08       0.0000E+00       5.5231E-07       0.0000E+00       0.0000E+00       0.0000E+00       0.0000E+00
       2.8550E+00       0.0000E+00       0.0000E+00       6.1977E-06       1.2609E-05       1.2271E-08       0.0000E+00       5.5136E-07       0.0000E+00       0.0000E+00       0.0000E+00       0.0000E+00
       2.8650E+00       0.0000E+00       0.0000E+00       6.1975E-06       1.2610E-05       1.2272E-08       0.0000E+00       5.5040E-07       0.0000E+00       0.0000E+00       0.0000E+00       0.0000E+00
       2.8750E+00       0.0000E+00       0.0000E+00       6.1972E-06       1.2610E-05       1.2275E-08       0.0000E+00       5.4944E-07       0.0000E+00       0.0000E+00       0.0000E+00       0.0000E+00
       2.8850E+00       0.0000E+00       0.0000E+00       6.1968E-06       1.2611E-05       1.2280E-08       0.0000E+00       5.4847E-07       0.0000E+00       0.0000E+00       0.0000E+00       0.0000E+00
       2.8950E+00       0.0000E+00       0.0000E+00       6.1965E-06       1.2612E-05       1.2287E-08       0.0000E+00       5.4749E-07       0.0000E+00       0.0000E+00       0.0000E+00       0.0000E+00
       2.9050E+00       0.0000E+00       0.0000E+00       6.1961E-06       1.2613E-05       1.2296E-08       0.0000E+00       5.4651E-07       0.0000E+00       0.0000E+00       0.0000E+00       0.0000E+00
       2.9150E+00       0.0000E+00       0.0000E+00       6.1956E-06       1.2614E-05       1.2307E-08       0.0000E+00       5.4553E-07       0.0000E+00       0.0000E+00       0.0000E+00       0.0000E+00
       2.9250E+00       0.0000E+00       0.0000E+00       6.1951E-06       1.2615E-05       1.2320E-08       0.0000E+00       5.4455E-07       0.0000E+00       0.0000E+00       0.0000E+00       0.0000E+00
       2.9350E+00       0.0000E+00       0.0000E+00       6.1946E-06       1.2616E-05       1.2333E-08       0.0000E+00       5.4358E-07       0.0000E+00       0.0000E+00       0.0000E+00       0.0000E+00
       2.9450E+00       0.0000E+00       0.0000E+00       6.1941E-06       1.2617E-05       1.2348E-08       0.0000E+00       5.4263E-07       0.0000E+00       0.0000E+00       0.0000E+00       0.0000E+00
       2.9550E+00       0.0000E+00       0.0000E+00       6.1936E-06       1.2618E-05       1.2363E-08       0.0000E+00       5.4172E-07       0.0000E+00       0.0000E+00       0.0000E+00       0.0000E+00
       2.9650E+00       0.0000E+00       0.0000E+00       6.1931E-06       1.2619E-05       1.2378E-08       0.0000E+00       5.4087E-07       0.0000E+00       0.0000E+00       0.0000E+00       0.0000E+00
       2.9750E+00       0.0000E+00       0.0000E+00       6.1927E-06       1.2619E-05       1.2392E-08       0.0000E+00       5.4012E-07       0.0000E+00       0.0000E+00       0.0000E+00       0.0000E+00
       2.9850E+00       0.0000E+00       0.0000E+00       6.1923E-06       1.2620E-05       1.2404E-08       0.0000E+00       5.3952E-07       0.0000E+00       0.0000E+00       0.0000E+00       0.0000E+00
       2.9950E+00       0.0000E+00       0.0000E+00       6.1921E-06       1.2621E-05       1.2411E-08       0.0000E+00       5.3915E-07       0.0000E+00       0.0000E+00       0.0000E+00       0.0000E+00
