# Time          4.5000E+01
# Units: Mol/g solid
    Distance           H+               CO2(aq)          Mg++             Ca++             K+               SiO2(aq)         Na+              Al+++            Cl-              NO3-             Tracer       
       5.0000E-03       0.0000E+00       0.0000E+00       3.9330E-11       8.0936E-11       2.9806E-13       0.0000E+00       3.9474E-12       0.0000E+00       0.0000E+00       0.0000E+00       0.0000E+00
       1.5000E-02       0.0000E+00       0.0000E+00       3.8032E-11       8.2237E-11       2.9784E-13       0.0000E+00       3.9407E-12       0.0000E+00       0.0000E+00       0.0000E+00       0.0000E+00
       2.5000E-02       0.0000E+00       0.0000E+00       3.6333E-11       8.3940E-11       2.9746E-13       0.0000E+00       3.9319E-12       0.0000E+00       0.0000E+00       0.0000E+00       0.0000E+00
       3.5000E-02       0.0000E+00       0.0000E+00       3.4260E-11       8.6019E-11       2.9693E-13       0.0000E+00       3.9211E-12       0.0000E+00       0.0000E+00       0.0000E+00       0.0000E+00
       4.5000E-02       0.0000E+00       0.0000E+00       3.1872E-11       8.8413E-11       2.9626E-13       0.0000E+00       3.9087E-12       0.0000E+00       0.0000E+00       0.0000E+00       0.0000E+00
       5.5000E-02       0.0000E+00       0.0000E+00       2.9257E-11       9.1035E-11       2.9549E-13       0.0000E+00       3.8951E-12       0.0000E+00       0.0000E+00       0.0000E+00       0.0000E+00
       6.5000E-02       0.0000E+00       0.0000E+00       2.6515E-11       9.3785E-11       2.9467E-13       0.0000E+00       3.8808E-12       0.0000E+00       0.0000E+00       0.0000E+00       0.0000E+00
       7.5000E-02       0.0000E+00       0.0000E+00       2.3745E-11       9.6563E-11       2.9383E-13       0.0000E+00       3.8662E-12       0.0000E+00       0.0000E+00       0.0000E+00       0.0000E+00
       8.5000E-02       0.0000E+00       0.0000E+00       2.1039E-11       9.9276E-11       2.9300E-13       0.0000E+00       3.8520E-12       0.0000E+00       0.0000E+00       0.0000E+00       0.0000E+00
       9.5000E-02       0.0000E+00       0.0000E+00       1.8473E-11       1.0185E-10       2.9223E-13       0.0000E+00       3.8384E-12       0.0000E+00       0.0000E+00       0.0000E+00       0.0000E+00
       1.0500E-01       0.0000E+00       0.0000E+00       1.6101E-11       1.0423E-10       2.9154E-13       0.0000E+00       3.8258E-12       0.0000E+00       0.0000E+00       0.0000E+00       0.0000E+00
       1.1500E-01       0.0000E+00       0.0000E+00       1.3957E-11       1.0638E-10       2.9093E-13       0.0000E+00       3.8144E-12       0.0000E+00       0.0000E+00       0.0000E+00       0.0000E+00
       1.2500E-01       0.0000E+00       0.0000E+00       1.2058E-11       1.0828E-10       2.9042E-13       0.0000E+00       3.8042E-12       0.0000E+00       0.0000E+00       0.0000E+00       0.0000E+00
       1.3500E-01       0.0000E+00       0.0000E+00       1.0404E-11       1.0994E-10       2.9002E-13       0.0000E+00       3.7954E-12       0.0000E+00       0.0000E+00       0.0000E+00       0.0000E+00
       1.4500E-01       0.0000E+00       0.0000E+00       8.9817E-12       1.1137E-10       2.8970E-13       0.0000E+00       3.7878E-12       0.0000E+00       0.0000E+00       0.0000E+00       0.0000E+00
       1.5500E-01       0.0000E+00       0.0000E+00       7.7717E-12       1.1258E-10       2.8948E-13       0.0000E+00       3.7813E-12       0.0000E+00       0.0000E+00       0.0000E+00       0.0000E+00
       1.6500E-01       0.0000E+00       0.0000E+00       6.7495E-12       1.1361E-10       2.8933E-13       0.0000E+00       3.7758E-12       0.0000E+00       0.0000E+00       0.0000E+00       0.0000E+00
       1.7500E-01       0.0000E+00       0.0000E+00       5.8892E-12       1.1447E-10       2.8926E-13       0.0000E+00       3.7711E-12       0.0000E+00       0.0000E+00       0.0000E+00       0.0000E+00
       1.8500E-01       0.0000E+00       0.0000E+00       5.1658E-12       1.1519E-10       2.8923E-13       0.0000E+00       3.7672E-12       0.0000E+00       0.0000E+00       0.0000E+00       0.0000E+00
       1.9500E-01       0.0000E+00       0.0000E+00       4.5567E-12       1.1580E-10       2.8926E-13       0.0000E+00       3.7639E-12       0.0000E+00       0.0000E+00       0.0000E+00       0.0000E+00
       2.0500E-01       0.0000E+00       0.0000E+00       4.0433E-12       1.1632E-10       2.8933E-13       0.0000E+00       3.7611E-12       0.0000E+00       0.0000E+00       0.0000E+00       0.0000E+00
       2.1500E-01       0.0000E+00       0.0000E+00       3.6113E-12       1.1675E-10       2.8943E-13       0.0000E+00       3.7588E-12       0.0000E+00       0.0000E+00       0.0000E+00       0.0000E+00
       2.2500E-01       0.0000E+00       0.0000E+00       3.2518E-12       1.1711E-10       2.8956E-13       0.0000E+00       3.7569E-12       0.0000E+00       0.0000E+00       0.0000E+00       0.0000E+00
       2.3500E-01       0.0000E+00       0.0000E+00       2.9620E-12       1.1740E-10       2.8972E-13       0.0000E+00       3.7553E-12       0.0000E+00       0.0000E+00       0.0000E+00       0.0000E+00
       2.4500E-01       0.0000E+00       0.0000E+00       2.7474E-12       1.1762E-10       2.8992E-13       0.0000E+00       3.7541E-12       0.0000E+00       0.0000E+00       0.0000E+00       0.0000E+00
       2.5500E-01       0.0000E+00       0.0000E+00       4.0953E-07       1.8363E-05       4.5254E-08       0.0000E+00       5.8541E-07       0.0000E+00       0.0000E+00       0.0000E+00       0.0000E+00
       2.6500E-01       0.0000E+00       0.0000E+00       3.9175E-07       1.8381E-05       4.5291E-08       0.0000E+00       5.8531E-07       0.0000E+00       0.0000E+00       0.0000E+00       0.0000E+00
       2.7500E-01       0.0000E+00       0.0000E+00       3.7512E-07       1.8398E-05       4.5328E-08       0.0000E+00       5.8522E-07       0.0000E+00       0.0000E+00       0.0000E+00       0.0000E+00
       2.8500E-01       0.0000E+00       0.0000E+00       3.5961E-07       1.8413E-05       4.5366E-08       0.0000E+00       5.8514E-07       0.0000E+00       0.0000E+00       0.0000E+00       0.0000E+00
       2.9500E-01       0.0000E+00       0.0000E+00       3.4524E-07       1.8428E-05       4.5405E-08       0.0000E+00       5.8506E-07       0.0000E+00       0.0000E+00       0.0000E+00       0.0000E+00
       3.0500E-01       0.0000E+00       0.0000E+00       3.3202E-07       1.8441E-05       4.5444E-08       0.0000E+00       5.8499E-07       0.0000E+00       0.0000E+00       0.0000E+00       0.0000E+00
       3.1500E-01       0.0000E+00       0.0000E+00       3.1998E-07       1.8453E-05       4.5484E-08       0.0000E+00       5.8493E-07       0.0000E+00       0.0000E+00       0.0000E+00       0.0000E+00
       3.2500E-01       0.0000E+00       0.0000E+00       3.0917E-07       1.8464E-05       4.5524E-08       0.0000E+00       5.8487E-07       0.0000E+00       0.0000E+00       0.0000E+00       0.0000E+00
       3.3500E-01       0.0000E+00       0.0000E+00       2.9965E-07       1.8473E-05       4.5564E-08       0.0000E+00       5.8482E-07       0.0000E+00       0.0000E+00       0.0000E+00       0.0000E+00
       3.4500E-01       0.0000E+00       0.0000E+00       2.9149E-07       1.8482E-05       4.5606E-08       0.0000E+00       5.8478E-07       0.0000E+00       0.0000E+00       0.0000E+00       0.0000E+00
       3.5500E-01       0.0000E+00       0.0000E+00       2.8474E-07       1.8488E-05       4.5647E-08       0.0000E+00       5.8474E-07       0.0000E+00       0.0000E+00       0.0000E+00       0.0000E+00
       3.6500E-01       0.0000E+00       0.0000E+00       2.7948E-07       1.8494E-05       4.5690E-08       0.0000E+00       5.8471E-07       0.0000E+00       0.0000E+00       0.0000E+00       0.0000E+00
       3.7500E-01       0.0000E+00       0.0000E+00       2.7579E-07       1.8497E-05       4.5733E-08       0.0000E+00       5.8469E-07       0.0000E+00       0.0000E+00       0.0000E+00       0.0000E+00
       3.8500E-01       0.0000E+00       0.0000E+00       2.7373E-07       1.8499E-05       4.5777E-08       0.0000E+00       5.8468E-07       0.0000E+00       0.0000E+00       0.0000E+00       0.0000E+00
       3.9500E-01       0.0000E+00       0.0000E+00       2.7338E-07       1.8500E-05       4.5821E-08       0.0000E+00       5.8468E-07       0.0000E+00       0.0000E+00       0.0000E+00       0.0000E+00
       4.0500E-01       0.0000E+00       0.0000E+00       2.7480E-07       1.8498E-05       4.5867E-08       0.0000E+00       5.8469E-07       0.0000E+00       0.0000E+00       0.0000E+00       0.0000E+00
       4.1500E-01       0.0000E+00       0.0000E+00       2.7804E-07       1.8495E-05       4.5913E-08       0.0000E+00       5.8471E-07       0.0000E+00       0.0000E+00       0.0000E+00       0.0000E+00
       4.2500E-01       0.0000E+00       0.0000E+00       2.8313E-07       1.8490E-05       4.5960E-08       0.0000E+00       5.8473E-07       0.0000E+00       0.0000E+00       0.0000E+00       0.0000E+00
       4.3500E-01       0.0000E+00       0.0000E+00       2.9012E-07       1.8483E-05       4.6008E-08       0.0000E+00       5.8477E-07       0.0000E+00       0.0000E+00       0.0000E+00       0.0000E+00
       4.4500E-01       0.0000E+00       0.0000E+00       2.9901E-07       1.8474E-05       4.6056E-08       0.0000E+00       5.8482E-07       0.0000E+00       0.0000E+00       0.0000E+00       0.0000E+00
       4.5500E-01       0.0000E+00       0.0000E+00       3.0983E-07       1.8463E-05       4.6106E-08       0.0000E+00       5.8488E-07       0.0000E+00       0.0000E+00       0.0000E+00       0.0000E+00
       4.6500E-01       0.0000E+00       0.0000E+00       3.2256E-07       1.8450E-05       4.6156E-08       0.0000E+00       5.8495E-07       0.0000E+00       0.0000E+00       0.0000E+00       0.0000E+00
       4.7500E-01       0.0000E+00       0.0000E+00       3.3718E-07       1.8436E-05       4.6207E-08       0.0000E+00       5.8503E-07       0.0000E+00       0.0000E+00       0.0000E+00       0.0000E+00
       4.8500E-01       0.0000E+00       0.0000E+00       3.5369E-07       1.8419E-05       4.6259E-08       0.0000E+00       5.8512E-07       0.0000E+00       0.0000E+00       0.0000E+00       0.0000E+00
       4.9500E-01       0.0000E+00       0.0000E+00       3.7203E-07       1.8401E-05       4.6312E-08       0.0000E+00       5.8522E-07       0.0000E+00       0.0000E+00       0.0000E+00       0.0000E+00
       5.0500E-01       0.0000E+00       0.0000E+00       3.9217E-07       1.8380E-05       4.6366E-08       0.0000E+00       5.8532E-07       0.0000E+00       0.0000E+00       0.0000E+00       0.0000E+00
       5.1500E-01       0.0000E+00       0.0000E+00       4.1406E-07       1.8359E-05       4.6420E-08       0.0000E+00       5.8544E-07       0.0000E+00       0.0000E+00       0.0000E+00       0.0000E+00
       5.2500E-01       0.0000E+00       0.0000E+00       4.3765E-07       1.8335E-05       4.6475E-08       0.0000E+00       5.8557E-07       0.0000E+00       0.0000E+00       0.0000E+00       0.0000E+00
       5.3500E-01       0.0000E+00       0.0000E+00       4.6288E-07       1.8309E-05       4.6531E-08       0.0000E+00       5.8571E-07       0.0000E+00       0.0000E+00       0.0000E+00       0.0000E+00
       5.4500E-01       0.0000E+00       0.0000E+00       4.8970E-07       1.8283E-05       4.6588E-08       0.0000E+00       5.8585E-07       0.0000E+00       0.0000E+00       0.0000E+00       0.0000E+00
       5.5500E-01       0.0000E+00       0.0000E+00       5.1805E-07       1.8254E-05       4.6645E-08       0.0000E+00       5.8601E-07       0.0000E+00       0.0000E+00       0.0000E+00       0.0000E+00
       5.6500E-01       0.0000E+00       0.0000E+00       5.4788E-07       1.8224E-05       4.6703E-08       0.0000E+00       5.8617E-07       0.0000E+00       0.0000E+00       0.0000E+00       0.0000E+00
       5.7500E-01       0.0000E+00       0.0000E+00       5.7914E-07       1.8193E-05       4.6762E-08       0.0000E+00       5.8634E-07       0.0000E+00       0.0000E+00       0.0000E+00       0.0000E+00
       5.8500E-01       0.0000E+00       0.0000E+00       6.1176E-07       1.8160E-05       4.6821E-08       0.0000E+00       5.8651E-07       0.0000E+00       0.0000E+00       0.0000E+00       0.0000E+00
       5.9500E-01       0.0000E+00       0.0000E+00       6.4571E-07       1.8126E-05       4.6881E-08       0.0000E+00       5.8670E-07       0.0000E+00       0.0000E+00       0.0000E+00       0.0000E+00
       6.0500E-01       0.0000E+00       0.0000E+00       6.8094E-07       1.8091E-05       4.6942E-08       0.0000E+00       5.8689E-07       0.0000E+00       0.0000E+00       0.0000E+00       0.0000E+00
       6.1500E-01       0.0000E+00       0.0000E+00       7.1741E-07       1.8054E-05       4.7003E-08       0.0000E+00       5.8708E-07       0.0000E+00       0.0000E+00       0.0000E+00       0.0000E+00
       6.2500E-01       0.0000E+00       0.0000E+00       7.5509E-07       1.8016E-05       4.7065E-08       0.0000E+00       5.8729E-07       0.0000E+00       0.0000E+00       0.0000E+00       0.0000E+00
       6.3500E-01       0.0000E+00       0.0000E+00       7.9392E-07       1.7977E-05       4.7127E-08       0.0000E+00       5.8749E-07       0.0000E+00       0.0000E+00       0.0000E+00       0.0000E+00
       6.4500E-01       0.0000E+00       0.0000E+00       8.3390E-07       1.7937E-05       4.7190E-08       0.0000E+00       5.8771E-07       0.0000E+00       0.0000E+00       0.0000E+00       0.0000E+00
       6.5500E-01       0.0000E+00       0.0000E+00       8.7497E-07       1.7896E-05       4.7253E-08       0.0000E+00       5.8793E-07       0.0000E+00       0.0000E+00       0.0000E+00       0.0000E+00
       6.6500E-01       0.0000E+00       0.0000E+00       9.1712E-07       1.7854E-05       4.7317E-08       0.0000E+00       5.8816E-07       0.0000E+00       0.0000E+00       0.0000E+00       0.0000E+00
       6.7500E-01       0.0000E+00       0.0000E+00       9.6032E-07       1.7810E-05       4.7381E-08       0.0000E+00       5.8839E-07       0.0000E+00       0.0000E+00       0.0000E+00       0.0000E+00
       6.8500E-01       0.0000E+00       0.0000E+00       1.0045E-06       1.7766E-05       4.7446E-08       0.0000E+00       5.8863E-07       0.0000E+00       0.0000E+00       0.0000E+00       0.0000E+00
       6.9500E-01       0.0000E+00       0.0000E+00       1.0498E-06       1.7721E-05       4.7511E-08       0.0000E+00       5.8887E-07       0.0000E+00       0.0000E+00       0.0000E+00       0.0000E+00
       7.0500E-01       0.0000E+00       0.0000E+00       1.0960E-06       1.7674E-05       4.7577E-08       0.0000E+00       5.8912E-07       0.0000E+00       0.0000E+00       0.0000E+00       0.0000E+00
       7.1500E-01       0.0000E+00       0.0000E+00       1.1431E-06       1.7627E-05       4.7643E-08       0.0000E+00       5.8938E-07       0.0000E+00       0.0000E+00       0.0000E+00       0.0000E+00
       7.2500E-01       0.0000E+00       0.0000E+00       1.1912E-06       1.7579E-05       4.7709E-08       0.0000E+00       5.8963E-07       0.0000E+00       0.0000E+00       0.0000E+00       0.0000E+00
       7.3500E-01       0.0000E+00       0.0000E+00       1.2401E-06       1.7530E-05       4.7776E-08       0.0000E+00       5.8990E-07       0.0000E+00       0.0000E+00       0.0000E+00       0.0000E+00
       7.4500E-01       0.0000E+00       0.0000E+00       1.2900E-06       1.7479E-05       4.7844E-08       0.0000E+00       5.9016E-07       0.0000E+00       0.0000E+00       0.0000E+00       0.0000E+00
       7.5500E-01       0.0000E+00       0.0000E+00       1.3407E-06       1.7429E-05       4.7911E-08       0.0000E+00       5.9044E-07       0.0000E+00       0.0000E+00       0.0000E+00       0.0000E+00
       7.6500E-01       0.0000E+00       0.0000E+00       1.3922E-06       1.7377E-05       4.7980E-08       0.0000E+00       5.9071E-07       0.0000E+00       0.0000E+00       0.0000E+00       0.0000E+00
       7.7500E-01       0.0000E+00       0.0000E+00       1.4445E-06       1.7324E-05       4.8048E-08       0.0000E+00       5.9099E-07       0.0000E+00       0.0000E+00       0.0000E+00       0.0000E+00
       7.8500E-01       0.0000E+00       0.0000E+00       1.4976E-06       1.7271E-05       4.8117E-08       0.0000E+00       5.9128E-07       0.0000E+00       0.0000E+00       0.0000E+00       0.0000E+00
       7.9500E-01       0.0000E+00       0.0000E+00       1.5515E-06       1.7217E-05       4.8187E-08       0.0000E+00       5.9157E-07       0.0000E+00       0.0000E+00       0.0000E+00       0.0000E+00
       8.0500E-01       0.0000E+00       0.0000E+00       1.6060E-06       1.7162E-05       4.8256E-08       0.0000E+00       5.9186E-07       0.0000E+00       0.0000E+00       0.0000E+00       0.0000E+00
       8.1500E-01       0.0000E+00       0.0000E+00       1.6612E-06       1.7107E-05       4.8326E-08       0.0000E+00       5.9215E-07       0.0000E+00       0.0000E+00       0.0000E+00       0.0000E+00
       8.2500E-01       0.0000E+00       0.0000E+00       1.7170E-06       1.7051E-05       4.8396E-08       0.0000E+00       5.9245E-07       0.0000E+00       0.0000E+00       0.0000E+00       0.0000E+00
       8.3500E-01       0.0000E+00       0.0000E+00       1.7735E-06       1.6994E-05       4.8467E-08       0.0000E+00       5.9275E-07       0.0000E+00       0.0000E+00       0.0000E+00       0.0000E+00
       8.4500E-01       0.0000E+00       0.0000E+00       1.8305E-06       1.6937E-05       4.8538E-08       0.0000E+00       5.9306E-07       0.0000E+00       0.0000E+00       0.0000E+00       0.0000E+00
       8.5500E-01       0.0000E+00       0.0000E+00       1.8881E-06       1.6879E-05       4.8609E-08       0.0000E+00       5.9337E-07       0.0000E+00       0.0000E+00       0.0000E+00       0.0000E+00
       8.6500E-01       0.0000E+00       0.0000E+00       1.9461E-06       1.6821E-05       4.8680E-08       0.0000E+00       5.9368E-07       0.0000E+00       0.0000E+00       0.0000E+00       0.0000E+00
       8.7500E-01       0.0000E+00       0.0000E+00       2.0047E-06       1.6762E-05       4.8752E-08       0.0000E+00       5.9399E-07       0.0000E+00       0.0000E+00       0.0000E+00       0.0000E+00
       8.8500E-01       0.0000E+00       0.0000E+00       2.0636E-06       1.6703E-05       4.8824E-08       0.0000E+00       5.9430E-07       0.0000E+00       0.0000E+00       0.0000E+00       0.0000E+00
       8.9500E-01       0.0000E+00       0.0000E+00       2.1229E-06       1.6644E-05       4.8896E-08       0.0000E+00       5.9462E-07       0.0000E+00       0.0000E+00       0.0000E+00       0.0000E+00
       9.0500E-01       0.0000E+00       0.0000E+00       2.1826E-06       1.6584E-05       4.8968E-08       0.0000E+00       5.9494E-07       0.0000E+00       0.0000E+00       0.0000E+00       0.0000E+00
       9.1500E-01       0.0000E+00       0.0000E+00       2.2426E-06       1.6524E-05       4.9040E-08       0.0000E+00       5.9526E-07       0.0000E+00       0.0000E+00       0.0000E+00       0.0000E+00
       9.2500E-01       0.0000E+00       0.0000E+00       2.3028E-06       1.6463E-05       4.9113E-08       0.0000E+00       5.9558E-07       0.0000E+00       0.0000E+00       0.0000E+00       0.0000E+00
       9.3500E-01       0.0000E+00       0.0000E+00       2.3633E-06       1.6403E-05       4.9186E-08       0.0000E+00       5.9590E-07       0.0000E+00       0.0000E+00       0.0000E+00       0.0000E+00
       9.4500E-01       0.0000E+00       0.0000E+00       2.4239E-06       1.6342E-05       4.9258E-08       0.0000E+00       5.9622E-07       0.0000E+00       0.0000E+00       0.0000E+00       0.0000E+00
       9.5500E-01       0.0000E+00       0.0000E+00       2.4847E-06       1.6281E-05       4.9331E-08       0.0000E+00       5.9654E-07       0.0000E+00       0.0000E+00       0.0000E+00       0.0000E+00
       9.6500E-01       0.0000E+00       0.0000E+00       2.5456E-06       1.6220E-05       4.9404E-08       0.0000E+00       5.9687E-07       0.0000E+00       0.0000E+00       0.0000E+00       0.0000E+00
       9.7500E-01       0.0000E+00       0.0000E+00       2.6066E-06       1.6159E-05       4.9477E-08       0.0000E+00       5.9719E-07       0.0000E+00       0.0000E+00       0.0000E+00       0.0000E+00
       9.8500E-01       0.0000E+00       0.0000E+00       2.6676E-06       1.6097E-05       4.9550E-08       0.0000E+00       5.9751E-07       0.0000E+00       0.0000E+00       0.0000E+00       0.0000E+00
       9.9500E-01       0.0000E+00       0.0000E+00       2.7285E-06       1.6036E-05       4.9622E-08       0.0000E+00       5.9784E-07       0.0000E+00       0.0000E+00       0.0000E+00       0.0000E+00
       1.0050E+00       0.0000E+00       0.0000E+00       2.7894E-06       1.5975E-05       4.9695E-08       0.0000E+00       5.9816E-07       0.0000E+00       0.0000E+00       0.0000E+00       0.0000E+00
       1.0150E+00       0.0000E+00       0.0000E+00       2.8502E-06       1.5914E-05       4.9768E-08       0.0000E+00       5.9848E-07       0.0000E+00       0.0000E+00       0.0000E+00       0.0000E+00
       1.0250E+00       0.0000E+00       0.0000E+00       2.9109E-06       1.5853E-05       4.9841E-08       0.0000E+00       5.9880E-07       0.0000E+00       0.0000E+00       0.0000E+00       0.0000E+00
       1.0350E+00       0.0000E+00       0.0000E+00       2.9714E-06       1.5793E-05       4.9914E-08       0.0000E+00       5.9912E-07       0.0000E+00       0.0000E+00       0.0000E+00       0.0000E+00
       1.0450E+00       0.0000E+00       0.0000E+00       3.0317E-06       1.5732E-05       4.9986E-08       0.0000E+00       5.9944E-07       0.0000E+00       0.0000E+00       0.0000E+00       0.0000E+00
       1.0550E+00       0.0000E+00       0.0000E+00       3.0918E-06       1.5672E-05       5.0059E-08       0.0000E+00       5.9976E-07       0.0000E+00       0.0000E+00       0.0000E+00       0.0000E+00
       1.0650E+00       0.0000E+00       0.0000E+00       3.1515E-06       1.5612E-05       5.0131E-08       0.0000E+00       6.0007E-07       0.0000E+00       0.0000E+00       0.0000E+00       0.0000E+00
       1.0750E+00       0.0000E+00       0.0000E+00       3.2110E-06       1.5552E-05       5.0203E-08       0.0000E+00       6.0039E-07       0.0000E+00       0.0000E+00       0.0000E+00       0.0000E+00
       1.0850E+00       0.0000E+00       0.0000E+00       3.2701E-06       1.5493E-05       5.0275E-08       0.0000E+00       6.0070E-07       0.0000E+00       0.0000E+00       0.0000E+00       0.0000E+00
       1.0950E+00       0.0000E+00       0.0000E+00       3.3289E-06       1.5434E-05       5.0347E-08       0.0000E+00       6.0101E-07       0.0000E+00       0.0000E+00       0.0000E+00       0.0000E+00
       1.1050E+00       0.0000E+00       0.0000E+00       3.3872E-06       1.5375E-05       5.0419E-08       0.0000E+00       6.0132E-07       0.0000E+00       0.0000E+00       0.0000E+00       0.0000E+00
       1.1150E+00       0.0000E+00       0.0000E+00       3.4451E-06       1.5317E-05       5.0490E-08       0.0000E+00       6.0162E-07       0.0000E+00       0.0000E+00       0.0000E+00       0.0000E+00
       1.1250E+00       0.0000E+00       0.0000E+00       3.5026E-06       1.5260E-05       5.0561E-08       0.0000E+00       6.0192E-07       0.0000E+00       0.0000E+00       0.0000E+00       0.0000E+00
       1.1350E+00       0.0000E+00       0.0000E+00       3.5595E-06       1.5203E-05       5.0632E-08       0.0000E+00       6.0222E-07       0.0000E+00       0.0000E+00       0.0000E+00       0.0000E+00
       1.1450E+00       0.0000E+00       0.0000E+00       3.6159E-06       1.5146E-05       5.0703E-08       0.0000E+00       6.0252E-07       0.0000E+00       0.0000E+00       0.0000E+00       0.0000E+00
       1.1550E+00       0.0000E+00       0.0000E+00       3.6718E-06       1.5090E-05       5.0773E-08       0.0000E+00       6.0281E-07       0.0000E+00       0.0000E+00       0.0000E+00       0.0000E+00
       1.1650E+00       0.0000E+00       0.0000E+00       3.7271E-06       1.5034E-05       5.0843E-08       0.0000E+00       6.0310E-07       0.0000E+00       0.0000E+00       0.0000E+00       0.0000E+00
       1.1750E+00       0.0000E+00       0.0000E+00       3.7819E-06       1.4979E-05       5.0913E-08       0.0000E+00       6.0339E-07       0.0000E+00       0.0000E+00       0.0000E+00       0.0000E+00
       1.1850E+00       0.0000E+00       0.0000E+00       3.8360E-06       1.4925E-05       5.0982E-08       0.0000E+00       6.0367E-07       0.0000E+00       0.0000E+00       0.0000E+00       0.0000E+00
       1.1950E+00       0.0000E+00       0.0000E+00       3.8895E-06       1.4871E-05       5.1052E-08       0.0000E+00       6.0395E-07       0.0000E+00       0.0000E+00       0.0000E+00       0.0000E+00
       1.2050E+00       0.0000E+00       0.0000E+00       3.9423E-06       1.4818E-05       5.1120E-08       0.0000E+00       6.0423E-07       0.0000E+00       0.0000E+00       0.0000E+00       0.0000E+00
       1.2150E+00       0.0000E+00       0.0000E+00       3.9945E-06       1.4766E-05       5.1189E-08       0.0000E+00       6.0450E-07       0.0000E+00       0.0000E+00       0.0000E+00       0.0000E+00
       1.2250E+00       0.0000E+00       0.0000E+00       4.0460E-06       1.4714E-05       5.1257E-08       0.0000E+00       6.0477E-07       0.0000E+00       0.0000E+00       0.0000E+00       0.0000E+00
       1.2350E+00       0.0000E+00       0.0000E+00       4.0968E-06       1.4663E-05       5.1324E-08       0.0000E+00       6.0504E-07       0.0000E+00       0.0000E+00       0.0000E+00       0.0000E+00
       1.2450E+00       0.0000E+00       0.0000E+00       4.1470E-06       1.4613E-05       5.1391E-08       0.0000E+00       6.0530E-07       0.0000E+00       0.0000E+00       0.0000E+00       0.0000E+00
       1.2550E+00       0.0000E+00       0.0000E+00       4.1963E-06       1.4564E-05       5.1458E-08       0.0000E+00       6.0556E-07       0.0000E+00       0.0000E+00       0.0000E+00       0.0000E+00
       1.2650E+00       0.0000E+00       0.0000E+00       4.2450E-06       1.4515E-05       5.1524E-08       0.0000E+00       6.0581E-07       0.0000E+00       0.0000E+00       0.0000E+00       0.0000E+00
       1.2750E+00       0.0000E+00       0.0000E+00       4.2929E-06       1.4467E-05       5.1590E-08       0.0000E+00       6.0606E-07       0.0000E+00       0.0000E+00       0.0000E+00       0.0000E+00
       1.2850E+00       0.0000E+00       0.0000E+00       4.3401E-06       1.4419E-05       5.1656E-08       0.0000E+00       6.0630E-07       0.0000E+00       0.0000E+00       0.0000E+00       0.0000E+00
       1.2950E+00       0.0000E+00       0.0000E+00       4.3865E-06       1.4373E-05       5.1721E-08       0.0000E+00       6.0655E-07       0.0000E+00       0.0000E+00       0.0000E+00       0.0000E+00
       1.3050E+00       0.0000E+00       0.0000E+00       4.4322E-06       1.4327E-05       5.1785E-08       0.0000E+00       6.0678E-07       0.0000E+00       0.0000E+00       0.0000E+00       0.0000E+00
       1.3150E+00       0.0000E+00       0.0000E+00       4.4771E-06       1.4282E-05       5.1849E-08       0.0000E+00       6.0702E-07       0.0000E+00       0.0000E+00       0.0000E+00       0.0000E+00
       1.3250E+00       0.0000E+00       0.0000E+00       4.5212E-06       1.4238E-05       5.1912E-08       0.0000E+00       6.0724E-07       0.0000E+00       0.0000E+00       0.0000E+00       0.0000E+00
       1.3350E+00       0.0000E+00       0.0000E+00       4.5646E-06       1.4194E-05       5.1975E-08       0.0000E+00       6.0747E-07       0.0000E+00       0.0000E+00       0.0000E+00       0.0000E+00
       1.3450E+00       0.0000E+00       0.0000E+00       4.6072E-06       1.4151E-05       5.2038E-08       0.0000E+00       6.0769E-07       0.0000E+00       0.0000E+00       0.0000E+00       0.0000E+00
       1.3550E+00       0.0000E+00       0.0000E+00       4.6490E-06       1.4110E-05       5.2100E-08       0.0000E+00       6.0791E-07       0.0000E+00       0.0000E+00       0.0000E+00       0.0000E+00
       1.3650E+00       0.0000E+00       0.0000E+00       4.6900E-06       1.4068E-05       5.2161E-08       0.0000E+00       6.0812E-07       0.0000E+00       0.0000E+00       0.0000E+00       0.0000E+00
       1.3750E+00       0.0000E+00       0.0000E+00       4.7303E-06       1.4028E-05       5.2222E-08       0.0000E+00       6.0833E-07       0.0000E+00       0.0000E+00       0.0000E+00       0.0000E+00
       1.3850E+00       0.0000E+00       0.0000E+00       4.7698E-06       1.3988E-05       5.2282E-08       0.0000E+00       6.0853E-07       0.0000E+00       0.0000E+00       0.0000E+00       0.0000E+00
       1.3950E+00       0.0000E+00       0.0000E+00       4.8085E-06       1.3949E-05       5.2342E-08       0.0000E+00       6.0873E-07       0.0000E+00       0.0000E+00       0.0000E+00       0.0000E+00
       1.4050E+00       0.0000E+00       0.0000E+00       4.8464E-06       1.3911E-05       5.2401E-08       0.0000E+00       6.0892E-07       0.0000E+00       0.0000E+00       0.0000E+00       0.0000E+00
       1.4150E+00       0.0000E+00       0.0000E+00       4.8836E-06       1.3874E-05       5.2459E-08       0.0000E+00       6.0911E-07       0.0000E+00       0.0000E+00       0.0000E+00       0.0000E+00
       1.4250E+00       0.0000E+00       0.0000E+00       4.9200E-06       1.3838E-05       5.2517E-08       0.0000E+00       6.0930E-07       0.0000E+00       0.0000E+00       0.0000E+00       0.0000E+00
       1.4350E+00       0.0000E+00       0.0000E+00       4.9557E-06       1.3802E-05       5.2574E-08       0.0000E+00       6.0948E-07       0.0000E+00       0.0000E+00       0.0000E+00       0.0000E+00
       1.4450E+00       0.0000E+00       0.0000E+00       4.9906E-06       1.3767E-05       5.2630E-08       0.0000E+00       6.0966E-07       0.0000E+00       0.0000E+00       0.0000E+00       0.0000E+00
       1.4550E+00       0.0000E+00       0.0000E+00       5.0248E-06       1.3732E-05       5.2686E-08       0.0000E+00       6.0984E-07       0.0000E+00       0.0000E+00       0.0000E+00       0.0000E+00
       1.4650E+00       0.0000E+00       0.0000E+00       5.0582E-06       1.3699E-05       5.2741E-08       0.0000E+00       6.1001E-07       0.0000E+00       0.0000E+00       0.0000E+00       0.0000E+00
       1.4750E+00       0.0000E+00       0.0000E+00       5.0909E-06       1.3666E-05       5.2796E-08       0.0000E+00       6.1017E-07       0.0000E+00       0.0000E+00       0.0000E+00       0.0000E+00
       1.4850E+00       0.0000E+00       0.0000E+00       5.1229E-06       1.3634E-05       5.2849E-08       0.0000E+00       6.1034E-07       0.0000E+00       0.0000E+00       0.0000E+00       0.0000E+00
       1.4950E+00       0.0000E+00       0.0000E+00       5.1542E-06       1.3603E-05       5.2902E-08       0.0000E+00       6.1050E-07       0.0000E+00       0.0000E+00       0.0000E+00       0.0000E+00
       1.5050E+00       0.0000E+00       0.0000E+00       5.1847E-06       1.3572E-05       5.2955E-08       0.0000E+00       6.1065E-07       0.0000E+00       0.0000E+00       0.0000E+00       0.0000E+00
       1.5150E+00       0.0000E+00       0.0000E+00       5.2145E-06       1.3542E-05       5.3006E-08       0.0000E+00       6.1080E-07       0.0000E+00       0.0000E+00       0.0000E+00       0.0000E+00
       1.5250E+00       0.0000E+00       0.0000E+00       5.2437E-06       1.3513E-05       5.3057E-08       0.0000E+00       6.1095E-07       0.0000E+00       0.0000E+00       0.0000E+00       0.0000E+00
       1.5350E+00       0.0000E+00       0.0000E+00       5.2721E-06       1.3484E-05       5.3107E-08       0.0000E+00       6.1109E-07       0.0000E+00       0.0000E+00       0.0000E+00       0.0000E+00
       1.5450E+00       0.0000E+00       0.0000E+00       5.2999E-06       1.3456E-05       5.3156E-08       0.0000E+00       6.1123E-07       0.0000E+00       0.0000E+00       0.0000E+00       0.0000E+00
       1.5550E+00       0.0000E+00       0.0000E+00       5.3270E-06       1.3429E-05       5.3204E-08       0.0000E+00       6.1137E-07       0.0000E+00       0.0000E+00       0.0000E+00       0.0000E+00
       1.5650E+00       0.0000E+00       0.0000E+00       5.3535E-06       1.3403E-05       5.3251E-08       0.0000E+00       6.1150E-07       0.0000E+00       0.0000E+00       0.0000E+00       0.0000E+00
       1.5750E+00       0.0000E+00       0.0000E+00       5.3793E-06       1.3377E-05       5.3298E-08       0.0000E+00       6.1163E-07       0.0000E+00       0.0000E+00       0.0000E+00       0.0000E+00
       1.5850E+00       0.0000E+00       0.0000E+00       5.4045E-06       1.3351E-05       5.3343E-08       0.0000E+00       6.1175E-07       0.0000E+00       0.0000E+00       0.0000E+00       0.0000E+00
       1.5950E+00       0.0000E+00       0.0000E+00       5.4290E-06       1.3327E-05       5.3388E-08       0.0000E+00       6.1187E-07       0.0000E+00       0.0000E+00       0.0000E+00       0.0000E+00
       1.6050E+00       0.0000E+00       0.0000E+00       5.4529E-06       1.3303E-05       5.3432E-08       0.0000E+00       6.1199E-07       0.0000E+00       0.0000E+00       0.0000E+00       0.0000E+00
       1.6150E+00       0.0000E+00       0.0000E+00       5.4762E-06       1.3279E-05       5.3474E-08       0.0000E+00       6.1210E-07       0.0000E+00       0.0000E+00       0.0000E+00       0.0000E+00
       1.6250E+00       0.0000E+00       0.0000E+00       5.4990E-06       1.3257E-05       5.3516E-08       0.0000E+00       6.1221E-07       0.0000E+00       0.0000E+00       0.0000E+00       0.0000E+00
       1.6350E+00       0.0000E+00       0.0000E+00       5.5211E-06       1.3234E-05       5.3557E-08       0.0000E+00       6.1232E-07       0.0000E+00       0.0000E+00       0.0000E+00       0.0000E+00
       1.6450E+00       0.0000E+00       0.0000E+00       5.5426E-06       1.3213E-05       5.3596E-08       0.0000E+00       6.1242E-07       0.0000E+00       0.0000E+00       0.0000E+00       0.0000E+00
       1.6550E+00       0.0000E+00       0.0000E+00       5.5636E-06       1.3192E-05       5.3635E-08       0.0000E+00       6.1252E-07       0.0000E+00       0.0000E+00       0.0000E+00       0.0000E+00
       1.6650E+00       0.0000E+00       0.0000E+00       5.5840E-06       1.3171E-05       5.3672E-08       0.0000E+00       6.1262E-07       0.0000E+00       0.0000E+00       0.0000E+00       0.0000E+00
       1.6750E+00       0.0000E+00       0.0000E+00       5.6039E-06       1.3151E-05       5.3708E-08       0.0000E+00       6.1272E-07       0.0000E+00       0.0000E+00       0.0000E+00       0.0000E+00
       1.6850E+00       0.0000E+00       0.0000E+00       5.6232E-06       1.3132E-05       5.3743E-08       0.0000E+00       6.1281E-07       0.0000E+00       0.0000E+00       0.0000E+00       0.0000E+00
       1.6950E+00       0.0000E+00       0.0000E+00       5.6420E-06       1.3113E-05       5.3777E-08       0.0000E+00       6.1289E-07       0.0000E+00       0.0000E+00       0.0000E+00       0.0000E+00
       1.7050E+00       0.0000E+00       0.0000E+00       5.6603E-06       1.3095E-05       5.3810E-08       0.0000E+00       6.1298E-07       0.0000E+00       0.0000E+00       0.0000E+00       0.0000E+00
       1.7150E+00       0.0000E+00       0.0000E+00       5.6780E-06       1.3077E-05       5.3841E-08       0.0000E+00       6.1306E-07       0.0000E+00       0.0000E+00       0.0000E+00       0.0000E+00
       1.7250E+00       0.0000E+00       0.0000E+00       5.6953E-06       1.3060E-05       5.3871E-08       0.0000E+00       6.1314E-07       0.0000E+00       0.0000E+00       0.0000E+00       0.0000E+00
       1.7350E+00       0.0000E+00       0.0000E+00       5.7121E-06       1.3043E-05       5.3899E-08       0.0000E+00       6.1321E-07       0.0000E+00       0.0000E+00       0.0000E+00       0.0000E+00
       1.7450E+00       0.0000E+00       0.0000E+00       5.7284E-06       1.3026E-05       5.3926E-08       0.0000E+00       6.1329E-07       0.0000E+00       0.0000E+00       0.0000E+00       0.0000E+00
       1.7550E+00       0.0000E+00       0.0000E+00       5.7443E-06       1.3011E-05       5.3952E-08       0.0000E+00       6.1335E-07       0.0000E+00       0.0000E+00       0.0000E+00       0.0000E+00
       1.7650E+00       0.0000E+00       0.0000E+00       5.7596E-06       1.2995E-05       5.3976E-08       0.0000E+00       6.1342E-07       0.0000E+00       0.0000E+00       0.0000E+00       0.0000E+00
       1.7750E+00       0.0000E+00       0.0000E+00       5.7746E-06       1.2980E-05       5.3999E-08       0.0000E+00       6.1348E-07       0.0000E+00       0.0000E+00       0.0000E+00       0.0000E+00
       1.7850E+00       0.0000E+00       0.0000E+00       5.7891E-06       1.2966E-05       5.4020E-08       0.0000E+00       6.1354E-07       0.0000E+00       0.0000E+00       0.0000E+00       0.0000E+00
       1.7950E+00       0.0000E+00       0.0000E+00       5.8031E-06       1.2952E-05       5.4040E-08       0.0000E+00       6.1360E-07       0.0000E+00       0.0000E+00       0.0000E+00       0.0000E+00
       1.8050E+00       0.0000E+00       0.0000E+00       5.8168E-06       1.2938E-05       5.4057E-08       0.0000E+00       6.1366E-07       0.0000E+00       0.0000E+00       0.0000E+00       0.0000E+00
       1.8150E+00       0.0000E+00       0.0000E+00       5.8300E-06       1.2925E-05       5.4074E-08       0.0000E+00       6.1371E-07       0.0000E+00       0.0000E+00       0.0000E+00       0.0000E+00
       1.8250E+00       0.0000E+00       0.0000E+00       5.8429E-06       1.2912E-05       5.4088E-08       0.0000E+00       6.1376E-07       0.0000E+00       0.0000E+00       0.0000E+00       0.0000E+00
       1.8350E+00       0.0000E+00       0.0000E+00       5.8553E-06       1.2899E-05       5.4101E-08       0.0000E+00       6.1380E-07       0.0000E+00       0.0000E+00       0.0000E+00       0.0000E+00
       1.8450E+00       0.0000E+00       0.0000E+00       5.8674E-06       1.2887E-05       5.4112E-08       0.0000E+00       6.1385E-07       0.0000E+00       0.0000E+00       0.0000E+00       0.0000E+00
       1.8550E+00       0.0000E+00       0.0000E+00       5.8790E-06       1.2875E-05       5.4120E-08       0.0000E+00       6.1389E-07       0.0000E+00       0.0000E+00       0.0000E+00       0.0000E+00
       1.8650E+00       0.0000E+00       0.0000E+00       5.8904E-06       1.2864E-05       5.4127E-08       0.0000E+00       6.1393E-07       0.0000E+00       0.0000E+00       0.0000E+00       0.0000E+00
       1.8750E+00       0.0000E+00       0.0000E+00       5.9013E-06       1.2853E-05       5.4132E-08       0.0000E+00       6.1396E-07       0.0000E+00       0.0000E+00       0.0000E+00       0.0000E+00
       1.8850E+00       0.0000E+00       0.0000E+00       5.9119E-06       1.2842E-05       5.4135E-08       0.0000E+00       6.1400E-07       0.0000E+00       0.0000E+00       0.0000E+00       0.0000E+00
       1.8950E+00       0.0000E+00       0.0000E+00       5.9222E-06       1.2832E-05       5.4136E-08       0.0000E+00       6.1403E-07       0.0000E+00       0.0000E+00       0.0000E+00       0.0000E+00
       1.9050E+00       0.0000E+00       0.0000E+00       5.9322E-06       1.2822E-05       5.4135E-08       0.0000E+00       6.1406E-07       0.0000E+00       0.0000E+00       0.0000E+00       0.0000E+00
       1.9150E+00       0.0000E+00       0.0000E+00       5.9418E-06       1.2813E-05       5.4132E-08       0.0000E+00       6.1408E-07       0.0000E+00       0.0000E+00       0.0000E+00       0.0000E+00
       1.9250E+00       0.0000E+00       0.0000E+00       5.9511E-06       1.2803E-05       5.4126E-08       0.0000E+00       6.1410E-07       0.0000E+00       0.0000E+00       0.0000E+00       0.0000E+00
       1.9350E+00       0.0000E+00       0.0000E+00       5.9601E-06       1.2794E-05       5.4118E-08       0.0000E+00       6.1412E-07       0.0000E+00       0.0000E+00       0.0000E+00       0.0000E+00
       1.9450E+00       0.0000E+00       0.0000E+00       5.9688E-06       1.2786E-05       5.4108E-08       0.0000E+00       6.1414E-07       0.0000E+00       0.0000E+00       0.0000E+00       0.0000E+00
       1.9550E+00       0.0000E+00       0.0000E+00       5.9772E-06       1.2777E-05       5.4095E-08       0.0000E+00       6.1416E-07       0.0000E+00       0.0000E+00       0.0000E+00       0.0000E+00
       1.9650E+00       0.0000E+00       0.0000E+00       5.9853E-06       1.2769E-05       5.4080E-08       0.0000E+00       6.1417E-07       0.0000E+00       0.0000E+00       0.0000E+00       0.0000E+00
       1.9750E+00       0.0000E+00       0.0000E+00       5.9932E-06       1.2761E-05       5.4062E-08       0.0000E+00       6.1418E-07       0.0000E+00       0.0000E+00       0.0000E+00       0.0000E+00
       1.9850E+00       0.0000E+00       0.0000E+00       6.0008E-06       1.2754E-05       5.4042E-08       0.0000E+00       6.1419E-07       0.0000E+00       0.0000E+00       0.0000E+00       0.0000E+00
       1.9950E+00       0.0000E+00       0.0000E+00       6.0081E-06       1.2746E-05       5.4019E-08       0.0000E+00       6.1419E-07       0.0000E+00       0.0000E+00       0.0000E+00       0.0000E+00
       2.0050E+00       0.0000E+00       0.0000E+00       6.0152E-06       1.2739E-05       5.3993E-08       0.0000E+00       6.1420E-07       0.0000E+00       0.0000E+00       0.0000E+00       0.0000E+00
       2.0150E+00       0.0000E+00       0.0000E+00       6.0221E-06       1.2732E-05       5.3965E-08       0.0000E+00       6.1420E-07       0.0000E+00       0.0000E+00       0.0000E+00       0.0000E+00
       2.0250E+00       0.0000E+00       0.0000E+00       6.0287E-06       1.2726E-05       5.3934E-08       0.0000E+00       6.1420E-07       0.0000E+00       0.0000E+00       0.0000E+00       0.0000E+00
       2.0350E+00       0.0000E+00       0.0000E+00       6.0350E-06       1.2719E-05       5.3900E-08       0.0000E+00       6.1419E-07       0.0000E+00       0.0000E+00       0.0000E+00       0.0000E+00
       2.0450E+00       0.0000E+00       0.0000E+00       6.0412E-06       1.2713E-05       5.3863E-08       0.0000E+00       6.1419E-07       0.0000E+00       0.0000E+00       0.0000E+00       0.0000E+00
       2.0550E+00       0.0000E+00       0.0000E+00       6.0471E-06       1.2707E-05       5.3824E-08       0.0000E+00       6.1418E-07       0.0000E+00       0.0000E+00       0.0000E+00       0.0000E+00
       2.0650E+00       0.0000E+00       0.0000E+00       6.0528E-06       1.2702E-05       5.3781E-08       0.0000E+00       6.1417E-07       0.0000E+00       0.0000E+00       0.0000E+00       0.0000E+00
       2.0750E+00       0.0000E+00       0.0000E+00       6.0583E-06       1.2696E-05       5.3735E-08       0.0000E+00       6.1415E-07       0.0000E+00       0.0000E+00       0.0000E+00       0.0000E+00
       2.0850E+00       0.0000E+00       0.0000E+00       6.0636E-06       1.2691E-05       5.3686E-08       0.0000E+00       6.1414E-07       0.0000E+00       0.0000E+00       0.0000E+00       0.0000E+00
       2.0950E+00       0.0000E+00       0.0000E+00       6.0687E-06       1.2686E-05       5.3634E-08       0.0000E+00       6.1412E-07       0.0000E+00       0.0000E+00       0.0000E+00       0.0000E+00
       2.1050E+00       0.0000E+00       0.0000E+00       6.0737E-06       1.2681E-05       5.3579E-08       0.0000E+00       6.1410E-07       0.0000E+00       0.0000E+00       0.0000E+00       0.0000E+00
       2.1150E+00       0.0000E+00       0.0000E+00       6.0784E-06       1.2676E-05       5.3521E-08       0.0000E+00       6.1408E-07       0.0000E+00       0.0000E+00       0.0000E+00       0.0000E+00
       2.1250E+00       0.0000E+00       0.0000E+00       6.0830E-06       1.2672E-05       5.3459E-08       0.0000E+00       6.1405E-07       0.0000E+00       0.0000E+00       0.0000E+00       0.0000E+00
       2.1350E+00       0.0000E+00       0.0000E+00       6.0874E-06       1.2667E-05       5.3394E-08       0.0000E+00       6.1403E-07       0.0000E+00       0.0000E+00       0.0000E+00       0.0000E+00
       2.1450E+00       0.0000E+00       0.0000E+00       6.0916E-06       1.2663E-05       5.3325E-08       0.0000E+00       6.1400E-07       0.0000E+00       0.0000E+00       0.0000E+00       0.0000E+00
       2.1550E+00       0.0000E+00       0.0000E+00       6.0957E-06       1.2659E-05       5.3253E-08       0.0000E+00       6.1396E-07       0.0000E+00       0.0000E+00       0.0000E+00       0.0000E+00
       2.1650E+00       0.0000E+00       0.0000E+00       6.0996E-06       1.2655E-05       5.3178E-08       0.0000E+00       6.1393E-07       0.0000E+00       0.0000E+00       0.0000E+00       0.0000E+00
       2.1750E+00       0.0000E+00       0.0000E+00       6.1034E-06       1.2652E-05       5.3099E-08       0.0000E+00       6.1389E-07       0.0000E+00       0.0000E+00       0.0000E+00       0.0000E+00
       2.1850E+00       0.0000E+00       0.0000E+00       6.1070E-06       1.2648E-05       5.3017E-08       0.0000E+00       6.1386E-07       0.0000E+00       0.0000E+00       0.0000E+00       0.0000E+00
       2.1950E+00       0.0000E+00       0.0000E+00       6.1105E-06       1.2645E-05       5.2930E-08       0.0000E+00       6.1381E-07       0.0000E+00       0.0000E+00       0.0000E+00       0.0000E+00
       2.2050E+00       0.0000E+00       0.0000E+00       6.1138E-06       1.2641E-05       5.2841E-08       0.0000E+00       6.1377E-07       0.0000E+00       0.0000E+00       0.0000E+00       0.0000E+00
       2.2150E+00       0.0000E+00       0.0000E+00       6.1170E-06       1.2638E-05       5.2747E-08       0.0000E+00       6.1373E-07       0.0000E+00       0.0000E+00       0.0000E+00       0.0000E+00
       2.2250E+00       0.0000E+00       0.0000E+00       6.1201E-06       1.2635E-05       5.2650E-08       0.0000E+00       6.1368E-07       0.0000E+00       0.0000E+00       0.0000E+00       0.0000E+00
       2.2350E+00       0.0000E+00       0.0000E+00       6.1231E-06       1.2632E-05       5.2549E-08       0.0000E+00       6.1363E-07       0.0000E+00       0.0000E+00       0.0000E+00       0.0000E+00
       2.2450E+00       0.0000E+00       0.0000E+00       6.1260E-06       1.2629E-05       5.2445E-08       0.0000E+00       6.1358E-07       0.0000E+00       0.0000E+00       0.0000E+00       0.0000E+00
       2.2550E+00       0.0000E+00       0.0000E+00       6.1287E-06       1.2627E-05       5.2336E-08       0.0000E+00       6.1352E-07       0.0000E+00       0.0000E+00       0.0000E+00       0.0000E+00
       2.2650E+00       0.0000E+00       0.0000E+00       6.1313E-06       1.2624E-05       5.2224E-08       0.0000E+00       6.1347E-07       0.0000E+00       0.0000E+00       0.0000E+00       0.0000E+00
       2.2750E+00       0.0000E+00       0.0000E+00       6.1339E-06       1.2622E-05       5.2108E-08       0.0000E+00       6.1341E-07       0.0000E+00       0.0000E+00       0.0000E+00       0.0000E+00
       2.2850E+00       0.0000E+00       0.0000E+00       6.1363E-06       1.2619E-05       5.1988E-08       0.0000E+00       6.1335E-07       0.0000E+00       0.0000E+00       0.0000E+00       0.0000E+00
       2.2950E+00       0.0000E+00       0.0000E+00       6.1386E-06       1.2617E-05       5.1864E-08       0.0000E+00       6.1328E-07       0.0000E+00       0.0000E+00       0.0000E+00       0.0000E+00
       2.3050E+00       0.0000E+00       0.0000E+00       6.1409E-06       1.2615E-05       5.1736E-08       0.0000E+00       6.1322E-07       0.0000E+00       0.0000E+00       0.0000E+00       0.0000E+00
       2.3150E+00       0.0000E+00       0.0000E+00       6.1430E-06       1.2613E-05       5.1604E-08       0.0000E+00       6.1315E-07       0.0000E+00       0.0000E+00       0.0000E+00       0.0000E+00
       2.3250E+00       0.0000E+00       0.0000E+00       6.1451E-06       1.2611E-05       5.1468E-08       0.0000E+00       6.1308E-07       0.0000E+00       0.0000E+00       0.0000E+00       0.0000E+00
       2.3350E+00       0.0000E+00       0.0000E+00       6.1471E-06       1.2609E-05       5.1329E-08       0.0000E+00       6.1301E-07       0.0000E+00       0.0000E+00       0.0000E+00       0.0000E+00
       2.3450E+00       0.0000E+00       0.0000E+00       6.1490E-06       1.2607E-05       5.1185E-08       0.0000E+00       6.1294E-07       0.0000E+00       0.0000E+00       0.0000E+00       0.0000E+00
       2.3550E+00       0.0000E+00       0.0000E+00       6.1508E-06       1.2606E-05       5.1037E-08       0.0000E+00       6.1286E-07       0.0000E+00       0.0000E+00       0.0000E+00       0.0000E+00
       2.3650E+00       0.0000E+00       0.0000E+00       6.1525E-06       1.2604E-05       5.0886E-08       0.0000E+00       6.1278E-07       0.0000E+00       0.0000E+00       0.0000E+00       0.0000E+00
       2.3750E+00       0.0000E+00       0.0000E+00       6.1542E-06       1.2603E-05       5.0730E-08       0.0000E+00       6.1270E-07       0.0000E+00       0.0000E+00       0.0000E+00       0.0000E+00
       2.3850E+00       0.0000E+00       0.0000E+00       6.1558E-06       1.2601E-05       5.0571E-08       0.0000E+00       6.1262E-07       0.0000E+00       0.0000E+00       0.0000E+00       0.0000E+00
       2.3950E+00       0.0000E+00       0.0000E+00       6.1573E-06       1.2600E-05       5.0407E-08       0.0000E+00       6.1254E-07       0.0000E+00       0.0000E+00       0.0000E+00       0.0000E+00
       2.4050E+00       0.0000E+00       0.0000E+00       6.1588E-06       1.2598E-05       5.0240E-08       0.0000E+00       6.1245E-07       0.0000E+00       0.0000E+00       0.0000E+00       0.0000E+00
       2.4150E+00       0.0000E+00       0.0000E+00       6.1602E-06       1.2597E-05       5.0069E-08       0.0000E+00       6.1236E-07       0.0000E+00       0.0000E+00       0.0000E+00       0.0000E+00
       2.4250E+00       0.0000E+00       0.0000E+00       6.1615E-06       1.2596E-05       4.9893E-08       0.0000E+00       6.1227E-07       0.0000E+00       0.0000E+00       0.0000E+00       0.0000E+00
       2.4350E+00       0.0000E+00       0.0000E+00       6.1628E-06       1.2595E-05       4.9714E-08       0.0000E+00       6.1218E-07       0.0000E+00       0.0000E+00       0.0000E+00       0.0000E+00
       2.4450E+00       0.0000E+00       0.0000E+00       6.1640E-06       1.2594E-05       4.9531E-08       0.0000E+00       6.1209E-07       0.0000E+00       0.0000E+00       0.0000E+00       0.0000E+00
       2.4550E+00       0.0000E+00       0.0000E+00       6.1652E-06       1.2593E-05       4.9344E-08       0.0000E+00       6.1199E-07       0.0000E+00       0.0000E+00       0.0000E+00       0.0000E+00
       2.4650E+00       0.0000E+00       0.0000E+00       6.1664E-06       1.2592E-05       4.9153E-08       0.0000E+00       6.1189E-07       0.0000E+00       0.0000E+00       0.0000E+00       0.0000E+00
       2.4750E+00       0.0000E+00       0.0000E+00       6.1674E-06       1.2591E-05       4.8959E-08       0.0000E+00       6.1179E-07       0.0000E+00       0.0000E+00       0.0000E+00       0.0000E+00
       2.4850E+00       0.0000E+00       0.0000E+00       6.1685E-06       1.2590E-05       4.8760E-08       0.0000E+00       6.1169E-07       0.0000E+00       0.0000E+00       0.0000E+00       0.0000E+00
       2.4950E+00       0.0000E+00       0.0000E+00       6.1695E-06       1.2589E-05       4.8558E-08       0.0000E+00       6.1159E-07       0.0000E+00       0.0000E+00       0.0000E+00       0.0000E+00
       2.5050E+00       0.0000E+00       0.0000E+00       6.1704E-06       1.2588E-05       4.8352E-08       0.0000E+00       6.1148E-07       0.0000E+00       0.0000E+00       0.0000E+00       0.0000E+00
       2.5150E+00       0.0000E+00       0.0000E+00       6.1713E-06       1.2587E-05       4.8143E-08       0.0000E+00       6.1137E-07       0.0000E+00       0.0000E+00       0.0000E+00       0.0000E+00
       2.5250E+00       0.0000E+00       0.0000E+00       6.1721E-06       1.2587E-05       4.7930E-08       0.0000E+00       6.1126E-07       0.0000E+00       0.0000E+00       0.0000E+00       0.0000E+00
       2.5350E+00       0.0000E+00       0.0000E+00       6.1730E-06       1.2586E-05       4.7713E-08       0.0000E+00       6.1115E-07       0.0000E+00       0.0000E+00       0.0000E+00       0.0000E+00
       2.5450E+00       0.0000E+00       0.0000E+00       6.1737E-06       1.2585E-05       4.7493E-08       0.0000E+00       6.1104E-07       0.0000E+00       0.0000E+00       0.0000E+00       0.0000E+00
       2.5550E+00       0.0000E+00       0.0000E+00       6.1745E-06       1.2585E-05       4.7269E-08       0.0000E+00       6.1093E-07       0.0000E+00       0.0000E+00       0.0000E+00       0.0000E+00
       2.5650E+00       0.0000E+00       0.0000E+00       6.1752E-06       1.2584E-05       4.7042E-08       0.0000E+00       6.1081E-07       0.0000E+00       0.0000E+00       0.0000E+00       0.0000E+00
       2.5750E+00       0.0000E+00       0.0000E+00       6.1759E-06       1.2584E-05       4.6812E-08       0.0000E+00       6.1069E-07       0.0000E+00       0.0000E+00       0.0000E+00       0.0000E+00
       2.5850E+00       0.0000E+00       0.0000E+00       6.1765E-06       1.2583E-05       4.6578E-08       0.0000E+00       6.1057E-07       0.0000E+00       0.0000E+00       0.0000E+00       0.0000E+00
       2.5950E+00       0.0000E+00       0.0000E+00       6.1771E-06       1.2583E-05       4.6341E-08       0.0000E+00       6.1045E-07       0.0000E+00       0.0000E+00       0.0000E+00       0.0000E+00
       2.6050E+00       0.0000E+00       0.0000E+00       6.1777E-06       1.2583E-05       4.6101E-08       0.0000E+00       6.1033E-07       0.0000E+00       0.0000E+00       0.0000E+00       0.0000E+00
       2.6150E+00       0.0000E+00       0.0000E+00       6.1782E-06       1.2582E-05       4.5858E-08       0.0000E+00       6.1020E-07       0.0000E+00       0.0000E+00       0.0000E+00       0.0000E+00
       2.6250E+00       0.0000E+00       0.0000E+00       6.1787E-06       1.2582E-05       4.5611E-08       0.0000E+00       6.1008E-07       0.0000E+00       0.0000E+00       0.0000E+00       0.0000E+00
       2.6350E+00       0.0000E+00       0.0000E+00       6.1792E-06       1.2582E-05       4.5362E-08       0.0000E+00       6.0995E-07       0.0000E+00       0.0000E+00       0.0000E+00       0.0000E+00
       2.6450E+00       0.0000E+00       0.0000E+00       6.1797E-06       1.2581E-05       4.5110E-08       0.0000E+00       6.0982E-07       0.0000E+00       0.0000E+00       0.0000E+00       0.0000E+00
       2.6550E+00       0.0000E+00       0.0000E+00       6.1801E-06       1.2581E-05       4.4855E-08       0.0000E+00       6.0969E-07       0.0000E+00       0.0000E+00       0.0000E+00       0.0000E+00
       2.6650E+00       0.0000E+00       0.0000E+00       6.1805E-06       1.2581E-05       4.4597E-08       0.0000E+00       6.0956E-07       0.0000E+00       0.0000E+00       0.0000E+00       0.0000E+00
       2.6750E+00       0.0000E+00       0.0000E+00       6.1808E-06       1.2581E-05       4.4337E-08       0.0000E+00       6.0943E-07       0.0000E+00       0.0000E+00       0.0000E+00       0.0000E+00
       2.6850E+00       0.0000E+00       0.0000E+00       6.1812E-06       1.2581E-05       4.4074E-08       0.0000E+00       6.0929E-07       0.0000E+00       0.0000E+00       0.0000E+00       0.0000E+00
       2.6950E+00       0.0000E+00       0.0000E+00       6.1815E-06       1.2581E-05       4.3809E-08       0.0000E+00       6.0916E-07       0.0000E+00       0.0000E+00       0.0000E+00       0.0000E+00
       2.7050E+00       0.0000E+00       0.0000E+00       6.1818E-06       1.2580E-05       4.3541E-08       0.0000E+00       6.0902E-07       0.0000E+00       0.0000E+00       0.0000E+00       0.0000E+00
       2.7150E+00       0.0000E+00       0.0000E+00       6.1820E-06       1.2580E-05       4.3271E-08       0.0000E+00       6.0888E-07       0.0000E+00       0.0000E+00       0.0000E+00       0.0000E+00
       2.7250E+00       0.0000E+00       0.0000E+00       6.1822E-06       1.2580E-05       4.2999E-08       0.0000E+00       6.0875E-07       0.0000E+00       0.0000E+00       0.0000E+00       0.0000E+00
       2.7350E+00       0.0000E+00       0.0000E+00       6.1824E-06       1.2580E-05       4.2724E-08       0.0000E+00       6.0861E-07       0.0000E+00       0.0000E+00       0.0000E+00       0.0000E+00
       2.7450E+00       0.0000E+00       0.0000E+00       6.1826E-06       1.2580E-05       4.2448E-08       0.0000E+00       6.0846E-07       0.0000E+00       0.0000E+00       0.0000E+00       0.0000E+00
       2.7550E+00       0.0000E+00       0.0000E+00       6.1828E-06       1.2580E-05       4.2169E-08       0.0000E+00       6.0832E-07       0.0000E+00       0.0000E+00       0.0000E+00       0.0000E+00
       2.7650E+00       0.0000E+00       0.0000E+00       6.1829E-06       1.2581E-05       4.1889E-08       0.0000E+00       6.0818E-07       0.0000E+00       0.0000E+00       0.0000E+00       0.0000E+00
       2.7750E+00       0.0000E+00       0.0000E+00       6.1830E-06       1.2581E-05       4.1607E-08       0.0000E+00       6.0803E-07       0.0000E+00       0.0000E+00       0.0000E+00       0.0000E+00
       2.7850E+00       0.0000E+00       0.0000E+00       6.1830E-06       1.2581E-05       4.1324E-08       0.0000E+00       6.0789E-07       0.0000E+00       0.0000E+00       0.0000E+00       0.0000E+00
       2.7950E+00       0.0000E+00       0.0000E+00       6.1831E-06       1.2581E-05       4.1039E-08       0.0000E+00       6.0774E-07       0.0000E+00       0.0000E+00       0.0000E+00       0.0000E+00
       2.8050E+00       0.0000E+00       0.0000E+00       6.1831E-06       1.2581E-05       4.0752E-08       0.0000E+00       6.0759E-07       0.0000E+00       0.0000E+00       0.0000E+00       0.0000E+00
       2.8150E+00       0.0000E+00       0.0000E+00       6.1831E-06       1.2581E-05       4.0464E-08       0.0000E+00       6.0745E-07       0.0000E+00       0.0000E+00       0.0000E+00       0.0000E+00
       2.8250E+00       0.0000E+00       0.0000E+00       6.1830E-06       1.2582E-05       4.0175E-08       0.0000E+00       6.0730E-07       0.0000E+00       0.0000E+00       0.0000E+00       0.0000E+00
       2.8350E+00       0.0000E+00       0.0000E+00       6.1829E-06       1.2582E-05       3.9885E-08       0.0000E+00       6.0715E-07       0.0000E+00       0.0000E+00       0.0000E+00       0.0000E+00
       2.8450E+00       0.0000E+00       0.0000E+00       6.1828E-06       1.2582E-05       3.9594E-08       0.0000E+00       6.0700E-07       0.0000E+00       0.0000E+00       0.0000E+00       0.0000E+00
       2.8550E+00       0.0000E+00       0.0000E+00       6.1826E-06       1.2583E-05       3.9302E-08       0.0000E+00       6.0684E-07       0.0000E+00       0.0000E+00       0.0000E+00       0.0000E+00
       2.8650E+00       0.0000E+00       0.0000E+00       6.1825E-06       1.2583E-05       3.9010E-08       0.0000E+00       6.0669E-07       0.0000E+00       0.0000E+00       0.0000E+00       0.0000E+00
       2.8750E+00       0.0000E+00       0.0000E+00       6.1822E-06       1.2584E-05       3.8717E-08       0.0000E+00       6.0654E-07       0.0000E+00       0.0000E+00       0.0000E+00       0.0000E+00
       2.8850E+00       0.0000E+00       0.0000E+00       6.1820E-06       1.2584E-05       3.8424E-08       0.0000E+00       6.0639E-07       0.0000E+00       0.0000E+00       0.0000E+00       0.0000E+00
       2.8950E+00       0.0000E+00       0.0000E+00       6.1817E-06       1.2585E-05       3.8132E-08       0.0000E+00       6.0623E-07       0.0000E+00       0.0000E+00       0.0000E+00       0.0000E+00
       2.9050E+00       0.0000E+00       0.0000E+00       6.1814E-06       1.2585E-05       3.7841E-08       0.0000E+00       6.0608E-07       0.0000E+00       0.0000E+00       0.0000E+00       0.0000E+00
       2.9150E+00       0.0000E+00       0.0000E+00       6.1811E-06       1.2586E-05       3.7551E-08       0.0000E+00       6.0593E-07       0.0000E+00       0.0000E+00       0.0000E+00       0.0000E+00
       2.9250E+00       0.0000E+00       0.0000E+00       6.1807E-06       1.2586E-05       3.7265E-08       0.0000E+00       6.0578E-07       0.0000E+00       0.0000E+00       0.0000E+00       0.0000E+00
       2.9350E+00       0.0000E+00       0.0000E+00       6.1803E-06       1.2587E-05       3.6983E-08       0.0000E+00       6.0563E-07       0.0000E+00       0.0000E+00       0.0000E+00       0.0000E+00
       2.9450E+00       0.0000E+00       0.0000E+00       6.1799E-06       1.2587E-05       3.6710E-08       0.0000E+00       6.0549E-07       0.0000E+00       0.0000E+00       0.0000E+00       0.0000E+00
       2.9550E+00       0.0000E+00       0.0000E+00       6.1795E-06       1.2588E-05       3.6449E-08       0.0000E+00       6.0535E-07       0.0000E+00       0.0000E+00       0.0000E+00       0.0000E+00
       2.9650E+00       0.0000E+00       0.0000E+00       6.1791E-06       1.2589E-05       3.6206E-08       0.0000E+00       6.0522E-07       0.0000E+00       0.0000E+00       0.0000E+00       0.0000E+00
       2.9750E+00       0.0000E+00       0.0000E+00       6.1787E-06       1.2589E-05       3.5992E-08       0.0000E+00       6.0510E-07       0.0000E+00       0.0000E+00       0.0000E+00       0.0000E+00
       2.9850E+00       0.0000E+00       0.0000E+00       6.1784E-06       1.2590E-05       3.5822E-08       0.0000E+00       6.0501E-07       0.0000E+00       0.0000E+00       0.0000E+00       0.0000E+00
       2.9950E+00       0.0000E+00       0.0000E+00       6.1782E-06       1.2590E-05       3.5719E-08       0.0000E+00       6.0496E-07       0.0000E+00       0.0000E+00       0.0000E+00       0.0000E+00
