# Time          1.0000E+01
# Units: Mol/g solid
    Distance           H+               CO2(aq)          Mg++             Ca++             K+               SiO2(aq)         Na+              Al+++            Cl-              NO3-             Tracer       
       5.0000E-03       0.0000E+00       0.0000E+00       3.6503E-11       8.3771E-11       2.9679E-13       0.0000E+00       3.9326E-12       0.0000E+00       0.0000E+00       0.0000E+00       0.0000E+00
       1.5000E-02       0.0000E+00       0.0000E+00       2.9570E-11       9.0722E-11       2.9395E-13       0.0000E+00       3.8962E-12       0.0000E+00       0.0000E+00       0.0000E+00       0.0000E+00
       2.5000E-02       0.0000E+00       0.0000E+00       2.2855E-11       9.7457E-11       2.9103E-13       0.0000E+00       3.8604E-12       0.0000E+00       0.0000E+00       0.0000E+00       0.0000E+00
       3.5000E-02       0.0000E+00       0.0000E+00       1.7358E-11       1.0297E-10       2.8843E-13       0.0000E+00       3.8306E-12       0.0000E+00       0.0000E+00       0.0000E+00       0.0000E+00
       4.5000E-02       0.0000E+00       0.0000E+00       1.3358E-11       1.0698E-10       2.8622E-13       0.0000E+00       3.8083E-12       0.0000E+00       0.0000E+00       0.0000E+00       0.0000E+00
       5.5000E-02       0.0000E+00       0.0000E+00       1.0657E-11       1.0969E-10       2.8430E-13       0.0000E+00       3.7926E-12       0.0000E+00       0.0000E+00       0.0000E+00       0.0000E+00
       6.5000E-02       0.0000E+00       0.0000E+00       8.8808E-12       1.1147E-10       2.8248E-13       0.0000E+00       3.7814E-12       0.0000E+00       0.0000E+00       0.0000E+00       0.0000E+00
       7.5000E-02       0.0000E+00       0.0000E+00       7.6782E-12       1.1268E-10       2.8057E-13       0.0000E+00       3.7728E-12       0.0000E+00       0.0000E+00       0.0000E+00       0.0000E+00
       8.5000E-02       0.0000E+00       0.0000E+00       6.7989E-12       1.1357E-10       2.7841E-13       0.0000E+00       3.7654E-12       0.0000E+00       0.0000E+00       0.0000E+00       0.0000E+00
       9.5000E-02       0.0000E+00       0.0000E+00       6.0945E-12       1.1428E-10       2.7591E-13       0.0000E+00       3.7584E-12       0.0000E+00       0.0000E+00       0.0000E+00       0.0000E+00
       1.0500E-01       0.0000E+00       0.0000E+00       5.4889E-12       1.1489E-10       2.7298E-13       0.0000E+00       3.7512E-12       0.0000E+00       0.0000E+00       0.0000E+00       0.0000E+00
       1.1500E-01       0.0000E+00       0.0000E+00       4.9480E-12       1.1543E-10       2.6958E-13       0.0000E+00       3.7436E-12       0.0000E+00       0.0000E+00       0.0000E+00       0.0000E+00
       1.2500E-01       0.0000E+00       0.0000E+00       4.4576E-12       1.1593E-10       2.6567E-13       0.0000E+00       3.7354E-12       0.0000E+00       0.0000E+00       0.0000E+00       0.0000E+00
       1.3500E-01       0.0000E+00       0.0000E+00       4.0124E-12       1.1638E-10       2.6123E-13       0.0000E+00       3.7265E-12       0.0000E+00       0.0000E+00       0.0000E+00       0.0000E+00
       1.4500E-01       0.0000E+00       0.0000E+00       3.6094E-12       1.1679E-10       2.5625E-13       0.0000E+00       3.7167E-12       0.0000E+00       0.0000E+00       0.0000E+00       0.0000E+00
       1.5500E-01       0.0000E+00       0.0000E+00       3.2459E-12       1.1716E-10       2.5072E-13       0.0000E+00       3.7062E-12       0.0000E+00       0.0000E+00       0.0000E+00       0.0000E+00
       1.6500E-01       0.0000E+00       0.0000E+00       2.9188E-12       1.1750E-10       2.4466E-13       0.0000E+00       3.6947E-12       0.0000E+00       0.0000E+00       0.0000E+00       0.0000E+00
       1.7500E-01       0.0000E+00       0.0000E+00       2.6244E-12       1.1780E-10       2.3811E-13       0.0000E+00       3.6823E-12       0.0000E+00       0.0000E+00       0.0000E+00       0.0000E+00
       1.8500E-01       0.0000E+00       0.0000E+00       2.3586E-12       1.1808E-10       2.3114E-13       0.0000E+00       3.6689E-12       0.0000E+00       0.0000E+00       0.0000E+00       0.0000E+00
       1.9500E-01       0.0000E+00       0.0000E+00       2.1179E-12       1.1833E-10       2.2383E-13       0.0000E+00       3.6547E-12       0.0000E+00       0.0000E+00       0.0000E+00       0.0000E+00
       2.0500E-01       0.0000E+00       0.0000E+00       1.8997E-12       1.1856E-10       2.1631E-13       0.0000E+00       3.6399E-12       0.0000E+00       0.0000E+00       0.0000E+00       0.0000E+00
       2.1500E-01       0.0000E+00       0.0000E+00       1.7042E-12       1.1877E-10       2.0878E-13       0.0000E+00       3.6247E-12       0.0000E+00       0.0000E+00       0.0000E+00       0.0000E+00
       2.2500E-01       0.0000E+00       0.0000E+00       1.5349E-12       1.1895E-10       2.0149E-13       0.0000E+00       3.6097E-12       0.0000E+00       0.0000E+00       0.0000E+00       0.0000E+00
       2.3500E-01       0.0000E+00       0.0000E+00       1.3998E-12       1.1909E-10       1.9482E-13       0.0000E+00       3.5956E-12       0.0000E+00       0.0000E+00       0.0000E+00       0.0000E+00
       2.4500E-01       0.0000E+00       0.0000E+00       1.3102E-12       1.1919E-10       1.8928E-13       0.0000E+00       3.5835E-12       0.0000E+00       0.0000E+00       0.0000E+00       0.0000E+00
       2.5500E-01       0.0000E+00       0.0000E+00       1.9967E-07       1.8595E-05       2.8955E-08       0.0000E+00       5.5757E-07       0.0000E+00       0.0000E+00       0.0000E+00       0.0000E+00
       2.6500E-01       0.0000E+00       0.0000E+00       1.9780E-07       1.8598E-05       2.8380E-08       0.0000E+00       5.5619E-07       0.0000E+00       0.0000E+00       0.0000E+00       0.0000E+00
       2.7500E-01       0.0000E+00       0.0000E+00       1.9906E-07       1.8598E-05       2.7798E-08       0.0000E+00       5.5479E-07       0.0000E+00       0.0000E+00       0.0000E+00       0.0000E+00
       2.8500E-01       0.0000E+00       0.0000E+00       2.0362E-07       1.8594E-05       2.7209E-08       0.0000E+00       5.5334E-07       0.0000E+00       0.0000E+00       0.0000E+00       0.0000E+00
       2.9500E-01       0.0000E+00       0.0000E+00       2.1147E-07       1.8588E-05       2.6614E-08       0.0000E+00       5.5186E-07       0.0000E+00       0.0000E+00       0.0000E+00       0.0000E+00
       3.0500E-01       0.0000E+00       0.0000E+00       2.2251E-07       1.8578E-05       2.6014E-08       0.0000E+00       5.5033E-07       0.0000E+00       0.0000E+00       0.0000E+00       0.0000E+00
       3.1500E-01       0.0000E+00       0.0000E+00       2.3650E-07       1.8565E-05       2.5410E-08       0.0000E+00       5.4876E-07       0.0000E+00       0.0000E+00       0.0000E+00       0.0000E+00
       3.2500E-01       0.0000E+00       0.0000E+00       2.5318E-07       1.8549E-05       2.4803E-08       0.0000E+00       5.4715E-07       0.0000E+00       0.0000E+00       0.0000E+00       0.0000E+00
       3.3500E-01       0.0000E+00       0.0000E+00       2.7223E-07       1.8531E-05       2.4193E-08       0.0000E+00       5.4549E-07       0.0000E+00       0.0000E+00       0.0000E+00       0.0000E+00
       3.4500E-01       0.0000E+00       0.0000E+00       2.9337E-07       1.8511E-05       2.3583E-08       0.0000E+00       5.4378E-07       0.0000E+00       0.0000E+00       0.0000E+00       0.0000E+00
       3.5500E-01       0.0000E+00       0.0000E+00       3.1635E-07       1.8489E-05       2.2972E-08       0.0000E+00       5.4201E-07       0.0000E+00       0.0000E+00       0.0000E+00       0.0000E+00
       3.6500E-01       0.0000E+00       0.0000E+00       3.4095E-07       1.8466E-05       2.2362E-08       0.0000E+00       5.4020E-07       0.0000E+00       0.0000E+00       0.0000E+00       0.0000E+00
       3.7500E-01       0.0000E+00       0.0000E+00       3.6702E-07       1.8441E-05       2.1754E-08       0.0000E+00       5.3832E-07       0.0000E+00       0.0000E+00       0.0000E+00       0.0000E+00
       3.8500E-01       0.0000E+00       0.0000E+00       3.9443E-07       1.8415E-05       2.1149E-08       0.0000E+00       5.3640E-07       0.0000E+00       0.0000E+00       0.0000E+00       0.0000E+00
       3.9500E-01       0.0000E+00       0.0000E+00       4.2310E-07       1.8388E-05       2.0547E-08       0.0000E+00       5.3441E-07       0.0000E+00       0.0000E+00       0.0000E+00       0.0000E+00
       4.0500E-01       0.0000E+00       0.0000E+00       4.5296E-07       1.8359E-05       1.9950E-08       0.0000E+00       5.3237E-07       0.0000E+00       0.0000E+00       0.0000E+00       0.0000E+00
       4.1500E-01       0.0000E+00       0.0000E+00       4.8397E-07       1.8330E-05       1.9359E-08       0.0000E+00       5.3027E-07       0.0000E+00       0.0000E+00       0.0000E+00       0.0000E+00
       4.2500E-01       0.0000E+00       0.0000E+00       5.1610E-07       1.8299E-05       1.8774E-08       0.0000E+00       5.2810E-07       0.0000E+00       0.0000E+00       0.0000E+00       0.0000E+00
       4.3500E-01       0.0000E+00       0.0000E+00       5.4933E-07       1.8267E-05       1.8197E-08       0.0000E+00       5.2588E-07       0.0000E+00       0.0000E+00       0.0000E+00       0.0000E+00
       4.4500E-01       0.0000E+00       0.0000E+00       5.8365E-07       1.8234E-05       1.7628E-08       0.0000E+00       5.2360E-07       0.0000E+00       0.0000E+00       0.0000E+00       0.0000E+00
       4.5500E-01       0.0000E+00       0.0000E+00       6.1905E-07       1.8200E-05       1.7068E-08       0.0000E+00       5.2126E-07       0.0000E+00       0.0000E+00       0.0000E+00       0.0000E+00
       4.6500E-01       0.0000E+00       0.0000E+00       6.5552E-07       1.8165E-05       1.6518E-08       0.0000E+00       5.1886E-07       0.0000E+00       0.0000E+00       0.0000E+00       0.0000E+00
       4.7500E-01       0.0000E+00       0.0000E+00       6.9306E-07       1.8129E-05       1.5979E-08       0.0000E+00       5.1641E-07       0.0000E+00       0.0000E+00       0.0000E+00       0.0000E+00
       4.8500E-01       0.0000E+00       0.0000E+00       7.3165E-07       1.8092E-05       1.5451E-08       0.0000E+00       5.1389E-07       0.0000E+00       0.0000E+00       0.0000E+00       0.0000E+00
       4.9500E-01       0.0000E+00       0.0000E+00       7.7129E-07       1.8054E-05       1.4935E-08       0.0000E+00       5.1131E-07       0.0000E+00       0.0000E+00       0.0000E+00       0.0000E+00
       5.0500E-01       0.0000E+00       0.0000E+00       8.1196E-07       1.8015E-05       1.4430E-08       0.0000E+00       5.0867E-07       0.0000E+00       0.0000E+00       0.0000E+00       0.0000E+00
       5.1500E-01       0.0000E+00       0.0000E+00       8.5367E-07       1.7975E-05       1.3939E-08       0.0000E+00       5.0597E-07       0.0000E+00       0.0000E+00       0.0000E+00       0.0000E+00
       5.2500E-01       0.0000E+00       0.0000E+00       8.9640E-07       1.7934E-05       1.3461E-08       0.0000E+00       5.0321E-07       0.0000E+00       0.0000E+00       0.0000E+00       0.0000E+00
       5.3500E-01       0.0000E+00       0.0000E+00       9.4013E-07       1.7891E-05       1.2996E-08       0.0000E+00       5.0040E-07       0.0000E+00       0.0000E+00       0.0000E+00       0.0000E+00
       5.4500E-01       0.0000E+00       0.0000E+00       9.8486E-07       1.7848E-05       1.2546E-08       0.0000E+00       4.9752E-07       0.0000E+00       0.0000E+00       0.0000E+00       0.0000E+00
       5.5500E-01       0.0000E+00       0.0000E+00       1.0306E-06       1.7804E-05       1.2109E-08       0.0000E+00       4.9459E-07       0.0000E+00       0.0000E+00       0.0000E+00       0.0000E+00
       5.6500E-01       0.0000E+00       0.0000E+00       1.0772E-06       1.7759E-05       1.1686E-08       0.0000E+00       4.9160E-07       0.0000E+00       0.0000E+00       0.0000E+00       0.0000E+00
       5.7500E-01       0.0000E+00       0.0000E+00       1.1249E-06       1.7714E-05       1.1278E-08       0.0000E+00       4.8856E-07       0.0000E+00       0.0000E+00       0.0000E+00       0.0000E+00
       5.8500E-01       0.0000E+00       0.0000E+00       1.1734E-06       1.7667E-05       1.0885E-08       0.0000E+00       4.8545E-07       0.0000E+00       0.0000E+00       0.0000E+00       0.0000E+00
       5.9500E-01       0.0000E+00       0.0000E+00       1.2229E-06       1.7619E-05       1.0506E-08       0.0000E+00       4.8230E-07       0.0000E+00       0.0000E+00       0.0000E+00       0.0000E+00
       6.0500E-01       0.0000E+00       0.0000E+00       1.2732E-06       1.7570E-05       1.0142E-08       0.0000E+00       4.7908E-07       0.0000E+00       0.0000E+00       0.0000E+00       0.0000E+00
       6.1500E-01       0.0000E+00       0.0000E+00       1.3244E-06       1.7521E-05       9.7918E-09       0.0000E+00       4.7582E-07       0.0000E+00       0.0000E+00       0.0000E+00       0.0000E+00
       6.2500E-01       0.0000E+00       0.0000E+00       1.3765E-06       1.7471E-05       9.4563E-09       0.0000E+00       4.7250E-07       0.0000E+00       0.0000E+00       0.0000E+00       0.0000E+00
       6.3500E-01       0.0000E+00       0.0000E+00       1.4293E-06       1.7420E-05       9.1351E-09       0.0000E+00       4.6913E-07       0.0000E+00       0.0000E+00       0.0000E+00       0.0000E+00
       6.4500E-01       0.0000E+00       0.0000E+00       1.4830E-06       1.7368E-05       8.8280E-09       0.0000E+00       4.6571E-07       0.0000E+00       0.0000E+00       0.0000E+00       0.0000E+00
       6.5500E-01       0.0000E+00       0.0000E+00       1.5374E-06       1.7316E-05       8.5349E-09       0.0000E+00       4.6223E-07       0.0000E+00       0.0000E+00       0.0000E+00       0.0000E+00
       6.6500E-01       0.0000E+00       0.0000E+00       1.5925E-06       1.7262E-05       8.2555E-09       0.0000E+00       4.5871E-07       0.0000E+00       0.0000E+00       0.0000E+00       0.0000E+00
       6.7500E-01       0.0000E+00       0.0000E+00       1.6483E-06       1.7208E-05       7.9895E-09       0.0000E+00       4.5514E-07       0.0000E+00       0.0000E+00       0.0000E+00       0.0000E+00
       6.8500E-01       0.0000E+00       0.0000E+00       1.7048E-06       1.7154E-05       7.7368E-09       0.0000E+00       4.5153E-07       0.0000E+00       0.0000E+00       0.0000E+00       0.0000E+00
       6.9500E-01       0.0000E+00       0.0000E+00       1.7620E-06       1.7099E-05       7.4970E-09       0.0000E+00       4.4787E-07       0.0000E+00       0.0000E+00       0.0000E+00       0.0000E+00
       7.0500E-01       0.0000E+00       0.0000E+00       1.8197E-06       1.7043E-05       7.2698E-09       0.0000E+00       4.4416E-07       0.0000E+00       0.0000E+00       0.0000E+00       0.0000E+00
       7.1500E-01       0.0000E+00       0.0000E+00       1.8780E-06       1.6987E-05       7.0549E-09       0.0000E+00       4.4041E-07       0.0000E+00       0.0000E+00       0.0000E+00       0.0000E+00
       7.2500E-01       0.0000E+00       0.0000E+00       1.9368E-06       1.6930E-05       6.8520E-09       0.0000E+00       4.3662E-07       0.0000E+00       0.0000E+00       0.0000E+00       0.0000E+00
       7.3500E-01       0.0000E+00       0.0000E+00       1.9961E-06       1.6873E-05       6.6606E-09       0.0000E+00       4.3278E-07       0.0000E+00       0.0000E+00       0.0000E+00       0.0000E+00
       7.4500E-01       0.0000E+00       0.0000E+00       2.0558E-06       1.6815E-05       6.4806E-09       0.0000E+00       4.2891E-07       0.0000E+00       0.0000E+00       0.0000E+00       0.0000E+00
       7.5500E-01       0.0000E+00       0.0000E+00       2.1160E-06       1.6757E-05       6.3114E-09       0.0000E+00       4.2500E-07       0.0000E+00       0.0000E+00       0.0000E+00       0.0000E+00
       7.6500E-01       0.0000E+00       0.0000E+00       2.1765E-06       1.6698E-05       6.1528E-09       0.0000E+00       4.2105E-07       0.0000E+00       0.0000E+00       0.0000E+00       0.0000E+00
       7.7500E-01       0.0000E+00       0.0000E+00       2.2373E-06       1.6639E-05       6.0043E-09       0.0000E+00       4.1707E-07       0.0000E+00       0.0000E+00       0.0000E+00       0.0000E+00
       7.8500E-01       0.0000E+00       0.0000E+00       2.2985E-06       1.6580E-05       5.8657E-09       0.0000E+00       4.1305E-07       0.0000E+00       0.0000E+00       0.0000E+00       0.0000E+00
       7.9500E-01       0.0000E+00       0.0000E+00       2.3599E-06       1.6521E-05       5.7365E-09       0.0000E+00       4.0900E-07       0.0000E+00       0.0000E+00       0.0000E+00       0.0000E+00
       8.0500E-01       0.0000E+00       0.0000E+00       2.4215E-06       1.6462E-05       5.6164E-09       0.0000E+00       4.0492E-07       0.0000E+00       0.0000E+00       0.0000E+00       0.0000E+00
       8.1500E-01       0.0000E+00       0.0000E+00       2.4833E-06       1.6402E-05       5.5050E-09       0.0000E+00       4.0081E-07       0.0000E+00       0.0000E+00       0.0000E+00       0.0000E+00
       8.2500E-01       0.0000E+00       0.0000E+00       2.5452E-06       1.6342E-05       5.4020E-09       0.0000E+00       3.9668E-07       0.0000E+00       0.0000E+00       0.0000E+00       0.0000E+00
       8.3500E-01       0.0000E+00       0.0000E+00       2.6072E-06       1.6282E-05       5.3070E-09       0.0000E+00       3.9251E-07       0.0000E+00       0.0000E+00       0.0000E+00       0.0000E+00
       8.4500E-01       0.0000E+00       0.0000E+00       2.6692E-06       1.6222E-05       5.2196E-09       0.0000E+00       3.8832E-07       0.0000E+00       0.0000E+00       0.0000E+00       0.0000E+00
       8.5500E-01       0.0000E+00       0.0000E+00       2.7313E-06       1.6162E-05       5.1396E-09       0.0000E+00       3.8411E-07       0.0000E+00       0.0000E+00       0.0000E+00       0.0000E+00
       8.6500E-01       0.0000E+00       0.0000E+00       2.7933E-06       1.6103E-05       5.0665E-09       0.0000E+00       3.7988E-07       0.0000E+00       0.0000E+00       0.0000E+00       0.0000E+00
       8.7500E-01       0.0000E+00       0.0000E+00       2.8553E-06       1.6043E-05       5.0002E-09       0.0000E+00       3.7562E-07       0.0000E+00       0.0000E+00       0.0000E+00       0.0000E+00
       8.8500E-01       0.0000E+00       0.0000E+00       2.9171E-06       1.5983E-05       4.9402E-09       0.0000E+00       3.7135E-07       0.0000E+00       0.0000E+00       0.0000E+00       0.0000E+00
       8.9500E-01       0.0000E+00       0.0000E+00       2.9788E-06       1.5924E-05       4.8863E-09       0.0000E+00       3.6706E-07       0.0000E+00       0.0000E+00       0.0000E+00       0.0000E+00
       9.0500E-01       0.0000E+00       0.0000E+00       3.0404E-06       1.5864E-05       4.8382E-09       0.0000E+00       3.6275E-07       0.0000E+00       0.0000E+00       0.0000E+00       0.0000E+00
       9.1500E-01       0.0000E+00       0.0000E+00       3.1017E-06       1.5805E-05       4.7956E-09       0.0000E+00       3.5843E-07       0.0000E+00       0.0000E+00       0.0000E+00       0.0000E+00
       9.2500E-01       0.0000E+00       0.0000E+00       3.1627E-06       1.5746E-05       4.7582E-09       0.0000E+00       3.5410E-07       0.0000E+00       0.0000E+00       0.0000E+00       0.0000E+00
       9.3500E-01       0.0000E+00       0.0000E+00       3.2235E-06       1.5688E-05       4.7258E-09       0.0000E+00       3.4975E-07       0.0000E+00       0.0000E+00       0.0000E+00       0.0000E+00
       9.4500E-01       0.0000E+00       0.0000E+00       3.2840E-06       1.5629E-05       4.6981E-09       0.0000E+00       3.4540E-07       0.0000E+00       0.0000E+00       0.0000E+00       0.0000E+00
       9.5500E-01       0.0000E+00       0.0000E+00       3.3441E-06       1.5571E-05       4.6749E-09       0.0000E+00       3.4104E-07       0.0000E+00       0.0000E+00       0.0000E+00       0.0000E+00
       9.6500E-01       0.0000E+00       0.0000E+00       3.4038E-06       1.5514E-05       4.6560E-09       0.0000E+00       3.3667E-07       0.0000E+00       0.0000E+00       0.0000E+00       0.0000E+00
       9.7500E-01       0.0000E+00       0.0000E+00       3.4631E-06       1.5457E-05       4.6411E-09       0.0000E+00       3.3230E-07       0.0000E+00       0.0000E+00       0.0000E+00       0.0000E+00
       9.8500E-01       0.0000E+00       0.0000E+00       3.5220E-06       1.5400E-05       4.6301E-09       0.0000E+00       3.2793E-07       0.0000E+00       0.0000E+00       0.0000E+00       0.0000E+00
       9.9500E-01       0.0000E+00       0.0000E+00       3.5804E-06       1.5344E-05       4.6228E-09       0.0000E+00       3.2355E-07       0.0000E+00       0.0000E+00       0.0000E+00       0.0000E+00
       1.0050E+00       0.0000E+00       0.0000E+00       3.6384E-06       1.5288E-05       4.6189E-09       0.0000E+00       3.1918E-07       0.0000E+00       0.0000E+00       0.0000E+00       0.0000E+00
       1.0150E+00       0.0000E+00       0.0000E+00       3.6958E-06       1.5233E-05       4.6184E-09       0.0000E+00       3.1481E-07       0.0000E+00       0.0000E+00       0.0000E+00       0.0000E+00
       1.0250E+00       0.0000E+00       0.0000E+00       3.7526E-06       1.5178E-05       4.6211E-09       0.0000E+00       3.1044E-07       0.0000E+00       0.0000E+00       0.0000E+00       0.0000E+00
       1.0350E+00       0.0000E+00       0.0000E+00       3.8089E-06       1.5124E-05       4.6267E-09       0.0000E+00       3.0608E-07       0.0000E+00       0.0000E+00       0.0000E+00       0.0000E+00
       1.0450E+00       0.0000E+00       0.0000E+00       3.8646E-06       1.5071E-05       4.6353E-09       0.0000E+00       3.0172E-07       0.0000E+00       0.0000E+00       0.0000E+00       0.0000E+00
       1.0550E+00       0.0000E+00       0.0000E+00       3.9197E-06       1.5018E-05       4.6466E-09       0.0000E+00       2.9738E-07       0.0000E+00       0.0000E+00       0.0000E+00       0.0000E+00
       1.0650E+00       0.0000E+00       0.0000E+00       3.9742E-06       1.4965E-05       4.6605E-09       0.0000E+00       2.9304E-07       0.0000E+00       0.0000E+00       0.0000E+00       0.0000E+00
       1.0750E+00       0.0000E+00       0.0000E+00       4.0280E-06       1.4914E-05       4.6769E-09       0.0000E+00       2.8871E-07       0.0000E+00       0.0000E+00       0.0000E+00       0.0000E+00
       1.0850E+00       0.0000E+00       0.0000E+00       4.0812E-06       1.4863E-05       4.6958E-09       0.0000E+00       2.8440E-07       0.0000E+00       0.0000E+00       0.0000E+00       0.0000E+00
       1.0950E+00       0.0000E+00       0.0000E+00       4.1336E-06       1.4812E-05       4.7170E-09       0.0000E+00       2.8010E-07       0.0000E+00       0.0000E+00       0.0000E+00       0.0000E+00
       1.1050E+00       0.0000E+00       0.0000E+00       4.1854E-06       1.4763E-05       4.7404E-09       0.0000E+00       2.7582E-07       0.0000E+00       0.0000E+00       0.0000E+00       0.0000E+00
       1.1150E+00       0.0000E+00       0.0000E+00       4.2365E-06       1.4714E-05       4.7660E-09       0.0000E+00       2.7156E-07       0.0000E+00       0.0000E+00       0.0000E+00       0.0000E+00
       1.1250E+00       0.0000E+00       0.0000E+00       4.2868E-06       1.4665E-05       4.7937E-09       0.0000E+00       2.6732E-07       0.0000E+00       0.0000E+00       0.0000E+00       0.0000E+00
       1.1350E+00       0.0000E+00       0.0000E+00       4.3364E-06       1.4618E-05       4.8235E-09       0.0000E+00       2.6309E-07       0.0000E+00       0.0000E+00       0.0000E+00       0.0000E+00
       1.1450E+00       0.0000E+00       0.0000E+00       4.3853E-06       1.4571E-05       4.8552E-09       0.0000E+00       2.5889E-07       0.0000E+00       0.0000E+00       0.0000E+00       0.0000E+00
       1.1550E+00       0.0000E+00       0.0000E+00       4.4334E-06       1.4525E-05       4.8889E-09       0.0000E+00       2.5472E-07       0.0000E+00       0.0000E+00       0.0000E+00       0.0000E+00
       1.1650E+00       0.0000E+00       0.0000E+00       4.4808E-06       1.4480E-05       4.9244E-09       0.0000E+00       2.5056E-07       0.0000E+00       0.0000E+00       0.0000E+00       0.0000E+00
       1.1750E+00       0.0000E+00       0.0000E+00       4.5274E-06       1.4435E-05       4.9618E-09       0.0000E+00       2.4644E-07       0.0000E+00       0.0000E+00       0.0000E+00       0.0000E+00
       1.1850E+00       0.0000E+00       0.0000E+00       4.5732E-06       1.4391E-05       5.0010E-09       0.0000E+00       2.4234E-07       0.0000E+00       0.0000E+00       0.0000E+00       0.0000E+00
       1.1950E+00       0.0000E+00       0.0000E+00       4.6183E-06       1.4348E-05       5.0420E-09       0.0000E+00       2.3827E-07       0.0000E+00       0.0000E+00       0.0000E+00       0.0000E+00
       1.2050E+00       0.0000E+00       0.0000E+00       4.6625E-06       1.4306E-05       5.0847E-09       0.0000E+00       2.3424E-07       0.0000E+00       0.0000E+00       0.0000E+00       0.0000E+00
       1.2150E+00       0.0000E+00       0.0000E+00       4.7060E-06       1.4265E-05       5.1292E-09       0.0000E+00       2.3023E-07       0.0000E+00       0.0000E+00       0.0000E+00       0.0000E+00
       1.2250E+00       0.0000E+00       0.0000E+00       4.7487E-06       1.4224E-05       5.1755E-09       0.0000E+00       2.2626E-07       0.0000E+00       0.0000E+00       0.0000E+00       0.0000E+00
       1.2350E+00       0.0000E+00       0.0000E+00       4.7907E-06       1.4184E-05       5.2234E-09       0.0000E+00       2.2232E-07       0.0000E+00       0.0000E+00       0.0000E+00       0.0000E+00
       1.2450E+00       0.0000E+00       0.0000E+00       4.8318E-06       1.4145E-05       5.2731E-09       0.0000E+00       2.1842E-07       0.0000E+00       0.0000E+00       0.0000E+00       0.0000E+00
       1.2550E+00       0.0000E+00       0.0000E+00       4.8722E-06       1.4106E-05       5.3244E-09       0.0000E+00       2.1456E-07       0.0000E+00       0.0000E+00       0.0000E+00       0.0000E+00
       1.2650E+00       0.0000E+00       0.0000E+00       4.9118E-06       1.4068E-05       5.3775E-09       0.0000E+00       2.1074E-07       0.0000E+00       0.0000E+00       0.0000E+00       0.0000E+00
       1.2750E+00       0.0000E+00       0.0000E+00       4.9506E-06       1.4031E-05       5.4322E-09       0.0000E+00       2.0695E-07       0.0000E+00       0.0000E+00       0.0000E+00       0.0000E+00
       1.2850E+00       0.0000E+00       0.0000E+00       4.9887E-06       1.3995E-05       5.4887E-09       0.0000E+00       2.0321E-07       0.0000E+00       0.0000E+00       0.0000E+00       0.0000E+00
       1.2950E+00       0.0000E+00       0.0000E+00       5.0260E-06       1.3960E-05       5.5468E-09       0.0000E+00       1.9950E-07       0.0000E+00       0.0000E+00       0.0000E+00       0.0000E+00
       1.3050E+00       0.0000E+00       0.0000E+00       5.0625E-06       1.3925E-05       5.6067E-09       0.0000E+00       1.9585E-07       0.0000E+00       0.0000E+00       0.0000E+00       0.0000E+00
       1.3150E+00       0.0000E+00       0.0000E+00       5.0983E-06       1.3891E-05       5.6683E-09       0.0000E+00       1.9223E-07       0.0000E+00       0.0000E+00       0.0000E+00       0.0000E+00
       1.3250E+00       0.0000E+00       0.0000E+00       5.1333E-06       1.3858E-05       5.7316E-09       0.0000E+00       1.8866E-07       0.0000E+00       0.0000E+00       0.0000E+00       0.0000E+00
       1.3350E+00       0.0000E+00       0.0000E+00       5.1675E-06       1.3825E-05       5.7967E-09       0.0000E+00       1.8514E-07       0.0000E+00       0.0000E+00       0.0000E+00       0.0000E+00
       1.3450E+00       0.0000E+00       0.0000E+00       5.2010E-06       1.3794E-05       5.8635E-09       0.0000E+00       1.8166E-07       0.0000E+00       0.0000E+00       0.0000E+00       0.0000E+00
       1.3550E+00       0.0000E+00       0.0000E+00       5.2338E-06       1.3762E-05       5.9321E-09       0.0000E+00       1.7823E-07       0.0000E+00       0.0000E+00       0.0000E+00       0.0000E+00
       1.3650E+00       0.0000E+00       0.0000E+00       5.2659E-06       1.3732E-05       6.0024E-09       0.0000E+00       1.7485E-07       0.0000E+00       0.0000E+00       0.0000E+00       0.0000E+00
       1.3750E+00       0.0000E+00       0.0000E+00       5.2972E-06       1.3702E-05       6.0745E-09       0.0000E+00       1.7152E-07       0.0000E+00       0.0000E+00       0.0000E+00       0.0000E+00
       1.3850E+00       0.0000E+00       0.0000E+00       5.3278E-06       1.3673E-05       6.1485E-09       0.0000E+00       1.6824E-07       0.0000E+00       0.0000E+00       0.0000E+00       0.0000E+00
       1.3950E+00       0.0000E+00       0.0000E+00       5.3577E-06       1.3645E-05       6.2242E-09       0.0000E+00       1.6501E-07       0.0000E+00       0.0000E+00       0.0000E+00       0.0000E+00
       1.4050E+00       0.0000E+00       0.0000E+00       5.3868E-06       1.3617E-05       6.3018E-09       0.0000E+00       1.6184E-07       0.0000E+00       0.0000E+00       0.0000E+00       0.0000E+00
       1.4150E+00       0.0000E+00       0.0000E+00       5.4153E-06       1.3590E-05       6.3812E-09       0.0000E+00       1.5871E-07       0.0000E+00       0.0000E+00       0.0000E+00       0.0000E+00
       1.4250E+00       0.0000E+00       0.0000E+00       5.4431E-06       1.3564E-05       6.4625E-09       0.0000E+00       1.5564E-07       0.0000E+00       0.0000E+00       0.0000E+00       0.0000E+00
       1.4350E+00       0.0000E+00       0.0000E+00       5.4702E-06       1.3538E-05       6.5456E-09       0.0000E+00       1.5262E-07       0.0000E+00       0.0000E+00       0.0000E+00       0.0000E+00
       1.4450E+00       0.0000E+00       0.0000E+00       5.4967E-06       1.3513E-05       6.6306E-09       0.0000E+00       1.4966E-07       0.0000E+00       0.0000E+00       0.0000E+00       0.0000E+00
       1.4550E+00       0.0000E+00       0.0000E+00       5.5225E-06       1.3489E-05       6.7175E-09       0.0000E+00       1.4675E-07       0.0000E+00       0.0000E+00       0.0000E+00       0.0000E+00
       1.4650E+00       0.0000E+00       0.0000E+00       5.5476E-06       1.3465E-05       6.8064E-09       0.0000E+00       1.4390E-07       0.0000E+00       0.0000E+00       0.0000E+00       0.0000E+00
       1.4750E+00       0.0000E+00       0.0000E+00       5.5722E-06       1.3442E-05       6.8971E-09       0.0000E+00       1.4110E-07       0.0000E+00       0.0000E+00       0.0000E+00       0.0000E+00
       1.4850E+00       0.0000E+00       0.0000E+00       5.5960E-06       1.3420E-05       6.9897E-09       0.0000E+00       1.3836E-07       0.0000E+00       0.0000E+00       0.0000E+00       0.0000E+00
       1.4950E+00       0.0000E+00       0.0000E+00       5.6193E-06       1.3398E-05       7.0843E-09       0.0000E+00       1.3568E-07       0.0000E+00       0.0000E+00       0.0000E+00       0.0000E+00
       1.5050E+00       0.0000E+00       0.0000E+00       5.6420E-06       1.3376E-05       7.1808E-09       0.0000E+00       1.3305E-07       0.0000E+00       0.0000E+00       0.0000E+00       0.0000E+00
       1.5150E+00       0.0000E+00       0.0000E+00       5.6640E-06       1.3355E-05       7.2793E-09       0.0000E+00       1.3048E-07       0.0000E+00       0.0000E+00       0.0000E+00       0.0000E+00
       1.5250E+00       0.0000E+00       0.0000E+00       5.6855E-06       1.3335E-05       7.3797E-09       0.0000E+00       1.2796E-07       0.0000E+00       0.0000E+00       0.0000E+00       0.0000E+00
       1.5350E+00       0.0000E+00       0.0000E+00       5.7064E-06       1.3315E-05       7.4821E-09       0.0000E+00       1.2550E-07       0.0000E+00       0.0000E+00       0.0000E+00       0.0000E+00
       1.5450E+00       0.0000E+00       0.0000E+00       5.7267E-06       1.3296E-05       7.5864E-09       0.0000E+00       1.2310E-07       0.0000E+00       0.0000E+00       0.0000E+00       0.0000E+00
       1.5550E+00       0.0000E+00       0.0000E+00       5.7465E-06       1.3278E-05       7.6927E-09       0.0000E+00       1.2076E-07       0.0000E+00       0.0000E+00       0.0000E+00       0.0000E+00
       1.5650E+00       0.0000E+00       0.0000E+00       5.7657E-06       1.3259E-05       7.8009E-09       0.0000E+00       1.1847E-07       0.0000E+00       0.0000E+00       0.0000E+00       0.0000E+00
       1.5750E+00       0.0000E+00       0.0000E+00       5.7844E-06       1.3242E-05       7.9111E-09       0.0000E+00       1.1624E-07       0.0000E+00       0.0000E+00       0.0000E+00       0.0000E+00
       1.5850E+00       0.0000E+00       0.0000E+00       5.8026E-06       1.3225E-05       8.0232E-09       0.0000E+00       1.1406E-07       0.0000E+00       0.0000E+00       0.0000E+00       0.0000E+00
       1.5950E+00       0.0000E+00       0.0000E+00       5.8203E-06       1.3208E-05       8.1373E-09       0.0000E+00       1.1194E-07       0.0000E+00       0.0000E+00       0.0000E+00       0.0000E+00
       1.6050E+00       0.0000E+00       0.0000E+00       5.8374E-06       1.3192E-05       8.2533E-09       0.0000E+00       1.0988E-07       0.0000E+00       0.0000E+00       0.0000E+00       0.0000E+00
       1.6150E+00       0.0000E+00       0.0000E+00       5.8541E-06       1.3176E-05       8.3713E-09       0.0000E+00       1.0787E-07       0.0000E+00       0.0000E+00       0.0000E+00       0.0000E+00
       1.6250E+00       0.0000E+00       0.0000E+00       5.8702E-06       1.3161E-05       8.4912E-09       0.0000E+00       1.0592E-07       0.0000E+00       0.0000E+00       0.0000E+00       0.0000E+00
       1.6350E+00       0.0000E+00       0.0000E+00       5.8859E-06       1.3146E-05       8.6130E-09       0.0000E+00       1.0402E-07       0.0000E+00       0.0000E+00       0.0000E+00       0.0000E+00
       1.6450E+00       0.0000E+00       0.0000E+00       5.9011E-06       1.3132E-05       8.7366E-09       0.0000E+00       1.0218E-07       0.0000E+00       0.0000E+00       0.0000E+00       0.0000E+00
       1.6550E+00       0.0000E+00       0.0000E+00       5.9159E-06       1.3118E-05       8.8622E-09       0.0000E+00       1.0039E-07       0.0000E+00       0.0000E+00       0.0000E+00       0.0000E+00
       1.6650E+00       0.0000E+00       0.0000E+00       5.9302E-06       1.3104E-05       8.9896E-09       0.0000E+00       9.8654E-08       0.0000E+00       0.0000E+00       0.0000E+00       0.0000E+00
       1.6750E+00       0.0000E+00       0.0000E+00       5.9441E-06       1.3091E-05       9.1189E-09       0.0000E+00       9.6970E-08       0.0000E+00       0.0000E+00       0.0000E+00       0.0000E+00
       1.6850E+00       0.0000E+00       0.0000E+00       5.9575E-06       1.3079E-05       9.2500E-09       0.0000E+00       9.5338E-08       0.0000E+00       0.0000E+00       0.0000E+00       0.0000E+00
       1.6950E+00       0.0000E+00       0.0000E+00       5.9705E-06       1.3066E-05       9.3829E-09       0.0000E+00       9.3758E-08       0.0000E+00       0.0000E+00       0.0000E+00       0.0000E+00
       1.7050E+00       0.0000E+00       0.0000E+00       5.9831E-06       1.3054E-05       9.5175E-09       0.0000E+00       9.2228E-08       0.0000E+00       0.0000E+00       0.0000E+00       0.0000E+00
       1.7150E+00       0.0000E+00       0.0000E+00       5.9953E-06       1.3043E-05       9.6540E-09       0.0000E+00       9.0747E-08       0.0000E+00       0.0000E+00       0.0000E+00       0.0000E+00
       1.7250E+00       0.0000E+00       0.0000E+00       6.0071E-06       1.3032E-05       9.7921E-09       0.0000E+00       8.9316E-08       0.0000E+00       0.0000E+00       0.0000E+00       0.0000E+00
       1.7350E+00       0.0000E+00       0.0000E+00       6.0185E-06       1.3021E-05       9.9320E-09       0.0000E+00       8.7933E-08       0.0000E+00       0.0000E+00       0.0000E+00       0.0000E+00
       1.7450E+00       0.0000E+00       0.0000E+00       6.0296E-06       1.3010E-05       1.0073E-08       0.0000E+00       8.6597E-08       0.0000E+00       0.0000E+00       0.0000E+00       0.0000E+00
       1.7550E+00       0.0000E+00       0.0000E+00       6.0403E-06       1.3000E-05       1.0217E-08       0.0000E+00       8.5308E-08       0.0000E+00       0.0000E+00       0.0000E+00       0.0000E+00
       1.7650E+00       0.0000E+00       0.0000E+00       6.0506E-06       1.2990E-05       1.0361E-08       0.0000E+00       8.4064E-08       0.0000E+00       0.0000E+00       0.0000E+00       0.0000E+00
       1.7750E+00       0.0000E+00       0.0000E+00       6.0606E-06       1.2981E-05       1.0508E-08       0.0000E+00       8.2865E-08       0.0000E+00       0.0000E+00       0.0000E+00       0.0000E+00
       1.7850E+00       0.0000E+00       0.0000E+00       6.0702E-06       1.2972E-05       1.0656E-08       0.0000E+00       8.1709E-08       0.0000E+00       0.0000E+00       0.0000E+00       0.0000E+00
       1.7950E+00       0.0000E+00       0.0000E+00       6.0796E-06       1.2963E-05       1.0805E-08       0.0000E+00       8.0596E-08       0.0000E+00       0.0000E+00       0.0000E+00       0.0000E+00
       1.8050E+00       0.0000E+00       0.0000E+00       6.0886E-06       1.2955E-05       1.0956E-08       0.0000E+00       7.9525E-08       0.0000E+00       0.0000E+00       0.0000E+00       0.0000E+00
       1.8150E+00       0.0000E+00       0.0000E+00       6.0973E-06       1.2946E-05       1.1108E-08       0.0000E+00       7.8495E-08       0.0000E+00       0.0000E+00       0.0000E+00       0.0000E+00
       1.8250E+00       0.0000E+00       0.0000E+00       6.1057E-06       1.2938E-05       1.1262E-08       0.0000E+00       7.7504E-08       0.0000E+00       0.0000E+00       0.0000E+00       0.0000E+00
       1.8350E+00       0.0000E+00       0.0000E+00       6.1138E-06       1.2931E-05       1.1416E-08       0.0000E+00       7.6553E-08       0.0000E+00       0.0000E+00       0.0000E+00       0.0000E+00
       1.8450E+00       0.0000E+00       0.0000E+00       6.1216E-06       1.2923E-05       1.1573E-08       0.0000E+00       7.5638E-08       0.0000E+00       0.0000E+00       0.0000E+00       0.0000E+00
       1.8550E+00       0.0000E+00       0.0000E+00       6.1291E-06       1.2916E-05       1.1730E-08       0.0000E+00       7.4761E-08       0.0000E+00       0.0000E+00       0.0000E+00       0.0000E+00
       1.8650E+00       0.0000E+00       0.0000E+00       6.1364E-06       1.2909E-05       1.1889E-08       0.0000E+00       7.3919E-08       0.0000E+00       0.0000E+00       0.0000E+00       0.0000E+00
       1.8750E+00       0.0000E+00       0.0000E+00       6.1434E-06       1.2902E-05       1.2049E-08       0.0000E+00       7.3112E-08       0.0000E+00       0.0000E+00       0.0000E+00       0.0000E+00
       1.8850E+00       0.0000E+00       0.0000E+00       6.1501E-06       1.2896E-05       1.2210E-08       0.0000E+00       7.2338E-08       0.0000E+00       0.0000E+00       0.0000E+00       0.0000E+00
       1.8950E+00       0.0000E+00       0.0000E+00       6.1567E-06       1.2890E-05       1.2372E-08       0.0000E+00       7.1597E-08       0.0000E+00       0.0000E+00       0.0000E+00       0.0000E+00
       1.9050E+00       0.0000E+00       0.0000E+00       6.1629E-06       1.2884E-05       1.2535E-08       0.0000E+00       7.0888E-08       0.0000E+00       0.0000E+00       0.0000E+00       0.0000E+00
       1.9150E+00       0.0000E+00       0.0000E+00       6.1690E-06       1.2878E-05       1.2699E-08       0.0000E+00       7.0208E-08       0.0000E+00       0.0000E+00       0.0000E+00       0.0000E+00
       1.9250E+00       0.0000E+00       0.0000E+00       6.1748E-06       1.2872E-05       1.2864E-08       0.0000E+00       6.9559E-08       0.0000E+00       0.0000E+00       0.0000E+00       0.0000E+00
       1.9350E+00       0.0000E+00       0.0000E+00       6.1803E-06       1.2867E-05       1.3029E-08       0.0000E+00       6.8937E-08       0.0000E+00       0.0000E+00       0.0000E+00       0.0000E+00
       1.9450E+00       0.0000E+00       0.0000E+00       6.1857E-06       1.2862E-05       1.3196E-08       0.0000E+00       6.8344E-08       0.0000E+00       0.0000E+00       0.0000E+00       0.0000E+00
       1.9550E+00       0.0000E+00       0.0000E+00       6.1909E-06       1.2857E-05       1.3363E-08       0.0000E+00       6.7776E-08       0.0000E+00       0.0000E+00       0.0000E+00       0.0000E+00
       1.9650E+00       0.0000E+00       0.0000E+00       6.1958E-06       1.2852E-05       1.3531E-08       0.0000E+00       6.7234E-08       0.0000E+00       0.0000E+00       0.0000E+00       0.0000E+00
       1.9750E+00       0.0000E+00       0.0000E+00       6.2006E-06       1.2847E-05       1.3700E-08       0.0000E+00       6.6717E-08       0.0000E+00       0.0000E+00       0.0000E+00       0.0000E+00
       1.9850E+00       0.0000E+00       0.0000E+00       6.2052E-06       1.2843E-05       1.3869E-08       0.0000E+00       6.6224E-08       0.0000E+00       0.0000E+00       0.0000E+00       0.0000E+00
       1.9950E+00       0.0000E+00       0.0000E+00       6.2096E-06       1.2839E-05       1.4039E-08       0.0000E+00       6.5753E-08       0.0000E+00       0.0000E+00       0.0000E+00       0.0000E+00
       2.0050E+00       0.0000E+00       0.0000E+00       6.2138E-06       1.2835E-05       1.4209E-08       0.0000E+00       6.5304E-08       0.0000E+00       0.0000E+00       0.0000E+00       0.0000E+00
       2.0150E+00       0.0000E+00       0.0000E+00       6.2178E-06       1.2831E-05       1.4380E-08       0.0000E+00       6.4875E-08       0.0000E+00       0.0000E+00       0.0000E+00       0.0000E+00
       2.0250E+00       0.0000E+00       0.0000E+00       6.2217E-06       1.2827E-05       1.4551E-08       0.0000E+00       6.4467E-08       0.0000E+00       0.0000E+00       0.0000E+00       0.0000E+00
       2.0350E+00       0.0000E+00       0.0000E+00       6.2255E-06       1.2823E-05       1.4722E-08       0.0000E+00       6.4078E-08       0.0000E+00       0.0000E+00       0.0000E+00       0.0000E+00
       2.0450E+00       0.0000E+00       0.0000E+00       6.2290E-06       1.2820E-05       1.4894E-08       0.0000E+00       6.3708E-08       0.0000E+00       0.0000E+00       0.0000E+00       0.0000E+00
       2.0550E+00       0.0000E+00       0.0000E+00       6.2325E-06       1.2817E-05       1.5066E-08       0.0000E+00       6.3355E-08       0.0000E+00       0.0000E+00       0.0000E+00       0.0000E+00
       2.0650E+00       0.0000E+00       0.0000E+00       6.2357E-06       1.2813E-05       1.5238E-08       0.0000E+00       6.3019E-08       0.0000E+00       0.0000E+00       0.0000E+00       0.0000E+00
       2.0750E+00       0.0000E+00       0.0000E+00       6.2389E-06       1.2810E-05       1.5410E-08       0.0000E+00       6.2699E-08       0.0000E+00       0.0000E+00       0.0000E+00       0.0000E+00
       2.0850E+00       0.0000E+00       0.0000E+00       6.2419E-06       1.2807E-05       1.5582E-08       0.0000E+00       6.2395E-08       0.0000E+00       0.0000E+00       0.0000E+00       0.0000E+00
       2.0950E+00       0.0000E+00       0.0000E+00       6.2448E-06       1.2805E-05       1.5754E-08       0.0000E+00       6.2105E-08       0.0000E+00       0.0000E+00       0.0000E+00       0.0000E+00
       2.1050E+00       0.0000E+00       0.0000E+00       6.2476E-06       1.2802E-05       1.5927E-08       0.0000E+00       6.1829E-08       0.0000E+00       0.0000E+00       0.0000E+00       0.0000E+00
       2.1150E+00       0.0000E+00       0.0000E+00       6.2502E-06       1.2799E-05       1.6099E-08       0.0000E+00       6.1566E-08       0.0000E+00       0.0000E+00       0.0000E+00       0.0000E+00
       2.1250E+00       0.0000E+00       0.0000E+00       6.2528E-06       1.2797E-05       1.6270E-08       0.0000E+00       6.1317E-08       0.0000E+00       0.0000E+00       0.0000E+00       0.0000E+00
       2.1350E+00       0.0000E+00       0.0000E+00       6.2552E-06       1.2794E-05       1.6442E-08       0.0000E+00       6.1079E-08       0.0000E+00       0.0000E+00       0.0000E+00       0.0000E+00
       2.1450E+00       0.0000E+00       0.0000E+00       6.2575E-06       1.2792E-05       1.6614E-08       0.0000E+00       6.0853E-08       0.0000E+00       0.0000E+00       0.0000E+00       0.0000E+00
       2.1550E+00       0.0000E+00       0.0000E+00       6.2597E-06       1.2790E-05       1.6785E-08       0.0000E+00       6.0638E-08       0.0000E+00       0.0000E+00       0.0000E+00       0.0000E+00
       2.1650E+00       0.0000E+00       0.0000E+00       6.2619E-06       1.2788E-05       1.6956E-08       0.0000E+00       6.0433E-08       0.0000E+00       0.0000E+00       0.0000E+00       0.0000E+00
       2.1750E+00       0.0000E+00       0.0000E+00       6.2639E-06       1.2786E-05       1.7126E-08       0.0000E+00       6.0238E-08       0.0000E+00       0.0000E+00       0.0000E+00       0.0000E+00
       2.1850E+00       0.0000E+00       0.0000E+00       6.2658E-06       1.2784E-05       1.7296E-08       0.0000E+00       6.0052E-08       0.0000E+00       0.0000E+00       0.0000E+00       0.0000E+00
       2.1950E+00       0.0000E+00       0.0000E+00       6.2677E-06       1.2782E-05       1.7466E-08       0.0000E+00       5.9876E-08       0.0000E+00       0.0000E+00       0.0000E+00       0.0000E+00
       2.2050E+00       0.0000E+00       0.0000E+00       6.2695E-06       1.2780E-05       1.7635E-08       0.0000E+00       5.9707E-08       0.0000E+00       0.0000E+00       0.0000E+00       0.0000E+00
       2.2150E+00       0.0000E+00       0.0000E+00       6.2712E-06       1.2778E-05       1.7803E-08       0.0000E+00       5.9547E-08       0.0000E+00       0.0000E+00       0.0000E+00       0.0000E+00
       2.2250E+00       0.0000E+00       0.0000E+00       6.2728E-06       1.2777E-05       1.7971E-08       0.0000E+00       5.9395E-08       0.0000E+00       0.0000E+00       0.0000E+00       0.0000E+00
       2.2350E+00       0.0000E+00       0.0000E+00       6.2743E-06       1.2775E-05       1.8138E-08       0.0000E+00       5.9249E-08       0.0000E+00       0.0000E+00       0.0000E+00       0.0000E+00
       2.2450E+00       0.0000E+00       0.0000E+00       6.2758E-06       1.2774E-05       1.8304E-08       0.0000E+00       5.9110E-08       0.0000E+00       0.0000E+00       0.0000E+00       0.0000E+00
       2.2550E+00       0.0000E+00       0.0000E+00       6.2772E-06       1.2772E-05       1.8470E-08       0.0000E+00       5.8978E-08       0.0000E+00       0.0000E+00       0.0000E+00       0.0000E+00
       2.2650E+00       0.0000E+00       0.0000E+00       6.2785E-06       1.2771E-05       1.8635E-08       0.0000E+00       5.8852E-08       0.0000E+00       0.0000E+00       0.0000E+00       0.0000E+00
       2.2750E+00       0.0000E+00       0.0000E+00       6.2798E-06       1.2770E-05       1.8799E-08       0.0000E+00       5.8732E-08       0.0000E+00       0.0000E+00       0.0000E+00       0.0000E+00
       2.2850E+00       0.0000E+00       0.0000E+00       6.2810E-06       1.2769E-05       1.8962E-08       0.0000E+00       5.8617E-08       0.0000E+00       0.0000E+00       0.0000E+00       0.0000E+00
       2.2950E+00       0.0000E+00       0.0000E+00       6.2821E-06       1.2767E-05       1.9124E-08       0.0000E+00       5.8507E-08       0.0000E+00       0.0000E+00       0.0000E+00       0.0000E+00
       2.3050E+00       0.0000E+00       0.0000E+00       6.2832E-06       1.2766E-05       1.9285E-08       0.0000E+00       5.8402E-08       0.0000E+00       0.0000E+00       0.0000E+00       0.0000E+00
       2.3150E+00       0.0000E+00       0.0000E+00       6.2843E-06       1.2765E-05       1.9446E-08       0.0000E+00       5.8302E-08       0.0000E+00       0.0000E+00       0.0000E+00       0.0000E+00
       2.3250E+00       0.0000E+00       0.0000E+00       6.2852E-06       1.2764E-05       1.9605E-08       0.0000E+00       5.8206E-08       0.0000E+00       0.0000E+00       0.0000E+00       0.0000E+00
       2.3350E+00       0.0000E+00       0.0000E+00       6.2862E-06       1.2763E-05       1.9763E-08       0.0000E+00       5.8114E-08       0.0000E+00       0.0000E+00       0.0000E+00       0.0000E+00
       2.3450E+00       0.0000E+00       0.0000E+00       6.2871E-06       1.2762E-05       1.9920E-08       0.0000E+00       5.8026E-08       0.0000E+00       0.0000E+00       0.0000E+00       0.0000E+00
       2.3550E+00       0.0000E+00       0.0000E+00       6.2879E-06       1.2761E-05       2.0076E-08       0.0000E+00       5.7942E-08       0.0000E+00       0.0000E+00       0.0000E+00       0.0000E+00
       2.3650E+00       0.0000E+00       0.0000E+00       6.2887E-06       1.2761E-05       2.0231E-08       0.0000E+00       5.7861E-08       0.0000E+00       0.0000E+00       0.0000E+00       0.0000E+00
       2.3750E+00       0.0000E+00       0.0000E+00       6.2895E-06       1.2760E-05       2.0385E-08       0.0000E+00       5.7783E-08       0.0000E+00       0.0000E+00       0.0000E+00       0.0000E+00
       2.3850E+00       0.0000E+00       0.0000E+00       6.2902E-06       1.2759E-05       2.0537E-08       0.0000E+00       5.7709E-08       0.0000E+00       0.0000E+00       0.0000E+00       0.0000E+00
       2.3950E+00       0.0000E+00       0.0000E+00       6.2909E-06       1.2758E-05       2.0688E-08       0.0000E+00       5.7637E-08       0.0000E+00       0.0000E+00       0.0000E+00       0.0000E+00
       2.4050E+00       0.0000E+00       0.0000E+00       6.2915E-06       1.2758E-05       2.0838E-08       0.0000E+00       5.7568E-08       0.0000E+00       0.0000E+00       0.0000E+00       0.0000E+00
       2.4150E+00       0.0000E+00       0.0000E+00       6.2921E-06       1.2757E-05       2.0987E-08       0.0000E+00       5.7502E-08       0.0000E+00       0.0000E+00       0.0000E+00       0.0000E+00
       2.4250E+00       0.0000E+00       0.0000E+00       6.2927E-06       1.2756E-05       2.1134E-08       0.0000E+00       5.7438E-08       0.0000E+00       0.0000E+00       0.0000E+00       0.0000E+00
       2.4350E+00       0.0000E+00       0.0000E+00       6.2932E-06       1.2756E-05       2.1281E-08       0.0000E+00       5.7376E-08       0.0000E+00       0.0000E+00       0.0000E+00       0.0000E+00
       2.4450E+00       0.0000E+00       0.0000E+00       6.2937E-06       1.2755E-05       2.1425E-08       0.0000E+00       5.7317E-08       0.0000E+00       0.0000E+00       0.0000E+00       0.0000E+00
       2.4550E+00       0.0000E+00       0.0000E+00       6.2942E-06       1.2755E-05       2.1569E-08       0.0000E+00       5.7260E-08       0.0000E+00       0.0000E+00       0.0000E+00       0.0000E+00
       2.4650E+00       0.0000E+00       0.0000E+00       6.2946E-06       1.2754E-05       2.1711E-08       0.0000E+00       5.7204E-08       0.0000E+00       0.0000E+00       0.0000E+00       0.0000E+00
       2.4750E+00       0.0000E+00       0.0000E+00       6.2950E-06       1.2754E-05       2.1851E-08       0.0000E+00       5.7151E-08       0.0000E+00       0.0000E+00       0.0000E+00       0.0000E+00
       2.4850E+00       0.0000E+00       0.0000E+00       6.2954E-06       1.2753E-05       2.1990E-08       0.0000E+00       5.7099E-08       0.0000E+00       0.0000E+00       0.0000E+00       0.0000E+00
       2.4950E+00       0.0000E+00       0.0000E+00       6.2957E-06       1.2753E-05       2.2128E-08       0.0000E+00       5.7049E-08       0.0000E+00       0.0000E+00       0.0000E+00       0.0000E+00
       2.5050E+00       0.0000E+00       0.0000E+00       6.2961E-06       1.2753E-05       2.2264E-08       0.0000E+00       5.7000E-08       0.0000E+00       0.0000E+00       0.0000E+00       0.0000E+00
       2.5150E+00       0.0000E+00       0.0000E+00       6.2963E-06       1.2752E-05       2.2399E-08       0.0000E+00       5.6952E-08       0.0000E+00       0.0000E+00       0.0000E+00       0.0000E+00
       2.5250E+00       0.0000E+00       0.0000E+00       6.2966E-06       1.2752E-05       2.2533E-08       0.0000E+00       5.6906E-08       0.0000E+00       0.0000E+00       0.0000E+00       0.0000E+00
       2.5350E+00       0.0000E+00       0.0000E+00       6.2968E-06       1.2752E-05       2.2664E-08       0.0000E+00       5.6861E-08       0.0000E+00       0.0000E+00       0.0000E+00       0.0000E+00
       2.5450E+00       0.0000E+00       0.0000E+00       6.2970E-06       1.2751E-05       2.2795E-08       0.0000E+00       5.6818E-08       0.0000E+00       0.0000E+00       0.0000E+00       0.0000E+00
       2.5550E+00       0.0000E+00       0.0000E+00       6.2972E-06       1.2751E-05       2.2923E-08       0.0000E+00       5.6775E-08       0.0000E+00       0.0000E+00       0.0000E+00       0.0000E+00
       2.5650E+00       0.0000E+00       0.0000E+00       6.2974E-06       1.2751E-05       2.3050E-08       0.0000E+00       5.6733E-08       0.0000E+00       0.0000E+00       0.0000E+00       0.0000E+00
       2.5750E+00       0.0000E+00       0.0000E+00       6.2975E-06       1.2751E-05       2.3176E-08       0.0000E+00       5.6693E-08       0.0000E+00       0.0000E+00       0.0000E+00       0.0000E+00
       2.5850E+00       0.0000E+00       0.0000E+00       6.2976E-06       1.2751E-05       2.3299E-08       0.0000E+00       5.6653E-08       0.0000E+00       0.0000E+00       0.0000E+00       0.0000E+00
       2.5950E+00       0.0000E+00       0.0000E+00       6.2977E-06       1.2751E-05       2.3421E-08       0.0000E+00       5.6614E-08       0.0000E+00       0.0000E+00       0.0000E+00       0.0000E+00
       2.6050E+00       0.0000E+00       0.0000E+00       6.2977E-06       1.2751E-05       2.3542E-08       0.0000E+00       5.6576E-08       0.0000E+00       0.0000E+00       0.0000E+00       0.0000E+00
       2.6150E+00       0.0000E+00       0.0000E+00       6.2977E-06       1.2750E-05       2.3661E-08       0.0000E+00       5.6538E-08       0.0000E+00       0.0000E+00       0.0000E+00       0.0000E+00
       2.6250E+00       0.0000E+00       0.0000E+00       6.2977E-06       1.2750E-05       2.3778E-08       0.0000E+00       5.6502E-08       0.0000E+00       0.0000E+00       0.0000E+00       0.0000E+00
       2.6350E+00       0.0000E+00       0.0000E+00       6.2977E-06       1.2750E-05       2.3893E-08       0.0000E+00       5.6465E-08       0.0000E+00       0.0000E+00       0.0000E+00       0.0000E+00
       2.6450E+00       0.0000E+00       0.0000E+00       6.2976E-06       1.2750E-05       2.4007E-08       0.0000E+00       5.6430E-08       0.0000E+00       0.0000E+00       0.0000E+00       0.0000E+00
       2.6550E+00       0.0000E+00       0.0000E+00       6.2975E-06       1.2751E-05       2.4119E-08       0.0000E+00       5.6395E-08       0.0000E+00       0.0000E+00       0.0000E+00       0.0000E+00
       2.6650E+00       0.0000E+00       0.0000E+00       6.2974E-06       1.2751E-05       2.4230E-08       0.0000E+00       5.6360E-08       0.0000E+00       0.0000E+00       0.0000E+00       0.0000E+00
       2.6750E+00       0.0000E+00       0.0000E+00       6.2973E-06       1.2751E-05       2.4338E-08       0.0000E+00       5.6326E-08       0.0000E+00       0.0000E+00       0.0000E+00       0.0000E+00
       2.6850E+00       0.0000E+00       0.0000E+00       6.2971E-06       1.2751E-05       2.4445E-08       0.0000E+00       5.6292E-08       0.0000E+00       0.0000E+00       0.0000E+00       0.0000E+00
       2.6950E+00       0.0000E+00       0.0000E+00       6.2969E-06       1.2751E-05       2.4550E-08       0.0000E+00       5.6259E-08       0.0000E+00       0.0000E+00       0.0000E+00       0.0000E+00
       2.7050E+00       0.0000E+00       0.0000E+00       6.2966E-06       1.2751E-05       2.4654E-08       0.0000E+00       5.6226E-08       0.0000E+00       0.0000E+00       0.0000E+00       0.0000E+00
       2.7150E+00       0.0000E+00       0.0000E+00       6.2963E-06       1.2751E-05       2.4755E-08       0.0000E+00       5.6193E-08       0.0000E+00       0.0000E+00       0.0000E+00       0.0000E+00
       2.7250E+00       0.0000E+00       0.0000E+00       6.2960E-06       1.2752E-05       2.4855E-08       0.0000E+00       5.6161E-08       0.0000E+00       0.0000E+00       0.0000E+00       0.0000E+00
       2.7350E+00       0.0000E+00       0.0000E+00       6.2957E-06       1.2752E-05       2.4954E-08       0.0000E+00       5.6129E-08       0.0000E+00       0.0000E+00       0.0000E+00       0.0000E+00
       2.7450E+00       0.0000E+00       0.0000E+00       6.2953E-06       1.2752E-05       2.5050E-08       0.0000E+00       5.6097E-08       0.0000E+00       0.0000E+00       0.0000E+00       0.0000E+00
       2.7550E+00       0.0000E+00       0.0000E+00       6.2949E-06       1.2753E-05       2.5145E-08       0.0000E+00       5.6065E-08       0.0000E+00       0.0000E+00       0.0000E+00       0.0000E+00
       2.7650E+00       0.0000E+00       0.0000E+00       6.2944E-06       1.2753E-05       2.5238E-08       0.0000E+00       5.6034E-08       0.0000E+00       0.0000E+00       0.0000E+00       0.0000E+00
       2.7750E+00       0.0000E+00       0.0000E+00       6.2939E-06       1.2754E-05       2.5329E-08       0.0000E+00       5.6003E-08       0.0000E+00       0.0000E+00       0.0000E+00       0.0000E+00
       2.7850E+00       0.0000E+00       0.0000E+00       6.2933E-06       1.2754E-05       2.5419E-08       0.0000E+00       5.5972E-08       0.0000E+00       0.0000E+00       0.0000E+00       0.0000E+00
       2.7950E+00       0.0000E+00       0.0000E+00       6.2927E-06       1.2755E-05       2.5507E-08       0.0000E+00       5.5941E-08       0.0000E+00       0.0000E+00       0.0000E+00       0.0000E+00
       2.8050E+00       0.0000E+00       0.0000E+00       6.2921E-06       1.2755E-05       2.5593E-08       0.0000E+00       5.5911E-08       0.0000E+00       0.0000E+00       0.0000E+00       0.0000E+00
       2.8150E+00       0.0000E+00       0.0000E+00       6.2914E-06       1.2756E-05       2.5677E-08       0.0000E+00       5.5880E-08       0.0000E+00       0.0000E+00       0.0000E+00       0.0000E+00
       2.8250E+00       0.0000E+00       0.0000E+00       6.2906E-06       1.2757E-05       2.5760E-08       0.0000E+00       5.5850E-08       0.0000E+00       0.0000E+00       0.0000E+00       0.0000E+00
       2.8350E+00       0.0000E+00       0.0000E+00       6.2898E-06       1.2758E-05       2.5841E-08       0.0000E+00       5.5821E-08       0.0000E+00       0.0000E+00       0.0000E+00       0.0000E+00
       2.8450E+00       0.0000E+00       0.0000E+00       6.2889E-06       1.2759E-05       2.5920E-08       0.0000E+00       5.5791E-08       0.0000E+00       0.0000E+00       0.0000E+00       0.0000E+00
       2.8550E+00       0.0000E+00       0.0000E+00       6.2880E-06       1.2759E-05       2.5997E-08       0.0000E+00       5.5762E-08       0.0000E+00       0.0000E+00       0.0000E+00       0.0000E+00
       2.8650E+00       0.0000E+00       0.0000E+00       6.2871E-06       1.2760E-05       2.6074E-08       0.0000E+00       5.5734E-08       0.0000E+00       0.0000E+00       0.0000E+00       0.0000E+00
       2.8750E+00       0.0000E+00       0.0000E+00       6.2860E-06       1.2761E-05       2.6148E-08       0.0000E+00       5.5706E-08       0.0000E+00       0.0000E+00       0.0000E+00       0.0000E+00
       2.8850E+00       0.0000E+00       0.0000E+00       6.2849E-06       1.2762E-05       2.6222E-08       0.0000E+00       5.5679E-08       0.0000E+00       0.0000E+00       0.0000E+00       0.0000E+00
       2.8950E+00       0.0000E+00       0.0000E+00       6.2838E-06       1.2764E-05       2.6294E-08       0.0000E+00       5.5653E-08       0.0000E+00       0.0000E+00       0.0000E+00       0.0000E+00
       2.9050E+00       0.0000E+00       0.0000E+00       6.2826E-06       1.2765E-05       2.6365E-08       0.0000E+00       5.5628E-08       0.0000E+00       0.0000E+00       0.0000E+00       0.0000E+00
       2.9150E+00       0.0000E+00       0.0000E+00       6.2814E-06       1.2766E-05       2.6435E-08       0.0000E+00       5.5605E-08       0.0000E+00       0.0000E+00       0.0000E+00       0.0000E+00
       2.9250E+00       0.0000E+00       0.0000E+00       6.2802E-06       1.2767E-05       2.6503E-08       0.0000E+00       5.5584E-08       0.0000E+00       0.0000E+00       0.0000E+00       0.0000E+00
       2.9350E+00       0.0000E+00       0.0000E+00       6.2789E-06       1.2768E-05       2.6571E-08       0.0000E+00       5.5565E-08       0.0000E+00       0.0000E+00       0.0000E+00       0.0000E+00
       2.9450E+00       0.0000E+00       0.0000E+00       6.2777E-06       1.2769E-05       2.6637E-08       0.0000E+00       5.5549E-08       0.0000E+00       0.0000E+00       0.0000E+00       0.0000E+00
       2.9550E+00       0.0000E+00       0.0000E+00       6.2766E-06       1.2771E-05       2.6700E-08       0.0000E+00       5.5536E-08       0.0000E+00       0.0000E+00       0.0000E+00       0.0000E+00
       2.9650E+00       0.0000E+00       0.0000E+00       6.2756E-06       1.2772E-05       2.6758E-08       0.0000E+00       5.5527E-08       0.0000E+00       0.0000E+00       0.0000E+00       0.0000E+00
       2.9750E+00       0.0000E+00       0.0000E+00       6.2748E-06       1.2772E-05       2.6810E-08       0.0000E+00       5.5521E-08       0.0000E+00       0.0000E+00       0.0000E+00       0.0000E+00
       2.9850E+00       0.0000E+00       0.0000E+00       6.2741E-06       1.2773E-05       2.6852E-08       0.0000E+00       5.5518E-08       0.0000E+00       0.0000E+00       0.0000E+00       0.0000E+00
       2.9950E+00       0.0000E+00       0.0000E+00       6.2738E-06       1.2773E-05       2.6877E-08       0.0000E+00       5.5517E-08       0.0000E+00       0.0000E+00       0.0000E+00       0.0000E+00
