# Time          2.0000E+01
# Units: Mol/g solid
    Distance           H+               CO2(aq)          Mg++             Ca++             K+               SiO2(aq)         Na+              Al+++            Cl-              NO3-             Tracer       
       5.0000E-03       0.0000E+00       0.0000E+00       3.8244E-11       8.2025E-11       2.9763E-13       0.0000E+00       3.9418E-12       0.0000E+00       0.0000E+00       0.0000E+00       0.0000E+00
       1.5000E-02       0.0000E+00       0.0000E+00       3.4567E-11       8.5711E-11       2.9644E-13       0.0000E+00       3.9227E-12       0.0000E+00       0.0000E+00       0.0000E+00       0.0000E+00
       2.5000E-02       0.0000E+00       0.0000E+00       3.0263E-11       9.0027E-11       2.9499E-13       0.0000E+00       3.9003E-12       0.0000E+00       0.0000E+00       0.0000E+00       0.0000E+00
       3.5000E-02       0.0000E+00       0.0000E+00       2.5767E-11       9.4535E-11       2.9344E-13       0.0000E+00       3.8768E-12       0.0000E+00       0.0000E+00       0.0000E+00       0.0000E+00
       4.5000E-02       0.0000E+00       0.0000E+00       2.1474E-11       9.8840E-11       2.9196E-13       0.0000E+00       3.8542E-12       0.0000E+00       0.0000E+00       0.0000E+00       0.0000E+00
       5.5000E-02       0.0000E+00       0.0000E+00       1.7660E-11       1.0266E-10       2.9065E-13       0.0000E+00       3.8340E-12       0.0000E+00       0.0000E+00       0.0000E+00       0.0000E+00
       6.5000E-02       0.0000E+00       0.0000E+00       1.4461E-11       1.0587E-10       2.8958E-13       0.0000E+00       3.8170E-12       0.0000E+00       0.0000E+00       0.0000E+00       0.0000E+00
       7.5000E-02       0.0000E+00       0.0000E+00       1.1895E-11       1.0845E-10       2.8877E-13       0.0000E+00       3.8033E-12       0.0000E+00       0.0000E+00       0.0000E+00       0.0000E+00
       8.5000E-02       0.0000E+00       0.0000E+00       9.8976E-12       1.1045E-10       2.8817E-13       0.0000E+00       3.7926E-12       0.0000E+00       0.0000E+00       0.0000E+00       0.0000E+00
       9.5000E-02       0.0000E+00       0.0000E+00       8.3677E-12       1.1198E-10       2.8776E-13       0.0000E+00       3.7843E-12       0.0000E+00       0.0000E+00       0.0000E+00       0.0000E+00
       1.0500E-01       0.0000E+00       0.0000E+00       7.1948E-12       1.1316E-10       2.8748E-13       0.0000E+00       3.7780E-12       0.0000E+00       0.0000E+00       0.0000E+00       0.0000E+00
       1.1500E-01       0.0000E+00       0.0000E+00       6.2805E-12       1.1408E-10       2.8729E-13       0.0000E+00       3.7730E-12       0.0000E+00       0.0000E+00       0.0000E+00       0.0000E+00
       1.2500E-01       0.0000E+00       0.0000E+00       5.5475E-12       1.1481E-10       2.8715E-13       0.0000E+00       3.7690E-12       0.0000E+00       0.0000E+00       0.0000E+00       0.0000E+00
       1.3500E-01       0.0000E+00       0.0000E+00       4.9403E-12       1.1542E-10       2.8705E-13       0.0000E+00       3.7657E-12       0.0000E+00       0.0000E+00       0.0000E+00       0.0000E+00
       1.4500E-01       0.0000E+00       0.0000E+00       4.4219E-12       1.1594E-10       2.8696E-13       0.0000E+00       3.7628E-12       0.0000E+00       0.0000E+00       0.0000E+00       0.0000E+00
       1.5500E-01       0.0000E+00       0.0000E+00       3.9692E-12       1.1639E-10       2.8687E-13       0.0000E+00       3.7602E-12       0.0000E+00       0.0000E+00       0.0000E+00       0.0000E+00
       1.6500E-01       0.0000E+00       0.0000E+00       3.5677E-12       1.1680E-10       2.8676E-13       0.0000E+00       3.7579E-12       0.0000E+00       0.0000E+00       0.0000E+00       0.0000E+00
       1.7500E-01       0.0000E+00       0.0000E+00       3.2086E-12       1.1716E-10       2.8665E-13       0.0000E+00       3.7559E-12       0.0000E+00       0.0000E+00       0.0000E+00       0.0000E+00
       1.8500E-01       0.0000E+00       0.0000E+00       2.8861E-12       1.1748E-10       2.8652E-13       0.0000E+00       3.7540E-12       0.0000E+00       0.0000E+00       0.0000E+00       0.0000E+00
       1.9500E-01       0.0000E+00       0.0000E+00       2.5965E-12       1.1777E-10       2.8636E-13       0.0000E+00       3.7523E-12       0.0000E+00       0.0000E+00       0.0000E+00       0.0000E+00
       2.0500E-01       0.0000E+00       0.0000E+00       2.3376E-12       1.1803E-10       2.8620E-13       0.0000E+00       3.7507E-12       0.0000E+00       0.0000E+00       0.0000E+00       0.0000E+00
       2.1500E-01       0.0000E+00       0.0000E+00       2.1089E-12       1.1826E-10       2.8603E-13       0.0000E+00       3.7493E-12       0.0000E+00       0.0000E+00       0.0000E+00       0.0000E+00
       2.2500E-01       0.0000E+00       0.0000E+00       1.9117E-12       1.1846E-10       2.8586E-13       0.0000E+00       3.7480E-12       0.0000E+00       0.0000E+00       0.0000E+00       0.0000E+00
       2.3500E-01       0.0000E+00       0.0000E+00       1.7504E-12       1.1862E-10       2.8572E-13       0.0000E+00       3.7470E-12       0.0000E+00       0.0000E+00       0.0000E+00       0.0000E+00
       2.4500E-01       0.0000E+00       0.0000E+00       1.6330E-12       1.1874E-10       2.8565E-13       0.0000E+00       3.7462E-12       0.0000E+00       0.0000E+00       0.0000E+00       0.0000E+00
       2.5500E-01       0.0000E+00       0.0000E+00       2.4532E-07       1.8529E-05       4.4557E-08       0.0000E+00       5.8420E-07       0.0000E+00       0.0000E+00       0.0000E+00       0.0000E+00
       2.6500E-01       0.0000E+00       0.0000E+00       2.3739E-07       1.8536E-05       4.4561E-08       0.0000E+00       5.8414E-07       0.0000E+00       0.0000E+00       0.0000E+00       0.0000E+00
       2.7500E-01       0.0000E+00       0.0000E+00       2.3112E-07       1.8543E-05       4.4564E-08       0.0000E+00       5.8409E-07       0.0000E+00       0.0000E+00       0.0000E+00       0.0000E+00
       2.8500E-01       0.0000E+00       0.0000E+00       2.2671E-07       1.8547E-05       4.4566E-08       0.0000E+00       5.8405E-07       0.0000E+00       0.0000E+00       0.0000E+00       0.0000E+00
       2.9500E-01       0.0000E+00       0.0000E+00       2.2434E-07       1.8550E-05       4.4567E-08       0.0000E+00       5.8401E-07       0.0000E+00       0.0000E+00       0.0000E+00       0.0000E+00
       3.0500E-01       0.0000E+00       0.0000E+00       2.2420E-07       1.8550E-05       4.4566E-08       0.0000E+00       5.8399E-07       0.0000E+00       0.0000E+00       0.0000E+00       0.0000E+00
       3.1500E-01       0.0000E+00       0.0000E+00       2.2640E-07       1.8548E-05       4.4563E-08       0.0000E+00       5.8398E-07       0.0000E+00       0.0000E+00       0.0000E+00       0.0000E+00
       3.2500E-01       0.0000E+00       0.0000E+00       2.3104E-07       1.8543E-05       4.4559E-08       0.0000E+00       5.8397E-07       0.0000E+00       0.0000E+00       0.0000E+00       0.0000E+00
       3.3500E-01       0.0000E+00       0.0000E+00       2.3816E-07       1.8536E-05       4.4553E-08       0.0000E+00       5.8399E-07       0.0000E+00       0.0000E+00       0.0000E+00       0.0000E+00
       3.4500E-01       0.0000E+00       0.0000E+00       2.4777E-07       1.8526E-05       4.4545E-08       0.0000E+00       5.8401E-07       0.0000E+00       0.0000E+00       0.0000E+00       0.0000E+00
       3.5500E-01       0.0000E+00       0.0000E+00       2.5981E-07       1.8514E-05       4.4536E-08       0.0000E+00       5.8404E-07       0.0000E+00       0.0000E+00       0.0000E+00       0.0000E+00
       3.6500E-01       0.0000E+00       0.0000E+00       2.7421E-07       1.8500E-05       4.4524E-08       0.0000E+00       5.8409E-07       0.0000E+00       0.0000E+00       0.0000E+00       0.0000E+00
       3.7500E-01       0.0000E+00       0.0000E+00       2.9086E-07       1.8483E-05       4.4510E-08       0.0000E+00       5.8415E-07       0.0000E+00       0.0000E+00       0.0000E+00       0.0000E+00
       3.8500E-01       0.0000E+00       0.0000E+00       3.0963E-07       1.8464E-05       4.4493E-08       0.0000E+00       5.8421E-07       0.0000E+00       0.0000E+00       0.0000E+00       0.0000E+00
       3.9500E-01       0.0000E+00       0.0000E+00       3.3040E-07       1.8444E-05       4.4473E-08       0.0000E+00       5.8429E-07       0.0000E+00       0.0000E+00       0.0000E+00       0.0000E+00
       4.0500E-01       0.0000E+00       0.0000E+00       3.5302E-07       1.8421E-05       4.4451E-08       0.0000E+00       5.8437E-07       0.0000E+00       0.0000E+00       0.0000E+00       0.0000E+00
       4.1500E-01       0.0000E+00       0.0000E+00       3.7735E-07       1.8397E-05       4.4425E-08       0.0000E+00       5.8446E-07       0.0000E+00       0.0000E+00       0.0000E+00       0.0000E+00
       4.2500E-01       0.0000E+00       0.0000E+00       4.0329E-07       1.8371E-05       4.4397E-08       0.0000E+00       5.8455E-07       0.0000E+00       0.0000E+00       0.0000E+00       0.0000E+00
       4.3500E-01       0.0000E+00       0.0000E+00       4.3073E-07       1.8343E-05       4.4364E-08       0.0000E+00       5.8466E-07       0.0000E+00       0.0000E+00       0.0000E+00       0.0000E+00
       4.4500E-01       0.0000E+00       0.0000E+00       4.5956E-07       1.8314E-05       4.4328E-08       0.0000E+00       5.8476E-07       0.0000E+00       0.0000E+00       0.0000E+00       0.0000E+00
       4.5500E-01       0.0000E+00       0.0000E+00       4.8972E-07       1.8284E-05       4.4287E-08       0.0000E+00       5.8487E-07       0.0000E+00       0.0000E+00       0.0000E+00       0.0000E+00
       4.6500E-01       0.0000E+00       0.0000E+00       5.2113E-07       1.8253E-05       4.4242E-08       0.0000E+00       5.8499E-07       0.0000E+00       0.0000E+00       0.0000E+00       0.0000E+00
       4.7500E-01       0.0000E+00       0.0000E+00       5.5375E-07       1.8220E-05       4.4193E-08       0.0000E+00       5.8511E-07       0.0000E+00       0.0000E+00       0.0000E+00       0.0000E+00
       4.8500E-01       0.0000E+00       0.0000E+00       5.8753E-07       1.8186E-05       4.4140E-08       0.0000E+00       5.8523E-07       0.0000E+00       0.0000E+00       0.0000E+00       0.0000E+00
       4.9500E-01       0.0000E+00       0.0000E+00       6.2243E-07       1.8151E-05       4.4081E-08       0.0000E+00       5.8536E-07       0.0000E+00       0.0000E+00       0.0000E+00       0.0000E+00
       5.0500E-01       0.0000E+00       0.0000E+00       6.5844E-07       1.8115E-05       4.4018E-08       0.0000E+00       5.8548E-07       0.0000E+00       0.0000E+00       0.0000E+00       0.0000E+00
       5.1500E-01       0.0000E+00       0.0000E+00       6.9553E-07       1.8078E-05       4.3949E-08       0.0000E+00       5.8561E-07       0.0000E+00       0.0000E+00       0.0000E+00       0.0000E+00
       5.2500E-01       0.0000E+00       0.0000E+00       7.3368E-07       1.8040E-05       4.3875E-08       0.0000E+00       5.8575E-07       0.0000E+00       0.0000E+00       0.0000E+00       0.0000E+00
       5.3500E-01       0.0000E+00       0.0000E+00       7.7287E-07       1.8001E-05       4.3795E-08       0.0000E+00       5.8588E-07       0.0000E+00       0.0000E+00       0.0000E+00       0.0000E+00
       5.4500E-01       0.0000E+00       0.0000E+00       8.1310E-07       1.7960E-05       4.3710E-08       0.0000E+00       5.8602E-07       0.0000E+00       0.0000E+00       0.0000E+00       0.0000E+00
       5.5500E-01       0.0000E+00       0.0000E+00       8.5434E-07       1.7919E-05       4.3618E-08       0.0000E+00       5.8616E-07       0.0000E+00       0.0000E+00       0.0000E+00       0.0000E+00
       5.6500E-01       0.0000E+00       0.0000E+00       8.9658E-07       1.7877E-05       4.3521E-08       0.0000E+00       5.8630E-07       0.0000E+00       0.0000E+00       0.0000E+00       0.0000E+00
       5.7500E-01       0.0000E+00       0.0000E+00       9.3981E-07       1.7834E-05       4.3417E-08       0.0000E+00       5.8644E-07       0.0000E+00       0.0000E+00       0.0000E+00       0.0000E+00
       5.8500E-01       0.0000E+00       0.0000E+00       9.8402E-07       1.7789E-05       4.3306E-08       0.0000E+00       5.8658E-07       0.0000E+00       0.0000E+00       0.0000E+00       0.0000E+00
       5.9500E-01       0.0000E+00       0.0000E+00       1.0292E-06       1.7744E-05       4.3189E-08       0.0000E+00       5.8672E-07       0.0000E+00       0.0000E+00       0.0000E+00       0.0000E+00
       6.0500E-01       0.0000E+00       0.0000E+00       1.0753E-06       1.7698E-05       4.3065E-08       0.0000E+00       5.8687E-07       0.0000E+00       0.0000E+00       0.0000E+00       0.0000E+00
       6.1500E-01       0.0000E+00       0.0000E+00       1.1223E-06       1.7651E-05       4.2934E-08       0.0000E+00       5.8701E-07       0.0000E+00       0.0000E+00       0.0000E+00       0.0000E+00
       6.2500E-01       0.0000E+00       0.0000E+00       1.1702E-06       1.7603E-05       4.2796E-08       0.0000E+00       5.8715E-07       0.0000E+00       0.0000E+00       0.0000E+00       0.0000E+00
       6.3500E-01       0.0000E+00       0.0000E+00       1.2191E-06       1.7554E-05       4.2651E-08       0.0000E+00       5.8730E-07       0.0000E+00       0.0000E+00       0.0000E+00       0.0000E+00
       6.4500E-01       0.0000E+00       0.0000E+00       1.2687E-06       1.7505E-05       4.2498E-08       0.0000E+00       5.8744E-07       0.0000E+00       0.0000E+00       0.0000E+00       0.0000E+00
       6.5500E-01       0.0000E+00       0.0000E+00       1.3192E-06       1.7454E-05       4.2337E-08       0.0000E+00       5.8758E-07       0.0000E+00       0.0000E+00       0.0000E+00       0.0000E+00
       6.6500E-01       0.0000E+00       0.0000E+00       1.3706E-06       1.7403E-05       4.2169E-08       0.0000E+00       5.8772E-07       0.0000E+00       0.0000E+00       0.0000E+00       0.0000E+00
       6.7500E-01       0.0000E+00       0.0000E+00       1.4227E-06       1.7351E-05       4.1993E-08       0.0000E+00       5.8786E-07       0.0000E+00       0.0000E+00       0.0000E+00       0.0000E+00
       6.8500E-01       0.0000E+00       0.0000E+00       1.4756E-06       1.7298E-05       4.1808E-08       0.0000E+00       5.8800E-07       0.0000E+00       0.0000E+00       0.0000E+00       0.0000E+00
       6.9500E-01       0.0000E+00       0.0000E+00       1.5292E-06       1.7244E-05       4.1616E-08       0.0000E+00       5.8813E-07       0.0000E+00       0.0000E+00       0.0000E+00       0.0000E+00
       7.0500E-01       0.0000E+00       0.0000E+00       1.5835E-06       1.7190E-05       4.1415E-08       0.0000E+00       5.8827E-07       0.0000E+00       0.0000E+00       0.0000E+00       0.0000E+00
       7.1500E-01       0.0000E+00       0.0000E+00       1.6384E-06       1.7135E-05       4.1207E-08       0.0000E+00       5.8840E-07       0.0000E+00       0.0000E+00       0.0000E+00       0.0000E+00
       7.2500E-01       0.0000E+00       0.0000E+00       1.6940E-06       1.7080E-05       4.0989E-08       0.0000E+00       5.8853E-07       0.0000E+00       0.0000E+00       0.0000E+00       0.0000E+00
       7.3500E-01       0.0000E+00       0.0000E+00       1.7503E-06       1.7023E-05       4.0764E-08       0.0000E+00       5.8865E-07       0.0000E+00       0.0000E+00       0.0000E+00       0.0000E+00
       7.4500E-01       0.0000E+00       0.0000E+00       1.8070E-06       1.6967E-05       4.0530E-08       0.0000E+00       5.8877E-07       0.0000E+00       0.0000E+00       0.0000E+00       0.0000E+00
       7.5500E-01       0.0000E+00       0.0000E+00       1.8644E-06       1.6909E-05       4.0287E-08       0.0000E+00       5.8889E-07       0.0000E+00       0.0000E+00       0.0000E+00       0.0000E+00
       7.6500E-01       0.0000E+00       0.0000E+00       1.9222E-06       1.6852E-05       4.0036E-08       0.0000E+00       5.8900E-07       0.0000E+00       0.0000E+00       0.0000E+00       0.0000E+00
       7.7500E-01       0.0000E+00       0.0000E+00       1.9805E-06       1.6793E-05       3.9776E-08       0.0000E+00       5.8911E-07       0.0000E+00       0.0000E+00       0.0000E+00       0.0000E+00
       7.8500E-01       0.0000E+00       0.0000E+00       2.0392E-06       1.6735E-05       3.9508E-08       0.0000E+00       5.8921E-07       0.0000E+00       0.0000E+00       0.0000E+00       0.0000E+00
       7.9500E-01       0.0000E+00       0.0000E+00       2.0983E-06       1.6676E-05       3.9232E-08       0.0000E+00       5.8931E-07       0.0000E+00       0.0000E+00       0.0000E+00       0.0000E+00
       8.0500E-01       0.0000E+00       0.0000E+00       2.1577E-06       1.6616E-05       3.8947E-08       0.0000E+00       5.8940E-07       0.0000E+00       0.0000E+00       0.0000E+00       0.0000E+00
       8.1500E-01       0.0000E+00       0.0000E+00       2.2175E-06       1.6557E-05       3.8653E-08       0.0000E+00       5.8949E-07       0.0000E+00       0.0000E+00       0.0000E+00       0.0000E+00
       8.2500E-01       0.0000E+00       0.0000E+00       2.2775E-06       1.6497E-05       3.8352E-08       0.0000E+00       5.8957E-07       0.0000E+00       0.0000E+00       0.0000E+00       0.0000E+00
       8.3500E-01       0.0000E+00       0.0000E+00       2.3377E-06       1.6437E-05       3.8042E-08       0.0000E+00       5.8964E-07       0.0000E+00       0.0000E+00       0.0000E+00       0.0000E+00
       8.4500E-01       0.0000E+00       0.0000E+00       2.3982E-06       1.6376E-05       3.7724E-08       0.0000E+00       5.8971E-07       0.0000E+00       0.0000E+00       0.0000E+00       0.0000E+00
       8.5500E-01       0.0000E+00       0.0000E+00       2.4588E-06       1.6316E-05       3.7398E-08       0.0000E+00       5.8977E-07       0.0000E+00       0.0000E+00       0.0000E+00       0.0000E+00
       8.6500E-01       0.0000E+00       0.0000E+00       2.5195E-06       1.6255E-05       3.7065E-08       0.0000E+00       5.8982E-07       0.0000E+00       0.0000E+00       0.0000E+00       0.0000E+00
       8.7500E-01       0.0000E+00       0.0000E+00       2.5803E-06       1.6195E-05       3.6723E-08       0.0000E+00       5.8986E-07       0.0000E+00       0.0000E+00       0.0000E+00       0.0000E+00
       8.8500E-01       0.0000E+00       0.0000E+00       2.6411E-06       1.6134E-05       3.6375E-08       0.0000E+00       5.8989E-07       0.0000E+00       0.0000E+00       0.0000E+00       0.0000E+00
       8.9500E-01       0.0000E+00       0.0000E+00       2.7019E-06       1.6074E-05       3.6019E-08       0.0000E+00       5.8992E-07       0.0000E+00       0.0000E+00       0.0000E+00       0.0000E+00
       9.0500E-01       0.0000E+00       0.0000E+00       2.7627E-06       1.6013E-05       3.5656E-08       0.0000E+00       5.8993E-07       0.0000E+00       0.0000E+00       0.0000E+00       0.0000E+00
       9.1500E-01       0.0000E+00       0.0000E+00       2.8233E-06       1.5952E-05       3.5286E-08       0.0000E+00       5.8994E-07       0.0000E+00       0.0000E+00       0.0000E+00       0.0000E+00
       9.2500E-01       0.0000E+00       0.0000E+00       2.8839E-06       1.5892E-05       3.4910E-08       0.0000E+00       5.8994E-07       0.0000E+00       0.0000E+00       0.0000E+00       0.0000E+00
       9.3500E-01       0.0000E+00       0.0000E+00       2.9443E-06       1.5832E-05       3.4528E-08       0.0000E+00       5.8993E-07       0.0000E+00       0.0000E+00       0.0000E+00       0.0000E+00
       9.4500E-01       0.0000E+00       0.0000E+00       3.0045E-06       1.5772E-05       3.4139E-08       0.0000E+00       5.8990E-07       0.0000E+00       0.0000E+00       0.0000E+00       0.0000E+00
       9.5500E-01       0.0000E+00       0.0000E+00       3.0645E-06       1.5712E-05       3.3745E-08       0.0000E+00       5.8987E-07       0.0000E+00       0.0000E+00       0.0000E+00       0.0000E+00
       9.6500E-01       0.0000E+00       0.0000E+00       3.1243E-06       1.5653E-05       3.3345E-08       0.0000E+00       5.8982E-07       0.0000E+00       0.0000E+00       0.0000E+00       0.0000E+00
       9.7500E-01       0.0000E+00       0.0000E+00       3.1837E-06       1.5593E-05       3.2940E-08       0.0000E+00       5.8977E-07       0.0000E+00       0.0000E+00       0.0000E+00       0.0000E+00
       9.8500E-01       0.0000E+00       0.0000E+00       3.2428E-06       1.5534E-05       3.2530E-08       0.0000E+00       5.8970E-07       0.0000E+00       0.0000E+00       0.0000E+00       0.0000E+00
       9.9500E-01       0.0000E+00       0.0000E+00       3.3016E-06       1.5476E-05       3.2116E-08       0.0000E+00       5.8962E-07       0.0000E+00       0.0000E+00       0.0000E+00       0.0000E+00
       1.0050E+00       0.0000E+00       0.0000E+00       3.3600E-06       1.5418E-05       3.1698E-08       0.0000E+00       5.8952E-07       0.0000E+00       0.0000E+00       0.0000E+00       0.0000E+00
       1.0150E+00       0.0000E+00       0.0000E+00       3.4179E-06       1.5360E-05       3.1275E-08       0.0000E+00       5.8942E-07       0.0000E+00       0.0000E+00       0.0000E+00       0.0000E+00
       1.0250E+00       0.0000E+00       0.0000E+00       3.4755E-06       1.5303E-05       3.0850E-08       0.0000E+00       5.8930E-07       0.0000E+00       0.0000E+00       0.0000E+00       0.0000E+00
       1.0350E+00       0.0000E+00       0.0000E+00       3.5325E-06       1.5246E-05       3.0421E-08       0.0000E+00       5.8917E-07       0.0000E+00       0.0000E+00       0.0000E+00       0.0000E+00
       1.0450E+00       0.0000E+00       0.0000E+00       3.5891E-06       1.5190E-05       2.9990E-08       0.0000E+00       5.8902E-07       0.0000E+00       0.0000E+00       0.0000E+00       0.0000E+00
       1.0550E+00       0.0000E+00       0.0000E+00       3.6452E-06       1.5134E-05       2.9556E-08       0.0000E+00       5.8887E-07       0.0000E+00       0.0000E+00       0.0000E+00       0.0000E+00
       1.0650E+00       0.0000E+00       0.0000E+00       3.7007E-06       1.5079E-05       2.9121E-08       0.0000E+00       5.8869E-07       0.0000E+00       0.0000E+00       0.0000E+00       0.0000E+00
       1.0750E+00       0.0000E+00       0.0000E+00       3.7556E-06       1.5024E-05       2.8683E-08       0.0000E+00       5.8851E-07       0.0000E+00       0.0000E+00       0.0000E+00       0.0000E+00
       1.0850E+00       0.0000E+00       0.0000E+00       3.8100E-06       1.4970E-05       2.8245E-08       0.0000E+00       5.8831E-07       0.0000E+00       0.0000E+00       0.0000E+00       0.0000E+00
       1.0950E+00       0.0000E+00       0.0000E+00       3.8637E-06       1.4917E-05       2.7806E-08       0.0000E+00       5.8809E-07       0.0000E+00       0.0000E+00       0.0000E+00       0.0000E+00
       1.1050E+00       0.0000E+00       0.0000E+00       3.9169E-06       1.4864E-05       2.7367E-08       0.0000E+00       5.8786E-07       0.0000E+00       0.0000E+00       0.0000E+00       0.0000E+00
       1.1150E+00       0.0000E+00       0.0000E+00       3.9694E-06       1.4812E-05       2.6927E-08       0.0000E+00       5.8761E-07       0.0000E+00       0.0000E+00       0.0000E+00       0.0000E+00
       1.1250E+00       0.0000E+00       0.0000E+00       4.0212E-06       1.4760E-05       2.6488E-08       0.0000E+00       5.8735E-07       0.0000E+00       0.0000E+00       0.0000E+00       0.0000E+00
       1.1350E+00       0.0000E+00       0.0000E+00       4.0724E-06       1.4709E-05       2.6049E-08       0.0000E+00       5.8707E-07       0.0000E+00       0.0000E+00       0.0000E+00       0.0000E+00
       1.1450E+00       0.0000E+00       0.0000E+00       4.1228E-06       1.4659E-05       2.5612E-08       0.0000E+00       5.8678E-07       0.0000E+00       0.0000E+00       0.0000E+00       0.0000E+00
       1.1550E+00       0.0000E+00       0.0000E+00       4.1726E-06       1.4610E-05       2.5176E-08       0.0000E+00       5.8647E-07       0.0000E+00       0.0000E+00       0.0000E+00       0.0000E+00
       1.1650E+00       0.0000E+00       0.0000E+00       4.2217E-06       1.4561E-05       2.4742E-08       0.0000E+00       5.8614E-07       0.0000E+00       0.0000E+00       0.0000E+00       0.0000E+00
       1.1750E+00       0.0000E+00       0.0000E+00       4.2701E-06       1.4513E-05       2.4310E-08       0.0000E+00       5.8580E-07       0.0000E+00       0.0000E+00       0.0000E+00       0.0000E+00
       1.1850E+00       0.0000E+00       0.0000E+00       4.3177E-06       1.4466E-05       2.3881E-08       0.0000E+00       5.8544E-07       0.0000E+00       0.0000E+00       0.0000E+00       0.0000E+00
       1.1950E+00       0.0000E+00       0.0000E+00       4.3646E-06       1.4419E-05       2.3454E-08       0.0000E+00       5.8506E-07       0.0000E+00       0.0000E+00       0.0000E+00       0.0000E+00
       1.2050E+00       0.0000E+00       0.0000E+00       4.4108E-06       1.4374E-05       2.3031E-08       0.0000E+00       5.8466E-07       0.0000E+00       0.0000E+00       0.0000E+00       0.0000E+00
       1.2150E+00       0.0000E+00       0.0000E+00       4.4562E-06       1.4329E-05       2.2611E-08       0.0000E+00       5.8425E-07       0.0000E+00       0.0000E+00       0.0000E+00       0.0000E+00
       1.2250E+00       0.0000E+00       0.0000E+00       4.5008E-06       1.4285E-05       2.2195E-08       0.0000E+00       5.8382E-07       0.0000E+00       0.0000E+00       0.0000E+00       0.0000E+00
       1.2350E+00       0.0000E+00       0.0000E+00       4.5447E-06       1.4241E-05       2.1783E-08       0.0000E+00       5.8337E-07       0.0000E+00       0.0000E+00       0.0000E+00       0.0000E+00
       1.2450E+00       0.0000E+00       0.0000E+00       4.5879E-06       1.4198E-05       2.1376E-08       0.0000E+00       5.8290E-07       0.0000E+00       0.0000E+00       0.0000E+00       0.0000E+00
       1.2550E+00       0.0000E+00       0.0000E+00       4.6303E-06       1.4156E-05       2.0973E-08       0.0000E+00       5.8241E-07       0.0000E+00       0.0000E+00       0.0000E+00       0.0000E+00
       1.2650E+00       0.0000E+00       0.0000E+00       4.6719E-06       1.4115E-05       2.0575E-08       0.0000E+00       5.8191E-07       0.0000E+00       0.0000E+00       0.0000E+00       0.0000E+00
       1.2750E+00       0.0000E+00       0.0000E+00       4.7128E-06       1.4075E-05       2.0182E-08       0.0000E+00       5.8138E-07       0.0000E+00       0.0000E+00       0.0000E+00       0.0000E+00
       1.2850E+00       0.0000E+00       0.0000E+00       4.7529E-06       1.4035E-05       1.9795E-08       0.0000E+00       5.8084E-07       0.0000E+00       0.0000E+00       0.0000E+00       0.0000E+00
       1.2950E+00       0.0000E+00       0.0000E+00       4.7922E-06       1.3996E-05       1.9414E-08       0.0000E+00       5.8027E-07       0.0000E+00       0.0000E+00       0.0000E+00       0.0000E+00
       1.3050E+00       0.0000E+00       0.0000E+00       4.8308E-06       1.3958E-05       1.9038E-08       0.0000E+00       5.7969E-07       0.0000E+00       0.0000E+00       0.0000E+00       0.0000E+00
       1.3150E+00       0.0000E+00       0.0000E+00       4.8687E-06       1.3921E-05       1.8668E-08       0.0000E+00       5.7908E-07       0.0000E+00       0.0000E+00       0.0000E+00       0.0000E+00
       1.3250E+00       0.0000E+00       0.0000E+00       4.9058E-06       1.3884E-05       1.8305E-08       0.0000E+00       5.7846E-07       0.0000E+00       0.0000E+00       0.0000E+00       0.0000E+00
       1.3350E+00       0.0000E+00       0.0000E+00       4.9421E-06       1.3848E-05       1.7948E-08       0.0000E+00       5.7781E-07       0.0000E+00       0.0000E+00       0.0000E+00       0.0000E+00
       1.3450E+00       0.0000E+00       0.0000E+00       4.9778E-06       1.3813E-05       1.7597E-08       0.0000E+00       5.7715E-07       0.0000E+00       0.0000E+00       0.0000E+00       0.0000E+00
       1.3550E+00       0.0000E+00       0.0000E+00       5.0126E-06       1.3779E-05       1.7254E-08       0.0000E+00       5.7646E-07       0.0000E+00       0.0000E+00       0.0000E+00       0.0000E+00
       1.3650E+00       0.0000E+00       0.0000E+00       5.0468E-06       1.3745E-05       1.6917E-08       0.0000E+00       5.7576E-07       0.0000E+00       0.0000E+00       0.0000E+00       0.0000E+00
       1.3750E+00       0.0000E+00       0.0000E+00       5.0802E-06       1.3712E-05       1.6587E-08       0.0000E+00       5.7503E-07       0.0000E+00       0.0000E+00       0.0000E+00       0.0000E+00
       1.3850E+00       0.0000E+00       0.0000E+00       5.1129E-06       1.3680E-05       1.6264E-08       0.0000E+00       5.7428E-07       0.0000E+00       0.0000E+00       0.0000E+00       0.0000E+00
       1.3950E+00       0.0000E+00       0.0000E+00       5.1449E-06       1.3649E-05       1.5948E-08       0.0000E+00       5.7351E-07       0.0000E+00       0.0000E+00       0.0000E+00       0.0000E+00
       1.4050E+00       0.0000E+00       0.0000E+00       5.1762E-06       1.3618E-05       1.5640E-08       0.0000E+00       5.7272E-07       0.0000E+00       0.0000E+00       0.0000E+00       0.0000E+00
       1.4150E+00       0.0000E+00       0.0000E+00       5.2068E-06       1.3588E-05       1.5338E-08       0.0000E+00       5.7190E-07       0.0000E+00       0.0000E+00       0.0000E+00       0.0000E+00
       1.4250E+00       0.0000E+00       0.0000E+00       5.2367E-06       1.3559E-05       1.5044E-08       0.0000E+00       5.7107E-07       0.0000E+00       0.0000E+00       0.0000E+00       0.0000E+00
       1.4350E+00       0.0000E+00       0.0000E+00       5.2659E-06       1.3530E-05       1.4758E-08       0.0000E+00       5.7021E-07       0.0000E+00       0.0000E+00       0.0000E+00       0.0000E+00
       1.4450E+00       0.0000E+00       0.0000E+00       5.2944E-06       1.3502E-05       1.4479E-08       0.0000E+00       5.6933E-07       0.0000E+00       0.0000E+00       0.0000E+00       0.0000E+00
       1.4550E+00       0.0000E+00       0.0000E+00       5.3223E-06       1.3475E-05       1.4207E-08       0.0000E+00       5.6843E-07       0.0000E+00       0.0000E+00       0.0000E+00       0.0000E+00
       1.4650E+00       0.0000E+00       0.0000E+00       5.3495E-06       1.3448E-05       1.3942E-08       0.0000E+00       5.6751E-07       0.0000E+00       0.0000E+00       0.0000E+00       0.0000E+00
       1.4750E+00       0.0000E+00       0.0000E+00       5.3761E-06       1.3422E-05       1.3685E-08       0.0000E+00       5.6656E-07       0.0000E+00       0.0000E+00       0.0000E+00       0.0000E+00
       1.4850E+00       0.0000E+00       0.0000E+00       5.4020E-06       1.3397E-05       1.3435E-08       0.0000E+00       5.6559E-07       0.0000E+00       0.0000E+00       0.0000E+00       0.0000E+00
       1.4950E+00       0.0000E+00       0.0000E+00       5.4273E-06       1.3372E-05       1.3193E-08       0.0000E+00       5.6460E-07       0.0000E+00       0.0000E+00       0.0000E+00       0.0000E+00
       1.5050E+00       0.0000E+00       0.0000E+00       5.4520E-06       1.3348E-05       1.2958E-08       0.0000E+00       5.6359E-07       0.0000E+00       0.0000E+00       0.0000E+00       0.0000E+00
       1.5150E+00       0.0000E+00       0.0000E+00       5.4760E-06       1.3325E-05       1.2730E-08       0.0000E+00       5.6255E-07       0.0000E+00       0.0000E+00       0.0000E+00       0.0000E+00
       1.5250E+00       0.0000E+00       0.0000E+00       5.4995E-06       1.3302E-05       1.2510E-08       0.0000E+00       5.6149E-07       0.0000E+00       0.0000E+00       0.0000E+00       0.0000E+00
       1.5350E+00       0.0000E+00       0.0000E+00       5.5224E-06       1.3280E-05       1.2296E-08       0.0000E+00       5.6041E-07       0.0000E+00       0.0000E+00       0.0000E+00       0.0000E+00
       1.5450E+00       0.0000E+00       0.0000E+00       5.5447E-06       1.3258E-05       1.2090E-08       0.0000E+00       5.5931E-07       0.0000E+00       0.0000E+00       0.0000E+00       0.0000E+00
       1.5550E+00       0.0000E+00       0.0000E+00       5.5664E-06       1.3237E-05       1.1890E-08       0.0000E+00       5.5818E-07       0.0000E+00       0.0000E+00       0.0000E+00       0.0000E+00
       1.5650E+00       0.0000E+00       0.0000E+00       5.5876E-06       1.3216E-05       1.1698E-08       0.0000E+00       5.5703E-07       0.0000E+00       0.0000E+00       0.0000E+00       0.0000E+00
       1.5750E+00       0.0000E+00       0.0000E+00       5.6082E-06       1.3196E-05       1.1512E-08       0.0000E+00       5.5586E-07       0.0000E+00       0.0000E+00       0.0000E+00       0.0000E+00
       1.5850E+00       0.0000E+00       0.0000E+00       5.6283E-06       1.3177E-05       1.1334E-08       0.0000E+00       5.5467E-07       0.0000E+00       0.0000E+00       0.0000E+00       0.0000E+00
       1.5950E+00       0.0000E+00       0.0000E+00       5.6478E-06       1.3158E-05       1.1161E-08       0.0000E+00       5.5345E-07       0.0000E+00       0.0000E+00       0.0000E+00       0.0000E+00
       1.6050E+00       0.0000E+00       0.0000E+00       5.6668E-06       1.3140E-05       1.0996E-08       0.0000E+00       5.5221E-07       0.0000E+00       0.0000E+00       0.0000E+00       0.0000E+00
       1.6150E+00       0.0000E+00       0.0000E+00       5.6853E-06       1.3122E-05       1.0837E-08       0.0000E+00       5.5095E-07       0.0000E+00       0.0000E+00       0.0000E+00       0.0000E+00
       1.6250E+00       0.0000E+00       0.0000E+00       5.7033E-06       1.3105E-05       1.0684E-08       0.0000E+00       5.4966E-07       0.0000E+00       0.0000E+00       0.0000E+00       0.0000E+00
       1.6350E+00       0.0000E+00       0.0000E+00       5.7209E-06       1.3088E-05       1.0537E-08       0.0000E+00       5.4836E-07       0.0000E+00       0.0000E+00       0.0000E+00       0.0000E+00
       1.6450E+00       0.0000E+00       0.0000E+00       5.7379E-06       1.3072E-05       1.0397E-08       0.0000E+00       5.4703E-07       0.0000E+00       0.0000E+00       0.0000E+00       0.0000E+00
       1.6550E+00       0.0000E+00       0.0000E+00       5.7545E-06       1.3056E-05       1.0262E-08       0.0000E+00       5.4568E-07       0.0000E+00       0.0000E+00       0.0000E+00       0.0000E+00
       1.6650E+00       0.0000E+00       0.0000E+00       5.7706E-06       1.3041E-05       1.0134E-08       0.0000E+00       5.4431E-07       0.0000E+00       0.0000E+00       0.0000E+00       0.0000E+00
       1.6750E+00       0.0000E+00       0.0000E+00       5.7862E-06       1.3026E-05       1.0011E-08       0.0000E+00       5.4291E-07       0.0000E+00       0.0000E+00       0.0000E+00       0.0000E+00
       1.6850E+00       0.0000E+00       0.0000E+00       5.8015E-06       1.3011E-05       9.8938E-09       0.0000E+00       5.4150E-07       0.0000E+00       0.0000E+00       0.0000E+00       0.0000E+00
       1.6950E+00       0.0000E+00       0.0000E+00       5.8162E-06       1.2997E-05       9.7821E-09       0.0000E+00       5.4006E-07       0.0000E+00       0.0000E+00       0.0000E+00       0.0000E+00
       1.7050E+00       0.0000E+00       0.0000E+00       5.8306E-06       1.2984E-05       9.6759E-09       0.0000E+00       5.3860E-07       0.0000E+00       0.0000E+00       0.0000E+00       0.0000E+00
       1.7150E+00       0.0000E+00       0.0000E+00       5.8445E-06       1.2970E-05       9.5749E-09       0.0000E+00       5.3712E-07       0.0000E+00       0.0000E+00       0.0000E+00       0.0000E+00
       1.7250E+00       0.0000E+00       0.0000E+00       5.8580E-06       1.2958E-05       9.4791E-09       0.0000E+00       5.3562E-07       0.0000E+00       0.0000E+00       0.0000E+00       0.0000E+00
       1.7350E+00       0.0000E+00       0.0000E+00       5.8712E-06       1.2945E-05       9.3883E-09       0.0000E+00       5.3410E-07       0.0000E+00       0.0000E+00       0.0000E+00       0.0000E+00
       1.7450E+00       0.0000E+00       0.0000E+00       5.8839E-06       1.2934E-05       9.3025E-09       0.0000E+00       5.3256E-07       0.0000E+00       0.0000E+00       0.0000E+00       0.0000E+00
       1.7550E+00       0.0000E+00       0.0000E+00       5.8962E-06       1.2922E-05       9.2214E-09       0.0000E+00       5.3100E-07       0.0000E+00       0.0000E+00       0.0000E+00       0.0000E+00
       1.7650E+00       0.0000E+00       0.0000E+00       5.9082E-06       1.2911E-05       9.1451E-09       0.0000E+00       5.2941E-07       0.0000E+00       0.0000E+00       0.0000E+00       0.0000E+00
       1.7750E+00       0.0000E+00       0.0000E+00       5.9198E-06       1.2900E-05       9.0733E-09       0.0000E+00       5.2781E-07       0.0000E+00       0.0000E+00       0.0000E+00       0.0000E+00
       1.7850E+00       0.0000E+00       0.0000E+00       5.9311E-06       1.2890E-05       9.0059E-09       0.0000E+00       5.2619E-07       0.0000E+00       0.0000E+00       0.0000E+00       0.0000E+00
       1.7950E+00       0.0000E+00       0.0000E+00       5.9420E-06       1.2880E-05       8.9429E-09       0.0000E+00       5.2455E-07       0.0000E+00       0.0000E+00       0.0000E+00       0.0000E+00
       1.8050E+00       0.0000E+00       0.0000E+00       5.9526E-06       1.2870E-05       8.8842E-09       0.0000E+00       5.2289E-07       0.0000E+00       0.0000E+00       0.0000E+00       0.0000E+00
       1.8150E+00       0.0000E+00       0.0000E+00       5.9629E-06       1.2860E-05       8.8295E-09       0.0000E+00       5.2121E-07       0.0000E+00       0.0000E+00       0.0000E+00       0.0000E+00
       1.8250E+00       0.0000E+00       0.0000E+00       5.9728E-06       1.2851E-05       8.7788E-09       0.0000E+00       5.1951E-07       0.0000E+00       0.0000E+00       0.0000E+00       0.0000E+00
       1.8350E+00       0.0000E+00       0.0000E+00       5.9824E-06       1.2843E-05       8.7321E-09       0.0000E+00       5.1779E-07       0.0000E+00       0.0000E+00       0.0000E+00       0.0000E+00
       1.8450E+00       0.0000E+00       0.0000E+00       5.9917E-06       1.2834E-05       8.6891E-09       0.0000E+00       5.1605E-07       0.0000E+00       0.0000E+00       0.0000E+00       0.0000E+00
       1.8550E+00       0.0000E+00       0.0000E+00       6.0008E-06       1.2826E-05       8.6498E-09       0.0000E+00       5.1430E-07       0.0000E+00       0.0000E+00       0.0000E+00       0.0000E+00
       1.8650E+00       0.0000E+00       0.0000E+00       6.0095E-06       1.2818E-05       8.6142E-09       0.0000E+00       5.1253E-07       0.0000E+00       0.0000E+00       0.0000E+00       0.0000E+00
       1.8750E+00       0.0000E+00       0.0000E+00       6.0179E-06       1.2811E-05       8.5820E-09       0.0000E+00       5.1074E-07       0.0000E+00       0.0000E+00       0.0000E+00       0.0000E+00
       1.8850E+00       0.0000E+00       0.0000E+00       6.0261E-06       1.2803E-05       8.5533E-09       0.0000E+00       5.0893E-07       0.0000E+00       0.0000E+00       0.0000E+00       0.0000E+00
       1.8950E+00       0.0000E+00       0.0000E+00       6.0341E-06       1.2796E-05       8.5279E-09       0.0000E+00       5.0711E-07       0.0000E+00       0.0000E+00       0.0000E+00       0.0000E+00
       1.9050E+00       0.0000E+00       0.0000E+00       6.0417E-06       1.2790E-05       8.5057E-09       0.0000E+00       5.0527E-07       0.0000E+00       0.0000E+00       0.0000E+00       0.0000E+00
       1.9150E+00       0.0000E+00       0.0000E+00       6.0491E-06       1.2783E-05       8.4867E-09       0.0000E+00       5.0342E-07       0.0000E+00       0.0000E+00       0.0000E+00       0.0000E+00
       1.9250E+00       0.0000E+00       0.0000E+00       6.0563E-06       1.2777E-05       8.4707E-09       0.0000E+00       5.0155E-07       0.0000E+00       0.0000E+00       0.0000E+00       0.0000E+00
       1.9350E+00       0.0000E+00       0.0000E+00       6.0632E-06       1.2771E-05       8.4577E-09       0.0000E+00       4.9966E-07       0.0000E+00       0.0000E+00       0.0000E+00       0.0000E+00
       1.9450E+00       0.0000E+00       0.0000E+00       6.0699E-06       1.2765E-05       8.4476E-09       0.0000E+00       4.9776E-07       0.0000E+00       0.0000E+00       0.0000E+00       0.0000E+00
       1.9550E+00       0.0000E+00       0.0000E+00       6.0764E-06       1.2760E-05       8.4404E-09       0.0000E+00       4.9584E-07       0.0000E+00       0.0000E+00       0.0000E+00       0.0000E+00
       1.9650E+00       0.0000E+00       0.0000E+00       6.0827E-06       1.2754E-05       8.4359E-09       0.0000E+00       4.9391E-07       0.0000E+00       0.0000E+00       0.0000E+00       0.0000E+00
       1.9750E+00       0.0000E+00       0.0000E+00       6.0887E-06       1.2749E-05       8.4342E-09       0.0000E+00       4.9196E-07       0.0000E+00       0.0000E+00       0.0000E+00       0.0000E+00
       1.9850E+00       0.0000E+00       0.0000E+00       6.0946E-06       1.2745E-05       8.4350E-09       0.0000E+00       4.9000E-07       0.0000E+00       0.0000E+00       0.0000E+00       0.0000E+00
       1.9950E+00       0.0000E+00       0.0000E+00       6.1002E-06       1.2740E-05       8.4385E-09       0.0000E+00       4.8803E-07       0.0000E+00       0.0000E+00       0.0000E+00       0.0000E+00
       2.0050E+00       0.0000E+00       0.0000E+00       6.1057E-06       1.2735E-05       8.4444E-09       0.0000E+00       4.8604E-07       0.0000E+00       0.0000E+00       0.0000E+00       0.0000E+00
       2.0150E+00       0.0000E+00       0.0000E+00       6.1110E-06       1.2731E-05       8.4528E-09       0.0000E+00       4.8404E-07       0.0000E+00       0.0000E+00       0.0000E+00       0.0000E+00
       2.0250E+00       0.0000E+00       0.0000E+00       6.1161E-06       1.2727E-05       8.4636E-09       0.0000E+00       4.8202E-07       0.0000E+00       0.0000E+00       0.0000E+00       0.0000E+00
       2.0350E+00       0.0000E+00       0.0000E+00       6.1210E-06       1.2723E-05       8.4767E-09       0.0000E+00       4.8000E-07       0.0000E+00       0.0000E+00       0.0000E+00       0.0000E+00
       2.0450E+00       0.0000E+00       0.0000E+00       6.1257E-06       1.2719E-05       8.4921E-09       0.0000E+00       4.7796E-07       0.0000E+00       0.0000E+00       0.0000E+00       0.0000E+00
       2.0550E+00       0.0000E+00       0.0000E+00       6.1303E-06       1.2716E-05       8.5098E-09       0.0000E+00       4.7591E-07       0.0000E+00       0.0000E+00       0.0000E+00       0.0000E+00
       2.0650E+00       0.0000E+00       0.0000E+00       6.1347E-06       1.2712E-05       8.5296E-09       0.0000E+00       4.7385E-07       0.0000E+00       0.0000E+00       0.0000E+00       0.0000E+00
       2.0750E+00       0.0000E+00       0.0000E+00       6.1390E-06       1.2709E-05       8.5516E-09       0.0000E+00       4.7177E-07       0.0000E+00       0.0000E+00       0.0000E+00       0.0000E+00
       2.0850E+00       0.0000E+00       0.0000E+00       6.1431E-06       1.2706E-05       8.5757E-09       0.0000E+00       4.6969E-07       0.0000E+00       0.0000E+00       0.0000E+00       0.0000E+00
       2.0950E+00       0.0000E+00       0.0000E+00       6.1471E-06       1.2703E-05       8.6019E-09       0.0000E+00       4.6759E-07       0.0000E+00       0.0000E+00       0.0000E+00       0.0000E+00
       2.1050E+00       0.0000E+00       0.0000E+00       6.1509E-06       1.2700E-05       8.6301E-09       0.0000E+00       4.6549E-07       0.0000E+00       0.0000E+00       0.0000E+00       0.0000E+00
       2.1150E+00       0.0000E+00       0.0000E+00       6.1546E-06       1.2698E-05       8.6602E-09       0.0000E+00       4.6337E-07       0.0000E+00       0.0000E+00       0.0000E+00       0.0000E+00
       2.1250E+00       0.0000E+00       0.0000E+00       6.1581E-06       1.2695E-05       8.6924E-09       0.0000E+00       4.6125E-07       0.0000E+00       0.0000E+00       0.0000E+00       0.0000E+00
       2.1350E+00       0.0000E+00       0.0000E+00       6.1616E-06       1.2693E-05       8.7265E-09       0.0000E+00       4.5911E-07       0.0000E+00       0.0000E+00       0.0000E+00       0.0000E+00
       2.1450E+00       0.0000E+00       0.0000E+00       6.1649E-06       1.2691E-05       8.7624E-09       0.0000E+00       4.5697E-07       0.0000E+00       0.0000E+00       0.0000E+00       0.0000E+00
       2.1550E+00       0.0000E+00       0.0000E+00       6.1681E-06       1.2688E-05       8.8003E-09       0.0000E+00       4.5482E-07       0.0000E+00       0.0000E+00       0.0000E+00       0.0000E+00
       2.1650E+00       0.0000E+00       0.0000E+00       6.1712E-06       1.2686E-05       8.8399E-09       0.0000E+00       4.5266E-07       0.0000E+00       0.0000E+00       0.0000E+00       0.0000E+00
       2.1750E+00       0.0000E+00       0.0000E+00       6.1742E-06       1.2684E-05       8.8814E-09       0.0000E+00       4.5049E-07       0.0000E+00       0.0000E+00       0.0000E+00       0.0000E+00
       2.1850E+00       0.0000E+00       0.0000E+00       6.1771E-06       1.2683E-05       8.9247E-09       0.0000E+00       4.4831E-07       0.0000E+00       0.0000E+00       0.0000E+00       0.0000E+00
       2.1950E+00       0.0000E+00       0.0000E+00       6.1799E-06       1.2681E-05       8.9697E-09       0.0000E+00       4.4613E-07       0.0000E+00       0.0000E+00       0.0000E+00       0.0000E+00
       2.2050E+00       0.0000E+00       0.0000E+00       6.1826E-06       1.2679E-05       9.0165E-09       0.0000E+00       4.4393E-07       0.0000E+00       0.0000E+00       0.0000E+00       0.0000E+00
       2.2150E+00       0.0000E+00       0.0000E+00       6.1851E-06       1.2678E-05       9.0650E-09       0.0000E+00       4.4174E-07       0.0000E+00       0.0000E+00       0.0000E+00       0.0000E+00
       2.2250E+00       0.0000E+00       0.0000E+00       6.1876E-06       1.2676E-05       9.1152E-09       0.0000E+00       4.3953E-07       0.0000E+00       0.0000E+00       0.0000E+00       0.0000E+00
       2.2350E+00       0.0000E+00       0.0000E+00       6.1901E-06       1.2675E-05       9.1671E-09       0.0000E+00       4.3732E-07       0.0000E+00       0.0000E+00       0.0000E+00       0.0000E+00
       2.2450E+00       0.0000E+00       0.0000E+00       6.1924E-06       1.2674E-05       9.2206E-09       0.0000E+00       4.3510E-07       0.0000E+00       0.0000E+00       0.0000E+00       0.0000E+00
       2.2550E+00       0.0000E+00       0.0000E+00       6.1946E-06       1.2673E-05       9.2758E-09       0.0000E+00       4.3287E-07       0.0000E+00       0.0000E+00       0.0000E+00       0.0000E+00
       2.2650E+00       0.0000E+00       0.0000E+00       6.1968E-06       1.2672E-05       9.3327E-09       0.0000E+00       4.3064E-07       0.0000E+00       0.0000E+00       0.0000E+00       0.0000E+00
       2.2750E+00       0.0000E+00       0.0000E+00       6.1989E-06       1.2671E-05       9.3911E-09       0.0000E+00       4.2841E-07       0.0000E+00       0.0000E+00       0.0000E+00       0.0000E+00
       2.2850E+00       0.0000E+00       0.0000E+00       6.2009E-06       1.2670E-05       9.4512E-09       0.0000E+00       4.2617E-07       0.0000E+00       0.0000E+00       0.0000E+00       0.0000E+00
       2.2950E+00       0.0000E+00       0.0000E+00       6.2029E-06       1.2669E-05       9.5128E-09       0.0000E+00       4.2392E-07       0.0000E+00       0.0000E+00       0.0000E+00       0.0000E+00
       2.3050E+00       0.0000E+00       0.0000E+00       6.2048E-06       1.2668E-05       9.5760E-09       0.0000E+00       4.2167E-07       0.0000E+00       0.0000E+00       0.0000E+00       0.0000E+00
       2.3150E+00       0.0000E+00       0.0000E+00       6.2066E-06       1.2667E-05       9.6408E-09       0.0000E+00       4.1942E-07       0.0000E+00       0.0000E+00       0.0000E+00       0.0000E+00
       2.3250E+00       0.0000E+00       0.0000E+00       6.2084E-06       1.2667E-05       9.7071E-09       0.0000E+00       4.1716E-07       0.0000E+00       0.0000E+00       0.0000E+00       0.0000E+00
       2.3350E+00       0.0000E+00       0.0000E+00       6.2101E-06       1.2666E-05       9.7750E-09       0.0000E+00       4.1490E-07       0.0000E+00       0.0000E+00       0.0000E+00       0.0000E+00
       2.3450E+00       0.0000E+00       0.0000E+00       6.2117E-06       1.2665E-05       9.8444E-09       0.0000E+00       4.1263E-07       0.0000E+00       0.0000E+00       0.0000E+00       0.0000E+00
       2.3550E+00       0.0000E+00       0.0000E+00       6.2133E-06       1.2665E-05       9.9153E-09       0.0000E+00       4.1036E-07       0.0000E+00       0.0000E+00       0.0000E+00       0.0000E+00
       2.3650E+00       0.0000E+00       0.0000E+00       6.2148E-06       1.2664E-05       9.9877E-09       0.0000E+00       4.0809E-07       0.0000E+00       0.0000E+00       0.0000E+00       0.0000E+00
       2.3750E+00       0.0000E+00       0.0000E+00       6.2163E-06       1.2664E-05       1.0062E-08       0.0000E+00       4.0581E-07       0.0000E+00       0.0000E+00       0.0000E+00       0.0000E+00
       2.3850E+00       0.0000E+00       0.0000E+00       6.2177E-06       1.2664E-05       1.0137E-08       0.0000E+00       4.0353E-07       0.0000E+00       0.0000E+00       0.0000E+00       0.0000E+00
       2.3950E+00       0.0000E+00       0.0000E+00       6.2191E-06       1.2663E-05       1.0214E-08       0.0000E+00       4.0125E-07       0.0000E+00       0.0000E+00       0.0000E+00       0.0000E+00
       2.4050E+00       0.0000E+00       0.0000E+00       6.2205E-06       1.2663E-05       1.0292E-08       0.0000E+00       3.9897E-07       0.0000E+00       0.0000E+00       0.0000E+00       0.0000E+00
       2.4150E+00       0.0000E+00       0.0000E+00       6.2218E-06       1.2663E-05       1.0372E-08       0.0000E+00       3.9668E-07       0.0000E+00       0.0000E+00       0.0000E+00       0.0000E+00
       2.4250E+00       0.0000E+00       0.0000E+00       6.2230E-06       1.2663E-05       1.0453E-08       0.0000E+00       3.9440E-07       0.0000E+00       0.0000E+00       0.0000E+00       0.0000E+00
       2.4350E+00       0.0000E+00       0.0000E+00       6.2242E-06       1.2663E-05       1.0536E-08       0.0000E+00       3.9211E-07       0.0000E+00       0.0000E+00       0.0000E+00       0.0000E+00
       2.4450E+00       0.0000E+00       0.0000E+00       6.2254E-06       1.2663E-05       1.0620E-08       0.0000E+00       3.8982E-07       0.0000E+00       0.0000E+00       0.0000E+00       0.0000E+00
       2.4550E+00       0.0000E+00       0.0000E+00       6.2265E-06       1.2663E-05       1.0706E-08       0.0000E+00       3.8753E-07       0.0000E+00       0.0000E+00       0.0000E+00       0.0000E+00
       2.4650E+00       0.0000E+00       0.0000E+00       6.2276E-06       1.2663E-05       1.0793E-08       0.0000E+00       3.8524E-07       0.0000E+00       0.0000E+00       0.0000E+00       0.0000E+00
       2.4750E+00       0.0000E+00       0.0000E+00       6.2287E-06       1.2663E-05       1.0881E-08       0.0000E+00       3.8295E-07       0.0000E+00       0.0000E+00       0.0000E+00       0.0000E+00
       2.4850E+00       0.0000E+00       0.0000E+00       6.2297E-06       1.2663E-05       1.0971E-08       0.0000E+00       3.8065E-07       0.0000E+00       0.0000E+00       0.0000E+00       0.0000E+00
       2.4950E+00       0.0000E+00       0.0000E+00       6.2307E-06       1.2663E-05       1.1062E-08       0.0000E+00       3.7836E-07       0.0000E+00       0.0000E+00       0.0000E+00       0.0000E+00
       2.5050E+00       0.0000E+00       0.0000E+00       6.2317E-06       1.2663E-05       1.1155E-08       0.0000E+00       3.7607E-07       0.0000E+00       0.0000E+00       0.0000E+00       0.0000E+00
       2.5150E+00       0.0000E+00       0.0000E+00       6.2326E-06       1.2663E-05       1.1249E-08       0.0000E+00       3.7377E-07       0.0000E+00       0.0000E+00       0.0000E+00       0.0000E+00
       2.5250E+00       0.0000E+00       0.0000E+00       6.2335E-06       1.2663E-05       1.1344E-08       0.0000E+00       3.7148E-07       0.0000E+00       0.0000E+00       0.0000E+00       0.0000E+00
       2.5350E+00       0.0000E+00       0.0000E+00       6.2343E-06       1.2664E-05       1.1441E-08       0.0000E+00       3.6919E-07       0.0000E+00       0.0000E+00       0.0000E+00       0.0000E+00
       2.5450E+00       0.0000E+00       0.0000E+00       6.2352E-06       1.2664E-05       1.1539E-08       0.0000E+00       3.6690E-07       0.0000E+00       0.0000E+00       0.0000E+00       0.0000E+00
       2.5550E+00       0.0000E+00       0.0000E+00       6.2360E-06       1.2664E-05       1.1638E-08       0.0000E+00       3.6461E-07       0.0000E+00       0.0000E+00       0.0000E+00       0.0000E+00
       2.5650E+00       0.0000E+00       0.0000E+00       6.2367E-06       1.2665E-05       1.1739E-08       0.0000E+00       3.6232E-07       0.0000E+00       0.0000E+00       0.0000E+00       0.0000E+00
       2.5750E+00       0.0000E+00       0.0000E+00       6.2375E-06       1.2665E-05       1.1841E-08       0.0000E+00       3.6003E-07       0.0000E+00       0.0000E+00       0.0000E+00       0.0000E+00
       2.5850E+00       0.0000E+00       0.0000E+00       6.2382E-06       1.2665E-05       1.1944E-08       0.0000E+00       3.5775E-07       0.0000E+00       0.0000E+00       0.0000E+00       0.0000E+00
       2.5950E+00       0.0000E+00       0.0000E+00       6.2389E-06       1.2666E-05       1.2048E-08       0.0000E+00       3.5546E-07       0.0000E+00       0.0000E+00       0.0000E+00       0.0000E+00
       2.6050E+00       0.0000E+00       0.0000E+00       6.2395E-06       1.2666E-05       1.2154E-08       0.0000E+00       3.5318E-07       0.0000E+00       0.0000E+00       0.0000E+00       0.0000E+00
       2.6150E+00       0.0000E+00       0.0000E+00       6.2402E-06       1.2667E-05       1.2261E-08       0.0000E+00       3.5090E-07       0.0000E+00       0.0000E+00       0.0000E+00       0.0000E+00
       2.6250E+00       0.0000E+00       0.0000E+00       6.2408E-06       1.2667E-05       1.2369E-08       0.0000E+00       3.4862E-07       0.0000E+00       0.0000E+00       0.0000E+00       0.0000E+00
       2.6350E+00       0.0000E+00       0.0000E+00       6.2414E-06       1.2668E-05       1.2479E-08       0.0000E+00       3.4634E-07       0.0000E+00       0.0000E+00       0.0000E+00       0.0000E+00
       2.6450E+00       0.0000E+00       0.0000E+00       6.2419E-06       1.2668E-05       1.2589E-08       0.0000E+00       3.4407E-07       0.0000E+00       0.0000E+00       0.0000E+00       0.0000E+00
       2.6550E+00       0.0000E+00       0.0000E+00       6.2424E-06       1.2669E-05       1.2701E-08       0.0000E+00       3.4180E-07       0.0000E+00       0.0000E+00       0.0000E+00       0.0000E+00
       2.6650E+00       0.0000E+00       0.0000E+00       6.2429E-06       1.2669E-05       1.2814E-08       0.0000E+00       3.3953E-07       0.0000E+00       0.0000E+00       0.0000E+00       0.0000E+00
       2.6750E+00       0.0000E+00       0.0000E+00       6.2434E-06       1.2670E-05       1.2929E-08       0.0000E+00       3.3727E-07       0.0000E+00       0.0000E+00       0.0000E+00       0.0000E+00
       2.6850E+00       0.0000E+00       0.0000E+00       6.2438E-06       1.2671E-05       1.3044E-08       0.0000E+00       3.3500E-07       0.0000E+00       0.0000E+00       0.0000E+00       0.0000E+00
       2.6950E+00       0.0000E+00       0.0000E+00       6.2442E-06       1.2671E-05       1.3160E-08       0.0000E+00       3.3274E-07       0.0000E+00       0.0000E+00       0.0000E+00       0.0000E+00
       2.7050E+00       0.0000E+00       0.0000E+00       6.2446E-06       1.2672E-05       1.3278E-08       0.0000E+00       3.3049E-07       0.0000E+00       0.0000E+00       0.0000E+00       0.0000E+00
       2.7150E+00       0.0000E+00       0.0000E+00       6.2450E-06       1.2673E-05       1.3397E-08       0.0000E+00       3.2824E-07       0.0000E+00       0.0000E+00       0.0000E+00       0.0000E+00
       2.7250E+00       0.0000E+00       0.0000E+00       6.2453E-06       1.2673E-05       1.3516E-08       0.0000E+00       3.2599E-07       0.0000E+00       0.0000E+00       0.0000E+00       0.0000E+00
       2.7350E+00       0.0000E+00       0.0000E+00       6.2456E-06       1.2674E-05       1.3637E-08       0.0000E+00       3.2375E-07       0.0000E+00       0.0000E+00       0.0000E+00       0.0000E+00
       2.7450E+00       0.0000E+00       0.0000E+00       6.2458E-06       1.2675E-05       1.3759E-08       0.0000E+00       3.2151E-07       0.0000E+00       0.0000E+00       0.0000E+00       0.0000E+00
       2.7550E+00       0.0000E+00       0.0000E+00       6.2460E-06       1.2676E-05       1.3882E-08       0.0000E+00       3.1927E-07       0.0000E+00       0.0000E+00       0.0000E+00       0.0000E+00
       2.7650E+00       0.0000E+00       0.0000E+00       6.2462E-06       1.2677E-05       1.4006E-08       0.0000E+00       3.1704E-07       0.0000E+00       0.0000E+00       0.0000E+00       0.0000E+00
       2.7750E+00       0.0000E+00       0.0000E+00       6.2464E-06       1.2678E-05       1.4131E-08       0.0000E+00       3.1482E-07       0.0000E+00       0.0000E+00       0.0000E+00       0.0000E+00
       2.7850E+00       0.0000E+00       0.0000E+00       6.2465E-06       1.2678E-05       1.4257E-08       0.0000E+00       3.1259E-07       0.0000E+00       0.0000E+00       0.0000E+00       0.0000E+00
       2.7950E+00       0.0000E+00       0.0000E+00       6.2465E-06       1.2679E-05       1.4383E-08       0.0000E+00       3.1038E-07       0.0000E+00       0.0000E+00       0.0000E+00       0.0000E+00
       2.8050E+00       0.0000E+00       0.0000E+00       6.2466E-06       1.2680E-05       1.4511E-08       0.0000E+00       3.0817E-07       0.0000E+00       0.0000E+00       0.0000E+00       0.0000E+00
       2.8150E+00       0.0000E+00       0.0000E+00       6.2466E-06       1.2681E-05       1.4640E-08       0.0000E+00       3.0596E-07       0.0000E+00       0.0000E+00       0.0000E+00       0.0000E+00
       2.8250E+00       0.0000E+00       0.0000E+00       6.2465E-06       1.2683E-05       1.4769E-08       0.0000E+00       3.0376E-07       0.0000E+00       0.0000E+00       0.0000E+00       0.0000E+00
       2.8350E+00       0.0000E+00       0.0000E+00       6.2464E-06       1.2684E-05       1.4899E-08       0.0000E+00       3.0157E-07       0.0000E+00       0.0000E+00       0.0000E+00       0.0000E+00
       2.8450E+00       0.0000E+00       0.0000E+00       6.2463E-06       1.2685E-05       1.5030E-08       0.0000E+00       2.9938E-07       0.0000E+00       0.0000E+00       0.0000E+00       0.0000E+00
       2.8550E+00       0.0000E+00       0.0000E+00       6.2461E-06       1.2686E-05       1.5162E-08       0.0000E+00       2.9720E-07       0.0000E+00       0.0000E+00       0.0000E+00       0.0000E+00
       2.8650E+00       0.0000E+00       0.0000E+00       6.2459E-06       1.2687E-05       1.5294E-08       0.0000E+00       2.9502E-07       0.0000E+00       0.0000E+00       0.0000E+00       0.0000E+00
       2.8750E+00       0.0000E+00       0.0000E+00       6.2456E-06       1.2689E-05       1.5427E-08       0.0000E+00       2.9286E-07       0.0000E+00       0.0000E+00       0.0000E+00       0.0000E+00
       2.8850E+00       0.0000E+00       0.0000E+00       6.2453E-06       1.2690E-05       1.5560E-08       0.0000E+00       2.9071E-07       0.0000E+00       0.0000E+00       0.0000E+00       0.0000E+00
       2.8950E+00       0.0000E+00       0.0000E+00       6.2449E-06       1.2691E-05       1.5694E-08       0.0000E+00       2.8856E-07       0.0000E+00       0.0000E+00       0.0000E+00       0.0000E+00
       2.9050E+00       0.0000E+00       0.0000E+00       6.2445E-06       1.2693E-05       1.5827E-08       0.0000E+00       2.8644E-07       0.0000E+00       0.0000E+00       0.0000E+00       0.0000E+00
       2.9150E+00       0.0000E+00       0.0000E+00       6.2441E-06       1.2694E-05       1.5960E-08       0.0000E+00       2.8434E-07       0.0000E+00       0.0000E+00       0.0000E+00       0.0000E+00
       2.9250E+00       0.0000E+00       0.0000E+00       6.2436E-06       1.2696E-05       1.6092E-08       0.0000E+00       2.8227E-07       0.0000E+00       0.0000E+00       0.0000E+00       0.0000E+00
       2.9350E+00       0.0000E+00       0.0000E+00       6.2431E-06       1.2697E-05       1.6222E-08       0.0000E+00       2.8024E-07       0.0000E+00       0.0000E+00       0.0000E+00       0.0000E+00
       2.9450E+00       0.0000E+00       0.0000E+00       6.2426E-06       1.2698E-05       1.6349E-08       0.0000E+00       2.7827E-07       0.0000E+00       0.0000E+00       0.0000E+00       0.0000E+00
       2.9550E+00       0.0000E+00       0.0000E+00       6.2421E-06       1.2700E-05       1.6470E-08       0.0000E+00       2.7640E-07       0.0000E+00       0.0000E+00       0.0000E+00       0.0000E+00
       2.9650E+00       0.0000E+00       0.0000E+00       6.2415E-06       1.2701E-05       1.6583E-08       0.0000E+00       2.7467E-07       0.0000E+00       0.0000E+00       0.0000E+00       0.0000E+00
       2.9750E+00       0.0000E+00       0.0000E+00       6.2411E-06       1.2702E-05       1.6683E-08       0.0000E+00       2.7314E-07       0.0000E+00       0.0000E+00       0.0000E+00       0.0000E+00
       2.9850E+00       0.0000E+00       0.0000E+00       6.2407E-06       1.2703E-05       1.6762E-08       0.0000E+00       2.7193E-07       0.0000E+00       0.0000E+00       0.0000E+00       0.0000E+00
       2.9950E+00       0.0000E+00       0.0000E+00       6.2405E-06       1.2704E-05       1.6810E-08       0.0000E+00       2.7120E-07       0.0000E+00       0.0000E+00       0.0000E+00       0.0000E+00
