# Time          2.5000E+01
# Units: Mol/g solid
    Distance           H+               CO2(aq)          Mg++             Ca++             K+               SiO2(aq)         Na+              Al+++            Cl-              NO3-             Tracer       
       5.0000E-03       0.0000E+00       0.0000E+00       3.8626E-11       8.1641E-11       2.9778E-13       0.0000E+00       3.9437E-12       0.0000E+00       0.0000E+00       0.0000E+00       0.0000E+00
       1.5000E-02       0.0000E+00       0.0000E+00       3.5758E-11       8.4517E-11       2.9693E-13       0.0000E+00       3.9289E-12       0.0000E+00       0.0000E+00       0.0000E+00       0.0000E+00
       2.5000E-02       0.0000E+00       0.0000E+00       3.2268E-11       8.8017E-11       2.9582E-13       0.0000E+00       3.9108E-12       0.0000E+00       0.0000E+00       0.0000E+00       0.0000E+00
       3.5000E-02       0.0000E+00       0.0000E+00       2.8420E-11       9.1875E-11       2.9455E-13       0.0000E+00       3.8907E-12       0.0000E+00       0.0000E+00       0.0000E+00       0.0000E+00
       4.5000E-02       0.0000E+00       0.0000E+00       2.4507E-11       9.5799E-11       2.9324E-13       0.0000E+00       3.8702E-12       0.0000E+00       0.0000E+00       0.0000E+00       0.0000E+00
       5.5000E-02       0.0000E+00       0.0000E+00       2.0781E-11       9.9535E-11       2.9200E-13       0.0000E+00       3.8506E-12       0.0000E+00       0.0000E+00       0.0000E+00       0.0000E+00
       6.5000E-02       0.0000E+00       0.0000E+00       1.7422E-11       1.0290E-10       2.9090E-13       0.0000E+00       3.8328E-12       0.0000E+00       0.0000E+00       0.0000E+00       0.0000E+00
       7.5000E-02       0.0000E+00       0.0000E+00       1.4525E-11       1.0581E-10       2.8998E-13       0.0000E+00       3.8174E-12       0.0000E+00       0.0000E+00       0.0000E+00       0.0000E+00
       8.5000E-02       0.0000E+00       0.0000E+00       1.2116E-11       1.0822E-10       2.8926E-13       0.0000E+00       3.8045E-12       0.0000E+00       0.0000E+00       0.0000E+00       0.0000E+00
       9.5000E-02       0.0000E+00       0.0000E+00       1.0166E-11       1.1018E-10       2.8872E-13       0.0000E+00       3.7941E-12       0.0000E+00       0.0000E+00       0.0000E+00       0.0000E+00
       1.0500E-01       0.0000E+00       0.0000E+00       8.6131E-12       1.1174E-10       2.8834E-13       0.0000E+00       3.7857E-12       0.0000E+00       0.0000E+00       0.0000E+00       0.0000E+00
       1.1500E-01       0.0000E+00       0.0000E+00       7.3851E-12       1.1297E-10       2.8809E-13       0.0000E+00       3.7791E-12       0.0000E+00       0.0000E+00       0.0000E+00       0.0000E+00
       1.2500E-01       0.0000E+00       0.0000E+00       6.4095E-12       1.1395E-10       2.8795E-13       0.0000E+00       3.7739E-12       0.0000E+00       0.0000E+00       0.0000E+00       0.0000E+00
       1.3500E-01       0.0000E+00       0.0000E+00       5.6236E-12       1.1474E-10       2.8788E-13       0.0000E+00       3.7696E-12       0.0000E+00       0.0000E+00       0.0000E+00       0.0000E+00
       1.4500E-01       0.0000E+00       0.0000E+00       4.9772E-12       1.1538E-10       2.8787E-13       0.0000E+00       3.7661E-12       0.0000E+00       0.0000E+00       0.0000E+00       0.0000E+00
       1.5500E-01       0.0000E+00       0.0000E+00       4.4334E-12       1.1593E-10       2.8789E-13       0.0000E+00       3.7632E-12       0.0000E+00       0.0000E+00       0.0000E+00       0.0000E+00
       1.6500E-01       0.0000E+00       0.0000E+00       3.9661E-12       1.1640E-10       2.8794E-13       0.0000E+00       3.7606E-12       0.0000E+00       0.0000E+00       0.0000E+00       0.0000E+00
       1.7500E-01       0.0000E+00       0.0000E+00       3.5576E-12       1.1681E-10       2.8801E-13       0.0000E+00       3.7584E-12       0.0000E+00       0.0000E+00       0.0000E+00       0.0000E+00
       1.8500E-01       0.0000E+00       0.0000E+00       3.1965E-12       1.1717E-10       2.8810E-13       0.0000E+00       3.7564E-12       0.0000E+00       0.0000E+00       0.0000E+00       0.0000E+00
       1.9500E-01       0.0000E+00       0.0000E+00       2.8755E-12       1.1749E-10       2.8819E-13       0.0000E+00       3.7547E-12       0.0000E+00       0.0000E+00       0.0000E+00       0.0000E+00
       2.0500E-01       0.0000E+00       0.0000E+00       2.5903E-12       1.1778E-10       2.8830E-13       0.0000E+00       3.7531E-12       0.0000E+00       0.0000E+00       0.0000E+00       0.0000E+00
       2.1500E-01       0.0000E+00       0.0000E+00       2.3392E-12       1.1803E-10       2.8841E-13       0.0000E+00       3.7517E-12       0.0000E+00       0.0000E+00       0.0000E+00       0.0000E+00
       2.2500E-01       0.0000E+00       0.0000E+00       2.1228E-12       1.1825E-10       2.8854E-13       0.0000E+00       3.7505E-12       0.0000E+00       0.0000E+00       0.0000E+00       0.0000E+00
       2.3500E-01       0.0000E+00       0.0000E+00       1.9448E-12       1.1842E-10       2.8869E-13       0.0000E+00       3.7495E-12       0.0000E+00       0.0000E+00       0.0000E+00       0.0000E+00
       2.4500E-01       0.0000E+00       0.0000E+00       1.8130E-12       1.1856E-10       2.8887E-13       0.0000E+00       3.7488E-12       0.0000E+00       0.0000E+00       0.0000E+00       0.0000E+00
       2.5500E-01       0.0000E+00       0.0000E+00       2.7164E-07       1.8502E-05       4.5087E-08       0.0000E+00       5.8461E-07       0.0000E+00       0.0000E+00       0.0000E+00       0.0000E+00
       2.6500E-01       0.0000E+00       0.0000E+00       2.6172E-07       1.8512E-05       4.5121E-08       0.0000E+00       5.8456E-07       0.0000E+00       0.0000E+00       0.0000E+00       0.0000E+00
       2.7500E-01       0.0000E+00       0.0000E+00       2.5312E-07       1.8520E-05       4.5155E-08       0.0000E+00       5.8451E-07       0.0000E+00       0.0000E+00       0.0000E+00       0.0000E+00
       2.8500E-01       0.0000E+00       0.0000E+00       2.4601E-07       1.8527E-05       4.5189E-08       0.0000E+00       5.8447E-07       0.0000E+00       0.0000E+00       0.0000E+00       0.0000E+00
       2.9500E-01       0.0000E+00       0.0000E+00       2.4054E-07       1.8533E-05       4.5224E-08       0.0000E+00       5.8443E-07       0.0000E+00       0.0000E+00       0.0000E+00       0.0000E+00
       3.0500E-01       0.0000E+00       0.0000E+00       2.3687E-07       1.8537E-05       4.5258E-08       0.0000E+00       5.8441E-07       0.0000E+00       0.0000E+00       0.0000E+00       0.0000E+00
       3.1500E-01       0.0000E+00       0.0000E+00       2.3514E-07       1.8538E-05       4.5294E-08       0.0000E+00       5.8440E-07       0.0000E+00       0.0000E+00       0.0000E+00       0.0000E+00
       3.2500E-01       0.0000E+00       0.0000E+00       2.3548E-07       1.8538E-05       4.5329E-08       0.0000E+00       5.8440E-07       0.0000E+00       0.0000E+00       0.0000E+00       0.0000E+00
       3.3500E-01       0.0000E+00       0.0000E+00       2.3800E-07       1.8535E-05       4.5365E-08       0.0000E+00       5.8441E-07       0.0000E+00       0.0000E+00       0.0000E+00       0.0000E+00
       3.4500E-01       0.0000E+00       0.0000E+00       2.4276E-07       1.8531E-05       4.5402E-08       0.0000E+00       5.8443E-07       0.0000E+00       0.0000E+00       0.0000E+00       0.0000E+00
       3.5500E-01       0.0000E+00       0.0000E+00       2.4980E-07       1.8524E-05       4.5438E-08       0.0000E+00       5.8446E-07       0.0000E+00       0.0000E+00       0.0000E+00       0.0000E+00
       3.6500E-01       0.0000E+00       0.0000E+00       2.5915E-07       1.8514E-05       4.5476E-08       0.0000E+00       5.8451E-07       0.0000E+00       0.0000E+00       0.0000E+00       0.0000E+00
       3.7500E-01       0.0000E+00       0.0000E+00       2.7077E-07       1.8503E-05       4.5513E-08       0.0000E+00       5.8456E-07       0.0000E+00       0.0000E+00       0.0000E+00       0.0000E+00
       3.8500E-01       0.0000E+00       0.0000E+00       2.8462E-07       1.8489E-05       4.5551E-08       0.0000E+00       5.8463E-07       0.0000E+00       0.0000E+00       0.0000E+00       0.0000E+00
       3.9500E-01       0.0000E+00       0.0000E+00       3.0063E-07       1.8473E-05       4.5589E-08       0.0000E+00       5.8471E-07       0.0000E+00       0.0000E+00       0.0000E+00       0.0000E+00
       4.0500E-01       0.0000E+00       0.0000E+00       3.1871E-07       1.8454E-05       4.5627E-08       0.0000E+00       5.8481E-07       0.0000E+00       0.0000E+00       0.0000E+00       0.0000E+00
       4.1500E-01       0.0000E+00       0.0000E+00       3.3877E-07       1.8434E-05       4.5665E-08       0.0000E+00       5.8491E-07       0.0000E+00       0.0000E+00       0.0000E+00       0.0000E+00
       4.2500E-01       0.0000E+00       0.0000E+00       3.6069E-07       1.8412E-05       4.5703E-08       0.0000E+00       5.8502E-07       0.0000E+00       0.0000E+00       0.0000E+00       0.0000E+00
       4.3500E-01       0.0000E+00       0.0000E+00       3.8438E-07       1.8389E-05       4.5740E-08       0.0000E+00       5.8514E-07       0.0000E+00       0.0000E+00       0.0000E+00       0.0000E+00
       4.4500E-01       0.0000E+00       0.0000E+00       4.0972E-07       1.8363E-05       4.5778E-08       0.0000E+00       5.8527E-07       0.0000E+00       0.0000E+00       0.0000E+00       0.0000E+00
       4.5500E-01       0.0000E+00       0.0000E+00       4.3662E-07       1.8336E-05       4.5815E-08       0.0000E+00       5.8540E-07       0.0000E+00       0.0000E+00       0.0000E+00       0.0000E+00
       4.6500E-01       0.0000E+00       0.0000E+00       4.6500E-07       1.8308E-05       4.5852E-08       0.0000E+00       5.8555E-07       0.0000E+00       0.0000E+00       0.0000E+00       0.0000E+00
       4.7500E-01       0.0000E+00       0.0000E+00       4.9477E-07       1.8278E-05       4.5888E-08       0.0000E+00       5.8570E-07       0.0000E+00       0.0000E+00       0.0000E+00       0.0000E+00
       4.8500E-01       0.0000E+00       0.0000E+00       5.2587E-07       1.8247E-05       4.5924E-08       0.0000E+00       5.8586E-07       0.0000E+00       0.0000E+00       0.0000E+00       0.0000E+00
       4.9500E-01       0.0000E+00       0.0000E+00       5.5824E-07       1.8214E-05       4.5958E-08       0.0000E+00       5.8602E-07       0.0000E+00       0.0000E+00       0.0000E+00       0.0000E+00
       5.0500E-01       0.0000E+00       0.0000E+00       5.9181E-07       1.8180E-05       4.5993E-08       0.0000E+00       5.8619E-07       0.0000E+00       0.0000E+00       0.0000E+00       0.0000E+00
       5.1500E-01       0.0000E+00       0.0000E+00       6.2657E-07       1.8146E-05       4.6026E-08       0.0000E+00       5.8637E-07       0.0000E+00       0.0000E+00       0.0000E+00       0.0000E+00
       5.2500E-01       0.0000E+00       0.0000E+00       6.6246E-07       1.8110E-05       4.6058E-08       0.0000E+00       5.8655E-07       0.0000E+00       0.0000E+00       0.0000E+00       0.0000E+00
       5.3500E-01       0.0000E+00       0.0000E+00       6.9947E-07       1.8073E-05       4.6089E-08       0.0000E+00       5.8673E-07       0.0000E+00       0.0000E+00       0.0000E+00       0.0000E+00
       5.4500E-01       0.0000E+00       0.0000E+00       7.3756E-07       1.8034E-05       4.6119E-08       0.0000E+00       5.8692E-07       0.0000E+00       0.0000E+00       0.0000E+00       0.0000E+00
       5.5500E-01       0.0000E+00       0.0000E+00       7.7671E-07       1.7995E-05       4.6148E-08       0.0000E+00       5.8712E-07       0.0000E+00       0.0000E+00       0.0000E+00       0.0000E+00
       5.6500E-01       0.0000E+00       0.0000E+00       8.1691E-07       1.7955E-05       4.6175E-08       0.0000E+00       5.8732E-07       0.0000E+00       0.0000E+00       0.0000E+00       0.0000E+00
       5.7500E-01       0.0000E+00       0.0000E+00       8.5814E-07       1.7913E-05       4.6201E-08       0.0000E+00       5.8752E-07       0.0000E+00       0.0000E+00       0.0000E+00       0.0000E+00
       5.8500E-01       0.0000E+00       0.0000E+00       9.0037E-07       1.7871E-05       4.6225E-08       0.0000E+00       5.8773E-07       0.0000E+00       0.0000E+00       0.0000E+00       0.0000E+00
       5.9500E-01       0.0000E+00       0.0000E+00       9.4360E-07       1.7828E-05       4.6248E-08       0.0000E+00       5.8795E-07       0.0000E+00       0.0000E+00       0.0000E+00       0.0000E+00
       6.0500E-01       0.0000E+00       0.0000E+00       9.8782E-07       1.7783E-05       4.6269E-08       0.0000E+00       5.8817E-07       0.0000E+00       0.0000E+00       0.0000E+00       0.0000E+00
       6.1500E-01       0.0000E+00       0.0000E+00       1.0330E-06       1.7738E-05       4.6289E-08       0.0000E+00       5.8839E-07       0.0000E+00       0.0000E+00       0.0000E+00       0.0000E+00
       6.2500E-01       0.0000E+00       0.0000E+00       1.0791E-06       1.7692E-05       4.6306E-08       0.0000E+00       5.8861E-07       0.0000E+00       0.0000E+00       0.0000E+00       0.0000E+00
       6.3500E-01       0.0000E+00       0.0000E+00       1.1261E-06       1.7645E-05       4.6321E-08       0.0000E+00       5.8884E-07       0.0000E+00       0.0000E+00       0.0000E+00       0.0000E+00
       6.4500E-01       0.0000E+00       0.0000E+00       1.1741E-06       1.7597E-05       4.6334E-08       0.0000E+00       5.8908E-07       0.0000E+00       0.0000E+00       0.0000E+00       0.0000E+00
       6.5500E-01       0.0000E+00       0.0000E+00       1.2229E-06       1.7548E-05       4.6345E-08       0.0000E+00       5.8931E-07       0.0000E+00       0.0000E+00       0.0000E+00       0.0000E+00
       6.6500E-01       0.0000E+00       0.0000E+00       1.2726E-06       1.7498E-05       4.6353E-08       0.0000E+00       5.8955E-07       0.0000E+00       0.0000E+00       0.0000E+00       0.0000E+00
       6.7500E-01       0.0000E+00       0.0000E+00       1.3231E-06       1.7447E-05       4.6359E-08       0.0000E+00       5.8979E-07       0.0000E+00       0.0000E+00       0.0000E+00       0.0000E+00
       6.8500E-01       0.0000E+00       0.0000E+00       1.3745E-06       1.7396E-05       4.6362E-08       0.0000E+00       5.9004E-07       0.0000E+00       0.0000E+00       0.0000E+00       0.0000E+00
       6.9500E-01       0.0000E+00       0.0000E+00       1.4266E-06       1.7343E-05       4.6362E-08       0.0000E+00       5.9029E-07       0.0000E+00       0.0000E+00       0.0000E+00       0.0000E+00
       7.0500E-01       0.0000E+00       0.0000E+00       1.4795E-06       1.7290E-05       4.6359E-08       0.0000E+00       5.9054E-07       0.0000E+00       0.0000E+00       0.0000E+00       0.0000E+00
       7.1500E-01       0.0000E+00       0.0000E+00       1.5331E-06       1.7237E-05       4.6354E-08       0.0000E+00       5.9079E-07       0.0000E+00       0.0000E+00       0.0000E+00       0.0000E+00
       7.2500E-01       0.0000E+00       0.0000E+00       1.5874E-06       1.7182E-05       4.6345E-08       0.0000E+00       5.9104E-07       0.0000E+00       0.0000E+00       0.0000E+00       0.0000E+00
       7.3500E-01       0.0000E+00       0.0000E+00       1.6424E-06       1.7127E-05       4.6332E-08       0.0000E+00       5.9130E-07       0.0000E+00       0.0000E+00       0.0000E+00       0.0000E+00
       7.4500E-01       0.0000E+00       0.0000E+00       1.6980E-06       1.7071E-05       4.6316E-08       0.0000E+00       5.9156E-07       0.0000E+00       0.0000E+00       0.0000E+00       0.0000E+00
       7.5500E-01       0.0000E+00       0.0000E+00       1.7542E-06       1.7015E-05       4.6297E-08       0.0000E+00       5.9182E-07       0.0000E+00       0.0000E+00       0.0000E+00       0.0000E+00
       7.6500E-01       0.0000E+00       0.0000E+00       1.8110E-06       1.6958E-05       4.6273E-08       0.0000E+00       5.9208E-07       0.0000E+00       0.0000E+00       0.0000E+00       0.0000E+00
       7.7500E-01       0.0000E+00       0.0000E+00       1.8683E-06       1.6901E-05       4.6246E-08       0.0000E+00       5.9234E-07       0.0000E+00       0.0000E+00       0.0000E+00       0.0000E+00
       7.8500E-01       0.0000E+00       0.0000E+00       1.9262E-06       1.6843E-05       4.6214E-08       0.0000E+00       5.9260E-07       0.0000E+00       0.0000E+00       0.0000E+00       0.0000E+00
       7.9500E-01       0.0000E+00       0.0000E+00       1.9844E-06       1.6784E-05       4.6178E-08       0.0000E+00       5.9286E-07       0.0000E+00       0.0000E+00       0.0000E+00       0.0000E+00
       8.0500E-01       0.0000E+00       0.0000E+00       2.0432E-06       1.6726E-05       4.6138E-08       0.0000E+00       5.9312E-07       0.0000E+00       0.0000E+00       0.0000E+00       0.0000E+00
       8.1500E-01       0.0000E+00       0.0000E+00       2.1022E-06       1.6666E-05       4.6093E-08       0.0000E+00       5.9338E-07       0.0000E+00       0.0000E+00       0.0000E+00       0.0000E+00
       8.2500E-01       0.0000E+00       0.0000E+00       2.1617E-06       1.6607E-05       4.6043E-08       0.0000E+00       5.9364E-07       0.0000E+00       0.0000E+00       0.0000E+00       0.0000E+00
       8.3500E-01       0.0000E+00       0.0000E+00       2.2214E-06       1.6547E-05       4.5988E-08       0.0000E+00       5.9389E-07       0.0000E+00       0.0000E+00       0.0000E+00       0.0000E+00
       8.4500E-01       0.0000E+00       0.0000E+00       2.2814E-06       1.6487E-05       4.5928E-08       0.0000E+00       5.9415E-07       0.0000E+00       0.0000E+00       0.0000E+00       0.0000E+00
       8.5500E-01       0.0000E+00       0.0000E+00       2.3417E-06       1.6427E-05       4.5863E-08       0.0000E+00       5.9441E-07       0.0000E+00       0.0000E+00       0.0000E+00       0.0000E+00
       8.6500E-01       0.0000E+00       0.0000E+00       2.4021E-06       1.6366E-05       4.5793E-08       0.0000E+00       5.9466E-07       0.0000E+00       0.0000E+00       0.0000E+00       0.0000E+00
       8.7500E-01       0.0000E+00       0.0000E+00       2.4626E-06       1.6305E-05       4.5717E-08       0.0000E+00       5.9491E-07       0.0000E+00       0.0000E+00       0.0000E+00       0.0000E+00
       8.8500E-01       0.0000E+00       0.0000E+00       2.5233E-06       1.6245E-05       4.5635E-08       0.0000E+00       5.9516E-07       0.0000E+00       0.0000E+00       0.0000E+00       0.0000E+00
       8.9500E-01       0.0000E+00       0.0000E+00       2.5841E-06       1.6184E-05       4.5548E-08       0.0000E+00       5.9540E-07       0.0000E+00       0.0000E+00       0.0000E+00       0.0000E+00
       9.0500E-01       0.0000E+00       0.0000E+00       2.6448E-06       1.6123E-05       4.5454E-08       0.0000E+00       5.9565E-07       0.0000E+00       0.0000E+00       0.0000E+00       0.0000E+00
       9.1500E-01       0.0000E+00       0.0000E+00       2.7056E-06       1.6062E-05       4.5355E-08       0.0000E+00       5.9589E-07       0.0000E+00       0.0000E+00       0.0000E+00       0.0000E+00
       9.2500E-01       0.0000E+00       0.0000E+00       2.7663E-06       1.6001E-05       4.5249E-08       0.0000E+00       5.9612E-07       0.0000E+00       0.0000E+00       0.0000E+00       0.0000E+00
       9.3500E-01       0.0000E+00       0.0000E+00       2.8270E-06       1.5941E-05       4.5136E-08       0.0000E+00       5.9635E-07       0.0000E+00       0.0000E+00       0.0000E+00       0.0000E+00
       9.4500E-01       0.0000E+00       0.0000E+00       2.8875E-06       1.5880E-05       4.5018E-08       0.0000E+00       5.9658E-07       0.0000E+00       0.0000E+00       0.0000E+00       0.0000E+00
       9.5500E-01       0.0000E+00       0.0000E+00       2.9478E-06       1.5820E-05       4.4892E-08       0.0000E+00       5.9680E-07       0.0000E+00       0.0000E+00       0.0000E+00       0.0000E+00
       9.6500E-01       0.0000E+00       0.0000E+00       3.0080E-06       1.5760E-05       4.4760E-08       0.0000E+00       5.9702E-07       0.0000E+00       0.0000E+00       0.0000E+00       0.0000E+00
       9.7500E-01       0.0000E+00       0.0000E+00       3.0679E-06       1.5700E-05       4.4621E-08       0.0000E+00       5.9723E-07       0.0000E+00       0.0000E+00       0.0000E+00       0.0000E+00
       9.8500E-01       0.0000E+00       0.0000E+00       3.1276E-06       1.5640E-05       4.4475E-08       0.0000E+00       5.9744E-07       0.0000E+00       0.0000E+00       0.0000E+00       0.0000E+00
       9.9500E-01       0.0000E+00       0.0000E+00       3.1869E-06       1.5580E-05       4.4322E-08       0.0000E+00       5.9765E-07       0.0000E+00       0.0000E+00       0.0000E+00       0.0000E+00
       1.0050E+00       0.0000E+00       0.0000E+00       3.2460E-06       1.5521E-05       4.4162E-08       0.0000E+00       5.9784E-07       0.0000E+00       0.0000E+00       0.0000E+00       0.0000E+00
       1.0150E+00       0.0000E+00       0.0000E+00       3.3046E-06       1.5463E-05       4.3995E-08       0.0000E+00       5.9803E-07       0.0000E+00       0.0000E+00       0.0000E+00       0.0000E+00
       1.0250E+00       0.0000E+00       0.0000E+00       3.3629E-06       1.5404E-05       4.3821E-08       0.0000E+00       5.9822E-07       0.0000E+00       0.0000E+00       0.0000E+00       0.0000E+00
       1.0350E+00       0.0000E+00       0.0000E+00       3.4208E-06       1.5347E-05       4.3639E-08       0.0000E+00       5.9840E-07       0.0000E+00       0.0000E+00       0.0000E+00       0.0000E+00
       1.0450E+00       0.0000E+00       0.0000E+00       3.4782E-06       1.5289E-05       4.3450E-08       0.0000E+00       5.9857E-07       0.0000E+00       0.0000E+00       0.0000E+00       0.0000E+00
       1.0550E+00       0.0000E+00       0.0000E+00       3.5352E-06       1.5232E-05       4.3254E-08       0.0000E+00       5.9874E-07       0.0000E+00       0.0000E+00       0.0000E+00       0.0000E+00
       1.0650E+00       0.0000E+00       0.0000E+00       3.5916E-06       1.5176E-05       4.3050E-08       0.0000E+00       5.9889E-07       0.0000E+00       0.0000E+00       0.0000E+00       0.0000E+00
       1.0750E+00       0.0000E+00       0.0000E+00       3.6475E-06       1.5120E-05       4.2839E-08       0.0000E+00       5.9904E-07       0.0000E+00       0.0000E+00       0.0000E+00       0.0000E+00
       1.0850E+00       0.0000E+00       0.0000E+00       3.7029E-06       1.5065E-05       4.2620E-08       0.0000E+00       5.9919E-07       0.0000E+00       0.0000E+00       0.0000E+00       0.0000E+00
       1.0950E+00       0.0000E+00       0.0000E+00       3.7577E-06       1.5010E-05       4.2394E-08       0.0000E+00       5.9933E-07       0.0000E+00       0.0000E+00       0.0000E+00       0.0000E+00
       1.1050E+00       0.0000E+00       0.0000E+00       3.8119E-06       1.4956E-05       4.2160E-08       0.0000E+00       5.9945E-07       0.0000E+00       0.0000E+00       0.0000E+00       0.0000E+00
       1.1150E+00       0.0000E+00       0.0000E+00       3.8656E-06       1.4902E-05       4.1920E-08       0.0000E+00       5.9958E-07       0.0000E+00       0.0000E+00       0.0000E+00       0.0000E+00
       1.1250E+00       0.0000E+00       0.0000E+00       3.9185E-06       1.4849E-05       4.1671E-08       0.0000E+00       5.9969E-07       0.0000E+00       0.0000E+00       0.0000E+00       0.0000E+00
       1.1350E+00       0.0000E+00       0.0000E+00       3.9709E-06       1.4797E-05       4.1416E-08       0.0000E+00       5.9980E-07       0.0000E+00       0.0000E+00       0.0000E+00       0.0000E+00
       1.1450E+00       0.0000E+00       0.0000E+00       4.0226E-06       1.4745E-05       4.1153E-08       0.0000E+00       5.9989E-07       0.0000E+00       0.0000E+00       0.0000E+00       0.0000E+00
       1.1550E+00       0.0000E+00       0.0000E+00       4.0736E-06       1.4694E-05       4.0884E-08       0.0000E+00       5.9998E-07       0.0000E+00       0.0000E+00       0.0000E+00       0.0000E+00
       1.1650E+00       0.0000E+00       0.0000E+00       4.1239E-06       1.4644E-05       4.0607E-08       0.0000E+00       6.0006E-07       0.0000E+00       0.0000E+00       0.0000E+00       0.0000E+00
       1.1750E+00       0.0000E+00       0.0000E+00       4.1735E-06       1.4595E-05       4.0323E-08       0.0000E+00       6.0014E-07       0.0000E+00       0.0000E+00       0.0000E+00       0.0000E+00
       1.1850E+00       0.0000E+00       0.0000E+00       4.2224E-06       1.4546E-05       4.0032E-08       0.0000E+00       6.0020E-07       0.0000E+00       0.0000E+00       0.0000E+00       0.0000E+00
       1.1950E+00       0.0000E+00       0.0000E+00       4.2706E-06       1.4498E-05       3.9735E-08       0.0000E+00       6.0026E-07       0.0000E+00       0.0000E+00       0.0000E+00       0.0000E+00
       1.2050E+00       0.0000E+00       0.0000E+00       4.3180E-06       1.4450E-05       3.9431E-08       0.0000E+00       6.0030E-07       0.0000E+00       0.0000E+00       0.0000E+00       0.0000E+00
       1.2150E+00       0.0000E+00       0.0000E+00       4.3647E-06       1.4404E-05       3.9120E-08       0.0000E+00       6.0034E-07       0.0000E+00       0.0000E+00       0.0000E+00       0.0000E+00
       1.2250E+00       0.0000E+00       0.0000E+00       4.4107E-06       1.4358E-05       3.8804E-08       0.0000E+00       6.0037E-07       0.0000E+00       0.0000E+00       0.0000E+00       0.0000E+00
       1.2350E+00       0.0000E+00       0.0000E+00       4.4559E-06       1.4313E-05       3.8481E-08       0.0000E+00       6.0039E-07       0.0000E+00       0.0000E+00       0.0000E+00       0.0000E+00
       1.2450E+00       0.0000E+00       0.0000E+00       4.5004E-06       1.4269E-05       3.8152E-08       0.0000E+00       6.0040E-07       0.0000E+00       0.0000E+00       0.0000E+00       0.0000E+00
       1.2550E+00       0.0000E+00       0.0000E+00       4.5441E-06       1.4225E-05       3.7817E-08       0.0000E+00       6.0041E-07       0.0000E+00       0.0000E+00       0.0000E+00       0.0000E+00
       1.2650E+00       0.0000E+00       0.0000E+00       4.5871E-06       1.4182E-05       3.7477E-08       0.0000E+00       6.0040E-07       0.0000E+00       0.0000E+00       0.0000E+00       0.0000E+00
       1.2750E+00       0.0000E+00       0.0000E+00       4.6293E-06       1.4140E-05       3.7132E-08       0.0000E+00       6.0038E-07       0.0000E+00       0.0000E+00       0.0000E+00       0.0000E+00
       1.2850E+00       0.0000E+00       0.0000E+00       4.6707E-06       1.4099E-05       3.6781E-08       0.0000E+00       6.0036E-07       0.0000E+00       0.0000E+00       0.0000E+00       0.0000E+00
       1.2950E+00       0.0000E+00       0.0000E+00       4.7114E-06       1.4059E-05       3.6425E-08       0.0000E+00       6.0033E-07       0.0000E+00       0.0000E+00       0.0000E+00       0.0000E+00
       1.3050E+00       0.0000E+00       0.0000E+00       4.7513E-06       1.4019E-05       3.6065E-08       0.0000E+00       6.0029E-07       0.0000E+00       0.0000E+00       0.0000E+00       0.0000E+00
       1.3150E+00       0.0000E+00       0.0000E+00       4.7904E-06       1.3980E-05       3.5700E-08       0.0000E+00       6.0024E-07       0.0000E+00       0.0000E+00       0.0000E+00       0.0000E+00
       1.3250E+00       0.0000E+00       0.0000E+00       4.8288E-06       1.3942E-05       3.5330E-08       0.0000E+00       6.0018E-07       0.0000E+00       0.0000E+00       0.0000E+00       0.0000E+00
       1.3350E+00       0.0000E+00       0.0000E+00       4.8664E-06       1.3904E-05       3.4957E-08       0.0000E+00       6.0011E-07       0.0000E+00       0.0000E+00       0.0000E+00       0.0000E+00
       1.3450E+00       0.0000E+00       0.0000E+00       4.9033E-06       1.3868E-05       3.4580E-08       0.0000E+00       6.0003E-07       0.0000E+00       0.0000E+00       0.0000E+00       0.0000E+00
       1.3550E+00       0.0000E+00       0.0000E+00       4.9395E-06       1.3832E-05       3.4200E-08       0.0000E+00       5.9994E-07       0.0000E+00       0.0000E+00       0.0000E+00       0.0000E+00
       1.3650E+00       0.0000E+00       0.0000E+00       4.9749E-06       1.3797E-05       3.3816E-08       0.0000E+00       5.9985E-07       0.0000E+00       0.0000E+00       0.0000E+00       0.0000E+00
       1.3750E+00       0.0000E+00       0.0000E+00       5.0095E-06       1.3762E-05       3.3429E-08       0.0000E+00       5.9974E-07       0.0000E+00       0.0000E+00       0.0000E+00       0.0000E+00
       1.3850E+00       0.0000E+00       0.0000E+00       5.0434E-06       1.3729E-05       3.3040E-08       0.0000E+00       5.9963E-07       0.0000E+00       0.0000E+00       0.0000E+00       0.0000E+00
       1.3950E+00       0.0000E+00       0.0000E+00       5.0766E-06       1.3696E-05       3.2648E-08       0.0000E+00       5.9950E-07       0.0000E+00       0.0000E+00       0.0000E+00       0.0000E+00
       1.4050E+00       0.0000E+00       0.0000E+00       5.1091E-06       1.3663E-05       3.2254E-08       0.0000E+00       5.9937E-07       0.0000E+00       0.0000E+00       0.0000E+00       0.0000E+00
       1.4150E+00       0.0000E+00       0.0000E+00       5.1409E-06       1.3632E-05       3.1858E-08       0.0000E+00       5.9923E-07       0.0000E+00       0.0000E+00       0.0000E+00       0.0000E+00
       1.4250E+00       0.0000E+00       0.0000E+00       5.1720E-06       1.3601E-05       3.1461E-08       0.0000E+00       5.9908E-07       0.0000E+00       0.0000E+00       0.0000E+00       0.0000E+00
       1.4350E+00       0.0000E+00       0.0000E+00       5.2023E-06       1.3571E-05       3.1062E-08       0.0000E+00       5.9892E-07       0.0000E+00       0.0000E+00       0.0000E+00       0.0000E+00
       1.4450E+00       0.0000E+00       0.0000E+00       5.2320E-06       1.3542E-05       3.0663E-08       0.0000E+00       5.9875E-07       0.0000E+00       0.0000E+00       0.0000E+00       0.0000E+00
       1.4550E+00       0.0000E+00       0.0000E+00       5.2610E-06       1.3513E-05       3.0262E-08       0.0000E+00       5.9858E-07       0.0000E+00       0.0000E+00       0.0000E+00       0.0000E+00
       1.4650E+00       0.0000E+00       0.0000E+00       5.2893E-06       1.3485E-05       2.9861E-08       0.0000E+00       5.9839E-07       0.0000E+00       0.0000E+00       0.0000E+00       0.0000E+00
       1.4750E+00       0.0000E+00       0.0000E+00       5.3170E-06       1.3458E-05       2.9460E-08       0.0000E+00       5.9820E-07       0.0000E+00       0.0000E+00       0.0000E+00       0.0000E+00
       1.4850E+00       0.0000E+00       0.0000E+00       5.3439E-06       1.3431E-05       2.9059E-08       0.0000E+00       5.9799E-07       0.0000E+00       0.0000E+00       0.0000E+00       0.0000E+00
       1.4950E+00       0.0000E+00       0.0000E+00       5.3703E-06       1.3405E-05       2.8659E-08       0.0000E+00       5.9778E-07       0.0000E+00       0.0000E+00       0.0000E+00       0.0000E+00
       1.5050E+00       0.0000E+00       0.0000E+00       5.3960E-06       1.3379E-05       2.8259E-08       0.0000E+00       5.9756E-07       0.0000E+00       0.0000E+00       0.0000E+00       0.0000E+00
       1.5150E+00       0.0000E+00       0.0000E+00       5.4211E-06       1.3355E-05       2.7860E-08       0.0000E+00       5.9732E-07       0.0000E+00       0.0000E+00       0.0000E+00       0.0000E+00
       1.5250E+00       0.0000E+00       0.0000E+00       5.4455E-06       1.3331E-05       2.7462E-08       0.0000E+00       5.9708E-07       0.0000E+00       0.0000E+00       0.0000E+00       0.0000E+00
       1.5350E+00       0.0000E+00       0.0000E+00       5.4694E-06       1.3307E-05       2.7066E-08       0.0000E+00       5.9683E-07       0.0000E+00       0.0000E+00       0.0000E+00       0.0000E+00
       1.5450E+00       0.0000E+00       0.0000E+00       5.4926E-06       1.3284E-05       2.6671E-08       0.0000E+00       5.9657E-07       0.0000E+00       0.0000E+00       0.0000E+00       0.0000E+00
       1.5550E+00       0.0000E+00       0.0000E+00       5.5152E-06       1.3262E-05       2.6278E-08       0.0000E+00       5.9630E-07       0.0000E+00       0.0000E+00       0.0000E+00       0.0000E+00
       1.5650E+00       0.0000E+00       0.0000E+00       5.5373E-06       1.3240E-05       2.5888E-08       0.0000E+00       5.9603E-07       0.0000E+00       0.0000E+00       0.0000E+00       0.0000E+00
       1.5750E+00       0.0000E+00       0.0000E+00       5.5588E-06       1.3219E-05       2.5500E-08       0.0000E+00       5.9574E-07       0.0000E+00       0.0000E+00       0.0000E+00       0.0000E+00
       1.5850E+00       0.0000E+00       0.0000E+00       5.5797E-06       1.3198E-05       2.5114E-08       0.0000E+00       5.9544E-07       0.0000E+00       0.0000E+00       0.0000E+00       0.0000E+00
       1.5950E+00       0.0000E+00       0.0000E+00       5.6001E-06       1.3178E-05       2.4732E-08       0.0000E+00       5.9513E-07       0.0000E+00       0.0000E+00       0.0000E+00       0.0000E+00
       1.6050E+00       0.0000E+00       0.0000E+00       5.6200E-06       1.3159E-05       2.4352E-08       0.0000E+00       5.9482E-07       0.0000E+00       0.0000E+00       0.0000E+00       0.0000E+00
       1.6150E+00       0.0000E+00       0.0000E+00       5.6393E-06       1.3140E-05       2.3976E-08       0.0000E+00       5.9449E-07       0.0000E+00       0.0000E+00       0.0000E+00       0.0000E+00
       1.6250E+00       0.0000E+00       0.0000E+00       5.6581E-06       1.3121E-05       2.3604E-08       0.0000E+00       5.9416E-07       0.0000E+00       0.0000E+00       0.0000E+00       0.0000E+00
       1.6350E+00       0.0000E+00       0.0000E+00       5.6764E-06       1.3103E-05       2.3235E-08       0.0000E+00       5.9381E-07       0.0000E+00       0.0000E+00       0.0000E+00       0.0000E+00
       1.6450E+00       0.0000E+00       0.0000E+00       5.6942E-06       1.3086E-05       2.2870E-08       0.0000E+00       5.9346E-07       0.0000E+00       0.0000E+00       0.0000E+00       0.0000E+00
       1.6550E+00       0.0000E+00       0.0000E+00       5.7114E-06       1.3069E-05       2.2510E-08       0.0000E+00       5.9309E-07       0.0000E+00       0.0000E+00       0.0000E+00       0.0000E+00
       1.6650E+00       0.0000E+00       0.0000E+00       5.7283E-06       1.3053E-05       2.2153E-08       0.0000E+00       5.9271E-07       0.0000E+00       0.0000E+00       0.0000E+00       0.0000E+00
       1.6750E+00       0.0000E+00       0.0000E+00       5.7446E-06       1.3037E-05       2.1801E-08       0.0000E+00       5.9233E-07       0.0000E+00       0.0000E+00       0.0000E+00       0.0000E+00
       1.6850E+00       0.0000E+00       0.0000E+00       5.7605E-06       1.3021E-05       2.1454E-08       0.0000E+00       5.9193E-07       0.0000E+00       0.0000E+00       0.0000E+00       0.0000E+00
       1.6950E+00       0.0000E+00       0.0000E+00       5.7759E-06       1.3006E-05       2.1111E-08       0.0000E+00       5.9153E-07       0.0000E+00       0.0000E+00       0.0000E+00       0.0000E+00
       1.7050E+00       0.0000E+00       0.0000E+00       5.7909E-06       1.2992E-05       2.0774E-08       0.0000E+00       5.9111E-07       0.0000E+00       0.0000E+00       0.0000E+00       0.0000E+00
       1.7150E+00       0.0000E+00       0.0000E+00       5.8054E-06       1.2977E-05       2.0441E-08       0.0000E+00       5.9068E-07       0.0000E+00       0.0000E+00       0.0000E+00       0.0000E+00
       1.7250E+00       0.0000E+00       0.0000E+00       5.8195E-06       1.2964E-05       2.0113E-08       0.0000E+00       5.9025E-07       0.0000E+00       0.0000E+00       0.0000E+00       0.0000E+00
       1.7350E+00       0.0000E+00       0.0000E+00       5.8332E-06       1.2950E-05       1.9791E-08       0.0000E+00       5.8980E-07       0.0000E+00       0.0000E+00       0.0000E+00       0.0000E+00
       1.7450E+00       0.0000E+00       0.0000E+00       5.8465E-06       1.2937E-05       1.9474E-08       0.0000E+00       5.8934E-07       0.0000E+00       0.0000E+00       0.0000E+00       0.0000E+00
       1.7550E+00       0.0000E+00       0.0000E+00       5.8594E-06       1.2925E-05       1.9163E-08       0.0000E+00       5.8887E-07       0.0000E+00       0.0000E+00       0.0000E+00       0.0000E+00
       1.7650E+00       0.0000E+00       0.0000E+00       5.8719E-06       1.2913E-05       1.8857E-08       0.0000E+00       5.8839E-07       0.0000E+00       0.0000E+00       0.0000E+00       0.0000E+00
       1.7750E+00       0.0000E+00       0.0000E+00       5.8840E-06       1.2901E-05       1.8557E-08       0.0000E+00       5.8789E-07       0.0000E+00       0.0000E+00       0.0000E+00       0.0000E+00
       1.7850E+00       0.0000E+00       0.0000E+00       5.8958E-06       1.2890E-05       1.8262E-08       0.0000E+00       5.8739E-07       0.0000E+00       0.0000E+00       0.0000E+00       0.0000E+00
       1.7950E+00       0.0000E+00       0.0000E+00       5.9072E-06       1.2879E-05       1.7974E-08       0.0000E+00       5.8687E-07       0.0000E+00       0.0000E+00       0.0000E+00       0.0000E+00
       1.8050E+00       0.0000E+00       0.0000E+00       5.9182E-06       1.2868E-05       1.7691E-08       0.0000E+00       5.8634E-07       0.0000E+00       0.0000E+00       0.0000E+00       0.0000E+00
       1.8150E+00       0.0000E+00       0.0000E+00       5.9289E-06       1.2858E-05       1.7414E-08       0.0000E+00       5.8581E-07       0.0000E+00       0.0000E+00       0.0000E+00       0.0000E+00
       1.8250E+00       0.0000E+00       0.0000E+00       5.9392E-06       1.2848E-05       1.7143E-08       0.0000E+00       5.8525E-07       0.0000E+00       0.0000E+00       0.0000E+00       0.0000E+00
       1.8350E+00       0.0000E+00       0.0000E+00       5.9493E-06       1.2838E-05       1.6877E-08       0.0000E+00       5.8469E-07       0.0000E+00       0.0000E+00       0.0000E+00       0.0000E+00
       1.8450E+00       0.0000E+00       0.0000E+00       5.9590E-06       1.2829E-05       1.6618E-08       0.0000E+00       5.8412E-07       0.0000E+00       0.0000E+00       0.0000E+00       0.0000E+00
       1.8550E+00       0.0000E+00       0.0000E+00       5.9683E-06       1.2820E-05       1.6365E-08       0.0000E+00       5.8353E-07       0.0000E+00       0.0000E+00       0.0000E+00       0.0000E+00
       1.8650E+00       0.0000E+00       0.0000E+00       5.9774E-06       1.2811E-05       1.6118E-08       0.0000E+00       5.8293E-07       0.0000E+00       0.0000E+00       0.0000E+00       0.0000E+00
       1.8750E+00       0.0000E+00       0.0000E+00       5.9862E-06       1.2803E-05       1.5877E-08       0.0000E+00       5.8232E-07       0.0000E+00       0.0000E+00       0.0000E+00       0.0000E+00
       1.8850E+00       0.0000E+00       0.0000E+00       5.9947E-06       1.2795E-05       1.5642E-08       0.0000E+00       5.8169E-07       0.0000E+00       0.0000E+00       0.0000E+00       0.0000E+00
       1.8950E+00       0.0000E+00       0.0000E+00       6.0030E-06       1.2787E-05       1.5412E-08       0.0000E+00       5.8106E-07       0.0000E+00       0.0000E+00       0.0000E+00       0.0000E+00
       1.9050E+00       0.0000E+00       0.0000E+00       6.0109E-06       1.2780E-05       1.5189E-08       0.0000E+00       5.8041E-07       0.0000E+00       0.0000E+00       0.0000E+00       0.0000E+00
       1.9150E+00       0.0000E+00       0.0000E+00       6.0186E-06       1.2772E-05       1.4972E-08       0.0000E+00       5.7974E-07       0.0000E+00       0.0000E+00       0.0000E+00       0.0000E+00
       1.9250E+00       0.0000E+00       0.0000E+00       6.0260E-06       1.2765E-05       1.4761E-08       0.0000E+00       5.7907E-07       0.0000E+00       0.0000E+00       0.0000E+00       0.0000E+00
       1.9350E+00       0.0000E+00       0.0000E+00       6.0332E-06       1.2759E-05       1.4555E-08       0.0000E+00       5.7838E-07       0.0000E+00       0.0000E+00       0.0000E+00       0.0000E+00
       1.9450E+00       0.0000E+00       0.0000E+00       6.0402E-06       1.2752E-05       1.4356E-08       0.0000E+00       5.7768E-07       0.0000E+00       0.0000E+00       0.0000E+00       0.0000E+00
       1.9550E+00       0.0000E+00       0.0000E+00       6.0469E-06       1.2746E-05       1.4162E-08       0.0000E+00       5.7696E-07       0.0000E+00       0.0000E+00       0.0000E+00       0.0000E+00
       1.9650E+00       0.0000E+00       0.0000E+00       6.0533E-06       1.2740E-05       1.3974E-08       0.0000E+00       5.7623E-07       0.0000E+00       0.0000E+00       0.0000E+00       0.0000E+00
       1.9750E+00       0.0000E+00       0.0000E+00       6.0596E-06       1.2734E-05       1.3792E-08       0.0000E+00       5.7549E-07       0.0000E+00       0.0000E+00       0.0000E+00       0.0000E+00
       1.9850E+00       0.0000E+00       0.0000E+00       6.0656E-06       1.2729E-05       1.3616E-08       0.0000E+00       5.7473E-07       0.0000E+00       0.0000E+00       0.0000E+00       0.0000E+00
       1.9950E+00       0.0000E+00       0.0000E+00       6.0715E-06       1.2723E-05       1.3445E-08       0.0000E+00       5.7396E-07       0.0000E+00       0.0000E+00       0.0000E+00       0.0000E+00
       2.0050E+00       0.0000E+00       0.0000E+00       6.0771E-06       1.2718E-05       1.3280E-08       0.0000E+00       5.7318E-07       0.0000E+00       0.0000E+00       0.0000E+00       0.0000E+00
       2.0150E+00       0.0000E+00       0.0000E+00       6.0825E-06       1.2713E-05       1.3120E-08       0.0000E+00       5.7238E-07       0.0000E+00       0.0000E+00       0.0000E+00       0.0000E+00
       2.0250E+00       0.0000E+00       0.0000E+00       6.0877E-06       1.2708E-05       1.2965E-08       0.0000E+00       5.7157E-07       0.0000E+00       0.0000E+00       0.0000E+00       0.0000E+00
       2.0350E+00       0.0000E+00       0.0000E+00       6.0928E-06       1.2704E-05       1.2816E-08       0.0000E+00       5.7075E-07       0.0000E+00       0.0000E+00       0.0000E+00       0.0000E+00
       2.0450E+00       0.0000E+00       0.0000E+00       6.0976E-06       1.2699E-05       1.2673E-08       0.0000E+00       5.6991E-07       0.0000E+00       0.0000E+00       0.0000E+00       0.0000E+00
       2.0550E+00       0.0000E+00       0.0000E+00       6.1023E-06       1.2695E-05       1.2534E-08       0.0000E+00       5.6905E-07       0.0000E+00       0.0000E+00       0.0000E+00       0.0000E+00
       2.0650E+00       0.0000E+00       0.0000E+00       6.1069E-06       1.2691E-05       1.2401E-08       0.0000E+00       5.6819E-07       0.0000E+00       0.0000E+00       0.0000E+00       0.0000E+00
       2.0750E+00       0.0000E+00       0.0000E+00       6.1112E-06       1.2687E-05       1.2273E-08       0.0000E+00       5.6730E-07       0.0000E+00       0.0000E+00       0.0000E+00       0.0000E+00
       2.0850E+00       0.0000E+00       0.0000E+00       6.1154E-06       1.2684E-05       1.2149E-08       0.0000E+00       5.6641E-07       0.0000E+00       0.0000E+00       0.0000E+00       0.0000E+00
       2.0950E+00       0.0000E+00       0.0000E+00       6.1195E-06       1.2680E-05       1.2031E-08       0.0000E+00       5.6550E-07       0.0000E+00       0.0000E+00       0.0000E+00       0.0000E+00
       2.1050E+00       0.0000E+00       0.0000E+00       6.1234E-06       1.2677E-05       1.1918E-08       0.0000E+00       5.6458E-07       0.0000E+00       0.0000E+00       0.0000E+00       0.0000E+00
       2.1150E+00       0.0000E+00       0.0000E+00       6.1271E-06       1.2674E-05       1.1809E-08       0.0000E+00       5.6364E-07       0.0000E+00       0.0000E+00       0.0000E+00       0.0000E+00
       2.1250E+00       0.0000E+00       0.0000E+00       6.1307E-06       1.2670E-05       1.1705E-08       0.0000E+00       5.6268E-07       0.0000E+00       0.0000E+00       0.0000E+00       0.0000E+00
       2.1350E+00       0.0000E+00       0.0000E+00       6.1342E-06       1.2667E-05       1.1605E-08       0.0000E+00       5.6172E-07       0.0000E+00       0.0000E+00       0.0000E+00       0.0000E+00
       2.1450E+00       0.0000E+00       0.0000E+00       6.1376E-06       1.2665E-05       1.1510E-08       0.0000E+00       5.6074E-07       0.0000E+00       0.0000E+00       0.0000E+00       0.0000E+00
       2.1550E+00       0.0000E+00       0.0000E+00       6.1408E-06       1.2662E-05       1.1420E-08       0.0000E+00       5.5974E-07       0.0000E+00       0.0000E+00       0.0000E+00       0.0000E+00
       2.1650E+00       0.0000E+00       0.0000E+00       6.1439E-06       1.2659E-05       1.1333E-08       0.0000E+00       5.5873E-07       0.0000E+00       0.0000E+00       0.0000E+00       0.0000E+00
       2.1750E+00       0.0000E+00       0.0000E+00       6.1469E-06       1.2657E-05       1.1251E-08       0.0000E+00       5.5771E-07       0.0000E+00       0.0000E+00       0.0000E+00       0.0000E+00
       2.1850E+00       0.0000E+00       0.0000E+00       6.1498E-06       1.2655E-05       1.1174E-08       0.0000E+00       5.5667E-07       0.0000E+00       0.0000E+00       0.0000E+00       0.0000E+00
       2.1950E+00       0.0000E+00       0.0000E+00       6.1526E-06       1.2652E-05       1.1100E-08       0.0000E+00       5.5562E-07       0.0000E+00       0.0000E+00       0.0000E+00       0.0000E+00
       2.2050E+00       0.0000E+00       0.0000E+00       6.1553E-06       1.2650E-05       1.1030E-08       0.0000E+00       5.5455E-07       0.0000E+00       0.0000E+00       0.0000E+00       0.0000E+00
       2.2150E+00       0.0000E+00       0.0000E+00       6.1578E-06       1.2648E-05       1.0964E-08       0.0000E+00       5.5347E-07       0.0000E+00       0.0000E+00       0.0000E+00       0.0000E+00
       2.2250E+00       0.0000E+00       0.0000E+00       6.1603E-06       1.2646E-05       1.0902E-08       0.0000E+00       5.5238E-07       0.0000E+00       0.0000E+00       0.0000E+00       0.0000E+00
       2.2350E+00       0.0000E+00       0.0000E+00       6.1627E-06       1.2645E-05       1.0844E-08       0.0000E+00       5.5127E-07       0.0000E+00       0.0000E+00       0.0000E+00       0.0000E+00
       2.2450E+00       0.0000E+00       0.0000E+00       6.1650E-06       1.2643E-05       1.0789E-08       0.0000E+00       5.5014E-07       0.0000E+00       0.0000E+00       0.0000E+00       0.0000E+00
       2.2550E+00       0.0000E+00       0.0000E+00       6.1672E-06       1.2641E-05       1.0738E-08       0.0000E+00       5.4901E-07       0.0000E+00       0.0000E+00       0.0000E+00       0.0000E+00
       2.2650E+00       0.0000E+00       0.0000E+00       6.1694E-06       1.2640E-05       1.0691E-08       0.0000E+00       5.4786E-07       0.0000E+00       0.0000E+00       0.0000E+00       0.0000E+00
       2.2750E+00       0.0000E+00       0.0000E+00       6.1714E-06       1.2638E-05       1.0647E-08       0.0000E+00       5.4669E-07       0.0000E+00       0.0000E+00       0.0000E+00       0.0000E+00
       2.2850E+00       0.0000E+00       0.0000E+00       6.1734E-06       1.2637E-05       1.0606E-08       0.0000E+00       5.4551E-07       0.0000E+00       0.0000E+00       0.0000E+00       0.0000E+00
       2.2950E+00       0.0000E+00       0.0000E+00       6.1753E-06       1.2636E-05       1.0569E-08       0.0000E+00       5.4432E-07       0.0000E+00       0.0000E+00       0.0000E+00       0.0000E+00
       2.3050E+00       0.0000E+00       0.0000E+00       6.1772E-06       1.2634E-05       1.0534E-08       0.0000E+00       5.4312E-07       0.0000E+00       0.0000E+00       0.0000E+00       0.0000E+00
       2.3150E+00       0.0000E+00       0.0000E+00       6.1789E-06       1.2633E-05       1.0503E-08       0.0000E+00       5.4190E-07       0.0000E+00       0.0000E+00       0.0000E+00       0.0000E+00
       2.3250E+00       0.0000E+00       0.0000E+00       6.1806E-06       1.2632E-05       1.0475E-08       0.0000E+00       5.4067E-07       0.0000E+00       0.0000E+00       0.0000E+00       0.0000E+00
       2.3350E+00       0.0000E+00       0.0000E+00       6.1823E-06       1.2631E-05       1.0451E-08       0.0000E+00       5.3942E-07       0.0000E+00       0.0000E+00       0.0000E+00       0.0000E+00
       2.3450E+00       0.0000E+00       0.0000E+00       6.1838E-06       1.2630E-05       1.0429E-08       0.0000E+00       5.3816E-07       0.0000E+00       0.0000E+00       0.0000E+00       0.0000E+00
       2.3550E+00       0.0000E+00       0.0000E+00       6.1854E-06       1.2629E-05       1.0409E-08       0.0000E+00       5.3689E-07       0.0000E+00       0.0000E+00       0.0000E+00       0.0000E+00
       2.3650E+00       0.0000E+00       0.0000E+00       6.1868E-06       1.2629E-05       1.0393E-08       0.0000E+00       5.3561E-07       0.0000E+00       0.0000E+00       0.0000E+00       0.0000E+00
       2.3750E+00       0.0000E+00       0.0000E+00       6.1882E-06       1.2628E-05       1.0380E-08       0.0000E+00       5.3431E-07       0.0000E+00       0.0000E+00       0.0000E+00       0.0000E+00
       2.3850E+00       0.0000E+00       0.0000E+00       6.1896E-06       1.2627E-05       1.0369E-08       0.0000E+00       5.3300E-07       0.0000E+00       0.0000E+00       0.0000E+00       0.0000E+00
       2.3950E+00       0.0000E+00       0.0000E+00       6.1909E-06       1.2626E-05       1.0361E-08       0.0000E+00       5.3168E-07       0.0000E+00       0.0000E+00       0.0000E+00       0.0000E+00
       2.4050E+00       0.0000E+00       0.0000E+00       6.1922E-06       1.2626E-05       1.0355E-08       0.0000E+00       5.3034E-07       0.0000E+00       0.0000E+00       0.0000E+00       0.0000E+00
       2.4150E+00       0.0000E+00       0.0000E+00       6.1934E-06       1.2625E-05       1.0352E-08       0.0000E+00       5.2900E-07       0.0000E+00       0.0000E+00       0.0000E+00       0.0000E+00
       2.4250E+00       0.0000E+00       0.0000E+00       6.1946E-06       1.2625E-05       1.0352E-08       0.0000E+00       5.2764E-07       0.0000E+00       0.0000E+00       0.0000E+00       0.0000E+00
       2.4350E+00       0.0000E+00       0.0000E+00       6.1957E-06       1.2624E-05       1.0354E-08       0.0000E+00       5.2627E-07       0.0000E+00       0.0000E+00       0.0000E+00       0.0000E+00
       2.4450E+00       0.0000E+00       0.0000E+00       6.1968E-06       1.2624E-05       1.0358E-08       0.0000E+00       5.2488E-07       0.0000E+00       0.0000E+00       0.0000E+00       0.0000E+00
       2.4550E+00       0.0000E+00       0.0000E+00       6.1978E-06       1.2624E-05       1.0364E-08       0.0000E+00       5.2349E-07       0.0000E+00       0.0000E+00       0.0000E+00       0.0000E+00
       2.4650E+00       0.0000E+00       0.0000E+00       6.1989E-06       1.2623E-05       1.0373E-08       0.0000E+00       5.2208E-07       0.0000E+00       0.0000E+00       0.0000E+00       0.0000E+00
       2.4750E+00       0.0000E+00       0.0000E+00       6.1998E-06       1.2623E-05       1.0384E-08       0.0000E+00       5.2066E-07       0.0000E+00       0.0000E+00       0.0000E+00       0.0000E+00
       2.4850E+00       0.0000E+00       0.0000E+00       6.2008E-06       1.2623E-05       1.0398E-08       0.0000E+00       5.1923E-07       0.0000E+00       0.0000E+00       0.0000E+00       0.0000E+00
       2.4950E+00       0.0000E+00       0.0000E+00       6.2017E-06       1.2623E-05       1.0413E-08       0.0000E+00       5.1779E-07       0.0000E+00       0.0000E+00       0.0000E+00       0.0000E+00
       2.5050E+00       0.0000E+00       0.0000E+00       6.2025E-06       1.2622E-05       1.0431E-08       0.0000E+00       5.1634E-07       0.0000E+00       0.0000E+00       0.0000E+00       0.0000E+00
       2.5150E+00       0.0000E+00       0.0000E+00       6.2034E-06       1.2622E-05       1.0450E-08       0.0000E+00       5.1488E-07       0.0000E+00       0.0000E+00       0.0000E+00       0.0000E+00
       2.5250E+00       0.0000E+00       0.0000E+00       6.2042E-06       1.2622E-05       1.0472E-08       0.0000E+00       5.1340E-07       0.0000E+00       0.0000E+00       0.0000E+00       0.0000E+00
       2.5350E+00       0.0000E+00       0.0000E+00       6.2050E-06       1.2622E-05       1.0496E-08       0.0000E+00       5.1192E-07       0.0000E+00       0.0000E+00       0.0000E+00       0.0000E+00
       2.5450E+00       0.0000E+00       0.0000E+00       6.2057E-06       1.2622E-05       1.0521E-08       0.0000E+00       5.1042E-07       0.0000E+00       0.0000E+00       0.0000E+00       0.0000E+00
       2.5550E+00       0.0000E+00       0.0000E+00       6.2064E-06       1.2622E-05       1.0549E-08       0.0000E+00       5.0892E-07       0.0000E+00       0.0000E+00       0.0000E+00       0.0000E+00
       2.5650E+00       0.0000E+00       0.0000E+00       6.2071E-06       1.2622E-05       1.0578E-08       0.0000E+00       5.0740E-07       0.0000E+00       0.0000E+00       0.0000E+00       0.0000E+00
       2.5750E+00       0.0000E+00       0.0000E+00       6.2078E-06       1.2622E-05       1.0610E-08       0.0000E+00       5.0588E-07       0.0000E+00       0.0000E+00       0.0000E+00       0.0000E+00
       2.5850E+00       0.0000E+00       0.0000E+00       6.2084E-06       1.2622E-05       1.0643E-08       0.0000E+00       5.0435E-07       0.0000E+00       0.0000E+00       0.0000E+00       0.0000E+00
       2.5950E+00       0.0000E+00       0.0000E+00       6.2090E-06       1.2623E-05       1.0678E-08       0.0000E+00       5.0280E-07       0.0000E+00       0.0000E+00       0.0000E+00       0.0000E+00
       2.6050E+00       0.0000E+00       0.0000E+00       6.2096E-06       1.2623E-05       1.0714E-08       0.0000E+00       5.0125E-07       0.0000E+00       0.0000E+00       0.0000E+00       0.0000E+00
       2.6150E+00       0.0000E+00       0.0000E+00       6.2102E-06       1.2623E-05       1.0753E-08       0.0000E+00       4.9968E-07       0.0000E+00       0.0000E+00       0.0000E+00       0.0000E+00
       2.6250E+00       0.0000E+00       0.0000E+00       6.2107E-06       1.2623E-05       1.0793E-08       0.0000E+00       4.9811E-07       0.0000E+00       0.0000E+00       0.0000E+00       0.0000E+00
       2.6350E+00       0.0000E+00       0.0000E+00       6.2112E-06       1.2623E-05       1.0835E-08       0.0000E+00       4.9653E-07       0.0000E+00       0.0000E+00       0.0000E+00       0.0000E+00
       2.6450E+00       0.0000E+00       0.0000E+00       6.2117E-06       1.2624E-05       1.0878E-08       0.0000E+00       4.9494E-07       0.0000E+00       0.0000E+00       0.0000E+00       0.0000E+00
       2.6550E+00       0.0000E+00       0.0000E+00       6.2122E-06       1.2624E-05       1.0924E-08       0.0000E+00       4.9334E-07       0.0000E+00       0.0000E+00       0.0000E+00       0.0000E+00
       2.6650E+00       0.0000E+00       0.0000E+00       6.2126E-06       1.2624E-05       1.0970E-08       0.0000E+00       4.9173E-07       0.0000E+00       0.0000E+00       0.0000E+00       0.0000E+00
       2.6750E+00       0.0000E+00       0.0000E+00       6.2130E-06       1.2625E-05       1.1019E-08       0.0000E+00       4.9012E-07       0.0000E+00       0.0000E+00       0.0000E+00       0.0000E+00
       2.6850E+00       0.0000E+00       0.0000E+00       6.2134E-06       1.2625E-05       1.1069E-08       0.0000E+00       4.8849E-07       0.0000E+00       0.0000E+00       0.0000E+00       0.0000E+00
       2.6950E+00       0.0000E+00       0.0000E+00       6.2137E-06       1.2626E-05       1.1120E-08       0.0000E+00       4.8686E-07       0.0000E+00       0.0000E+00       0.0000E+00       0.0000E+00
       2.7050E+00       0.0000E+00       0.0000E+00       6.2141E-06       1.2626E-05       1.1173E-08       0.0000E+00       4.8522E-07       0.0000E+00       0.0000E+00       0.0000E+00       0.0000E+00
       2.7150E+00       0.0000E+00       0.0000E+00       6.2144E-06       1.2627E-05       1.1228E-08       0.0000E+00       4.8358E-07       0.0000E+00       0.0000E+00       0.0000E+00       0.0000E+00
       2.7250E+00       0.0000E+00       0.0000E+00       6.2146E-06       1.2627E-05       1.1284E-08       0.0000E+00       4.8192E-07       0.0000E+00       0.0000E+00       0.0000E+00       0.0000E+00
       2.7350E+00       0.0000E+00       0.0000E+00       6.2149E-06       1.2628E-05       1.1341E-08       0.0000E+00       4.8026E-07       0.0000E+00       0.0000E+00       0.0000E+00       0.0000E+00
       2.7450E+00       0.0000E+00       0.0000E+00       6.2151E-06       1.2628E-05       1.1400E-08       0.0000E+00       4.7859E-07       0.0000E+00       0.0000E+00       0.0000E+00       0.0000E+00
       2.7550E+00       0.0000E+00       0.0000E+00       6.2153E-06       1.2629E-05       1.1461E-08       0.0000E+00       4.7691E-07       0.0000E+00       0.0000E+00       0.0000E+00       0.0000E+00
       2.7650E+00       0.0000E+00       0.0000E+00       6.2154E-06       1.2630E-05       1.1523E-08       0.0000E+00       4.7523E-07       0.0000E+00       0.0000E+00       0.0000E+00       0.0000E+00
       2.7750E+00       0.0000E+00       0.0000E+00       6.2156E-06       1.2630E-05       1.1586E-08       0.0000E+00       4.7354E-07       0.0000E+00       0.0000E+00       0.0000E+00       0.0000E+00
       2.7850E+00       0.0000E+00       0.0000E+00       6.2156E-06       1.2631E-05       1.1651E-08       0.0000E+00       4.7184E-07       0.0000E+00       0.0000E+00       0.0000E+00       0.0000E+00
       2.7950E+00       0.0000E+00       0.0000E+00       6.2157E-06       1.2632E-05       1.1717E-08       0.0000E+00       4.7014E-07       0.0000E+00       0.0000E+00       0.0000E+00       0.0000E+00
       2.8050E+00       0.0000E+00       0.0000E+00       6.2157E-06       1.2633E-05       1.1784E-08       0.0000E+00       4.6843E-07       0.0000E+00       0.0000E+00       0.0000E+00       0.0000E+00
       2.8150E+00       0.0000E+00       0.0000E+00       6.2157E-06       1.2633E-05       1.1853E-08       0.0000E+00       4.6672E-07       0.0000E+00       0.0000E+00       0.0000E+00       0.0000E+00
       2.8250E+00       0.0000E+00       0.0000E+00       6.2157E-06       1.2634E-05       1.1923E-08       0.0000E+00       4.6500E-07       0.0000E+00       0.0000E+00       0.0000E+00       0.0000E+00
       2.8350E+00       0.0000E+00       0.0000E+00       6.2156E-06       1.2635E-05       1.1994E-08       0.0000E+00       4.6327E-07       0.0000E+00       0.0000E+00       0.0000E+00       0.0000E+00
       2.8450E+00       0.0000E+00       0.0000E+00       6.2155E-06       1.2636E-05       1.2067E-08       0.0000E+00       4.6154E-07       0.0000E+00       0.0000E+00       0.0000E+00       0.0000E+00
       2.8550E+00       0.0000E+00       0.0000E+00       6.2153E-06       1.2637E-05       1.2141E-08       0.0000E+00       4.5980E-07       0.0000E+00       0.0000E+00       0.0000E+00       0.0000E+00
       2.8650E+00       0.0000E+00       0.0000E+00       6.2151E-06       1.2638E-05       1.2216E-08       0.0000E+00       4.5807E-07       0.0000E+00       0.0000E+00       0.0000E+00       0.0000E+00
       2.8750E+00       0.0000E+00       0.0000E+00       6.2149E-06       1.2639E-05       1.2292E-08       0.0000E+00       4.5632E-07       0.0000E+00       0.0000E+00       0.0000E+00       0.0000E+00
       2.8850E+00       0.0000E+00       0.0000E+00       6.2146E-06       1.2640E-05       1.2369E-08       0.0000E+00       4.5458E-07       0.0000E+00       0.0000E+00       0.0000E+00       0.0000E+00
       2.8950E+00       0.0000E+00       0.0000E+00       6.2143E-06       1.2641E-05       1.2447E-08       0.0000E+00       4.5284E-07       0.0000E+00       0.0000E+00       0.0000E+00       0.0000E+00
       2.9050E+00       0.0000E+00       0.0000E+00       6.2139E-06       1.2643E-05       1.2526E-08       0.0000E+00       4.5110E-07       0.0000E+00       0.0000E+00       0.0000E+00       0.0000E+00
       2.9150E+00       0.0000E+00       0.0000E+00       6.2135E-06       1.2644E-05       1.2606E-08       0.0000E+00       4.4938E-07       0.0000E+00       0.0000E+00       0.0000E+00       0.0000E+00
       2.9250E+00       0.0000E+00       0.0000E+00       6.2131E-06       1.2645E-05       1.2685E-08       0.0000E+00       4.4767E-07       0.0000E+00       0.0000E+00       0.0000E+00       0.0000E+00
       2.9350E+00       0.0000E+00       0.0000E+00       6.2126E-06       1.2646E-05       1.2764E-08       0.0000E+00       4.4598E-07       0.0000E+00       0.0000E+00       0.0000E+00       0.0000E+00
       2.9450E+00       0.0000E+00       0.0000E+00       6.2122E-06       1.2648E-05       1.2841E-08       0.0000E+00       4.4435E-07       0.0000E+00       0.0000E+00       0.0000E+00       0.0000E+00
       2.9550E+00       0.0000E+00       0.0000E+00       6.2117E-06       1.2649E-05       1.2916E-08       0.0000E+00       4.4278E-07       0.0000E+00       0.0000E+00       0.0000E+00       0.0000E+00
       2.9650E+00       0.0000E+00       0.0000E+00       6.2112E-06       1.2650E-05       1.2985E-08       0.0000E+00       4.4133E-07       0.0000E+00       0.0000E+00       0.0000E+00       0.0000E+00
       2.9750E+00       0.0000E+00       0.0000E+00       6.2108E-06       1.2651E-05       1.3047E-08       0.0000E+00       4.4004E-07       0.0000E+00       0.0000E+00       0.0000E+00       0.0000E+00
       2.9850E+00       0.0000E+00       0.0000E+00       6.2104E-06       1.2652E-05       1.3097E-08       0.0000E+00       4.3902E-07       0.0000E+00       0.0000E+00       0.0000E+00       0.0000E+00
       2.9950E+00       0.0000E+00       0.0000E+00       6.2102E-06       1.2652E-05       1.3126E-08       0.0000E+00       4.3841E-07       0.0000E+00       0.0000E+00       0.0000E+00       0.0000E+00
