# Time          5.0000E+01
# Units: Mol/g solid
    Distance           H+               CO2(aq)          Mg++             Ca++             K+               SiO2(aq)         Na+              Al+++            Cl-              NO3-             Tracer       
       5.0000E-03       0.0000E+00       0.0000E+00       3.9417E-11       8.0849E-11       2.9810E-13       0.0000E+00       3.9478E-12       0.0000E+00       0.0000E+00       0.0000E+00       0.0000E+00
       1.5000E-02       0.0000E+00       0.0000E+00       3.8319E-11       8.1949E-11       2.9796E-13       0.0000E+00       3.9421E-12       0.0000E+00       0.0000E+00       0.0000E+00       0.0000E+00
       2.5000E-02       0.0000E+00       0.0000E+00       3.6870E-11       8.3402E-11       2.9768E-13       0.0000E+00       3.9347E-12       0.0000E+00       0.0000E+00       0.0000E+00       0.0000E+00
       3.5000E-02       0.0000E+00       0.0000E+00       3.5076E-11       8.5200E-11       2.9725E-13       0.0000E+00       3.9254E-12       0.0000E+00       0.0000E+00       0.0000E+00       0.0000E+00
       4.5000E-02       0.0000E+00       0.0000E+00       3.2976E-11       8.7306E-11       2.9671E-13       0.0000E+00       3.9145E-12       0.0000E+00       0.0000E+00       0.0000E+00       0.0000E+00
       5.5000E-02       0.0000E+00       0.0000E+00       3.0631E-11       8.9658E-11       2.9605E-13       0.0000E+00       3.9023E-12       0.0000E+00       0.0000E+00       0.0000E+00       0.0000E+00
       6.5000E-02       0.0000E+00       0.0000E+00       2.8117E-11       9.2179E-11       2.9532E-13       0.0000E+00       3.8892E-12       0.0000E+00       0.0000E+00       0.0000E+00       0.0000E+00
       7.5000E-02       0.0000E+00       0.0000E+00       2.5518E-11       9.4785E-11       2.9455E-13       0.0000E+00       3.8755E-12       0.0000E+00       0.0000E+00       0.0000E+00       0.0000E+00
       8.5000E-02       0.0000E+00       0.0000E+00       2.2917E-11       9.7392E-11       2.9378E-13       0.0000E+00       3.8619E-12       0.0000E+00       0.0000E+00       0.0000E+00       0.0000E+00
       9.5000E-02       0.0000E+00       0.0000E+00       2.0388E-11       9.9929E-11       2.9303E-13       0.0000E+00       3.8485E-12       0.0000E+00       0.0000E+00       0.0000E+00       0.0000E+00
       1.0500E-01       0.0000E+00       0.0000E+00       1.7990E-11       1.0233E-10       2.9232E-13       0.0000E+00       3.8358E-12       0.0000E+00       0.0000E+00       0.0000E+00       0.0000E+00
       1.1500E-01       0.0000E+00       0.0000E+00       1.5767E-11       1.0456E-10       2.9169E-13       0.0000E+00       3.8240E-12       0.0000E+00       0.0000E+00       0.0000E+00       0.0000E+00
       1.2500E-01       0.0000E+00       0.0000E+00       1.3747E-11       1.0659E-10       2.9113E-13       0.0000E+00       3.8133E-12       0.0000E+00       0.0000E+00       0.0000E+00       0.0000E+00
       1.3500E-01       0.0000E+00       0.0000E+00       1.1943E-11       1.0840E-10       2.9067E-13       0.0000E+00       3.8036E-12       0.0000E+00       0.0000E+00       0.0000E+00       0.0000E+00
       1.4500E-01       0.0000E+00       0.0000E+00       1.0357E-11       1.0999E-10       2.9029E-13       0.0000E+00       3.7951E-12       0.0000E+00       0.0000E+00       0.0000E+00       0.0000E+00
       1.5500E-01       0.0000E+00       0.0000E+00       8.9802E-12       1.1137E-10       2.8999E-13       0.0000E+00       3.7878E-12       0.0000E+00       0.0000E+00       0.0000E+00       0.0000E+00
       1.6500E-01       0.0000E+00       0.0000E+00       7.7965E-12       1.1256E-10       2.8978E-13       0.0000E+00       3.7814E-12       0.0000E+00       0.0000E+00       0.0000E+00       0.0000E+00
       1.7500E-01       0.0000E+00       0.0000E+00       6.7868E-12       1.1357E-10       2.8964E-13       0.0000E+00       3.7760E-12       0.0000E+00       0.0000E+00       0.0000E+00       0.0000E+00
       1.8500E-01       0.0000E+00       0.0000E+00       5.9300E-12       1.1443E-10       2.8956E-13       0.0000E+00       3.7713E-12       0.0000E+00       0.0000E+00       0.0000E+00       0.0000E+00
       1.9500E-01       0.0000E+00       0.0000E+00       5.2055E-12       1.1515E-10       2.8954E-13       0.0000E+00       3.7674E-12       0.0000E+00       0.0000E+00       0.0000E+00       0.0000E+00
       2.0500E-01       0.0000E+00       0.0000E+00       4.5947E-12       1.1577E-10       2.8956E-13       0.0000E+00       3.7641E-12       0.0000E+00       0.0000E+00       0.0000E+00       0.0000E+00
       2.1500E-01       0.0000E+00       0.0000E+00       4.0825E-12       1.1628E-10       2.8963E-13       0.0000E+00       3.7614E-12       0.0000E+00       0.0000E+00       0.0000E+00       0.0000E+00
       2.2500E-01       0.0000E+00       0.0000E+00       3.6585E-12       1.1670E-10       2.8974E-13       0.0000E+00       3.7591E-12       0.0000E+00       0.0000E+00       0.0000E+00       0.0000E+00
       2.3500E-01       0.0000E+00       0.0000E+00       3.3188E-12       1.1705E-10       2.8988E-13       0.0000E+00       3.7572E-12       0.0000E+00       0.0000E+00       0.0000E+00       0.0000E+00
       2.4500E-01       0.0000E+00       0.0000E+00       3.0686E-12       1.1730E-10       2.9006E-13       0.0000E+00       3.7559E-12       0.0000E+00       0.0000E+00       0.0000E+00       0.0000E+00
       2.5500E-01       0.0000E+00       0.0000E+00       4.5659E-07       1.8316E-05       4.5274E-08       0.0000E+00       5.8566E-07       0.0000E+00       0.0000E+00       0.0000E+00       0.0000E+00
       2.6500E-01       0.0000E+00       0.0000E+00       4.3598E-07       1.8337E-05       4.5310E-08       0.0000E+00       5.8555E-07       0.0000E+00       0.0000E+00       0.0000E+00       0.0000E+00
       2.7500E-01       0.0000E+00       0.0000E+00       4.1670E-07       1.8356E-05       4.5346E-08       0.0000E+00       5.8545E-07       0.0000E+00       0.0000E+00       0.0000E+00       0.0000E+00
       2.8500E-01       0.0000E+00       0.0000E+00       3.9869E-07       1.8374E-05       4.5383E-08       0.0000E+00       5.8535E-07       0.0000E+00       0.0000E+00       0.0000E+00       0.0000E+00
       2.9500E-01       0.0000E+00       0.0000E+00       3.8192E-07       1.8391E-05       4.5421E-08       0.0000E+00       5.8526E-07       0.0000E+00       0.0000E+00       0.0000E+00       0.0000E+00
       3.0500E-01       0.0000E+00       0.0000E+00       3.6635E-07       1.8406E-05       4.5459E-08       0.0000E+00       5.8518E-07       0.0000E+00       0.0000E+00       0.0000E+00       0.0000E+00
       3.1500E-01       0.0000E+00       0.0000E+00       3.5199E-07       1.8421E-05       4.5498E-08       0.0000E+00       5.8510E-07       0.0000E+00       0.0000E+00       0.0000E+00       0.0000E+00
       3.2500E-01       0.0000E+00       0.0000E+00       3.3885E-07       1.8434E-05       4.5537E-08       0.0000E+00       5.8503E-07       0.0000E+00       0.0000E+00       0.0000E+00       0.0000E+00
       3.3500E-01       0.0000E+00       0.0000E+00       3.2695E-07       1.8446E-05       4.5576E-08       0.0000E+00       5.8497E-07       0.0000E+00       0.0000E+00       0.0000E+00       0.0000E+00
       3.4500E-01       0.0000E+00       0.0000E+00       3.1633E-07       1.8457E-05       4.5616E-08       0.0000E+00       5.8491E-07       0.0000E+00       0.0000E+00       0.0000E+00       0.0000E+00
       3.5500E-01       0.0000E+00       0.0000E+00       3.0704E-07       1.8466E-05       4.5657E-08       0.0000E+00       5.8486E-07       0.0000E+00       0.0000E+00       0.0000E+00       0.0000E+00
       3.6500E-01       0.0000E+00       0.0000E+00       2.9911E-07       1.8474E-05       4.5699E-08       0.0000E+00       5.8482E-07       0.0000E+00       0.0000E+00       0.0000E+00       0.0000E+00
       3.7500E-01       0.0000E+00       0.0000E+00       2.9262E-07       1.8481E-05       4.5740E-08       0.0000E+00       5.8478E-07       0.0000E+00       0.0000E+00       0.0000E+00       0.0000E+00
       3.8500E-01       0.0000E+00       0.0000E+00       2.8762E-07       1.8486E-05       4.5783E-08       0.0000E+00       5.8476E-07       0.0000E+00       0.0000E+00       0.0000E+00       0.0000E+00
       3.9500E-01       0.0000E+00       0.0000E+00       2.8418E-07       1.8489E-05       4.5826E-08       0.0000E+00       5.8474E-07       0.0000E+00       0.0000E+00       0.0000E+00       0.0000E+00
       4.0500E-01       0.0000E+00       0.0000E+00       2.8235E-07       1.8491E-05       4.5870E-08       0.0000E+00       5.8473E-07       0.0000E+00       0.0000E+00       0.0000E+00       0.0000E+00
       4.1500E-01       0.0000E+00       0.0000E+00       2.8219E-07       1.8491E-05       4.5915E-08       0.0000E+00       5.8473E-07       0.0000E+00       0.0000E+00       0.0000E+00       0.0000E+00
       4.2500E-01       0.0000E+00       0.0000E+00       2.8376E-07       1.8489E-05       4.5960E-08       0.0000E+00       5.8474E-07       0.0000E+00       0.0000E+00       0.0000E+00       0.0000E+00
       4.3500E-01       0.0000E+00       0.0000E+00       2.8710E-07       1.8486E-05       4.6006E-08       0.0000E+00       5.8476E-07       0.0000E+00       0.0000E+00       0.0000E+00       0.0000E+00
       4.4500E-01       0.0000E+00       0.0000E+00       2.9225E-07       1.8481E-05       4.6053E-08       0.0000E+00       5.8478E-07       0.0000E+00       0.0000E+00       0.0000E+00       0.0000E+00
       4.5500E-01       0.0000E+00       0.0000E+00       2.9923E-07       1.8474E-05       4.6101E-08       0.0000E+00       5.8482E-07       0.0000E+00       0.0000E+00       0.0000E+00       0.0000E+00
       4.6500E-01       0.0000E+00       0.0000E+00       3.0807E-07       1.8465E-05       4.6150E-08       0.0000E+00       5.8487E-07       0.0000E+00       0.0000E+00       0.0000E+00       0.0000E+00
       4.7500E-01       0.0000E+00       0.0000E+00       3.1878E-07       1.8454E-05       4.6199E-08       0.0000E+00       5.8493E-07       0.0000E+00       0.0000E+00       0.0000E+00       0.0000E+00
       4.8500E-01       0.0000E+00       0.0000E+00       3.3135E-07       1.8442E-05       4.6250E-08       0.0000E+00       5.8500E-07       0.0000E+00       0.0000E+00       0.0000E+00       0.0000E+00
       4.9500E-01       0.0000E+00       0.0000E+00       3.4578E-07       1.8427E-05       4.6301E-08       0.0000E+00       5.8507E-07       0.0000E+00       0.0000E+00       0.0000E+00       0.0000E+00
       5.0500E-01       0.0000E+00       0.0000E+00       3.6204E-07       1.8411E-05       4.6353E-08       0.0000E+00       5.8516E-07       0.0000E+00       0.0000E+00       0.0000E+00       0.0000E+00
       5.1500E-01       0.0000E+00       0.0000E+00       3.8011E-07       1.8393E-05       4.6405E-08       0.0000E+00       5.8526E-07       0.0000E+00       0.0000E+00       0.0000E+00       0.0000E+00
       5.2500E-01       0.0000E+00       0.0000E+00       3.9996E-07       1.8373E-05       4.6459E-08       0.0000E+00       5.8537E-07       0.0000E+00       0.0000E+00       0.0000E+00       0.0000E+00
       5.3500E-01       0.0000E+00       0.0000E+00       4.2154E-07       1.8351E-05       4.6513E-08       0.0000E+00       5.8548E-07       0.0000E+00       0.0000E+00       0.0000E+00       0.0000E+00
       5.4500E-01       0.0000E+00       0.0000E+00       4.4481E-07       1.8328E-05       4.6568E-08       0.0000E+00       5.8561E-07       0.0000E+00       0.0000E+00       0.0000E+00       0.0000E+00
       5.5500E-01       0.0000E+00       0.0000E+00       4.6972E-07       1.8303E-05       4.6624E-08       0.0000E+00       5.8574E-07       0.0000E+00       0.0000E+00       0.0000E+00       0.0000E+00
       5.6500E-01       0.0000E+00       0.0000E+00       4.9624E-07       1.8276E-05       4.6681E-08       0.0000E+00       5.8589E-07       0.0000E+00       0.0000E+00       0.0000E+00       0.0000E+00
       5.7500E-01       0.0000E+00       0.0000E+00       5.2429E-07       1.8248E-05       4.6738E-08       0.0000E+00       5.8604E-07       0.0000E+00       0.0000E+00       0.0000E+00       0.0000E+00
       5.8500E-01       0.0000E+00       0.0000E+00       5.5384E-07       1.8218E-05       4.6796E-08       0.0000E+00       5.8620E-07       0.0000E+00       0.0000E+00       0.0000E+00       0.0000E+00
       5.9500E-01       0.0000E+00       0.0000E+00       5.8483E-07       1.8187E-05       4.6855E-08       0.0000E+00       5.8637E-07       0.0000E+00       0.0000E+00       0.0000E+00       0.0000E+00
       6.0500E-01       0.0000E+00       0.0000E+00       6.1722E-07       1.8155E-05       4.6914E-08       0.0000E+00       5.8654E-07       0.0000E+00       0.0000E+00       0.0000E+00       0.0000E+00
       6.1500E-01       0.0000E+00       0.0000E+00       6.5096E-07       1.8121E-05       4.6974E-08       0.0000E+00       5.8672E-07       0.0000E+00       0.0000E+00       0.0000E+00       0.0000E+00
       6.2500E-01       0.0000E+00       0.0000E+00       6.8600E-07       1.8086E-05       4.7034E-08       0.0000E+00       5.8691E-07       0.0000E+00       0.0000E+00       0.0000E+00       0.0000E+00
       6.3500E-01       0.0000E+00       0.0000E+00       7.2231E-07       1.8049E-05       4.7096E-08       0.0000E+00       5.8711E-07       0.0000E+00       0.0000E+00       0.0000E+00       0.0000E+00
       6.4500E-01       0.0000E+00       0.0000E+00       7.5985E-07       1.8011E-05       4.7157E-08       0.0000E+00       5.8731E-07       0.0000E+00       0.0000E+00       0.0000E+00       0.0000E+00
       6.5500E-01       0.0000E+00       0.0000E+00       7.9857E-07       1.7973E-05       4.7219E-08       0.0000E+00       5.8752E-07       0.0000E+00       0.0000E+00       0.0000E+00       0.0000E+00
       6.6500E-01       0.0000E+00       0.0000E+00       8.3845E-07       1.7933E-05       4.7282E-08       0.0000E+00       5.8774E-07       0.0000E+00       0.0000E+00       0.0000E+00       0.0000E+00
       6.7500E-01       0.0000E+00       0.0000E+00       8.7946E-07       1.7891E-05       4.7346E-08       0.0000E+00       5.8796E-07       0.0000E+00       0.0000E+00       0.0000E+00       0.0000E+00
       6.8500E-01       0.0000E+00       0.0000E+00       9.2155E-07       1.7849E-05       4.7409E-08       0.0000E+00       5.8818E-07       0.0000E+00       0.0000E+00       0.0000E+00       0.0000E+00
       6.9500E-01       0.0000E+00       0.0000E+00       9.6472E-07       1.7806E-05       4.7474E-08       0.0000E+00       5.8842E-07       0.0000E+00       0.0000E+00       0.0000E+00       0.0000E+00
       7.0500E-01       0.0000E+00       0.0000E+00       1.0089E-06       1.7762E-05       4.7539E-08       0.0000E+00       5.8865E-07       0.0000E+00       0.0000E+00       0.0000E+00       0.0000E+00
       7.1500E-01       0.0000E+00       0.0000E+00       1.0541E-06       1.7716E-05       4.7604E-08       0.0000E+00       5.8890E-07       0.0000E+00       0.0000E+00       0.0000E+00       0.0000E+00
       7.2500E-01       0.0000E+00       0.0000E+00       1.1003E-06       1.7670E-05       4.7670E-08       0.0000E+00       5.8915E-07       0.0000E+00       0.0000E+00       0.0000E+00       0.0000E+00
       7.3500E-01       0.0000E+00       0.0000E+00       1.1475E-06       1.7622E-05       4.7736E-08       0.0000E+00       5.8940E-07       0.0000E+00       0.0000E+00       0.0000E+00       0.0000E+00
       7.4500E-01       0.0000E+00       0.0000E+00       1.1956E-06       1.7574E-05       4.7803E-08       0.0000E+00       5.8966E-07       0.0000E+00       0.0000E+00       0.0000E+00       0.0000E+00
       7.5500E-01       0.0000E+00       0.0000E+00       1.2446E-06       1.7525E-05       4.7870E-08       0.0000E+00       5.8992E-07       0.0000E+00       0.0000E+00       0.0000E+00       0.0000E+00
       7.6500E-01       0.0000E+00       0.0000E+00       1.2945E-06       1.7475E-05       4.7937E-08       0.0000E+00       5.9019E-07       0.0000E+00       0.0000E+00       0.0000E+00       0.0000E+00
       7.7500E-01       0.0000E+00       0.0000E+00       1.3452E-06       1.7424E-05       4.8005E-08       0.0000E+00       5.9046E-07       0.0000E+00       0.0000E+00       0.0000E+00       0.0000E+00
       7.8500E-01       0.0000E+00       0.0000E+00       1.3968E-06       1.7372E-05       4.8074E-08       0.0000E+00       5.9074E-07       0.0000E+00       0.0000E+00       0.0000E+00       0.0000E+00
       7.9500E-01       0.0000E+00       0.0000E+00       1.4491E-06       1.7320E-05       4.8142E-08       0.0000E+00       5.9102E-07       0.0000E+00       0.0000E+00       0.0000E+00       0.0000E+00
       8.0500E-01       0.0000E+00       0.0000E+00       1.5023E-06       1.7266E-05       4.8211E-08       0.0000E+00       5.9130E-07       0.0000E+00       0.0000E+00       0.0000E+00       0.0000E+00
       8.1500E-01       0.0000E+00       0.0000E+00       1.5562E-06       1.7212E-05       4.8281E-08       0.0000E+00       5.9159E-07       0.0000E+00       0.0000E+00       0.0000E+00       0.0000E+00
       8.2500E-01       0.0000E+00       0.0000E+00       1.6108E-06       1.7158E-05       4.8351E-08       0.0000E+00       5.9189E-07       0.0000E+00       0.0000E+00       0.0000E+00       0.0000E+00
       8.3500E-01       0.0000E+00       0.0000E+00       1.6660E-06       1.7102E-05       4.8421E-08       0.0000E+00       5.9218E-07       0.0000E+00       0.0000E+00       0.0000E+00       0.0000E+00
       8.4500E-01       0.0000E+00       0.0000E+00       1.7219E-06       1.7046E-05       4.8491E-08       0.0000E+00       5.9248E-07       0.0000E+00       0.0000E+00       0.0000E+00       0.0000E+00
       8.5500E-01       0.0000E+00       0.0000E+00       1.7784E-06       1.6989E-05       4.8562E-08       0.0000E+00       5.9278E-07       0.0000E+00       0.0000E+00       0.0000E+00       0.0000E+00
       8.6500E-01       0.0000E+00       0.0000E+00       1.8355E-06       1.6932E-05       4.8633E-08       0.0000E+00       5.9309E-07       0.0000E+00       0.0000E+00       0.0000E+00       0.0000E+00
       8.7500E-01       0.0000E+00       0.0000E+00       1.8931E-06       1.6874E-05       4.8705E-08       0.0000E+00       5.9340E-07       0.0000E+00       0.0000E+00       0.0000E+00       0.0000E+00
       8.8500E-01       0.0000E+00       0.0000E+00       1.9513E-06       1.6816E-05       4.8776E-08       0.0000E+00       5.9371E-07       0.0000E+00       0.0000E+00       0.0000E+00       0.0000E+00
       8.9500E-01       0.0000E+00       0.0000E+00       2.0099E-06       1.6757E-05       4.8848E-08       0.0000E+00       5.9402E-07       0.0000E+00       0.0000E+00       0.0000E+00       0.0000E+00
       9.0500E-01       0.0000E+00       0.0000E+00       2.0689E-06       1.6698E-05       4.8920E-08       0.0000E+00       5.9433E-07       0.0000E+00       0.0000E+00       0.0000E+00       0.0000E+00
       9.1500E-01       0.0000E+00       0.0000E+00       2.1283E-06       1.6638E-05       4.8993E-08       0.0000E+00       5.9465E-07       0.0000E+00       0.0000E+00       0.0000E+00       0.0000E+00
       9.2500E-01       0.0000E+00       0.0000E+00       2.1880E-06       1.6578E-05       4.9065E-08       0.0000E+00       5.9497E-07       0.0000E+00       0.0000E+00       0.0000E+00       0.0000E+00
       9.3500E-01       0.0000E+00       0.0000E+00       2.2480E-06       1.6518E-05       4.9138E-08       0.0000E+00       5.9529E-07       0.0000E+00       0.0000E+00       0.0000E+00       0.0000E+00
       9.4500E-01       0.0000E+00       0.0000E+00       2.3083E-06       1.6458E-05       4.9211E-08       0.0000E+00       5.9561E-07       0.0000E+00       0.0000E+00       0.0000E+00       0.0000E+00
       9.5500E-01       0.0000E+00       0.0000E+00       2.3689E-06       1.6397E-05       4.9283E-08       0.0000E+00       5.9593E-07       0.0000E+00       0.0000E+00       0.0000E+00       0.0000E+00
       9.6500E-01       0.0000E+00       0.0000E+00       2.4296E-06       1.6336E-05       4.9357E-08       0.0000E+00       5.9625E-07       0.0000E+00       0.0000E+00       0.0000E+00       0.0000E+00
       9.7500E-01       0.0000E+00       0.0000E+00       2.4904E-06       1.6275E-05       4.9430E-08       0.0000E+00       5.9658E-07       0.0000E+00       0.0000E+00       0.0000E+00       0.0000E+00
       9.8500E-01       0.0000E+00       0.0000E+00       2.5514E-06       1.6214E-05       4.9503E-08       0.0000E+00       5.9690E-07       0.0000E+00       0.0000E+00       0.0000E+00       0.0000E+00
       9.9500E-01       0.0000E+00       0.0000E+00       2.6124E-06       1.6153E-05       4.9576E-08       0.0000E+00       5.9723E-07       0.0000E+00       0.0000E+00       0.0000E+00       0.0000E+00
       1.0050E+00       0.0000E+00       0.0000E+00       2.6735E-06       1.6091E-05       4.9649E-08       0.0000E+00       5.9755E-07       0.0000E+00       0.0000E+00       0.0000E+00       0.0000E+00
       1.0150E+00       0.0000E+00       0.0000E+00       2.7345E-06       1.6030E-05       4.9723E-08       0.0000E+00       5.9787E-07       0.0000E+00       0.0000E+00       0.0000E+00       0.0000E+00
       1.0250E+00       0.0000E+00       0.0000E+00       2.7954E-06       1.5969E-05       4.9796E-08       0.0000E+00       5.9820E-07       0.0000E+00       0.0000E+00       0.0000E+00       0.0000E+00
       1.0350E+00       0.0000E+00       0.0000E+00       2.8563E-06       1.5908E-05       4.9869E-08       0.0000E+00       5.9852E-07       0.0000E+00       0.0000E+00       0.0000E+00       0.0000E+00
       1.0450E+00       0.0000E+00       0.0000E+00       2.9170E-06       1.5847E-05       4.9943E-08       0.0000E+00       5.9884E-07       0.0000E+00       0.0000E+00       0.0000E+00       0.0000E+00
       1.0550E+00       0.0000E+00       0.0000E+00       2.9776E-06       1.5786E-05       5.0016E-08       0.0000E+00       5.9916E-07       0.0000E+00       0.0000E+00       0.0000E+00       0.0000E+00
       1.0650E+00       0.0000E+00       0.0000E+00       3.0379E-06       1.5726E-05       5.0089E-08       0.0000E+00       5.9948E-07       0.0000E+00       0.0000E+00       0.0000E+00       0.0000E+00
       1.0750E+00       0.0000E+00       0.0000E+00       3.0980E-06       1.5665E-05       5.0162E-08       0.0000E+00       5.9980E-07       0.0000E+00       0.0000E+00       0.0000E+00       0.0000E+00
       1.0850E+00       0.0000E+00       0.0000E+00       3.1579E-06       1.5605E-05       5.0235E-08       0.0000E+00       6.0011E-07       0.0000E+00       0.0000E+00       0.0000E+00       0.0000E+00
       1.0950E+00       0.0000E+00       0.0000E+00       3.2174E-06       1.5546E-05       5.0308E-08       0.0000E+00       6.0043E-07       0.0000E+00       0.0000E+00       0.0000E+00       0.0000E+00
       1.1050E+00       0.0000E+00       0.0000E+00       3.2765E-06       1.5486E-05       5.0381E-08       0.0000E+00       6.0074E-07       0.0000E+00       0.0000E+00       0.0000E+00       0.0000E+00
       1.1150E+00       0.0000E+00       0.0000E+00       3.3353E-06       1.5427E-05       5.0453E-08       0.0000E+00       6.0105E-07       0.0000E+00       0.0000E+00       0.0000E+00       0.0000E+00
       1.1250E+00       0.0000E+00       0.0000E+00       3.3937E-06       1.5369E-05       5.0526E-08       0.0000E+00       6.0136E-07       0.0000E+00       0.0000E+00       0.0000E+00       0.0000E+00
       1.1350E+00       0.0000E+00       0.0000E+00       3.4516E-06       1.5311E-05       5.0598E-08       0.0000E+00       6.0166E-07       0.0000E+00       0.0000E+00       0.0000E+00       0.0000E+00
       1.1450E+00       0.0000E+00       0.0000E+00       3.5090E-06       1.5253E-05       5.0670E-08       0.0000E+00       6.0196E-07       0.0000E+00       0.0000E+00       0.0000E+00       0.0000E+00
       1.1550E+00       0.0000E+00       0.0000E+00       3.5660E-06       1.5196E-05       5.0742E-08       0.0000E+00       6.0226E-07       0.0000E+00       0.0000E+00       0.0000E+00       0.0000E+00
       1.1650E+00       0.0000E+00       0.0000E+00       3.6225E-06       1.5139E-05       5.0813E-08       0.0000E+00       6.0256E-07       0.0000E+00       0.0000E+00       0.0000E+00       0.0000E+00
       1.1750E+00       0.0000E+00       0.0000E+00       3.6783E-06       1.5083E-05       5.0885E-08       0.0000E+00       6.0285E-07       0.0000E+00       0.0000E+00       0.0000E+00       0.0000E+00
       1.1850E+00       0.0000E+00       0.0000E+00       3.7337E-06       1.5028E-05       5.0956E-08       0.0000E+00       6.0314E-07       0.0000E+00       0.0000E+00       0.0000E+00       0.0000E+00
       1.1950E+00       0.0000E+00       0.0000E+00       3.7884E-06       1.4973E-05       5.1027E-08       0.0000E+00       6.0343E-07       0.0000E+00       0.0000E+00       0.0000E+00       0.0000E+00
       1.2050E+00       0.0000E+00       0.0000E+00       3.8425E-06       1.4919E-05       5.1097E-08       0.0000E+00       6.0372E-07       0.0000E+00       0.0000E+00       0.0000E+00       0.0000E+00
       1.2150E+00       0.0000E+00       0.0000E+00       3.8960E-06       1.4865E-05       5.1168E-08       0.0000E+00       6.0400E-07       0.0000E+00       0.0000E+00       0.0000E+00       0.0000E+00
       1.2250E+00       0.0000E+00       0.0000E+00       3.9489E-06       1.4812E-05       5.1238E-08       0.0000E+00       6.0427E-07       0.0000E+00       0.0000E+00       0.0000E+00       0.0000E+00
       1.2350E+00       0.0000E+00       0.0000E+00       4.0010E-06       1.4760E-05       5.1308E-08       0.0000E+00       6.0455E-07       0.0000E+00       0.0000E+00       0.0000E+00       0.0000E+00
       1.2450E+00       0.0000E+00       0.0000E+00       4.0525E-06       1.4708E-05       5.1377E-08       0.0000E+00       6.0482E-07       0.0000E+00       0.0000E+00       0.0000E+00       0.0000E+00
       1.2550E+00       0.0000E+00       0.0000E+00       4.1033E-06       1.4657E-05       5.1446E-08       0.0000E+00       6.0508E-07       0.0000E+00       0.0000E+00       0.0000E+00       0.0000E+00
       1.2650E+00       0.0000E+00       0.0000E+00       4.1534E-06       1.4607E-05       5.1515E-08       0.0000E+00       6.0534E-07       0.0000E+00       0.0000E+00       0.0000E+00       0.0000E+00
       1.2750E+00       0.0000E+00       0.0000E+00       4.2028E-06       1.4557E-05       5.1583E-08       0.0000E+00       6.0560E-07       0.0000E+00       0.0000E+00       0.0000E+00       0.0000E+00
       1.2850E+00       0.0000E+00       0.0000E+00       4.2514E-06       1.4508E-05       5.1652E-08       0.0000E+00       6.0586E-07       0.0000E+00       0.0000E+00       0.0000E+00       0.0000E+00
       1.2950E+00       0.0000E+00       0.0000E+00       4.2993E-06       1.4460E-05       5.1719E-08       0.0000E+00       6.0611E-07       0.0000E+00       0.0000E+00       0.0000E+00       0.0000E+00
       1.3050E+00       0.0000E+00       0.0000E+00       4.3464E-06       1.4413E-05       5.1787E-08       0.0000E+00       6.0635E-07       0.0000E+00       0.0000E+00       0.0000E+00       0.0000E+00
       1.3150E+00       0.0000E+00       0.0000E+00       4.3928E-06       1.4366E-05       5.1854E-08       0.0000E+00       6.0659E-07       0.0000E+00       0.0000E+00       0.0000E+00       0.0000E+00
       1.3250E+00       0.0000E+00       0.0000E+00       4.4384E-06       1.4321E-05       5.1921E-08       0.0000E+00       6.0683E-07       0.0000E+00       0.0000E+00       0.0000E+00       0.0000E+00
       1.3350E+00       0.0000E+00       0.0000E+00       4.4832E-06       1.4276E-05       5.1987E-08       0.0000E+00       6.0707E-07       0.0000E+00       0.0000E+00       0.0000E+00       0.0000E+00
       1.3450E+00       0.0000E+00       0.0000E+00       4.5273E-06       1.4232E-05       5.2053E-08       0.0000E+00       6.0730E-07       0.0000E+00       0.0000E+00       0.0000E+00       0.0000E+00
       1.3550E+00       0.0000E+00       0.0000E+00       4.5706E-06       1.4188E-05       5.2119E-08       0.0000E+00       6.0752E-07       0.0000E+00       0.0000E+00       0.0000E+00       0.0000E+00
       1.3650E+00       0.0000E+00       0.0000E+00       4.6131E-06       1.4145E-05       5.2184E-08       0.0000E+00       6.0774E-07       0.0000E+00       0.0000E+00       0.0000E+00       0.0000E+00
       1.3750E+00       0.0000E+00       0.0000E+00       4.6549E-06       1.4104E-05       5.2249E-08       0.0000E+00       6.0796E-07       0.0000E+00       0.0000E+00       0.0000E+00       0.0000E+00
       1.3850E+00       0.0000E+00       0.0000E+00       4.6959E-06       1.4062E-05       5.2313E-08       0.0000E+00       6.0817E-07       0.0000E+00       0.0000E+00       0.0000E+00       0.0000E+00
       1.3950E+00       0.0000E+00       0.0000E+00       4.7361E-06       1.4022E-05       5.2378E-08       0.0000E+00       6.0838E-07       0.0000E+00       0.0000E+00       0.0000E+00       0.0000E+00
       1.4050E+00       0.0000E+00       0.0000E+00       4.7755E-06       1.3983E-05       5.2441E-08       0.0000E+00       6.0859E-07       0.0000E+00       0.0000E+00       0.0000E+00       0.0000E+00
       1.4150E+00       0.0000E+00       0.0000E+00       4.8141E-06       1.3944E-05       5.2505E-08       0.0000E+00       6.0879E-07       0.0000E+00       0.0000E+00       0.0000E+00       0.0000E+00
       1.4250E+00       0.0000E+00       0.0000E+00       4.8520E-06       1.3906E-05       5.2568E-08       0.0000E+00       6.0898E-07       0.0000E+00       0.0000E+00       0.0000E+00       0.0000E+00
       1.4350E+00       0.0000E+00       0.0000E+00       4.8891E-06       1.3868E-05       5.2630E-08       0.0000E+00       6.0918E-07       0.0000E+00       0.0000E+00       0.0000E+00       0.0000E+00
       1.4450E+00       0.0000E+00       0.0000E+00       4.9255E-06       1.3832E-05       5.2692E-08       0.0000E+00       6.0937E-07       0.0000E+00       0.0000E+00       0.0000E+00       0.0000E+00
       1.4550E+00       0.0000E+00       0.0000E+00       4.9610E-06       1.3796E-05       5.2754E-08       0.0000E+00       6.0955E-07       0.0000E+00       0.0000E+00       0.0000E+00       0.0000E+00
       1.4650E+00       0.0000E+00       0.0000E+00       4.9959E-06       1.3761E-05       5.2816E-08       0.0000E+00       6.0973E-07       0.0000E+00       0.0000E+00       0.0000E+00       0.0000E+00
       1.4750E+00       0.0000E+00       0.0000E+00       5.0300E-06       1.3727E-05       5.2877E-08       0.0000E+00       6.0991E-07       0.0000E+00       0.0000E+00       0.0000E+00       0.0000E+00
       1.4850E+00       0.0000E+00       0.0000E+00       5.0633E-06       1.3694E-05       5.2937E-08       0.0000E+00       6.1008E-07       0.0000E+00       0.0000E+00       0.0000E+00       0.0000E+00
       1.4950E+00       0.0000E+00       0.0000E+00       5.0959E-06       1.3661E-05       5.2997E-08       0.0000E+00       6.1025E-07       0.0000E+00       0.0000E+00       0.0000E+00       0.0000E+00
       1.5050E+00       0.0000E+00       0.0000E+00       5.1278E-06       1.3629E-05       5.3057E-08       0.0000E+00       6.1041E-07       0.0000E+00       0.0000E+00       0.0000E+00       0.0000E+00
       1.5150E+00       0.0000E+00       0.0000E+00       5.1590E-06       1.3598E-05       5.3116E-08       0.0000E+00       6.1057E-07       0.0000E+00       0.0000E+00       0.0000E+00       0.0000E+00
       1.5250E+00       0.0000E+00       0.0000E+00       5.1894E-06       1.3567E-05       5.3175E-08       0.0000E+00       6.1073E-07       0.0000E+00       0.0000E+00       0.0000E+00       0.0000E+00
       1.5350E+00       0.0000E+00       0.0000E+00       5.2192E-06       1.3537E-05       5.3234E-08       0.0000E+00       6.1088E-07       0.0000E+00       0.0000E+00       0.0000E+00       0.0000E+00
       1.5450E+00       0.0000E+00       0.0000E+00       5.2482E-06       1.3508E-05       5.3292E-08       0.0000E+00       6.1103E-07       0.0000E+00       0.0000E+00       0.0000E+00       0.0000E+00
       1.5550E+00       0.0000E+00       0.0000E+00       5.2766E-06       1.3480E-05       5.3349E-08       0.0000E+00       6.1118E-07       0.0000E+00       0.0000E+00       0.0000E+00       0.0000E+00
       1.5650E+00       0.0000E+00       0.0000E+00       5.3043E-06       1.3452E-05       5.3407E-08       0.0000E+00       6.1132E-07       0.0000E+00       0.0000E+00       0.0000E+00       0.0000E+00
       1.5750E+00       0.0000E+00       0.0000E+00       5.3313E-06       1.3425E-05       5.3464E-08       0.0000E+00       6.1146E-07       0.0000E+00       0.0000E+00       0.0000E+00       0.0000E+00
       1.5850E+00       0.0000E+00       0.0000E+00       5.3577E-06       1.3398E-05       5.3520E-08       0.0000E+00       6.1160E-07       0.0000E+00       0.0000E+00       0.0000E+00       0.0000E+00
       1.5950E+00       0.0000E+00       0.0000E+00       5.3834E-06       1.3372E-05       5.3576E-08       0.0000E+00       6.1173E-07       0.0000E+00       0.0000E+00       0.0000E+00       0.0000E+00
       1.6050E+00       0.0000E+00       0.0000E+00       5.4085E-06       1.3347E-05       5.3631E-08       0.0000E+00       6.1186E-07       0.0000E+00       0.0000E+00       0.0000E+00       0.0000E+00
       1.6150E+00       0.0000E+00       0.0000E+00       5.4329E-06       1.3323E-05       5.3686E-08       0.0000E+00       6.1198E-07       0.0000E+00       0.0000E+00       0.0000E+00       0.0000E+00
       1.6250E+00       0.0000E+00       0.0000E+00       5.4568E-06       1.3299E-05       5.3741E-08       0.0000E+00       6.1210E-07       0.0000E+00       0.0000E+00       0.0000E+00       0.0000E+00
       1.6350E+00       0.0000E+00       0.0000E+00       5.4800E-06       1.3276E-05       5.3795E-08       0.0000E+00       6.1222E-07       0.0000E+00       0.0000E+00       0.0000E+00       0.0000E+00
       1.6450E+00       0.0000E+00       0.0000E+00       5.5026E-06       1.3253E-05       5.3849E-08       0.0000E+00       6.1234E-07       0.0000E+00       0.0000E+00       0.0000E+00       0.0000E+00
       1.6550E+00       0.0000E+00       0.0000E+00       5.5246E-06       1.3231E-05       5.3902E-08       0.0000E+00       6.1245E-07       0.0000E+00       0.0000E+00       0.0000E+00       0.0000E+00
       1.6650E+00       0.0000E+00       0.0000E+00       5.5461E-06       1.3209E-05       5.3955E-08       0.0000E+00       6.1256E-07       0.0000E+00       0.0000E+00       0.0000E+00       0.0000E+00
       1.6750E+00       0.0000E+00       0.0000E+00       5.5670E-06       1.3188E-05       5.4007E-08       0.0000E+00       6.1266E-07       0.0000E+00       0.0000E+00       0.0000E+00       0.0000E+00
       1.6850E+00       0.0000E+00       0.0000E+00       5.5873E-06       1.3168E-05       5.4059E-08       0.0000E+00       6.1277E-07       0.0000E+00       0.0000E+00       0.0000E+00       0.0000E+00
       1.6950E+00       0.0000E+00       0.0000E+00       5.6071E-06       1.3148E-05       5.4110E-08       0.0000E+00       6.1287E-07       0.0000E+00       0.0000E+00       0.0000E+00       0.0000E+00
       1.7050E+00       0.0000E+00       0.0000E+00       5.6263E-06       1.3129E-05       5.4161E-08       0.0000E+00       6.1296E-07       0.0000E+00       0.0000E+00       0.0000E+00       0.0000E+00
       1.7150E+00       0.0000E+00       0.0000E+00       5.6450E-06       1.3110E-05       5.4211E-08       0.0000E+00       6.1306E-07       0.0000E+00       0.0000E+00       0.0000E+00       0.0000E+00
       1.7250E+00       0.0000E+00       0.0000E+00       5.6632E-06       1.3092E-05       5.4261E-08       0.0000E+00       6.1315E-07       0.0000E+00       0.0000E+00       0.0000E+00       0.0000E+00
       1.7350E+00       0.0000E+00       0.0000E+00       5.6809E-06       1.3074E-05       5.4310E-08       0.0000E+00       6.1324E-07       0.0000E+00       0.0000E+00       0.0000E+00       0.0000E+00
       1.7450E+00       0.0000E+00       0.0000E+00       5.6981E-06       1.3057E-05       5.4358E-08       0.0000E+00       6.1332E-07       0.0000E+00       0.0000E+00       0.0000E+00       0.0000E+00
       1.7550E+00       0.0000E+00       0.0000E+00       5.7148E-06       1.3040E-05       5.4407E-08       0.0000E+00       6.1341E-07       0.0000E+00       0.0000E+00       0.0000E+00       0.0000E+00
       1.7650E+00       0.0000E+00       0.0000E+00       5.7310E-06       1.3024E-05       5.4454E-08       0.0000E+00       6.1349E-07       0.0000E+00       0.0000E+00       0.0000E+00       0.0000E+00
       1.7750E+00       0.0000E+00       0.0000E+00       5.7468E-06       1.3008E-05       5.4501E-08       0.0000E+00       6.1357E-07       0.0000E+00       0.0000E+00       0.0000E+00       0.0000E+00
       1.7850E+00       0.0000E+00       0.0000E+00       5.7621E-06       1.2992E-05       5.4547E-08       0.0000E+00       6.1364E-07       0.0000E+00       0.0000E+00       0.0000E+00       0.0000E+00
       1.7950E+00       0.0000E+00       0.0000E+00       5.7769E-06       1.2977E-05       5.4593E-08       0.0000E+00       6.1371E-07       0.0000E+00       0.0000E+00       0.0000E+00       0.0000E+00
       1.8050E+00       0.0000E+00       0.0000E+00       5.7913E-06       1.2963E-05       5.4638E-08       0.0000E+00       6.1378E-07       0.0000E+00       0.0000E+00       0.0000E+00       0.0000E+00
       1.8150E+00       0.0000E+00       0.0000E+00       5.8053E-06       1.2949E-05       5.4683E-08       0.0000E+00       6.1385E-07       0.0000E+00       0.0000E+00       0.0000E+00       0.0000E+00
       1.8250E+00       0.0000E+00       0.0000E+00       5.8189E-06       1.2935E-05       5.4727E-08       0.0000E+00       6.1392E-07       0.0000E+00       0.0000E+00       0.0000E+00       0.0000E+00
       1.8350E+00       0.0000E+00       0.0000E+00       5.8320E-06       1.2922E-05       5.4770E-08       0.0000E+00       6.1398E-07       0.0000E+00       0.0000E+00       0.0000E+00       0.0000E+00
       1.8450E+00       0.0000E+00       0.0000E+00       5.8448E-06       1.2909E-05       5.4813E-08       0.0000E+00       6.1404E-07       0.0000E+00       0.0000E+00       0.0000E+00       0.0000E+00
       1.8550E+00       0.0000E+00       0.0000E+00       5.8572E-06       1.2897E-05       5.4855E-08       0.0000E+00       6.1410E-07       0.0000E+00       0.0000E+00       0.0000E+00       0.0000E+00
       1.8650E+00       0.0000E+00       0.0000E+00       5.8691E-06       1.2885E-05       5.4896E-08       0.0000E+00       6.1416E-07       0.0000E+00       0.0000E+00       0.0000E+00       0.0000E+00
       1.8750E+00       0.0000E+00       0.0000E+00       5.8807E-06       1.2873E-05       5.4936E-08       0.0000E+00       6.1421E-07       0.0000E+00       0.0000E+00       0.0000E+00       0.0000E+00
       1.8850E+00       0.0000E+00       0.0000E+00       5.8920E-06       1.2862E-05       5.4976E-08       0.0000E+00       6.1427E-07       0.0000E+00       0.0000E+00       0.0000E+00       0.0000E+00
       1.8950E+00       0.0000E+00       0.0000E+00       5.9029E-06       1.2851E-05       5.5015E-08       0.0000E+00       6.1432E-07       0.0000E+00       0.0000E+00       0.0000E+00       0.0000E+00
       1.9050E+00       0.0000E+00       0.0000E+00       5.9134E-06       1.2840E-05       5.5053E-08       0.0000E+00       6.1436E-07       0.0000E+00       0.0000E+00       0.0000E+00       0.0000E+00
       1.9150E+00       0.0000E+00       0.0000E+00       5.9236E-06       1.2830E-05       5.5090E-08       0.0000E+00       6.1441E-07       0.0000E+00       0.0000E+00       0.0000E+00       0.0000E+00
       1.9250E+00       0.0000E+00       0.0000E+00       5.9335E-06       1.2820E-05       5.5126E-08       0.0000E+00       6.1445E-07       0.0000E+00       0.0000E+00       0.0000E+00       0.0000E+00
       1.9350E+00       0.0000E+00       0.0000E+00       5.9431E-06       1.2811E-05       5.5162E-08       0.0000E+00       6.1450E-07       0.0000E+00       0.0000E+00       0.0000E+00       0.0000E+00
       1.9450E+00       0.0000E+00       0.0000E+00       5.9523E-06       1.2801E-05       5.5197E-08       0.0000E+00       6.1454E-07       0.0000E+00       0.0000E+00       0.0000E+00       0.0000E+00
       1.9550E+00       0.0000E+00       0.0000E+00       5.9612E-06       1.2792E-05       5.5230E-08       0.0000E+00       6.1457E-07       0.0000E+00       0.0000E+00       0.0000E+00       0.0000E+00
       1.9650E+00       0.0000E+00       0.0000E+00       5.9699E-06       1.2784E-05       5.5263E-08       0.0000E+00       6.1461E-07       0.0000E+00       0.0000E+00       0.0000E+00       0.0000E+00
       1.9750E+00       0.0000E+00       0.0000E+00       5.9782E-06       1.2775E-05       5.5295E-08       0.0000E+00       6.1465E-07       0.0000E+00       0.0000E+00       0.0000E+00       0.0000E+00
       1.9850E+00       0.0000E+00       0.0000E+00       5.9863E-06       1.2767E-05       5.5326E-08       0.0000E+00       6.1468E-07       0.0000E+00       0.0000E+00       0.0000E+00       0.0000E+00
       1.9950E+00       0.0000E+00       0.0000E+00       5.9941E-06       1.2759E-05       5.5356E-08       0.0000E+00       6.1471E-07       0.0000E+00       0.0000E+00       0.0000E+00       0.0000E+00
       2.0050E+00       0.0000E+00       0.0000E+00       6.0016E-06       1.2752E-05       5.5385E-08       0.0000E+00       6.1474E-07       0.0000E+00       0.0000E+00       0.0000E+00       0.0000E+00
       2.0150E+00       0.0000E+00       0.0000E+00       6.0089E-06       1.2744E-05       5.5412E-08       0.0000E+00       6.1477E-07       0.0000E+00       0.0000E+00       0.0000E+00       0.0000E+00
       2.0250E+00       0.0000E+00       0.0000E+00       6.0159E-06       1.2737E-05       5.5439E-08       0.0000E+00       6.1479E-07       0.0000E+00       0.0000E+00       0.0000E+00       0.0000E+00
       2.0350E+00       0.0000E+00       0.0000E+00       6.0227E-06       1.2731E-05       5.5464E-08       0.0000E+00       6.1481E-07       0.0000E+00       0.0000E+00       0.0000E+00       0.0000E+00
       2.0450E+00       0.0000E+00       0.0000E+00       6.0293E-06       1.2724E-05       5.5489E-08       0.0000E+00       6.1484E-07       0.0000E+00       0.0000E+00       0.0000E+00       0.0000E+00
       2.0550E+00       0.0000E+00       0.0000E+00       6.0356E-06       1.2718E-05       5.5512E-08       0.0000E+00       6.1486E-07       0.0000E+00       0.0000E+00       0.0000E+00       0.0000E+00
       2.0650E+00       0.0000E+00       0.0000E+00       6.0416E-06       1.2712E-05       5.5533E-08       0.0000E+00       6.1488E-07       0.0000E+00       0.0000E+00       0.0000E+00       0.0000E+00
       2.0750E+00       0.0000E+00       0.0000E+00       6.0475E-06       1.2706E-05       5.5554E-08       0.0000E+00       6.1489E-07       0.0000E+00       0.0000E+00       0.0000E+00       0.0000E+00
       2.0850E+00       0.0000E+00       0.0000E+00       6.0532E-06       1.2700E-05       5.5573E-08       0.0000E+00       6.1491E-07       0.0000E+00       0.0000E+00       0.0000E+00       0.0000E+00
       2.0950E+00       0.0000E+00       0.0000E+00       6.0586E-06       1.2695E-05       5.5591E-08       0.0000E+00       6.1492E-07       0.0000E+00       0.0000E+00       0.0000E+00       0.0000E+00
       2.1050E+00       0.0000E+00       0.0000E+00       6.0639E-06       1.2689E-05       5.5607E-08       0.0000E+00       6.1494E-07       0.0000E+00       0.0000E+00       0.0000E+00       0.0000E+00
       2.1150E+00       0.0000E+00       0.0000E+00       6.0689E-06       1.2684E-05       5.5622E-08       0.0000E+00       6.1495E-07       0.0000E+00       0.0000E+00       0.0000E+00       0.0000E+00
       2.1250E+00       0.0000E+00       0.0000E+00       6.0738E-06       1.2679E-05       5.5636E-08       0.0000E+00       6.1496E-07       0.0000E+00       0.0000E+00       0.0000E+00       0.0000E+00
       2.1350E+00       0.0000E+00       0.0000E+00       6.0785E-06       1.2675E-05       5.5648E-08       0.0000E+00       6.1496E-07       0.0000E+00       0.0000E+00       0.0000E+00       0.0000E+00
       2.1450E+00       0.0000E+00       0.0000E+00       6.0830E-06       1.2670E-05       5.5658E-08       0.0000E+00       6.1497E-07       0.0000E+00       0.0000E+00       0.0000E+00       0.0000E+00
       2.1550E+00       0.0000E+00       0.0000E+00       6.0874E-06       1.2666E-05       5.5667E-08       0.0000E+00       6.1497E-07       0.0000E+00       0.0000E+00       0.0000E+00       0.0000E+00
       2.1650E+00       0.0000E+00       0.0000E+00       6.0916E-06       1.2662E-05       5.5674E-08       0.0000E+00       6.1498E-07       0.0000E+00       0.0000E+00       0.0000E+00       0.0000E+00
       2.1750E+00       0.0000E+00       0.0000E+00       6.0956E-06       1.2658E-05       5.5679E-08       0.0000E+00       6.1498E-07       0.0000E+00       0.0000E+00       0.0000E+00       0.0000E+00
       2.1850E+00       0.0000E+00       0.0000E+00       6.0995E-06       1.2654E-05       5.5683E-08       0.0000E+00       6.1498E-07       0.0000E+00       0.0000E+00       0.0000E+00       0.0000E+00
       2.1950E+00       0.0000E+00       0.0000E+00       6.1032E-06       1.2650E-05       5.5685E-08       0.0000E+00       6.1498E-07       0.0000E+00       0.0000E+00       0.0000E+00       0.0000E+00
       2.2050E+00       0.0000E+00       0.0000E+00       6.1068E-06       1.2646E-05       5.5685E-08       0.0000E+00       6.1498E-07       0.0000E+00       0.0000E+00       0.0000E+00       0.0000E+00
       2.2150E+00       0.0000E+00       0.0000E+00       6.1102E-06       1.2643E-05       5.5684E-08       0.0000E+00       6.1497E-07       0.0000E+00       0.0000E+00       0.0000E+00       0.0000E+00
       2.2250E+00       0.0000E+00       0.0000E+00       6.1135E-06       1.2640E-05       5.5680E-08       0.0000E+00       6.1497E-07       0.0000E+00       0.0000E+00       0.0000E+00       0.0000E+00
       2.2350E+00       0.0000E+00       0.0000E+00       6.1167E-06       1.2637E-05       5.5674E-08       0.0000E+00       6.1496E-07       0.0000E+00       0.0000E+00       0.0000E+00       0.0000E+00
       2.2450E+00       0.0000E+00       0.0000E+00       6.1197E-06       1.2633E-05       5.5667E-08       0.0000E+00       6.1495E-07       0.0000E+00       0.0000E+00       0.0000E+00       0.0000E+00
       2.2550E+00       0.0000E+00       0.0000E+00       6.1226E-06       1.2631E-05       5.5657E-08       0.0000E+00       6.1494E-07       0.0000E+00       0.0000E+00       0.0000E+00       0.0000E+00
       2.2650E+00       0.0000E+00       0.0000E+00       6.1255E-06       1.2628E-05       5.5646E-08       0.0000E+00       6.1493E-07       0.0000E+00       0.0000E+00       0.0000E+00       0.0000E+00
       2.2750E+00       0.0000E+00       0.0000E+00       6.1282E-06       1.2625E-05       5.5632E-08       0.0000E+00       6.1491E-07       0.0000E+00       0.0000E+00       0.0000E+00       0.0000E+00
       2.2850E+00       0.0000E+00       0.0000E+00       6.1308E-06       1.2622E-05       5.5616E-08       0.0000E+00       6.1490E-07       0.0000E+00       0.0000E+00       0.0000E+00       0.0000E+00
       2.2950E+00       0.0000E+00       0.0000E+00       6.1332E-06       1.2620E-05       5.5598E-08       0.0000E+00       6.1488E-07       0.0000E+00       0.0000E+00       0.0000E+00       0.0000E+00
       2.3050E+00       0.0000E+00       0.0000E+00       6.1356E-06       1.2618E-05       5.5577E-08       0.0000E+00       6.1486E-07       0.0000E+00       0.0000E+00       0.0000E+00       0.0000E+00
       2.3150E+00       0.0000E+00       0.0000E+00       6.1379E-06       1.2615E-05       5.5554E-08       0.0000E+00       6.1485E-07       0.0000E+00       0.0000E+00       0.0000E+00       0.0000E+00
       2.3250E+00       0.0000E+00       0.0000E+00       6.1401E-06       1.2613E-05       5.5529E-08       0.0000E+00       6.1482E-07       0.0000E+00       0.0000E+00       0.0000E+00       0.0000E+00
       2.3350E+00       0.0000E+00       0.0000E+00       6.1422E-06       1.2611E-05       5.5501E-08       0.0000E+00       6.1480E-07       0.0000E+00       0.0000E+00       0.0000E+00       0.0000E+00
       2.3450E+00       0.0000E+00       0.0000E+00       6.1442E-06       1.2609E-05       5.5471E-08       0.0000E+00       6.1478E-07       0.0000E+00       0.0000E+00       0.0000E+00       0.0000E+00
       2.3550E+00       0.0000E+00       0.0000E+00       6.1461E-06       1.2607E-05       5.5439E-08       0.0000E+00       6.1475E-07       0.0000E+00       0.0000E+00       0.0000E+00       0.0000E+00
       2.3650E+00       0.0000E+00       0.0000E+00       6.1480E-06       1.2605E-05       5.5403E-08       0.0000E+00       6.1473E-07       0.0000E+00       0.0000E+00       0.0000E+00       0.0000E+00
       2.3750E+00       0.0000E+00       0.0000E+00       6.1498E-06       1.2604E-05       5.5366E-08       0.0000E+00       6.1470E-07       0.0000E+00       0.0000E+00       0.0000E+00       0.0000E+00
       2.3850E+00       0.0000E+00       0.0000E+00       6.1515E-06       1.2602E-05       5.5325E-08       0.0000E+00       6.1467E-07       0.0000E+00       0.0000E+00       0.0000E+00       0.0000E+00
       2.3950E+00       0.0000E+00       0.0000E+00       6.1531E-06       1.2600E-05       5.5282E-08       0.0000E+00       6.1464E-07       0.0000E+00       0.0000E+00       0.0000E+00       0.0000E+00
       2.4050E+00       0.0000E+00       0.0000E+00       6.1546E-06       1.2599E-05       5.5236E-08       0.0000E+00       6.1460E-07       0.0000E+00       0.0000E+00       0.0000E+00       0.0000E+00
       2.4150E+00       0.0000E+00       0.0000E+00       6.1561E-06       1.2597E-05       5.5188E-08       0.0000E+00       6.1457E-07       0.0000E+00       0.0000E+00       0.0000E+00       0.0000E+00
       2.4250E+00       0.0000E+00       0.0000E+00       6.1576E-06       1.2596E-05       5.5136E-08       0.0000E+00       6.1453E-07       0.0000E+00       0.0000E+00       0.0000E+00       0.0000E+00
       2.4350E+00       0.0000E+00       0.0000E+00       6.1589E-06       1.2595E-05       5.5082E-08       0.0000E+00       6.1450E-07       0.0000E+00       0.0000E+00       0.0000E+00       0.0000E+00
       2.4450E+00       0.0000E+00       0.0000E+00       6.1602E-06       1.2594E-05       5.5024E-08       0.0000E+00       6.1446E-07       0.0000E+00       0.0000E+00       0.0000E+00       0.0000E+00
       2.4550E+00       0.0000E+00       0.0000E+00       6.1615E-06       1.2592E-05       5.4964E-08       0.0000E+00       6.1442E-07       0.0000E+00       0.0000E+00       0.0000E+00       0.0000E+00
       2.4650E+00       0.0000E+00       0.0000E+00       6.1627E-06       1.2591E-05       5.4901E-08       0.0000E+00       6.1438E-07       0.0000E+00       0.0000E+00       0.0000E+00       0.0000E+00
       2.4750E+00       0.0000E+00       0.0000E+00       6.1638E-06       1.2590E-05       5.4835E-08       0.0000E+00       6.1433E-07       0.0000E+00       0.0000E+00       0.0000E+00       0.0000E+00
       2.4850E+00       0.0000E+00       0.0000E+00       6.1649E-06       1.2589E-05       5.4765E-08       0.0000E+00       6.1429E-07       0.0000E+00       0.0000E+00       0.0000E+00       0.0000E+00
       2.4950E+00       0.0000E+00       0.0000E+00       6.1659E-06       1.2588E-05       5.4693E-08       0.0000E+00       6.1424E-07       0.0000E+00       0.0000E+00       0.0000E+00       0.0000E+00
       2.5050E+00       0.0000E+00       0.0000E+00       6.1669E-06       1.2587E-05       5.4617E-08       0.0000E+00       6.1419E-07       0.0000E+00       0.0000E+00       0.0000E+00       0.0000E+00
       2.5150E+00       0.0000E+00       0.0000E+00       6.1678E-06       1.2586E-05       5.4539E-08       0.0000E+00       6.1414E-07       0.0000E+00       0.0000E+00       0.0000E+00       0.0000E+00
       2.5250E+00       0.0000E+00       0.0000E+00       6.1687E-06       1.2585E-05       5.4457E-08       0.0000E+00       6.1409E-07       0.0000E+00       0.0000E+00       0.0000E+00       0.0000E+00
       2.5350E+00       0.0000E+00       0.0000E+00       6.1696E-06       1.2585E-05       5.4371E-08       0.0000E+00       6.1404E-07       0.0000E+00       0.0000E+00       0.0000E+00       0.0000E+00
       2.5450E+00       0.0000E+00       0.0000E+00       6.1704E-06       1.2584E-05       5.4283E-08       0.0000E+00       6.1398E-07       0.0000E+00       0.0000E+00       0.0000E+00       0.0000E+00
       2.5550E+00       0.0000E+00       0.0000E+00       6.1712E-06       1.2583E-05       5.4191E-08       0.0000E+00       6.1392E-07       0.0000E+00       0.0000E+00       0.0000E+00       0.0000E+00
       2.5650E+00       0.0000E+00       0.0000E+00       6.1719E-06       1.2583E-05       5.4096E-08       0.0000E+00       6.1387E-07       0.0000E+00       0.0000E+00       0.0000E+00       0.0000E+00
       2.5750E+00       0.0000E+00       0.0000E+00       6.1726E-06       1.2582E-05       5.3997E-08       0.0000E+00       6.1381E-07       0.0000E+00       0.0000E+00       0.0000E+00       0.0000E+00
       2.5850E+00       0.0000E+00       0.0000E+00       6.1733E-06       1.2581E-05       5.3896E-08       0.0000E+00       6.1374E-07       0.0000E+00       0.0000E+00       0.0000E+00       0.0000E+00
       2.5950E+00       0.0000E+00       0.0000E+00       6.1739E-06       1.2581E-05       5.3790E-08       0.0000E+00       6.1368E-07       0.0000E+00       0.0000E+00       0.0000E+00       0.0000E+00
       2.6050E+00       0.0000E+00       0.0000E+00       6.1745E-06       1.2580E-05       5.3682E-08       0.0000E+00       6.1362E-07       0.0000E+00       0.0000E+00       0.0000E+00       0.0000E+00
       2.6150E+00       0.0000E+00       0.0000E+00       6.1751E-06       1.2580E-05       5.3569E-08       0.0000E+00       6.1355E-07       0.0000E+00       0.0000E+00       0.0000E+00       0.0000E+00
       2.6250E+00       0.0000E+00       0.0000E+00       6.1756E-06       1.2579E-05       5.3454E-08       0.0000E+00       6.1348E-07       0.0000E+00       0.0000E+00       0.0000E+00       0.0000E+00
       2.6350E+00       0.0000E+00       0.0000E+00       6.1761E-06       1.2579E-05       5.3335E-08       0.0000E+00       6.1341E-07       0.0000E+00       0.0000E+00       0.0000E+00       0.0000E+00
       2.6450E+00       0.0000E+00       0.0000E+00       6.1766E-06       1.2579E-05       5.3212E-08       0.0000E+00       6.1334E-07       0.0000E+00       0.0000E+00       0.0000E+00       0.0000E+00
       2.6550E+00       0.0000E+00       0.0000E+00       6.1770E-06       1.2578E-05       5.3086E-08       0.0000E+00       6.1327E-07       0.0000E+00       0.0000E+00       0.0000E+00       0.0000E+00
       2.6650E+00       0.0000E+00       0.0000E+00       6.1774E-06       1.2578E-05       5.2956E-08       0.0000E+00       6.1319E-07       0.0000E+00       0.0000E+00       0.0000E+00       0.0000E+00
       2.6750E+00       0.0000E+00       0.0000E+00       6.1778E-06       1.2578E-05       5.2823E-08       0.0000E+00       6.1312E-07       0.0000E+00       0.0000E+00       0.0000E+00       0.0000E+00
       2.6850E+00       0.0000E+00       0.0000E+00       6.1781E-06       1.2577E-05       5.2686E-08       0.0000E+00       6.1304E-07       0.0000E+00       0.0000E+00       0.0000E+00       0.0000E+00
       2.6950E+00       0.0000E+00       0.0000E+00       6.1785E-06       1.2577E-05       5.2546E-08       0.0000E+00       6.1296E-07       0.0000E+00       0.0000E+00       0.0000E+00       0.0000E+00
       2.7050E+00       0.0000E+00       0.0000E+00       6.1788E-06       1.2577E-05       5.2402E-08       0.0000E+00       6.1288E-07       0.0000E+00       0.0000E+00       0.0000E+00       0.0000E+00
       2.7150E+00       0.0000E+00       0.0000E+00       6.1790E-06       1.2577E-05       5.2255E-08       0.0000E+00       6.1280E-07       0.0000E+00       0.0000E+00       0.0000E+00       0.0000E+00
       2.7250E+00       0.0000E+00       0.0000E+00       6.1793E-06       1.2577E-05       5.2104E-08       0.0000E+00       6.1271E-07       0.0000E+00       0.0000E+00       0.0000E+00       0.0000E+00
       2.7350E+00       0.0000E+00       0.0000E+00       6.1795E-06       1.2577E-05       5.1950E-08       0.0000E+00       6.1263E-07       0.0000E+00       0.0000E+00       0.0000E+00       0.0000E+00
       2.7450E+00       0.0000E+00       0.0000E+00       6.1797E-06       1.2577E-05       5.1792E-08       0.0000E+00       6.1254E-07       0.0000E+00       0.0000E+00       0.0000E+00       0.0000E+00
       2.7550E+00       0.0000E+00       0.0000E+00       6.1798E-06       1.2577E-05       5.1631E-08       0.0000E+00       6.1245E-07       0.0000E+00       0.0000E+00       0.0000E+00       0.0000E+00
       2.7650E+00       0.0000E+00       0.0000E+00       6.1800E-06       1.2577E-05       5.1466E-08       0.0000E+00       6.1236E-07       0.0000E+00       0.0000E+00       0.0000E+00       0.0000E+00
       2.7750E+00       0.0000E+00       0.0000E+00       6.1801E-06       1.2577E-05       5.1297E-08       0.0000E+00       6.1226E-07       0.0000E+00       0.0000E+00       0.0000E+00       0.0000E+00
       2.7850E+00       0.0000E+00       0.0000E+00       6.1801E-06       1.2577E-05       5.1126E-08       0.0000E+00       6.1217E-07       0.0000E+00       0.0000E+00       0.0000E+00       0.0000E+00
       2.7950E+00       0.0000E+00       0.0000E+00       6.1802E-06       1.2577E-05       5.0950E-08       0.0000E+00       6.1207E-07       0.0000E+00       0.0000E+00       0.0000E+00       0.0000E+00
       2.8050E+00       0.0000E+00       0.0000E+00       6.1802E-06       1.2577E-05       5.0772E-08       0.0000E+00       6.1198E-07       0.0000E+00       0.0000E+00       0.0000E+00       0.0000E+00
       2.8150E+00       0.0000E+00       0.0000E+00       6.1802E-06       1.2577E-05       5.0590E-08       0.0000E+00       6.1188E-07       0.0000E+00       0.0000E+00       0.0000E+00       0.0000E+00
       2.8250E+00       0.0000E+00       0.0000E+00       6.1802E-06       1.2577E-05       5.0404E-08       0.0000E+00       6.1178E-07       0.0000E+00       0.0000E+00       0.0000E+00       0.0000E+00
       2.8350E+00       0.0000E+00       0.0000E+00       6.1801E-06       1.2577E-05       5.0216E-08       0.0000E+00       6.1167E-07       0.0000E+00       0.0000E+00       0.0000E+00       0.0000E+00
       2.8450E+00       0.0000E+00       0.0000E+00       6.1800E-06       1.2578E-05       5.0024E-08       0.0000E+00       6.1157E-07       0.0000E+00       0.0000E+00       0.0000E+00       0.0000E+00
       2.8550E+00       0.0000E+00       0.0000E+00       6.1799E-06       1.2578E-05       4.9829E-08       0.0000E+00       6.1146E-07       0.0000E+00       0.0000E+00       0.0000E+00       0.0000E+00
       2.8650E+00       0.0000E+00       0.0000E+00       6.1797E-06       1.2578E-05       4.9631E-08       0.0000E+00       6.1136E-07       0.0000E+00       0.0000E+00       0.0000E+00       0.0000E+00
       2.8750E+00       0.0000E+00       0.0000E+00       6.1795E-06       1.2579E-05       4.9430E-08       0.0000E+00       6.1125E-07       0.0000E+00       0.0000E+00       0.0000E+00       0.0000E+00
       2.8850E+00       0.0000E+00       0.0000E+00       6.1793E-06       1.2579E-05       4.9227E-08       0.0000E+00       6.1114E-07       0.0000E+00       0.0000E+00       0.0000E+00       0.0000E+00
       2.8950E+00       0.0000E+00       0.0000E+00       6.1791E-06       1.2579E-05       4.9021E-08       0.0000E+00       6.1103E-07       0.0000E+00       0.0000E+00       0.0000E+00       0.0000E+00
       2.9050E+00       0.0000E+00       0.0000E+00       6.1788E-06       1.2580E-05       4.8813E-08       0.0000E+00       6.1092E-07       0.0000E+00       0.0000E+00       0.0000E+00       0.0000E+00
       2.9150E+00       0.0000E+00       0.0000E+00       6.1785E-06       1.2580E-05       4.8605E-08       0.0000E+00       6.1081E-07       0.0000E+00       0.0000E+00       0.0000E+00       0.0000E+00
       2.9250E+00       0.0000E+00       0.0000E+00       6.1781E-06       1.2581E-05       4.8396E-08       0.0000E+00       6.1069E-07       0.0000E+00       0.0000E+00       0.0000E+00       0.0000E+00
       2.9350E+00       0.0000E+00       0.0000E+00       6.1778E-06       1.2581E-05       4.8189E-08       0.0000E+00       6.1058E-07       0.0000E+00       0.0000E+00       0.0000E+00       0.0000E+00
       2.9450E+00       0.0000E+00       0.0000E+00       6.1774E-06       1.2582E-05       4.7985E-08       0.0000E+00       6.1047E-07       0.0000E+00       0.0000E+00       0.0000E+00       0.0000E+00
       2.9550E+00       0.0000E+00       0.0000E+00       6.1770E-06       1.2582E-05       4.7789E-08       0.0000E+00       6.1037E-07       0.0000E+00       0.0000E+00       0.0000E+00       0.0000E+00
       2.9650E+00       0.0000E+00       0.0000E+00       6.1767E-06       1.2583E-05       4.7606E-08       0.0000E+00       6.1027E-07       0.0000E+00       0.0000E+00       0.0000E+00       0.0000E+00
       2.9750E+00       0.0000E+00       0.0000E+00       6.1763E-06       1.2583E-05       4.7443E-08       0.0000E+00       6.1019E-07       0.0000E+00       0.0000E+00       0.0000E+00       0.0000E+00
       2.9850E+00       0.0000E+00       0.0000E+00       6.1761E-06       1.2584E-05       4.7313E-08       0.0000E+00       6.1012E-07       0.0000E+00       0.0000E+00       0.0000E+00       0.0000E+00
       2.9950E+00       0.0000E+00       0.0000E+00       6.1759E-06       1.2584E-05       4.7234E-08       0.0000E+00       6.1007E-07       0.0000E+00       0.0000E+00       0.0000E+00       0.0000E+00
